{"target": -13.497777624533505, "params": {"colsample_bytree": 0.11844418009844049, "eta": 0.004693290387620987, "gamma": 632.3794459937608, "max_depth": 2.0, "min_child_weight": 4104.659022023231, "num_boost_round": 36.0, "subsample": 0.7953685867528217}, "datetime": {"datetime": "2024-01-20 14:27:15", "elapsed": 189.418607, "delta": 0.000616}}
{"target": -13.497763641821676, "params": {"colsample_bytree": 0.11844418009844049, "eta": 0.004693290387620987, "gamma": 632.3794459937608, "max_depth": 2.0, "min_child_weight": 4104.659022023231, "num_boost_round": 37.0, "subsample": 0.7953685867528217}, "datetime": {"datetime": "2024-01-20 14:27:15", "elapsed": 189.41918, "delta": 0.000573}}
{"target": -13.497758291884491, "params": {"colsample_bytree": 0.11844418009844049, "eta": 0.004693290387620987, "gamma": 632.3794459937608, "max_depth": 2.0, "min_child_weight": 4104.659022023231, "num_boost_round": 38.0, "subsample": 0.7953685867528217}, "datetime": {"datetime": "2024-01-20 14:27:15", "elapsed": 189.419769, "delta": 0.000589}}
{"target": -13.49774908562401, "params": {"colsample_bytree": 0.11844418009844049, "eta": 0.004693290387620987, "gamma": 632.3794459937608, "max_depth": 2.0, "min_child_weight": 4104.659022023231, "num_boost_round": 39.0, "subsample": 0.7953685867528217}, "datetime": {"datetime": "2024-01-20 14:27:15", "elapsed": 189.420648, "delta": 0.000879}}
{"target": -13.497748222690984, "params": {"colsample_bytree": 0.11844418009844049, "eta": 0.004693290387620987, "gamma": 632.3794459937608, "max_depth": 2.0, "min_child_weight": 4104.659022023231, "num_boost_round": 40.0, "subsample": 0.7953685867528217}, "datetime": {"datetime": "2024-01-20 14:27:15", "elapsed": 189.421259, "delta": 0.000611}}
{"target": -13.49775412124334, "params": {"colsample_bytree": 0.11844418009844049, "eta": 0.004693290387620987, "gamma": 632.3794459937608, "max_depth": 2.0, "min_child_weight": 4104.659022023231, "num_boost_round": 41.0, "subsample": 0.7953685867528217}, "datetime": {"datetime": "2024-01-20 14:27:15", "elapsed": 189.421881, "delta": 0.000622}}
{"target": -13.497761035187672, "params": {"colsample_bytree": 0.11844418009844049, "eta": 0.004693290387620987, "gamma": 632.3794459937608, "max_depth": 2.0, "min_child_weight": 4104.659022023231, "num_boost_round": 42.0, "subsample": 0.7953685867528217}, "datetime": {"datetime": "2024-01-20 14:27:15", "elapsed": 189.422488, "delta": 0.000607}}
{"target": -13.49775766677029, "params": {"colsample_bytree": 0.11844418009844049, "eta": 0.004693290387620987, "gamma": 632.3794459937608, "max_depth": 2.0, "min_child_weight": 4104.659022023231, "num_boost_round": 43.0, "subsample": 0.7953685867528217}, "datetime": {"datetime": "2024-01-20 14:27:15", "elapsed": 189.423086, "delta": 0.000598}}
{"target": -13.497755765830078, "params": {"colsample_bytree": 0.11844418009844049, "eta": 0.004693290387620987, "gamma": 632.3794459937608, "max_depth": 2.0, "min_child_weight": 4104.659022023231, "num_boost_round": 44.0, "subsample": 0.7953685867528217}, "datetime": {"datetime": "2024-01-20 14:27:15", "elapsed": 189.423694, "delta": 0.000608}}
{"target": -13.497749125307017, "params": {"colsample_bytree": 0.11844418009844049, "eta": 0.004693290387620987, "gamma": 632.3794459937608, "max_depth": 2.0, "min_child_weight": 4104.659022023231, "num_boost_round": 45.0, "subsample": 0.7953685867528217}, "datetime": {"datetime": "2024-01-20 14:27:15", "elapsed": 189.424306, "delta": 0.000612}}
{"target": -13.4977423462705, "params": {"colsample_bytree": 0.6554585669295439, "eta": 0.02033042822951127, "gamma": 580.9171149250791, "max_depth": 4.0, "min_child_weight": 4091.3265142515725, "num_boost_round": 1.0, "subsample": 0.8528511404875531}, "datetime": {"datetime": "2024-01-20 14:28:33", "elapsed": 266.61947, "delta": 77.195164}}
{"target": -13.49766512739884, "params": {"colsample_bytree": 0.6554585669295439, "eta": 0.02033042822951127, "gamma": 580.9171149250791, "max_depth": 4.0, "min_child_weight": 4091.3265142515725, "num_boost_round": 2.0, "subsample": 0.8528511404875531}, "datetime": {"datetime": "2024-01-20 14:28:33", "elapsed": 266.621344, "delta": 0.001874}}
{"target": -13.49761176487179, "params": {"colsample_bytree": 0.6554585669295439, "eta": 0.02033042822951127, "gamma": 580.9171149250791, "max_depth": 4.0, "min_child_weight": 4091.3265142515725, "num_boost_round": 3.0, "subsample": 0.8528511404875531}, "datetime": {"datetime": "2024-01-20 14:28:33", "elapsed": 266.621941, "delta": 0.000597}}
{"target": -13.49768373337545, "params": {"colsample_bytree": 0.6554585669295439, "eta": 0.02033042822951127, "gamma": 580.9171149250791, "max_depth": 4.0, "min_child_weight": 4091.3265142515725, "num_boost_round": 4.0, "subsample": 0.8528511404875531}, "datetime": {"datetime": "2024-01-20 14:28:33", "elapsed": 266.622587, "delta": 0.000646}}
{"target": -13.497689952726088, "params": {"colsample_bytree": 0.6554585669295439, "eta": 0.02033042822951127, "gamma": 580.9171149250791, "max_depth": 4.0, "min_child_weight": 4091.3265142515725, "num_boost_round": 5.0, "subsample": 0.8528511404875531}, "datetime": {"datetime": "2024-01-20 14:28:33", "elapsed": 266.623154, "delta": 0.000567}}
{"target": -13.497777861569975, "params": {"colsample_bytree": 0.6554585669295439, "eta": 0.02033042822951127, "gamma": 580.9171149250791, "max_depth": 4.0, "min_child_weight": 4091.3265142515725, "num_boost_round": 6.0, "subsample": 0.8528511404875531}, "datetime": {"datetime": "2024-01-20 14:28:33", "elapsed": 266.623714, "delta": 0.00056}}
{"target": -13.497889135738706, "params": {"colsample_bytree": 0.6554585669295439, "eta": 0.02033042822951127, "gamma": 580.9171149250791, "max_depth": 4.0, "min_child_weight": 4091.3265142515725, "num_boost_round": 7.0, "subsample": 0.8528511404875531}, "datetime": {"datetime": "2024-01-20 14:28:33", "elapsed": 266.624288, "delta": 0.000574}}
{"target": -13.497905712042453, "params": {"colsample_bytree": 0.6554585669295439, "eta": 0.02033042822951127, "gamma": 580.9171149250791, "max_depth": 4.0, "min_child_weight": 4091.3265142515725, "num_boost_round": 8.0, "subsample": 0.8528511404875531}, "datetime": {"datetime": "2024-01-20 14:28:33", "elapsed": 266.624858, "delta": 0.00057}}
{"target": -13.497969466304088, "params": {"colsample_bytree": 0.6554585669295439, "eta": 0.02033042822951127, "gamma": 580.9171149250791, "max_depth": 4.0, "min_child_weight": 4091.3265142515725, "num_boost_round": 9.0, "subsample": 0.8528511404875531}, "datetime": {"datetime": "2024-01-20 14:28:33", "elapsed": 266.625423, "delta": 0.000565}}
{"target": -13.497961779367945, "params": {"colsample_bytree": 0.6554585669295439, "eta": 0.02033042822951127, "gamma": 580.9171149250791, "max_depth": 4.0, "min_child_weight": 4091.3265142515725, "num_boost_round": 10.0, "subsample": 0.8528511404875531}, "datetime": {"datetime": "2024-01-20 14:28:33", "elapsed": 266.626034, "delta": 0.000611}}
{"target": -13.498026612060116, "params": {"colsample_bytree": 0.6554585669295439, "eta": 0.02033042822951127, "gamma": 580.9171149250791, "max_depth": 4.0, "min_child_weight": 4091.3265142515725, "num_boost_round": 11.0, "subsample": 0.8528511404875531}, "datetime": {"datetime": "2024-01-20 14:28:33", "elapsed": 266.626612, "delta": 0.000578}}
{"target": -13.49808292589106, "params": {"colsample_bytree": 0.6554585669295439, "eta": 0.02033042822951127, "gamma": 580.9171149250791, "max_depth": 4.0, "min_child_weight": 4091.3265142515725, "num_boost_round": 12.0, "subsample": 0.8528511404875531}, "datetime": {"datetime": "2024-01-20 14:28:33", "elapsed": 266.627191, "delta": 0.000579}}
{"target": -13.498045394428054, "params": {"colsample_bytree": 0.6554585669295439, "eta": 0.02033042822951127, "gamma": 580.9171149250791, "max_depth": 4.0, "min_child_weight": 4091.3265142515725, "num_boost_round": 13.0, "subsample": 0.8528511404875531}, "datetime": {"datetime": "2024-01-20 14:28:33", "elapsed": 266.627766, "delta": 0.000575}}
{"target": -13.49811048913098, "params": {"colsample_bytree": 0.6554585669295439, "eta": 0.02033042822951127, "gamma": 580.9171149250791, "max_depth": 4.0, "min_child_weight": 4091.3265142515725, "num_boost_round": 14.0, "subsample": 0.8528511404875531}, "datetime": {"datetime": "2024-01-20 14:28:33", "elapsed": 266.628343, "delta": 0.000577}}
{"target": -13.498098474530682, "params": {"colsample_bytree": 0.6554585669295439, "eta": 0.02033042822951127, "gamma": 580.9171149250791, "max_depth": 4.0, "min_child_weight": 4091.3265142515725, "num_boost_round": 15.0, "subsample": 0.8528511404875531}, "datetime": {"datetime": "2024-01-20 14:28:33", "elapsed": 266.628922, "delta": 0.000579}}
{"target": -13.498315898957722, "params": {"colsample_bytree": 0.6554585669295439, "eta": 0.02033042822951127, "gamma": 580.9171149250791, "max_depth": 4.0, "min_child_weight": 4091.3265142515725, "num_boost_round": 16.0, "subsample": 0.8528511404875531}, "datetime": {"datetime": "2024-01-20 14:28:33", "elapsed": 266.629501, "delta": 0.000579}}
{"target": -13.498452128697608, "params": {"colsample_bytree": 0.6554585669295439, "eta": 0.02033042822951127, "gamma": 580.9171149250791, "max_depth": 4.0, "min_child_weight": 4091.3265142515725, "num_boost_round": 17.0, "subsample": 0.8528511404875531}, "datetime": {"datetime": "2024-01-20 14:28:33", "elapsed": 266.630085, "delta": 0.000584}}
{"target": -13.49866452619107, "params": {"colsample_bytree": 0.6554585669295439, "eta": 0.02033042822951127, "gamma": 580.9171149250791, "max_depth": 4.0, "min_child_weight": 4091.3265142515725, "num_boost_round": 18.0, "subsample": 0.8528511404875531}, "datetime": {"datetime": "2024-01-20 14:28:33", "elapsed": 266.630669, "delta": 0.000584}}
{"target": -13.498633849777718, "params": {"colsample_bytree": 0.6554585669295439, "eta": 0.02033042822951127, "gamma": 580.9171149250791, "max_depth": 4.0, "min_child_weight": 4091.3265142515725, "num_boost_round": 19.0, "subsample": 0.8528511404875531}, "datetime": {"datetime": "2024-01-20 14:28:33", "elapsed": 266.631494, "delta": 0.000825}}
{"target": -13.498726227232105, "params": {"colsample_bytree": 0.6554585669295439, "eta": 0.02033042822951127, "gamma": 580.9171149250791, "max_depth": 4.0, "min_child_weight": 4091.3265142515725, "num_boost_round": 20.0, "subsample": 0.8528511404875531}, "datetime": {"datetime": "2024-01-20 14:28:33", "elapsed": 266.632277, "delta": 0.000783}}
{"target": -13.498807966557933, "params": {"colsample_bytree": 0.6554585669295439, "eta": 0.02033042822951127, "gamma": 580.9171149250791, "max_depth": 4.0, "min_child_weight": 4091.3265142515725, "num_boost_round": 21.0, "subsample": 0.8528511404875531}, "datetime": {"datetime": "2024-01-20 14:28:33", "elapsed": 266.63305, "delta": 0.000773}}
{"target": -13.498863430309587, "params": {"colsample_bytree": 0.6554585669295439, "eta": 0.02033042822951127, "gamma": 580.9171149250791, "max_depth": 4.0, "min_child_weight": 4091.3265142515725, "num_boost_round": 22.0, "subsample": 0.8528511404875531}, "datetime": {"datetime": "2024-01-20 14:28:33", "elapsed": 266.633592, "delta": 0.000542}}
{"target": -13.499049726791064, "params": {"colsample_bytree": 0.6554585669295439, "eta": 0.02033042822951127, "gamma": 580.9171149250791, "max_depth": 4.0, "min_child_weight": 4091.3265142515725, "num_boost_round": 23.0, "subsample": 0.8528511404875531}, "datetime": {"datetime": "2024-01-20 14:28:33", "elapsed": 266.634247, "delta": 0.000655}}
{"target": -13.49918361896516, "params": {"colsample_bytree": 0.6554585669295439, "eta": 0.02033042822951127, "gamma": 580.9171149250791, "max_depth": 4.0, "min_child_weight": 4091.3265142515725, "num_boost_round": 24.0, "subsample": 0.8528511404875531}, "datetime": {"datetime": "2024-01-20 14:28:33", "elapsed": 266.634842, "delta": 0.000595}}
{"target": -13.499226866373771, "params": {"colsample_bytree": 0.6554585669295439, "eta": 0.02033042822951127, "gamma": 580.9171149250791, "max_depth": 4.0, "min_child_weight": 4091.3265142515725, "num_boost_round": 25.0, "subsample": 0.8528511404875531}, "datetime": {"datetime": "2024-01-20 14:28:33", "elapsed": 266.635438, "delta": 0.000596}}
{"target": -13.499339270914035, "params": {"colsample_bytree": 0.6554585669295439, "eta": 0.02033042822951127, "gamma": 580.9171149250791, "max_depth": 4.0, "min_child_weight": 4091.3265142515725, "num_boost_round": 26.0, "subsample": 0.8528511404875531}, "datetime": {"datetime": "2024-01-20 14:28:33", "elapsed": 266.636038, "delta": 0.0006}}
{"target": -13.499513115862609, "params": {"colsample_bytree": 0.6554585669295439, "eta": 0.02033042822951127, "gamma": 580.9171149250791, "max_depth": 4.0, "min_child_weight": 4091.3265142515725, "num_boost_round": 27.0, "subsample": 0.8528511404875531}, "datetime": {"datetime": "2024-01-20 14:28:33", "elapsed": 266.636623, "delta": 0.000585}}
{"target": -13.499579260787176, "params": {"colsample_bytree": 0.6554585669295439, "eta": 0.02033042822951127, "gamma": 580.9171149250791, "max_depth": 4.0, "min_child_weight": 4091.3265142515725, "num_boost_round": 28.0, "subsample": 0.8528511404875531}, "datetime": {"datetime": "2024-01-20 14:28:33", "elapsed": 266.637216, "delta": 0.000593}}
{"target": -13.49974331565437, "params": {"colsample_bytree": 0.6554585669295439, "eta": 0.02033042822951127, "gamma": 580.9171149250791, "max_depth": 4.0, "min_child_weight": 4091.3265142515725, "num_boost_round": 29.0, "subsample": 0.8528511404875531}, "datetime": {"datetime": "2024-01-20 14:28:33", "elapsed": 266.637806, "delta": 0.00059}}
{"target": -13.499820565522292, "params": {"colsample_bytree": 0.6554585669295439, "eta": 0.02033042822951127, "gamma": 580.9171149250791, "max_depth": 4.0, "min_child_weight": 4091.3265142515725, "num_boost_round": 30.0, "subsample": 0.8528511404875531}, "datetime": {"datetime": "2024-01-20 14:28:33", "elapsed": 266.638401, "delta": 0.000595}}
{"target": -13.499918847599409, "params": {"colsample_bytree": 0.6554585669295439, "eta": 0.02033042822951127, "gamma": 580.9171149250791, "max_depth": 4.0, "min_child_weight": 4091.3265142515725, "num_boost_round": 31.0, "subsample": 0.8528511404875531}, "datetime": {"datetime": "2024-01-20 14:28:33", "elapsed": 266.638999, "delta": 0.000598}}
{"target": -13.499937937685125, "params": {"colsample_bytree": 0.6554585669295439, "eta": 0.02033042822951127, "gamma": 580.9171149250791, "max_depth": 4.0, "min_child_weight": 4091.3265142515725, "num_boost_round": 32.0, "subsample": 0.8528511404875531}, "datetime": {"datetime": "2024-01-20 14:28:33", "elapsed": 266.639593, "delta": 0.000594}}
{"target": -13.500051381684479, "params": {"colsample_bytree": 0.6554585669295439, "eta": 0.02033042822951127, "gamma": 580.9171149250791, "max_depth": 4.0, "min_child_weight": 4091.3265142515725, "num_boost_round": 33.0, "subsample": 0.8528511404875531}, "datetime": {"datetime": "2024-01-20 14:28:33", "elapsed": 266.640192, "delta": 0.000599}}
{"target": -13.50021396047045, "params": {"colsample_bytree": 0.6554585669295439, "eta": 0.02033042822951127, "gamma": 580.9171149250791, "max_depth": 4.0, "min_child_weight": 4091.3265142515725, "num_boost_round": 34.0, "subsample": 0.8528511404875531}, "datetime": {"datetime": "2024-01-20 14:28:33", "elapsed": 266.640783, "delta": 0.000591}}
{"target": -13.500323136779528, "params": {"colsample_bytree": 0.6554585669295439, "eta": 0.02033042822951127, "gamma": 580.9171149250791, "max_depth": 4.0, "min_child_weight": 4091.3265142515725, "num_boost_round": 35.0, "subsample": 0.8528511404875531}, "datetime": {"datetime": "2024-01-20 14:28:33", "elapsed": 266.641386, "delta": 0.000603}}
{"target": -13.500486145647665, "params": {"colsample_bytree": 0.6554585669295439, "eta": 0.02033042822951127, "gamma": 580.9171149250791, "max_depth": 4.0, "min_child_weight": 4091.3265142515725, "num_boost_round": 36.0, "subsample": 0.8528511404875531}, "datetime": {"datetime": "2024-01-20 14:28:33", "elapsed": 266.641986, "delta": 0.0006}}
{"target": -13.500609525639623, "params": {"colsample_bytree": 0.6554585669295439, "eta": 0.02033042822951127, "gamma": 580.9171149250791, "max_depth": 4.0, "min_child_weight": 4091.3265142515725, "num_boost_round": 37.0, "subsample": 0.8528511404875531}, "datetime": {"datetime": "2024-01-20 14:28:33", "elapsed": 266.642582, "delta": 0.000596}}
{"target": -13.500784002836319, "params": {"colsample_bytree": 0.6554585669295439, "eta": 0.02033042822951127, "gamma": 580.9171149250791, "max_depth": 4.0, "min_child_weight": 4091.3265142515725, "num_boost_round": 38.0, "subsample": 0.8528511404875531}, "datetime": {"datetime": "2024-01-20 14:28:33", "elapsed": 266.643188, "delta": 0.000606}}
{"target": -13.500800445414841, "params": {"colsample_bytree": 0.6554585669295439, "eta": 0.02033042822951127, "gamma": 580.9171149250791, "max_depth": 4.0, "min_child_weight": 4091.3265142515725, "num_boost_round": 39.0, "subsample": 0.8528511404875531}, "datetime": {"datetime": "2024-01-20 14:28:33", "elapsed": 266.643789, "delta": 0.000601}}
{"target": -13.500815103253288, "params": {"colsample_bytree": 0.6554585669295439, "eta": 0.02033042822951127, "gamma": 580.9171149250791, "max_depth": 4.0, "min_child_weight": 4091.3265142515725, "num_boost_round": 40.0, "subsample": 0.8528511404875531}, "datetime": {"datetime": "2024-01-20 14:28:33", "elapsed": 266.644408, "delta": 0.000619}}
{"target": -13.50079214946911, "params": {"colsample_bytree": 0.6554585669295439, "eta": 0.02033042822951127, "gamma": 580.9171149250791, "max_depth": 4.0, "min_child_weight": 4091.3265142515725, "num_boost_round": 41.0, "subsample": 0.8528511404875531}, "datetime": {"datetime": "2024-01-20 14:28:33", "elapsed": 266.645019, "delta": 0.000611}}
{"target": -13.500897128171117, "params": {"colsample_bytree": 0.6554585669295439, "eta": 0.02033042822951127, "gamma": 580.9171149250791, "max_depth": 4.0, "min_child_weight": 4091.3265142515725, "num_boost_round": 42.0, "subsample": 0.8528511404875531}, "datetime": {"datetime": "2024-01-20 14:28:33", "elapsed": 266.645655, "delta": 0.000636}}
{"target": -13.501051163349366, "params": {"colsample_bytree": 0.6554585669295439, "eta": 0.02033042822951127, "gamma": 580.9171149250791, "max_depth": 4.0, "min_child_weight": 4091.3265142515725, "num_boost_round": 43.0, "subsample": 0.8528511404875531}, "datetime": {"datetime": "2024-01-20 14:28:33", "elapsed": 266.646277, "delta": 0.000622}}
{"target": -13.501187260258096, "params": {"colsample_bytree": 0.6554585669295439, "eta": 0.02033042822951127, "gamma": 580.9171149250791, "max_depth": 4.0, "min_child_weight": 4091.3265142515725, "num_boost_round": 44.0, "subsample": 0.8528511404875531}, "datetime": {"datetime": "2024-01-20 14:28:33", "elapsed": 266.646891, "delta": 0.000614}}
{"target": -13.501243172138969, "params": {"colsample_bytree": 0.6554585669295439, "eta": 0.02033042822951127, "gamma": 580.9171149250791, "max_depth": 4.0, "min_child_weight": 4091.3265142515725, "num_boost_round": 45.0, "subsample": 0.8528511404875531}, "datetime": {"datetime": "2024-01-20 14:28:33", "elapsed": 266.647501, "delta": 0.00061}}
{"target": -13.501295656812552, "params": {"colsample_bytree": 0.6554585669295439, "eta": 0.02033042822951127, "gamma": 580.9171149250791, "max_depth": 4.0, "min_child_weight": 4091.3265142515725, "num_boost_round": 46.0, "subsample": 0.8528511404875531}, "datetime": {"datetime": "2024-01-20 14:28:33", "elapsed": 266.648119, "delta": 0.000618}}
{"target": -13.501369310094033, "params": {"colsample_bytree": 0.6554585669295439, "eta": 0.02033042822951127, "gamma": 580.9171149250791, "max_depth": 4.0, "min_child_weight": 4091.3265142515725, "num_boost_round": 47.0, "subsample": 0.8528511404875531}, "datetime": {"datetime": "2024-01-20 14:28:33", "elapsed": 266.648731, "delta": 0.000612}}
{"target": -13.501544487551122, "params": {"colsample_bytree": 0.6554585669295439, "eta": 0.02033042822951127, "gamma": 580.9171149250791, "max_depth": 4.0, "min_child_weight": 4091.3265142515725, "num_boost_round": 48.0, "subsample": 0.8528511404875531}, "datetime": {"datetime": "2024-01-20 14:28:33", "elapsed": 266.649355, "delta": 0.000624}}
{"target": -13.50164460893977, "params": {"colsample_bytree": 0.6554585669295439, "eta": 0.02033042822951127, "gamma": 580.9171149250791, "max_depth": 4.0, "min_child_weight": 4091.3265142515725, "num_boost_round": 49.0, "subsample": 0.8528511404875531}, "datetime": {"datetime": "2024-01-20 14:28:33", "elapsed": 266.64998, "delta": 0.000625}}
{"target": -13.50185638790073, "params": {"colsample_bytree": 0.6554585669295439, "eta": 0.02033042822951127, "gamma": 580.9171149250791, "max_depth": 4.0, "min_child_weight": 4091.3265142515725, "num_boost_round": 50.0, "subsample": 0.8528511404875531}, "datetime": {"datetime": "2024-01-20 14:28:33", "elapsed": 266.650597, "delta": 0.000617}}
{"target": -13.5020166646439, "params": {"colsample_bytree": 0.6554585669295439, "eta": 0.02033042822951127, "gamma": 580.9171149250791, "max_depth": 4.0, "min_child_weight": 4091.3265142515725, "num_boost_round": 51.0, "subsample": 0.8528511404875531}, "datetime": {"datetime": "2024-01-20 14:28:33", "elapsed": 266.651216, "delta": 0.000619}}
{"target": -13.50208109825213, "params": {"colsample_bytree": 0.6554585669295439, "eta": 0.02033042822951127, "gamma": 580.9171149250791, "max_depth": 4.0, "min_child_weight": 4091.3265142515725, "num_boost_round": 52.0, "subsample": 0.8528511404875531}, "datetime": {"datetime": "2024-01-20 14:28:33", "elapsed": 266.651989, "delta": 0.000773}}
{"target": -13.502192213742294, "params": {"colsample_bytree": 0.6554585669295439, "eta": 0.02033042822951127, "gamma": 580.9171149250791, "max_depth": 4.0, "min_child_weight": 4091.3265142515725, "num_boost_round": 53.0, "subsample": 0.8528511404875531}, "datetime": {"datetime": "2024-01-20 14:28:33", "elapsed": 266.652559, "delta": 0.00057}}
