{"target": -13.496159801660248, "params": {"colsample_bytree": 0.9048931164759028, "eta": 0.03403656359783912, "gamma": 602.6511436883841, "max_depth": 3.0, "min_child_weight": 4389.466035214221, "num_boost_round": 16.0, "subsample": 0.30875364188358956}, "datetime": {"datetime": "2024-01-20 14:46:52", "elapsed": 1365.583058, "delta": 0.002055}}
{"target": -13.496088316931543, "params": {"colsample_bytree": 0.9048931164759028, "eta": 0.03403656359783912, "gamma": 602.6511436883841, "max_depth": 3.0, "min_child_weight": 4389.466035214221, "num_boost_round": 17.0, "subsample": 0.30875364188358956}, "datetime": {"datetime": "2024-01-20 14:46:52", "elapsed": 1365.591054, "delta": 0.007996}}
{"target": -13.49610998611556, "params": {"colsample_bytree": 0.9048931164759028, "eta": 0.03403656359783912, "gamma": 602.6511436883841, "max_depth": 3.0, "min_child_weight": 4389.466035214221, "num_boost_round": 18.0, "subsample": 0.30875364188358956}, "datetime": {"datetime": "2024-01-20 14:46:52", "elapsed": 1365.593177, "delta": 0.002123}}
{"target": -13.495940118406402, "params": {"colsample_bytree": 0.9048931164759028, "eta": 0.03403656359783912, "gamma": 602.6511436883841, "max_depth": 3.0, "min_child_weight": 4389.466035214221, "num_boost_round": 19.0, "subsample": 0.30875364188358956}, "datetime": {"datetime": "2024-01-20 14:46:52", "elapsed": 1365.595291, "delta": 0.002114}}
{"target": -13.495950204593601, "params": {"colsample_bytree": 0.9048931164759028, "eta": 0.03403656359783912, "gamma": 602.6511436883841, "max_depth": 3.0, "min_child_weight": 4389.466035214221, "num_boost_round": 20.0, "subsample": 0.30875364188358956}, "datetime": {"datetime": "2024-01-20 14:46:52", "elapsed": 1365.597308, "delta": 0.002017}}
{"target": -13.49597910757411, "params": {"colsample_bytree": 0.9048931164759028, "eta": 0.03403656359783912, "gamma": 602.6511436883841, "max_depth": 3.0, "min_child_weight": 4389.466035214221, "num_boost_round": 21.0, "subsample": 0.30875364188358956}, "datetime": {"datetime": "2024-01-20 14:46:52", "elapsed": 1365.599333, "delta": 0.002025}}
{"target": -13.496013771641753, "params": {"colsample_bytree": 0.9048931164759028, "eta": 0.03403656359783912, "gamma": 602.6511436883841, "max_depth": 3.0, "min_child_weight": 4389.466035214221, "num_boost_round": 22.0, "subsample": 0.30875364188358956}, "datetime": {"datetime": "2024-01-20 14:46:52", "elapsed": 1365.601385, "delta": 0.002052}}
{"target": -13.49590535383781, "params": {"colsample_bytree": 0.9048931164759028, "eta": 0.03403656359783912, "gamma": 602.6511436883841, "max_depth": 3.0, "min_child_weight": 4389.466035214221, "num_boost_round": 23.0, "subsample": 0.30875364188358956}, "datetime": {"datetime": "2024-01-20 14:46:52", "elapsed": 1365.603405, "delta": 0.00202}}
{"target": -13.495868790914182, "params": {"colsample_bytree": 0.9048931164759028, "eta": 0.03403656359783912, "gamma": 602.6511436883841, "max_depth": 3.0, "min_child_weight": 4389.466035214221, "num_boost_round": 24.0, "subsample": 0.30875364188358956}, "datetime": {"datetime": "2024-01-20 14:46:52", "elapsed": 1365.605434, "delta": 0.002029}}
{"target": -13.495809776354733, "params": {"colsample_bytree": 0.9048931164759028, "eta": 0.03403656359783912, "gamma": 602.6511436883841, "max_depth": 3.0, "min_child_weight": 4389.466035214221, "num_boost_round": 25.0, "subsample": 0.30875364188358956}, "datetime": {"datetime": "2024-01-20 14:46:52", "elapsed": 1365.607491, "delta": 0.002057}}
{"target": -13.49575952955833, "params": {"colsample_bytree": 0.9048931164759028, "eta": 0.03403656359783912, "gamma": 602.6511436883841, "max_depth": 3.0, "min_child_weight": 4389.466035214221, "num_boost_round": 26.0, "subsample": 0.30875364188358956}, "datetime": {"datetime": "2024-01-20 14:46:52", "elapsed": 1365.880518, "delta": 0.273027}}
{"target": -13.495763937292526, "params": {"colsample_bytree": 0.9048931164759028, "eta": 0.03403656359783912, "gamma": 602.6511436883841, "max_depth": 3.0, "min_child_weight": 4389.466035214221, "num_boost_round": 27.0, "subsample": 0.30875364188358956}, "datetime": {"datetime": "2024-01-20 14:46:52", "elapsed": 1365.88309, "delta": 0.002572}}
{"target": -13.495820684123833, "params": {"colsample_bytree": 0.9048931164759028, "eta": 0.03403656359783912, "gamma": 602.6511436883841, "max_depth": 3.0, "min_child_weight": 4389.466035214221, "num_boost_round": 28.0, "subsample": 0.30875364188358956}, "datetime": {"datetime": "2024-01-20 14:46:52", "elapsed": 1365.885456, "delta": 0.002366}}
{"target": -13.495761972550957, "params": {"colsample_bytree": 0.9048931164759028, "eta": 0.03403656359783912, "gamma": 602.6511436883841, "max_depth": 3.0, "min_child_weight": 4389.466035214221, "num_boost_round": 29.0, "subsample": 0.30875364188358956}, "datetime": {"datetime": "2024-01-20 14:46:52", "elapsed": 1365.88851, "delta": 0.003054}}
{"target": -13.49577569546291, "params": {"colsample_bytree": 0.9048931164759028, "eta": 0.03403656359783912, "gamma": 602.6511436883841, "max_depth": 3.0, "min_child_weight": 4389.466035214221, "num_boost_round": 30.0, "subsample": 0.30875364188358956}, "datetime": {"datetime": "2024-01-20 14:46:52", "elapsed": 1365.891134, "delta": 0.002624}}
{"target": -13.49571787697929, "params": {"colsample_bytree": 0.9048931164759028, "eta": 0.03403656359783912, "gamma": 602.6511436883841, "max_depth": 3.0, "min_child_weight": 4389.466035214221, "num_boost_round": 31.0, "subsample": 0.30875364188358956}, "datetime": {"datetime": "2024-01-20 14:46:52", "elapsed": 1365.89347, "delta": 0.002336}}
{"target": -13.495761782525314, "params": {"colsample_bytree": 0.9048931164759028, "eta": 0.03403656359783912, "gamma": 602.6511436883841, "max_depth": 3.0, "min_child_weight": 4389.466035214221, "num_boost_round": 32.0, "subsample": 0.30875364188358956}, "datetime": {"datetime": "2024-01-20 14:46:52", "elapsed": 1365.895686, "delta": 0.002216}}
{"target": -13.495712595845578, "params": {"colsample_bytree": 0.9048931164759028, "eta": 0.03403656359783912, "gamma": 602.6511436883841, "max_depth": 3.0, "min_child_weight": 4389.466035214221, "num_boost_round": 33.0, "subsample": 0.30875364188358956}, "datetime": {"datetime": "2024-01-20 14:46:52", "elapsed": 1365.897872, "delta": 0.002186}}
{"target": -13.495650175797754, "params": {"colsample_bytree": 0.9048931164759028, "eta": 0.03403656359783912, "gamma": 602.6511436883841, "max_depth": 3.0, "min_child_weight": 4389.466035214221, "num_boost_round": 34.0, "subsample": 0.30875364188358956}, "datetime": {"datetime": "2024-01-20 14:46:52", "elapsed": 1365.900039, "delta": 0.002167}}
{"target": -13.495608598920148, "params": {"colsample_bytree": 0.9048931164759028, "eta": 0.03403656359783912, "gamma": 602.6511436883841, "max_depth": 3.0, "min_child_weight": 4389.466035214221, "num_boost_round": 35.0, "subsample": 0.30875364188358956}, "datetime": {"datetime": "2024-01-20 14:46:52", "elapsed": 1365.902224, "delta": 0.002185}}
{"target": -13.49564328359305, "params": {"colsample_bytree": 0.9048931164759028, "eta": 0.03403656359783912, "gamma": 602.6511436883841, "max_depth": 3.0, "min_child_weight": 4389.466035214221, "num_boost_round": 36.0, "subsample": 0.30875364188358956}, "datetime": {"datetime": "2024-01-20 14:46:52", "elapsed": 1365.904416, "delta": 0.002192}}
{"target": -13.495605481874277, "params": {"colsample_bytree": 0.9048931164759028, "eta": 0.03403656359783912, "gamma": 602.6511436883841, "max_depth": 3.0, "min_child_weight": 4389.466035214221, "num_boost_round": 37.0, "subsample": 0.30875364188358956}, "datetime": {"datetime": "2024-01-20 14:46:52", "elapsed": 1365.906588, "delta": 0.002172}}
{"target": -13.495472445959901, "params": {"colsample_bytree": 0.9048931164759028, "eta": 0.03403656359783912, "gamma": 602.6511436883841, "max_depth": 3.0, "min_child_weight": 4389.466035214221, "num_boost_round": 38.0, "subsample": 0.30875364188358956}, "datetime": {"datetime": "2024-01-20 14:46:52", "elapsed": 1365.908762, "delta": 0.002174}}
{"target": -13.495447004875125, "params": {"colsample_bytree": 0.9048931164759028, "eta": 0.03403656359783912, "gamma": 602.6511436883841, "max_depth": 3.0, "min_child_weight": 4389.466035214221, "num_boost_round": 39.0, "subsample": 0.30875364188358956}, "datetime": {"datetime": "2024-01-20 14:46:52", "elapsed": 1365.910969, "delta": 0.002207}}
{"target": -13.495444485022826, "params": {"colsample_bytree": 0.9048931164759028, "eta": 0.03403656359783912, "gamma": 602.6511436883841, "max_depth": 3.0, "min_child_weight": 4389.466035214221, "num_boost_round": 40.0, "subsample": 0.30875364188358956}, "datetime": {"datetime": "2024-01-20 14:46:52", "elapsed": 1365.913761, "delta": 0.002792}}
{"target": -13.495389146575327, "params": {"colsample_bytree": 0.9048931164759028, "eta": 0.03403656359783912, "gamma": 602.6511436883841, "max_depth": 3.0, "min_child_weight": 4389.466035214221, "num_boost_round": 41.0, "subsample": 0.30875364188358956}, "datetime": {"datetime": "2024-01-20 14:46:52", "elapsed": 1365.916282, "delta": 0.002521}}
{"target": -13.495500367094412, "params": {"colsample_bytree": 0.9048931164759028, "eta": 0.03403656359783912, "gamma": 602.6511436883841, "max_depth": 3.0, "min_child_weight": 4389.466035214221, "num_boost_round": 42.0, "subsample": 0.30875364188358956}, "datetime": {"datetime": "2024-01-20 14:46:52", "elapsed": 1365.918611, "delta": 0.002329}}
{"target": -13.49560233168023, "params": {"colsample_bytree": 0.9048931164759028, "eta": 0.03403656359783912, "gamma": 602.6511436883841, "max_depth": 3.0, "min_child_weight": 4389.466035214221, "num_boost_round": 43.0, "subsample": 0.30875364188358956}, "datetime": {"datetime": "2024-01-20 14:46:52", "elapsed": 1365.920904, "delta": 0.002293}}
{"target": -13.495491402681921, "params": {"colsample_bytree": 0.9048931164759028, "eta": 0.03403656359783912, "gamma": 602.6511436883841, "max_depth": 3.0, "min_child_weight": 4389.466035214221, "num_boost_round": 44.0, "subsample": 0.30875364188358956}, "datetime": {"datetime": "2024-01-20 14:46:52", "elapsed": 1365.923133, "delta": 0.002229}}
{"target": -13.495511332141543, "params": {"colsample_bytree": 0.9048931164759028, "eta": 0.03403656359783912, "gamma": 602.6511436883841, "max_depth": 3.0, "min_child_weight": 4389.466035214221, "num_boost_round": 45.0, "subsample": 0.30875364188358956}, "datetime": {"datetime": "2024-01-20 14:46:52", "elapsed": 1365.925341, "delta": 0.002208}}
{"target": -13.495519575445835, "params": {"colsample_bytree": 0.9048931164759028, "eta": 0.03403656359783912, "gamma": 602.6511436883841, "max_depth": 3.0, "min_child_weight": 4389.466035214221, "num_boost_round": 46.0, "subsample": 0.30875364188358956}, "datetime": {"datetime": "2024-01-20 14:46:52", "elapsed": 1365.92756, "delta": 0.002219}}
{"target": -13.495444752238802, "params": {"colsample_bytree": 0.9048931164759028, "eta": 0.03403656359783912, "gamma": 602.6511436883841, "max_depth": 3.0, "min_child_weight": 4389.466035214221, "num_boost_round": 47.0, "subsample": 0.30875364188358956}, "datetime": {"datetime": "2024-01-20 14:46:52", "elapsed": 1365.92991, "delta": 0.00235}}
{"target": -13.495486221597622, "params": {"colsample_bytree": 0.9048931164759028, "eta": 0.03403656359783912, "gamma": 602.6511436883841, "max_depth": 3.0, "min_child_weight": 4389.466035214221, "num_boost_round": 48.0, "subsample": 0.30875364188358956}, "datetime": {"datetime": "2024-01-20 14:46:52", "elapsed": 1365.932173, "delta": 0.002263}}
{"target": -13.495457407176254, "params": {"colsample_bytree": 0.9048931164759028, "eta": 0.03403656359783912, "gamma": 602.6511436883841, "max_depth": 3.0, "min_child_weight": 4389.466035214221, "num_boost_round": 49.0, "subsample": 0.30875364188358956}, "datetime": {"datetime": "2024-01-20 14:46:52", "elapsed": 1365.934441, "delta": 0.002268}}
{"target": -13.495367816584873, "params": {"colsample_bytree": 0.9048931164759028, "eta": 0.03403656359783912, "gamma": 602.6511436883841, "max_depth": 3.0, "min_child_weight": 4389.466035214221, "num_boost_round": 50.0, "subsample": 0.30875364188358956}, "datetime": {"datetime": "2024-01-20 14:46:52", "elapsed": 1365.936694, "delta": 0.002253}}
{"target": -13.495413935610168, "params": {"colsample_bytree": 0.9048931164759028, "eta": 0.03403656359783912, "gamma": 602.6511436883841, "max_depth": 3.0, "min_child_weight": 4389.466035214221, "num_boost_round": 51.0, "subsample": 0.30875364188358956}, "datetime": {"datetime": "2024-01-20 14:46:52", "elapsed": 1365.938951, "delta": 0.002257}}
{"target": -13.495389335908413, "params": {"colsample_bytree": 0.9048931164759028, "eta": 0.03403656359783912, "gamma": 602.6511436883841, "max_depth": 3.0, "min_child_weight": 4389.466035214221, "num_boost_round": 52.0, "subsample": 0.30875364188358956}, "datetime": {"datetime": "2024-01-20 14:46:52", "elapsed": 1365.941204, "delta": 0.002253}}
{"target": -13.495383419041705, "params": {"colsample_bytree": 0.9048931164759028, "eta": 0.03403656359783912, "gamma": 602.6511436883841, "max_depth": 3.0, "min_child_weight": 4389.466035214221, "num_boost_round": 53.0, "subsample": 0.30875364188358956}, "datetime": {"datetime": "2024-01-20 14:46:52", "elapsed": 1365.943445, "delta": 0.002241}}
{"target": -13.49545188169133, "params": {"colsample_bytree": 0.9048931164759028, "eta": 0.03403656359783912, "gamma": 602.6511436883841, "max_depth": 3.0, "min_child_weight": 4389.466035214221, "num_boost_round": 54.0, "subsample": 0.30875364188358956}, "datetime": {"datetime": "2024-01-20 14:46:52", "elapsed": 1365.945714, "delta": 0.002269}}
{"target": -13.495505462190255, "params": {"colsample_bytree": 0.9048931164759028, "eta": 0.03403656359783912, "gamma": 602.6511436883841, "max_depth": 3.0, "min_child_weight": 4389.466035214221, "num_boost_round": 55.0, "subsample": 0.30875364188358956}, "datetime": {"datetime": "2024-01-20 14:46:52", "elapsed": 1365.947978, "delta": 0.002264}}
{"target": -13.495507970734792, "params": {"colsample_bytree": 0.9048931164759028, "eta": 0.03403656359783912, "gamma": 602.6511436883841, "max_depth": 3.0, "min_child_weight": 4389.466035214221, "num_boost_round": 56.0, "subsample": 0.30875364188358956}, "datetime": {"datetime": "2024-01-20 14:46:52", "elapsed": 1365.950227, "delta": 0.002249}}
{"target": -13.495527763713667, "params": {"colsample_bytree": 0.9048931164759028, "eta": 0.03403656359783912, "gamma": 602.6511436883841, "max_depth": 3.0, "min_child_weight": 4389.466035214221, "num_boost_round": 57.0, "subsample": 0.30875364188358956}, "datetime": {"datetime": "2024-01-20 14:46:52", "elapsed": 1365.952486, "delta": 0.002259}}
{"target": -13.495400105148407, "params": {"colsample_bytree": 0.9048931164759028, "eta": 0.03403656359783912, "gamma": 602.6511436883841, "max_depth": 3.0, "min_child_weight": 4389.466035214221, "num_boost_round": 58.0, "subsample": 0.30875364188358956}, "datetime": {"datetime": "2024-01-20 14:46:52", "elapsed": 1365.954755, "delta": 0.002269}}
{"target": -13.495514901424825, "params": {"colsample_bytree": 0.9048931164759028, "eta": 0.03403656359783912, "gamma": 602.6511436883841, "max_depth": 3.0, "min_child_weight": 4389.466035214221, "num_boost_round": 59.0, "subsample": 0.30875364188358956}, "datetime": {"datetime": "2024-01-20 14:46:52", "elapsed": 1365.957034, "delta": 0.002279}}
{"target": -13.495514056785243, "params": {"colsample_bytree": 0.9048931164759028, "eta": 0.03403656359783912, "gamma": 602.6511436883841, "max_depth": 3.0, "min_child_weight": 4389.466035214221, "num_boost_round": 60.0, "subsample": 0.30875364188358956}, "datetime": {"datetime": "2024-01-20 14:46:52", "elapsed": 1365.959295, "delta": 0.002261}}
{"target": -13.49556373550963, "params": {"colsample_bytree": 0.9048931164759028, "eta": 0.03403656359783912, "gamma": 602.6511436883841, "max_depth": 3.0, "min_child_weight": 4389.466035214221, "num_boost_round": 61.0, "subsample": 0.30875364188358956}, "datetime": {"datetime": "2024-01-20 14:46:52", "elapsed": 1365.961561, "delta": 0.002266}}
{"target": -13.49553562641645, "params": {"colsample_bytree": 0.9048931164759028, "eta": 0.03403656359783912, "gamma": 602.6511436883841, "max_depth": 3.0, "min_child_weight": 4389.466035214221, "num_boost_round": 62.0, "subsample": 0.30875364188358956}, "datetime": {"datetime": "2024-01-20 14:46:52", "elapsed": 1365.963817, "delta": 0.002256}}
{"target": -13.495430471059077, "params": {"colsample_bytree": 0.9048931164759028, "eta": 0.03403656359783912, "gamma": 602.6511436883841, "max_depth": 3.0, "min_child_weight": 4389.466035214221, "num_boost_round": 63.0, "subsample": 0.30875364188358956}, "datetime": {"datetime": "2024-01-20 14:46:52", "elapsed": 1365.966078, "delta": 0.002261}}
{"target": -13.495465525012655, "params": {"colsample_bytree": 0.9048931164759028, "eta": 0.03403656359783912, "gamma": 602.6511436883841, "max_depth": 3.0, "min_child_weight": 4389.466035214221, "num_boost_round": 64.0, "subsample": 0.30875364188358956}, "datetime": {"datetime": "2024-01-20 14:46:52", "elapsed": 1365.968336, "delta": 0.002258}}
{"target": -13.495351107377369, "params": {"colsample_bytree": 0.9048931164759028, "eta": 0.03403656359783912, "gamma": 602.6511436883841, "max_depth": 3.0, "min_child_weight": 4389.466035214221, "num_boost_round": 65.0, "subsample": 0.30875364188358956}, "datetime": {"datetime": "2024-01-20 14:46:52", "elapsed": 1365.970586, "delta": 0.00225}}
{"target": -13.495354499598093, "params": {"colsample_bytree": 0.9048931164759028, "eta": 0.03403656359783912, "gamma": 602.6511436883841, "max_depth": 3.0, "min_child_weight": 4389.466035214221, "num_boost_round": 66.0, "subsample": 0.30875364188358956}, "datetime": {"datetime": "2024-01-20 14:46:52", "elapsed": 1365.972836, "delta": 0.00225}}
{"target": -13.495323191154839, "params": {"colsample_bytree": 0.9048931164759028, "eta": 0.03403656359783912, "gamma": 602.6511436883841, "max_depth": 3.0, "min_child_weight": 4389.466035214221, "num_boost_round": 67.0, "subsample": 0.30875364188358956}, "datetime": {"datetime": "2024-01-20 14:46:52", "elapsed": 1365.975668, "delta": 0.002832}}
{"target": -13.495243965609772, "params": {"colsample_bytree": 0.9048931164759028, "eta": 0.03403656359783912, "gamma": 602.6511436883841, "max_depth": 3.0, "min_child_weight": 4389.466035214221, "num_boost_round": 68.0, "subsample": 0.30875364188358956}, "datetime": {"datetime": "2024-01-20 14:46:52", "elapsed": 1365.97841, "delta": 0.002742}}
{"target": -13.495226239681053, "params": {"colsample_bytree": 0.9048931164759028, "eta": 0.03403656359783912, "gamma": 602.6511436883841, "max_depth": 3.0, "min_child_weight": 4389.466035214221, "num_boost_round": 69.0, "subsample": 0.30875364188358956}, "datetime": {"datetime": "2024-01-20 14:46:52", "elapsed": 1365.981284, "delta": 0.002874}}
{"target": -13.495250092017598, "params": {"colsample_bytree": 0.9048931164759028, "eta": 0.03403656359783912, "gamma": 602.6511436883841, "max_depth": 3.0, "min_child_weight": 4389.466035214221, "num_boost_round": 70.0, "subsample": 0.30875364188358956}, "datetime": {"datetime": "2024-01-20 14:46:52", "elapsed": 1365.984055, "delta": 0.002771}}
{"target": -13.495270104652551, "params": {"colsample_bytree": 0.9048931164759028, "eta": 0.03403656359783912, "gamma": 602.6511436883841, "max_depth": 3.0, "min_child_weight": 4389.466035214221, "num_boost_round": 71.0, "subsample": 0.30875364188358956}, "datetime": {"datetime": "2024-01-20 14:46:52", "elapsed": 1365.986489, "delta": 0.002434}}
{"target": -13.495194806445385, "params": {"colsample_bytree": 0.9048931164759028, "eta": 0.03403656359783912, "gamma": 602.6511436883841, "max_depth": 3.0, "min_child_weight": 4389.466035214221, "num_boost_round": 72.0, "subsample": 0.30875364188358956}, "datetime": {"datetime": "2024-01-20 14:46:52", "elapsed": 1365.98881, "delta": 0.002321}}
{"target": -13.495155836877892, "params": {"colsample_bytree": 0.9048931164759028, "eta": 0.03403656359783912, "gamma": 602.6511436883841, "max_depth": 3.0, "min_child_weight": 4389.466035214221, "num_boost_round": 73.0, "subsample": 0.30875364188358956}, "datetime": {"datetime": "2024-01-20 14:46:52", "elapsed": 1365.991124, "delta": 0.002314}}
{"target": -13.495123843392758, "params": {"colsample_bytree": 0.9048931164759028, "eta": 0.03403656359783912, "gamma": 602.6511436883841, "max_depth": 3.0, "min_child_weight": 4389.466035214221, "num_boost_round": 74.0, "subsample": 0.30875364188358956}, "datetime": {"datetime": "2024-01-20 14:46:52", "elapsed": 1365.993478, "delta": 0.002354}}
{"target": -13.495173058770206, "params": {"colsample_bytree": 0.9048931164759028, "eta": 0.03403656359783912, "gamma": 602.6511436883841, "max_depth": 3.0, "min_child_weight": 4389.466035214221, "num_boost_round": 75.0, "subsample": 0.30875364188358956}, "datetime": {"datetime": "2024-01-20 14:46:52", "elapsed": 1365.995689, "delta": 0.002211}}
{"target": -13.495156090762581, "params": {"colsample_bytree": 0.9048931164759028, "eta": 0.03403656359783912, "gamma": 602.6511436883841, "max_depth": 3.0, "min_child_weight": 4389.466035214221, "num_boost_round": 76.0, "subsample": 0.30875364188358956}, "datetime": {"datetime": "2024-01-20 14:46:52", "elapsed": 1365.997915, "delta": 0.002226}}
{"target": -13.495136865177463, "params": {"colsample_bytree": 0.9048931164759028, "eta": 0.03403656359783912, "gamma": 602.6511436883841, "max_depth": 3.0, "min_child_weight": 4389.466035214221, "num_boost_round": 77.0, "subsample": 0.30875364188358956}, "datetime": {"datetime": "2024-01-20 14:46:52", "elapsed": 1366.000132, "delta": 0.002217}}
{"target": -13.495125629191248, "params": {"colsample_bytree": 0.9048931164759028, "eta": 0.03403656359783912, "gamma": 602.6511436883841, "max_depth": 3.0, "min_child_weight": 4389.466035214221, "num_boost_round": 78.0, "subsample": 0.30875364188358956}, "datetime": {"datetime": "2024-01-20 14:46:52", "elapsed": 1366.002349, "delta": 0.002217}}
