{"target": -15.158777396036703, "params": {"colsample_bytree": 0.845512957789158, "eta": 0.06160031441018657, "gamma": 642.4421191783267, "max_depth": 4.0, "min_child_weight": 4139.822492553419, "num_boost_round": 40.0, "subsample": 0.6018034074855575}, "datetime": {"datetime": "2024-01-20 16:53:13", "elapsed": 8950.441602, "delta": 0.007026}}
{"target": -15.15908955553746, "params": {"colsample_bytree": 0.845512957789158, "eta": 0.06160031441018657, "gamma": 642.4421191783267, "max_depth": 4.0, "min_child_weight": 4139.822492553419, "num_boost_round": 41.0, "subsample": 0.6018034074855575}, "datetime": {"datetime": "2024-01-20 16:53:13", "elapsed": 8950.450274, "delta": 0.008672}}
{"target": -15.159350025420482, "params": {"colsample_bytree": 0.845512957789158, "eta": 0.06160031441018657, "gamma": 642.4421191783267, "max_depth": 4.0, "min_child_weight": 4139.822492553419, "num_boost_round": 42.0, "subsample": 0.6018034074855575}, "datetime": {"datetime": "2024-01-20 16:53:13", "elapsed": 8950.458652, "delta": 0.008378}}
{"target": -15.159345020531145, "params": {"colsample_bytree": 0.845512957789158, "eta": 0.06160031441018657, "gamma": 642.4421191783267, "max_depth": 4.0, "min_child_weight": 4139.822492553419, "num_boost_round": 43.0, "subsample": 0.6018034074855575}, "datetime": {"datetime": "2024-01-20 16:53:13", "elapsed": 8950.466096, "delta": 0.007444}}
{"target": -15.15968982325736, "params": {"colsample_bytree": 0.845512957789158, "eta": 0.06160031441018657, "gamma": 642.4421191783267, "max_depth": 4.0, "min_child_weight": 4139.822492553419, "num_boost_round": 44.0, "subsample": 0.6018034074855575}, "datetime": {"datetime": "2024-01-20 16:53:13", "elapsed": 8950.473038, "delta": 0.006942}}
{"target": -15.159614774208261, "params": {"colsample_bytree": 0.845512957789158, "eta": 0.06160031441018657, "gamma": 642.4421191783267, "max_depth": 4.0, "min_child_weight": 4139.822492553419, "num_boost_round": 45.0, "subsample": 0.6018034074855575}, "datetime": {"datetime": "2024-01-20 16:53:13", "elapsed": 8950.480536, "delta": 0.007498}}
{"target": -15.159640781903976, "params": {"colsample_bytree": 0.845512957789158, "eta": 0.06160031441018657, "gamma": 642.4421191783267, "max_depth": 4.0, "min_child_weight": 4139.822492553419, "num_boost_round": 46.0, "subsample": 0.6018034074855575}, "datetime": {"datetime": "2024-01-20 16:53:13", "elapsed": 8950.488698, "delta": 0.008162}}
{"target": -15.171360568853533, "params": {"colsample_bytree": 0.3756251314129444, "eta": 0.08387383521729787, "gamma": 448.2317269576176, "max_depth": 2.0, "min_child_weight": 4331.934691810177, "num_boost_round": 1.0, "subsample": 0.14814428076293767}, "datetime": {"datetime": "2024-01-20 16:56:19", "elapsed": 9136.754493, "delta": 186.265795}}
{"target": -15.170265532134824, "params": {"colsample_bytree": 0.3756251314129444, "eta": 0.08387383521729787, "gamma": 448.2317269576176, "max_depth": 2.0, "min_child_weight": 4331.934691810177, "num_boost_round": 2.0, "subsample": 0.14814428076293767}, "datetime": {"datetime": "2024-01-20 16:56:19", "elapsed": 9136.764789, "delta": 0.010296}}
{"target": -15.168530031203268, "params": {"colsample_bytree": 0.3756251314129444, "eta": 0.08387383521729787, "gamma": 448.2317269576176, "max_depth": 2.0, "min_child_weight": 4331.934691810177, "num_boost_round": 3.0, "subsample": 0.14814428076293767}, "datetime": {"datetime": "2024-01-20 16:56:19", "elapsed": 9136.774863, "delta": 0.010074}}
{"target": -15.16863967775626, "params": {"colsample_bytree": 0.3756251314129444, "eta": 0.08387383521729787, "gamma": 448.2317269576176, "max_depth": 2.0, "min_child_weight": 4331.934691810177, "num_boost_round": 4.0, "subsample": 0.14814428076293767}, "datetime": {"datetime": "2024-01-20 16:56:19", "elapsed": 9136.783685, "delta": 0.008822}}
{"target": -15.166386864376634, "params": {"colsample_bytree": 0.3756251314129444, "eta": 0.08387383521729787, "gamma": 448.2317269576176, "max_depth": 2.0, "min_child_weight": 4331.934691810177, "num_boost_round": 5.0, "subsample": 0.14814428076293767}, "datetime": {"datetime": "2024-01-20 16:56:19", "elapsed": 9136.791648, "delta": 0.007963}}
{"target": -15.165631108291564, "params": {"colsample_bytree": 0.3756251314129444, "eta": 0.08387383521729787, "gamma": 448.2317269576176, "max_depth": 2.0, "min_child_weight": 4331.934691810177, "num_boost_round": 6.0, "subsample": 0.14814428076293767}, "datetime": {"datetime": "2024-01-20 16:56:19", "elapsed": 9136.798709, "delta": 0.007061}}
{"target": -15.165296000892752, "params": {"colsample_bytree": 0.3756251314129444, "eta": 0.08387383521729787, "gamma": 448.2317269576176, "max_depth": 2.0, "min_child_weight": 4331.934691810177, "num_boost_round": 7.0, "subsample": 0.14814428076293767}, "datetime": {"datetime": "2024-01-20 16:56:19", "elapsed": 9136.806396, "delta": 0.007687}}
{"target": -15.163416519792632, "params": {"colsample_bytree": 0.3756251314129444, "eta": 0.08387383521729787, "gamma": 448.2317269576176, "max_depth": 2.0, "min_child_weight": 4331.934691810177, "num_boost_round": 8.0, "subsample": 0.14814428076293767}, "datetime": {"datetime": "2024-01-20 16:56:19", "elapsed": 9136.813368, "delta": 0.006972}}
{"target": -15.163668414376723, "params": {"colsample_bytree": 0.3756251314129444, "eta": 0.08387383521729787, "gamma": 448.2317269576176, "max_depth": 2.0, "min_child_weight": 4331.934691810177, "num_boost_round": 9.0, "subsample": 0.14814428076293767}, "datetime": {"datetime": "2024-01-20 16:56:19", "elapsed": 9136.820206, "delta": 0.006838}}
{"target": -15.16355856623482, "params": {"colsample_bytree": 0.3756251314129444, "eta": 0.08387383521729787, "gamma": 448.2317269576176, "max_depth": 2.0, "min_child_weight": 4331.934691810177, "num_boost_round": 10.0, "subsample": 0.14814428076293767}, "datetime": {"datetime": "2024-01-20 16:56:19", "elapsed": 9136.826836, "delta": 0.00663}}
{"target": -15.163755871200003, "params": {"colsample_bytree": 0.3756251314129444, "eta": 0.08387383521729787, "gamma": 448.2317269576176, "max_depth": 2.0, "min_child_weight": 4331.934691810177, "num_boost_round": 11.0, "subsample": 0.14814428076293767}, "datetime": {"datetime": "2024-01-20 16:56:19", "elapsed": 9136.834268, "delta": 0.007432}}
{"target": -15.163681123416556, "params": {"colsample_bytree": 0.3756251314129444, "eta": 0.08387383521729787, "gamma": 448.2317269576176, "max_depth": 2.0, "min_child_weight": 4331.934691810177, "num_boost_round": 12.0, "subsample": 0.14814428076293767}, "datetime": {"datetime": "2024-01-20 16:56:19", "elapsed": 9136.842221, "delta": 0.007953}}
{"target": -15.163888295107899, "params": {"colsample_bytree": 0.3756251314129444, "eta": 0.08387383521729787, "gamma": 448.2317269576176, "max_depth": 2.0, "min_child_weight": 4331.934691810177, "num_boost_round": 13.0, "subsample": 0.14814428076293767}, "datetime": {"datetime": "2024-01-20 16:56:19", "elapsed": 9136.850348, "delta": 0.008127}}
{"target": -15.162876799480502, "params": {"colsample_bytree": 0.3756251314129444, "eta": 0.08387383521729787, "gamma": 448.2317269576176, "max_depth": 2.0, "min_child_weight": 4331.934691810177, "num_boost_round": 14.0, "subsample": 0.14814428076293767}, "datetime": {"datetime": "2024-01-20 16:56:19", "elapsed": 9136.858845, "delta": 0.008497}}
{"target": -15.162370126928863, "params": {"colsample_bytree": 0.3756251314129444, "eta": 0.08387383521729787, "gamma": 448.2317269576176, "max_depth": 2.0, "min_child_weight": 4331.934691810177, "num_boost_round": 15.0, "subsample": 0.14814428076293767}, "datetime": {"datetime": "2024-01-20 16:56:19", "elapsed": 9136.868406, "delta": 0.009561}}
{"target": -15.162123514069819, "params": {"colsample_bytree": 0.3756251314129444, "eta": 0.08387383521729787, "gamma": 448.2317269576176, "max_depth": 2.0, "min_child_weight": 4331.934691810177, "num_boost_round": 16.0, "subsample": 0.14814428076293767}, "datetime": {"datetime": "2024-01-20 16:56:19", "elapsed": 9136.877151, "delta": 0.008745}}
{"target": -15.161542494267323, "params": {"colsample_bytree": 0.3756251314129444, "eta": 0.08387383521729787, "gamma": 448.2317269576176, "max_depth": 2.0, "min_child_weight": 4331.934691810177, "num_boost_round": 17.0, "subsample": 0.14814428076293767}, "datetime": {"datetime": "2024-01-20 16:56:19", "elapsed": 9136.884465, "delta": 0.007314}}
{"target": -15.161361976319007, "params": {"colsample_bytree": 0.3756251314129444, "eta": 0.08387383521729787, "gamma": 448.2317269576176, "max_depth": 2.0, "min_child_weight": 4331.934691810177, "num_boost_round": 18.0, "subsample": 0.14814428076293767}, "datetime": {"datetime": "2024-01-20 16:56:19", "elapsed": 9136.891614, "delta": 0.007149}}
{"target": -15.160709821267087, "params": {"colsample_bytree": 0.3756251314129444, "eta": 0.08387383521729787, "gamma": 448.2317269576176, "max_depth": 2.0, "min_child_weight": 4331.934691810177, "num_boost_round": 19.0, "subsample": 0.14814428076293767}, "datetime": {"datetime": "2024-01-20 16:56:19", "elapsed": 9136.899158, "delta": 0.007544}}
{"target": -15.160562620785392, "params": {"colsample_bytree": 0.3756251314129444, "eta": 0.08387383521729787, "gamma": 448.2317269576176, "max_depth": 2.0, "min_child_weight": 4331.934691810177, "num_boost_round": 20.0, "subsample": 0.14814428076293767}, "datetime": {"datetime": "2024-01-20 16:56:19", "elapsed": 9136.906229, "delta": 0.007071}}
{"target": -15.170292012597665, "params": {"colsample_bytree": 0.523824597154556, "eta": 0.07344487914302932, "gamma": 575.6359565107792, "max_depth": 8.0, "min_child_weight": 4091.866953979493, "num_boost_round": 1.0, "subsample": 0.19580139121120044}, "datetime": {"datetime": "2024-01-20 16:58:59", "elapsed": 9296.738309, "delta": 159.83208}}
{"target": -15.168221329168894, "params": {"colsample_bytree": 0.523824597154556, "eta": 0.07344487914302932, "gamma": 575.6359565107792, "max_depth": 8.0, "min_child_weight": 4091.866953979493, "num_boost_round": 2.0, "subsample": 0.19580139121120044}, "datetime": {"datetime": "2024-01-20 16:58:59", "elapsed": 9296.746703, "delta": 0.008394}}
{"target": -15.165643174517506, "params": {"colsample_bytree": 0.523824597154556, "eta": 0.07344487914302932, "gamma": 575.6359565107792, "max_depth": 8.0, "min_child_weight": 4091.866953979493, "num_boost_round": 3.0, "subsample": 0.19580139121120044}, "datetime": {"datetime": "2024-01-20 16:58:59", "elapsed": 9296.753942, "delta": 0.007239}}
{"target": -15.164861963561874, "params": {"colsample_bytree": 0.523824597154556, "eta": 0.07344487914302932, "gamma": 575.6359565107792, "max_depth": 8.0, "min_child_weight": 4091.866953979493, "num_boost_round": 4.0, "subsample": 0.19580139121120044}, "datetime": {"datetime": "2024-01-20 16:58:59", "elapsed": 9296.760725, "delta": 0.006783}}
{"target": -15.162070267842829, "params": {"colsample_bytree": 0.523824597154556, "eta": 0.07344487914302932, "gamma": 575.6359565107792, "max_depth": 8.0, "min_child_weight": 4091.866953979493, "num_boost_round": 5.0, "subsample": 0.19580139121120044}, "datetime": {"datetime": "2024-01-20 16:58:59", "elapsed": 9296.76734, "delta": 0.006615}}
{"target": -15.160692017875501, "params": {"colsample_bytree": 0.523824597154556, "eta": 0.07344487914302932, "gamma": 575.6359565107792, "max_depth": 8.0, "min_child_weight": 4091.866953979493, "num_boost_round": 6.0, "subsample": 0.19580139121120044}, "datetime": {"datetime": "2024-01-20 16:58:59", "elapsed": 9296.774559, "delta": 0.007219}}
{"target": -15.159490135845875, "params": {"colsample_bytree": 0.523824597154556, "eta": 0.07344487914302932, "gamma": 575.6359565107792, "max_depth": 8.0, "min_child_weight": 4091.866953979493, "num_boost_round": 7.0, "subsample": 0.19580139121120044}, "datetime": {"datetime": "2024-01-20 16:58:59", "elapsed": 9296.781529, "delta": 0.00697}}
{"target": -15.157768497467083, "params": {"colsample_bytree": 0.523824597154556, "eta": 0.07344487914302932, "gamma": 575.6359565107792, "max_depth": 8.0, "min_child_weight": 4091.866953979493, "num_boost_round": 8.0, "subsample": 0.19580139121120044}, "datetime": {"datetime": "2024-01-20 16:58:59", "elapsed": 9296.788188, "delta": 0.006659}}
{"target": -15.15761523307389, "params": {"colsample_bytree": 0.523824597154556, "eta": 0.07344487914302932, "gamma": 575.6359565107792, "max_depth": 8.0, "min_child_weight": 4091.866953979493, "num_boost_round": 9.0, "subsample": 0.19580139121120044}, "datetime": {"datetime": "2024-01-20 16:58:59", "elapsed": 9296.794938, "delta": 0.00675}}
{"target": -15.156754457704762, "params": {"colsample_bytree": 0.523824597154556, "eta": 0.07344487914302932, "gamma": 575.6359565107792, "max_depth": 8.0, "min_child_weight": 4091.866953979493, "num_boost_round": 10.0, "subsample": 0.19580139121120044}, "datetime": {"datetime": "2024-01-20 16:58:59", "elapsed": 9296.802265, "delta": 0.007327}}
{"target": -15.156833997387753, "params": {"colsample_bytree": 0.523824597154556, "eta": 0.07344487914302932, "gamma": 575.6359565107792, "max_depth": 8.0, "min_child_weight": 4091.866953979493, "num_boost_round": 11.0, "subsample": 0.19580139121120044}, "datetime": {"datetime": "2024-01-20 16:58:59", "elapsed": 9296.809246, "delta": 0.006981}}
{"target": -15.155398430887326, "params": {"colsample_bytree": 0.523824597154556, "eta": 0.07344487914302932, "gamma": 575.6359565107792, "max_depth": 8.0, "min_child_weight": 4091.866953979493, "num_boost_round": 12.0, "subsample": 0.19580139121120044}, "datetime": {"datetime": "2024-01-20 16:58:59", "elapsed": 9296.815954, "delta": 0.006708}}
{"target": -15.156128805223677, "params": {"colsample_bytree": 0.523824597154556, "eta": 0.07344487914302932, "gamma": 575.6359565107792, "max_depth": 8.0, "min_child_weight": 4091.866953979493, "num_boost_round": 13.0, "subsample": 0.19580139121120044}, "datetime": {"datetime": "2024-01-20 16:58:59", "elapsed": 9296.822709, "delta": 0.006755}}
{"target": -15.154837693867295, "params": {"colsample_bytree": 0.523824597154556, "eta": 0.07344487914302932, "gamma": 575.6359565107792, "max_depth": 8.0, "min_child_weight": 4091.866953979493, "num_boost_round": 14.0, "subsample": 0.19580139121120044}, "datetime": {"datetime": "2024-01-20 16:58:59", "elapsed": 9296.82985, "delta": 0.007141}}
{"target": -15.171996890938427, "params": {"colsample_bytree": 0.9947262693111868, "eta": 0.01752554524553581, "gamma": 650.2294119827237, "max_depth": 2.0, "min_child_weight": 4124.915374659151, "num_boost_round": 1.0, "subsample": 0.7216659418663053}, "datetime": {"datetime": "2024-01-20 17:01:45", "elapsed": 9462.961339, "delta": 166.131489}}
{"target": -15.171045918331401, "params": {"colsample_bytree": 0.9947262693111868, "eta": 0.01752554524553581, "gamma": 650.2294119827237, "max_depth": 2.0, "min_child_weight": 4124.915374659151, "num_boost_round": 2.0, "subsample": 0.7216659418663053}, "datetime": {"datetime": "2024-01-20 17:01:45", "elapsed": 9462.970034, "delta": 0.008695}}
{"target": -15.170109805486305, "params": {"colsample_bytree": 0.9947262693111868, "eta": 0.01752554524553581, "gamma": 650.2294119827237, "max_depth": 2.0, "min_child_weight": 4124.915374659151, "num_boost_round": 3.0, "subsample": 0.7216659418663053}, "datetime": {"datetime": "2024-01-20 17:01:45", "elapsed": 9462.978195, "delta": 0.008161}}
{"target": -15.169194414758842, "params": {"colsample_bytree": 0.9947262693111868, "eta": 0.01752554524553581, "gamma": 650.2294119827237, "max_depth": 2.0, "min_child_weight": 4124.915374659151, "num_boost_round": 4.0, "subsample": 0.7216659418663053}, "datetime": {"datetime": "2024-01-20 17:01:45", "elapsed": 9462.985661, "delta": 0.007466}}
{"target": -15.16831547816815, "params": {"colsample_bytree": 0.9947262693111868, "eta": 0.01752554524553581, "gamma": 650.2294119827237, "max_depth": 2.0, "min_child_weight": 4124.915374659151, "num_boost_round": 5.0, "subsample": 0.7216659418663053}, "datetime": {"datetime": "2024-01-20 17:01:45", "elapsed": 9462.993385, "delta": 0.007724}}
{"target": -15.167569581222038, "params": {"colsample_bytree": 0.9947262693111868, "eta": 0.01752554524553581, "gamma": 650.2294119827237, "max_depth": 2.0, "min_child_weight": 4124.915374659151, "num_boost_round": 6.0, "subsample": 0.7216659418663053}, "datetime": {"datetime": "2024-01-20 17:01:45", "elapsed": 9463.000764, "delta": 0.007379}}
{"target": -15.166893336326684, "params": {"colsample_bytree": 0.9947262693111868, "eta": 0.01752554524553581, "gamma": 650.2294119827237, "max_depth": 2.0, "min_child_weight": 4124.915374659151, "num_boost_round": 7.0, "subsample": 0.7216659418663053}, "datetime": {"datetime": "2024-01-20 17:01:45", "elapsed": 9463.007927, "delta": 0.007163}}
{"target": -15.166170641647334, "params": {"colsample_bytree": 0.9947262693111868, "eta": 0.01752554524553581, "gamma": 650.2294119827237, "max_depth": 2.0, "min_child_weight": 4124.915374659151, "num_boost_round": 8.0, "subsample": 0.7216659418663053}, "datetime": {"datetime": "2024-01-20 17:01:45", "elapsed": 9463.014894, "delta": 0.006967}}
{"target": -15.16550311598476, "params": {"colsample_bytree": 0.9947262693111868, "eta": 0.01752554524553581, "gamma": 650.2294119827237, "max_depth": 2.0, "min_child_weight": 4124.915374659151, "num_boost_round": 9.0, "subsample": 0.7216659418663053}, "datetime": {"datetime": "2024-01-20 17:01:45", "elapsed": 9463.022262, "delta": 0.007368}}
{"target": -15.171541572832322, "params": {"colsample_bytree": 0.7484488347073265, "eta": 0.051005324621074384, "gamma": 550.266843718182, "max_depth": 6.0, "min_child_weight": 4095.600407004326, "num_boost_round": 1.0, "subsample": 0.8339648811474194}, "datetime": {"datetime": "2024-01-20 17:04:47", "elapsed": 9644.702191, "delta": 181.679929}}
{"target": -15.169613670620407, "params": {"colsample_bytree": 0.7484488347073265, "eta": 0.051005324621074384, "gamma": 550.266843718182, "max_depth": 6.0, "min_child_weight": 4095.600407004326, "num_boost_round": 2.0, "subsample": 0.8339648811474194}, "datetime": {"datetime": "2024-01-20 17:04:47", "elapsed": 9644.712809, "delta": 0.010618}}
{"target": -15.167779599662229, "params": {"colsample_bytree": 0.7484488347073265, "eta": 0.051005324621074384, "gamma": 550.266843718182, "max_depth": 6.0, "min_child_weight": 4095.600407004326, "num_boost_round": 3.0, "subsample": 0.8339648811474194}, "datetime": {"datetime": "2024-01-20 17:04:47", "elapsed": 9644.721047, "delta": 0.008238}}
{"target": -15.166179057978262, "params": {"colsample_bytree": 0.7484488347073265, "eta": 0.051005324621074384, "gamma": 550.266843718182, "max_depth": 6.0, "min_child_weight": 4095.600407004326, "num_boost_round": 4.0, "subsample": 0.8339648811474194}, "datetime": {"datetime": "2024-01-20 17:04:47", "elapsed": 9644.73055, "delta": 0.009503}}
{"target": -15.164340109923767, "params": {"colsample_bytree": 0.7484488347073265, "eta": 0.051005324621074384, "gamma": 550.266843718182, "max_depth": 6.0, "min_child_weight": 4095.600407004326, "num_boost_round": 5.0, "subsample": 0.8339648811474194}, "datetime": {"datetime": "2024-01-20 17:04:47", "elapsed": 9644.739586, "delta": 0.009036}}
{"target": -15.162398836662462, "params": {"colsample_bytree": 0.7484488347073265, "eta": 0.051005324621074384, "gamma": 550.266843718182, "max_depth": 6.0, "min_child_weight": 4095.600407004326, "num_boost_round": 6.0, "subsample": 0.8339648811474194}, "datetime": {"datetime": "2024-01-20 17:04:47", "elapsed": 9644.748498, "delta": 0.008912}}
{"target": -15.161144467637673, "params": {"colsample_bytree": 0.7484488347073265, "eta": 0.051005324621074384, "gamma": 550.266843718182, "max_depth": 6.0, "min_child_weight": 4095.600407004326, "num_boost_round": 7.0, "subsample": 0.8339648811474194}, "datetime": {"datetime": "2024-01-20 17:04:47", "elapsed": 9644.756739, "delta": 0.008241}}
{"target": -15.16029677418695, "params": {"colsample_bytree": 0.7484488347073265, "eta": 0.051005324621074384, "gamma": 550.266843718182, "max_depth": 6.0, "min_child_weight": 4095.600407004326, "num_boost_round": 8.0, "subsample": 0.8339648811474194}, "datetime": {"datetime": "2024-01-20 17:04:47", "elapsed": 9644.764484, "delta": 0.007745}}
{"target": -15.160715599379824, "params": {"colsample_bytree": 0.7484488347073265, "eta": 0.051005324621074384, "gamma": 550.266843718182, "max_depth": 6.0, "min_child_weight": 4095.600407004326, "num_boost_round": 9.0, "subsample": 0.8339648811474194}, "datetime": {"datetime": "2024-01-20 17:04:47", "elapsed": 9644.771487, "delta": 0.007003}}
{"target": -15.15973994652089, "params": {"colsample_bytree": 0.7484488347073265, "eta": 0.051005324621074384, "gamma": 550.266843718182, "max_depth": 6.0, "min_child_weight": 4095.600407004326, "num_boost_round": 10.0, "subsample": 0.8339648811474194}, "datetime": {"datetime": "2024-01-20 17:04:47", "elapsed": 9644.778122, "delta": 0.006635}}
{"target": -15.159198464348245, "params": {"colsample_bytree": 0.7484488347073265, "eta": 0.051005324621074384, "gamma": 550.266843718182, "max_depth": 6.0, "min_child_weight": 4095.600407004326, "num_boost_round": 11.0, "subsample": 0.8339648811474194}, "datetime": {"datetime": "2024-01-20 17:04:47", "elapsed": 9644.784747, "delta": 0.006625}}
{"target": -15.158355603932492, "params": {"colsample_bytree": 0.7484488347073265, "eta": 0.051005324621074384, "gamma": 550.266843718182, "max_depth": 6.0, "min_child_weight": 4095.600407004326, "num_boost_round": 12.0, "subsample": 0.8339648811474194}, "datetime": {"datetime": "2024-01-20 17:04:47", "elapsed": 9644.791919, "delta": 0.007172}}
{"target": -15.158416838757267, "params": {"colsample_bytree": 0.7484488347073265, "eta": 0.051005324621074384, "gamma": 550.266843718182, "max_depth": 6.0, "min_child_weight": 4095.600407004326, "num_boost_round": 13.0, "subsample": 0.8339648811474194}, "datetime": {"datetime": "2024-01-20 17:04:47", "elapsed": 9644.798975, "delta": 0.007056}}
