{"target": -13.496651538442988, "params": {"colsample_bytree": 0.25910678112525837, "eta": 0.05153038526904421, "gamma": 697.4945696645344, "max_depth": 2.0, "min_child_weight": 4405.2421454939185, "num_boost_round": 112.0, "subsample": 0.40461549417502396}, "datetime": {"datetime": "2024-01-20 14:59:47", "elapsed": 2140.593852, "delta": 0.003239}}
{"target": -13.496648130401809, "params": {"colsample_bytree": 0.25910678112525837, "eta": 0.05153038526904421, "gamma": 697.4945696645344, "max_depth": 2.0, "min_child_weight": 4405.2421454939185, "num_boost_round": 113.0, "subsample": 0.40461549417502396}, "datetime": {"datetime": "2024-01-20 14:59:47", "elapsed": 2140.597092, "delta": 0.00324}}
{"target": -13.496639002791326, "params": {"colsample_bytree": 0.25910678112525837, "eta": 0.05153038526904421, "gamma": 697.4945696645344, "max_depth": 2.0, "min_child_weight": 4405.2421454939185, "num_boost_round": 114.0, "subsample": 0.40461549417502396}, "datetime": {"datetime": "2024-01-20 14:59:47", "elapsed": 2140.601085, "delta": 0.003993}}
{"target": -13.496717549267306, "params": {"colsample_bytree": 0.25910678112525837, "eta": 0.05153038526904421, "gamma": 697.4945696645344, "max_depth": 2.0, "min_child_weight": 4405.2421454939185, "num_boost_round": 115.0, "subsample": 0.40461549417502396}, "datetime": {"datetime": "2024-01-20 14:59:47", "elapsed": 2140.604553, "delta": 0.003468}}
{"target": -13.496700979687791, "params": {"colsample_bytree": 0.25910678112525837, "eta": 0.05153038526904421, "gamma": 697.4945696645344, "max_depth": 2.0, "min_child_weight": 4405.2421454939185, "num_boost_round": 116.0, "subsample": 0.40461549417502396}, "datetime": {"datetime": "2024-01-20 14:59:47", "elapsed": 2140.607876, "delta": 0.003323}}
{"target": -13.496660382919734, "params": {"colsample_bytree": 0.25910678112525837, "eta": 0.05153038526904421, "gamma": 697.4945696645344, "max_depth": 2.0, "min_child_weight": 4405.2421454939185, "num_boost_round": 117.0, "subsample": 0.40461549417502396}, "datetime": {"datetime": "2024-01-20 14:59:47", "elapsed": 2140.611306, "delta": 0.00343}}
{"target": -13.496668312660313, "params": {"colsample_bytree": 0.25910678112525837, "eta": 0.05153038526904421, "gamma": 697.4945696645344, "max_depth": 2.0, "min_child_weight": 4405.2421454939185, "num_boost_round": 118.0, "subsample": 0.40461549417502396}, "datetime": {"datetime": "2024-01-20 14:59:47", "elapsed": 2140.614649, "delta": 0.003343}}
{"target": -13.496658937890363, "params": {"colsample_bytree": 0.25910678112525837, "eta": 0.05153038526904421, "gamma": 697.4945696645344, "max_depth": 2.0, "min_child_weight": 4405.2421454939185, "num_boost_round": 119.0, "subsample": 0.40461549417502396}, "datetime": {"datetime": "2024-01-20 14:59:47", "elapsed": 2140.618074, "delta": 0.003425}}
{"target": -13.49666479336464, "params": {"colsample_bytree": 0.25910678112525837, "eta": 0.05153038526904421, "gamma": 697.4945696645344, "max_depth": 2.0, "min_child_weight": 4405.2421454939185, "num_boost_round": 120.0, "subsample": 0.40461549417502396}, "datetime": {"datetime": "2024-01-20 14:59:47", "elapsed": 2140.621307, "delta": 0.003233}}
{"target": -13.496615779685595, "params": {"colsample_bytree": 0.25910678112525837, "eta": 0.05153038526904421, "gamma": 697.4945696645344, "max_depth": 2.0, "min_child_weight": 4405.2421454939185, "num_boost_round": 121.0, "subsample": 0.40461549417502396}, "datetime": {"datetime": "2024-01-20 14:59:47", "elapsed": 2140.624627, "delta": 0.00332}}
{"target": -13.496572018194883, "params": {"colsample_bytree": 0.25910678112525837, "eta": 0.05153038526904421, "gamma": 697.4945696645344, "max_depth": 2.0, "min_child_weight": 4405.2421454939185, "num_boost_round": 122.0, "subsample": 0.40461549417502396}, "datetime": {"datetime": "2024-01-20 14:59:47", "elapsed": 2140.627934, "delta": 0.003307}}
{"target": -13.496541137727577, "params": {"colsample_bytree": 0.25910678112525837, "eta": 0.05153038526904421, "gamma": 697.4945696645344, "max_depth": 2.0, "min_child_weight": 4405.2421454939185, "num_boost_round": 123.0, "subsample": 0.40461549417502396}, "datetime": {"datetime": "2024-01-20 14:59:47", "elapsed": 2140.63122, "delta": 0.003286}}
{"target": -13.496485077635981, "params": {"colsample_bytree": 0.25910678112525837, "eta": 0.05153038526904421, "gamma": 697.4945696645344, "max_depth": 2.0, "min_child_weight": 4405.2421454939185, "num_boost_round": 124.0, "subsample": 0.40461549417502396}, "datetime": {"datetime": "2024-01-20 14:59:47", "elapsed": 2140.634478, "delta": 0.003258}}
{"target": -13.496572192086019, "params": {"colsample_bytree": 0.25910678112525837, "eta": 0.05153038526904421, "gamma": 697.4945696645344, "max_depth": 2.0, "min_child_weight": 4405.2421454939185, "num_boost_round": 125.0, "subsample": 0.40461549417502396}, "datetime": {"datetime": "2024-01-20 14:59:47", "elapsed": 2140.6379, "delta": 0.003422}}
{"target": -13.496406147574543, "params": {"colsample_bytree": 0.25910678112525837, "eta": 0.05153038526904421, "gamma": 697.4945696645344, "max_depth": 2.0, "min_child_weight": 4405.2421454939185, "num_boost_round": 126.0, "subsample": 0.40461549417502396}, "datetime": {"datetime": "2024-01-20 14:59:47", "elapsed": 2140.64118, "delta": 0.00328}}
{"target": -13.496373896408752, "params": {"colsample_bytree": 0.25910678112525837, "eta": 0.05153038526904421, "gamma": 697.4945696645344, "max_depth": 2.0, "min_child_weight": 4405.2421454939185, "num_boost_round": 127.0, "subsample": 0.40461549417502396}, "datetime": {"datetime": "2024-01-20 14:59:47", "elapsed": 2140.644456, "delta": 0.003276}}
{"target": -13.496426209588625, "params": {"colsample_bytree": 0.25910678112525837, "eta": 0.05153038526904421, "gamma": 697.4945696645344, "max_depth": 2.0, "min_child_weight": 4405.2421454939185, "num_boost_round": 128.0, "subsample": 0.40461549417502396}, "datetime": {"datetime": "2024-01-20 14:59:47", "elapsed": 2140.647704, "delta": 0.003248}}
{"target": -13.496406847033448, "params": {"colsample_bytree": 0.25910678112525837, "eta": 0.05153038526904421, "gamma": 697.4945696645344, "max_depth": 2.0, "min_child_weight": 4405.2421454939185, "num_boost_round": 129.0, "subsample": 0.40461549417502396}, "datetime": {"datetime": "2024-01-20 14:59:47", "elapsed": 2140.65106, "delta": 0.003356}}
{"target": -13.49642772253593, "params": {"colsample_bytree": 0.25910678112525837, "eta": 0.05153038526904421, "gamma": 697.4945696645344, "max_depth": 2.0, "min_child_weight": 4405.2421454939185, "num_boost_round": 130.0, "subsample": 0.40461549417502396}, "datetime": {"datetime": "2024-01-20 14:59:47", "elapsed": 2140.654358, "delta": 0.003298}}
{"target": -13.4963773375597, "params": {"colsample_bytree": 0.25910678112525837, "eta": 0.05153038526904421, "gamma": 697.4945696645344, "max_depth": 2.0, "min_child_weight": 4405.2421454939185, "num_boost_round": 131.0, "subsample": 0.40461549417502396}, "datetime": {"datetime": "2024-01-20 14:59:47", "elapsed": 2140.657719, "delta": 0.003361}}
{"target": -13.496378052043502, "params": {"colsample_bytree": 0.25910678112525837, "eta": 0.05153038526904421, "gamma": 697.4945696645344, "max_depth": 2.0, "min_child_weight": 4405.2421454939185, "num_boost_round": 132.0, "subsample": 0.40461549417502396}, "datetime": {"datetime": "2024-01-20 14:59:47", "elapsed": 2140.660974, "delta": 0.003255}}
{"target": -13.496299722282412, "params": {"colsample_bytree": 0.25910678112525837, "eta": 0.05153038526904421, "gamma": 697.4945696645344, "max_depth": 2.0, "min_child_weight": 4405.2421454939185, "num_boost_round": 133.0, "subsample": 0.40461549417502396}, "datetime": {"datetime": "2024-01-20 14:59:47", "elapsed": 2140.66426, "delta": 0.003286}}
{"target": -13.496336117515755, "params": {"colsample_bytree": 0.25910678112525837, "eta": 0.05153038526904421, "gamma": 697.4945696645344, "max_depth": 2.0, "min_child_weight": 4405.2421454939185, "num_boost_round": 134.0, "subsample": 0.40461549417502396}, "datetime": {"datetime": "2024-01-20 14:59:47", "elapsed": 2140.667515, "delta": 0.003255}}
{"target": -13.49637032338391, "params": {"colsample_bytree": 0.25910678112525837, "eta": 0.05153038526904421, "gamma": 697.4945696645344, "max_depth": 2.0, "min_child_weight": 4405.2421454939185, "num_boost_round": 135.0, "subsample": 0.40461549417502396}, "datetime": {"datetime": "2024-01-20 14:59:47", "elapsed": 2140.670771, "delta": 0.003256}}
{"target": -13.496350501679993, "params": {"colsample_bytree": 0.25910678112525837, "eta": 0.05153038526904421, "gamma": 697.4945696645344, "max_depth": 2.0, "min_child_weight": 4405.2421454939185, "num_boost_round": 136.0, "subsample": 0.40461549417502396}, "datetime": {"datetime": "2024-01-20 14:59:47", "elapsed": 2140.67403, "delta": 0.003259}}
{"target": -13.4963141743766, "params": {"colsample_bytree": 0.25910678112525837, "eta": 0.05153038526904421, "gamma": 697.4945696645344, "max_depth": 2.0, "min_child_weight": 4405.2421454939185, "num_boost_round": 137.0, "subsample": 0.40461549417502396}, "datetime": {"datetime": "2024-01-20 14:59:47", "elapsed": 2140.677267, "delta": 0.003237}}
{"target": -13.496367091671628, "params": {"colsample_bytree": 0.25910678112525837, "eta": 0.05153038526904421, "gamma": 697.4945696645344, "max_depth": 2.0, "min_child_weight": 4405.2421454939185, "num_boost_round": 138.0, "subsample": 0.40461549417502396}, "datetime": {"datetime": "2024-01-20 14:59:47", "elapsed": 2140.680562, "delta": 0.003295}}
{"target": -13.49640164213686, "params": {"colsample_bytree": 0.25910678112525837, "eta": 0.05153038526904421, "gamma": 697.4945696645344, "max_depth": 2.0, "min_child_weight": 4405.2421454939185, "num_boost_round": 139.0, "subsample": 0.40461549417502396}, "datetime": {"datetime": "2024-01-20 14:59:47", "elapsed": 2140.68381, "delta": 0.003248}}
{"target": -13.496390163624051, "params": {"colsample_bytree": 0.25910678112525837, "eta": 0.05153038526904421, "gamma": 697.4945696645344, "max_depth": 2.0, "min_child_weight": 4405.2421454939185, "num_boost_round": 140.0, "subsample": 0.40461549417502396}, "datetime": {"datetime": "2024-01-20 14:59:47", "elapsed": 2140.687063, "delta": 0.003253}}
{"target": -13.496384455450864, "params": {"colsample_bytree": 0.25910678112525837, "eta": 0.05153038526904421, "gamma": 697.4945696645344, "max_depth": 2.0, "min_child_weight": 4405.2421454939185, "num_boost_round": 141.0, "subsample": 0.40461549417502396}, "datetime": {"datetime": "2024-01-20 14:59:47", "elapsed": 2140.690318, "delta": 0.003255}}
{"target": -13.496333252180792, "params": {"colsample_bytree": 0.25910678112525837, "eta": 0.05153038526904421, "gamma": 697.4945696645344, "max_depth": 2.0, "min_child_weight": 4405.2421454939185, "num_boost_round": 142.0, "subsample": 0.40461549417502396}, "datetime": {"datetime": "2024-01-20 14:59:47", "elapsed": 2140.694078, "delta": 0.00376}}
{"target": -13.496313911885467, "params": {"colsample_bytree": 0.25910678112525837, "eta": 0.05153038526904421, "gamma": 697.4945696645344, "max_depth": 2.0, "min_child_weight": 4405.2421454939185, "num_boost_round": 143.0, "subsample": 0.40461549417502396}, "datetime": {"datetime": "2024-01-20 14:59:47", "elapsed": 2140.697561, "delta": 0.003483}}
{"target": -13.496347586678388, "params": {"colsample_bytree": 0.25910678112525837, "eta": 0.05153038526904421, "gamma": 697.4945696645344, "max_depth": 2.0, "min_child_weight": 4405.2421454939185, "num_boost_round": 144.0, "subsample": 0.40461549417502396}, "datetime": {"datetime": "2024-01-20 14:59:47", "elapsed": 2140.700926, "delta": 0.003365}}
{"target": -13.496419081444948, "params": {"colsample_bytree": 0.25910678112525837, "eta": 0.05153038526904421, "gamma": 697.4945696645344, "max_depth": 2.0, "min_child_weight": 4405.2421454939185, "num_boost_round": 145.0, "subsample": 0.40461549417502396}, "datetime": {"datetime": "2024-01-20 14:59:47", "elapsed": 2140.704251, "delta": 0.003325}}
{"target": -13.49639952174142, "params": {"colsample_bytree": 0.25910678112525837, "eta": 0.05153038526904421, "gamma": 697.4945696645344, "max_depth": 2.0, "min_child_weight": 4405.2421454939185, "num_boost_round": 146.0, "subsample": 0.40461549417502396}, "datetime": {"datetime": "2024-01-20 14:59:47", "elapsed": 2140.707499, "delta": 0.003248}}
{"target": -13.496472540506208, "params": {"colsample_bytree": 0.25910678112525837, "eta": 0.05153038526904421, "gamma": 697.4945696645344, "max_depth": 2.0, "min_child_weight": 4405.2421454939185, "num_boost_round": 147.0, "subsample": 0.40461549417502396}, "datetime": {"datetime": "2024-01-20 14:59:47", "elapsed": 2140.710738, "delta": 0.003239}}
{"target": -13.496523947347999, "params": {"colsample_bytree": 0.25910678112525837, "eta": 0.05153038526904421, "gamma": 697.4945696645344, "max_depth": 2.0, "min_child_weight": 4405.2421454939185, "num_boost_round": 148.0, "subsample": 0.40461549417502396}, "datetime": {"datetime": "2024-01-20 14:59:47", "elapsed": 2140.713991, "delta": 0.003253}}
{"target": -13.496623131091722, "params": {"colsample_bytree": 0.25910678112525837, "eta": 0.05153038526904421, "gamma": 697.4945696645344, "max_depth": 2.0, "min_child_weight": 4405.2421454939185, "num_boost_round": 149.0, "subsample": 0.40461549417502396}, "datetime": {"datetime": "2024-01-20 14:59:47", "elapsed": 2140.717298, "delta": 0.003307}}
{"target": -13.496672718858623, "params": {"colsample_bytree": 0.25910678112525837, "eta": 0.05153038526904421, "gamma": 697.4945696645344, "max_depth": 2.0, "min_child_weight": 4405.2421454939185, "num_boost_round": 150.0, "subsample": 0.40461549417502396}, "datetime": {"datetime": "2024-01-20 14:59:47", "elapsed": 2140.720652, "delta": 0.003354}}
{"target": -13.496733297569614, "params": {"colsample_bytree": 0.25910678112525837, "eta": 0.05153038526904421, "gamma": 697.4945696645344, "max_depth": 2.0, "min_child_weight": 4405.2421454939185, "num_boost_round": 151.0, "subsample": 0.40461549417502396}, "datetime": {"datetime": "2024-01-20 14:59:47", "elapsed": 2140.723945, "delta": 0.003293}}
{"target": -13.496831552813514, "params": {"colsample_bytree": 0.25910678112525837, "eta": 0.05153038526904421, "gamma": 697.4945696645344, "max_depth": 2.0, "min_child_weight": 4405.2421454939185, "num_boost_round": 152.0, "subsample": 0.40461549417502396}, "datetime": {"datetime": "2024-01-20 14:59:47", "elapsed": 2141.007748, "delta": 0.283803}}
{"target": -13.49686758573068, "params": {"colsample_bytree": 0.25910678112525837, "eta": 0.05153038526904421, "gamma": 697.4945696645344, "max_depth": 2.0, "min_child_weight": 4405.2421454939185, "num_boost_round": 153.0, "subsample": 0.40461549417502396}, "datetime": {"datetime": "2024-01-20 14:59:47", "elapsed": 2141.011761, "delta": 0.004013}}
{"target": -13.496905982454328, "params": {"colsample_bytree": 0.25910678112525837, "eta": 0.05153038526904421, "gamma": 697.4945696645344, "max_depth": 2.0, "min_child_weight": 4405.2421454939185, "num_boost_round": 154.0, "subsample": 0.40461549417502396}, "datetime": {"datetime": "2024-01-20 14:59:47", "elapsed": 2141.0153, "delta": 0.003539}}
{"target": -13.496874984233544, "params": {"colsample_bytree": 0.25910678112525837, "eta": 0.05153038526904421, "gamma": 697.4945696645344, "max_depth": 2.0, "min_child_weight": 4405.2421454939185, "num_boost_round": 155.0, "subsample": 0.40461549417502396}, "datetime": {"datetime": "2024-01-20 14:59:47", "elapsed": 2141.01875, "delta": 0.00345}}
{"target": -13.496817070139222, "params": {"colsample_bytree": 0.25910678112525837, "eta": 0.05153038526904421, "gamma": 697.4945696645344, "max_depth": 2.0, "min_child_weight": 4405.2421454939185, "num_boost_round": 156.0, "subsample": 0.40461549417502396}, "datetime": {"datetime": "2024-01-20 14:59:47", "elapsed": 2141.022216, "delta": 0.003466}}
{"target": -13.496808543789658, "params": {"colsample_bytree": 0.25910678112525837, "eta": 0.05153038526904421, "gamma": 697.4945696645344, "max_depth": 2.0, "min_child_weight": 4405.2421454939185, "num_boost_round": 157.0, "subsample": 0.40461549417502396}, "datetime": {"datetime": "2024-01-20 14:59:47", "elapsed": 2141.02575, "delta": 0.003534}}
{"target": -13.496859101013582, "params": {"colsample_bytree": 0.25910678112525837, "eta": 0.05153038526904421, "gamma": 697.4945696645344, "max_depth": 2.0, "min_child_weight": 4405.2421454939185, "num_boost_round": 158.0, "subsample": 0.40461549417502396}, "datetime": {"datetime": "2024-01-20 14:59:47", "elapsed": 2141.029213, "delta": 0.003463}}
{"target": -13.496845674452663, "params": {"colsample_bytree": 0.25910678112525837, "eta": 0.05153038526904421, "gamma": 697.4945696645344, "max_depth": 2.0, "min_child_weight": 4405.2421454939185, "num_boost_round": 159.0, "subsample": 0.40461549417502396}, "datetime": {"datetime": "2024-01-20 14:59:47", "elapsed": 2141.032624, "delta": 0.003411}}
{"target": -13.496848702595031, "params": {"colsample_bytree": 0.25910678112525837, "eta": 0.05153038526904421, "gamma": 697.4945696645344, "max_depth": 2.0, "min_child_weight": 4405.2421454939185, "num_boost_round": 160.0, "subsample": 0.40461549417502396}, "datetime": {"datetime": "2024-01-20 14:59:47", "elapsed": 2141.036076, "delta": 0.003452}}
{"target": -13.496843706168264, "params": {"colsample_bytree": 0.25910678112525837, "eta": 0.05153038526904421, "gamma": 697.4945696645344, "max_depth": 2.0, "min_child_weight": 4405.2421454939185, "num_boost_round": 161.0, "subsample": 0.40461549417502396}, "datetime": {"datetime": "2024-01-20 14:59:47", "elapsed": 2141.039524, "delta": 0.003448}}
{"target": -13.496834204054679, "params": {"colsample_bytree": 0.25910678112525837, "eta": 0.05153038526904421, "gamma": 697.4945696645344, "max_depth": 2.0, "min_child_weight": 4405.2421454939185, "num_boost_round": 162.0, "subsample": 0.40461549417502396}, "datetime": {"datetime": "2024-01-20 14:59:47", "elapsed": 2141.043102, "delta": 0.003578}}
{"target": -13.49669783003116, "params": {"colsample_bytree": 0.25910678112525837, "eta": 0.05153038526904421, "gamma": 697.4945696645344, "max_depth": 2.0, "min_child_weight": 4405.2421454939185, "num_boost_round": 163.0, "subsample": 0.40461549417502396}, "datetime": {"datetime": "2024-01-20 14:59:47", "elapsed": 2141.046594, "delta": 0.003492}}
{"target": -13.49663590323997, "params": {"colsample_bytree": 0.25910678112525837, "eta": 0.05153038526904421, "gamma": 697.4945696645344, "max_depth": 2.0, "min_child_weight": 4405.2421454939185, "num_boost_round": 164.0, "subsample": 0.40461549417502396}, "datetime": {"datetime": "2024-01-20 14:59:47", "elapsed": 2141.050058, "delta": 0.003464}}
{"target": -13.496722922192994, "params": {"colsample_bytree": 0.25910678112525837, "eta": 0.05153038526904421, "gamma": 697.4945696645344, "max_depth": 2.0, "min_child_weight": 4405.2421454939185, "num_boost_round": 165.0, "subsample": 0.40461549417502396}, "datetime": {"datetime": "2024-01-20 14:59:47", "elapsed": 2141.053488, "delta": 0.00343}}
{"target": -13.496701679511872, "params": {"colsample_bytree": 0.25910678112525837, "eta": 0.05153038526904421, "gamma": 697.4945696645344, "max_depth": 2.0, "min_child_weight": 4405.2421454939185, "num_boost_round": 166.0, "subsample": 0.40461549417502396}, "datetime": {"datetime": "2024-01-20 14:59:47", "elapsed": 2141.056937, "delta": 0.003449}}
{"target": -13.497932223736033, "params": {"colsample_bytree": 0.3646591706603064, "eta": 0.09456606927917846, "gamma": 521.5216159938035, "max_depth": 5.0, "min_child_weight": 4363.958055858137, "num_boost_round": 1.0, "subsample": 0.7948693468445714}, "datetime": {"datetime": "2024-01-20 15:01:34", "elapsed": 2248.347003, "delta": 107.290066}}
{"target": -13.497719854343373, "params": {"colsample_bytree": 0.3646591706603064, "eta": 0.09456606927917846, "gamma": 521.5216159938035, "max_depth": 5.0, "min_child_weight": 4363.958055858137, "num_boost_round": 2.0, "subsample": 0.7948693468445714}, "datetime": {"datetime": "2024-01-20 15:01:34", "elapsed": 2248.351636, "delta": 0.004633}}
{"target": -13.497739892550783, "params": {"colsample_bytree": 0.3646591706603064, "eta": 0.09456606927917846, "gamma": 521.5216159938035, "max_depth": 5.0, "min_child_weight": 4363.958055858137, "num_boost_round": 3.0, "subsample": 0.7948693468445714}, "datetime": {"datetime": "2024-01-20 15:01:34", "elapsed": 2248.355266, "delta": 0.00363}}
{"target": -13.498058953579147, "params": {"colsample_bytree": 0.3646591706603064, "eta": 0.09456606927917846, "gamma": 521.5216159938035, "max_depth": 5.0, "min_child_weight": 4363.958055858137, "num_boost_round": 4.0, "subsample": 0.7948693468445714}, "datetime": {"datetime": "2024-01-20 15:01:34", "elapsed": 2248.358621, "delta": 0.003355}}
{"target": -13.497848309748523, "params": {"colsample_bytree": 0.3646591706603064, "eta": 0.09456606927917846, "gamma": 521.5216159938035, "max_depth": 5.0, "min_child_weight": 4363.958055858137, "num_boost_round": 5.0, "subsample": 0.7948693468445714}, "datetime": {"datetime": "2024-01-20 15:01:34", "elapsed": 2248.362072, "delta": 0.003451}}
{"target": -13.497825901124052, "params": {"colsample_bytree": 0.3646591706603064, "eta": 0.09456606927917846, "gamma": 521.5216159938035, "max_depth": 5.0, "min_child_weight": 4363.958055858137, "num_boost_round": 6.0, "subsample": 0.7948693468445714}, "datetime": {"datetime": "2024-01-20 15:01:34", "elapsed": 2248.365412, "delta": 0.00334}}
{"target": -13.4983550737069, "params": {"colsample_bytree": 0.3646591706603064, "eta": 0.09456606927917846, "gamma": 521.5216159938035, "max_depth": 5.0, "min_child_weight": 4363.958055858137, "num_boost_round": 7.0, "subsample": 0.7948693468445714}, "datetime": {"datetime": "2024-01-20 15:01:34", "elapsed": 2248.368721, "delta": 0.003309}}
