{"target": -10.475628701806716, "params": {"colsample_bytree": 0.40852449219076037, "eta": 0.01729112969121812, "gamma": 483.9173885554959, "max_depth": 5.0, "min_child_weight": 4815.871967635635, "num_boost_round": 5.0, "subsample": 0.3097537339122454}, "datetime": {"datetime": "2024-01-20 15:46:30", "elapsed": 8483.026407, "delta": 0.005608}}
{"target": -10.475778668464002, "params": {"colsample_bytree": 0.422449758963067, "eta": 0.04507453582504986, "gamma": 443.4080826399026, "max_depth": 6.0, "min_child_weight": 4802.917796714111, "num_boost_round": 1.0, "subsample": 0.9140051074834721}, "datetime": {"datetime": "2024-01-20 15:48:10", "elapsed": 8582.805556, "delta": 99.779149}}
{"target": -10.475421578491062, "params": {"colsample_bytree": 0.422449758963067, "eta": 0.04507453582504986, "gamma": 443.4080826399026, "max_depth": 6.0, "min_child_weight": 4802.917796714111, "num_boost_round": 2.0, "subsample": 0.9140051074834721}, "datetime": {"datetime": "2024-01-20 15:48:10", "elapsed": 8582.812917, "delta": 0.007361}}
{"target": -10.475425021667991, "params": {"colsample_bytree": 0.422449758963067, "eta": 0.04507453582504986, "gamma": 443.4080826399026, "max_depth": 6.0, "min_child_weight": 4802.917796714111, "num_boost_round": 3.0, "subsample": 0.9140051074834721}, "datetime": {"datetime": "2024-01-20 15:48:10", "elapsed": 8582.819033, "delta": 0.006116}}
{"target": -10.475231978454488, "params": {"colsample_bytree": 0.422449758963067, "eta": 0.04507453582504986, "gamma": 443.4080826399026, "max_depth": 6.0, "min_child_weight": 4802.917796714111, "num_boost_round": 4.0, "subsample": 0.9140051074834721}, "datetime": {"datetime": "2024-01-20 15:48:10", "elapsed": 8582.824909, "delta": 0.005876}}
{"target": -10.474782099592428, "params": {"colsample_bytree": 0.422449758963067, "eta": 0.04507453582504986, "gamma": 443.4080826399026, "max_depth": 6.0, "min_child_weight": 4802.917796714111, "num_boost_round": 5.0, "subsample": 0.9140051074834721}, "datetime": {"datetime": "2024-01-20 15:48:10", "elapsed": 8582.8308, "delta": 0.005891}}
{"target": -10.474765545091783, "params": {"colsample_bytree": 0.422449758963067, "eta": 0.04507453582504986, "gamma": 443.4080826399026, "max_depth": 6.0, "min_child_weight": 4802.917796714111, "num_boost_round": 6.0, "subsample": 0.9140051074834721}, "datetime": {"datetime": "2024-01-20 15:48:10", "elapsed": 8582.836825, "delta": 0.006025}}
{"target": -10.474419290935508, "params": {"colsample_bytree": 0.422449758963067, "eta": 0.04507453582504986, "gamma": 443.4080826399026, "max_depth": 6.0, "min_child_weight": 4802.917796714111, "num_boost_round": 7.0, "subsample": 0.9140051074834721}, "datetime": {"datetime": "2024-01-20 15:48:10", "elapsed": 8582.842945, "delta": 0.00612}}
{"target": -10.474250224209653, "params": {"colsample_bytree": 0.422449758963067, "eta": 0.04507453582504986, "gamma": 443.4080826399026, "max_depth": 6.0, "min_child_weight": 4802.917796714111, "num_boost_round": 8.0, "subsample": 0.9140051074834721}, "datetime": {"datetime": "2024-01-20 15:48:10", "elapsed": 8582.848894, "delta": 0.005949}}
{"target": -10.474121769401574, "params": {"colsample_bytree": 0.422449758963067, "eta": 0.04507453582504986, "gamma": 443.4080826399026, "max_depth": 6.0, "min_child_weight": 4802.917796714111, "num_boost_round": 9.0, "subsample": 0.9140051074834721}, "datetime": {"datetime": "2024-01-20 15:48:10", "elapsed": 8582.854479, "delta": 0.005585}}
{"target": -10.474015799351463, "params": {"colsample_bytree": 0.422449758963067, "eta": 0.04507453582504986, "gamma": 443.4080826399026, "max_depth": 6.0, "min_child_weight": 4802.917796714111, "num_boost_round": 10.0, "subsample": 0.9140051074834721}, "datetime": {"datetime": "2024-01-20 15:48:10", "elapsed": 8582.860342, "delta": 0.005863}}
{"target": -10.473990830203542, "params": {"colsample_bytree": 0.422449758963067, "eta": 0.04507453582504986, "gamma": 443.4080826399026, "max_depth": 6.0, "min_child_weight": 4802.917796714111, "num_boost_round": 11.0, "subsample": 0.9140051074834721}, "datetime": {"datetime": "2024-01-20 15:48:10", "elapsed": 8582.866028, "delta": 0.005686}}
{"target": -10.47396004584493, "params": {"colsample_bytree": 0.422449758963067, "eta": 0.04507453582504986, "gamma": 443.4080826399026, "max_depth": 6.0, "min_child_weight": 4802.917796714111, "num_boost_round": 12.0, "subsample": 0.9140051074834721}, "datetime": {"datetime": "2024-01-20 15:48:10", "elapsed": 8582.871583, "delta": 0.005555}}
{"target": -10.47398129849581, "params": {"colsample_bytree": 0.422449758963067, "eta": 0.04507453582504986, "gamma": 443.4080826399026, "max_depth": 6.0, "min_child_weight": 4802.917796714111, "num_boost_round": 13.0, "subsample": 0.9140051074834721}, "datetime": {"datetime": "2024-01-20 15:48:10", "elapsed": 8582.877324, "delta": 0.005741}}
{"target": -10.47393960279334, "params": {"colsample_bytree": 0.422449758963067, "eta": 0.04507453582504986, "gamma": 443.4080826399026, "max_depth": 6.0, "min_child_weight": 4802.917796714111, "num_boost_round": 14.0, "subsample": 0.9140051074834721}, "datetime": {"datetime": "2024-01-20 15:48:10", "elapsed": 8582.882786, "delta": 0.005462}}
{"target": -10.474288281003844, "params": {"colsample_bytree": 0.422449758963067, "eta": 0.04507453582504986, "gamma": 443.4080826399026, "max_depth": 6.0, "min_child_weight": 4802.917796714111, "num_boost_round": 15.0, "subsample": 0.9140051074834721}, "datetime": {"datetime": "2024-01-20 15:48:10", "elapsed": 8582.888332, "delta": 0.005546}}
{"target": -10.474746464958619, "params": {"colsample_bytree": 0.422449758963067, "eta": 0.04507453582504986, "gamma": 443.4080826399026, "max_depth": 6.0, "min_child_weight": 4802.917796714111, "num_boost_round": 16.0, "subsample": 0.9140051074834721}, "datetime": {"datetime": "2024-01-20 15:48:10", "elapsed": 8582.893938, "delta": 0.005606}}
{"target": -10.475033643552653, "params": {"colsample_bytree": 0.422449758963067, "eta": 0.04507453582504986, "gamma": 443.4080826399026, "max_depth": 6.0, "min_child_weight": 4802.917796714111, "num_boost_round": 17.0, "subsample": 0.9140051074834721}, "datetime": {"datetime": "2024-01-20 15:48:10", "elapsed": 8582.899837, "delta": 0.005899}}
{"target": -10.475166247941559, "params": {"colsample_bytree": 0.422449758963067, "eta": 0.04507453582504986, "gamma": 443.4080826399026, "max_depth": 6.0, "min_child_weight": 4802.917796714111, "num_boost_round": 18.0, "subsample": 0.9140051074834721}, "datetime": {"datetime": "2024-01-20 15:48:10", "elapsed": 8582.905671, "delta": 0.005834}}
{"target": -10.47531541449504, "params": {"colsample_bytree": 0.422449758963067, "eta": 0.04507453582504986, "gamma": 443.4080826399026, "max_depth": 6.0, "min_child_weight": 4802.917796714111, "num_boost_round": 19.0, "subsample": 0.9140051074834721}, "datetime": {"datetime": "2024-01-20 15:48:10", "elapsed": 8582.911757, "delta": 0.006086}}
{"target": -10.475441405758982, "params": {"colsample_bytree": 0.422449758963067, "eta": 0.04507453582504986, "gamma": 443.4080826399026, "max_depth": 6.0, "min_child_weight": 4802.917796714111, "num_boost_round": 20.0, "subsample": 0.9140051074834721}, "datetime": {"datetime": "2024-01-20 15:48:10", "elapsed": 8582.917394, "delta": 0.005637}}
{"target": -10.475266757186525, "params": {"colsample_bytree": 0.422449758963067, "eta": 0.04507453582504986, "gamma": 443.4080826399026, "max_depth": 6.0, "min_child_weight": 4802.917796714111, "num_boost_round": 21.0, "subsample": 0.9140051074834721}, "datetime": {"datetime": "2024-01-20 15:48:10", "elapsed": 8582.922908, "delta": 0.005514}}
{"target": -10.47523672240482, "params": {"colsample_bytree": 0.422449758963067, "eta": 0.04507453582504986, "gamma": 443.4080826399026, "max_depth": 6.0, "min_child_weight": 4802.917796714111, "num_boost_round": 22.0, "subsample": 0.9140051074834721}, "datetime": {"datetime": "2024-01-20 15:48:10", "elapsed": 8582.928436, "delta": 0.005528}}
{"target": -10.475523731902062, "params": {"colsample_bytree": 0.422449758963067, "eta": 0.04507453582504986, "gamma": 443.4080826399026, "max_depth": 6.0, "min_child_weight": 4802.917796714111, "num_boost_round": 23.0, "subsample": 0.9140051074834721}, "datetime": {"datetime": "2024-01-20 15:48:10", "elapsed": 8582.934044, "delta": 0.005608}}
{"target": -10.475619490736186, "params": {"colsample_bytree": 0.422449758963067, "eta": 0.04507453582504986, "gamma": 443.4080826399026, "max_depth": 6.0, "min_child_weight": 4802.917796714111, "num_boost_round": 24.0, "subsample": 0.9140051074834721}, "datetime": {"datetime": "2024-01-20 15:48:10", "elapsed": 8582.939795, "delta": 0.005751}}
{"target": -10.475551510498901, "params": {"colsample_bytree": 0.422449758963067, "eta": 0.04507453582504986, "gamma": 443.4080826399026, "max_depth": 6.0, "min_child_weight": 4802.917796714111, "num_boost_round": 25.0, "subsample": 0.9140051074834721}, "datetime": {"datetime": "2024-01-20 15:48:10", "elapsed": 8582.945364, "delta": 0.005569}}
{"target": -10.475731675168246, "params": {"colsample_bytree": 0.422449758963067, "eta": 0.04507453582504986, "gamma": 443.4080826399026, "max_depth": 6.0, "min_child_weight": 4802.917796714111, "num_boost_round": 26.0, "subsample": 0.9140051074834721}, "datetime": {"datetime": "2024-01-20 15:48:10", "elapsed": 8582.950966, "delta": 0.005602}}
{"target": -10.476024656029953, "params": {"colsample_bytree": 0.422449758963067, "eta": 0.04507453582504986, "gamma": 443.4080826399026, "max_depth": 6.0, "min_child_weight": 4802.917796714111, "num_boost_round": 27.0, "subsample": 0.9140051074834721}, "datetime": {"datetime": "2024-01-20 15:48:10", "elapsed": 8582.956876, "delta": 0.00591}}
{"target": -10.47621215216603, "params": {"colsample_bytree": 0.422449758963067, "eta": 0.04507453582504986, "gamma": 443.4080826399026, "max_depth": 6.0, "min_child_weight": 4802.917796714111, "num_boost_round": 28.0, "subsample": 0.9140051074834721}, "datetime": {"datetime": "2024-01-20 15:48:10", "elapsed": 8582.962689, "delta": 0.005813}}
{"target": -10.476589069917122, "params": {"colsample_bytree": 0.422449758963067, "eta": 0.04507453582504986, "gamma": 443.4080826399026, "max_depth": 6.0, "min_child_weight": 4802.917796714111, "num_boost_round": 29.0, "subsample": 0.9140051074834721}, "datetime": {"datetime": "2024-01-20 15:48:10", "elapsed": 8582.971588, "delta": 0.008899}}
{"target": -10.47670566244935, "params": {"colsample_bytree": 0.422449758963067, "eta": 0.04507453582504986, "gamma": 443.4080826399026, "max_depth": 6.0, "min_child_weight": 4802.917796714111, "num_boost_round": 30.0, "subsample": 0.9140051074834721}, "datetime": {"datetime": "2024-01-20 15:48:10", "elapsed": 8582.978282, "delta": 0.006694}}
{"target": -10.476794782406962, "params": {"colsample_bytree": 0.422449758963067, "eta": 0.04507453582504986, "gamma": 443.4080826399026, "max_depth": 6.0, "min_child_weight": 4802.917796714111, "num_boost_round": 31.0, "subsample": 0.9140051074834721}, "datetime": {"datetime": "2024-01-20 15:48:10", "elapsed": 8582.98506, "delta": 0.006778}}
{"target": -10.476935491180996, "params": {"colsample_bytree": 0.422449758963067, "eta": 0.04507453582504986, "gamma": 443.4080826399026, "max_depth": 6.0, "min_child_weight": 4802.917796714111, "num_boost_round": 32.0, "subsample": 0.9140051074834721}, "datetime": {"datetime": "2024-01-20 15:48:10", "elapsed": 8582.991173, "delta": 0.006113}}
{"target": -10.476997253697288, "params": {"colsample_bytree": 0.422449758963067, "eta": 0.04507453582504986, "gamma": 443.4080826399026, "max_depth": 6.0, "min_child_weight": 4802.917796714111, "num_boost_round": 33.0, "subsample": 0.9140051074834721}, "datetime": {"datetime": "2024-01-20 15:48:10", "elapsed": 8582.996835, "delta": 0.005662}}
{"target": -10.476932523970397, "params": {"colsample_bytree": 0.422449758963067, "eta": 0.04507453582504986, "gamma": 443.4080826399026, "max_depth": 6.0, "min_child_weight": 4802.917796714111, "num_boost_round": 34.0, "subsample": 0.9140051074834721}, "datetime": {"datetime": "2024-01-20 15:48:10", "elapsed": 8583.00237, "delta": 0.005535}}
{"target": -10.477193455508669, "params": {"colsample_bytree": 0.422449758963067, "eta": 0.04507453582504986, "gamma": 443.4080826399026, "max_depth": 6.0, "min_child_weight": 4802.917796714111, "num_boost_round": 35.0, "subsample": 0.9140051074834721}, "datetime": {"datetime": "2024-01-20 15:48:10", "elapsed": 8583.007892, "delta": 0.005522}}
{"target": -10.47544278498877, "params": {"colsample_bytree": 0.7649971634762158, "eta": 0.03828144661414581, "gamma": 279.91397626500816, "max_depth": 7.0, "min_child_weight": 4854.571285554685, "num_boost_round": 1.0, "subsample": 0.28712103417794455}, "datetime": {"datetime": "2024-01-20 15:49:38", "elapsed": 8670.652637, "delta": 87.644745}}
{"target": -10.475001019616618, "params": {"colsample_bytree": 0.7649971634762158, "eta": 0.03828144661414581, "gamma": 279.91397626500816, "max_depth": 7.0, "min_child_weight": 4854.571285554685, "num_boost_round": 2.0, "subsample": 0.28712103417794455}, "datetime": {"datetime": "2024-01-20 15:49:38", "elapsed": 8670.660823, "delta": 0.008186}}
{"target": -10.474797980073216, "params": {"colsample_bytree": 0.7649971634762158, "eta": 0.03828144661414581, "gamma": 279.91397626500816, "max_depth": 7.0, "min_child_weight": 4854.571285554685, "num_boost_round": 3.0, "subsample": 0.28712103417794455}, "datetime": {"datetime": "2024-01-20 15:49:38", "elapsed": 8670.667659, "delta": 0.006836}}
{"target": -10.474488624588858, "params": {"colsample_bytree": 0.7649971634762158, "eta": 0.03828144661414581, "gamma": 279.91397626500816, "max_depth": 7.0, "min_child_weight": 4854.571285554685, "num_boost_round": 4.0, "subsample": 0.28712103417794455}, "datetime": {"datetime": "2024-01-20 15:49:38", "elapsed": 8670.674012, "delta": 0.006353}}
{"target": -10.47417741896047, "params": {"colsample_bytree": 0.7649971634762158, "eta": 0.03828144661414581, "gamma": 279.91397626500816, "max_depth": 7.0, "min_child_weight": 4854.571285554685, "num_boost_round": 5.0, "subsample": 0.28712103417794455}, "datetime": {"datetime": "2024-01-20 15:49:38", "elapsed": 8670.680414, "delta": 0.006402}}
{"target": -10.473853025727472, "params": {"colsample_bytree": 0.7649971634762158, "eta": 0.03828144661414581, "gamma": 279.91397626500816, "max_depth": 7.0, "min_child_weight": 4854.571285554685, "num_boost_round": 6.0, "subsample": 0.28712103417794455}, "datetime": {"datetime": "2024-01-20 15:49:38", "elapsed": 8670.686728, "delta": 0.006314}}
{"target": -10.47361182844756, "params": {"colsample_bytree": 0.7649971634762158, "eta": 0.03828144661414581, "gamma": 279.91397626500816, "max_depth": 7.0, "min_child_weight": 4854.571285554685, "num_boost_round": 7.0, "subsample": 0.28712103417794455}, "datetime": {"datetime": "2024-01-20 15:49:38", "elapsed": 8670.692505, "delta": 0.005777}}
{"target": -10.4733773083785, "params": {"colsample_bytree": 0.7649971634762158, "eta": 0.03828144661414581, "gamma": 279.91397626500816, "max_depth": 7.0, "min_child_weight": 4854.571285554685, "num_boost_round": 8.0, "subsample": 0.28712103417794455}, "datetime": {"datetime": "2024-01-20 15:49:38", "elapsed": 8670.698463, "delta": 0.005958}}
{"target": -10.473219773815387, "params": {"colsample_bytree": 0.7649971634762158, "eta": 0.03828144661414581, "gamma": 279.91397626500816, "max_depth": 7.0, "min_child_weight": 4854.571285554685, "num_boost_round": 9.0, "subsample": 0.28712103417794455}, "datetime": {"datetime": "2024-01-20 15:49:38", "elapsed": 8670.704217, "delta": 0.005754}}
{"target": -10.472918788096429, "params": {"colsample_bytree": 0.7649971634762158, "eta": 0.03828144661414581, "gamma": 279.91397626500816, "max_depth": 7.0, "min_child_weight": 4854.571285554685, "num_boost_round": 10.0, "subsample": 0.28712103417794455}, "datetime": {"datetime": "2024-01-20 15:49:38", "elapsed": 8670.710205, "delta": 0.005988}}
{"target": -10.4727486295515, "params": {"colsample_bytree": 0.7649971634762158, "eta": 0.03828144661414581, "gamma": 279.91397626500816, "max_depth": 7.0, "min_child_weight": 4854.571285554685, "num_boost_round": 11.0, "subsample": 0.28712103417794455}, "datetime": {"datetime": "2024-01-20 15:49:38", "elapsed": 8670.716033, "delta": 0.005828}}
{"target": -10.472808282872126, "params": {"colsample_bytree": 0.7649971634762158, "eta": 0.03828144661414581, "gamma": 279.91397626500816, "max_depth": 7.0, "min_child_weight": 4854.571285554685, "num_boost_round": 12.0, "subsample": 0.28712103417794455}, "datetime": {"datetime": "2024-01-20 15:49:38", "elapsed": 8670.721886, "delta": 0.005853}}
{"target": -10.472775031891908, "params": {"colsample_bytree": 0.7649971634762158, "eta": 0.03828144661414581, "gamma": 279.91397626500816, "max_depth": 7.0, "min_child_weight": 4854.571285554685, "num_boost_round": 13.0, "subsample": 0.28712103417794455}, "datetime": {"datetime": "2024-01-20 15:49:38", "elapsed": 8670.727674, "delta": 0.005788}}
{"target": -10.47263750086081, "params": {"colsample_bytree": 0.7649971634762158, "eta": 0.03828144661414581, "gamma": 279.91397626500816, "max_depth": 7.0, "min_child_weight": 4854.571285554685, "num_boost_round": 14.0, "subsample": 0.28712103417794455}, "datetime": {"datetime": "2024-01-20 15:49:38", "elapsed": 8670.733422, "delta": 0.005748}}
{"target": -10.472551764337812, "params": {"colsample_bytree": 0.7649971634762158, "eta": 0.03828144661414581, "gamma": 279.91397626500816, "max_depth": 7.0, "min_child_weight": 4854.571285554685, "num_boost_round": 15.0, "subsample": 0.28712103417794455}, "datetime": {"datetime": "2024-01-20 15:49:38", "elapsed": 8670.739303, "delta": 0.005881}}
{"target": -10.472719149691441, "params": {"colsample_bytree": 0.7649971634762158, "eta": 0.03828144661414581, "gamma": 279.91397626500816, "max_depth": 7.0, "min_child_weight": 4854.571285554685, "num_boost_round": 16.0, "subsample": 0.28712103417794455}, "datetime": {"datetime": "2024-01-20 15:49:38", "elapsed": 8670.745183, "delta": 0.00588}}
{"target": -10.472745684281888, "params": {"colsample_bytree": 0.7649971634762158, "eta": 0.03828144661414581, "gamma": 279.91397626500816, "max_depth": 7.0, "min_child_weight": 4854.571285554685, "num_boost_round": 17.0, "subsample": 0.28712103417794455}, "datetime": {"datetime": "2024-01-20 15:49:38", "elapsed": 8670.75129, "delta": 0.006107}}
{"target": -10.472876477425611, "params": {"colsample_bytree": 0.7649971634762158, "eta": 0.03828144661414581, "gamma": 279.91397626500816, "max_depth": 7.0, "min_child_weight": 4854.571285554685, "num_boost_round": 18.0, "subsample": 0.28712103417794455}, "datetime": {"datetime": "2024-01-20 15:49:38", "elapsed": 8670.757719, "delta": 0.006429}}
{"target": -10.472827801888304, "params": {"colsample_bytree": 0.7649971634762158, "eta": 0.03828144661414581, "gamma": 279.91397626500816, "max_depth": 7.0, "min_child_weight": 4854.571285554685, "num_boost_round": 19.0, "subsample": 0.28712103417794455}, "datetime": {"datetime": "2024-01-20 15:49:38", "elapsed": 8670.764403, "delta": 0.006684}}
{"target": -10.473099829275537, "params": {"colsample_bytree": 0.7649971634762158, "eta": 0.03828144661414581, "gamma": 279.91397626500816, "max_depth": 7.0, "min_child_weight": 4854.571285554685, "num_boost_round": 20.0, "subsample": 0.28712103417794455}, "datetime": {"datetime": "2024-01-20 15:49:38", "elapsed": 8670.770208, "delta": 0.005805}}
{"target": -10.47331878633014, "params": {"colsample_bytree": 0.7649971634762158, "eta": 0.03828144661414581, "gamma": 279.91397626500816, "max_depth": 7.0, "min_child_weight": 4854.571285554685, "num_boost_round": 21.0, "subsample": 0.28712103417794455}, "datetime": {"datetime": "2024-01-20 15:49:38", "elapsed": 8670.776122, "delta": 0.005914}}
{"target": -10.473287529472529, "params": {"colsample_bytree": 0.7649971634762158, "eta": 0.03828144661414581, "gamma": 279.91397626500816, "max_depth": 7.0, "min_child_weight": 4854.571285554685, "num_boost_round": 22.0, "subsample": 0.28712103417794455}, "datetime": {"datetime": "2024-01-20 15:49:38", "elapsed": 8670.78186, "delta": 0.005738}}
{"target": -10.47335760144492, "params": {"colsample_bytree": 0.7649971634762158, "eta": 0.03828144661414581, "gamma": 279.91397626500816, "max_depth": 7.0, "min_child_weight": 4854.571285554685, "num_boost_round": 23.0, "subsample": 0.28712103417794455}, "datetime": {"datetime": "2024-01-20 15:49:38", "elapsed": 8670.787714, "delta": 0.005854}}
{"target": -10.47352349200155, "params": {"colsample_bytree": 0.7649971634762158, "eta": 0.03828144661414581, "gamma": 279.91397626500816, "max_depth": 7.0, "min_child_weight": 4854.571285554685, "num_boost_round": 24.0, "subsample": 0.28712103417794455}, "datetime": {"datetime": "2024-01-20 15:49:38", "elapsed": 8670.79347, "delta": 0.005756}}
{"target": -10.473652456280767, "params": {"colsample_bytree": 0.7649971634762158, "eta": 0.03828144661414581, "gamma": 279.91397626500816, "max_depth": 7.0, "min_child_weight": 4854.571285554685, "num_boost_round": 25.0, "subsample": 0.28712103417794455}, "datetime": {"datetime": "2024-01-20 15:49:38", "elapsed": 8670.799383, "delta": 0.005913}}
{"target": -10.473812687141404, "params": {"colsample_bytree": 0.7649971634762158, "eta": 0.03828144661414581, "gamma": 279.91397626500816, "max_depth": 7.0, "min_child_weight": 4854.571285554685, "num_boost_round": 26.0, "subsample": 0.28712103417794455}, "datetime": {"datetime": "2024-01-20 15:49:38", "elapsed": 8670.805735, "delta": 0.006352}}
{"target": -10.474014788552207, "params": {"colsample_bytree": 0.7649971634762158, "eta": 0.03828144661414581, "gamma": 279.91397626500816, "max_depth": 7.0, "min_child_weight": 4854.571285554685, "num_boost_round": 27.0, "subsample": 0.28712103417794455}, "datetime": {"datetime": "2024-01-20 15:49:38", "elapsed": 8670.81197, "delta": 0.006235}}
