{"target": -19.147522178740807, "params": {"colsample_bytree": 0.5517310355377549, "eta": 0.06512779880603481, "gamma": 822.3267150873786, "max_depth": 3.0, "min_child_weight": 4315.4915758138195, "num_boost_round": 23.0, "subsample": 0.5796787573182913}, "datetime": {"datetime": "2024-01-20 17:19:21", "elapsed": 10529.911313, "delta": 0.006558}}
{"target": -19.143299392898193, "params": {"colsample_bytree": 0.6089404543308977, "eta": 0.016062771368473346, "gamma": 988.7443000301739, "max_depth": 7.0, "min_child_weight": 4270.471013246247, "num_boost_round": 1.0, "subsample": 0.505898720766173}, "datetime": {"datetime": "2024-01-20 17:23:30", "elapsed": 10778.742887, "delta": 248.831574}}
{"target": -19.143266423110763, "params": {"colsample_bytree": 0.6089404543308977, "eta": 0.016062771368473346, "gamma": 988.7443000301739, "max_depth": 7.0, "min_child_weight": 4270.471013246247, "num_boost_round": 2.0, "subsample": 0.505898720766173}, "datetime": {"datetime": "2024-01-20 17:23:30", "elapsed": 10778.749743, "delta": 0.006856}}
{"target": -19.143303785402757, "params": {"colsample_bytree": 0.6089404543308977, "eta": 0.016062771368473346, "gamma": 988.7443000301739, "max_depth": 7.0, "min_child_weight": 4270.471013246247, "num_boost_round": 3.0, "subsample": 0.505898720766173}, "datetime": {"datetime": "2024-01-20 17:23:30", "elapsed": 10778.756132, "delta": 0.006389}}
{"target": -19.143361634682353, "params": {"colsample_bytree": 0.6089404543308977, "eta": 0.016062771368473346, "gamma": 988.7443000301739, "max_depth": 7.0, "min_child_weight": 4270.471013246247, "num_boost_round": 4.0, "subsample": 0.505898720766173}, "datetime": {"datetime": "2024-01-20 17:23:30", "elapsed": 10778.762418, "delta": 0.006286}}
{"target": -19.143447528699838, "params": {"colsample_bytree": 0.6089404543308977, "eta": 0.016062771368473346, "gamma": 988.7443000301739, "max_depth": 7.0, "min_child_weight": 4270.471013246247, "num_boost_round": 5.0, "subsample": 0.505898720766173}, "datetime": {"datetime": "2024-01-20 17:23:30", "elapsed": 10778.768737, "delta": 0.006319}}
{"target": -19.143234085273043, "params": {"colsample_bytree": 0.6089404543308977, "eta": 0.016062771368473346, "gamma": 988.7443000301739, "max_depth": 7.0, "min_child_weight": 4270.471013246247, "num_boost_round": 6.0, "subsample": 0.505898720766173}, "datetime": {"datetime": "2024-01-20 17:23:30", "elapsed": 10778.774975, "delta": 0.006238}}
{"target": -19.14317965794474, "params": {"colsample_bytree": 0.6089404543308977, "eta": 0.016062771368473346, "gamma": 988.7443000301739, "max_depth": 7.0, "min_child_weight": 4270.471013246247, "num_boost_round": 7.0, "subsample": 0.505898720766173}, "datetime": {"datetime": "2024-01-20 17:23:30", "elapsed": 10778.780958, "delta": 0.005983}}
{"target": -19.14326488307119, "params": {"colsample_bytree": 0.6089404543308977, "eta": 0.016062771368473346, "gamma": 988.7443000301739, "max_depth": 7.0, "min_child_weight": 4270.471013246247, "num_boost_round": 8.0, "subsample": 0.505898720766173}, "datetime": {"datetime": "2024-01-20 17:23:30", "elapsed": 10778.786958, "delta": 0.006}}
{"target": -19.143213770885918, "params": {"colsample_bytree": 0.6089404543308977, "eta": 0.016062771368473346, "gamma": 988.7443000301739, "max_depth": 7.0, "min_child_weight": 4270.471013246247, "num_boost_round": 9.0, "subsample": 0.505898720766173}, "datetime": {"datetime": "2024-01-20 17:23:30", "elapsed": 10778.7929, "delta": 0.005942}}
{"target": -19.14324134122522, "params": {"colsample_bytree": 0.6089404543308977, "eta": 0.016062771368473346, "gamma": 988.7443000301739, "max_depth": 7.0, "min_child_weight": 4270.471013246247, "num_boost_round": 10.0, "subsample": 0.505898720766173}, "datetime": {"datetime": "2024-01-20 17:23:30", "elapsed": 10778.799323, "delta": 0.006423}}
{"target": -19.143231237751053, "params": {"colsample_bytree": 0.6089404543308977, "eta": 0.016062771368473346, "gamma": 988.7443000301739, "max_depth": 7.0, "min_child_weight": 4270.471013246247, "num_boost_round": 11.0, "subsample": 0.505898720766173}, "datetime": {"datetime": "2024-01-20 17:23:30", "elapsed": 10778.805261, "delta": 0.005938}}
{"target": -19.143270854008854, "params": {"colsample_bytree": 0.6089404543308977, "eta": 0.016062771368473346, "gamma": 988.7443000301739, "max_depth": 7.0, "min_child_weight": 4270.471013246247, "num_boost_round": 12.0, "subsample": 0.505898720766173}, "datetime": {"datetime": "2024-01-20 17:23:30", "elapsed": 10778.811149, "delta": 0.005888}}
{"target": -19.14347207767635, "params": {"colsample_bytree": 0.6089404543308977, "eta": 0.016062771368473346, "gamma": 988.7443000301739, "max_depth": 7.0, "min_child_weight": 4270.471013246247, "num_boost_round": 13.0, "subsample": 0.505898720766173}, "datetime": {"datetime": "2024-01-20 17:23:30", "elapsed": 10778.832514, "delta": 0.021365}}
{"target": -19.143711910973945, "params": {"colsample_bytree": 0.6089404543308977, "eta": 0.016062771368473346, "gamma": 988.7443000301739, "max_depth": 7.0, "min_child_weight": 4270.471013246247, "num_boost_round": 14.0, "subsample": 0.505898720766173}, "datetime": {"datetime": "2024-01-20 17:23:30", "elapsed": 10778.839106, "delta": 0.006592}}
{"target": -19.143916002476132, "params": {"colsample_bytree": 0.6089404543308977, "eta": 0.016062771368473346, "gamma": 988.7443000301739, "max_depth": 7.0, "min_child_weight": 4270.471013246247, "num_boost_round": 15.0, "subsample": 0.505898720766173}, "datetime": {"datetime": "2024-01-20 17:23:30", "elapsed": 10778.845485, "delta": 0.006379}}
{"target": -19.143907239715315, "params": {"colsample_bytree": 0.6089404543308977, "eta": 0.016062771368473346, "gamma": 988.7443000301739, "max_depth": 7.0, "min_child_weight": 4270.471013246247, "num_boost_round": 16.0, "subsample": 0.505898720766173}, "datetime": {"datetime": "2024-01-20 17:23:30", "elapsed": 10778.852312, "delta": 0.006827}}
{"target": -19.144047456894086, "params": {"colsample_bytree": 0.6089404543308977, "eta": 0.016062771368473346, "gamma": 988.7443000301739, "max_depth": 7.0, "min_child_weight": 4270.471013246247, "num_boost_round": 17.0, "subsample": 0.505898720766173}, "datetime": {"datetime": "2024-01-20 17:23:30", "elapsed": 10778.859103, "delta": 0.006791}}
{"target": -19.14420811579771, "params": {"colsample_bytree": 0.6089404543308977, "eta": 0.016062771368473346, "gamma": 988.7443000301739, "max_depth": 7.0, "min_child_weight": 4270.471013246247, "num_boost_round": 18.0, "subsample": 0.505898720766173}, "datetime": {"datetime": "2024-01-20 17:23:30", "elapsed": 10778.865663, "delta": 0.00656}}
{"target": -19.144265448567197, "params": {"colsample_bytree": 0.6089404543308977, "eta": 0.016062771368473346, "gamma": 988.7443000301739, "max_depth": 7.0, "min_child_weight": 4270.471013246247, "num_boost_round": 19.0, "subsample": 0.505898720766173}, "datetime": {"datetime": "2024-01-20 17:23:30", "elapsed": 10778.871935, "delta": 0.006272}}
{"target": -19.144308587592505, "params": {"colsample_bytree": 0.6089404543308977, "eta": 0.016062771368473346, "gamma": 988.7443000301739, "max_depth": 7.0, "min_child_weight": 4270.471013246247, "num_boost_round": 20.0, "subsample": 0.505898720766173}, "datetime": {"datetime": "2024-01-20 17:23:30", "elapsed": 10778.87795, "delta": 0.006015}}
{"target": -19.144450500491004, "params": {"colsample_bytree": 0.6089404543308977, "eta": 0.016062771368473346, "gamma": 988.7443000301739, "max_depth": 7.0, "min_child_weight": 4270.471013246247, "num_boost_round": 21.0, "subsample": 0.505898720766173}, "datetime": {"datetime": "2024-01-20 17:23:30", "elapsed": 10778.88389, "delta": 0.00594}}
{"target": -19.14462567769613, "params": {"colsample_bytree": 0.6089404543308977, "eta": 0.016062771368473346, "gamma": 988.7443000301739, "max_depth": 7.0, "min_child_weight": 4270.471013246247, "num_boost_round": 22.0, "subsample": 0.505898720766173}, "datetime": {"datetime": "2024-01-20 17:23:30", "elapsed": 10778.889802, "delta": 0.005912}}
{"target": -19.144583198972395, "params": {"colsample_bytree": 0.6089404543308977, "eta": 0.016062771368473346, "gamma": 988.7443000301739, "max_depth": 7.0, "min_child_weight": 4270.471013246247, "num_boost_round": 23.0, "subsample": 0.505898720766173}, "datetime": {"datetime": "2024-01-20 17:23:30", "elapsed": 10778.895688, "delta": 0.005886}}
{"target": -19.14473200411337, "params": {"colsample_bytree": 0.6089404543308977, "eta": 0.016062771368473346, "gamma": 988.7443000301739, "max_depth": 7.0, "min_child_weight": 4270.471013246247, "num_boost_round": 24.0, "subsample": 0.505898720766173}, "datetime": {"datetime": "2024-01-20 17:23:30", "elapsed": 10778.901844, "delta": 0.006156}}
{"target": -19.14499573450904, "params": {"colsample_bytree": 0.6089404543308977, "eta": 0.016062771368473346, "gamma": 988.7443000301739, "max_depth": 7.0, "min_child_weight": 4270.471013246247, "num_boost_round": 25.0, "subsample": 0.505898720766173}, "datetime": {"datetime": "2024-01-20 17:23:30", "elapsed": 10778.907813, "delta": 0.005969}}
{"target": -19.145068929037052, "params": {"colsample_bytree": 0.6089404543308977, "eta": 0.016062771368473346, "gamma": 988.7443000301739, "max_depth": 7.0, "min_child_weight": 4270.471013246247, "num_boost_round": 26.0, "subsample": 0.505898720766173}, "datetime": {"datetime": "2024-01-20 17:23:30", "elapsed": 10778.914212, "delta": 0.006399}}
{"target": -19.14532127502121, "params": {"colsample_bytree": 0.6089404543308977, "eta": 0.016062771368473346, "gamma": 988.7443000301739, "max_depth": 7.0, "min_child_weight": 4270.471013246247, "num_boost_round": 27.0, "subsample": 0.505898720766173}, "datetime": {"datetime": "2024-01-20 17:23:30", "elapsed": 10778.920595, "delta": 0.006383}}
{"target": -19.145503091807065, "params": {"colsample_bytree": 0.6089404543308977, "eta": 0.016062771368473346, "gamma": 988.7443000301739, "max_depth": 7.0, "min_child_weight": 4270.471013246247, "num_boost_round": 28.0, "subsample": 0.505898720766173}, "datetime": {"datetime": "2024-01-20 17:23:30", "elapsed": 10778.926945, "delta": 0.00635}}
{"target": -19.145448261303812, "params": {"colsample_bytree": 0.6089404543308977, "eta": 0.016062771368473346, "gamma": 988.7443000301739, "max_depth": 7.0, "min_child_weight": 4270.471013246247, "num_boost_round": 29.0, "subsample": 0.505898720766173}, "datetime": {"datetime": "2024-01-20 17:23:30", "elapsed": 10778.933367, "delta": 0.006422}}
{"target": -19.14540318643941, "params": {"colsample_bytree": 0.6089404543308977, "eta": 0.016062771368473346, "gamma": 988.7443000301739, "max_depth": 7.0, "min_child_weight": 4270.471013246247, "num_boost_round": 30.0, "subsample": 0.505898720766173}, "datetime": {"datetime": "2024-01-20 17:23:30", "elapsed": 10778.939526, "delta": 0.006159}}
{"target": -19.14548436547973, "params": {"colsample_bytree": 0.6089404543308977, "eta": 0.016062771368473346, "gamma": 988.7443000301739, "max_depth": 7.0, "min_child_weight": 4270.471013246247, "num_boost_round": 31.0, "subsample": 0.505898720766173}, "datetime": {"datetime": "2024-01-20 17:23:30", "elapsed": 10778.945588, "delta": 0.006062}}
{"target": -19.145454888454218, "params": {"colsample_bytree": 0.6089404543308977, "eta": 0.016062771368473346, "gamma": 988.7443000301739, "max_depth": 7.0, "min_child_weight": 4270.471013246247, "num_boost_round": 32.0, "subsample": 0.505898720766173}, "datetime": {"datetime": "2024-01-20 17:23:31", "elapsed": 10778.951507, "delta": 0.005919}}
{"target": -19.145528438342055, "params": {"colsample_bytree": 0.6089404543308977, "eta": 0.016062771368473346, "gamma": 988.7443000301739, "max_depth": 7.0, "min_child_weight": 4270.471013246247, "num_boost_round": 33.0, "subsample": 0.505898720766173}, "datetime": {"datetime": "2024-01-20 17:23:31", "elapsed": 10778.957462, "delta": 0.005955}}
{"target": -19.145649679382544, "params": {"colsample_bytree": 0.6089404543308977, "eta": 0.016062771368473346, "gamma": 988.7443000301739, "max_depth": 7.0, "min_child_weight": 4270.471013246247, "num_boost_round": 34.0, "subsample": 0.505898720766173}, "datetime": {"datetime": "2024-01-20 17:23:31", "elapsed": 10778.96346, "delta": 0.005998}}
{"target": -19.145927500200617, "params": {"colsample_bytree": 0.6089404543308977, "eta": 0.016062771368473346, "gamma": 988.7443000301739, "max_depth": 7.0, "min_child_weight": 4270.471013246247, "num_boost_round": 35.0, "subsample": 0.505898720766173}, "datetime": {"datetime": "2024-01-20 17:23:31", "elapsed": 10778.969363, "delta": 0.005903}}
{"target": -19.14593113701514, "params": {"colsample_bytree": 0.6089404543308977, "eta": 0.016062771368473346, "gamma": 988.7443000301739, "max_depth": 7.0, "min_child_weight": 4270.471013246247, "num_boost_round": 36.0, "subsample": 0.505898720766173}, "datetime": {"datetime": "2024-01-20 17:23:31", "elapsed": 10778.975565, "delta": 0.006202}}
{"target": -19.146012120138217, "params": {"colsample_bytree": 0.6089404543308977, "eta": 0.016062771368473346, "gamma": 988.7443000301739, "max_depth": 7.0, "min_child_weight": 4270.471013246247, "num_boost_round": 37.0, "subsample": 0.505898720766173}, "datetime": {"datetime": "2024-01-20 17:23:31", "elapsed": 10778.981485, "delta": 0.00592}}
{"target": -19.146197984433083, "params": {"colsample_bytree": 0.6089404543308977, "eta": 0.016062771368473346, "gamma": 988.7443000301739, "max_depth": 7.0, "min_child_weight": 4270.471013246247, "num_boost_round": 38.0, "subsample": 0.505898720766173}, "datetime": {"datetime": "2024-01-20 17:23:31", "elapsed": 10778.988906, "delta": 0.007421}}
{"target": -19.146405673532186, "params": {"colsample_bytree": 0.6089404543308977, "eta": 0.016062771368473346, "gamma": 988.7443000301739, "max_depth": 7.0, "min_child_weight": 4270.471013246247, "num_boost_round": 39.0, "subsample": 0.505898720766173}, "datetime": {"datetime": "2024-01-20 17:23:31", "elapsed": 10778.99539, "delta": 0.006484}}
{"target": -19.14643551567928, "params": {"colsample_bytree": 0.6089404543308977, "eta": 0.016062771368473346, "gamma": 988.7443000301739, "max_depth": 7.0, "min_child_weight": 4270.471013246247, "num_boost_round": 40.0, "subsample": 0.505898720766173}, "datetime": {"datetime": "2024-01-20 17:23:31", "elapsed": 10779.001602, "delta": 0.006212}}
{"target": -19.146616890450883, "params": {"colsample_bytree": 0.6089404543308977, "eta": 0.016062771368473346, "gamma": 988.7443000301739, "max_depth": 7.0, "min_child_weight": 4270.471013246247, "num_boost_round": 41.0, "subsample": 0.505898720766173}, "datetime": {"datetime": "2024-01-20 17:23:31", "elapsed": 10779.007684, "delta": 0.006082}}
{"target": -19.146652169567453, "params": {"colsample_bytree": 0.6089404543308977, "eta": 0.016062771368473346, "gamma": 988.7443000301739, "max_depth": 7.0, "min_child_weight": 4270.471013246247, "num_boost_round": 42.0, "subsample": 0.505898720766173}, "datetime": {"datetime": "2024-01-20 17:23:31", "elapsed": 10779.013683, "delta": 0.005999}}
{"target": -19.146820345877163, "params": {"colsample_bytree": 0.6089404543308977, "eta": 0.016062771368473346, "gamma": 988.7443000301739, "max_depth": 7.0, "min_child_weight": 4270.471013246247, "num_boost_round": 43.0, "subsample": 0.505898720766173}, "datetime": {"datetime": "2024-01-20 17:23:31", "elapsed": 10779.019639, "delta": 0.005956}}
{"target": -19.146978431054563, "params": {"colsample_bytree": 0.6089404543308977, "eta": 0.016062771368473346, "gamma": 988.7443000301739, "max_depth": 7.0, "min_child_weight": 4270.471013246247, "num_boost_round": 44.0, "subsample": 0.505898720766173}, "datetime": {"datetime": "2024-01-20 17:23:31", "elapsed": 10779.025564, "delta": 0.005925}}
{"target": -19.147047162560014, "params": {"colsample_bytree": 0.6089404543308977, "eta": 0.016062771368473346, "gamma": 988.7443000301739, "max_depth": 7.0, "min_child_weight": 4270.471013246247, "num_boost_round": 45.0, "subsample": 0.505898720766173}, "datetime": {"datetime": "2024-01-20 17:23:31", "elapsed": 10779.031555, "delta": 0.005991}}
{"target": -19.14703931952118, "params": {"colsample_bytree": 0.6089404543308977, "eta": 0.016062771368473346, "gamma": 988.7443000301739, "max_depth": 7.0, "min_child_weight": 4270.471013246247, "num_boost_round": 46.0, "subsample": 0.505898720766173}, "datetime": {"datetime": "2024-01-20 17:23:31", "elapsed": 10779.037569, "delta": 0.006014}}
{"target": -19.147189418996962, "params": {"colsample_bytree": 0.6089404543308977, "eta": 0.016062771368473346, "gamma": 988.7443000301739, "max_depth": 7.0, "min_child_weight": 4270.471013246247, "num_boost_round": 47.0, "subsample": 0.505898720766173}, "datetime": {"datetime": "2024-01-20 17:23:31", "elapsed": 10779.043571, "delta": 0.006002}}
{"target": -19.147176596359145, "params": {"colsample_bytree": 0.6089404543308977, "eta": 0.016062771368473346, "gamma": 988.7443000301739, "max_depth": 7.0, "min_child_weight": 4270.471013246247, "num_boost_round": 48.0, "subsample": 0.505898720766173}, "datetime": {"datetime": "2024-01-20 17:23:31", "elapsed": 10779.049746, "delta": 0.006175}}
{"target": -19.147359899978774, "params": {"colsample_bytree": 0.6089404543308977, "eta": 0.016062771368473346, "gamma": 988.7443000301739, "max_depth": 7.0, "min_child_weight": 4270.471013246247, "num_boost_round": 49.0, "subsample": 0.505898720766173}, "datetime": {"datetime": "2024-01-20 17:23:31", "elapsed": 10779.055722, "delta": 0.005976}}
{"target": -19.147400710066044, "params": {"colsample_bytree": 0.6089404543308977, "eta": 0.016062771368473346, "gamma": 988.7443000301739, "max_depth": 7.0, "min_child_weight": 4270.471013246247, "num_boost_round": 50.0, "subsample": 0.505898720766173}, "datetime": {"datetime": "2024-01-20 17:23:31", "elapsed": 10779.062116, "delta": 0.006394}}
{"target": -19.14739094413056, "params": {"colsample_bytree": 0.6089404543308977, "eta": 0.016062771368473346, "gamma": 988.7443000301739, "max_depth": 7.0, "min_child_weight": 4270.471013246247, "num_boost_round": 51.0, "subsample": 0.505898720766173}, "datetime": {"datetime": "2024-01-20 17:23:31", "elapsed": 10779.068638, "delta": 0.006522}}
{"target": -19.14745834274484, "params": {"colsample_bytree": 0.6089404543308977, "eta": 0.016062771368473346, "gamma": 988.7443000301739, "max_depth": 7.0, "min_child_weight": 4270.471013246247, "num_boost_round": 52.0, "subsample": 0.505898720766173}, "datetime": {"datetime": "2024-01-20 17:23:31", "elapsed": 10779.074995, "delta": 0.006357}}
{"target": -19.14758290626466, "params": {"colsample_bytree": 0.6089404543308977, "eta": 0.016062771368473346, "gamma": 988.7443000301739, "max_depth": 7.0, "min_child_weight": 4270.471013246247, "num_boost_round": 53.0, "subsample": 0.505898720766173}, "datetime": {"datetime": "2024-01-20 17:23:31", "elapsed": 10779.081214, "delta": 0.006219}}
{"target": -19.147700608127764, "params": {"colsample_bytree": 0.6089404543308977, "eta": 0.016062771368473346, "gamma": 988.7443000301739, "max_depth": 7.0, "min_child_weight": 4270.471013246247, "num_boost_round": 54.0, "subsample": 0.505898720766173}, "datetime": {"datetime": "2024-01-20 17:23:31", "elapsed": 10779.087336, "delta": 0.006122}}
{"target": -19.147808740823425, "params": {"colsample_bytree": 0.6089404543308977, "eta": 0.016062771368473346, "gamma": 988.7443000301739, "max_depth": 7.0, "min_child_weight": 4270.471013246247, "num_boost_round": 55.0, "subsample": 0.505898720766173}, "datetime": {"datetime": "2024-01-20 17:23:31", "elapsed": 10779.41988, "delta": 0.332544}}
{"target": -19.14789016382568, "params": {"colsample_bytree": 0.6089404543308977, "eta": 0.016062771368473346, "gamma": 988.7443000301739, "max_depth": 7.0, "min_child_weight": 4270.471013246247, "num_boost_round": 56.0, "subsample": 0.505898720766173}, "datetime": {"datetime": "2024-01-20 17:23:31", "elapsed": 10779.427349, "delta": 0.007469}}
{"target": -19.14795029448947, "params": {"colsample_bytree": 0.6089404543308977, "eta": 0.016062771368473346, "gamma": 988.7443000301739, "max_depth": 7.0, "min_child_weight": 4270.471013246247, "num_boost_round": 57.0, "subsample": 0.505898720766173}, "datetime": {"datetime": "2024-01-20 17:23:31", "elapsed": 10779.433574, "delta": 0.006225}}
{"target": -19.14804981025056, "params": {"colsample_bytree": 0.6089404543308977, "eta": 0.016062771368473346, "gamma": 988.7443000301739, "max_depth": 7.0, "min_child_weight": 4270.471013246247, "num_boost_round": 58.0, "subsample": 0.505898720766173}, "datetime": {"datetime": "2024-01-20 17:23:31", "elapsed": 10779.439776, "delta": 0.006202}}
{"target": -19.148335338187415, "params": {"colsample_bytree": 0.6089404543308977, "eta": 0.016062771368473346, "gamma": 988.7443000301739, "max_depth": 7.0, "min_child_weight": 4270.471013246247, "num_boost_round": 59.0, "subsample": 0.505898720766173}, "datetime": {"datetime": "2024-01-20 17:23:31", "elapsed": 10779.44587, "delta": 0.006094}}
{"target": -19.14840176370998, "params": {"colsample_bytree": 0.6089404543308977, "eta": 0.016062771368473346, "gamma": 988.7443000301739, "max_depth": 7.0, "min_child_weight": 4270.471013246247, "num_boost_round": 60.0, "subsample": 0.505898720766173}, "datetime": {"datetime": "2024-01-20 17:23:31", "elapsed": 10779.453145, "delta": 0.007275}}
{"target": -19.148485025593228, "params": {"colsample_bytree": 0.6089404543308977, "eta": 0.016062771368473346, "gamma": 988.7443000301739, "max_depth": 7.0, "min_child_weight": 4270.471013246247, "num_boost_round": 61.0, "subsample": 0.505898720766173}, "datetime": {"datetime": "2024-01-20 17:23:31", "elapsed": 10779.459335, "delta": 0.00619}}
{"target": -19.148672802219256, "params": {"colsample_bytree": 0.6089404543308977, "eta": 0.016062771368473346, "gamma": 988.7443000301739, "max_depth": 7.0, "min_child_weight": 4270.471013246247, "num_boost_round": 62.0, "subsample": 0.505898720766173}, "datetime": {"datetime": "2024-01-20 17:23:31", "elapsed": 10779.465393, "delta": 0.006058}}
