{"target": -10.475909237937008, "params": {"colsample_bytree": 0.3157970342975357, "eta": 0.016969374060345634, "gamma": 539.5271015669733, "max_depth": 5.0, "min_child_weight": 4439.505505040002, "num_boost_round": 6.0, "subsample": 0.13360355377778677}, "datetime": {"datetime": "2024-01-20 15:25:29", "elapsed": 7221.184554, "delta": 0.005505}}
{"target": -10.47500697779164, "params": {"colsample_bytree": 0.824839646265732, "eta": 0.0569977396267952, "gamma": 646.4923584037028, "max_depth": 7.0, "min_child_weight": 4788.0329604533645, "num_boost_round": 1.0, "subsample": 0.9771637640780214}, "datetime": {"datetime": "2024-01-20 15:26:44", "elapsed": 7296.393044, "delta": 75.20849}}
{"target": -10.474526215369131, "params": {"colsample_bytree": 0.824839646265732, "eta": 0.0569977396267952, "gamma": 646.4923584037028, "max_depth": 7.0, "min_child_weight": 4788.0329604533645, "num_boost_round": 2.0, "subsample": 0.9771637640780214}, "datetime": {"datetime": "2024-01-20 15:26:44", "elapsed": 7296.400154, "delta": 0.00711}}
{"target": -10.474259263500535, "params": {"colsample_bytree": 0.824839646265732, "eta": 0.0569977396267952, "gamma": 646.4923584037028, "max_depth": 7.0, "min_child_weight": 4788.0329604533645, "num_boost_round": 3.0, "subsample": 0.9771637640780214}, "datetime": {"datetime": "2024-01-20 15:26:44", "elapsed": 7296.405394, "delta": 0.00524}}
{"target": -10.473759966430071, "params": {"colsample_bytree": 0.824839646265732, "eta": 0.0569977396267952, "gamma": 646.4923584037028, "max_depth": 7.0, "min_child_weight": 4788.0329604533645, "num_boost_round": 4.0, "subsample": 0.9771637640780214}, "datetime": {"datetime": "2024-01-20 15:26:44", "elapsed": 7296.410602, "delta": 0.005208}}
{"target": -10.473493441605367, "params": {"colsample_bytree": 0.824839646265732, "eta": 0.0569977396267952, "gamma": 646.4923584037028, "max_depth": 7.0, "min_child_weight": 4788.0329604533645, "num_boost_round": 5.0, "subsample": 0.9771637640780214}, "datetime": {"datetime": "2024-01-20 15:26:44", "elapsed": 7296.415966, "delta": 0.005364}}
{"target": -10.47343039988275, "params": {"colsample_bytree": 0.824839646265732, "eta": 0.0569977396267952, "gamma": 646.4923584037028, "max_depth": 7.0, "min_child_weight": 4788.0329604533645, "num_boost_round": 6.0, "subsample": 0.9771637640780214}, "datetime": {"datetime": "2024-01-20 15:26:44", "elapsed": 7296.42116, "delta": 0.005194}}
{"target": -10.473558974040834, "params": {"colsample_bytree": 0.824839646265732, "eta": 0.0569977396267952, "gamma": 646.4923584037028, "max_depth": 7.0, "min_child_weight": 4788.0329604533645, "num_boost_round": 7.0, "subsample": 0.9771637640780214}, "datetime": {"datetime": "2024-01-20 15:26:44", "elapsed": 7296.426476, "delta": 0.005316}}
{"target": -10.473567973095413, "params": {"colsample_bytree": 0.824839646265732, "eta": 0.0569977396267952, "gamma": 646.4923584037028, "max_depth": 7.0, "min_child_weight": 4788.0329604533645, "num_boost_round": 8.0, "subsample": 0.9771637640780214}, "datetime": {"datetime": "2024-01-20 15:26:44", "elapsed": 7296.431968, "delta": 0.005492}}
{"target": -10.47354194169699, "params": {"colsample_bytree": 0.824839646265732, "eta": 0.0569977396267952, "gamma": 646.4923584037028, "max_depth": 7.0, "min_child_weight": 4788.0329604533645, "num_boost_round": 9.0, "subsample": 0.9771637640780214}, "datetime": {"datetime": "2024-01-20 15:26:44", "elapsed": 7296.437202, "delta": 0.005234}}
{"target": -10.473607682119244, "params": {"colsample_bytree": 0.824839646265732, "eta": 0.0569977396267952, "gamma": 646.4923584037028, "max_depth": 7.0, "min_child_weight": 4788.0329604533645, "num_boost_round": 10.0, "subsample": 0.9771637640780214}, "datetime": {"datetime": "2024-01-20 15:26:44", "elapsed": 7296.442353, "delta": 0.005151}}
{"target": -10.474109470816789, "params": {"colsample_bytree": 0.824839646265732, "eta": 0.0569977396267952, "gamma": 646.4923584037028, "max_depth": 7.0, "min_child_weight": 4788.0329604533645, "num_boost_round": 11.0, "subsample": 0.9771637640780214}, "datetime": {"datetime": "2024-01-20 15:26:44", "elapsed": 7296.44751, "delta": 0.005157}}
{"target": -10.474431775774613, "params": {"colsample_bytree": 0.824839646265732, "eta": 0.0569977396267952, "gamma": 646.4923584037028, "max_depth": 7.0, "min_child_weight": 4788.0329604533645, "num_boost_round": 12.0, "subsample": 0.9771637640780214}, "datetime": {"datetime": "2024-01-20 15:26:44", "elapsed": 7296.452655, "delta": 0.005145}}
{"target": -10.474904500334379, "params": {"colsample_bytree": 0.824839646265732, "eta": 0.0569977396267952, "gamma": 646.4923584037028, "max_depth": 7.0, "min_child_weight": 4788.0329604533645, "num_boost_round": 13.0, "subsample": 0.9771637640780214}, "datetime": {"datetime": "2024-01-20 15:26:44", "elapsed": 7296.458215, "delta": 0.00556}}
{"target": -10.475197614450133, "params": {"colsample_bytree": 0.824839646265732, "eta": 0.0569977396267952, "gamma": 646.4923584037028, "max_depth": 7.0, "min_child_weight": 4788.0329604533645, "num_boost_round": 14.0, "subsample": 0.9771637640780214}, "datetime": {"datetime": "2024-01-20 15:26:44", "elapsed": 7296.463713, "delta": 0.005498}}
{"target": -10.475619349210234, "params": {"colsample_bytree": 0.824839646265732, "eta": 0.0569977396267952, "gamma": 646.4923584037028, "max_depth": 7.0, "min_child_weight": 4788.0329604533645, "num_boost_round": 15.0, "subsample": 0.9771637640780214}, "datetime": {"datetime": "2024-01-20 15:26:44", "elapsed": 7296.469681, "delta": 0.005968}}
{"target": -10.475949147458675, "params": {"colsample_bytree": 0.824839646265732, "eta": 0.0569977396267952, "gamma": 646.4923584037028, "max_depth": 7.0, "min_child_weight": 4788.0329604533645, "num_boost_round": 16.0, "subsample": 0.9771637640780214}, "datetime": {"datetime": "2024-01-20 15:26:44", "elapsed": 7296.475435, "delta": 0.005754}}
{"target": -10.47663691613608, "params": {"colsample_bytree": 0.824839646265732, "eta": 0.0569977396267952, "gamma": 646.4923584037028, "max_depth": 7.0, "min_child_weight": 4788.0329604533645, "num_boost_round": 17.0, "subsample": 0.9771637640780214}, "datetime": {"datetime": "2024-01-20 15:26:44", "elapsed": 7296.480699, "delta": 0.005264}}
{"target": -10.476979729915076, "params": {"colsample_bytree": 0.824839646265732, "eta": 0.0569977396267952, "gamma": 646.4923584037028, "max_depth": 7.0, "min_child_weight": 4788.0329604533645, "num_boost_round": 18.0, "subsample": 0.9771637640780214}, "datetime": {"datetime": "2024-01-20 15:26:44", "elapsed": 7296.485977, "delta": 0.005278}}
{"target": -10.476983880123614, "params": {"colsample_bytree": 0.824839646265732, "eta": 0.0569977396267952, "gamma": 646.4923584037028, "max_depth": 7.0, "min_child_weight": 4788.0329604533645, "num_boost_round": 19.0, "subsample": 0.9771637640780214}, "datetime": {"datetime": "2024-01-20 15:26:44", "elapsed": 7296.491136, "delta": 0.005159}}
{"target": -10.477392108256877, "params": {"colsample_bytree": 0.824839646265732, "eta": 0.0569977396267952, "gamma": 646.4923584037028, "max_depth": 7.0, "min_child_weight": 4788.0329604533645, "num_boost_round": 20.0, "subsample": 0.9771637640780214}, "datetime": {"datetime": "2024-01-20 15:26:44", "elapsed": 7296.496488, "delta": 0.005352}}
{"target": -10.477797990827515, "params": {"colsample_bytree": 0.824839646265732, "eta": 0.0569977396267952, "gamma": 646.4923584037028, "max_depth": 7.0, "min_child_weight": 4788.0329604533645, "num_boost_round": 21.0, "subsample": 0.9771637640780214}, "datetime": {"datetime": "2024-01-20 15:26:44", "elapsed": 7296.5016, "delta": 0.005112}}
{"target": -10.478263027111048, "params": {"colsample_bytree": 0.824839646265732, "eta": 0.0569977396267952, "gamma": 646.4923584037028, "max_depth": 7.0, "min_child_weight": 4788.0329604533645, "num_boost_round": 22.0, "subsample": 0.9771637640780214}, "datetime": {"datetime": "2024-01-20 15:26:44", "elapsed": 7296.506734, "delta": 0.005134}}
{"target": -10.478626128603267, "params": {"colsample_bytree": 0.824839646265732, "eta": 0.0569977396267952, "gamma": 646.4923584037028, "max_depth": 7.0, "min_child_weight": 4788.0329604533645, "num_boost_round": 23.0, "subsample": 0.9771637640780214}, "datetime": {"datetime": "2024-01-20 15:26:44", "elapsed": 7296.511938, "delta": 0.005204}}
{"target": -10.479267274278032, "params": {"colsample_bytree": 0.824839646265732, "eta": 0.0569977396267952, "gamma": 646.4923584037028, "max_depth": 7.0, "min_child_weight": 4788.0329604533645, "num_boost_round": 24.0, "subsample": 0.9771637640780214}, "datetime": {"datetime": "2024-01-20 15:26:44", "elapsed": 7296.517112, "delta": 0.005174}}
{"target": -10.479555893708007, "params": {"colsample_bytree": 0.824839646265732, "eta": 0.0569977396267952, "gamma": 646.4923584037028, "max_depth": 7.0, "min_child_weight": 4788.0329604533645, "num_boost_round": 25.0, "subsample": 0.9771637640780214}, "datetime": {"datetime": "2024-01-20 15:26:44", "elapsed": 7296.522396, "delta": 0.005284}}
{"target": -10.479956614822363, "params": {"colsample_bytree": 0.824839646265732, "eta": 0.0569977396267952, "gamma": 646.4923584037028, "max_depth": 7.0, "min_child_weight": 4788.0329604533645, "num_boost_round": 26.0, "subsample": 0.9771637640780214}, "datetime": {"datetime": "2024-01-20 15:26:44", "elapsed": 7296.527788, "delta": 0.005392}}
{"target": -10.480756030299267, "params": {"colsample_bytree": 0.824839646265732, "eta": 0.0569977396267952, "gamma": 646.4923584037028, "max_depth": 7.0, "min_child_weight": 4788.0329604533645, "num_boost_round": 27.0, "subsample": 0.9771637640780214}, "datetime": {"datetime": "2024-01-20 15:26:44", "elapsed": 7296.532986, "delta": 0.005198}}
{"target": -10.48101104881587, "params": {"colsample_bytree": 0.824839646265732, "eta": 0.0569977396267952, "gamma": 646.4923584037028, "max_depth": 7.0, "min_child_weight": 4788.0329604533645, "num_boost_round": 28.0, "subsample": 0.9771637640780214}, "datetime": {"datetime": "2024-01-20 15:26:44", "elapsed": 7296.53827, "delta": 0.005284}}
{"target": -10.481223459070169, "params": {"colsample_bytree": 0.824839646265732, "eta": 0.0569977396267952, "gamma": 646.4923584037028, "max_depth": 7.0, "min_child_weight": 4788.0329604533645, "num_boost_round": 29.0, "subsample": 0.9771637640780214}, "datetime": {"datetime": "2024-01-20 15:26:44", "elapsed": 7296.543435, "delta": 0.005165}}
{"target": -10.48161347076479, "params": {"colsample_bytree": 0.824839646265732, "eta": 0.0569977396267952, "gamma": 646.4923584037028, "max_depth": 7.0, "min_child_weight": 4788.0329604533645, "num_boost_round": 30.0, "subsample": 0.9771637640780214}, "datetime": {"datetime": "2024-01-20 15:26:44", "elapsed": 7296.548637, "delta": 0.005202}}
{"target": -10.48190718245612, "params": {"colsample_bytree": 0.824839646265732, "eta": 0.0569977396267952, "gamma": 646.4923584037028, "max_depth": 7.0, "min_child_weight": 4788.0329604533645, "num_boost_round": 31.0, "subsample": 0.9771637640780214}, "datetime": {"datetime": "2024-01-20 15:26:44", "elapsed": 7296.553829, "delta": 0.005192}}
{"target": -10.4824248652212, "params": {"colsample_bytree": 0.824839646265732, "eta": 0.0569977396267952, "gamma": 646.4923584037028, "max_depth": 7.0, "min_child_weight": 4788.0329604533645, "num_boost_round": 32.0, "subsample": 0.9771637640780214}, "datetime": {"datetime": "2024-01-20 15:26:44", "elapsed": 7296.559238, "delta": 0.005409}}
{"target": -10.482632277589065, "params": {"colsample_bytree": 0.824839646265732, "eta": 0.0569977396267952, "gamma": 646.4923584037028, "max_depth": 7.0, "min_child_weight": 4788.0329604533645, "num_boost_round": 33.0, "subsample": 0.9771637640780214}, "datetime": {"datetime": "2024-01-20 15:26:44", "elapsed": 7296.564329, "delta": 0.005091}}
{"target": -10.483308400986157, "params": {"colsample_bytree": 0.824839646265732, "eta": 0.0569977396267952, "gamma": 646.4923584037028, "max_depth": 7.0, "min_child_weight": 4788.0329604533645, "num_boost_round": 34.0, "subsample": 0.9771637640780214}, "datetime": {"datetime": "2024-01-20 15:26:44", "elapsed": 7296.569471, "delta": 0.005142}}
{"target": -10.47541001161952, "params": {"colsample_bytree": 0.8687903552053154, "eta": 0.03381814918661566, "gamma": 379.0975954889152, "max_depth": 9.0, "min_child_weight": 4674.285083009522, "num_boost_round": 1.0, "subsample": 0.8840107443060284}, "datetime": {"datetime": "2024-01-20 15:28:18", "elapsed": 7390.719414, "delta": 94.149943}}
{"target": -10.474913156980108, "params": {"colsample_bytree": 0.8687903552053154, "eta": 0.03381814918661566, "gamma": 379.0975954889152, "max_depth": 9.0, "min_child_weight": 4674.285083009522, "num_boost_round": 2.0, "subsample": 0.8840107443060284}, "datetime": {"datetime": "2024-01-20 15:28:18", "elapsed": 7390.725936, "delta": 0.006522}}
{"target": -10.474644004801274, "params": {"colsample_bytree": 0.8687903552053154, "eta": 0.03381814918661566, "gamma": 379.0975954889152, "max_depth": 9.0, "min_child_weight": 4674.285083009522, "num_boost_round": 3.0, "subsample": 0.8840107443060284}, "datetime": {"datetime": "2024-01-20 15:28:18", "elapsed": 7390.731266, "delta": 0.00533}}
{"target": -10.474093837138936, "params": {"colsample_bytree": 0.8687903552053154, "eta": 0.03381814918661566, "gamma": 379.0975954889152, "max_depth": 9.0, "min_child_weight": 4674.285083009522, "num_boost_round": 4.0, "subsample": 0.8840107443060284}, "datetime": {"datetime": "2024-01-20 15:28:18", "elapsed": 7390.736833, "delta": 0.005567}}
{"target": -10.473835150926853, "params": {"colsample_bytree": 0.8687903552053154, "eta": 0.03381814918661566, "gamma": 379.0975954889152, "max_depth": 9.0, "min_child_weight": 4674.285083009522, "num_boost_round": 5.0, "subsample": 0.8840107443060284}, "datetime": {"datetime": "2024-01-20 15:28:18", "elapsed": 7390.742005, "delta": 0.005172}}
{"target": -10.473588937981472, "params": {"colsample_bytree": 0.8687903552053154, "eta": 0.03381814918661566, "gamma": 379.0975954889152, "max_depth": 9.0, "min_child_weight": 4674.285083009522, "num_boost_round": 6.0, "subsample": 0.8840107443060284}, "datetime": {"datetime": "2024-01-20 15:28:18", "elapsed": 7390.7473, "delta": 0.005295}}
{"target": -10.473422494816164, "params": {"colsample_bytree": 0.8687903552053154, "eta": 0.03381814918661566, "gamma": 379.0975954889152, "max_depth": 9.0, "min_child_weight": 4674.285083009522, "num_boost_round": 7.0, "subsample": 0.8840107443060284}, "datetime": {"datetime": "2024-01-20 15:28:18", "elapsed": 7390.752666, "delta": 0.005366}}
{"target": -10.475630941138661, "params": {"colsample_bytree": 0.5770145068896306, "eta": 0.059966872264085765, "gamma": 366.724164983815, "max_depth": 6.0, "min_child_weight": 4627.3298632013975, "num_boost_round": 1.0, "subsample": 0.9222856307781434}, "datetime": {"datetime": "2024-01-20 15:30:58", "elapsed": 7550.903922, "delta": 160.151256}}
{"target": -10.474636178491808, "params": {"colsample_bytree": 0.5770145068896306, "eta": 0.059966872264085765, "gamma": 366.724164983815, "max_depth": 6.0, "min_child_weight": 4627.3298632013975, "num_boost_round": 2.0, "subsample": 0.9222856307781434}, "datetime": {"datetime": "2024-01-20 15:30:58", "elapsed": 7550.910016, "delta": 0.006094}}
{"target": -10.474427053935624, "params": {"colsample_bytree": 0.5770145068896306, "eta": 0.059966872264085765, "gamma": 366.724164983815, "max_depth": 6.0, "min_child_weight": 4627.3298632013975, "num_boost_round": 3.0, "subsample": 0.9222856307781434}, "datetime": {"datetime": "2024-01-20 15:30:58", "elapsed": 7550.91517, "delta": 0.005154}}
{"target": -10.473799125526774, "params": {"colsample_bytree": 0.5770145068896306, "eta": 0.059966872264085765, "gamma": 366.724164983815, "max_depth": 6.0, "min_child_weight": 4627.3298632013975, "num_boost_round": 4.0, "subsample": 0.9222856307781434}, "datetime": {"datetime": "2024-01-20 15:30:58", "elapsed": 7550.920531, "delta": 0.005361}}
{"target": -10.47328247009803, "params": {"colsample_bytree": 0.5770145068896306, "eta": 0.059966872264085765, "gamma": 366.724164983815, "max_depth": 6.0, "min_child_weight": 4627.3298632013975, "num_boost_round": 5.0, "subsample": 0.9222856307781434}, "datetime": {"datetime": "2024-01-20 15:30:58", "elapsed": 7550.925742, "delta": 0.005211}}
{"target": -10.473391205938785, "params": {"colsample_bytree": 0.5770145068896306, "eta": 0.059966872264085765, "gamma": 366.724164983815, "max_depth": 6.0, "min_child_weight": 4627.3298632013975, "num_boost_round": 6.0, "subsample": 0.9222856307781434}, "datetime": {"datetime": "2024-01-20 15:30:58", "elapsed": 7550.931014, "delta": 0.005272}}
{"target": -10.473408353482018, "params": {"colsample_bytree": 0.5770145068896306, "eta": 0.059966872264085765, "gamma": 366.724164983815, "max_depth": 6.0, "min_child_weight": 4627.3298632013975, "num_boost_round": 7.0, "subsample": 0.9222856307781434}, "datetime": {"datetime": "2024-01-20 15:30:58", "elapsed": 7550.93623, "delta": 0.005216}}
{"target": -10.47308624154999, "params": {"colsample_bytree": 0.5770145068896306, "eta": 0.059966872264085765, "gamma": 366.724164983815, "max_depth": 6.0, "min_child_weight": 4627.3298632013975, "num_boost_round": 8.0, "subsample": 0.9222856307781434}, "datetime": {"datetime": "2024-01-20 15:30:58", "elapsed": 7550.941457, "delta": 0.005227}}
{"target": -10.473170401948671, "params": {"colsample_bytree": 0.5770145068896306, "eta": 0.059966872264085765, "gamma": 366.724164983815, "max_depth": 6.0, "min_child_weight": 4627.3298632013975, "num_boost_round": 9.0, "subsample": 0.9222856307781434}, "datetime": {"datetime": "2024-01-20 15:30:58", "elapsed": 7550.946741, "delta": 0.005284}}
{"target": -10.47317018881255, "params": {"colsample_bytree": 0.5770145068896306, "eta": 0.059966872264085765, "gamma": 366.724164983815, "max_depth": 6.0, "min_child_weight": 4627.3298632013975, "num_boost_round": 10.0, "subsample": 0.9222856307781434}, "datetime": {"datetime": "2024-01-20 15:30:58", "elapsed": 7550.952189, "delta": 0.005448}}
{"target": -10.473213398799317, "params": {"colsample_bytree": 0.5770145068896306, "eta": 0.059966872264085765, "gamma": 366.724164983815, "max_depth": 6.0, "min_child_weight": 4627.3298632013975, "num_boost_round": 11.0, "subsample": 0.9222856307781434}, "datetime": {"datetime": "2024-01-20 15:30:58", "elapsed": 7550.957841, "delta": 0.005652}}
{"target": -10.473148507188732, "params": {"colsample_bytree": 0.5770145068896306, "eta": 0.059966872264085765, "gamma": 366.724164983815, "max_depth": 6.0, "min_child_weight": 4627.3298632013975, "num_boost_round": 12.0, "subsample": 0.9222856307781434}, "datetime": {"datetime": "2024-01-20 15:30:58", "elapsed": 7550.963592, "delta": 0.005751}}
{"target": -10.47346700675427, "params": {"colsample_bytree": 0.5770145068896306, "eta": 0.059966872264085765, "gamma": 366.724164983815, "max_depth": 6.0, "min_child_weight": 4627.3298632013975, "num_boost_round": 13.0, "subsample": 0.9222856307781434}, "datetime": {"datetime": "2024-01-20 15:30:58", "elapsed": 7550.969538, "delta": 0.005946}}
{"target": -10.473562972291832, "params": {"colsample_bytree": 0.5770145068896306, "eta": 0.059966872264085765, "gamma": 366.724164983815, "max_depth": 6.0, "min_child_weight": 4627.3298632013975, "num_boost_round": 14.0, "subsample": 0.9222856307781434}, "datetime": {"datetime": "2024-01-20 15:30:58", "elapsed": 7550.975421, "delta": 0.005883}}
{"target": -10.473659167969135, "params": {"colsample_bytree": 0.5770145068896306, "eta": 0.059966872264085765, "gamma": 366.724164983815, "max_depth": 6.0, "min_child_weight": 4627.3298632013975, "num_boost_round": 15.0, "subsample": 0.9222856307781434}, "datetime": {"datetime": "2024-01-20 15:30:58", "elapsed": 7550.980625, "delta": 0.005204}}
{"target": -10.473856947727615, "params": {"colsample_bytree": 0.5770145068896306, "eta": 0.059966872264085765, "gamma": 366.724164983815, "max_depth": 6.0, "min_child_weight": 4627.3298632013975, "num_boost_round": 16.0, "subsample": 0.9222856307781434}, "datetime": {"datetime": "2024-01-20 15:30:58", "elapsed": 7550.985903, "delta": 0.005278}}
{"target": -10.474217792540031, "params": {"colsample_bytree": 0.5770145068896306, "eta": 0.059966872264085765, "gamma": 366.724164983815, "max_depth": 6.0, "min_child_weight": 4627.3298632013975, "num_boost_round": 17.0, "subsample": 0.9222856307781434}, "datetime": {"datetime": "2024-01-20 15:30:58", "elapsed": 7550.99109, "delta": 0.005187}}
{"target": -10.474649256857473, "params": {"colsample_bytree": 0.5770145068896306, "eta": 0.059966872264085765, "gamma": 366.724164983815, "max_depth": 6.0, "min_child_weight": 4627.3298632013975, "num_boost_round": 18.0, "subsample": 0.9222856307781434}, "datetime": {"datetime": "2024-01-20 15:30:58", "elapsed": 7550.99622, "delta": 0.00513}}
{"target": -10.474704828498474, "params": {"colsample_bytree": 0.5770145068896306, "eta": 0.059966872264085765, "gamma": 366.724164983815, "max_depth": 6.0, "min_child_weight": 4627.3298632013975, "num_boost_round": 19.0, "subsample": 0.9222856307781434}, "datetime": {"datetime": "2024-01-20 15:30:58", "elapsed": 7551.001417, "delta": 0.005197}}
{"target": -10.475023662564013, "params": {"colsample_bytree": 0.5770145068896306, "eta": 0.059966872264085765, "gamma": 366.724164983815, "max_depth": 6.0, "min_child_weight": 4627.3298632013975, "num_boost_round": 20.0, "subsample": 0.9222856307781434}, "datetime": {"datetime": "2024-01-20 15:30:58", "elapsed": 7551.006652, "delta": 0.005235}}
{"target": -10.475282732922095, "params": {"colsample_bytree": 0.5770145068896306, "eta": 0.059966872264085765, "gamma": 366.724164983815, "max_depth": 6.0, "min_child_weight": 4627.3298632013975, "num_boost_round": 21.0, "subsample": 0.9222856307781434}, "datetime": {"datetime": "2024-01-20 15:30:58", "elapsed": 7551.012058, "delta": 0.005406}}
