{"target": -15.165633752698099, "params": {"colsample_bytree": 0.40865946419985766, "eta": 0.03555612795849388, "gamma": 605.7826411163967, "max_depth": 9.0, "min_child_weight": 4112.002198282126, "num_boost_round": 6.0, "subsample": 0.2702295868052208}, "datetime": {"datetime": "2024-01-20 16:03:48", "elapsed": 5986.245306, "delta": 0.005752}}
{"target": -15.164695132925736, "params": {"colsample_bytree": 0.40865946419985766, "eta": 0.03555612795849388, "gamma": 605.7826411163967, "max_depth": 9.0, "min_child_weight": 4112.002198282126, "num_boost_round": 7.0, "subsample": 0.2702295868052208}, "datetime": {"datetime": "2024-01-20 16:03:48", "elapsed": 5986.251587, "delta": 0.006281}}
{"target": -15.163482726510544, "params": {"colsample_bytree": 0.40865946419985766, "eta": 0.03555612795849388, "gamma": 605.7826411163967, "max_depth": 9.0, "min_child_weight": 4112.002198282126, "num_boost_round": 8.0, "subsample": 0.2702295868052208}, "datetime": {"datetime": "2024-01-20 16:03:48", "elapsed": 5986.25876, "delta": 0.007173}}
{"target": -15.162885817739074, "params": {"colsample_bytree": 0.40865946419985766, "eta": 0.03555612795849388, "gamma": 605.7826411163967, "max_depth": 9.0, "min_child_weight": 4112.002198282126, "num_boost_round": 9.0, "subsample": 0.2702295868052208}, "datetime": {"datetime": "2024-01-20 16:03:48", "elapsed": 5986.26635, "delta": 0.00759}}
{"target": -15.161956096382799, "params": {"colsample_bytree": 0.40865946419985766, "eta": 0.03555612795849388, "gamma": 605.7826411163967, "max_depth": 9.0, "min_child_weight": 4112.002198282126, "num_boost_round": 10.0, "subsample": 0.2702295868052208}, "datetime": {"datetime": "2024-01-20 16:03:48", "elapsed": 5986.272847, "delta": 0.006497}}
{"target": -15.161833205758734, "params": {"colsample_bytree": 0.40865946419985766, "eta": 0.03555612795849388, "gamma": 605.7826411163967, "max_depth": 9.0, "min_child_weight": 4112.002198282126, "num_boost_round": 11.0, "subsample": 0.2702295868052208}, "datetime": {"datetime": "2024-01-20 16:03:48", "elapsed": 5986.278308, "delta": 0.005461}}
{"target": -15.16185473691206, "params": {"colsample_bytree": 0.40865946419985766, "eta": 0.03555612795849388, "gamma": 605.7826411163967, "max_depth": 9.0, "min_child_weight": 4112.002198282126, "num_boost_round": 12.0, "subsample": 0.2702295868052208}, "datetime": {"datetime": "2024-01-20 16:03:48", "elapsed": 5986.283878, "delta": 0.00557}}
{"target": -15.16150821852267, "params": {"colsample_bytree": 0.40865946419985766, "eta": 0.03555612795849388, "gamma": 605.7826411163967, "max_depth": 9.0, "min_child_weight": 4112.002198282126, "num_boost_round": 13.0, "subsample": 0.2702295868052208}, "datetime": {"datetime": "2024-01-20 16:03:48", "elapsed": 5986.289287, "delta": 0.005409}}
{"target": -15.16063727549286, "params": {"colsample_bytree": 0.40865946419985766, "eta": 0.03555612795849388, "gamma": 605.7826411163967, "max_depth": 9.0, "min_child_weight": 4112.002198282126, "num_boost_round": 14.0, "subsample": 0.2702295868052208}, "datetime": {"datetime": "2024-01-20 16:03:48", "elapsed": 5986.294883, "delta": 0.005596}}
{"target": -15.159800968831716, "params": {"colsample_bytree": 0.40865946419985766, "eta": 0.03555612795849388, "gamma": 605.7826411163967, "max_depth": 9.0, "min_child_weight": 4112.002198282126, "num_boost_round": 15.0, "subsample": 0.2702295868052208}, "datetime": {"datetime": "2024-01-20 16:03:48", "elapsed": 5986.300442, "delta": 0.005559}}
{"target": -15.159860195628728, "params": {"colsample_bytree": 0.40865946419985766, "eta": 0.03555612795849388, "gamma": 605.7826411163967, "max_depth": 9.0, "min_child_weight": 4112.002198282126, "num_boost_round": 16.0, "subsample": 0.2702295868052208}, "datetime": {"datetime": "2024-01-20 16:03:48", "elapsed": 5986.305868, "delta": 0.005426}}
{"target": -15.15888142697716, "params": {"colsample_bytree": 0.40865946419985766, "eta": 0.03555612795849388, "gamma": 605.7826411163967, "max_depth": 9.0, "min_child_weight": 4112.002198282126, "num_boost_round": 17.0, "subsample": 0.2702295868052208}, "datetime": {"datetime": "2024-01-20 16:03:48", "elapsed": 5986.311426, "delta": 0.005558}}
{"target": -15.15901495975189, "params": {"colsample_bytree": 0.40865946419985766, "eta": 0.03555612795849388, "gamma": 605.7826411163967, "max_depth": 9.0, "min_child_weight": 4112.002198282126, "num_boost_round": 18.0, "subsample": 0.2702295868052208}, "datetime": {"datetime": "2024-01-20 16:03:48", "elapsed": 5986.316834, "delta": 0.005408}}
{"target": -15.170890425117861, "params": {"colsample_bytree": 0.8881098604598289, "eta": 0.09154022205829337, "gamma": 447.33799870785293, "max_depth": 7.0, "min_child_weight": 4307.162714696708, "num_boost_round": 1.0, "subsample": 0.7434077293639799}, "datetime": {"datetime": "2024-01-20 16:05:31", "elapsed": 6088.542639, "delta": 102.225805}}
{"target": -15.167401634131458, "params": {"colsample_bytree": 0.8881098604598289, "eta": 0.09154022205829337, "gamma": 447.33799870785293, "max_depth": 7.0, "min_child_weight": 4307.162714696708, "num_boost_round": 2.0, "subsample": 0.7434077293639799}, "datetime": {"datetime": "2024-01-20 16:05:31", "elapsed": 6088.550723, "delta": 0.008084}}
{"target": -15.162214703349655, "params": {"colsample_bytree": 0.8881098604598289, "eta": 0.09154022205829337, "gamma": 447.33799870785293, "max_depth": 7.0, "min_child_weight": 4307.162714696708, "num_boost_round": 3.0, "subsample": 0.7434077293639799}, "datetime": {"datetime": "2024-01-20 16:05:31", "elapsed": 6088.557312, "delta": 0.006589}}
{"target": -15.161585956028, "params": {"colsample_bytree": 0.8881098604598289, "eta": 0.09154022205829337, "gamma": 447.33799870785293, "max_depth": 7.0, "min_child_weight": 4307.162714696708, "num_boost_round": 4.0, "subsample": 0.7434077293639799}, "datetime": {"datetime": "2024-01-20 16:05:31", "elapsed": 6088.56379, "delta": 0.006478}}
{"target": -15.158763859995348, "params": {"colsample_bytree": 0.8881098604598289, "eta": 0.09154022205829337, "gamma": 447.33799870785293, "max_depth": 7.0, "min_child_weight": 4307.162714696708, "num_boost_round": 5.0, "subsample": 0.7434077293639799}, "datetime": {"datetime": "2024-01-20 16:05:31", "elapsed": 6088.570208, "delta": 0.006418}}
{"target": -15.158690015830667, "params": {"colsample_bytree": 0.8881098604598289, "eta": 0.09154022205829337, "gamma": 447.33799870785293, "max_depth": 7.0, "min_child_weight": 4307.162714696708, "num_boost_round": 6.0, "subsample": 0.7434077293639799}, "datetime": {"datetime": "2024-01-20 16:05:31", "elapsed": 6088.576762, "delta": 0.006554}}
{"target": -15.157705637311086, "params": {"colsample_bytree": 0.8881098604598289, "eta": 0.09154022205829337, "gamma": 447.33799870785293, "max_depth": 7.0, "min_child_weight": 4307.162714696708, "num_boost_round": 7.0, "subsample": 0.7434077293639799}, "datetime": {"datetime": "2024-01-20 16:05:31", "elapsed": 6088.583006, "delta": 0.006244}}
{"target": -15.156827662506258, "params": {"colsample_bytree": 0.8881098604598289, "eta": 0.09154022205829337, "gamma": 447.33799870785293, "max_depth": 7.0, "min_child_weight": 4307.162714696708, "num_boost_round": 8.0, "subsample": 0.7434077293639799}, "datetime": {"datetime": "2024-01-20 16:05:31", "elapsed": 6088.589104, "delta": 0.006098}}
{"target": -15.157141245584388, "params": {"colsample_bytree": 0.8881098604598289, "eta": 0.09154022205829337, "gamma": 447.33799870785293, "max_depth": 7.0, "min_child_weight": 4307.162714696708, "num_boost_round": 9.0, "subsample": 0.7434077293639799}, "datetime": {"datetime": "2024-01-20 16:05:31", "elapsed": 6088.595508, "delta": 0.006404}}
{"target": -15.15811234598355, "params": {"colsample_bytree": 0.8881098604598289, "eta": 0.09154022205829337, "gamma": 447.33799870785293, "max_depth": 7.0, "min_child_weight": 4307.162714696708, "num_boost_round": 10.0, "subsample": 0.7434077293639799}, "datetime": {"datetime": "2024-01-20 16:05:31", "elapsed": 6088.602293, "delta": 0.006785}}
{"target": -15.158498432997355, "params": {"colsample_bytree": 0.8881098604598289, "eta": 0.09154022205829337, "gamma": 447.33799870785293, "max_depth": 7.0, "min_child_weight": 4307.162714696708, "num_boost_round": 11.0, "subsample": 0.7434077293639799}, "datetime": {"datetime": "2024-01-20 16:05:31", "elapsed": 6088.609792, "delta": 0.007499}}
{"target": -15.158559102905217, "params": {"colsample_bytree": 0.8881098604598289, "eta": 0.09154022205829337, "gamma": 447.33799870785293, "max_depth": 7.0, "min_child_weight": 4307.162714696708, "num_boost_round": 12.0, "subsample": 0.7434077293639799}, "datetime": {"datetime": "2024-01-20 16:05:31", "elapsed": 6088.616182, "delta": 0.00639}}
{"target": -15.159200833574342, "params": {"colsample_bytree": 0.8881098604598289, "eta": 0.09154022205829337, "gamma": 447.33799870785293, "max_depth": 7.0, "min_child_weight": 4307.162714696708, "num_boost_round": 13.0, "subsample": 0.7434077293639799}, "datetime": {"datetime": "2024-01-20 16:05:31", "elapsed": 6088.622158, "delta": 0.005976}}
{"target": -15.15921206902929, "params": {"colsample_bytree": 0.8881098604598289, "eta": 0.09154022205829337, "gamma": 447.33799870785293, "max_depth": 7.0, "min_child_weight": 4307.162714696708, "num_boost_round": 14.0, "subsample": 0.7434077293639799}, "datetime": {"datetime": "2024-01-20 16:05:31", "elapsed": 6088.628207, "delta": 0.006049}}
{"target": -15.160229156433848, "params": {"colsample_bytree": 0.8881098604598289, "eta": 0.09154022205829337, "gamma": 447.33799870785293, "max_depth": 7.0, "min_child_weight": 4307.162714696708, "num_boost_round": 15.0, "subsample": 0.7434077293639799}, "datetime": {"datetime": "2024-01-20 16:05:31", "elapsed": 6088.634608, "delta": 0.006401}}
{"target": -15.160515948958672, "params": {"colsample_bytree": 0.8881098604598289, "eta": 0.09154022205829337, "gamma": 447.33799870785293, "max_depth": 7.0, "min_child_weight": 4307.162714696708, "num_boost_round": 16.0, "subsample": 0.7434077293639799}, "datetime": {"datetime": "2024-01-20 16:05:31", "elapsed": 6088.64068, "delta": 0.006072}}
{"target": -15.161562683929485, "params": {"colsample_bytree": 0.8881098604598289, "eta": 0.09154022205829337, "gamma": 447.33799870785293, "max_depth": 7.0, "min_child_weight": 4307.162714696708, "num_boost_round": 17.0, "subsample": 0.7434077293639799}, "datetime": {"datetime": "2024-01-20 16:05:31", "elapsed": 6088.647271, "delta": 0.006591}}
{"target": -15.162381817763185, "params": {"colsample_bytree": 0.8881098604598289, "eta": 0.09154022205829337, "gamma": 447.33799870785293, "max_depth": 7.0, "min_child_weight": 4307.162714696708, "num_boost_round": 18.0, "subsample": 0.7434077293639799}, "datetime": {"datetime": "2024-01-20 16:05:31", "elapsed": 6088.654265, "delta": 0.006994}}
{"target": -15.163882992804965, "params": {"colsample_bytree": 0.8881098604598289, "eta": 0.09154022205829337, "gamma": 447.33799870785293, "max_depth": 7.0, "min_child_weight": 4307.162714696708, "num_boost_round": 19.0, "subsample": 0.7434077293639799}, "datetime": {"datetime": "2024-01-20 16:05:31", "elapsed": 6088.661022, "delta": 0.006757}}
{"target": -15.164396879759895, "params": {"colsample_bytree": 0.8881098604598289, "eta": 0.09154022205829337, "gamma": 447.33799870785293, "max_depth": 7.0, "min_child_weight": 4307.162714696708, "num_boost_round": 20.0, "subsample": 0.7434077293639799}, "datetime": {"datetime": "2024-01-20 16:05:31", "elapsed": 6089.012963, "delta": 0.351941}}
{"target": -15.165296572095231, "params": {"colsample_bytree": 0.8881098604598289, "eta": 0.09154022205829337, "gamma": 447.33799870785293, "max_depth": 7.0, "min_child_weight": 4307.162714696708, "num_boost_round": 21.0, "subsample": 0.7434077293639799}, "datetime": {"datetime": "2024-01-20 16:05:31", "elapsed": 6089.020733, "delta": 0.00777}}
{"target": -15.164613967728286, "params": {"colsample_bytree": 0.8881098604598289, "eta": 0.09154022205829337, "gamma": 447.33799870785293, "max_depth": 7.0, "min_child_weight": 4307.162714696708, "num_boost_round": 22.0, "subsample": 0.7434077293639799}, "datetime": {"datetime": "2024-01-20 16:05:31", "elapsed": 6089.027652, "delta": 0.006919}}
{"target": -15.165630006687756, "params": {"colsample_bytree": 0.8881098604598289, "eta": 0.09154022205829337, "gamma": 447.33799870785293, "max_depth": 7.0, "min_child_weight": 4307.162714696708, "num_boost_round": 23.0, "subsample": 0.7434077293639799}, "datetime": {"datetime": "2024-01-20 16:05:31", "elapsed": 6089.034422, "delta": 0.00677}}
{"target": -15.166309495217696, "params": {"colsample_bytree": 0.8881098604598289, "eta": 0.09154022205829337, "gamma": 447.33799870785293, "max_depth": 7.0, "min_child_weight": 4307.162714696708, "num_boost_round": 24.0, "subsample": 0.7434077293639799}, "datetime": {"datetime": "2024-01-20 16:05:31", "elapsed": 6089.040931, "delta": 0.006509}}
{"target": -15.167118427977329, "params": {"colsample_bytree": 0.8881098604598289, "eta": 0.09154022205829337, "gamma": 447.33799870785293, "max_depth": 7.0, "min_child_weight": 4307.162714696708, "num_boost_round": 25.0, "subsample": 0.7434077293639799}, "datetime": {"datetime": "2024-01-20 16:05:31", "elapsed": 6089.047808, "delta": 0.006877}}
{"target": -15.168246227892931, "params": {"colsample_bytree": 0.8881098604598289, "eta": 0.09154022205829337, "gamma": 447.33799870785293, "max_depth": 7.0, "min_child_weight": 4307.162714696708, "num_boost_round": 26.0, "subsample": 0.7434077293639799}, "datetime": {"datetime": "2024-01-20 16:05:31", "elapsed": 6089.053853, "delta": 0.006045}}
{"target": -15.168742042315035, "params": {"colsample_bytree": 0.8881098604598289, "eta": 0.09154022205829337, "gamma": 447.33799870785293, "max_depth": 7.0, "min_child_weight": 4307.162714696708, "num_boost_round": 27.0, "subsample": 0.7434077293639799}, "datetime": {"datetime": "2024-01-20 16:05:31", "elapsed": 6089.059454, "delta": 0.005601}}
{"target": -15.168935750341525, "params": {"colsample_bytree": 0.8881098604598289, "eta": 0.09154022205829337, "gamma": 447.33799870785293, "max_depth": 7.0, "min_child_weight": 4307.162714696708, "num_boost_round": 28.0, "subsample": 0.7434077293639799}, "datetime": {"datetime": "2024-01-20 16:05:31", "elapsed": 6089.065348, "delta": 0.005894}}
{"target": -15.169509810327044, "params": {"colsample_bytree": 0.8881098604598289, "eta": 0.09154022205829337, "gamma": 447.33799870785293, "max_depth": 7.0, "min_child_weight": 4307.162714696708, "num_boost_round": 29.0, "subsample": 0.7434077293639799}, "datetime": {"datetime": "2024-01-20 16:05:31", "elapsed": 6089.071279, "delta": 0.005931}}
{"target": -15.170155486261578, "params": {"colsample_bytree": 0.8881098604598289, "eta": 0.09154022205829337, "gamma": 447.33799870785293, "max_depth": 7.0, "min_child_weight": 4307.162714696708, "num_boost_round": 30.0, "subsample": 0.7434077293639799}, "datetime": {"datetime": "2024-01-20 16:05:31", "elapsed": 6089.076986, "delta": 0.005707}}
{"target": -15.170753048623155, "params": {"colsample_bytree": 0.8881098604598289, "eta": 0.09154022205829337, "gamma": 447.33799870785293, "max_depth": 7.0, "min_child_weight": 4307.162714696708, "num_boost_round": 31.0, "subsample": 0.7434077293639799}, "datetime": {"datetime": "2024-01-20 16:05:31", "elapsed": 6089.08257, "delta": 0.005584}}
{"target": -15.171122562261761, "params": {"colsample_bytree": 0.8881098604598289, "eta": 0.09154022205829337, "gamma": 447.33799870785293, "max_depth": 7.0, "min_child_weight": 4307.162714696708, "num_boost_round": 32.0, "subsample": 0.7434077293639799}, "datetime": {"datetime": "2024-01-20 16:05:31", "elapsed": 6089.08842, "delta": 0.00585}}
{"target": -15.171434631153884, "params": {"colsample_bytree": 0.8881098604598289, "eta": 0.09154022205829337, "gamma": 447.33799870785293, "max_depth": 7.0, "min_child_weight": 4307.162714696708, "num_boost_round": 33.0, "subsample": 0.7434077293639799}, "datetime": {"datetime": "2024-01-20 16:05:31", "elapsed": 6089.094702, "delta": 0.006282}}
{"target": -15.172378728986715, "params": {"colsample_bytree": 0.8881098604598289, "eta": 0.09154022205829337, "gamma": 447.33799870785293, "max_depth": 7.0, "min_child_weight": 4307.162714696708, "num_boost_round": 34.0, "subsample": 0.7434077293639799}, "datetime": {"datetime": "2024-01-20 16:05:31", "elapsed": 6089.100598, "delta": 0.005896}}
{"target": -15.17268007115868, "params": {"colsample_bytree": 0.8881098604598289, "eta": 0.09154022205829337, "gamma": 447.33799870785293, "max_depth": 7.0, "min_child_weight": 4307.162714696708, "num_boost_round": 35.0, "subsample": 0.7434077293639799}, "datetime": {"datetime": "2024-01-20 16:05:31", "elapsed": 6089.106339, "delta": 0.005741}}
{"target": -15.17368812748752, "params": {"colsample_bytree": 0.8881098604598289, "eta": 0.09154022205829337, "gamma": 447.33799870785293, "max_depth": 7.0, "min_child_weight": 4307.162714696708, "num_boost_round": 36.0, "subsample": 0.7434077293639799}, "datetime": {"datetime": "2024-01-20 16:05:31", "elapsed": 6089.113092, "delta": 0.006753}}
{"target": -15.17427484071673, "params": {"colsample_bytree": 0.8881098604598289, "eta": 0.09154022205829337, "gamma": 447.33799870785293, "max_depth": 7.0, "min_child_weight": 4307.162714696708, "num_boost_round": 37.0, "subsample": 0.7434077293639799}, "datetime": {"datetime": "2024-01-20 16:05:31", "elapsed": 6089.120046, "delta": 0.006954}}
{"target": -15.175184263016341, "params": {"colsample_bytree": 0.8881098604598289, "eta": 0.09154022205829337, "gamma": 447.33799870785293, "max_depth": 7.0, "min_child_weight": 4307.162714696708, "num_boost_round": 38.0, "subsample": 0.7434077293639799}, "datetime": {"datetime": "2024-01-20 16:05:31", "elapsed": 6089.126471, "delta": 0.006425}}
{"target": -15.175898401804925, "params": {"colsample_bytree": 0.8881098604598289, "eta": 0.09154022205829337, "gamma": 447.33799870785293, "max_depth": 7.0, "min_child_weight": 4307.162714696708, "num_boost_round": 39.0, "subsample": 0.7434077293639799}, "datetime": {"datetime": "2024-01-20 16:05:31", "elapsed": 6089.133426, "delta": 0.006955}}
{"target": -15.176836142404367, "params": {"colsample_bytree": 0.8881098604598289, "eta": 0.09154022205829337, "gamma": 447.33799870785293, "max_depth": 7.0, "min_child_weight": 4307.162714696708, "num_boost_round": 40.0, "subsample": 0.7434077293639799}, "datetime": {"datetime": "2024-01-20 16:05:31", "elapsed": 6089.140593, "delta": 0.007167}}
{"target": -15.17848411239321, "params": {"colsample_bytree": 0.8881098604598289, "eta": 0.09154022205829337, "gamma": 447.33799870785293, "max_depth": 7.0, "min_child_weight": 4307.162714696708, "num_boost_round": 41.0, "subsample": 0.7434077293639799}, "datetime": {"datetime": "2024-01-20 16:05:31", "elapsed": 6089.148144, "delta": 0.007551}}
{"target": -15.17923317330698, "params": {"colsample_bytree": 0.8881098604598289, "eta": 0.09154022205829337, "gamma": 447.33799870785293, "max_depth": 7.0, "min_child_weight": 4307.162714696708, "num_boost_round": 42.0, "subsample": 0.7434077293639799}, "datetime": {"datetime": "2024-01-20 16:05:31", "elapsed": 6089.15433, "delta": 0.006186}}
{"target": -15.179312665328531, "params": {"colsample_bytree": 0.8881098604598289, "eta": 0.09154022205829337, "gamma": 447.33799870785293, "max_depth": 7.0, "min_child_weight": 4307.162714696708, "num_boost_round": 43.0, "subsample": 0.7434077293639799}, "datetime": {"datetime": "2024-01-20 16:05:31", "elapsed": 6089.159922, "delta": 0.005592}}
{"target": -15.17969195071395, "params": {"colsample_bytree": 0.8881098604598289, "eta": 0.09154022205829337, "gamma": 447.33799870785293, "max_depth": 7.0, "min_child_weight": 4307.162714696708, "num_boost_round": 44.0, "subsample": 0.7434077293639799}, "datetime": {"datetime": "2024-01-20 16:05:31", "elapsed": 6089.165475, "delta": 0.005553}}
{"target": -15.180056212894346, "params": {"colsample_bytree": 0.8881098604598289, "eta": 0.09154022205829337, "gamma": 447.33799870785293, "max_depth": 7.0, "min_child_weight": 4307.162714696708, "num_boost_round": 45.0, "subsample": 0.7434077293639799}, "datetime": {"datetime": "2024-01-20 16:05:31", "elapsed": 6089.171184, "delta": 0.005709}}
{"target": -15.171023023427487, "params": {"colsample_bytree": 0.8312064703977866, "eta": 0.05658839290326339, "gamma": 617.1062546184264, "max_depth": 6.0, "min_child_weight": 4139.207288521114, "num_boost_round": 1.0, "subsample": 0.47519786843419654}, "datetime": {"datetime": "2024-01-20 16:07:00", "elapsed": 6178.357838, "delta": 89.186654}}
{"target": -15.16916521653993, "params": {"colsample_bytree": 0.8312064703977866, "eta": 0.05658839290326339, "gamma": 617.1062546184264, "max_depth": 6.0, "min_child_weight": 4139.207288521114, "num_boost_round": 2.0, "subsample": 0.47519786843419654}, "datetime": {"datetime": "2024-01-20 16:07:00", "elapsed": 6178.364838, "delta": 0.007}}
{"target": -15.167126158434993, "params": {"colsample_bytree": 0.8312064703977866, "eta": 0.05658839290326339, "gamma": 617.1062546184264, "max_depth": 6.0, "min_child_weight": 4139.207288521114, "num_boost_round": 3.0, "subsample": 0.47519786843419654}, "datetime": {"datetime": "2024-01-20 16:07:00", "elapsed": 6178.370545, "delta": 0.005707}}
{"target": -15.165886289753528, "params": {"colsample_bytree": 0.8312064703977866, "eta": 0.05658839290326339, "gamma": 617.1062546184264, "max_depth": 6.0, "min_child_weight": 4139.207288521114, "num_boost_round": 4.0, "subsample": 0.47519786843419654}, "datetime": {"datetime": "2024-01-20 16:07:00", "elapsed": 6178.376118, "delta": 0.005573}}
{"target": -15.162855290293356, "params": {"colsample_bytree": 0.8312064703977866, "eta": 0.05658839290326339, "gamma": 617.1062546184264, "max_depth": 6.0, "min_child_weight": 4139.207288521114, "num_boost_round": 5.0, "subsample": 0.47519786843419654}, "datetime": {"datetime": "2024-01-20 16:07:00", "elapsed": 6178.381775, "delta": 0.005657}}
