{"target": -13.739831831520586, "params": {"colsample_bytree": 0.9329180611051465, "eta": 0.0650527682675004, "gamma": 371.8049057935018, "max_depth": 3.0, "min_child_weight": 3723.5396787077016, "num_boost_round": 7.0, "subsample": 0.5232020490144611}, "datetime": {"datetime": "2024-01-20 14:50:26", "elapsed": 1587.754548, "delta": 0.00132}}
{"target": -13.741164728714692, "params": {"colsample_bytree": 0.9329180611051465, "eta": 0.0650527682675004, "gamma": 371.8049057935018, "max_depth": 3.0, "min_child_weight": 3723.5396787077016, "num_boost_round": 8.0, "subsample": 0.5232020490144611}, "datetime": {"datetime": "2024-01-20 14:50:26", "elapsed": 1587.75575, "delta": 0.001202}}
{"target": -13.73111273190543, "params": {"colsample_bytree": 0.21405892621436184, "eta": 0.011841508203541294, "gamma": 19.914741910106116, "max_depth": 5.0, "min_child_weight": 3948.6053287558025, "num_boost_round": 1.0, "subsample": 0.4980106689228785}, "datetime": {"datetime": "2024-01-20 14:51:11", "elapsed": 1632.658288, "delta": 44.902538}}
{"target": -13.731204983144686, "params": {"colsample_bytree": 0.21405892621436184, "eta": 0.011841508203541294, "gamma": 19.914741910106116, "max_depth": 5.0, "min_child_weight": 3948.6053287558025, "num_boost_round": 2.0, "subsample": 0.4980106689228785}, "datetime": {"datetime": "2024-01-20 14:51:11", "elapsed": 1632.660016, "delta": 0.001728}}
{"target": -13.731256175023962, "params": {"colsample_bytree": 0.21405892621436184, "eta": 0.011841508203541294, "gamma": 19.914741910106116, "max_depth": 5.0, "min_child_weight": 3948.6053287558025, "num_boost_round": 3.0, "subsample": 0.4980106689228785}, "datetime": {"datetime": "2024-01-20 14:51:11", "elapsed": 1632.661434, "delta": 0.001418}}
{"target": -13.731344616709652, "params": {"colsample_bytree": 0.21405892621436184, "eta": 0.011841508203541294, "gamma": 19.914741910106116, "max_depth": 5.0, "min_child_weight": 3948.6053287558025, "num_boost_round": 4.0, "subsample": 0.4980106689228785}, "datetime": {"datetime": "2024-01-20 14:51:11", "elapsed": 1632.662653, "delta": 0.001219}}
{"target": -13.731551154367544, "params": {"colsample_bytree": 0.21405892621436184, "eta": 0.011841508203541294, "gamma": 19.914741910106116, "max_depth": 5.0, "min_child_weight": 3948.6053287558025, "num_boost_round": 5.0, "subsample": 0.4980106689228785}, "datetime": {"datetime": "2024-01-20 14:51:11", "elapsed": 1632.664521, "delta": 0.001868}}
{"target": -13.731645657117099, "params": {"colsample_bytree": 0.21405892621436184, "eta": 0.011841508203541294, "gamma": 19.914741910106116, "max_depth": 5.0, "min_child_weight": 3948.6053287558025, "num_boost_round": 6.0, "subsample": 0.4980106689228785}, "datetime": {"datetime": "2024-01-20 14:51:11", "elapsed": 1632.665835, "delta": 0.001314}}
{"target": -13.731786405110618, "params": {"colsample_bytree": 0.21405892621436184, "eta": 0.011841508203541294, "gamma": 19.914741910106116, "max_depth": 5.0, "min_child_weight": 3948.6053287558025, "num_boost_round": 7.0, "subsample": 0.4980106689228785}, "datetime": {"datetime": "2024-01-20 14:51:11", "elapsed": 1632.667008, "delta": 0.001173}}
{"target": -13.731790606269794, "params": {"colsample_bytree": 0.21405892621436184, "eta": 0.011841508203541294, "gamma": 19.914741910106116, "max_depth": 5.0, "min_child_weight": 3948.6053287558025, "num_boost_round": 8.0, "subsample": 0.4980106689228785}, "datetime": {"datetime": "2024-01-20 14:51:11", "elapsed": 1632.668178, "delta": 0.00117}}
{"target": -13.731902514977724, "params": {"colsample_bytree": 0.21405892621436184, "eta": 0.011841508203541294, "gamma": 19.914741910106116, "max_depth": 5.0, "min_child_weight": 3948.6053287558025, "num_boost_round": 9.0, "subsample": 0.4980106689228785}, "datetime": {"datetime": "2024-01-20 14:51:11", "elapsed": 1632.669339, "delta": 0.001161}}
{"target": -13.732023961980907, "params": {"colsample_bytree": 0.21405892621436184, "eta": 0.011841508203541294, "gamma": 19.914741910106116, "max_depth": 5.0, "min_child_weight": 3948.6053287558025, "num_boost_round": 10.0, "subsample": 0.4980106689228785}, "datetime": {"datetime": "2024-01-20 14:51:11", "elapsed": 1632.670502, "delta": 0.001163}}
{"target": -13.732133076798792, "params": {"colsample_bytree": 0.21405892621436184, "eta": 0.011841508203541294, "gamma": 19.914741910106116, "max_depth": 5.0, "min_child_weight": 3948.6053287558025, "num_boost_round": 11.0, "subsample": 0.4980106689228785}, "datetime": {"datetime": "2024-01-20 14:51:11", "elapsed": 1632.671705, "delta": 0.001203}}
{"target": -13.73216163390857, "params": {"colsample_bytree": 0.21405892621436184, "eta": 0.011841508203541294, "gamma": 19.914741910106116, "max_depth": 5.0, "min_child_weight": 3948.6053287558025, "num_boost_round": 12.0, "subsample": 0.4980106689228785}, "datetime": {"datetime": "2024-01-20 14:51:11", "elapsed": 1632.672894, "delta": 0.001189}}
{"target": -13.732228476190667, "params": {"colsample_bytree": 0.21405892621436184, "eta": 0.011841508203541294, "gamma": 19.914741910106116, "max_depth": 5.0, "min_child_weight": 3948.6053287558025, "num_boost_round": 13.0, "subsample": 0.4980106689228785}, "datetime": {"datetime": "2024-01-20 14:51:11", "elapsed": 1632.674138, "delta": 0.001244}}
{"target": -13.73233902402442, "params": {"colsample_bytree": 0.21405892621436184, "eta": 0.011841508203541294, "gamma": 19.914741910106116, "max_depth": 5.0, "min_child_weight": 3948.6053287558025, "num_boost_round": 14.0, "subsample": 0.4980106689228785}, "datetime": {"datetime": "2024-01-20 14:51:11", "elapsed": 1632.675318, "delta": 0.00118}}
{"target": -13.732375773352754, "params": {"colsample_bytree": 0.21405892621436184, "eta": 0.011841508203541294, "gamma": 19.914741910106116, "max_depth": 5.0, "min_child_weight": 3948.6053287558025, "num_boost_round": 15.0, "subsample": 0.4980106689228785}, "datetime": {"datetime": "2024-01-20 14:51:11", "elapsed": 1632.676489, "delta": 0.001171}}
{"target": -13.732604165426572, "params": {"colsample_bytree": 0.21405892621436184, "eta": 0.011841508203541294, "gamma": 19.914741910106116, "max_depth": 5.0, "min_child_weight": 3948.6053287558025, "num_boost_round": 16.0, "subsample": 0.4980106689228785}, "datetime": {"datetime": "2024-01-20 14:51:11", "elapsed": 1632.67767, "delta": 0.001181}}
{"target": -13.732794119988597, "params": {"colsample_bytree": 0.21405892621436184, "eta": 0.011841508203541294, "gamma": 19.914741910106116, "max_depth": 5.0, "min_child_weight": 3948.6053287558025, "num_boost_round": 17.0, "subsample": 0.4980106689228785}, "datetime": {"datetime": "2024-01-20 14:51:11", "elapsed": 1632.678867, "delta": 0.001197}}
{"target": -13.732892028033529, "params": {"colsample_bytree": 0.21405892621436184, "eta": 0.011841508203541294, "gamma": 19.914741910106116, "max_depth": 5.0, "min_child_weight": 3948.6053287558025, "num_boost_round": 18.0, "subsample": 0.4980106689228785}, "datetime": {"datetime": "2024-01-20 14:51:11", "elapsed": 1632.680042, "delta": 0.001175}}
{"target": -13.733038665068413, "params": {"colsample_bytree": 0.21405892621436184, "eta": 0.011841508203541294, "gamma": 19.914741910106116, "max_depth": 5.0, "min_child_weight": 3948.6053287558025, "num_boost_round": 19.0, "subsample": 0.4980106689228785}, "datetime": {"datetime": "2024-01-20 14:51:11", "elapsed": 1632.681225, "delta": 0.001183}}
{"target": -13.7331701398319, "params": {"colsample_bytree": 0.21405892621436184, "eta": 0.011841508203541294, "gamma": 19.914741910106116, "max_depth": 5.0, "min_child_weight": 3948.6053287558025, "num_boost_round": 20.0, "subsample": 0.4980106689228785}, "datetime": {"datetime": "2024-01-20 14:51:11", "elapsed": 1632.682421, "delta": 0.001196}}
{"target": -13.733398118054913, "params": {"colsample_bytree": 0.21405892621436184, "eta": 0.011841508203541294, "gamma": 19.914741910106116, "max_depth": 5.0, "min_child_weight": 3948.6053287558025, "num_boost_round": 21.0, "subsample": 0.4980106689228785}, "datetime": {"datetime": "2024-01-20 14:51:11", "elapsed": 1632.683632, "delta": 0.001211}}
{"target": -13.733445875228387, "params": {"colsample_bytree": 0.21405892621436184, "eta": 0.011841508203541294, "gamma": 19.914741910106116, "max_depth": 5.0, "min_child_weight": 3948.6053287558025, "num_boost_round": 22.0, "subsample": 0.4980106689228785}, "datetime": {"datetime": "2024-01-20 14:51:11", "elapsed": 1632.684978, "delta": 0.001346}}
{"target": -13.73354875773244, "params": {"colsample_bytree": 0.21405892621436184, "eta": 0.011841508203541294, "gamma": 19.914741910106116, "max_depth": 5.0, "min_child_weight": 3948.6053287558025, "num_boost_round": 23.0, "subsample": 0.4980106689228785}, "datetime": {"datetime": "2024-01-20 14:51:11", "elapsed": 1632.686418, "delta": 0.00144}}
{"target": -13.73379758361584, "params": {"colsample_bytree": 0.21405892621436184, "eta": 0.011841508203541294, "gamma": 19.914741910106116, "max_depth": 5.0, "min_child_weight": 3948.6053287558025, "num_boost_round": 24.0, "subsample": 0.4980106689228785}, "datetime": {"datetime": "2024-01-20 14:51:11", "elapsed": 1632.687673, "delta": 0.001255}}
{"target": -13.733957871442477, "params": {"colsample_bytree": 0.21405892621436184, "eta": 0.011841508203541294, "gamma": 19.914741910106116, "max_depth": 5.0, "min_child_weight": 3948.6053287558025, "num_boost_round": 25.0, "subsample": 0.4980106689228785}, "datetime": {"datetime": "2024-01-20 14:51:11", "elapsed": 1632.688877, "delta": 0.001204}}
{"target": -13.73409396745269, "params": {"colsample_bytree": 0.21405892621436184, "eta": 0.011841508203541294, "gamma": 19.914741910106116, "max_depth": 5.0, "min_child_weight": 3948.6053287558025, "num_boost_round": 26.0, "subsample": 0.4980106689228785}, "datetime": {"datetime": "2024-01-20 14:51:11", "elapsed": 1632.690073, "delta": 0.001196}}
{"target": -13.73426142549983, "params": {"colsample_bytree": 0.21405892621436184, "eta": 0.011841508203541294, "gamma": 19.914741910106116, "max_depth": 5.0, "min_child_weight": 3948.6053287558025, "num_boost_round": 27.0, "subsample": 0.4980106689228785}, "datetime": {"datetime": "2024-01-20 14:51:11", "elapsed": 1632.691265, "delta": 0.001192}}
{"target": -13.734442990365284, "params": {"colsample_bytree": 0.21405892621436184, "eta": 0.011841508203541294, "gamma": 19.914741910106116, "max_depth": 5.0, "min_child_weight": 3948.6053287558025, "num_boost_round": 28.0, "subsample": 0.4980106689228785}, "datetime": {"datetime": "2024-01-20 14:51:11", "elapsed": 1632.692471, "delta": 0.001206}}
{"target": -13.734605220251112, "params": {"colsample_bytree": 0.21405892621436184, "eta": 0.011841508203541294, "gamma": 19.914741910106116, "max_depth": 5.0, "min_child_weight": 3948.6053287558025, "num_boost_round": 29.0, "subsample": 0.4980106689228785}, "datetime": {"datetime": "2024-01-20 14:51:11", "elapsed": 1632.693792, "delta": 0.001321}}
{"target": -13.734674866535034, "params": {"colsample_bytree": 0.21405892621436184, "eta": 0.011841508203541294, "gamma": 19.914741910106116, "max_depth": 5.0, "min_child_weight": 3948.6053287558025, "num_boost_round": 30.0, "subsample": 0.4980106689228785}, "datetime": {"datetime": "2024-01-20 14:51:11", "elapsed": 1632.694993, "delta": 0.001201}}
{"target": -13.734697006294988, "params": {"colsample_bytree": 0.21405892621436184, "eta": 0.011841508203541294, "gamma": 19.914741910106116, "max_depth": 5.0, "min_child_weight": 3948.6053287558025, "num_boost_round": 31.0, "subsample": 0.4980106689228785}, "datetime": {"datetime": "2024-01-20 14:51:11", "elapsed": 1632.696189, "delta": 0.001196}}
{"target": -13.734738916064819, "params": {"colsample_bytree": 0.21405892621436184, "eta": 0.011841508203541294, "gamma": 19.914741910106116, "max_depth": 5.0, "min_child_weight": 3948.6053287558025, "num_boost_round": 32.0, "subsample": 0.4980106689228785}, "datetime": {"datetime": "2024-01-20 14:51:11", "elapsed": 1632.697378, "delta": 0.001189}}
{"target": -13.73481902510355, "params": {"colsample_bytree": 0.21405892621436184, "eta": 0.011841508203541294, "gamma": 19.914741910106116, "max_depth": 5.0, "min_child_weight": 3948.6053287558025, "num_boost_round": 33.0, "subsample": 0.4980106689228785}, "datetime": {"datetime": "2024-01-20 14:51:11", "elapsed": 1632.698576, "delta": 0.001198}}
{"target": -13.73496958777799, "params": {"colsample_bytree": 0.21405892621436184, "eta": 0.011841508203541294, "gamma": 19.914741910106116, "max_depth": 5.0, "min_child_weight": 3948.6053287558025, "num_boost_round": 34.0, "subsample": 0.4980106689228785}, "datetime": {"datetime": "2024-01-20 14:51:11", "elapsed": 1632.699781, "delta": 0.001205}}
{"target": -13.73519190536272, "params": {"colsample_bytree": 0.21405892621436184, "eta": 0.011841508203541294, "gamma": 19.914741910106116, "max_depth": 5.0, "min_child_weight": 3948.6053287558025, "num_boost_round": 35.0, "subsample": 0.4980106689228785}, "datetime": {"datetime": "2024-01-20 14:51:11", "elapsed": 1632.701003, "delta": 0.001222}}
{"target": -13.735251295516214, "params": {"colsample_bytree": 0.21405892621436184, "eta": 0.011841508203541294, "gamma": 19.914741910106116, "max_depth": 5.0, "min_child_weight": 3948.6053287558025, "num_boost_round": 36.0, "subsample": 0.4980106689228785}, "datetime": {"datetime": "2024-01-20 14:51:11", "elapsed": 1632.702199, "delta": 0.001196}}
{"target": -13.735336684367002, "params": {"colsample_bytree": 0.21405892621436184, "eta": 0.011841508203541294, "gamma": 19.914741910106116, "max_depth": 5.0, "min_child_weight": 3948.6053287558025, "num_boost_round": 37.0, "subsample": 0.4980106689228785}, "datetime": {"datetime": "2024-01-20 14:51:11", "elapsed": 1632.703387, "delta": 0.001188}}
{"target": -13.735407452744505, "params": {"colsample_bytree": 0.21405892621436184, "eta": 0.011841508203541294, "gamma": 19.914741910106116, "max_depth": 5.0, "min_child_weight": 3948.6053287558025, "num_boost_round": 38.0, "subsample": 0.4980106689228785}, "datetime": {"datetime": "2024-01-20 14:51:11", "elapsed": 1632.704646, "delta": 0.001259}}
{"target": -13.735540433076492, "params": {"colsample_bytree": 0.21405892621436184, "eta": 0.011841508203541294, "gamma": 19.914741910106116, "max_depth": 5.0, "min_child_weight": 3948.6053287558025, "num_boost_round": 39.0, "subsample": 0.4980106689228785}, "datetime": {"datetime": "2024-01-20 14:51:11", "elapsed": 1632.705909, "delta": 0.001263}}
{"target": -13.735755537310773, "params": {"colsample_bytree": 0.21405892621436184, "eta": 0.011841508203541294, "gamma": 19.914741910106116, "max_depth": 5.0, "min_child_weight": 3948.6053287558025, "num_boost_round": 40.0, "subsample": 0.4980106689228785}, "datetime": {"datetime": "2024-01-20 14:51:11", "elapsed": 1632.707117, "delta": 0.001208}}
{"target": -13.735841379774524, "params": {"colsample_bytree": 0.21405892621436184, "eta": 0.011841508203541294, "gamma": 19.914741910106116, "max_depth": 5.0, "min_child_weight": 3948.6053287558025, "num_boost_round": 41.0, "subsample": 0.4980106689228785}, "datetime": {"datetime": "2024-01-20 14:51:11", "elapsed": 1632.708334, "delta": 0.001217}}
{"target": -13.735963212601117, "params": {"colsample_bytree": 0.21405892621436184, "eta": 0.011841508203541294, "gamma": 19.914741910106116, "max_depth": 5.0, "min_child_weight": 3948.6053287558025, "num_boost_round": 42.0, "subsample": 0.4980106689228785}, "datetime": {"datetime": "2024-01-20 14:51:11", "elapsed": 1632.709544, "delta": 0.00121}}
{"target": -13.736117720866664, "params": {"colsample_bytree": 0.21405892621436184, "eta": 0.011841508203541294, "gamma": 19.914741910106116, "max_depth": 5.0, "min_child_weight": 3948.6053287558025, "num_boost_round": 43.0, "subsample": 0.4980106689228785}, "datetime": {"datetime": "2024-01-20 14:51:11", "elapsed": 1632.710746, "delta": 0.001202}}
{"target": -13.736205141037413, "params": {"colsample_bytree": 0.21405892621436184, "eta": 0.011841508203541294, "gamma": 19.914741910106116, "max_depth": 5.0, "min_child_weight": 3948.6053287558025, "num_boost_round": 44.0, "subsample": 0.4980106689228785}, "datetime": {"datetime": "2024-01-20 14:51:11", "elapsed": 1632.711956, "delta": 0.00121}}
{"target": -13.736364955688032, "params": {"colsample_bytree": 0.21405892621436184, "eta": 0.011841508203541294, "gamma": 19.914741910106116, "max_depth": 5.0, "min_child_weight": 3948.6053287558025, "num_boost_round": 45.0, "subsample": 0.4980106689228785}, "datetime": {"datetime": "2024-01-20 14:51:11", "elapsed": 1632.713156, "delta": 0.0012}}
{"target": -13.736517599366678, "params": {"colsample_bytree": 0.21405892621436184, "eta": 0.011841508203541294, "gamma": 19.914741910106116, "max_depth": 5.0, "min_child_weight": 3948.6053287558025, "num_boost_round": 46.0, "subsample": 0.4980106689228785}, "datetime": {"datetime": "2024-01-20 14:51:11", "elapsed": 1632.714427, "delta": 0.001271}}
{"target": -13.736590270134627, "params": {"colsample_bytree": 0.21405892621436184, "eta": 0.011841508203541294, "gamma": 19.914741910106116, "max_depth": 5.0, "min_child_weight": 3948.6053287558025, "num_boost_round": 47.0, "subsample": 0.4980106689228785}, "datetime": {"datetime": "2024-01-20 14:51:11", "elapsed": 1632.715652, "delta": 0.001225}}
{"target": -13.73672332767364, "params": {"colsample_bytree": 0.21405892621436184, "eta": 0.011841508203541294, "gamma": 19.914741910106116, "max_depth": 5.0, "min_child_weight": 3948.6053287558025, "num_boost_round": 48.0, "subsample": 0.4980106689228785}, "datetime": {"datetime": "2024-01-20 14:51:11", "elapsed": 1632.716855, "delta": 0.001203}}
{"target": -13.736854023450622, "params": {"colsample_bytree": 0.21405892621436184, "eta": 0.011841508203541294, "gamma": 19.914741910106116, "max_depth": 5.0, "min_child_weight": 3948.6053287558025, "num_boost_round": 49.0, "subsample": 0.4980106689228785}, "datetime": {"datetime": "2024-01-20 14:51:11", "elapsed": 1632.718068, "delta": 0.001213}}
{"target": -13.737013317889243, "params": {"colsample_bytree": 0.21405892621436184, "eta": 0.011841508203541294, "gamma": 19.914741910106116, "max_depth": 5.0, "min_child_weight": 3948.6053287558025, "num_boost_round": 50.0, "subsample": 0.4980106689228785}, "datetime": {"datetime": "2024-01-20 14:51:11", "elapsed": 1632.719273, "delta": 0.001205}}
{"target": -13.73707256165746, "params": {"colsample_bytree": 0.21405892621436184, "eta": 0.011841508203541294, "gamma": 19.914741910106116, "max_depth": 5.0, "min_child_weight": 3948.6053287558025, "num_boost_round": 51.0, "subsample": 0.4980106689228785}, "datetime": {"datetime": "2024-01-20 14:51:11", "elapsed": 1632.720485, "delta": 0.001212}}
{"target": -13.737375415672155, "params": {"colsample_bytree": 0.21405892621436184, "eta": 0.011841508203541294, "gamma": 19.914741910106116, "max_depth": 5.0, "min_child_weight": 3948.6053287558025, "num_boost_round": 52.0, "subsample": 0.4980106689228785}, "datetime": {"datetime": "2024-01-20 14:51:11", "elapsed": 1632.7217, "delta": 0.001215}}
{"target": -13.737424767998652, "params": {"colsample_bytree": 0.21405892621436184, "eta": 0.011841508203541294, "gamma": 19.914741910106116, "max_depth": 5.0, "min_child_weight": 3948.6053287558025, "num_boost_round": 53.0, "subsample": 0.4980106689228785}, "datetime": {"datetime": "2024-01-20 14:51:11", "elapsed": 1632.722915, "delta": 0.001215}}
{"target": -13.737578625100074, "params": {"colsample_bytree": 0.21405892621436184, "eta": 0.011841508203541294, "gamma": 19.914741910106116, "max_depth": 5.0, "min_child_weight": 3948.6053287558025, "num_boost_round": 54.0, "subsample": 0.4980106689228785}, "datetime": {"datetime": "2024-01-20 14:51:11", "elapsed": 1632.724144, "delta": 0.001229}}
{"target": -13.737749838819806, "params": {"colsample_bytree": 0.21405892621436184, "eta": 0.011841508203541294, "gamma": 19.914741910106116, "max_depth": 5.0, "min_child_weight": 3948.6053287558025, "num_boost_round": 55.0, "subsample": 0.4980106689228785}, "datetime": {"datetime": "2024-01-20 14:51:11", "elapsed": 1632.725458, "delta": 0.001314}}
{"target": -13.737798380401024, "params": {"colsample_bytree": 0.21405892621436184, "eta": 0.011841508203541294, "gamma": 19.914741910106116, "max_depth": 5.0, "min_child_weight": 3948.6053287558025, "num_boost_round": 56.0, "subsample": 0.4980106689228785}, "datetime": {"datetime": "2024-01-20 14:51:11", "elapsed": 1632.726686, "delta": 0.001228}}
{"target": -13.73809167541156, "params": {"colsample_bytree": 0.21405892621436184, "eta": 0.011841508203541294, "gamma": 19.914741910106116, "max_depth": 5.0, "min_child_weight": 3948.6053287558025, "num_boost_round": 57.0, "subsample": 0.4980106689228785}, "datetime": {"datetime": "2024-01-20 14:51:11", "elapsed": 1632.727893, "delta": 0.001207}}
{"target": -13.738229823775374, "params": {"colsample_bytree": 0.21405892621436184, "eta": 0.011841508203541294, "gamma": 19.914741910106116, "max_depth": 5.0, "min_child_weight": 3948.6053287558025, "num_boost_round": 58.0, "subsample": 0.4980106689228785}, "datetime": {"datetime": "2024-01-20 14:51:11", "elapsed": 1632.729108, "delta": 0.001215}}
{"target": -13.738346056840388, "params": {"colsample_bytree": 0.21405892621436184, "eta": 0.011841508203541294, "gamma": 19.914741910106116, "max_depth": 5.0, "min_child_weight": 3948.6053287558025, "num_boost_round": 59.0, "subsample": 0.4980106689228785}, "datetime": {"datetime": "2024-01-20 14:51:11", "elapsed": 1632.730338, "delta": 0.00123}}
{"target": -13.738468244682599, "params": {"colsample_bytree": 0.21405892621436184, "eta": 0.011841508203541294, "gamma": 19.914741910106116, "max_depth": 5.0, "min_child_weight": 3948.6053287558025, "num_boost_round": 60.0, "subsample": 0.4980106689228785}, "datetime": {"datetime": "2024-01-20 14:51:11", "elapsed": 1632.731561, "delta": 0.001223}}
