{"target": -13.398348973348146, "params": {"colsample_bytree": 0.113116800785522, "eta": 0.08050162400362382, "gamma": 551.1193222106137, "max_depth": 8.0, "min_child_weight": 4565.53609053731, "num_boost_round": 1.0, "subsample": 0.6048391407785607}, "datetime": {"datetime": "2024-01-20 18:11:33", "elapsed": 13627.724885, "delta": 96.060959}}
{"target": -13.398529059465064, "params": {"colsample_bytree": 0.113116800785522, "eta": 0.08050162400362382, "gamma": 551.1193222106137, "max_depth": 8.0, "min_child_weight": 4565.53609053731, "num_boost_round": 2.0, "subsample": 0.6048391407785607}, "datetime": {"datetime": "2024-01-20 18:11:33", "elapsed": 13627.825885, "delta": 0.101}}
{"target": -13.398810651341876, "params": {"colsample_bytree": 0.113116800785522, "eta": 0.08050162400362382, "gamma": 551.1193222106137, "max_depth": 8.0, "min_child_weight": 4565.53609053731, "num_boost_round": 3.0, "subsample": 0.6048391407785607}, "datetime": {"datetime": "2024-01-20 18:11:33", "elapsed": 13627.831432, "delta": 0.005547}}
{"target": -13.398781753458916, "params": {"colsample_bytree": 0.113116800785522, "eta": 0.08050162400362382, "gamma": 551.1193222106137, "max_depth": 8.0, "min_child_weight": 4565.53609053731, "num_boost_round": 4.0, "subsample": 0.6048391407785607}, "datetime": {"datetime": "2024-01-20 18:11:33", "elapsed": 13627.837048, "delta": 0.005616}}
{"target": -13.398633366219078, "params": {"colsample_bytree": 0.113116800785522, "eta": 0.08050162400362382, "gamma": 551.1193222106137, "max_depth": 8.0, "min_child_weight": 4565.53609053731, "num_boost_round": 5.0, "subsample": 0.6048391407785607}, "datetime": {"datetime": "2024-01-20 18:11:33", "elapsed": 13627.842642, "delta": 0.005594}}
{"target": -13.398723327663772, "params": {"colsample_bytree": 0.113116800785522, "eta": 0.08050162400362382, "gamma": 551.1193222106137, "max_depth": 8.0, "min_child_weight": 4565.53609053731, "num_boost_round": 6.0, "subsample": 0.6048391407785607}, "datetime": {"datetime": "2024-01-20 18:11:33", "elapsed": 13627.84792, "delta": 0.005278}}
{"target": -13.398949623209324, "params": {"colsample_bytree": 0.113116800785522, "eta": 0.08050162400362382, "gamma": 551.1193222106137, "max_depth": 8.0, "min_child_weight": 4565.53609053731, "num_boost_round": 7.0, "subsample": 0.6048391407785607}, "datetime": {"datetime": "2024-01-20 18:11:33", "elapsed": 13627.853362, "delta": 0.005442}}
{"target": -13.39909700474714, "params": {"colsample_bytree": 0.113116800785522, "eta": 0.08050162400362382, "gamma": 551.1193222106137, "max_depth": 8.0, "min_child_weight": 4565.53609053731, "num_boost_round": 8.0, "subsample": 0.6048391407785607}, "datetime": {"datetime": "2024-01-20 18:11:33", "elapsed": 13627.8587, "delta": 0.005338}}
{"target": -13.399262096165533, "params": {"colsample_bytree": 0.113116800785522, "eta": 0.08050162400362382, "gamma": 551.1193222106137, "max_depth": 8.0, "min_child_weight": 4565.53609053731, "num_boost_round": 9.0, "subsample": 0.6048391407785607}, "datetime": {"datetime": "2024-01-20 18:11:33", "elapsed": 13627.86418, "delta": 0.00548}}
{"target": -13.399883268976136, "params": {"colsample_bytree": 0.113116800785522, "eta": 0.08050162400362382, "gamma": 551.1193222106137, "max_depth": 8.0, "min_child_weight": 4565.53609053731, "num_boost_round": 10.0, "subsample": 0.6048391407785607}, "datetime": {"datetime": "2024-01-20 18:11:33", "elapsed": 13627.869635, "delta": 0.005455}}
{"target": -13.397877263945615, "params": {"colsample_bytree": 0.11372240866279287, "eta": 0.010486195248906207, "gamma": 139.52847228127106, "max_depth": 9.0, "min_child_weight": 3387.1572095063007, "num_boost_round": 1.0, "subsample": 0.931564757083109}, "datetime": {"datetime": "2024-01-20 18:13:08", "elapsed": 13723.052166, "delta": 95.182531}}
{"target": -13.397463038788835, "params": {"colsample_bytree": 0.46413516967450774, "eta": 0.0427353573207904, "gamma": 80.59086468824906, "max_depth": 9.0, "min_child_weight": 4404.537963656454, "num_boost_round": 1.0, "subsample": 0.7213397881604312}, "datetime": {"datetime": "2024-01-20 18:15:16", "elapsed": 13851.55474, "delta": 128.502574}}
{"target": -13.397753960908803, "params": {"colsample_bytree": 0.37533247958803573, "eta": 0.0006234347897021627, "gamma": 22.270910711335134, "max_depth": 7.0, "min_child_weight": 4435.280692407945, "num_boost_round": 1.0, "subsample": 0.7616337437350789}, "datetime": {"datetime": "2024-01-20 18:16:49", "elapsed": 13944.159464, "delta": 92.604724}}
{"target": -13.397750091056364, "params": {"colsample_bytree": 0.37533247958803573, "eta": 0.0006234347897021627, "gamma": 22.270910711335134, "max_depth": 7.0, "min_child_weight": 4435.280692407945, "num_boost_round": 2.0, "subsample": 0.7616337437350789}, "datetime": {"datetime": "2024-01-20 18:16:49", "elapsed": 13944.180273, "delta": 0.020809}}
{"target": -13.397748685983405, "params": {"colsample_bytree": 0.37533247958803573, "eta": 0.0006234347897021627, "gamma": 22.270910711335134, "max_depth": 7.0, "min_child_weight": 4435.280692407945, "num_boost_round": 3.0, "subsample": 0.7616337437350789}, "datetime": {"datetime": "2024-01-20 18:16:49", "elapsed": 13944.186289, "delta": 0.006016}}
{"target": -13.397754337209392, "params": {"colsample_bytree": 0.37533247958803573, "eta": 0.0006234347897021627, "gamma": 22.270910711335134, "max_depth": 7.0, "min_child_weight": 4435.280692407945, "num_boost_round": 4.0, "subsample": 0.7616337437350789}, "datetime": {"datetime": "2024-01-20 18:16:49", "elapsed": 13944.192277, "delta": 0.005988}}
{"target": -13.397760777069077, "params": {"colsample_bytree": 0.37533247958803573, "eta": 0.0006234347897021627, "gamma": 22.270910711335134, "max_depth": 7.0, "min_child_weight": 4435.280692407945, "num_boost_round": 5.0, "subsample": 0.7616337437350789}, "datetime": {"datetime": "2024-01-20 18:16:49", "elapsed": 13944.19775, "delta": 0.005473}}
{"target": -13.397758720181773, "params": {"colsample_bytree": 0.37533247958803573, "eta": 0.0006234347897021627, "gamma": 22.270910711335134, "max_depth": 7.0, "min_child_weight": 4435.280692407945, "num_boost_round": 6.0, "subsample": 0.7616337437350789}, "datetime": {"datetime": "2024-01-20 18:16:49", "elapsed": 13944.203608, "delta": 0.005858}}
{"target": -13.397656703368355, "params": {"colsample_bytree": 0.26144079903062006, "eta": 0.05550439153945989, "gamma": 47.543416529292834, "max_depth": 8.0, "min_child_weight": 4475.698125695507, "num_boost_round": 1.0, "subsample": 0.9999080470200846}, "datetime": {"datetime": "2024-01-20 18:18:51", "elapsed": 14065.776779, "delta": 121.573171}}
{"target": -13.397553020665184, "params": {"colsample_bytree": 0.26144079903062006, "eta": 0.05550439153945989, "gamma": 47.543416529292834, "max_depth": 8.0, "min_child_weight": 4475.698125695507, "num_boost_round": 2.0, "subsample": 0.9999080470200846}, "datetime": {"datetime": "2024-01-20 18:18:51", "elapsed": 14065.783588, "delta": 0.006809}}
{"target": -13.397251487497837, "params": {"colsample_bytree": 0.26144079903062006, "eta": 0.05550439153945989, "gamma": 47.543416529292834, "max_depth": 8.0, "min_child_weight": 4475.698125695507, "num_boost_round": 3.0, "subsample": 0.9999080470200846}, "datetime": {"datetime": "2024-01-20 18:18:51", "elapsed": 14065.789686, "delta": 0.006098}}
{"target": -13.397790345408726, "params": {"colsample_bytree": 0.26144079903062006, "eta": 0.05550439153945989, "gamma": 47.543416529292834, "max_depth": 8.0, "min_child_weight": 4475.698125695507, "num_boost_round": 4.0, "subsample": 0.9999080470200846}, "datetime": {"datetime": "2024-01-20 18:18:51", "elapsed": 14065.796107, "delta": 0.006421}}
{"target": -13.398493401539447, "params": {"colsample_bytree": 0.26144079903062006, "eta": 0.05550439153945989, "gamma": 47.543416529292834, "max_depth": 8.0, "min_child_weight": 4475.698125695507, "num_boost_round": 5.0, "subsample": 0.9999080470200846}, "datetime": {"datetime": "2024-01-20 18:18:51", "elapsed": 14065.801969, "delta": 0.005862}}
{"target": -13.398793043230725, "params": {"colsample_bytree": 0.26144079903062006, "eta": 0.05550439153945989, "gamma": 47.543416529292834, "max_depth": 8.0, "min_child_weight": 4475.698125695507, "num_boost_round": 6.0, "subsample": 0.9999080470200846}, "datetime": {"datetime": "2024-01-20 18:18:51", "elapsed": 14065.807632, "delta": 0.005663}}
{"target": -13.39954288073499, "params": {"colsample_bytree": 0.26144079903062006, "eta": 0.05550439153945989, "gamma": 47.543416529292834, "max_depth": 8.0, "min_child_weight": 4475.698125695507, "num_boost_round": 7.0, "subsample": 0.9999080470200846}, "datetime": {"datetime": "2024-01-20 18:18:51", "elapsed": 14065.813335, "delta": 0.005703}}
{"target": -13.400196328556353, "params": {"colsample_bytree": 0.26144079903062006, "eta": 0.05550439153945989, "gamma": 47.543416529292834, "max_depth": 8.0, "min_child_weight": 4475.698125695507, "num_boost_round": 8.0, "subsample": 0.9999080470200846}, "datetime": {"datetime": "2024-01-20 18:18:51", "elapsed": 14065.861218, "delta": 0.047883}}
{"target": -13.400583304938014, "params": {"colsample_bytree": 0.26144079903062006, "eta": 0.05550439153945989, "gamma": 47.543416529292834, "max_depth": 8.0, "min_child_weight": 4475.698125695507, "num_boost_round": 9.0, "subsample": 0.9999080470200846}, "datetime": {"datetime": "2024-01-20 18:18:51", "elapsed": 14065.866844, "delta": 0.005626}}
{"target": -13.401086454428533, "params": {"colsample_bytree": 0.26144079903062006, "eta": 0.05550439153945989, "gamma": 47.543416529292834, "max_depth": 8.0, "min_child_weight": 4475.698125695507, "num_boost_round": 10.0, "subsample": 0.9999080470200846}, "datetime": {"datetime": "2024-01-20 18:18:51", "elapsed": 14065.872497, "delta": 0.005653}}
{"target": -13.401464442633358, "params": {"colsample_bytree": 0.26144079903062006, "eta": 0.05550439153945989, "gamma": 47.543416529292834, "max_depth": 8.0, "min_child_weight": 4475.698125695507, "num_boost_round": 11.0, "subsample": 0.9999080470200846}, "datetime": {"datetime": "2024-01-20 18:18:51", "elapsed": 14065.877868, "delta": 0.005371}}
{"target": -13.401729328828182, "params": {"colsample_bytree": 0.26144079903062006, "eta": 0.05550439153945989, "gamma": 47.543416529292834, "max_depth": 8.0, "min_child_weight": 4475.698125695507, "num_boost_round": 12.0, "subsample": 0.9999080470200846}, "datetime": {"datetime": "2024-01-20 18:18:51", "elapsed": 14065.883563, "delta": 0.005695}}
{"target": -13.401742918433158, "params": {"colsample_bytree": 0.26144079903062006, "eta": 0.05550439153945989, "gamma": 47.543416529292834, "max_depth": 8.0, "min_child_weight": 4475.698125695507, "num_boost_round": 13.0, "subsample": 0.9999080470200846}, "datetime": {"datetime": "2024-01-20 18:18:51", "elapsed": 14065.889165, "delta": 0.005602}}
{"target": -13.401772511011124, "params": {"colsample_bytree": 0.26144079903062006, "eta": 0.05550439153945989, "gamma": 47.543416529292834, "max_depth": 8.0, "min_child_weight": 4475.698125695507, "num_boost_round": 14.0, "subsample": 0.9999080470200846}, "datetime": {"datetime": "2024-01-20 18:18:51", "elapsed": 14065.89466, "delta": 0.005495}}
{"target": -13.4016402113607, "params": {"colsample_bytree": 0.26144079903062006, "eta": 0.05550439153945989, "gamma": 47.543416529292834, "max_depth": 8.0, "min_child_weight": 4475.698125695507, "num_boost_round": 15.0, "subsample": 0.9999080470200846}, "datetime": {"datetime": "2024-01-20 18:18:51", "elapsed": 14065.90005, "delta": 0.00539}}
{"target": -13.401822923405877, "params": {"colsample_bytree": 0.26144079903062006, "eta": 0.05550439153945989, "gamma": 47.543416529292834, "max_depth": 8.0, "min_child_weight": 4475.698125695507, "num_boost_round": 16.0, "subsample": 0.9999080470200846}, "datetime": {"datetime": "2024-01-20 18:18:51", "elapsed": 14065.905529, "delta": 0.005479}}
{"target": -13.4025947162353, "params": {"colsample_bytree": 0.26144079903062006, "eta": 0.05550439153945989, "gamma": 47.543416529292834, "max_depth": 8.0, "min_child_weight": 4475.698125695507, "num_boost_round": 17.0, "subsample": 0.9999080470200846}, "datetime": {"datetime": "2024-01-20 18:18:51", "elapsed": 14065.910941, "delta": 0.005412}}
{"target": -13.403239479893958, "params": {"colsample_bytree": 0.26144079903062006, "eta": 0.05550439153945989, "gamma": 47.543416529292834, "max_depth": 8.0, "min_child_weight": 4475.698125695507, "num_boost_round": 18.0, "subsample": 0.9999080470200846}, "datetime": {"datetime": "2024-01-20 18:18:51", "elapsed": 14065.916522, "delta": 0.005581}}
{"target": -13.404203443754957, "params": {"colsample_bytree": 0.26144079903062006, "eta": 0.05550439153945989, "gamma": 47.543416529292834, "max_depth": 8.0, "min_child_weight": 4475.698125695507, "num_boost_round": 19.0, "subsample": 0.9999080470200846}, "datetime": {"datetime": "2024-01-20 18:18:51", "elapsed": 14065.922447, "delta": 0.005925}}
{"target": -13.404506794758513, "params": {"colsample_bytree": 0.26144079903062006, "eta": 0.05550439153945989, "gamma": 47.543416529292834, "max_depth": 8.0, "min_child_weight": 4475.698125695507, "num_boost_round": 20.0, "subsample": 0.9999080470200846}, "datetime": {"datetime": "2024-01-20 18:18:51", "elapsed": 14065.928221, "delta": 0.005774}}
{"target": -13.404439980168352, "params": {"colsample_bytree": 0.26144079903062006, "eta": 0.05550439153945989, "gamma": 47.543416529292834, "max_depth": 8.0, "min_child_weight": 4475.698125695507, "num_boost_round": 21.0, "subsample": 0.9999080470200846}, "datetime": {"datetime": "2024-01-20 18:18:51", "elapsed": 14065.933873, "delta": 0.005652}}
{"target": -13.397538331026443, "params": {"colsample_bytree": 0.7434319478378992, "eta": 0.0876915665323481, "gamma": 565.2331036674458, "max_depth": 5.0, "min_child_weight": 4440.728031117569, "num_boost_round": 1.0, "subsample": 0.12747267195526066}, "datetime": {"datetime": "2024-01-20 18:20:55", "elapsed": 14190.139916, "delta": 124.206043}}
{"target": -13.397276191942456, "params": {"colsample_bytree": 0.7434319478378992, "eta": 0.0876915665323481, "gamma": 565.2331036674458, "max_depth": 5.0, "min_child_weight": 4440.728031117569, "num_boost_round": 2.0, "subsample": 0.12747267195526066}, "datetime": {"datetime": "2024-01-20 18:20:55", "elapsed": 14190.146039, "delta": 0.006123}}
{"target": -13.39720005046685, "params": {"colsample_bytree": 0.7434319478378992, "eta": 0.0876915665323481, "gamma": 565.2331036674458, "max_depth": 5.0, "min_child_weight": 4440.728031117569, "num_boost_round": 3.0, "subsample": 0.12747267195526066}, "datetime": {"datetime": "2024-01-20 18:20:55", "elapsed": 14190.151684, "delta": 0.005645}}
{"target": -13.397248041632148, "params": {"colsample_bytree": 0.7434319478378992, "eta": 0.0876915665323481, "gamma": 565.2331036674458, "max_depth": 5.0, "min_child_weight": 4440.728031117569, "num_boost_round": 4.0, "subsample": 0.12747267195526066}, "datetime": {"datetime": "2024-01-20 18:20:55", "elapsed": 14190.157494, "delta": 0.00581}}
{"target": -13.397454871932347, "params": {"colsample_bytree": 0.7434319478378992, "eta": 0.0876915665323481, "gamma": 565.2331036674458, "max_depth": 5.0, "min_child_weight": 4440.728031117569, "num_boost_round": 5.0, "subsample": 0.12747267195526066}, "datetime": {"datetime": "2024-01-20 18:20:55", "elapsed": 14190.163374, "delta": 0.00588}}
{"target": -13.397019014668466, "params": {"colsample_bytree": 0.7434319478378992, "eta": 0.0876915665323481, "gamma": 565.2331036674458, "max_depth": 5.0, "min_child_weight": 4440.728031117569, "num_boost_round": 6.0, "subsample": 0.12747267195526066}, "datetime": {"datetime": "2024-01-20 18:20:55", "elapsed": 14190.169085, "delta": 0.005711}}
{"target": -13.397528245522114, "params": {"colsample_bytree": 0.7434319478378992, "eta": 0.0876915665323481, "gamma": 565.2331036674458, "max_depth": 5.0, "min_child_weight": 4440.728031117569, "num_boost_round": 7.0, "subsample": 0.12747267195526066}, "datetime": {"datetime": "2024-01-20 18:20:55", "elapsed": 14190.174813, "delta": 0.005728}}
{"target": -13.397661432886736, "params": {"colsample_bytree": 0.7434319478378992, "eta": 0.0876915665323481, "gamma": 565.2331036674458, "max_depth": 5.0, "min_child_weight": 4440.728031117569, "num_boost_round": 8.0, "subsample": 0.12747267195526066}, "datetime": {"datetime": "2024-01-20 18:20:55", "elapsed": 14190.18034, "delta": 0.005527}}
{"target": -13.397602093945611, "params": {"colsample_bytree": 0.7434319478378992, "eta": 0.0876915665323481, "gamma": 565.2331036674458, "max_depth": 5.0, "min_child_weight": 4440.728031117569, "num_boost_round": 9.0, "subsample": 0.12747267195526066}, "datetime": {"datetime": "2024-01-20 18:20:55", "elapsed": 14190.186198, "delta": 0.005858}}
{"target": -13.397907077099651, "params": {"colsample_bytree": 0.7434319478378992, "eta": 0.0876915665323481, "gamma": 565.2331036674458, "max_depth": 5.0, "min_child_weight": 4440.728031117569, "num_boost_round": 10.0, "subsample": 0.12747267195526066}, "datetime": {"datetime": "2024-01-20 18:20:55", "elapsed": 14190.200332, "delta": 0.014134}}
{"target": -13.39791299835532, "params": {"colsample_bytree": 0.7434319478378992, "eta": 0.0876915665323481, "gamma": 565.2331036674458, "max_depth": 5.0, "min_child_weight": 4440.728031117569, "num_boost_round": 11.0, "subsample": 0.12747267195526066}, "datetime": {"datetime": "2024-01-20 18:20:55", "elapsed": 14190.206099, "delta": 0.005767}}
{"target": -13.398599248926315, "params": {"colsample_bytree": 0.7434319478378992, "eta": 0.0876915665323481, "gamma": 565.2331036674458, "max_depth": 5.0, "min_child_weight": 4440.728031117569, "num_boost_round": 12.0, "subsample": 0.12747267195526066}, "datetime": {"datetime": "2024-01-20 18:20:55", "elapsed": 14190.212008, "delta": 0.005909}}
{"target": -13.398494853343152, "params": {"colsample_bytree": 0.7434319478378992, "eta": 0.0876915665323481, "gamma": 565.2331036674458, "max_depth": 5.0, "min_child_weight": 4440.728031117569, "num_boost_round": 13.0, "subsample": 0.12747267195526066}, "datetime": {"datetime": "2024-01-20 18:20:55", "elapsed": 14190.217542, "delta": 0.005534}}
{"target": -13.398459161411559, "params": {"colsample_bytree": 0.7434319478378992, "eta": 0.0876915665323481, "gamma": 565.2331036674458, "max_depth": 5.0, "min_child_weight": 4440.728031117569, "num_boost_round": 14.0, "subsample": 0.12747267195526066}, "datetime": {"datetime": "2024-01-20 18:20:55", "elapsed": 14190.223397, "delta": 0.005855}}
{"target": -13.398729581721017, "params": {"colsample_bytree": 0.7434319478378992, "eta": 0.0876915665323481, "gamma": 565.2331036674458, "max_depth": 5.0, "min_child_weight": 4440.728031117569, "num_boost_round": 15.0, "subsample": 0.12747267195526066}, "datetime": {"datetime": "2024-01-20 18:20:55", "elapsed": 14190.560496, "delta": 0.337099}}
{"target": -13.398950170173828, "params": {"colsample_bytree": 0.7434319478378992, "eta": 0.0876915665323481, "gamma": 565.2331036674458, "max_depth": 5.0, "min_child_weight": 4440.728031117569, "num_boost_round": 16.0, "subsample": 0.12747267195526066}, "datetime": {"datetime": "2024-01-20 18:20:55", "elapsed": 14190.567819, "delta": 0.007323}}
{"target": -13.398868190511095, "params": {"colsample_bytree": 0.7434319478378992, "eta": 0.0876915665323481, "gamma": 565.2331036674458, "max_depth": 5.0, "min_child_weight": 4440.728031117569, "num_boost_round": 17.0, "subsample": 0.12747267195526066}, "datetime": {"datetime": "2024-01-20 18:20:55", "elapsed": 14190.573716, "delta": 0.005897}}
{"target": -13.398751539533169, "params": {"colsample_bytree": 0.7434319478378992, "eta": 0.0876915665323481, "gamma": 565.2331036674458, "max_depth": 5.0, "min_child_weight": 4440.728031117569, "num_boost_round": 18.0, "subsample": 0.12747267195526066}, "datetime": {"datetime": "2024-01-20 18:20:55", "elapsed": 14190.57956, "delta": 0.005844}}
{"target": -13.399302206893708, "params": {"colsample_bytree": 0.7434319478378992, "eta": 0.0876915665323481, "gamma": 565.2331036674458, "max_depth": 5.0, "min_child_weight": 4440.728031117569, "num_boost_round": 19.0, "subsample": 0.12747267195526066}, "datetime": {"datetime": "2024-01-20 18:20:55", "elapsed": 14190.586269, "delta": 0.006709}}
{"target": -13.399688110221117, "params": {"colsample_bytree": 0.7434319478378992, "eta": 0.0876915665323481, "gamma": 565.2331036674458, "max_depth": 5.0, "min_child_weight": 4440.728031117569, "num_boost_round": 20.0, "subsample": 0.12747267195526066}, "datetime": {"datetime": "2024-01-20 18:20:55", "elapsed": 14190.595999, "delta": 0.00973}}
{"target": -13.399982557352345, "params": {"colsample_bytree": 0.7434319478378992, "eta": 0.0876915665323481, "gamma": 565.2331036674458, "max_depth": 5.0, "min_child_weight": 4440.728031117569, "num_boost_round": 21.0, "subsample": 0.12747267195526066}, "datetime": {"datetime": "2024-01-20 18:20:55", "elapsed": 14190.604915, "delta": 0.008916}}
{"target": -13.400109514864093, "params": {"colsample_bytree": 0.7434319478378992, "eta": 0.0876915665323481, "gamma": 565.2331036674458, "max_depth": 5.0, "min_child_weight": 4440.728031117569, "num_boost_round": 22.0, "subsample": 0.12747267195526066}, "datetime": {"datetime": "2024-01-20 18:20:55", "elapsed": 14190.612316, "delta": 0.007401}}
{"target": -13.40104494178554, "params": {"colsample_bytree": 0.7434319478378992, "eta": 0.0876915665323481, "gamma": 565.2331036674458, "max_depth": 5.0, "min_child_weight": 4440.728031117569, "num_boost_round": 23.0, "subsample": 0.12747267195526066}, "datetime": {"datetime": "2024-01-20 18:20:55", "elapsed": 14190.618292, "delta": 0.005976}}
{"target": -13.40129738276282, "params": {"colsample_bytree": 0.7434319478378992, "eta": 0.0876915665323481, "gamma": 565.2331036674458, "max_depth": 5.0, "min_child_weight": 4440.728031117569, "num_boost_round": 24.0, "subsample": 0.12747267195526066}, "datetime": {"datetime": "2024-01-20 18:20:55", "elapsed": 14190.624162, "delta": 0.00587}}
