{"target": -10.475657322059199, "params": {"colsample_bytree": 0.5770145068896306, "eta": 0.059966872264085765, "gamma": 366.724164983815, "max_depth": 6.0, "min_child_weight": 4627.3298632013975, "num_boost_round": 22.0, "subsample": 0.9222856307781434}, "datetime": {"datetime": "2024-01-20 15:30:58", "elapsed": 7551.017474, "delta": 0.005416}}
{"target": -10.475920977441227, "params": {"colsample_bytree": 0.5770145068896306, "eta": 0.059966872264085765, "gamma": 366.724164983815, "max_depth": 6.0, "min_child_weight": 4627.3298632013975, "num_boost_round": 23.0, "subsample": 0.9222856307781434}, "datetime": {"datetime": "2024-01-20 15:30:58", "elapsed": 7551.022965, "delta": 0.005491}}
{"target": -10.476453797885792, "params": {"colsample_bytree": 0.5770145068896306, "eta": 0.059966872264085765, "gamma": 366.724164983815, "max_depth": 6.0, "min_child_weight": 4627.3298632013975, "num_boost_round": 24.0, "subsample": 0.9222856307781434}, "datetime": {"datetime": "2024-01-20 15:30:58", "elapsed": 7551.028674, "delta": 0.005709}}
{"target": -10.47652893587512, "params": {"colsample_bytree": 0.5770145068896306, "eta": 0.059966872264085765, "gamma": 366.724164983815, "max_depth": 6.0, "min_child_weight": 4627.3298632013975, "num_boost_round": 25.0, "subsample": 0.9222856307781434}, "datetime": {"datetime": "2024-01-20 15:30:58", "elapsed": 7551.033818, "delta": 0.005144}}
{"target": -10.47696239740141, "params": {"colsample_bytree": 0.5770145068896306, "eta": 0.059966872264085765, "gamma": 366.724164983815, "max_depth": 6.0, "min_child_weight": 4627.3298632013975, "num_boost_round": 26.0, "subsample": 0.9222856307781434}, "datetime": {"datetime": "2024-01-20 15:30:58", "elapsed": 7551.038892, "delta": 0.005074}}
{"target": -10.477433685559525, "params": {"colsample_bytree": 0.5770145068896306, "eta": 0.059966872264085765, "gamma": 366.724164983815, "max_depth": 6.0, "min_child_weight": 4627.3298632013975, "num_boost_round": 27.0, "subsample": 0.9222856307781434}, "datetime": {"datetime": "2024-01-20 15:30:59", "elapsed": 7551.044098, "delta": 0.005206}}
{"target": -10.477911116603524, "params": {"colsample_bytree": 0.5770145068896306, "eta": 0.059966872264085765, "gamma": 366.724164983815, "max_depth": 6.0, "min_child_weight": 4627.3298632013975, "num_boost_round": 28.0, "subsample": 0.9222856307781434}, "datetime": {"datetime": "2024-01-20 15:30:59", "elapsed": 7551.049271, "delta": 0.005173}}
{"target": -10.478393307382502, "params": {"colsample_bytree": 0.5770145068896306, "eta": 0.059966872264085765, "gamma": 366.724164983815, "max_depth": 6.0, "min_child_weight": 4627.3298632013975, "num_boost_round": 29.0, "subsample": 0.9222856307781434}, "datetime": {"datetime": "2024-01-20 15:30:59", "elapsed": 7551.054425, "delta": 0.005154}}
{"target": -10.478683415874965, "params": {"colsample_bytree": 0.5770145068896306, "eta": 0.059966872264085765, "gamma": 366.724164983815, "max_depth": 6.0, "min_child_weight": 4627.3298632013975, "num_boost_round": 30.0, "subsample": 0.9222856307781434}, "datetime": {"datetime": "2024-01-20 15:30:59", "elapsed": 7551.059498, "delta": 0.005073}}
{"target": -10.478972978946143, "params": {"colsample_bytree": 0.5770145068896306, "eta": 0.059966872264085765, "gamma": 366.724164983815, "max_depth": 6.0, "min_child_weight": 4627.3298632013975, "num_boost_round": 31.0, "subsample": 0.9222856307781434}, "datetime": {"datetime": "2024-01-20 15:30:59", "elapsed": 7551.064619, "delta": 0.005121}}
{"target": -10.47894200995959, "params": {"colsample_bytree": 0.5770145068896306, "eta": 0.059966872264085765, "gamma": 366.724164983815, "max_depth": 6.0, "min_child_weight": 4627.3298632013975, "num_boost_round": 32.0, "subsample": 0.9222856307781434}, "datetime": {"datetime": "2024-01-20 15:30:59", "elapsed": 7551.069814, "delta": 0.005195}}
{"target": -10.478990040978506, "params": {"colsample_bytree": 0.5770145068896306, "eta": 0.059966872264085765, "gamma": 366.724164983815, "max_depth": 6.0, "min_child_weight": 4627.3298632013975, "num_boost_round": 33.0, "subsample": 0.9222856307781434}, "datetime": {"datetime": "2024-01-20 15:30:59", "elapsed": 7551.07511, "delta": 0.005296}}
{"target": -10.47917247135089, "params": {"colsample_bytree": 0.5770145068896306, "eta": 0.059966872264085765, "gamma": 366.724164983815, "max_depth": 6.0, "min_child_weight": 4627.3298632013975, "num_boost_round": 34.0, "subsample": 0.9222856307781434}, "datetime": {"datetime": "2024-01-20 15:30:59", "elapsed": 7551.080436, "delta": 0.005326}}
{"target": -10.479792946601052, "params": {"colsample_bytree": 0.5770145068896306, "eta": 0.059966872264085765, "gamma": 366.724164983815, "max_depth": 6.0, "min_child_weight": 4627.3298632013975, "num_boost_round": 35.0, "subsample": 0.9222856307781434}, "datetime": {"datetime": "2024-01-20 15:30:59", "elapsed": 7551.085922, "delta": 0.005486}}
{"target": -10.479797854431897, "params": {"colsample_bytree": 0.5770145068896306, "eta": 0.059966872264085765, "gamma": 366.724164983815, "max_depth": 6.0, "min_child_weight": 4627.3298632013975, "num_boost_round": 36.0, "subsample": 0.9222856307781434}, "datetime": {"datetime": "2024-01-20 15:30:59", "elapsed": 7551.091473, "delta": 0.005551}}
{"target": -10.480252688761277, "params": {"colsample_bytree": 0.5770145068896306, "eta": 0.059966872264085765, "gamma": 366.724164983815, "max_depth": 6.0, "min_child_weight": 4627.3298632013975, "num_boost_round": 37.0, "subsample": 0.9222856307781434}, "datetime": {"datetime": "2024-01-20 15:30:59", "elapsed": 7551.096601, "delta": 0.005128}}
{"target": -10.480578748789181, "params": {"colsample_bytree": 0.5770145068896306, "eta": 0.059966872264085765, "gamma": 366.724164983815, "max_depth": 6.0, "min_child_weight": 4627.3298632013975, "num_boost_round": 38.0, "subsample": 0.9222856307781434}, "datetime": {"datetime": "2024-01-20 15:30:59", "elapsed": 7551.101709, "delta": 0.005108}}
{"target": -10.481211544480416, "params": {"colsample_bytree": 0.5770145068896306, "eta": 0.059966872264085765, "gamma": 366.724164983815, "max_depth": 6.0, "min_child_weight": 4627.3298632013975, "num_boost_round": 39.0, "subsample": 0.9222856307781434}, "datetime": {"datetime": "2024-01-20 15:30:59", "elapsed": 7551.106798, "delta": 0.005089}}
{"target": -10.481752424018342, "params": {"colsample_bytree": 0.5770145068896306, "eta": 0.059966872264085765, "gamma": 366.724164983815, "max_depth": 6.0, "min_child_weight": 4627.3298632013975, "num_boost_round": 40.0, "subsample": 0.9222856307781434}, "datetime": {"datetime": "2024-01-20 15:30:59", "elapsed": 7551.111945, "delta": 0.005147}}
{"target": -10.482079458480179, "params": {"colsample_bytree": 0.5770145068896306, "eta": 0.059966872264085765, "gamma": 366.724164983815, "max_depth": 6.0, "min_child_weight": 4627.3298632013975, "num_boost_round": 41.0, "subsample": 0.9222856307781434}, "datetime": {"datetime": "2024-01-20 15:30:59", "elapsed": 7551.117143, "delta": 0.005198}}
{"target": -10.482171776231125, "params": {"colsample_bytree": 0.5770145068896306, "eta": 0.059966872264085765, "gamma": 366.724164983815, "max_depth": 6.0, "min_child_weight": 4627.3298632013975, "num_boost_round": 42.0, "subsample": 0.9222856307781434}, "datetime": {"datetime": "2024-01-20 15:30:59", "elapsed": 7551.1223, "delta": 0.005157}}
{"target": -10.482594570890896, "params": {"colsample_bytree": 0.5770145068896306, "eta": 0.059966872264085765, "gamma": 366.724164983815, "max_depth": 6.0, "min_child_weight": 4627.3298632013975, "num_boost_round": 43.0, "subsample": 0.9222856307781434}, "datetime": {"datetime": "2024-01-20 15:30:59", "elapsed": 7551.127477, "delta": 0.005177}}
{"target": -10.482857439344656, "params": {"colsample_bytree": 0.5770145068896306, "eta": 0.059966872264085765, "gamma": 366.724164983815, "max_depth": 6.0, "min_child_weight": 4627.3298632013975, "num_boost_round": 44.0, "subsample": 0.9222856307781434}, "datetime": {"datetime": "2024-01-20 15:30:59", "elapsed": 7551.132649, "delta": 0.005172}}
{"target": -10.483137695024297, "params": {"colsample_bytree": 0.5770145068896306, "eta": 0.059966872264085765, "gamma": 366.724164983815, "max_depth": 6.0, "min_child_weight": 4627.3298632013975, "num_boost_round": 45.0, "subsample": 0.9222856307781434}, "datetime": {"datetime": "2024-01-20 15:30:59", "elapsed": 7551.137909, "delta": 0.00526}}
{"target": -10.483590968590693, "params": {"colsample_bytree": 0.5770145068896306, "eta": 0.059966872264085765, "gamma": 366.724164983815, "max_depth": 6.0, "min_child_weight": 4627.3298632013975, "num_boost_round": 46.0, "subsample": 0.9222856307781434}, "datetime": {"datetime": "2024-01-20 15:30:59", "elapsed": 7551.144263, "delta": 0.006354}}
{"target": -10.483765086425331, "params": {"colsample_bytree": 0.5770145068896306, "eta": 0.059966872264085765, "gamma": 366.724164983815, "max_depth": 6.0, "min_child_weight": 4627.3298632013975, "num_boost_round": 47.0, "subsample": 0.9222856307781434}, "datetime": {"datetime": "2024-01-20 15:30:59", "elapsed": 7551.149939, "delta": 0.005676}}
{"target": -10.483873009172603, "params": {"colsample_bytree": 0.5770145068896306, "eta": 0.059966872264085765, "gamma": 366.724164983815, "max_depth": 6.0, "min_child_weight": 4627.3298632013975, "num_boost_round": 48.0, "subsample": 0.9222856307781434}, "datetime": {"datetime": "2024-01-20 15:30:59", "elapsed": 7551.155628, "delta": 0.005689}}
{"target": -10.484000697545943, "params": {"colsample_bytree": 0.5770145068896306, "eta": 0.059966872264085765, "gamma": 366.724164983815, "max_depth": 6.0, "min_child_weight": 4627.3298632013975, "num_boost_round": 49.0, "subsample": 0.9222856307781434}, "datetime": {"datetime": "2024-01-20 15:30:59", "elapsed": 7551.160767, "delta": 0.005139}}
{"target": -10.476024043895606, "params": {"colsample_bytree": 0.7658583823192046, "eta": 0.00487798802354057, "gamma": 389.48221446929654, "max_depth": 6.0, "min_child_weight": 4732.509327039271, "num_boost_round": 1.0, "subsample": 0.4440034316150421}, "datetime": {"datetime": "2024-01-20 15:32:41", "elapsed": 7653.235424, "delta": 102.074657}}
{"target": -10.47593517128621, "params": {"colsample_bytree": 0.7658583823192046, "eta": 0.00487798802354057, "gamma": 389.48221446929654, "max_depth": 6.0, "min_child_weight": 4732.509327039271, "num_boost_round": 2.0, "subsample": 0.4440034316150421}, "datetime": {"datetime": "2024-01-20 15:32:41", "elapsed": 7653.242379, "delta": 0.006955}}
{"target": -10.475887085695192, "params": {"colsample_bytree": 0.7658583823192046, "eta": 0.00487798802354057, "gamma": 389.48221446929654, "max_depth": 6.0, "min_child_weight": 4732.509327039271, "num_boost_round": 3.0, "subsample": 0.4440034316150421}, "datetime": {"datetime": "2024-01-20 15:32:41", "elapsed": 7653.247772, "delta": 0.005393}}
{"target": -10.475819767744243, "params": {"colsample_bytree": 0.7658583823192046, "eta": 0.00487798802354057, "gamma": 389.48221446929654, "max_depth": 6.0, "min_child_weight": 4732.509327039271, "num_boost_round": 4.0, "subsample": 0.4440034316150421}, "datetime": {"datetime": "2024-01-20 15:32:41", "elapsed": 7653.253141, "delta": 0.005369}}
{"target": -10.475720398781975, "params": {"colsample_bytree": 0.7658583823192046, "eta": 0.00487798802354057, "gamma": 389.48221446929654, "max_depth": 6.0, "min_child_weight": 4732.509327039271, "num_boost_round": 5.0, "subsample": 0.4440034316150421}, "datetime": {"datetime": "2024-01-20 15:32:41", "elapsed": 7653.258469, "delta": 0.005328}}
{"target": -10.475656310474788, "params": {"colsample_bytree": 0.7658583823192046, "eta": 0.00487798802354057, "gamma": 389.48221446929654, "max_depth": 6.0, "min_child_weight": 4732.509327039271, "num_boost_round": 6.0, "subsample": 0.4440034316150421}, "datetime": {"datetime": "2024-01-20 15:32:41", "elapsed": 7653.263797, "delta": 0.005328}}
{"target": -10.475595758488545, "params": {"colsample_bytree": 0.7658583823192046, "eta": 0.00487798802354057, "gamma": 389.48221446929654, "max_depth": 6.0, "min_child_weight": 4732.509327039271, "num_boost_round": 7.0, "subsample": 0.4440034316150421}, "datetime": {"datetime": "2024-01-20 15:32:41", "elapsed": 7653.269178, "delta": 0.005381}}
{"target": -10.475504638581935, "params": {"colsample_bytree": 0.7658583823192046, "eta": 0.00487798802354057, "gamma": 389.48221446929654, "max_depth": 6.0, "min_child_weight": 4732.509327039271, "num_boost_round": 8.0, "subsample": 0.4440034316150421}, "datetime": {"datetime": "2024-01-20 15:32:41", "elapsed": 7653.274577, "delta": 0.005399}}
{"target": -10.475431019606111, "params": {"colsample_bytree": 0.7658583823192046, "eta": 0.00487798802354057, "gamma": 389.48221446929654, "max_depth": 6.0, "min_child_weight": 4732.509327039271, "num_boost_round": 9.0, "subsample": 0.4440034316150421}, "datetime": {"datetime": "2024-01-20 15:32:41", "elapsed": 7653.280068, "delta": 0.005491}}
{"target": -10.475337984988471, "params": {"colsample_bytree": 0.7658583823192046, "eta": 0.00487798802354057, "gamma": 389.48221446929654, "max_depth": 6.0, "min_child_weight": 4732.509327039271, "num_boost_round": 10.0, "subsample": 0.4440034316150421}, "datetime": {"datetime": "2024-01-20 15:32:41", "elapsed": 7653.285677, "delta": 0.005609}}
{"target": -10.475259991338836, "params": {"colsample_bytree": 0.7658583823192046, "eta": 0.00487798802354057, "gamma": 389.48221446929654, "max_depth": 6.0, "min_child_weight": 4732.509327039271, "num_boost_round": 11.0, "subsample": 0.4440034316150421}, "datetime": {"datetime": "2024-01-20 15:32:41", "elapsed": 7653.291397, "delta": 0.00572}}
{"target": -10.475230778108221, "params": {"colsample_bytree": 0.7658583823192046, "eta": 0.00487798802354057, "gamma": 389.48221446929654, "max_depth": 6.0, "min_child_weight": 4732.509327039271, "num_boost_round": 12.0, "subsample": 0.4440034316150421}, "datetime": {"datetime": "2024-01-20 15:32:41", "elapsed": 7653.297256, "delta": 0.005859}}
{"target": -10.47517881375444, "params": {"colsample_bytree": 0.7658583823192046, "eta": 0.00487798802354057, "gamma": 389.48221446929654, "max_depth": 6.0, "min_child_weight": 4732.509327039271, "num_boost_round": 13.0, "subsample": 0.4440034316150421}, "datetime": {"datetime": "2024-01-20 15:32:41", "elapsed": 7653.302642, "delta": 0.005386}}
{"target": -10.475666667661738, "params": {"colsample_bytree": 0.8446768118428157, "eta": 0.032291806637359484, "gamma": 323.670670409818, "max_depth": 4.0, "min_child_weight": 4743.320702635988, "num_boost_round": 1.0, "subsample": 0.7926688386935506}, "datetime": {"datetime": "2024-01-20 15:34:40", "elapsed": 7772.947237, "delta": 119.644595}}
{"target": -10.475329522521504, "params": {"colsample_bytree": 0.8446768118428157, "eta": 0.032291806637359484, "gamma": 323.670670409818, "max_depth": 4.0, "min_child_weight": 4743.320702635988, "num_boost_round": 2.0, "subsample": 0.7926688386935506}, "datetime": {"datetime": "2024-01-20 15:34:40", "elapsed": 7772.953502, "delta": 0.006265}}
{"target": -10.475158693557319, "params": {"colsample_bytree": 0.8446768118428157, "eta": 0.032291806637359484, "gamma": 323.670670409818, "max_depth": 4.0, "min_child_weight": 4743.320702635988, "num_boost_round": 3.0, "subsample": 0.7926688386935506}, "datetime": {"datetime": "2024-01-20 15:34:40", "elapsed": 7772.958869, "delta": 0.005367}}
{"target": -10.474885543117253, "params": {"colsample_bytree": 0.8446768118428157, "eta": 0.032291806637359484, "gamma": 323.670670409818, "max_depth": 4.0, "min_child_weight": 4743.320702635988, "num_boost_round": 4.0, "subsample": 0.7926688386935506}, "datetime": {"datetime": "2024-01-20 15:34:40", "elapsed": 7772.964979, "delta": 0.00611}}
{"target": -10.474607546445991, "params": {"colsample_bytree": 0.8446768118428157, "eta": 0.032291806637359484, "gamma": 323.670670409818, "max_depth": 4.0, "min_child_weight": 4743.320702635988, "num_boost_round": 5.0, "subsample": 0.7926688386935506}, "datetime": {"datetime": "2024-01-20 15:34:40", "elapsed": 7772.971008, "delta": 0.006029}}
{"target": -10.474492910603932, "params": {"colsample_bytree": 0.8446768118428157, "eta": 0.032291806637359484, "gamma": 323.670670409818, "max_depth": 4.0, "min_child_weight": 4743.320702635988, "num_boost_round": 6.0, "subsample": 0.7926688386935506}, "datetime": {"datetime": "2024-01-20 15:34:40", "elapsed": 7772.976477, "delta": 0.005469}}
{"target": -10.474444824988678, "params": {"colsample_bytree": 0.8446768118428157, "eta": 0.032291806637359484, "gamma": 323.670670409818, "max_depth": 4.0, "min_child_weight": 4743.320702635988, "num_boost_round": 7.0, "subsample": 0.7926688386935506}, "datetime": {"datetime": "2024-01-20 15:34:40", "elapsed": 7772.981973, "delta": 0.005496}}
{"target": -10.474271646623132, "params": {"colsample_bytree": 0.8446768118428157, "eta": 0.032291806637359484, "gamma": 323.670670409818, "max_depth": 4.0, "min_child_weight": 4743.320702635988, "num_boost_round": 8.0, "subsample": 0.7926688386935506}, "datetime": {"datetime": "2024-01-20 15:34:40", "elapsed": 7772.987492, "delta": 0.005519}}
{"target": -10.474181813566101, "params": {"colsample_bytree": 0.8446768118428157, "eta": 0.032291806637359484, "gamma": 323.670670409818, "max_depth": 4.0, "min_child_weight": 4743.320702635988, "num_boost_round": 9.0, "subsample": 0.7926688386935506}, "datetime": {"datetime": "2024-01-20 15:34:40", "elapsed": 7772.993064, "delta": 0.005572}}
{"target": -10.474046741742848, "params": {"colsample_bytree": 0.8446768118428157, "eta": 0.032291806637359484, "gamma": 323.670670409818, "max_depth": 4.0, "min_child_weight": 4743.320702635988, "num_boost_round": 10.0, "subsample": 0.7926688386935506}, "datetime": {"datetime": "2024-01-20 15:34:40", "elapsed": 7772.998835, "delta": 0.005771}}
{"target": -10.474059389385351, "params": {"colsample_bytree": 0.8446768118428157, "eta": 0.032291806637359484, "gamma": 323.670670409818, "max_depth": 4.0, "min_child_weight": 4743.320702635988, "num_boost_round": 11.0, "subsample": 0.7926688386935506}, "datetime": {"datetime": "2024-01-20 15:34:40", "elapsed": 7773.004056, "delta": 0.005221}}
{"target": -10.474187724944041, "params": {"colsample_bytree": 0.8446768118428157, "eta": 0.032291806637359484, "gamma": 323.670670409818, "max_depth": 4.0, "min_child_weight": 4743.320702635988, "num_boost_round": 12.0, "subsample": 0.7926688386935506}, "datetime": {"datetime": "2024-01-20 15:34:40", "elapsed": 7773.009463, "delta": 0.005407}}
{"target": -10.474177872292312, "params": {"colsample_bytree": 0.8446768118428157, "eta": 0.032291806637359484, "gamma": 323.670670409818, "max_depth": 4.0, "min_child_weight": 4743.320702635988, "num_boost_round": 13.0, "subsample": 0.7926688386935506}, "datetime": {"datetime": "2024-01-20 15:34:40", "elapsed": 7773.014758, "delta": 0.005295}}
{"target": -10.474140697481902, "params": {"colsample_bytree": 0.8446768118428157, "eta": 0.032291806637359484, "gamma": 323.670670409818, "max_depth": 4.0, "min_child_weight": 4743.320702635988, "num_boost_round": 14.0, "subsample": 0.7926688386935506}, "datetime": {"datetime": "2024-01-20 15:34:40", "elapsed": 7773.020095, "delta": 0.005337}}
{"target": -10.474236437270239, "params": {"colsample_bytree": 0.8446768118428157, "eta": 0.032291806637359484, "gamma": 323.670670409818, "max_depth": 4.0, "min_child_weight": 4743.320702635988, "num_boost_round": 15.0, "subsample": 0.7926688386935506}, "datetime": {"datetime": "2024-01-20 15:34:40", "elapsed": 7773.025376, "delta": 0.005281}}
{"target": -10.47450376415478, "params": {"colsample_bytree": 0.8446768118428157, "eta": 0.032291806637359484, "gamma": 323.670670409818, "max_depth": 4.0, "min_child_weight": 4743.320702635988, "num_boost_round": 16.0, "subsample": 0.7926688386935506}, "datetime": {"datetime": "2024-01-20 15:34:40", "elapsed": 7773.030713, "delta": 0.005337}}
{"target": -10.474585675281718, "params": {"colsample_bytree": 0.8446768118428157, "eta": 0.032291806637359484, "gamma": 323.670670409818, "max_depth": 4.0, "min_child_weight": 4743.320702635988, "num_boost_round": 17.0, "subsample": 0.7926688386935506}, "datetime": {"datetime": "2024-01-20 15:34:40", "elapsed": 7773.035995, "delta": 0.005282}}
{"target": -10.474609446485065, "params": {"colsample_bytree": 0.8446768118428157, "eta": 0.032291806637359484, "gamma": 323.670670409818, "max_depth": 4.0, "min_child_weight": 4743.320702635988, "num_boost_round": 18.0, "subsample": 0.7926688386935506}, "datetime": {"datetime": "2024-01-20 15:34:40", "elapsed": 7773.041355, "delta": 0.00536}}
{"target": -10.474506384475843, "params": {"colsample_bytree": 0.8446768118428157, "eta": 0.032291806637359484, "gamma": 323.670670409818, "max_depth": 4.0, "min_child_weight": 4743.320702635988, "num_boost_round": 19.0, "subsample": 0.7926688386935506}, "datetime": {"datetime": "2024-01-20 15:34:41", "elapsed": 7773.046702, "delta": 0.005347}}
{"target": -10.474709048374665, "params": {"colsample_bytree": 0.8446768118428157, "eta": 0.032291806637359484, "gamma": 323.670670409818, "max_depth": 4.0, "min_child_weight": 4743.320702635988, "num_boost_round": 20.0, "subsample": 0.7926688386935506}, "datetime": {"datetime": "2024-01-20 15:34:41", "elapsed": 7773.052211, "delta": 0.005509}}
{"target": -10.474903594933622, "params": {"colsample_bytree": 0.8446768118428157, "eta": 0.032291806637359484, "gamma": 323.670670409818, "max_depth": 4.0, "min_child_weight": 4743.320702635988, "num_boost_round": 21.0, "subsample": 0.7926688386935506}, "datetime": {"datetime": "2024-01-20 15:34:41", "elapsed": 7773.057766, "delta": 0.005555}}
{"target": -10.475107217361781, "params": {"colsample_bytree": 0.8446768118428157, "eta": 0.032291806637359484, "gamma": 323.670670409818, "max_depth": 4.0, "min_child_weight": 4743.320702635988, "num_boost_round": 22.0, "subsample": 0.7926688386935506}, "datetime": {"datetime": "2024-01-20 15:34:41", "elapsed": 7773.063535, "delta": 0.005769}}
