{"target": -12.348982126296997, "params": {"colsample_bytree": 0.4415673819857272, "eta": 0.046045125164196905, "gamma": 572.3713766638158, "max_depth": 2.0, "min_child_weight": 4178.8240436166925, "num_boost_round": 16.0, "subsample": 0.19078050327468013}, "datetime": {"datetime": "2024-01-20 14:42:32", "elapsed": 1118.775253, "delta": 0.002059}}
{"target": -12.34904686836906, "params": {"colsample_bytree": 0.4415673819857272, "eta": 0.046045125164196905, "gamma": 572.3713766638158, "max_depth": 2.0, "min_child_weight": 4178.8240436166925, "num_boost_round": 17.0, "subsample": 0.19078050327468013}, "datetime": {"datetime": "2024-01-20 14:42:32", "elapsed": 1118.777273, "delta": 0.00202}}
{"target": -12.349067464436784, "params": {"colsample_bytree": 0.4415673819857272, "eta": 0.046045125164196905, "gamma": 572.3713766638158, "max_depth": 2.0, "min_child_weight": 4178.8240436166925, "num_boost_round": 18.0, "subsample": 0.19078050327468013}, "datetime": {"datetime": "2024-01-20 14:42:32", "elapsed": 1118.7793, "delta": 0.002027}}
{"target": -12.349057423131654, "params": {"colsample_bytree": 0.4415673819857272, "eta": 0.046045125164196905, "gamma": 572.3713766638158, "max_depth": 2.0, "min_child_weight": 4178.8240436166925, "num_boost_round": 19.0, "subsample": 0.19078050327468013}, "datetime": {"datetime": "2024-01-20 14:42:32", "elapsed": 1118.781336, "delta": 0.002036}}
{"target": -12.348850280033353, "params": {"colsample_bytree": 0.4415673819857272, "eta": 0.046045125164196905, "gamma": 572.3713766638158, "max_depth": 2.0, "min_child_weight": 4178.8240436166925, "num_boost_round": 20.0, "subsample": 0.19078050327468013}, "datetime": {"datetime": "2024-01-20 14:42:32", "elapsed": 1118.788102, "delta": 0.006766}}
{"target": -12.349147335402657, "params": {"colsample_bytree": 0.4415673819857272, "eta": 0.046045125164196905, "gamma": 572.3713766638158, "max_depth": 2.0, "min_child_weight": 4178.8240436166925, "num_boost_round": 21.0, "subsample": 0.19078050327468013}, "datetime": {"datetime": "2024-01-20 14:42:32", "elapsed": 1118.790107, "delta": 0.002005}}
{"target": -12.349334751259683, "params": {"colsample_bytree": 0.4415673819857272, "eta": 0.046045125164196905, "gamma": 572.3713766638158, "max_depth": 2.0, "min_child_weight": 4178.8240436166925, "num_boost_round": 22.0, "subsample": 0.19078050327468013}, "datetime": {"datetime": "2024-01-20 14:42:32", "elapsed": 1118.792068, "delta": 0.001961}}
{"target": -12.348784161035805, "params": {"colsample_bytree": 0.4415673819857272, "eta": 0.046045125164196905, "gamma": 572.3713766638158, "max_depth": 2.0, "min_child_weight": 4178.8240436166925, "num_boost_round": 23.0, "subsample": 0.19078050327468013}, "datetime": {"datetime": "2024-01-20 14:42:32", "elapsed": 1118.794066, "delta": 0.001998}}
{"target": -12.348962213217199, "params": {"colsample_bytree": 0.4415673819857272, "eta": 0.046045125164196905, "gamma": 572.3713766638158, "max_depth": 2.0, "min_child_weight": 4178.8240436166925, "num_boost_round": 24.0, "subsample": 0.19078050327468013}, "datetime": {"datetime": "2024-01-20 14:42:32", "elapsed": 1118.796578, "delta": 0.002512}}
{"target": -12.348351507084612, "params": {"colsample_bytree": 0.4415673819857272, "eta": 0.046045125164196905, "gamma": 572.3713766638158, "max_depth": 2.0, "min_child_weight": 4178.8240436166925, "num_boost_round": 25.0, "subsample": 0.19078050327468013}, "datetime": {"datetime": "2024-01-20 14:42:32", "elapsed": 1118.799274, "delta": 0.002696}}
{"target": -12.348142417581121, "params": {"colsample_bytree": 0.4415673819857272, "eta": 0.046045125164196905, "gamma": 572.3713766638158, "max_depth": 2.0, "min_child_weight": 4178.8240436166925, "num_boost_round": 26.0, "subsample": 0.19078050327468013}, "datetime": {"datetime": "2024-01-20 14:42:32", "elapsed": 1118.801861, "delta": 0.002587}}
{"target": -12.348179884166651, "params": {"colsample_bytree": 0.4415673819857272, "eta": 0.046045125164196905, "gamma": 572.3713766638158, "max_depth": 2.0, "min_child_weight": 4178.8240436166925, "num_boost_round": 27.0, "subsample": 0.19078050327468013}, "datetime": {"datetime": "2024-01-20 14:42:32", "elapsed": 1118.803844, "delta": 0.001983}}
{"target": -12.347661545494077, "params": {"colsample_bytree": 0.4415673819857272, "eta": 0.046045125164196905, "gamma": 572.3713766638158, "max_depth": 2.0, "min_child_weight": 4178.8240436166925, "num_boost_round": 28.0, "subsample": 0.19078050327468013}, "datetime": {"datetime": "2024-01-20 14:42:32", "elapsed": 1118.805845, "delta": 0.002001}}
{"target": -12.347453431039952, "params": {"colsample_bytree": 0.4415673819857272, "eta": 0.046045125164196905, "gamma": 572.3713766638158, "max_depth": 2.0, "min_child_weight": 4178.8240436166925, "num_boost_round": 29.0, "subsample": 0.19078050327468013}, "datetime": {"datetime": "2024-01-20 14:42:32", "elapsed": 1118.807851, "delta": 0.002006}}
{"target": -12.347098538069915, "params": {"colsample_bytree": 0.4415673819857272, "eta": 0.046045125164196905, "gamma": 572.3713766638158, "max_depth": 2.0, "min_child_weight": 4178.8240436166925, "num_boost_round": 30.0, "subsample": 0.19078050327468013}, "datetime": {"datetime": "2024-01-20 14:42:32", "elapsed": 1118.809866, "delta": 0.002015}}
{"target": -12.346580406491126, "params": {"colsample_bytree": 0.4415673819857272, "eta": 0.046045125164196905, "gamma": 572.3713766638158, "max_depth": 2.0, "min_child_weight": 4178.8240436166925, "num_boost_round": 31.0, "subsample": 0.19078050327468013}, "datetime": {"datetime": "2024-01-20 14:42:32", "elapsed": 1118.811882, "delta": 0.002016}}
{"target": -12.346831684795802, "params": {"colsample_bytree": 0.4415673819857272, "eta": 0.046045125164196905, "gamma": 572.3713766638158, "max_depth": 2.0, "min_child_weight": 4178.8240436166925, "num_boost_round": 32.0, "subsample": 0.19078050327468013}, "datetime": {"datetime": "2024-01-20 14:42:32", "elapsed": 1118.813883, "delta": 0.002001}}
{"target": -12.346840538877121, "params": {"colsample_bytree": 0.4415673819857272, "eta": 0.046045125164196905, "gamma": 572.3713766638158, "max_depth": 2.0, "min_child_weight": 4178.8240436166925, "num_boost_round": 33.0, "subsample": 0.19078050327468013}, "datetime": {"datetime": "2024-01-20 14:42:32", "elapsed": 1118.815881, "delta": 0.001998}}
{"target": -12.34665233677483, "params": {"colsample_bytree": 0.4415673819857272, "eta": 0.046045125164196905, "gamma": 572.3713766638158, "max_depth": 2.0, "min_child_weight": 4178.8240436166925, "num_boost_round": 34.0, "subsample": 0.19078050327468013}, "datetime": {"datetime": "2024-01-20 14:42:32", "elapsed": 1118.818213, "delta": 0.002332}}
{"target": -12.346403871647894, "params": {"colsample_bytree": 0.4415673819857272, "eta": 0.046045125164196905, "gamma": 572.3713766638158, "max_depth": 2.0, "min_child_weight": 4178.8240436166925, "num_boost_round": 35.0, "subsample": 0.19078050327468013}, "datetime": {"datetime": "2024-01-20 14:42:32", "elapsed": 1118.820385, "delta": 0.002172}}
{"target": -12.34649649675765, "params": {"colsample_bytree": 0.4415673819857272, "eta": 0.046045125164196905, "gamma": 572.3713766638158, "max_depth": 2.0, "min_child_weight": 4178.8240436166925, "num_boost_round": 36.0, "subsample": 0.19078050327468013}, "datetime": {"datetime": "2024-01-20 14:42:32", "elapsed": 1118.822579, "delta": 0.002194}}
{"target": -12.356691885620293, "params": {"colsample_bytree": 0.8842730465914018, "eta": 0.0446626045548152, "gamma": 544.8894608140728, "max_depth": 2.0, "min_child_weight": 4225.230519081447, "num_boost_round": 1.0, "subsample": 0.16711686994018424}, "datetime": {"datetime": "2024-01-20 14:43:13", "elapsed": 1159.58284, "delta": 40.760261}}
{"target": -12.355030874976917, "params": {"colsample_bytree": 0.8842730465914018, "eta": 0.0446626045548152, "gamma": 544.8894608140728, "max_depth": 2.0, "min_child_weight": 4225.230519081447, "num_boost_round": 2.0, "subsample": 0.16711686994018424}, "datetime": {"datetime": "2024-01-20 14:43:13", "elapsed": 1159.585799, "delta": 0.002959}}
{"target": -12.353841522620382, "params": {"colsample_bytree": 0.8842730465914018, "eta": 0.0446626045548152, "gamma": 544.8894608140728, "max_depth": 2.0, "min_child_weight": 4225.230519081447, "num_boost_round": 3.0, "subsample": 0.16711686994018424}, "datetime": {"datetime": "2024-01-20 14:43:13", "elapsed": 1159.588458, "delta": 0.002659}}
{"target": -12.3524450250478, "params": {"colsample_bytree": 0.8842730465914018, "eta": 0.0446626045548152, "gamma": 544.8894608140728, "max_depth": 2.0, "min_child_weight": 4225.230519081447, "num_boost_round": 4.0, "subsample": 0.16711686994018424}, "datetime": {"datetime": "2024-01-20 14:43:13", "elapsed": 1159.590644, "delta": 0.002186}}
{"target": -12.351298918206744, "params": {"colsample_bytree": 0.8842730465914018, "eta": 0.0446626045548152, "gamma": 544.8894608140728, "max_depth": 2.0, "min_child_weight": 4225.230519081447, "num_boost_round": 5.0, "subsample": 0.16711686994018424}, "datetime": {"datetime": "2024-01-20 14:43:13", "elapsed": 1159.592687, "delta": 0.002043}}
{"target": -12.35037692146269, "params": {"colsample_bytree": 0.8842730465914018, "eta": 0.0446626045548152, "gamma": 544.8894608140728, "max_depth": 2.0, "min_child_weight": 4225.230519081447, "num_boost_round": 6.0, "subsample": 0.16711686994018424}, "datetime": {"datetime": "2024-01-20 14:43:13", "elapsed": 1159.594723, "delta": 0.002036}}
{"target": -12.349479105824788, "params": {"colsample_bytree": 0.8842730465914018, "eta": 0.0446626045548152, "gamma": 544.8894608140728, "max_depth": 2.0, "min_child_weight": 4225.230519081447, "num_boost_round": 7.0, "subsample": 0.16711686994018424}, "datetime": {"datetime": "2024-01-20 14:43:13", "elapsed": 1159.596772, "delta": 0.002049}}
{"target": -12.348479189204621, "params": {"colsample_bytree": 0.8842730465914018, "eta": 0.0446626045548152, "gamma": 544.8894608140728, "max_depth": 2.0, "min_child_weight": 4225.230519081447, "num_boost_round": 8.0, "subsample": 0.16711686994018424}, "datetime": {"datetime": "2024-01-20 14:43:13", "elapsed": 1159.598928, "delta": 0.002156}}
{"target": -12.347777060102105, "params": {"colsample_bytree": 0.8842730465914018, "eta": 0.0446626045548152, "gamma": 544.8894608140728, "max_depth": 2.0, "min_child_weight": 4225.230519081447, "num_boost_round": 9.0, "subsample": 0.16711686994018424}, "datetime": {"datetime": "2024-01-20 14:43:13", "elapsed": 1159.600957, "delta": 0.002029}}
{"target": -12.347173821675334, "params": {"colsample_bytree": 0.8842730465914018, "eta": 0.0446626045548152, "gamma": 544.8894608140728, "max_depth": 2.0, "min_child_weight": 4225.230519081447, "num_boost_round": 10.0, "subsample": 0.16711686994018424}, "datetime": {"datetime": "2024-01-20 14:43:13", "elapsed": 1159.603077, "delta": 0.00212}}
{"target": -12.346623541900653, "params": {"colsample_bytree": 0.8842730465914018, "eta": 0.0446626045548152, "gamma": 544.8894608140728, "max_depth": 2.0, "min_child_weight": 4225.230519081447, "num_boost_round": 11.0, "subsample": 0.16711686994018424}, "datetime": {"datetime": "2024-01-20 14:43:13", "elapsed": 1159.605073, "delta": 0.001996}}
{"target": -12.346244506608368, "params": {"colsample_bytree": 0.8842730465914018, "eta": 0.0446626045548152, "gamma": 544.8894608140728, "max_depth": 2.0, "min_child_weight": 4225.230519081447, "num_boost_round": 12.0, "subsample": 0.16711686994018424}, "datetime": {"datetime": "2024-01-20 14:43:13", "elapsed": 1159.60708, "delta": 0.002007}}
{"target": -12.345822571418694, "params": {"colsample_bytree": 0.8842730465914018, "eta": 0.0446626045548152, "gamma": 544.8894608140728, "max_depth": 2.0, "min_child_weight": 4225.230519081447, "num_boost_round": 13.0, "subsample": 0.16711686994018424}, "datetime": {"datetime": "2024-01-20 14:43:13", "elapsed": 1159.60912, "delta": 0.00204}}
{"target": -12.345311926945005, "params": {"colsample_bytree": 0.8842730465914018, "eta": 0.0446626045548152, "gamma": 544.8894608140728, "max_depth": 2.0, "min_child_weight": 4225.230519081447, "num_boost_round": 14.0, "subsample": 0.16711686994018424}, "datetime": {"datetime": "2024-01-20 14:43:13", "elapsed": 1159.611136, "delta": 0.002016}}
{"target": -12.344750037276597, "params": {"colsample_bytree": 0.8842730465914018, "eta": 0.0446626045548152, "gamma": 544.8894608140728, "max_depth": 2.0, "min_child_weight": 4225.230519081447, "num_boost_round": 15.0, "subsample": 0.16711686994018424}, "datetime": {"datetime": "2024-01-20 14:43:13", "elapsed": 1159.613138, "delta": 0.002002}}
{"target": -12.344355834209631, "params": {"colsample_bytree": 0.8842730465914018, "eta": 0.0446626045548152, "gamma": 544.8894608140728, "max_depth": 2.0, "min_child_weight": 4225.230519081447, "num_boost_round": 16.0, "subsample": 0.16711686994018424}, "datetime": {"datetime": "2024-01-20 14:43:13", "elapsed": 1159.615177, "delta": 0.002039}}
{"target": -12.34379345672826, "params": {"colsample_bytree": 0.8842730465914018, "eta": 0.0446626045548152, "gamma": 544.8894608140728, "max_depth": 2.0, "min_child_weight": 4225.230519081447, "num_boost_round": 17.0, "subsample": 0.16711686994018424}, "datetime": {"datetime": "2024-01-20 14:43:13", "elapsed": 1159.617389, "delta": 0.002212}}
{"target": -12.343743268387792, "params": {"colsample_bytree": 0.8842730465914018, "eta": 0.0446626045548152, "gamma": 544.8894608140728, "max_depth": 2.0, "min_child_weight": 4225.230519081447, "num_boost_round": 18.0, "subsample": 0.16711686994018424}, "datetime": {"datetime": "2024-01-20 14:43:13", "elapsed": 1159.619545, "delta": 0.002156}}
{"target": -12.34393183036267, "params": {"colsample_bytree": 0.8842730465914018, "eta": 0.0446626045548152, "gamma": 544.8894608140728, "max_depth": 2.0, "min_child_weight": 4225.230519081447, "num_boost_round": 19.0, "subsample": 0.16711686994018424}, "datetime": {"datetime": "2024-01-20 14:43:13", "elapsed": 1159.621911, "delta": 0.002366}}
{"target": -12.343493130886564, "params": {"colsample_bytree": 0.8842730465914018, "eta": 0.0446626045548152, "gamma": 544.8894608140728, "max_depth": 2.0, "min_child_weight": 4225.230519081447, "num_boost_round": 20.0, "subsample": 0.16711686994018424}, "datetime": {"datetime": "2024-01-20 14:43:13", "elapsed": 1159.624071, "delta": 0.00216}}
{"target": -12.343215339100956, "params": {"colsample_bytree": 0.8842730465914018, "eta": 0.0446626045548152, "gamma": 544.8894608140728, "max_depth": 2.0, "min_child_weight": 4225.230519081447, "num_boost_round": 21.0, "subsample": 0.16711686994018424}, "datetime": {"datetime": "2024-01-20 14:43:13", "elapsed": 1159.626111, "delta": 0.00204}}
{"target": -12.343110531555112, "params": {"colsample_bytree": 0.8842730465914018, "eta": 0.0446626045548152, "gamma": 544.8894608140728, "max_depth": 2.0, "min_child_weight": 4225.230519081447, "num_boost_round": 22.0, "subsample": 0.16711686994018424}, "datetime": {"datetime": "2024-01-20 14:43:13", "elapsed": 1159.628179, "delta": 0.002068}}
{"target": -12.343073166561284, "params": {"colsample_bytree": 0.8842730465914018, "eta": 0.0446626045548152, "gamma": 544.8894608140728, "max_depth": 2.0, "min_child_weight": 4225.230519081447, "num_boost_round": 23.0, "subsample": 0.16711686994018424}, "datetime": {"datetime": "2024-01-20 14:43:13", "elapsed": 1159.630214, "delta": 0.002035}}
{"target": -12.3427164369321, "params": {"colsample_bytree": 0.8842730465914018, "eta": 0.0446626045548152, "gamma": 544.8894608140728, "max_depth": 2.0, "min_child_weight": 4225.230519081447, "num_boost_round": 24.0, "subsample": 0.16711686994018424}, "datetime": {"datetime": "2024-01-20 14:43:13", "elapsed": 1159.632239, "delta": 0.002025}}
{"target": -12.342457808437594, "params": {"colsample_bytree": 0.8842730465914018, "eta": 0.0446626045548152, "gamma": 544.8894608140728, "max_depth": 2.0, "min_child_weight": 4225.230519081447, "num_boost_round": 25.0, "subsample": 0.16711686994018424}, "datetime": {"datetime": "2024-01-20 14:43:13", "elapsed": 1159.634295, "delta": 0.002056}}
{"target": -12.342313964934625, "params": {"colsample_bytree": 0.8842730465914018, "eta": 0.0446626045548152, "gamma": 544.8894608140728, "max_depth": 2.0, "min_child_weight": 4225.230519081447, "num_boost_round": 26.0, "subsample": 0.16711686994018424}, "datetime": {"datetime": "2024-01-20 14:43:13", "elapsed": 1159.636334, "delta": 0.002039}}
{"target": -12.342197744993472, "params": {"colsample_bytree": 0.8842730465914018, "eta": 0.0446626045548152, "gamma": 544.8894608140728, "max_depth": 2.0, "min_child_weight": 4225.230519081447, "num_boost_round": 27.0, "subsample": 0.16711686994018424}, "datetime": {"datetime": "2024-01-20 14:43:13", "elapsed": 1159.638524, "delta": 0.00219}}
{"target": -12.341954306186617, "params": {"colsample_bytree": 0.8842730465914018, "eta": 0.0446626045548152, "gamma": 544.8894608140728, "max_depth": 2.0, "min_child_weight": 4225.230519081447, "num_boost_round": 28.0, "subsample": 0.16711686994018424}, "datetime": {"datetime": "2024-01-20 14:43:13", "elapsed": 1159.640595, "delta": 0.002071}}
{"target": -12.342039708267905, "params": {"colsample_bytree": 0.8842730465914018, "eta": 0.0446626045548152, "gamma": 544.8894608140728, "max_depth": 2.0, "min_child_weight": 4225.230519081447, "num_boost_round": 29.0, "subsample": 0.16711686994018424}, "datetime": {"datetime": "2024-01-20 14:43:13", "elapsed": 1159.642681, "delta": 0.002086}}
{"target": -12.341946944806978, "params": {"colsample_bytree": 0.8842730465914018, "eta": 0.0446626045548152, "gamma": 544.8894608140728, "max_depth": 2.0, "min_child_weight": 4225.230519081447, "num_boost_round": 30.0, "subsample": 0.16711686994018424}, "datetime": {"datetime": "2024-01-20 14:43:13", "elapsed": 1159.644709, "delta": 0.002028}}
{"target": -12.341902144145942, "params": {"colsample_bytree": 0.8842730465914018, "eta": 0.0446626045548152, "gamma": 544.8894608140728, "max_depth": 2.0, "min_child_weight": 4225.230519081447, "num_boost_round": 31.0, "subsample": 0.16711686994018424}, "datetime": {"datetime": "2024-01-20 14:43:13", "elapsed": 1159.646782, "delta": 0.002073}}
{"target": -12.341887423865046, "params": {"colsample_bytree": 0.8842730465914018, "eta": 0.0446626045548152, "gamma": 544.8894608140728, "max_depth": 2.0, "min_child_weight": 4225.230519081447, "num_boost_round": 32.0, "subsample": 0.16711686994018424}, "datetime": {"datetime": "2024-01-20 14:43:13", "elapsed": 1159.930194, "delta": 0.283412}}
{"target": -12.342056454964748, "params": {"colsample_bytree": 0.8842730465914018, "eta": 0.0446626045548152, "gamma": 544.8894608140728, "max_depth": 2.0, "min_child_weight": 4225.230519081447, "num_boost_round": 33.0, "subsample": 0.16711686994018424}, "datetime": {"datetime": "2024-01-20 14:43:13", "elapsed": 1159.933379, "delta": 0.003185}}
{"target": -12.341909896943324, "params": {"colsample_bytree": 0.8842730465914018, "eta": 0.0446626045548152, "gamma": 544.8894608140728, "max_depth": 2.0, "min_child_weight": 4225.230519081447, "num_boost_round": 34.0, "subsample": 0.16711686994018424}, "datetime": {"datetime": "2024-01-20 14:43:13", "elapsed": 1159.93592, "delta": 0.002541}}
{"target": -12.342116301166833, "params": {"colsample_bytree": 0.8842730465914018, "eta": 0.0446626045548152, "gamma": 544.8894608140728, "max_depth": 2.0, "min_child_weight": 4225.230519081447, "num_boost_round": 35.0, "subsample": 0.16711686994018424}, "datetime": {"datetime": "2024-01-20 14:43:13", "elapsed": 1159.938191, "delta": 0.002271}}
{"target": -12.342251458240572, "params": {"colsample_bytree": 0.8842730465914018, "eta": 0.0446626045548152, "gamma": 544.8894608140728, "max_depth": 2.0, "min_child_weight": 4225.230519081447, "num_boost_round": 36.0, "subsample": 0.16711686994018424}, "datetime": {"datetime": "2024-01-20 14:43:13", "elapsed": 1159.940479, "delta": 0.002288}}
{"target": -12.342325183951885, "params": {"colsample_bytree": 0.8842730465914018, "eta": 0.0446626045548152, "gamma": 544.8894608140728, "max_depth": 2.0, "min_child_weight": 4225.230519081447, "num_boost_round": 37.0, "subsample": 0.16711686994018424}, "datetime": {"datetime": "2024-01-20 14:43:13", "elapsed": 1159.942816, "delta": 0.002337}}
{"target": -12.342335279780004, "params": {"colsample_bytree": 0.8842730465914018, "eta": 0.0446626045548152, "gamma": 544.8894608140728, "max_depth": 2.0, "min_child_weight": 4225.230519081447, "num_boost_round": 38.0, "subsample": 0.16711686994018424}, "datetime": {"datetime": "2024-01-20 14:43:13", "elapsed": 1159.945126, "delta": 0.00231}}
{"target": -12.342580373601812, "params": {"colsample_bytree": 0.8842730465914018, "eta": 0.0446626045548152, "gamma": 544.8894608140728, "max_depth": 2.0, "min_child_weight": 4225.230519081447, "num_boost_round": 39.0, "subsample": 0.16711686994018424}, "datetime": {"datetime": "2024-01-20 14:43:13", "elapsed": 1159.947415, "delta": 0.002289}}
{"target": -12.342501935870045, "params": {"colsample_bytree": 0.8842730465914018, "eta": 0.0446626045548152, "gamma": 544.8894608140728, "max_depth": 2.0, "min_child_weight": 4225.230519081447, "num_boost_round": 40.0, "subsample": 0.16711686994018424}, "datetime": {"datetime": "2024-01-20 14:43:13", "elapsed": 1159.949738, "delta": 0.002323}}
{"target": -12.342582224483866, "params": {"colsample_bytree": 0.8842730465914018, "eta": 0.0446626045548152, "gamma": 544.8894608140728, "max_depth": 2.0, "min_child_weight": 4225.230519081447, "num_boost_round": 41.0, "subsample": 0.16711686994018424}, "datetime": {"datetime": "2024-01-20 14:43:13", "elapsed": 1159.952, "delta": 0.002262}}
{"target": -12.342566194004672, "params": {"colsample_bytree": 0.8842730465914018, "eta": 0.0446626045548152, "gamma": 544.8894608140728, "max_depth": 2.0, "min_child_weight": 4225.230519081447, "num_boost_round": 42.0, "subsample": 0.16711686994018424}, "datetime": {"datetime": "2024-01-20 14:43:13", "elapsed": 1159.954283, "delta": 0.002283}}
