{"target": -13.746365880566636, "params": {"colsample_bytree": 0.9580563658347626, "eta": 0.07540247276865517, "gamma": 307.764805930695, "max_depth": 4.0, "min_child_weight": 4217.678017447444, "num_boost_round": 10.0, "subsample": 0.35030288529948406}, "datetime": {"datetime": "2024-01-20 14:36:54", "elapsed": 775.095387, "delta": 0.001247}}
{"target": -13.74749422445054, "params": {"colsample_bytree": 0.9580563658347626, "eta": 0.07540247276865517, "gamma": 307.764805930695, "max_depth": 4.0, "min_child_weight": 4217.678017447444, "num_boost_round": 11.0, "subsample": 0.35030288529948406}, "datetime": {"datetime": "2024-01-20 14:36:54", "elapsed": 775.096181, "delta": 0.000794}}
{"target": -13.748331404767546, "params": {"colsample_bytree": 0.9580563658347626, "eta": 0.07540247276865517, "gamma": 307.764805930695, "max_depth": 4.0, "min_child_weight": 4217.678017447444, "num_boost_round": 12.0, "subsample": 0.35030288529948406}, "datetime": {"datetime": "2024-01-20 14:36:54", "elapsed": 775.096977, "delta": 0.000796}}
{"target": -13.749778066174878, "params": {"colsample_bytree": 0.9580563658347626, "eta": 0.07540247276865517, "gamma": 307.764805930695, "max_depth": 4.0, "min_child_weight": 4217.678017447444, "num_boost_round": 13.0, "subsample": 0.35030288529948406}, "datetime": {"datetime": "2024-01-20 14:36:54", "elapsed": 775.097762, "delta": 0.000785}}
{"target": -13.751091557190257, "params": {"colsample_bytree": 0.9580563658347626, "eta": 0.07540247276865517, "gamma": 307.764805930695, "max_depth": 4.0, "min_child_weight": 4217.678017447444, "num_boost_round": 14.0, "subsample": 0.35030288529948406}, "datetime": {"datetime": "2024-01-20 14:36:54", "elapsed": 775.098561, "delta": 0.000799}}
{"target": -13.752532287561952, "params": {"colsample_bytree": 0.9580563658347626, "eta": 0.07540247276865517, "gamma": 307.764805930695, "max_depth": 4.0, "min_child_weight": 4217.678017447444, "num_boost_round": 15.0, "subsample": 0.35030288529948406}, "datetime": {"datetime": "2024-01-20 14:36:54", "elapsed": 775.099337, "delta": 0.000776}}
{"target": -13.753379408480747, "params": {"colsample_bytree": 0.9580563658347626, "eta": 0.07540247276865517, "gamma": 307.764805930695, "max_depth": 4.0, "min_child_weight": 4217.678017447444, "num_boost_round": 16.0, "subsample": 0.35030288529948406}, "datetime": {"datetime": "2024-01-20 14:36:54", "elapsed": 775.100134, "delta": 0.000797}}
{"target": -13.731162305723428, "params": {"colsample_bytree": 0.996210748704666, "eta": 0.006815751405200657, "gamma": 457.6540741816885, "max_depth": 5.0, "min_child_weight": 3997.2074128679837, "num_boost_round": 1.0, "subsample": 0.8324056035625972}, "datetime": {"datetime": "2024-01-20 14:37:08", "elapsed": 789.112831, "delta": 14.012697}}
{"target": -13.731322039349497, "params": {"colsample_bytree": 0.996210748704666, "eta": 0.006815751405200657, "gamma": 457.6540741816885, "max_depth": 5.0, "min_child_weight": 3997.2074128679837, "num_boost_round": 2.0, "subsample": 0.8324056035625972}, "datetime": {"datetime": "2024-01-20 14:37:08", "elapsed": 789.114448, "delta": 0.001617}}
{"target": -13.731441311552988, "params": {"colsample_bytree": 0.996210748704666, "eta": 0.006815751405200657, "gamma": 457.6540741816885, "max_depth": 5.0, "min_child_weight": 3997.2074128679837, "num_boost_round": 3.0, "subsample": 0.8324056035625972}, "datetime": {"datetime": "2024-01-20 14:37:08", "elapsed": 789.115766, "delta": 0.001318}}
{"target": -13.731525751204167, "params": {"colsample_bytree": 0.13308218081988699, "eta": 0.059700945664691585, "gamma": 326.43754593252504, "max_depth": 4.0, "min_child_weight": 4323.210077700703, "num_boost_round": 1.0, "subsample": 0.3419284228953503}, "datetime": {"datetime": "2024-01-20 14:37:21", "elapsed": 802.547786, "delta": 13.43202}}
{"target": -13.731966512995108, "params": {"colsample_bytree": 0.13308218081988699, "eta": 0.059700945664691585, "gamma": 326.43754593252504, "max_depth": 4.0, "min_child_weight": 4323.210077700703, "num_boost_round": 2.0, "subsample": 0.3419284228953503}, "datetime": {"datetime": "2024-01-20 14:37:21", "elapsed": 802.549875, "delta": 0.002089}}
{"target": -13.731084940551057, "params": {"colsample_bytree": 0.8480310562648562, "eta": 0.0038346778621001767, "gamma": 371.2092506516488, "max_depth": 8.0, "min_child_weight": 3972.4460540445452, "num_boost_round": 1.0, "subsample": 0.524951009462157}, "datetime": {"datetime": "2024-01-20 14:37:38", "elapsed": 819.097967, "delta": 16.548092}}
{"target": -13.731160127674316, "params": {"colsample_bytree": 0.8480310562648562, "eta": 0.0038346778621001767, "gamma": 371.2092506516488, "max_depth": 8.0, "min_child_weight": 3972.4460540445452, "num_boost_round": 2.0, "subsample": 0.524951009462157}, "datetime": {"datetime": "2024-01-20 14:37:38", "elapsed": 819.099821, "delta": 0.001854}}
{"target": -13.731230120500326, "params": {"colsample_bytree": 0.8480310562648562, "eta": 0.0038346778621001767, "gamma": 371.2092506516488, "max_depth": 8.0, "min_child_weight": 3972.4460540445452, "num_boost_round": 3.0, "subsample": 0.524951009462157}, "datetime": {"datetime": "2024-01-20 14:37:38", "elapsed": 819.100629, "delta": 0.000808}}
{"target": -13.731285744685945, "params": {"colsample_bytree": 0.8480310562648562, "eta": 0.0038346778621001767, "gamma": 371.2092506516488, "max_depth": 8.0, "min_child_weight": 3972.4460540445452, "num_boost_round": 4.0, "subsample": 0.524951009462157}, "datetime": {"datetime": "2024-01-20 14:37:38", "elapsed": 819.101418, "delta": 0.000789}}
{"target": -13.7313944342085, "params": {"colsample_bytree": 0.8480310562648562, "eta": 0.0038346778621001767, "gamma": 371.2092506516488, "max_depth": 8.0, "min_child_weight": 3972.4460540445452, "num_boost_round": 5.0, "subsample": 0.524951009462157}, "datetime": {"datetime": "2024-01-20 14:37:38", "elapsed": 819.1022, "delta": 0.000782}}
{"target": -13.731456985514027, "params": {"colsample_bytree": 0.8480310562648562, "eta": 0.0038346778621001767, "gamma": 371.2092506516488, "max_depth": 8.0, "min_child_weight": 3972.4460540445452, "num_boost_round": 6.0, "subsample": 0.524951009462157}, "datetime": {"datetime": "2024-01-20 14:37:38", "elapsed": 819.103124, "delta": 0.000924}}
{"target": -13.731524345024804, "params": {"colsample_bytree": 0.8480310562648562, "eta": 0.0038346778621001767, "gamma": 371.2092506516488, "max_depth": 8.0, "min_child_weight": 3972.4460540445452, "num_boost_round": 7.0, "subsample": 0.524951009462157}, "datetime": {"datetime": "2024-01-20 14:37:38", "elapsed": 819.103907, "delta": 0.000783}}
{"target": -13.731345066074558, "params": {"colsample_bytree": 0.48117289032817656, "eta": 0.04376715686383602, "gamma": 420.1746223069697, "max_depth": 4.0, "min_child_weight": 4045.5564678712244, "num_boost_round": 1.0, "subsample": 0.7379132722964464}, "datetime": {"datetime": "2024-01-20 14:37:53", "elapsed": 834.362033, "delta": 15.258126}}
{"target": -13.731680446748925, "params": {"colsample_bytree": 0.48117289032817656, "eta": 0.04376715686383602, "gamma": 420.1746223069697, "max_depth": 4.0, "min_child_weight": 4045.5564678712244, "num_boost_round": 2.0, "subsample": 0.7379132722964464}, "datetime": {"datetime": "2024-01-20 14:37:53", "elapsed": 834.363315, "delta": 0.001282}}
{"target": -13.732523099849065, "params": {"colsample_bytree": 0.48117289032817656, "eta": 0.04376715686383602, "gamma": 420.1746223069697, "max_depth": 4.0, "min_child_weight": 4045.5564678712244, "num_boost_round": 3.0, "subsample": 0.7379132722964464}, "datetime": {"datetime": "2024-01-20 14:37:53", "elapsed": 834.364383, "delta": 0.001068}}
{"target": -13.733229719141034, "params": {"colsample_bytree": 0.48117289032817656, "eta": 0.04376715686383602, "gamma": 420.1746223069697, "max_depth": 4.0, "min_child_weight": 4045.5564678712244, "num_boost_round": 4.0, "subsample": 0.7379132722964464}, "datetime": {"datetime": "2024-01-20 14:37:53", "elapsed": 834.365178, "delta": 0.000795}}
{"target": -13.734051521241446, "params": {"colsample_bytree": 0.48117289032817656, "eta": 0.04376715686383602, "gamma": 420.1746223069697, "max_depth": 4.0, "min_child_weight": 4045.5564678712244, "num_boost_round": 5.0, "subsample": 0.7379132722964464}, "datetime": {"datetime": "2024-01-20 14:37:53", "elapsed": 834.367187, "delta": 0.002009}}
{"target": -13.73489283116968, "params": {"colsample_bytree": 0.48117289032817656, "eta": 0.04376715686383602, "gamma": 420.1746223069697, "max_depth": 4.0, "min_child_weight": 4045.5564678712244, "num_boost_round": 6.0, "subsample": 0.7379132722964464}, "datetime": {"datetime": "2024-01-20 14:37:53", "elapsed": 834.36806, "delta": 0.000873}}
{"target": -13.731592103924363, "params": {"colsample_bytree": 0.2339352442293533, "eta": 0.05912971816880087, "gamma": 291.06895231029426, "max_depth": 6.0, "min_child_weight": 3965.444991597933, "num_boost_round": 1.0, "subsample": 0.25974856956027953}, "datetime": {"datetime": "2024-01-20 14:38:12", "elapsed": 853.608782, "delta": 19.240722}}
{"target": -13.73205279780531, "params": {"colsample_bytree": 0.2339352442293533, "eta": 0.05912971816880087, "gamma": 291.06895231029426, "max_depth": 6.0, "min_child_weight": 3965.444991597933, "num_boost_round": 2.0, "subsample": 0.25974856956027953}, "datetime": {"datetime": "2024-01-20 14:38:12", "elapsed": 853.610139, "delta": 0.001357}}
{"target": -13.732610751571826, "params": {"colsample_bytree": 0.2339352442293533, "eta": 0.05912971816880087, "gamma": 291.06895231029426, "max_depth": 6.0, "min_child_weight": 3965.444991597933, "num_boost_round": 3.0, "subsample": 0.25974856956027953}, "datetime": {"datetime": "2024-01-20 14:38:12", "elapsed": 853.610949, "delta": 0.00081}}
{"target": -13.733027159458405, "params": {"colsample_bytree": 0.2339352442293533, "eta": 0.05912971816880087, "gamma": 291.06895231029426, "max_depth": 6.0, "min_child_weight": 3965.444991597933, "num_boost_round": 4.0, "subsample": 0.25974856956027953}, "datetime": {"datetime": "2024-01-20 14:38:12", "elapsed": 853.611735, "delta": 0.000786}}
{"target": -13.734097342200956, "params": {"colsample_bytree": 0.2339352442293533, "eta": 0.05912971816880087, "gamma": 291.06895231029426, "max_depth": 6.0, "min_child_weight": 3965.444991597933, "num_boost_round": 5.0, "subsample": 0.25974856956027953}, "datetime": {"datetime": "2024-01-20 14:38:12", "elapsed": 853.612694, "delta": 0.000959}}
{"target": -13.735279190635968, "params": {"colsample_bytree": 0.2339352442293533, "eta": 0.05912971816880087, "gamma": 291.06895231029426, "max_depth": 6.0, "min_child_weight": 3965.444991597933, "num_boost_round": 6.0, "subsample": 0.25974856956027953}, "datetime": {"datetime": "2024-01-20 14:38:12", "elapsed": 853.613481, "delta": 0.000787}}
{"target": -13.735782027653801, "params": {"colsample_bytree": 0.2339352442293533, "eta": 0.05912971816880087, "gamma": 291.06895231029426, "max_depth": 6.0, "min_child_weight": 3965.444991597933, "num_boost_round": 7.0, "subsample": 0.25974856956027953}, "datetime": {"datetime": "2024-01-20 14:38:12", "elapsed": 853.614393, "delta": 0.000912}}
{"target": -13.73598692673148, "params": {"colsample_bytree": 0.2339352442293533, "eta": 0.05912971816880087, "gamma": 291.06895231029426, "max_depth": 6.0, "min_child_weight": 3965.444991597933, "num_boost_round": 8.0, "subsample": 0.25974856956027953}, "datetime": {"datetime": "2024-01-20 14:38:12", "elapsed": 853.615189, "delta": 0.000796}}
{"target": -13.736785408248215, "params": {"colsample_bytree": 0.2339352442293533, "eta": 0.05912971816880087, "gamma": 291.06895231029426, "max_depth": 6.0, "min_child_weight": 3965.444991597933, "num_boost_round": 9.0, "subsample": 0.25974856956027953}, "datetime": {"datetime": "2024-01-20 14:38:12", "elapsed": 853.616103, "delta": 0.000914}}
{"target": -13.737085971756146, "params": {"colsample_bytree": 0.2339352442293533, "eta": 0.05912971816880087, "gamma": 291.06895231029426, "max_depth": 6.0, "min_child_weight": 3965.444991597933, "num_boost_round": 10.0, "subsample": 0.25974856956027953}, "datetime": {"datetime": "2024-01-20 14:38:12", "elapsed": 853.616888, "delta": 0.000785}}
{"target": -13.737920069233716, "params": {"colsample_bytree": 0.2339352442293533, "eta": 0.05912971816880087, "gamma": 291.06895231029426, "max_depth": 6.0, "min_child_weight": 3965.444991597933, "num_boost_round": 11.0, "subsample": 0.25974856956027953}, "datetime": {"datetime": "2024-01-20 14:38:12", "elapsed": 853.617991, "delta": 0.001103}}
{"target": -13.738244755805999, "params": {"colsample_bytree": 0.2339352442293533, "eta": 0.05912971816880087, "gamma": 291.06895231029426, "max_depth": 6.0, "min_child_weight": 3965.444991597933, "num_boost_round": 12.0, "subsample": 0.25974856956027953}, "datetime": {"datetime": "2024-01-20 14:38:12", "elapsed": 853.6188, "delta": 0.000809}}
{"target": -13.738609906756574, "params": {"colsample_bytree": 0.2339352442293533, "eta": 0.05912971816880087, "gamma": 291.06895231029426, "max_depth": 6.0, "min_child_weight": 3965.444991597933, "num_boost_round": 13.0, "subsample": 0.25974856956027953}, "datetime": {"datetime": "2024-01-20 14:38:12", "elapsed": 853.619617, "delta": 0.000817}}
{"target": -13.732337114203075, "params": {"colsample_bytree": 0.9293451693784045, "eta": 0.0885109272325966, "gamma": 321.0049281876537, "max_depth": 4.0, "min_child_weight": 4091.485013420427, "num_boost_round": 1.0, "subsample": 0.1596914768603342}, "datetime": {"datetime": "2024-01-20 14:38:25", "elapsed": 866.753618, "delta": 13.134001}}
{"target": -13.731066660423577, "params": {"colsample_bytree": 0.3761805150800732, "eta": 0.003331037698325787, "gamma": 538.4291744238747, "max_depth": 6.0, "min_child_weight": 3962.5318701476567, "num_boost_round": 1.0, "subsample": 0.3008261610587969}, "datetime": {"datetime": "2024-01-20 14:38:40", "elapsed": 881.491022, "delta": 14.737404}}
{"target": -13.73109370904763, "params": {"colsample_bytree": 0.3761805150800732, "eta": 0.003331037698325787, "gamma": 538.4291744238747, "max_depth": 6.0, "min_child_weight": 3962.5318701476567, "num_boost_round": 2.0, "subsample": 0.3008261610587969}, "datetime": {"datetime": "2024-01-20 14:38:40", "elapsed": 881.491942, "delta": 0.00092}}
{"target": -13.731121156659354, "params": {"colsample_bytree": 0.3761805150800732, "eta": 0.003331037698325787, "gamma": 538.4291744238747, "max_depth": 6.0, "min_child_weight": 3962.5318701476567, "num_boost_round": 3.0, "subsample": 0.3008261610587969}, "datetime": {"datetime": "2024-01-20 14:38:40", "elapsed": 881.49319, "delta": 0.001248}}
{"target": -13.731177991244072, "params": {"colsample_bytree": 0.3761805150800732, "eta": 0.003331037698325787, "gamma": 538.4291744238747, "max_depth": 6.0, "min_child_weight": 3962.5318701476567, "num_boost_round": 4.0, "subsample": 0.3008261610587969}, "datetime": {"datetime": "2024-01-20 14:38:40", "elapsed": 881.493995, "delta": 0.000805}}
{"target": -13.731058120521045, "params": {"colsample_bytree": 0.14168562356409928, "eta": 0.0061417877538963465, "gamma": 495.47975485460785, "max_depth": 6.0, "min_child_weight": 3910.6828560875265, "num_boost_round": 1.0, "subsample": 0.8088097656777933}, "datetime": {"datetime": "2024-01-20 14:39:01", "elapsed": 901.966587, "delta": 20.472592}}
{"target": -13.731097515587955, "params": {"colsample_bytree": 0.14168562356409928, "eta": 0.0061417877538963465, "gamma": 495.47975485460785, "max_depth": 6.0, "min_child_weight": 3910.6828560875265, "num_boost_round": 2.0, "subsample": 0.8088097656777933}, "datetime": {"datetime": "2024-01-20 14:39:01", "elapsed": 901.967562, "delta": 0.000975}}
{"target": -13.731099225795404, "params": {"colsample_bytree": 0.14168562356409928, "eta": 0.0061417877538963465, "gamma": 495.47975485460785, "max_depth": 6.0, "min_child_weight": 3910.6828560875265, "num_boost_round": 3.0, "subsample": 0.8088097656777933}, "datetime": {"datetime": "2024-01-20 14:39:01", "elapsed": 901.968799, "delta": 0.001237}}
{"target": -13.731127609825014, "params": {"colsample_bytree": 0.14168562356409928, "eta": 0.0061417877538963465, "gamma": 495.47975485460785, "max_depth": 6.0, "min_child_weight": 3910.6828560875265, "num_boost_round": 4.0, "subsample": 0.8088097656777933}, "datetime": {"datetime": "2024-01-20 14:39:01", "elapsed": 901.969732, "delta": 0.000933}}
{"target": -13.731147441683337, "params": {"colsample_bytree": 0.14168562356409928, "eta": 0.0061417877538963465, "gamma": 495.47975485460785, "max_depth": 6.0, "min_child_weight": 3910.6828560875265, "num_boost_round": 5.0, "subsample": 0.8088097656777933}, "datetime": {"datetime": "2024-01-20 14:39:01", "elapsed": 901.970554, "delta": 0.000822}}
{"target": -13.73119869558019, "params": {"colsample_bytree": 0.14168562356409928, "eta": 0.0061417877538963465, "gamma": 495.47975485460785, "max_depth": 6.0, "min_child_weight": 3910.6828560875265, "num_boost_round": 6.0, "subsample": 0.8088097656777933}, "datetime": {"datetime": "2024-01-20 14:39:01", "elapsed": 901.972268, "delta": 0.001714}}
{"target": -13.731263613906673, "params": {"colsample_bytree": 0.14168562356409928, "eta": 0.0061417877538963465, "gamma": 495.47975485460785, "max_depth": 6.0, "min_child_weight": 3910.6828560875265, "num_boost_round": 7.0, "subsample": 0.8088097656777933}, "datetime": {"datetime": "2024-01-20 14:39:01", "elapsed": 901.973099, "delta": 0.000831}}
{"target": -13.731270361339103, "params": {"colsample_bytree": 0.14168562356409928, "eta": 0.0061417877538963465, "gamma": 495.47975485460785, "max_depth": 6.0, "min_child_weight": 3910.6828560875265, "num_boost_round": 8.0, "subsample": 0.8088097656777933}, "datetime": {"datetime": "2024-01-20 14:39:01", "elapsed": 901.974004, "delta": 0.000905}}
{"target": -13.73131049442516, "params": {"colsample_bytree": 0.14168562356409928, "eta": 0.0061417877538963465, "gamma": 495.47975485460785, "max_depth": 6.0, "min_child_weight": 3910.6828560875265, "num_boost_round": 9.0, "subsample": 0.8088097656777933}, "datetime": {"datetime": "2024-01-20 14:39:01", "elapsed": 901.974833, "delta": 0.000829}}
{"target": -13.731376614047981, "params": {"colsample_bytree": 0.14168562356409928, "eta": 0.0061417877538963465, "gamma": 495.47975485460785, "max_depth": 6.0, "min_child_weight": 3910.6828560875265, "num_boost_round": 10.0, "subsample": 0.8088097656777933}, "datetime": {"datetime": "2024-01-20 14:39:01", "elapsed": 901.975692, "delta": 0.000859}}
{"target": -13.731354030906232, "params": {"colsample_bytree": 0.14168562356409928, "eta": 0.0061417877538963465, "gamma": 495.47975485460785, "max_depth": 6.0, "min_child_weight": 3910.6828560875265, "num_boost_round": 11.0, "subsample": 0.8088097656777933}, "datetime": {"datetime": "2024-01-20 14:39:01", "elapsed": 901.976509, "delta": 0.000817}}
{"target": -13.73134115210979, "params": {"colsample_bytree": 0.14168562356409928, "eta": 0.0061417877538963465, "gamma": 495.47975485460785, "max_depth": 6.0, "min_child_weight": 3910.6828560875265, "num_boost_round": 12.0, "subsample": 0.8088097656777933}, "datetime": {"datetime": "2024-01-20 14:39:01", "elapsed": 901.977334, "delta": 0.000825}}
{"target": -13.731363179863939, "params": {"colsample_bytree": 0.14168562356409928, "eta": 0.0061417877538963465, "gamma": 495.47975485460785, "max_depth": 6.0, "min_child_weight": 3910.6828560875265, "num_boost_round": 13.0, "subsample": 0.8088097656777933}, "datetime": {"datetime": "2024-01-20 14:39:01", "elapsed": 901.978158, "delta": 0.000824}}
{"target": -13.731421583909174, "params": {"colsample_bytree": 0.14168562356409928, "eta": 0.0061417877538963465, "gamma": 495.47975485460785, "max_depth": 6.0, "min_child_weight": 3910.6828560875265, "num_boost_round": 14.0, "subsample": 0.8088097656777933}, "datetime": {"datetime": "2024-01-20 14:39:01", "elapsed": 901.978978, "delta": 0.00082}}
{"target": -13.731304696291154, "params": {"colsample_bytree": 0.6040154585101332, "eta": 0.021651816125402165, "gamma": 326.3935476915487, "max_depth": 8.0, "min_child_weight": 4017.662744269428, "num_boost_round": 1.0, "subsample": 0.18174049365650102}, "datetime": {"datetime": "2024-01-20 14:39:14", "elapsed": 915.441923, "delta": 13.462945}}
{"target": -13.731825146246255, "params": {"colsample_bytree": 0.25151089559562984, "eta": 0.09807490760441165, "gamma": 434.2521725667498, "max_depth": 3.0, "min_child_weight": 3905.1942615516837, "num_boost_round": 1.0, "subsample": 0.5658461520309997}, "datetime": {"datetime": "2024-01-20 14:39:34", "elapsed": 935.661944, "delta": 20.220021}}
{"target": -13.732531080453604, "params": {"colsample_bytree": 0.25151089559562984, "eta": 0.09807490760441165, "gamma": 434.2521725667498, "max_depth": 3.0, "min_child_weight": 3905.1942615516837, "num_boost_round": 2.0, "subsample": 0.5658461520309997}, "datetime": {"datetime": "2024-01-20 14:39:34", "elapsed": 935.662957, "delta": 0.001013}}
{"target": -13.73302537332651, "params": {"colsample_bytree": 0.25151089559562984, "eta": 0.09807490760441165, "gamma": 434.2521725667498, "max_depth": 3.0, "min_child_weight": 3905.1942615516837, "num_boost_round": 3.0, "subsample": 0.5658461520309997}, "datetime": {"datetime": "2024-01-20 14:39:34", "elapsed": 935.664382, "delta": 0.001425}}
{"target": -13.733784123506343, "params": {"colsample_bytree": 0.25151089559562984, "eta": 0.09807490760441165, "gamma": 434.2521725667498, "max_depth": 3.0, "min_child_weight": 3905.1942615516837, "num_boost_round": 4.0, "subsample": 0.5658461520309997}, "datetime": {"datetime": "2024-01-20 14:39:34", "elapsed": 935.665241, "delta": 0.000859}}
{"target": -13.735625791414083, "params": {"colsample_bytree": 0.25151089559562984, "eta": 0.09807490760441165, "gamma": 434.2521725667498, "max_depth": 3.0, "min_child_weight": 3905.1942615516837, "num_boost_round": 5.0, "subsample": 0.5658461520309997}, "datetime": {"datetime": "2024-01-20 14:39:34", "elapsed": 935.666279, "delta": 0.001038}}
