{"target": -15.156601985287832, "params": {"colsample_bytree": 0.22931657017530133, "eta": 0.09851421624316072, "gamma": 576.7606250802847, "max_depth": 9.0, "min_child_weight": 4204.759787217601, "num_boost_round": 18.0, "subsample": 0.4761897207779484}, "datetime": {"datetime": "2024-01-20 16:16:54", "elapsed": 6771.493202, "delta": 0.006664}}
{"target": -15.155719376424946, "params": {"colsample_bytree": 0.22931657017530133, "eta": 0.09851421624316072, "gamma": 576.7606250802847, "max_depth": 9.0, "min_child_weight": 4204.759787217601, "num_boost_round": 19.0, "subsample": 0.4761897207779484}, "datetime": {"datetime": "2024-01-20 16:16:54", "elapsed": 6771.499632, "delta": 0.00643}}
{"target": -15.155897937295379, "params": {"colsample_bytree": 0.22931657017530133, "eta": 0.09851421624316072, "gamma": 576.7606250802847, "max_depth": 9.0, "min_child_weight": 4204.759787217601, "num_boost_round": 20.0, "subsample": 0.4761897207779484}, "datetime": {"datetime": "2024-01-20 16:16:54", "elapsed": 6771.505828, "delta": 0.006196}}
{"target": -15.155859597137823, "params": {"colsample_bytree": 0.22931657017530133, "eta": 0.09851421624316072, "gamma": 576.7606250802847, "max_depth": 9.0, "min_child_weight": 4204.759787217601, "num_boost_round": 21.0, "subsample": 0.4761897207779484}, "datetime": {"datetime": "2024-01-20 16:16:54", "elapsed": 6771.512512, "delta": 0.006684}}
{"target": -15.156109028240106, "params": {"colsample_bytree": 0.22931657017530133, "eta": 0.09851421624316072, "gamma": 576.7606250802847, "max_depth": 9.0, "min_child_weight": 4204.759787217601, "num_boost_round": 22.0, "subsample": 0.4761897207779484}, "datetime": {"datetime": "2024-01-20 16:16:54", "elapsed": 6771.519155, "delta": 0.006643}}
{"target": -15.15618958112219, "params": {"colsample_bytree": 0.22931657017530133, "eta": 0.09851421624316072, "gamma": 576.7606250802847, "max_depth": 9.0, "min_child_weight": 4204.759787217601, "num_boost_round": 23.0, "subsample": 0.4761897207779484}, "datetime": {"datetime": "2024-01-20 16:16:54", "elapsed": 6771.525862, "delta": 0.006707}}
{"target": -15.156793164497078, "params": {"colsample_bytree": 0.22931657017530133, "eta": 0.09851421624316072, "gamma": 576.7606250802847, "max_depth": 9.0, "min_child_weight": 4204.759787217601, "num_boost_round": 24.0, "subsample": 0.4761897207779484}, "datetime": {"datetime": "2024-01-20 16:16:54", "elapsed": 6771.532239, "delta": 0.006377}}
{"target": -15.156798596538797, "params": {"colsample_bytree": 0.22931657017530133, "eta": 0.09851421624316072, "gamma": 576.7606250802847, "max_depth": 9.0, "min_child_weight": 4204.759787217601, "num_boost_round": 25.0, "subsample": 0.4761897207779484}, "datetime": {"datetime": "2024-01-20 16:16:54", "elapsed": 6771.538202, "delta": 0.005963}}
{"target": -15.157048029956975, "params": {"colsample_bytree": 0.22931657017530133, "eta": 0.09851421624316072, "gamma": 576.7606250802847, "max_depth": 9.0, "min_child_weight": 4204.759787217601, "num_boost_round": 26.0, "subsample": 0.4761897207779484}, "datetime": {"datetime": "2024-01-20 16:16:54", "elapsed": 6771.544563, "delta": 0.006361}}
{"target": -15.156891775871065, "params": {"colsample_bytree": 0.22931657017530133, "eta": 0.09851421624316072, "gamma": 576.7606250802847, "max_depth": 9.0, "min_child_weight": 4204.759787217601, "num_boost_round": 27.0, "subsample": 0.4761897207779484}, "datetime": {"datetime": "2024-01-20 16:16:54", "elapsed": 6771.550949, "delta": 0.006386}}
{"target": -15.156698440172264, "params": {"colsample_bytree": 0.22931657017530133, "eta": 0.09851421624316072, "gamma": 576.7606250802847, "max_depth": 9.0, "min_child_weight": 4204.759787217601, "num_boost_round": 28.0, "subsample": 0.4761897207779484}, "datetime": {"datetime": "2024-01-20 16:16:54", "elapsed": 6771.557483, "delta": 0.006534}}
{"target": -15.156842204638172, "params": {"colsample_bytree": 0.22931657017530133, "eta": 0.09851421624316072, "gamma": 576.7606250802847, "max_depth": 9.0, "min_child_weight": 4204.759787217601, "num_boost_round": 29.0, "subsample": 0.4761897207779484}, "datetime": {"datetime": "2024-01-20 16:16:54", "elapsed": 6771.564134, "delta": 0.006651}}
{"target": -15.156169887954231, "params": {"colsample_bytree": 0.22931657017530133, "eta": 0.09851421624316072, "gamma": 576.7606250802847, "max_depth": 9.0, "min_child_weight": 4204.759787217601, "num_boost_round": 30.0, "subsample": 0.4761897207779484}, "datetime": {"datetime": "2024-01-20 16:16:54", "elapsed": 6771.571725, "delta": 0.007591}}
{"target": -15.15725096340577, "params": {"colsample_bytree": 0.22931657017530133, "eta": 0.09851421624316072, "gamma": 576.7606250802847, "max_depth": 9.0, "min_child_weight": 4204.759787217601, "num_boost_round": 31.0, "subsample": 0.4761897207779484}, "datetime": {"datetime": "2024-01-20 16:16:54", "elapsed": 6771.579192, "delta": 0.007467}}
{"target": -15.157315175581203, "params": {"colsample_bytree": 0.22931657017530133, "eta": 0.09851421624316072, "gamma": 576.7606250802847, "max_depth": 9.0, "min_child_weight": 4204.759787217601, "num_boost_round": 32.0, "subsample": 0.4761897207779484}, "datetime": {"datetime": "2024-01-20 16:16:54", "elapsed": 6771.586262, "delta": 0.00707}}
{"target": -15.15727693568036, "params": {"colsample_bytree": 0.22931657017530133, "eta": 0.09851421624316072, "gamma": 576.7606250802847, "max_depth": 9.0, "min_child_weight": 4204.759787217601, "num_boost_round": 33.0, "subsample": 0.4761897207779484}, "datetime": {"datetime": "2024-01-20 16:16:54", "elapsed": 6771.594076, "delta": 0.007814}}
{"target": -15.157618492024687, "params": {"colsample_bytree": 0.22931657017530133, "eta": 0.09851421624316072, "gamma": 576.7606250802847, "max_depth": 9.0, "min_child_weight": 4204.759787217601, "num_boost_round": 34.0, "subsample": 0.4761897207779484}, "datetime": {"datetime": "2024-01-20 16:16:54", "elapsed": 6771.602403, "delta": 0.008327}}
{"target": -15.15782865154165, "params": {"colsample_bytree": 0.22931657017530133, "eta": 0.09851421624316072, "gamma": 576.7606250802847, "max_depth": 9.0, "min_child_weight": 4204.759787217601, "num_boost_round": 35.0, "subsample": 0.4761897207779484}, "datetime": {"datetime": "2024-01-20 16:16:54", "elapsed": 6771.609757, "delta": 0.007354}}
{"target": -15.158167480059465, "params": {"colsample_bytree": 0.22931657017530133, "eta": 0.09851421624316072, "gamma": 576.7606250802847, "max_depth": 9.0, "min_child_weight": 4204.759787217601, "num_boost_round": 36.0, "subsample": 0.4761897207779484}, "datetime": {"datetime": "2024-01-20 16:16:54", "elapsed": 6771.616155, "delta": 0.006398}}
{"target": -15.157910459329262, "params": {"colsample_bytree": 0.22931657017530133, "eta": 0.09851421624316072, "gamma": 576.7606250802847, "max_depth": 9.0, "min_child_weight": 4204.759787217601, "num_boost_round": 37.0, "subsample": 0.4761897207779484}, "datetime": {"datetime": "2024-01-20 16:16:54", "elapsed": 6771.622269, "delta": 0.006114}}
{"target": -15.157980139169066, "params": {"colsample_bytree": 0.22931657017530133, "eta": 0.09851421624316072, "gamma": 576.7606250802847, "max_depth": 9.0, "min_child_weight": 4204.759787217601, "num_boost_round": 38.0, "subsample": 0.4761897207779484}, "datetime": {"datetime": "2024-01-20 16:16:54", "elapsed": 6771.628221, "delta": 0.005952}}
{"target": -15.158203790348697, "params": {"colsample_bytree": 0.22931657017530133, "eta": 0.09851421624316072, "gamma": 576.7606250802847, "max_depth": 9.0, "min_child_weight": 4204.759787217601, "num_boost_round": 39.0, "subsample": 0.4761897207779484}, "datetime": {"datetime": "2024-01-20 16:16:54", "elapsed": 6771.634134, "delta": 0.005913}}
{"target": -15.158492944872947, "params": {"colsample_bytree": 0.22931657017530133, "eta": 0.09851421624316072, "gamma": 576.7606250802847, "max_depth": 9.0, "min_child_weight": 4204.759787217601, "num_boost_round": 40.0, "subsample": 0.4761897207779484}, "datetime": {"datetime": "2024-01-20 16:16:54", "elapsed": 6771.640504, "delta": 0.00637}}
{"target": -15.159188553060629, "params": {"colsample_bytree": 0.22931657017530133, "eta": 0.09851421624316072, "gamma": 576.7606250802847, "max_depth": 9.0, "min_child_weight": 4204.759787217601, "num_boost_round": 41.0, "subsample": 0.4761897207779484}, "datetime": {"datetime": "2024-01-20 16:16:54", "elapsed": 6771.646866, "delta": 0.006362}}
{"target": -15.16035795589987, "params": {"colsample_bytree": 0.22931657017530133, "eta": 0.09851421624316072, "gamma": 576.7606250802847, "max_depth": 9.0, "min_child_weight": 4204.759787217601, "num_boost_round": 42.0, "subsample": 0.4761897207779484}, "datetime": {"datetime": "2024-01-20 16:16:54", "elapsed": 6771.653014, "delta": 0.006148}}
{"target": -15.159796594330947, "params": {"colsample_bytree": 0.22931657017530133, "eta": 0.09851421624316072, "gamma": 576.7606250802847, "max_depth": 9.0, "min_child_weight": 4204.759787217601, "num_boost_round": 43.0, "subsample": 0.4761897207779484}, "datetime": {"datetime": "2024-01-20 16:16:54", "elapsed": 6771.659151, "delta": 0.006137}}
{"target": -15.15995604281619, "params": {"colsample_bytree": 0.22931657017530133, "eta": 0.09851421624316072, "gamma": 576.7606250802847, "max_depth": 9.0, "min_child_weight": 4204.759787217601, "num_boost_round": 44.0, "subsample": 0.4761897207779484}, "datetime": {"datetime": "2024-01-20 16:16:54", "elapsed": 6771.665168, "delta": 0.006017}}
{"target": -15.160506898101048, "params": {"colsample_bytree": 0.22931657017530133, "eta": 0.09851421624316072, "gamma": 576.7606250802847, "max_depth": 9.0, "min_child_weight": 4204.759787217601, "num_boost_round": 45.0, "subsample": 0.4761897207779484}, "datetime": {"datetime": "2024-01-20 16:16:54", "elapsed": 6771.671091, "delta": 0.005923}}
{"target": -15.159317007416526, "params": {"colsample_bytree": 0.22931657017530133, "eta": 0.09851421624316072, "gamma": 576.7606250802847, "max_depth": 9.0, "min_child_weight": 4204.759787217601, "num_boost_round": 46.0, "subsample": 0.4761897207779484}, "datetime": {"datetime": "2024-01-20 16:16:54", "elapsed": 6771.677041, "delta": 0.00595}}
{"target": -15.159557919487913, "params": {"colsample_bytree": 0.22931657017530133, "eta": 0.09851421624316072, "gamma": 576.7606250802847, "max_depth": 9.0, "min_child_weight": 4204.759787217601, "num_boost_round": 47.0, "subsample": 0.4761897207779484}, "datetime": {"datetime": "2024-01-20 16:16:54", "elapsed": 6771.683445, "delta": 0.006404}}
{"target": -15.159871444114277, "params": {"colsample_bytree": 0.22931657017530133, "eta": 0.09851421624316072, "gamma": 576.7606250802847, "max_depth": 9.0, "min_child_weight": 4204.759787217601, "num_boost_round": 48.0, "subsample": 0.4761897207779484}, "datetime": {"datetime": "2024-01-20 16:16:54", "elapsed": 6771.690353, "delta": 0.006908}}
{"target": -15.159992825755978, "params": {"colsample_bytree": 0.22931657017530133, "eta": 0.09851421624316072, "gamma": 576.7606250802847, "max_depth": 9.0, "min_child_weight": 4204.759787217601, "num_boost_round": 49.0, "subsample": 0.4761897207779484}, "datetime": {"datetime": "2024-01-20 16:16:54", "elapsed": 6771.697966, "delta": 0.007613}}
{"target": -15.160265155556669, "params": {"colsample_bytree": 0.22931657017530133, "eta": 0.09851421624316072, "gamma": 576.7606250802847, "max_depth": 9.0, "min_child_weight": 4204.759787217601, "num_boost_round": 50.0, "subsample": 0.4761897207779484}, "datetime": {"datetime": "2024-01-20 16:16:54", "elapsed": 6771.705244, "delta": 0.007278}}
{"target": -15.16103490254134, "params": {"colsample_bytree": 0.22931657017530133, "eta": 0.09851421624316072, "gamma": 576.7606250802847, "max_depth": 9.0, "min_child_weight": 4204.759787217601, "num_boost_round": 51.0, "subsample": 0.4761897207779484}, "datetime": {"datetime": "2024-01-20 16:16:54", "elapsed": 6771.71198, "delta": 0.006736}}
{"target": -15.16129134344094, "params": {"colsample_bytree": 0.22931657017530133, "eta": 0.09851421624316072, "gamma": 576.7606250802847, "max_depth": 9.0, "min_child_weight": 4204.759787217601, "num_boost_round": 52.0, "subsample": 0.4761897207779484}, "datetime": {"datetime": "2024-01-20 16:16:54", "elapsed": 6771.718718, "delta": 0.006738}}
{"target": -15.162243873381563, "params": {"colsample_bytree": 0.22931657017530133, "eta": 0.09851421624316072, "gamma": 576.7606250802847, "max_depth": 9.0, "min_child_weight": 4204.759787217601, "num_boost_round": 53.0, "subsample": 0.4761897207779484}, "datetime": {"datetime": "2024-01-20 16:16:54", "elapsed": 6771.725204, "delta": 0.006486}}
{"target": -15.162453170857809, "params": {"colsample_bytree": 0.22931657017530133, "eta": 0.09851421624316072, "gamma": 576.7606250802847, "max_depth": 9.0, "min_child_weight": 4204.759787217601, "num_boost_round": 54.0, "subsample": 0.4761897207779484}, "datetime": {"datetime": "2024-01-20 16:16:54", "elapsed": 6771.731492, "delta": 0.006288}}
{"target": -15.162874119006403, "params": {"colsample_bytree": 0.22931657017530133, "eta": 0.09851421624316072, "gamma": 576.7606250802847, "max_depth": 9.0, "min_child_weight": 4204.759787217601, "num_boost_round": 55.0, "subsample": 0.4761897207779484}, "datetime": {"datetime": "2024-01-20 16:16:54", "elapsed": 6771.73766, "delta": 0.006168}}
{"target": -15.162845290973205, "params": {"colsample_bytree": 0.22931657017530133, "eta": 0.09851421624316072, "gamma": 576.7606250802847, "max_depth": 9.0, "min_child_weight": 4204.759787217601, "num_boost_round": 56.0, "subsample": 0.4761897207779484}, "datetime": {"datetime": "2024-01-20 16:16:54", "elapsed": 6771.743856, "delta": 0.006196}}
{"target": -15.163970980846916, "params": {"colsample_bytree": 0.22931657017530133, "eta": 0.09851421624316072, "gamma": 576.7606250802847, "max_depth": 9.0, "min_child_weight": 4204.759787217601, "num_boost_round": 57.0, "subsample": 0.4761897207779484}, "datetime": {"datetime": "2024-01-20 16:16:54", "elapsed": 6771.750309, "delta": 0.006453}}
{"target": -15.164079102512728, "params": {"colsample_bytree": 0.22931657017530133, "eta": 0.09851421624316072, "gamma": 576.7606250802847, "max_depth": 9.0, "min_child_weight": 4204.759787217601, "num_boost_round": 58.0, "subsample": 0.4761897207779484}, "datetime": {"datetime": "2024-01-20 16:16:54", "elapsed": 6771.757154, "delta": 0.006845}}
{"target": -15.164193847712266, "params": {"colsample_bytree": 0.22931657017530133, "eta": 0.09851421624316072, "gamma": 576.7606250802847, "max_depth": 9.0, "min_child_weight": 4204.759787217601, "num_boost_round": 59.0, "subsample": 0.4761897207779484}, "datetime": {"datetime": "2024-01-20 16:16:54", "elapsed": 6771.764009, "delta": 0.006855}}
{"target": -15.16424895447565, "params": {"colsample_bytree": 0.22931657017530133, "eta": 0.09851421624316072, "gamma": 576.7606250802847, "max_depth": 9.0, "min_child_weight": 4204.759787217601, "num_boost_round": 60.0, "subsample": 0.4761897207779484}, "datetime": {"datetime": "2024-01-20 16:16:54", "elapsed": 6771.770505, "delta": 0.006496}}
{"target": -15.16466245535467, "params": {"colsample_bytree": 0.22931657017530133, "eta": 0.09851421624316072, "gamma": 576.7606250802847, "max_depth": 9.0, "min_child_weight": 4204.759787217601, "num_boost_round": 61.0, "subsample": 0.4761897207779484}, "datetime": {"datetime": "2024-01-20 16:16:54", "elapsed": 6771.777174, "delta": 0.006669}}
{"target": -15.164914301949242, "params": {"colsample_bytree": 0.22931657017530133, "eta": 0.09851421624316072, "gamma": 576.7606250802847, "max_depth": 9.0, "min_child_weight": 4204.759787217601, "num_boost_round": 62.0, "subsample": 0.4761897207779484}, "datetime": {"datetime": "2024-01-20 16:16:54", "elapsed": 6771.783738, "delta": 0.006564}}
{"target": -15.165030302841002, "params": {"colsample_bytree": 0.22931657017530133, "eta": 0.09851421624316072, "gamma": 576.7606250802847, "max_depth": 9.0, "min_child_weight": 4204.759787217601, "num_boost_round": 63.0, "subsample": 0.4761897207779484}, "datetime": {"datetime": "2024-01-20 16:16:54", "elapsed": 6771.791724, "delta": 0.007986}}
{"target": -15.16552709724504, "params": {"colsample_bytree": 0.22931657017530133, "eta": 0.09851421624316072, "gamma": 576.7606250802847, "max_depth": 9.0, "min_child_weight": 4204.759787217601, "num_boost_round": 64.0, "subsample": 0.4761897207779484}, "datetime": {"datetime": "2024-01-20 16:16:54", "elapsed": 6771.799046, "delta": 0.007322}}
{"target": -15.165849370505184, "params": {"colsample_bytree": 0.22931657017530133, "eta": 0.09851421624316072, "gamma": 576.7606250802847, "max_depth": 9.0, "min_child_weight": 4204.759787217601, "num_boost_round": 65.0, "subsample": 0.4761897207779484}, "datetime": {"datetime": "2024-01-20 16:16:54", "elapsed": 6771.805775, "delta": 0.006729}}
{"target": -15.166361374807654, "params": {"colsample_bytree": 0.22931657017530133, "eta": 0.09851421624316072, "gamma": 576.7606250802847, "max_depth": 9.0, "min_child_weight": 4204.759787217601, "num_boost_round": 66.0, "subsample": 0.4761897207779484}, "datetime": {"datetime": "2024-01-20 16:16:54", "elapsed": 6772.149529, "delta": 0.343754}}
{"target": -15.166884180106461, "params": {"colsample_bytree": 0.22931657017530133, "eta": 0.09851421624316072, "gamma": 576.7606250802847, "max_depth": 9.0, "min_child_weight": 4204.759787217601, "num_boost_round": 67.0, "subsample": 0.4761897207779484}, "datetime": {"datetime": "2024-01-20 16:16:54", "elapsed": 6772.158488, "delta": 0.008959}}
{"target": -15.16664254357113, "params": {"colsample_bytree": 0.22931657017530133, "eta": 0.09851421624316072, "gamma": 576.7606250802847, "max_depth": 9.0, "min_child_weight": 4204.759787217601, "num_boost_round": 68.0, "subsample": 0.4761897207779484}, "datetime": {"datetime": "2024-01-20 16:16:54", "elapsed": 6772.16611, "delta": 0.007622}}
{"target": -15.166617172417773, "params": {"colsample_bytree": 0.22931657017530133, "eta": 0.09851421624316072, "gamma": 576.7606250802847, "max_depth": 9.0, "min_child_weight": 4204.759787217601, "num_boost_round": 69.0, "subsample": 0.4761897207779484}, "datetime": {"datetime": "2024-01-20 16:16:54", "elapsed": 6772.173664, "delta": 0.007554}}
{"target": -15.166930248982663, "params": {"colsample_bytree": 0.22931657017530133, "eta": 0.09851421624316072, "gamma": 576.7606250802847, "max_depth": 9.0, "min_child_weight": 4204.759787217601, "num_boost_round": 70.0, "subsample": 0.4761897207779484}, "datetime": {"datetime": "2024-01-20 16:16:54", "elapsed": 6772.181511, "delta": 0.007847}}
{"target": -15.16707925083151, "params": {"colsample_bytree": 0.22931657017530133, "eta": 0.09851421624316072, "gamma": 576.7606250802847, "max_depth": 9.0, "min_child_weight": 4204.759787217601, "num_boost_round": 71.0, "subsample": 0.4761897207779484}, "datetime": {"datetime": "2024-01-20 16:16:54", "elapsed": 6772.189084, "delta": 0.007573}}
{"target": -15.167000537040314, "params": {"colsample_bytree": 0.22931657017530133, "eta": 0.09851421624316072, "gamma": 576.7606250802847, "max_depth": 9.0, "min_child_weight": 4204.759787217601, "num_boost_round": 72.0, "subsample": 0.4761897207779484}, "datetime": {"datetime": "2024-01-20 16:16:54", "elapsed": 6772.196218, "delta": 0.007134}}
{"target": -15.167173355709554, "params": {"colsample_bytree": 0.22931657017530133, "eta": 0.09851421624316072, "gamma": 576.7606250802847, "max_depth": 9.0, "min_child_weight": 4204.759787217601, "num_boost_round": 73.0, "subsample": 0.4761897207779484}, "datetime": {"datetime": "2024-01-20 16:16:54", "elapsed": 6772.202838, "delta": 0.00662}}
{"target": -15.167908376648548, "params": {"colsample_bytree": 0.22931657017530133, "eta": 0.09851421624316072, "gamma": 576.7606250802847, "max_depth": 9.0, "min_child_weight": 4204.759787217601, "num_boost_round": 74.0, "subsample": 0.4761897207779484}, "datetime": {"datetime": "2024-01-20 16:16:54", "elapsed": 6772.210053, "delta": 0.007215}}
{"target": -15.168022191722997, "params": {"colsample_bytree": 0.22931657017530133, "eta": 0.09851421624316072, "gamma": 576.7606250802847, "max_depth": 9.0, "min_child_weight": 4204.759787217601, "num_boost_round": 75.0, "subsample": 0.4761897207779484}, "datetime": {"datetime": "2024-01-20 16:16:54", "elapsed": 6772.217147, "delta": 0.007094}}
{"target": -15.16829313033216, "params": {"colsample_bytree": 0.22931657017530133, "eta": 0.09851421624316072, "gamma": 576.7606250802847, "max_depth": 9.0, "min_child_weight": 4204.759787217601, "num_boost_round": 76.0, "subsample": 0.4761897207779484}, "datetime": {"datetime": "2024-01-20 16:16:54", "elapsed": 6772.223726, "delta": 0.006579}}
{"target": -15.168560569260816, "params": {"colsample_bytree": 0.22931657017530133, "eta": 0.09851421624316072, "gamma": 576.7606250802847, "max_depth": 9.0, "min_child_weight": 4204.759787217601, "num_boost_round": 77.0, "subsample": 0.4761897207779484}, "datetime": {"datetime": "2024-01-20 16:16:54", "elapsed": 6772.230359, "delta": 0.006633}}
{"target": -15.168685081033658, "params": {"colsample_bytree": 0.22931657017530133, "eta": 0.09851421624316072, "gamma": 576.7606250802847, "max_depth": 9.0, "min_child_weight": 4204.759787217601, "num_boost_round": 78.0, "subsample": 0.4761897207779484}, "datetime": {"datetime": "2024-01-20 16:16:54", "elapsed": 6772.237443, "delta": 0.007084}}
{"target": -15.168686965287922, "params": {"colsample_bytree": 0.22931657017530133, "eta": 0.09851421624316072, "gamma": 576.7606250802847, "max_depth": 9.0, "min_child_weight": 4204.759787217601, "num_boost_round": 79.0, "subsample": 0.4761897207779484}, "datetime": {"datetime": "2024-01-20 16:16:54", "elapsed": 6772.244587, "delta": 0.007144}}
{"target": -15.169260722860471, "params": {"colsample_bytree": 0.22931657017530133, "eta": 0.09851421624316072, "gamma": 576.7606250802847, "max_depth": 9.0, "min_child_weight": 4204.759787217601, "num_boost_round": 80.0, "subsample": 0.4761897207779484}, "datetime": {"datetime": "2024-01-20 16:16:54", "elapsed": 6772.25202, "delta": 0.007433}}
