{"target": -12.341363617538587, "params": {"colsample_bytree": 0.7182923151360115, "eta": 0.07589051736544555, "gamma": 599.8264780786384, "max_depth": 5.0, "min_child_weight": 4276.2639719517865, "num_boost_round": 12.0, "subsample": 0.525049646942048}, "datetime": {"datetime": "2024-01-20 15:23:32", "elapsed": 3578.72511, "delta": 0.005506}}
{"target": -12.341226618932872, "params": {"colsample_bytree": 0.7182923151360115, "eta": 0.07589051736544555, "gamma": 599.8264780786384, "max_depth": 5.0, "min_child_weight": 4276.2639719517865, "num_boost_round": 13.0, "subsample": 0.525049646942048}, "datetime": {"datetime": "2024-01-20 15:23:32", "elapsed": 3578.730278, "delta": 0.005168}}
{"target": -12.341496812671288, "params": {"colsample_bytree": 0.7182923151360115, "eta": 0.07589051736544555, "gamma": 599.8264780786384, "max_depth": 5.0, "min_child_weight": 4276.2639719517865, "num_boost_round": 14.0, "subsample": 0.525049646942048}, "datetime": {"datetime": "2024-01-20 15:23:32", "elapsed": 3578.73578, "delta": 0.005502}}
{"target": -12.341319068848517, "params": {"colsample_bytree": 0.7182923151360115, "eta": 0.07589051736544555, "gamma": 599.8264780786384, "max_depth": 5.0, "min_child_weight": 4276.2639719517865, "num_boost_round": 15.0, "subsample": 0.525049646942048}, "datetime": {"datetime": "2024-01-20 15:23:32", "elapsed": 3578.741042, "delta": 0.005262}}
{"target": -12.341411179296458, "params": {"colsample_bytree": 0.7182923151360115, "eta": 0.07589051736544555, "gamma": 599.8264780786384, "max_depth": 5.0, "min_child_weight": 4276.2639719517865, "num_boost_round": 16.0, "subsample": 0.525049646942048}, "datetime": {"datetime": "2024-01-20 15:23:32", "elapsed": 3578.746345, "delta": 0.005303}}
{"target": -12.341182288368817, "params": {"colsample_bytree": 0.7182923151360115, "eta": 0.07589051736544555, "gamma": 599.8264780786384, "max_depth": 5.0, "min_child_weight": 4276.2639719517865, "num_boost_round": 17.0, "subsample": 0.525049646942048}, "datetime": {"datetime": "2024-01-20 15:23:32", "elapsed": 3578.751616, "delta": 0.005271}}
{"target": -12.34093868795636, "params": {"colsample_bytree": 0.7182923151360115, "eta": 0.07589051736544555, "gamma": 599.8264780786384, "max_depth": 5.0, "min_child_weight": 4276.2639719517865, "num_boost_round": 18.0, "subsample": 0.525049646942048}, "datetime": {"datetime": "2024-01-20 15:23:32", "elapsed": 3578.757183, "delta": 0.005567}}
{"target": -12.340859335202568, "params": {"colsample_bytree": 0.7182923151360115, "eta": 0.07589051736544555, "gamma": 599.8264780786384, "max_depth": 5.0, "min_child_weight": 4276.2639719517865, "num_boost_round": 19.0, "subsample": 0.525049646942048}, "datetime": {"datetime": "2024-01-20 15:23:32", "elapsed": 3578.762538, "delta": 0.005355}}
{"target": -12.341571861909605, "params": {"colsample_bytree": 0.7182923151360115, "eta": 0.07589051736544555, "gamma": 599.8264780786384, "max_depth": 5.0, "min_child_weight": 4276.2639719517865, "num_boost_round": 20.0, "subsample": 0.525049646942048}, "datetime": {"datetime": "2024-01-20 15:23:32", "elapsed": 3578.768152, "delta": 0.005614}}
{"target": -12.341695666450963, "params": {"colsample_bytree": 0.7182923151360115, "eta": 0.07589051736544555, "gamma": 599.8264780786384, "max_depth": 5.0, "min_child_weight": 4276.2639719517865, "num_boost_round": 21.0, "subsample": 0.525049646942048}, "datetime": {"datetime": "2024-01-20 15:23:32", "elapsed": 3578.773431, "delta": 0.005279}}
{"target": -12.341755474992688, "params": {"colsample_bytree": 0.7182923151360115, "eta": 0.07589051736544555, "gamma": 599.8264780786384, "max_depth": 5.0, "min_child_weight": 4276.2639719517865, "num_boost_round": 22.0, "subsample": 0.525049646942048}, "datetime": {"datetime": "2024-01-20 15:23:32", "elapsed": 3578.778862, "delta": 0.005431}}
{"target": -12.341509296408123, "params": {"colsample_bytree": 0.7182923151360115, "eta": 0.07589051736544555, "gamma": 599.8264780786384, "max_depth": 5.0, "min_child_weight": 4276.2639719517865, "num_boost_round": 23.0, "subsample": 0.525049646942048}, "datetime": {"datetime": "2024-01-20 15:23:32", "elapsed": 3578.783792, "delta": 0.00493}}
{"target": -12.341818712693126, "params": {"colsample_bytree": 0.7182923151360115, "eta": 0.07589051736544555, "gamma": 599.8264780786384, "max_depth": 5.0, "min_child_weight": 4276.2639719517865, "num_boost_round": 24.0, "subsample": 0.525049646942048}, "datetime": {"datetime": "2024-01-20 15:23:32", "elapsed": 3578.788864, "delta": 0.005072}}
{"target": -12.342141982995326, "params": {"colsample_bytree": 0.7182923151360115, "eta": 0.07589051736544555, "gamma": 599.8264780786384, "max_depth": 5.0, "min_child_weight": 4276.2639719517865, "num_boost_round": 25.0, "subsample": 0.525049646942048}, "datetime": {"datetime": "2024-01-20 15:23:32", "elapsed": 3578.79413, "delta": 0.005266}}
{"target": -12.342391584424249, "params": {"colsample_bytree": 0.7182923151360115, "eta": 0.07589051736544555, "gamma": 599.8264780786384, "max_depth": 5.0, "min_child_weight": 4276.2639719517865, "num_boost_round": 26.0, "subsample": 0.525049646942048}, "datetime": {"datetime": "2024-01-20 15:23:32", "elapsed": 3578.800037, "delta": 0.005907}}
{"target": -12.34280587589857, "params": {"colsample_bytree": 0.7182923151360115, "eta": 0.07589051736544555, "gamma": 599.8264780786384, "max_depth": 5.0, "min_child_weight": 4276.2639719517865, "num_boost_round": 27.0, "subsample": 0.525049646942048}, "datetime": {"datetime": "2024-01-20 15:23:32", "elapsed": 3578.805284, "delta": 0.005247}}
{"target": -12.34241444233116, "params": {"colsample_bytree": 0.7182923151360115, "eta": 0.07589051736544555, "gamma": 599.8264780786384, "max_depth": 5.0, "min_child_weight": 4276.2639719517865, "num_boost_round": 28.0, "subsample": 0.525049646942048}, "datetime": {"datetime": "2024-01-20 15:23:32", "elapsed": 3578.810615, "delta": 0.005331}}
{"target": -12.34253008766845, "params": {"colsample_bytree": 0.7182923151360115, "eta": 0.07589051736544555, "gamma": 599.8264780786384, "max_depth": 5.0, "min_child_weight": 4276.2639719517865, "num_boost_round": 29.0, "subsample": 0.525049646942048}, "datetime": {"datetime": "2024-01-20 15:23:32", "elapsed": 3578.815958, "delta": 0.005343}}
{"target": -12.342467458721703, "params": {"colsample_bytree": 0.7182923151360115, "eta": 0.07589051736544555, "gamma": 599.8264780786384, "max_depth": 5.0, "min_child_weight": 4276.2639719517865, "num_boost_round": 30.0, "subsample": 0.525049646942048}, "datetime": {"datetime": "2024-01-20 15:23:32", "elapsed": 3578.821499, "delta": 0.005541}}
{"target": -12.342608163317774, "params": {"colsample_bytree": 0.7182923151360115, "eta": 0.07589051736544555, "gamma": 599.8264780786384, "max_depth": 5.0, "min_child_weight": 4276.2639719517865, "num_boost_round": 31.0, "subsample": 0.525049646942048}, "datetime": {"datetime": "2024-01-20 15:23:32", "elapsed": 3578.828355, "delta": 0.006856}}
{"target": -12.34319514593123, "params": {"colsample_bytree": 0.7182923151360115, "eta": 0.07589051736544555, "gamma": 599.8264780786384, "max_depth": 5.0, "min_child_weight": 4276.2639719517865, "num_boost_round": 32.0, "subsample": 0.525049646942048}, "datetime": {"datetime": "2024-01-20 15:23:32", "elapsed": 3578.83475, "delta": 0.006395}}
{"target": -12.34365166722409, "params": {"colsample_bytree": 0.7182923151360115, "eta": 0.07589051736544555, "gamma": 599.8264780786384, "max_depth": 5.0, "min_child_weight": 4276.2639719517865, "num_boost_round": 33.0, "subsample": 0.525049646942048}, "datetime": {"datetime": "2024-01-20 15:23:32", "elapsed": 3578.840263, "delta": 0.005513}}
{"target": -12.343562499734583, "params": {"colsample_bytree": 0.7182923151360115, "eta": 0.07589051736544555, "gamma": 599.8264780786384, "max_depth": 5.0, "min_child_weight": 4276.2639719517865, "num_boost_round": 34.0, "subsample": 0.525049646942048}, "datetime": {"datetime": "2024-01-20 15:23:32", "elapsed": 3578.845847, "delta": 0.005584}}
{"target": -12.343669633264266, "params": {"colsample_bytree": 0.7182923151360115, "eta": 0.07589051736544555, "gamma": 599.8264780786384, "max_depth": 5.0, "min_child_weight": 4276.2639719517865, "num_boost_round": 35.0, "subsample": 0.525049646942048}, "datetime": {"datetime": "2024-01-20 15:23:32", "elapsed": 3578.851103, "delta": 0.005256}}
{"target": -12.343798282646027, "params": {"colsample_bytree": 0.7182923151360115, "eta": 0.07589051736544555, "gamma": 599.8264780786384, "max_depth": 5.0, "min_child_weight": 4276.2639719517865, "num_boost_round": 36.0, "subsample": 0.525049646942048}, "datetime": {"datetime": "2024-01-20 15:23:32", "elapsed": 3578.856518, "delta": 0.005415}}
{"target": -12.344003593810946, "params": {"colsample_bytree": 0.7182923151360115, "eta": 0.07589051736544555, "gamma": 599.8264780786384, "max_depth": 5.0, "min_child_weight": 4276.2639719517865, "num_boost_round": 37.0, "subsample": 0.525049646942048}, "datetime": {"datetime": "2024-01-20 15:23:32", "elapsed": 3578.861725, "delta": 0.005207}}
{"target": -12.344587844575159, "params": {"colsample_bytree": 0.7182923151360115, "eta": 0.07589051736544555, "gamma": 599.8264780786384, "max_depth": 5.0, "min_child_weight": 4276.2639719517865, "num_boost_round": 38.0, "subsample": 0.525049646942048}, "datetime": {"datetime": "2024-01-20 15:23:32", "elapsed": 3578.867196, "delta": 0.005471}}
{"target": -12.356733464408553, "params": {"colsample_bytree": 0.8075221593530559, "eta": 0.030590464837893395, "gamma": 506.2783717074668, "max_depth": 4.0, "min_child_weight": 4288.243919509994, "num_boost_round": 1.0, "subsample": 0.6603555158289384}, "datetime": {"datetime": "2024-01-20 15:24:34", "elapsed": 3640.963306, "delta": 62.09611}}
{"target": -12.355020424047328, "params": {"colsample_bytree": 0.8075221593530559, "eta": 0.030590464837893395, "gamma": 506.2783717074668, "max_depth": 4.0, "min_child_weight": 4288.243919509994, "num_boost_round": 2.0, "subsample": 0.6603555158289384}, "datetime": {"datetime": "2024-01-20 15:24:34", "elapsed": 3640.970199, "delta": 0.006893}}
{"target": -12.353498908891293, "params": {"colsample_bytree": 0.8075221593530559, "eta": 0.030590464837893395, "gamma": 506.2783717074668, "max_depth": 4.0, "min_child_weight": 4288.243919509994, "num_boost_round": 3.0, "subsample": 0.6603555158289384}, "datetime": {"datetime": "2024-01-20 15:24:34", "elapsed": 3640.976212, "delta": 0.006013}}
{"target": -12.35201573550787, "params": {"colsample_bytree": 0.8075221593530559, "eta": 0.030590464837893395, "gamma": 506.2783717074668, "max_depth": 4.0, "min_child_weight": 4288.243919509994, "num_boost_round": 4.0, "subsample": 0.6603555158289384}, "datetime": {"datetime": "2024-01-20 15:24:34", "elapsed": 3640.981475, "delta": 0.005263}}
{"target": -12.350653612192897, "params": {"colsample_bytree": 0.8075221593530559, "eta": 0.030590464837893395, "gamma": 506.2783717074668, "max_depth": 4.0, "min_child_weight": 4288.243919509994, "num_boost_round": 5.0, "subsample": 0.6603555158289384}, "datetime": {"datetime": "2024-01-20 15:24:34", "elapsed": 3640.986042, "delta": 0.004567}}
{"target": -12.349482653572323, "params": {"colsample_bytree": 0.8075221593530559, "eta": 0.030590464837893395, "gamma": 506.2783717074668, "max_depth": 4.0, "min_child_weight": 4288.243919509994, "num_boost_round": 6.0, "subsample": 0.6603555158289384}, "datetime": {"datetime": "2024-01-20 15:24:34", "elapsed": 3640.990577, "delta": 0.004535}}
{"target": -12.348399080154252, "params": {"colsample_bytree": 0.8075221593530559, "eta": 0.030590464837893395, "gamma": 506.2783717074668, "max_depth": 4.0, "min_child_weight": 4288.243919509994, "num_boost_round": 7.0, "subsample": 0.6603555158289384}, "datetime": {"datetime": "2024-01-20 15:24:34", "elapsed": 3640.995078, "delta": 0.004501}}
{"target": -12.347858489080117, "params": {"colsample_bytree": 0.8075221593530559, "eta": 0.030590464837893395, "gamma": 506.2783717074668, "max_depth": 4.0, "min_child_weight": 4288.243919509994, "num_boost_round": 8.0, "subsample": 0.6603555158289384}, "datetime": {"datetime": "2024-01-20 15:24:34", "elapsed": 3641.000015, "delta": 0.004937}}
{"target": -12.347165716255542, "params": {"colsample_bytree": 0.8075221593530559, "eta": 0.030590464837893395, "gamma": 506.2783717074668, "max_depth": 4.0, "min_child_weight": 4288.243919509994, "num_boost_round": 9.0, "subsample": 0.6603555158289384}, "datetime": {"datetime": "2024-01-20 15:24:34", "elapsed": 3641.004588, "delta": 0.004573}}
{"target": -12.346370707539927, "params": {"colsample_bytree": 0.8075221593530559, "eta": 0.030590464837893395, "gamma": 506.2783717074668, "max_depth": 4.0, "min_child_weight": 4288.243919509994, "num_boost_round": 10.0, "subsample": 0.6603555158289384}, "datetime": {"datetime": "2024-01-20 15:24:34", "elapsed": 3641.009119, "delta": 0.004531}}
{"target": -12.345936672779509, "params": {"colsample_bytree": 0.8075221593530559, "eta": 0.030590464837893395, "gamma": 506.2783717074668, "max_depth": 4.0, "min_child_weight": 4288.243919509994, "num_boost_round": 11.0, "subsample": 0.6603555158289384}, "datetime": {"datetime": "2024-01-20 15:24:34", "elapsed": 3641.01361, "delta": 0.004491}}
{"target": -12.345174238642281, "params": {"colsample_bytree": 0.8075221593530559, "eta": 0.030590464837893395, "gamma": 506.2783717074668, "max_depth": 4.0, "min_child_weight": 4288.243919509994, "num_boost_round": 12.0, "subsample": 0.6603555158289384}, "datetime": {"datetime": "2024-01-20 15:24:34", "elapsed": 3641.01856, "delta": 0.00495}}
{"target": -12.344365833029435, "params": {"colsample_bytree": 0.8075221593530559, "eta": 0.030590464837893395, "gamma": 506.2783717074668, "max_depth": 4.0, "min_child_weight": 4288.243919509994, "num_boost_round": 13.0, "subsample": 0.6603555158289384}, "datetime": {"datetime": "2024-01-20 15:24:34", "elapsed": 3641.023132, "delta": 0.004572}}
{"target": -12.34370492944069, "params": {"colsample_bytree": 0.8075221593530559, "eta": 0.030590464837893395, "gamma": 506.2783717074668, "max_depth": 4.0, "min_child_weight": 4288.243919509994, "num_boost_round": 14.0, "subsample": 0.6603555158289384}, "datetime": {"datetime": "2024-01-20 15:24:34", "elapsed": 3641.027757, "delta": 0.004625}}
{"target": -12.343102336006844, "params": {"colsample_bytree": 0.8075221593530559, "eta": 0.030590464837893395, "gamma": 506.2783717074668, "max_depth": 4.0, "min_child_weight": 4288.243919509994, "num_boost_round": 15.0, "subsample": 0.6603555158289384}, "datetime": {"datetime": "2024-01-20 15:24:34", "elapsed": 3641.032194, "delta": 0.004437}}
{"target": -12.342740126633606, "params": {"colsample_bytree": 0.8075221593530559, "eta": 0.030590464837893395, "gamma": 506.2783717074668, "max_depth": 4.0, "min_child_weight": 4288.243919509994, "num_boost_round": 16.0, "subsample": 0.6603555158289384}, "datetime": {"datetime": "2024-01-20 15:24:34", "elapsed": 3641.036885, "delta": 0.004691}}
{"target": -12.342579422600092, "params": {"colsample_bytree": 0.8075221593530559, "eta": 0.030590464837893395, "gamma": 506.2783717074668, "max_depth": 4.0, "min_child_weight": 4288.243919509994, "num_boost_round": 17.0, "subsample": 0.6603555158289384}, "datetime": {"datetime": "2024-01-20 15:24:34", "elapsed": 3641.041427, "delta": 0.004542}}
{"target": -12.342260905774753, "params": {"colsample_bytree": 0.8075221593530559, "eta": 0.030590464837893395, "gamma": 506.2783717074668, "max_depth": 4.0, "min_child_weight": 4288.243919509994, "num_boost_round": 18.0, "subsample": 0.6603555158289384}, "datetime": {"datetime": "2024-01-20 15:24:34", "elapsed": 3641.045897, "delta": 0.00447}}
{"target": -12.342354893700453, "params": {"colsample_bytree": 0.8075221593530559, "eta": 0.030590464837893395, "gamma": 506.2783717074668, "max_depth": 4.0, "min_child_weight": 4288.243919509994, "num_boost_round": 19.0, "subsample": 0.6603555158289384}, "datetime": {"datetime": "2024-01-20 15:24:34", "elapsed": 3641.050331, "delta": 0.004434}}
{"target": -12.342207247090476, "params": {"colsample_bytree": 0.8075221593530559, "eta": 0.030590464837893395, "gamma": 506.2783717074668, "max_depth": 4.0, "min_child_weight": 4288.243919509994, "num_boost_round": 20.0, "subsample": 0.6603555158289384}, "datetime": {"datetime": "2024-01-20 15:24:34", "elapsed": 3641.055013, "delta": 0.004682}}
{"target": -12.35778913067976, "params": {"colsample_bytree": 0.7442605170707731, "eta": 0.031504433474251504, "gamma": 576.40461235747, "max_depth": 3.0, "min_child_weight": 4166.42825491126, "num_boost_round": 1.0, "subsample": 0.1719137215093306}, "datetime": {"datetime": "2024-01-20 15:25:26", "elapsed": 3693.17351, "delta": 52.118497}}
{"target": -12.356620752643778, "params": {"colsample_bytree": 0.7442605170707731, "eta": 0.031504433474251504, "gamma": 576.40461235747, "max_depth": 3.0, "min_child_weight": 4166.42825491126, "num_boost_round": 2.0, "subsample": 0.1719137215093306}, "datetime": {"datetime": "2024-01-20 15:25:26", "elapsed": 3693.179016, "delta": 0.005506}}
{"target": -12.355488155491127, "params": {"colsample_bytree": 0.7442605170707731, "eta": 0.031504433474251504, "gamma": 576.40461235747, "max_depth": 3.0, "min_child_weight": 4166.42825491126, "num_boost_round": 3.0, "subsample": 0.1719137215093306}, "datetime": {"datetime": "2024-01-20 15:25:26", "elapsed": 3693.183643, "delta": 0.004627}}
{"target": -12.355238583285871, "params": {"colsample_bytree": 0.7442605170707731, "eta": 0.031504433474251504, "gamma": 576.40461235747, "max_depth": 3.0, "min_child_weight": 4166.42825491126, "num_boost_round": 4.0, "subsample": 0.1719137215093306}, "datetime": {"datetime": "2024-01-20 15:25:26", "elapsed": 3693.188006, "delta": 0.004363}}
{"target": -12.354139549153984, "params": {"colsample_bytree": 0.7442605170707731, "eta": 0.031504433474251504, "gamma": 576.40461235747, "max_depth": 3.0, "min_child_weight": 4166.42825491126, "num_boost_round": 5.0, "subsample": 0.1719137215093306}, "datetime": {"datetime": "2024-01-20 15:25:26", "elapsed": 3693.192644, "delta": 0.004638}}
{"target": -12.353249318419337, "params": {"colsample_bytree": 0.7442605170707731, "eta": 0.031504433474251504, "gamma": 576.40461235747, "max_depth": 3.0, "min_child_weight": 4166.42825491126, "num_boost_round": 6.0, "subsample": 0.1719137215093306}, "datetime": {"datetime": "2024-01-20 15:25:26", "elapsed": 3693.197179, "delta": 0.004535}}
{"target": -12.35248766653765, "params": {"colsample_bytree": 0.7442605170707731, "eta": 0.031504433474251504, "gamma": 576.40461235747, "max_depth": 3.0, "min_child_weight": 4166.42825491126, "num_boost_round": 7.0, "subsample": 0.1719137215093306}, "datetime": {"datetime": "2024-01-20 15:25:26", "elapsed": 3693.202072, "delta": 0.004893}}
{"target": -12.352098917137237, "params": {"colsample_bytree": 0.7442605170707731, "eta": 0.031504433474251504, "gamma": 576.40461235747, "max_depth": 3.0, "min_child_weight": 4166.42825491126, "num_boost_round": 8.0, "subsample": 0.1719137215093306}, "datetime": {"datetime": "2024-01-20 15:25:26", "elapsed": 3693.206662, "delta": 0.00459}}
{"target": -12.351196750944158, "params": {"colsample_bytree": 0.7442605170707731, "eta": 0.031504433474251504, "gamma": 576.40461235747, "max_depth": 3.0, "min_child_weight": 4166.42825491126, "num_boost_round": 9.0, "subsample": 0.1719137215093306}, "datetime": {"datetime": "2024-01-20 15:25:26", "elapsed": 3693.211381, "delta": 0.004719}}
{"target": -12.350604345049735, "params": {"colsample_bytree": 0.7442605170707731, "eta": 0.031504433474251504, "gamma": 576.40461235747, "max_depth": 3.0, "min_child_weight": 4166.42825491126, "num_boost_round": 10.0, "subsample": 0.1719137215093306}, "datetime": {"datetime": "2024-01-20 15:25:26", "elapsed": 3693.215721, "delta": 0.00434}}
{"target": -12.350203214131763, "params": {"colsample_bytree": 0.7442605170707731, "eta": 0.031504433474251504, "gamma": 576.40461235747, "max_depth": 3.0, "min_child_weight": 4166.42825491126, "num_boost_round": 11.0, "subsample": 0.1719137215093306}, "datetime": {"datetime": "2024-01-20 15:25:26", "elapsed": 3693.220391, "delta": 0.00467}}
{"target": -12.349770256570055, "params": {"colsample_bytree": 0.7442605170707731, "eta": 0.031504433474251504, "gamma": 576.40461235747, "max_depth": 3.0, "min_child_weight": 4166.42825491126, "num_boost_round": 12.0, "subsample": 0.1719137215093306}, "datetime": {"datetime": "2024-01-20 15:25:26", "elapsed": 3693.224902, "delta": 0.004511}}
{"target": -12.34915857179244, "params": {"colsample_bytree": 0.7442605170707731, "eta": 0.031504433474251504, "gamma": 576.40461235747, "max_depth": 3.0, "min_child_weight": 4166.42825491126, "num_boost_round": 13.0, "subsample": 0.1719137215093306}, "datetime": {"datetime": "2024-01-20 15:25:26", "elapsed": 3693.229445, "delta": 0.004543}}
{"target": -12.348714933443995, "params": {"colsample_bytree": 0.7442605170707731, "eta": 0.031504433474251504, "gamma": 576.40461235747, "max_depth": 3.0, "min_child_weight": 4166.42825491126, "num_boost_round": 14.0, "subsample": 0.1719137215093306}, "datetime": {"datetime": "2024-01-20 15:25:26", "elapsed": 3693.233794, "delta": 0.004349}}
{"target": -12.348114970481806, "params": {"colsample_bytree": 0.7442605170707731, "eta": 0.031504433474251504, "gamma": 576.40461235747, "max_depth": 3.0, "min_child_weight": 4166.42825491126, "num_boost_round": 15.0, "subsample": 0.1719137215093306}, "datetime": {"datetime": "2024-01-20 15:25:26", "elapsed": 3693.238378, "delta": 0.004584}}
{"target": -12.347697609978038, "params": {"colsample_bytree": 0.7442605170707731, "eta": 0.031504433474251504, "gamma": 576.40461235747, "max_depth": 3.0, "min_child_weight": 4166.42825491126, "num_boost_round": 16.0, "subsample": 0.1719137215093306}, "datetime": {"datetime": "2024-01-20 15:25:26", "elapsed": 3693.242819, "delta": 0.004441}}
