{"target": -15.163945253449345, "params": {"colsample_bytree": 0.5779389793439513, "eta": 0.020841883452265644, "gamma": 416.93046371523303, "max_depth": 5.0, "min_child_weight": 4420.2007678470745, "num_boost_round": 14.0, "subsample": 0.39698800680515}, "datetime": {"datetime": "2024-01-20 15:01:19", "elapsed": 2237.374496, "delta": 0.002974}}
{"target": -15.163470422269391, "params": {"colsample_bytree": 0.5779389793439513, "eta": 0.020841883452265644, "gamma": 416.93046371523303, "max_depth": 5.0, "min_child_weight": 4420.2007678470745, "num_boost_round": 15.0, "subsample": 0.39698800680515}, "datetime": {"datetime": "2024-01-20 15:01:19", "elapsed": 2237.377465, "delta": 0.002969}}
{"target": -15.16314672910417, "params": {"colsample_bytree": 0.5779389793439513, "eta": 0.020841883452265644, "gamma": 416.93046371523303, "max_depth": 5.0, "min_child_weight": 4420.2007678470745, "num_boost_round": 16.0, "subsample": 0.39698800680515}, "datetime": {"datetime": "2024-01-20 15:01:19", "elapsed": 2237.380502, "delta": 0.003037}}
{"target": -15.162395543734892, "params": {"colsample_bytree": 0.5779389793439513, "eta": 0.020841883452265644, "gamma": 416.93046371523303, "max_depth": 5.0, "min_child_weight": 4420.2007678470745, "num_boost_round": 17.0, "subsample": 0.39698800680515}, "datetime": {"datetime": "2024-01-20 15:01:19", "elapsed": 2237.383569, "delta": 0.003067}}
{"target": -15.162244777139033, "params": {"colsample_bytree": 0.5779389793439513, "eta": 0.020841883452265644, "gamma": 416.93046371523303, "max_depth": 5.0, "min_child_weight": 4420.2007678470745, "num_boost_round": 18.0, "subsample": 0.39698800680515}, "datetime": {"datetime": "2024-01-20 15:01:19", "elapsed": 2237.386597, "delta": 0.003028}}
{"target": -15.161452030229537, "params": {"colsample_bytree": 0.5779389793439513, "eta": 0.020841883452265644, "gamma": 416.93046371523303, "max_depth": 5.0, "min_child_weight": 4420.2007678470745, "num_boost_round": 19.0, "subsample": 0.39698800680515}, "datetime": {"datetime": "2024-01-20 15:01:19", "elapsed": 2237.389613, "delta": 0.003016}}
{"target": -15.161200546516254, "params": {"colsample_bytree": 0.5779389793439513, "eta": 0.020841883452265644, "gamma": 416.93046371523303, "max_depth": 5.0, "min_child_weight": 4420.2007678470745, "num_boost_round": 20.0, "subsample": 0.39698800680515}, "datetime": {"datetime": "2024-01-20 15:01:19", "elapsed": 2237.39278, "delta": 0.003167}}
{"target": -15.160316526188474, "params": {"colsample_bytree": 0.5779389793439513, "eta": 0.020841883452265644, "gamma": 416.93046371523303, "max_depth": 5.0, "min_child_weight": 4420.2007678470745, "num_boost_round": 21.0, "subsample": 0.39698800680515}, "datetime": {"datetime": "2024-01-20 15:01:19", "elapsed": 2237.395925, "delta": 0.003145}}
{"target": -15.15998496951433, "params": {"colsample_bytree": 0.5779389793439513, "eta": 0.020841883452265644, "gamma": 416.93046371523303, "max_depth": 5.0, "min_child_weight": 4420.2007678470745, "num_boost_round": 22.0, "subsample": 0.39698800680515}, "datetime": {"datetime": "2024-01-20 15:01:19", "elapsed": 2237.399021, "delta": 0.003096}}
{"target": -15.15921585065431, "params": {"colsample_bytree": 0.5779389793439513, "eta": 0.020841883452265644, "gamma": 416.93046371523303, "max_depth": 5.0, "min_child_weight": 4420.2007678470745, "num_boost_round": 23.0, "subsample": 0.39698800680515}, "datetime": {"datetime": "2024-01-20 15:01:19", "elapsed": 2237.402122, "delta": 0.003101}}
{"target": -15.158451729817918, "params": {"colsample_bytree": 0.5779389793439513, "eta": 0.020841883452265644, "gamma": 416.93046371523303, "max_depth": 5.0, "min_child_weight": 4420.2007678470745, "num_boost_round": 24.0, "subsample": 0.39698800680515}, "datetime": {"datetime": "2024-01-20 15:01:19", "elapsed": 2237.405129, "delta": 0.003007}}
{"target": -15.15817727683067, "params": {"colsample_bytree": 0.5779389793439513, "eta": 0.020841883452265644, "gamma": 416.93046371523303, "max_depth": 5.0, "min_child_weight": 4420.2007678470745, "num_boost_round": 25.0, "subsample": 0.39698800680515}, "datetime": {"datetime": "2024-01-20 15:01:19", "elapsed": 2237.408124, "delta": 0.002995}}
{"target": -15.158143670939157, "params": {"colsample_bytree": 0.5779389793439513, "eta": 0.020841883452265644, "gamma": 416.93046371523303, "max_depth": 5.0, "min_child_weight": 4420.2007678470745, "num_boost_round": 26.0, "subsample": 0.39698800680515}, "datetime": {"datetime": "2024-01-20 15:01:19", "elapsed": 2237.411097, "delta": 0.002973}}
{"target": -15.157928222817228, "params": {"colsample_bytree": 0.5779389793439513, "eta": 0.020841883452265644, "gamma": 416.93046371523303, "max_depth": 5.0, "min_child_weight": 4420.2007678470745, "num_boost_round": 27.0, "subsample": 0.39698800680515}, "datetime": {"datetime": "2024-01-20 15:01:19", "elapsed": 2237.414192, "delta": 0.003095}}
{"target": -15.157607125708079, "params": {"colsample_bytree": 0.5779389793439513, "eta": 0.020841883452265644, "gamma": 416.93046371523303, "max_depth": 5.0, "min_child_weight": 4420.2007678470745, "num_boost_round": 28.0, "subsample": 0.39698800680515}, "datetime": {"datetime": "2024-01-20 15:01:19", "elapsed": 2237.41719, "delta": 0.002998}}
{"target": -15.157091418514598, "params": {"colsample_bytree": 0.5779389793439513, "eta": 0.020841883452265644, "gamma": 416.93046371523303, "max_depth": 5.0, "min_child_weight": 4420.2007678470745, "num_boost_round": 29.0, "subsample": 0.39698800680515}, "datetime": {"datetime": "2024-01-20 15:01:19", "elapsed": 2237.420318, "delta": 0.003128}}
{"target": -15.156734380099437, "params": {"colsample_bytree": 0.5779389793439513, "eta": 0.020841883452265644, "gamma": 416.93046371523303, "max_depth": 5.0, "min_child_weight": 4420.2007678470745, "num_boost_round": 30.0, "subsample": 0.39698800680515}, "datetime": {"datetime": "2024-01-20 15:01:19", "elapsed": 2237.423463, "delta": 0.003145}}
{"target": -15.156400713129678, "params": {"colsample_bytree": 0.5779389793439513, "eta": 0.020841883452265644, "gamma": 416.93046371523303, "max_depth": 5.0, "min_child_weight": 4420.2007678470745, "num_boost_round": 31.0, "subsample": 0.39698800680515}, "datetime": {"datetime": "2024-01-20 15:01:19", "elapsed": 2237.426634, "delta": 0.003171}}
{"target": -15.156128522807505, "params": {"colsample_bytree": 0.5779389793439513, "eta": 0.020841883452265644, "gamma": 416.93046371523303, "max_depth": 5.0, "min_child_weight": 4420.2007678470745, "num_boost_round": 32.0, "subsample": 0.39698800680515}, "datetime": {"datetime": "2024-01-20 15:01:19", "elapsed": 2237.42963, "delta": 0.002996}}
{"target": -15.156119998303552, "params": {"colsample_bytree": 0.5779389793439513, "eta": 0.020841883452265644, "gamma": 416.93046371523303, "max_depth": 5.0, "min_child_weight": 4420.2007678470745, "num_boost_round": 33.0, "subsample": 0.39698800680515}, "datetime": {"datetime": "2024-01-20 15:01:19", "elapsed": 2237.432645, "delta": 0.003015}}
{"target": -15.155515485124692, "params": {"colsample_bytree": 0.5779389793439513, "eta": 0.020841883452265644, "gamma": 416.93046371523303, "max_depth": 5.0, "min_child_weight": 4420.2007678470745, "num_boost_round": 34.0, "subsample": 0.39698800680515}, "datetime": {"datetime": "2024-01-20 15:01:19", "elapsed": 2237.435672, "delta": 0.003027}}
{"target": -15.170291828798028, "params": {"colsample_bytree": 0.6423277481337497, "eta": 0.09701230178811787, "gamma": 406.28088781922236, "max_depth": 3.0, "min_child_weight": 4391.519620968037, "num_boost_round": 1.0, "subsample": 0.7701227302922297}, "datetime": {"datetime": "2024-01-20 15:02:11", "elapsed": 2289.120133, "delta": 51.684461}}
{"target": -15.168299437340634, "params": {"colsample_bytree": 0.6423277481337497, "eta": 0.09701230178811787, "gamma": 406.28088781922236, "max_depth": 3.0, "min_child_weight": 4391.519620968037, "num_boost_round": 2.0, "subsample": 0.7701227302922297}, "datetime": {"datetime": "2024-01-20 15:02:11", "elapsed": 2289.124152, "delta": 0.004019}}
{"target": -15.16554963759214, "params": {"colsample_bytree": 0.6423277481337497, "eta": 0.09701230178811787, "gamma": 406.28088781922236, "max_depth": 3.0, "min_child_weight": 4391.519620968037, "num_boost_round": 3.0, "subsample": 0.7701227302922297}, "datetime": {"datetime": "2024-01-20 15:02:11", "elapsed": 2289.127231, "delta": 0.003079}}
{"target": -15.164777977484185, "params": {"colsample_bytree": 0.6423277481337497, "eta": 0.09701230178811787, "gamma": 406.28088781922236, "max_depth": 3.0, "min_child_weight": 4391.519620968037, "num_boost_round": 4.0, "subsample": 0.7701227302922297}, "datetime": {"datetime": "2024-01-20 15:02:11", "elapsed": 2289.130299, "delta": 0.003068}}
{"target": -15.161975461882914, "params": {"colsample_bytree": 0.6423277481337497, "eta": 0.09701230178811787, "gamma": 406.28088781922236, "max_depth": 3.0, "min_child_weight": 4391.519620968037, "num_boost_round": 5.0, "subsample": 0.7701227302922297}, "datetime": {"datetime": "2024-01-20 15:02:11", "elapsed": 2289.133469, "delta": 0.00317}}
{"target": -15.161331536624013, "params": {"colsample_bytree": 0.6423277481337497, "eta": 0.09701230178811787, "gamma": 406.28088781922236, "max_depth": 3.0, "min_child_weight": 4391.519620968037, "num_boost_round": 6.0, "subsample": 0.7701227302922297}, "datetime": {"datetime": "2024-01-20 15:02:11", "elapsed": 2289.136515, "delta": 0.003046}}
{"target": -15.160968144113957, "params": {"colsample_bytree": 0.6423277481337497, "eta": 0.09701230178811787, "gamma": 406.28088781922236, "max_depth": 3.0, "min_child_weight": 4391.519620968037, "num_boost_round": 7.0, "subsample": 0.7701227302922297}, "datetime": {"datetime": "2024-01-20 15:02:11", "elapsed": 2289.139589, "delta": 0.003074}}
{"target": -15.15924325070268, "params": {"colsample_bytree": 0.6423277481337497, "eta": 0.09701230178811787, "gamma": 406.28088781922236, "max_depth": 3.0, "min_child_weight": 4391.519620968037, "num_boost_round": 8.0, "subsample": 0.7701227302922297}, "datetime": {"datetime": "2024-01-20 15:02:11", "elapsed": 2289.142768, "delta": 0.003179}}
{"target": -15.160243777169473, "params": {"colsample_bytree": 0.6423277481337497, "eta": 0.09701230178811787, "gamma": 406.28088781922236, "max_depth": 3.0, "min_child_weight": 4391.519620968037, "num_boost_round": 9.0, "subsample": 0.7701227302922297}, "datetime": {"datetime": "2024-01-20 15:02:11", "elapsed": 2289.145999, "delta": 0.003231}}
{"target": -15.159475227066777, "params": {"colsample_bytree": 0.6423277481337497, "eta": 0.09701230178811787, "gamma": 406.28088781922236, "max_depth": 3.0, "min_child_weight": 4391.519620968037, "num_boost_round": 10.0, "subsample": 0.7701227302922297}, "datetime": {"datetime": "2024-01-20 15:02:11", "elapsed": 2289.149146, "delta": 0.003147}}
{"target": -15.16017854878588, "params": {"colsample_bytree": 0.6423277481337497, "eta": 0.09701230178811787, "gamma": 406.28088781922236, "max_depth": 3.0, "min_child_weight": 4391.519620968037, "num_boost_round": 11.0, "subsample": 0.7701227302922297}, "datetime": {"datetime": "2024-01-20 15:02:11", "elapsed": 2289.15217, "delta": 0.003024}}
{"target": -15.158932642091177, "params": {"colsample_bytree": 0.6423277481337497, "eta": 0.09701230178811787, "gamma": 406.28088781922236, "max_depth": 3.0, "min_child_weight": 4391.519620968037, "num_boost_round": 12.0, "subsample": 0.7701227302922297}, "datetime": {"datetime": "2024-01-20 15:02:11", "elapsed": 2289.155206, "delta": 0.003036}}
{"target": -15.160179445066706, "params": {"colsample_bytree": 0.6423277481337497, "eta": 0.09701230178811787, "gamma": 406.28088781922236, "max_depth": 3.0, "min_child_weight": 4391.519620968037, "num_boost_round": 13.0, "subsample": 0.7701227302922297}, "datetime": {"datetime": "2024-01-20 15:02:11", "elapsed": 2289.15829, "delta": 0.003084}}
{"target": -15.159484132213237, "params": {"colsample_bytree": 0.6423277481337497, "eta": 0.09701230178811787, "gamma": 406.28088781922236, "max_depth": 3.0, "min_child_weight": 4391.519620968037, "num_boost_round": 14.0, "subsample": 0.7701227302922297}, "datetime": {"datetime": "2024-01-20 15:02:11", "elapsed": 2289.161391, "delta": 0.003101}}
{"target": -15.15915887600897, "params": {"colsample_bytree": 0.6423277481337497, "eta": 0.09701230178811787, "gamma": 406.28088781922236, "max_depth": 3.0, "min_child_weight": 4391.519620968037, "num_boost_round": 15.0, "subsample": 0.7701227302922297}, "datetime": {"datetime": "2024-01-20 15:02:11", "elapsed": 2289.164462, "delta": 0.003071}}
{"target": -15.159616455601444, "params": {"colsample_bytree": 0.6423277481337497, "eta": 0.09701230178811787, "gamma": 406.28088781922236, "max_depth": 3.0, "min_child_weight": 4391.519620968037, "num_boost_round": 16.0, "subsample": 0.7701227302922297}, "datetime": {"datetime": "2024-01-20 15:02:11", "elapsed": 2289.167543, "delta": 0.003081}}
{"target": -15.159244359700436, "params": {"colsample_bytree": 0.6423277481337497, "eta": 0.09701230178811787, "gamma": 406.28088781922236, "max_depth": 3.0, "min_child_weight": 4391.519620968037, "num_boost_round": 17.0, "subsample": 0.7701227302922297}, "datetime": {"datetime": "2024-01-20 15:02:11", "elapsed": 2289.170619, "delta": 0.003076}}
{"target": -15.158490991301175, "params": {"colsample_bytree": 0.6423277481337497, "eta": 0.09701230178811787, "gamma": 406.28088781922236, "max_depth": 3.0, "min_child_weight": 4391.519620968037, "num_boost_round": 18.0, "subsample": 0.7701227302922297}, "datetime": {"datetime": "2024-01-20 15:02:11", "elapsed": 2289.173681, "delta": 0.003062}}
{"target": -15.157817086906485, "params": {"colsample_bytree": 0.6423277481337497, "eta": 0.09701230178811787, "gamma": 406.28088781922236, "max_depth": 3.0, "min_child_weight": 4391.519620968037, "num_boost_round": 19.0, "subsample": 0.7701227302922297}, "datetime": {"datetime": "2024-01-20 15:02:11", "elapsed": 2289.17676, "delta": 0.003079}}
{"target": -15.157930866047295, "params": {"colsample_bytree": 0.6423277481337497, "eta": 0.09701230178811787, "gamma": 406.28088781922236, "max_depth": 3.0, "min_child_weight": 4391.519620968037, "num_boost_round": 20.0, "subsample": 0.7701227302922297}, "datetime": {"datetime": "2024-01-20 15:02:11", "elapsed": 2289.179866, "delta": 0.003106}}
{"target": -15.157788872624204, "params": {"colsample_bytree": 0.6423277481337497, "eta": 0.09701230178811787, "gamma": 406.28088781922236, "max_depth": 3.0, "min_child_weight": 4391.519620968037, "num_boost_round": 21.0, "subsample": 0.7701227302922297}, "datetime": {"datetime": "2024-01-20 15:02:11", "elapsed": 2289.182944, "delta": 0.003078}}
{"target": -15.158075328575563, "params": {"colsample_bytree": 0.6423277481337497, "eta": 0.09701230178811787, "gamma": 406.28088781922236, "max_depth": 3.0, "min_child_weight": 4391.519620968037, "num_boost_round": 22.0, "subsample": 0.7701227302922297}, "datetime": {"datetime": "2024-01-20 15:02:11", "elapsed": 2289.186018, "delta": 0.003074}}
{"target": -15.15868564360333, "params": {"colsample_bytree": 0.6423277481337497, "eta": 0.09701230178811787, "gamma": 406.28088781922236, "max_depth": 3.0, "min_child_weight": 4391.519620968037, "num_boost_round": 23.0, "subsample": 0.7701227302922297}, "datetime": {"datetime": "2024-01-20 15:02:11", "elapsed": 2289.189143, "delta": 0.003125}}
{"target": -15.159069039873687, "params": {"colsample_bytree": 0.6423277481337497, "eta": 0.09701230178811787, "gamma": 406.28088781922236, "max_depth": 3.0, "min_child_weight": 4391.519620968037, "num_boost_round": 24.0, "subsample": 0.7701227302922297}, "datetime": {"datetime": "2024-01-20 15:02:11", "elapsed": 2289.192227, "delta": 0.003084}}
{"target": -15.159059370571839, "params": {"colsample_bytree": 0.6423277481337497, "eta": 0.09701230178811787, "gamma": 406.28088781922236, "max_depth": 3.0, "min_child_weight": 4391.519620968037, "num_boost_round": 25.0, "subsample": 0.7701227302922297}, "datetime": {"datetime": "2024-01-20 15:02:11", "elapsed": 2289.195345, "delta": 0.003118}}
{"target": -15.159416346215515, "params": {"colsample_bytree": 0.6423277481337497, "eta": 0.09701230178811787, "gamma": 406.28088781922236, "max_depth": 3.0, "min_child_weight": 4391.519620968037, "num_boost_round": 26.0, "subsample": 0.7701227302922297}, "datetime": {"datetime": "2024-01-20 15:02:11", "elapsed": 2289.198426, "delta": 0.003081}}
{"target": -15.159328184275218, "params": {"colsample_bytree": 0.6423277481337497, "eta": 0.09701230178811787, "gamma": 406.28088781922236, "max_depth": 3.0, "min_child_weight": 4391.519620968037, "num_boost_round": 27.0, "subsample": 0.7701227302922297}, "datetime": {"datetime": "2024-01-20 15:02:11", "elapsed": 2289.201488, "delta": 0.003062}}
{"target": -15.158947829765694, "params": {"colsample_bytree": 0.6423277481337497, "eta": 0.09701230178811787, "gamma": 406.28088781922236, "max_depth": 3.0, "min_child_weight": 4391.519620968037, "num_boost_round": 28.0, "subsample": 0.7701227302922297}, "datetime": {"datetime": "2024-01-20 15:02:11", "elapsed": 2289.204646, "delta": 0.003158}}
{"target": -15.158746559525078, "params": {"colsample_bytree": 0.6423277481337497, "eta": 0.09701230178811787, "gamma": 406.28088781922236, "max_depth": 3.0, "min_child_weight": 4391.519620968037, "num_boost_round": 29.0, "subsample": 0.7701227302922297}, "datetime": {"datetime": "2024-01-20 15:02:11", "elapsed": 2289.207736, "delta": 0.00309}}
{"target": -15.159676937129468, "params": {"colsample_bytree": 0.6423277481337497, "eta": 0.09701230178811787, "gamma": 406.28088781922236, "max_depth": 3.0, "min_child_weight": 4391.519620968037, "num_boost_round": 30.0, "subsample": 0.7701227302922297}, "datetime": {"datetime": "2024-01-20 15:02:11", "elapsed": 2289.210805, "delta": 0.003069}}
{"target": -15.161084496550087, "params": {"colsample_bytree": 0.6423277481337497, "eta": 0.09701230178811787, "gamma": 406.28088781922236, "max_depth": 3.0, "min_child_weight": 4391.519620968037, "num_boost_round": 31.0, "subsample": 0.7701227302922297}, "datetime": {"datetime": "2024-01-20 15:02:11", "elapsed": 2289.213911, "delta": 0.003106}}
{"target": -15.160932140140474, "params": {"colsample_bytree": 0.6423277481337497, "eta": 0.09701230178811787, "gamma": 406.28088781922236, "max_depth": 3.0, "min_child_weight": 4391.519620968037, "num_boost_round": 32.0, "subsample": 0.7701227302922297}, "datetime": {"datetime": "2024-01-20 15:02:11", "elapsed": 2289.217021, "delta": 0.00311}}
{"target": -15.160882646107993, "params": {"colsample_bytree": 0.6423277481337497, "eta": 0.09701230178811787, "gamma": 406.28088781922236, "max_depth": 3.0, "min_child_weight": 4391.519620968037, "num_boost_round": 33.0, "subsample": 0.7701227302922297}, "datetime": {"datetime": "2024-01-20 15:02:11", "elapsed": 2289.2201, "delta": 0.003079}}
{"target": -15.161503963999568, "params": {"colsample_bytree": 0.6423277481337497, "eta": 0.09701230178811787, "gamma": 406.28088781922236, "max_depth": 3.0, "min_child_weight": 4391.519620968037, "num_boost_round": 34.0, "subsample": 0.7701227302922297}, "datetime": {"datetime": "2024-01-20 15:02:11", "elapsed": 2289.2232, "delta": 0.0031}}
{"target": -15.160960716740183, "params": {"colsample_bytree": 0.6423277481337497, "eta": 0.09701230178811787, "gamma": 406.28088781922236, "max_depth": 3.0, "min_child_weight": 4391.519620968037, "num_boost_round": 35.0, "subsample": 0.7701227302922297}, "datetime": {"datetime": "2024-01-20 15:02:11", "elapsed": 2289.226359, "delta": 0.003159}}
{"target": -15.161175034207268, "params": {"colsample_bytree": 0.6423277481337497, "eta": 0.09701230178811787, "gamma": 406.28088781922236, "max_depth": 3.0, "min_child_weight": 4391.519620968037, "num_boost_round": 36.0, "subsample": 0.7701227302922297}, "datetime": {"datetime": "2024-01-20 15:02:11", "elapsed": 2289.229458, "delta": 0.003099}}
{"target": -15.16162966021129, "params": {"colsample_bytree": 0.6423277481337497, "eta": 0.09701230178811787, "gamma": 406.28088781922236, "max_depth": 3.0, "min_child_weight": 4391.519620968037, "num_boost_round": 37.0, "subsample": 0.7701227302922297}, "datetime": {"datetime": "2024-01-20 15:02:11", "elapsed": 2289.233223, "delta": 0.003765}}
{"target": -15.161454891728292, "params": {"colsample_bytree": 0.6423277481337497, "eta": 0.09701230178811787, "gamma": 406.28088781922236, "max_depth": 3.0, "min_child_weight": 4391.519620968037, "num_boost_round": 38.0, "subsample": 0.7701227302922297}, "datetime": {"datetime": "2024-01-20 15:02:11", "elapsed": 2289.2367, "delta": 0.003477}}
{"target": -15.161381411602115, "params": {"colsample_bytree": 0.6423277481337497, "eta": 0.09701230178811787, "gamma": 406.28088781922236, "max_depth": 3.0, "min_child_weight": 4391.519620968037, "num_boost_round": 39.0, "subsample": 0.7701227302922297}, "datetime": {"datetime": "2024-01-20 15:02:11", "elapsed": 2289.239899, "delta": 0.003199}}
{"target": -15.161363241199757, "params": {"colsample_bytree": 0.6423277481337497, "eta": 0.09701230178811787, "gamma": 406.28088781922236, "max_depth": 3.0, "min_child_weight": 4391.519620968037, "num_boost_round": 40.0, "subsample": 0.7701227302922297}, "datetime": {"datetime": "2024-01-20 15:02:11", "elapsed": 2289.243156, "delta": 0.003257}}
{"target": -15.162741203930802, "params": {"colsample_bytree": 0.6423277481337497, "eta": 0.09701230178811787, "gamma": 406.28088781922236, "max_depth": 3.0, "min_child_weight": 4391.519620968037, "num_boost_round": 41.0, "subsample": 0.7701227302922297}, "datetime": {"datetime": "2024-01-20 15:02:11", "elapsed": 2289.246308, "delta": 0.003152}}
{"target": -15.16316197742541, "params": {"colsample_bytree": 0.6423277481337497, "eta": 0.09701230178811787, "gamma": 406.28088781922236, "max_depth": 3.0, "min_child_weight": 4391.519620968037, "num_boost_round": 42.0, "subsample": 0.7701227302922297}, "datetime": {"datetime": "2024-01-20 15:02:11", "elapsed": 2289.249368, "delta": 0.00306}}
