{"target": -13.496016734453246, "params": {"colsample_bytree": 0.4254622101194847, "eta": 0.0718467115871464, "gamma": 356.9594516853528, "max_depth": 9.0, "min_child_weight": 3815.388088383088, "num_boost_round": 10.0, "subsample": 0.39673090186138693}, "datetime": {"datetime": "2024-01-20 16:45:36", "elapsed": 8490.355654, "delta": 0.006791}}
{"target": -13.49610195650883, "params": {"colsample_bytree": 0.4254622101194847, "eta": 0.0718467115871464, "gamma": 356.9594516853528, "max_depth": 9.0, "min_child_weight": 3815.388088383088, "num_boost_round": 11.0, "subsample": 0.39673090186138693}, "datetime": {"datetime": "2024-01-20 16:45:36", "elapsed": 8490.362256, "delta": 0.006602}}
{"target": -13.496479947571611, "params": {"colsample_bytree": 0.4254622101194847, "eta": 0.0718467115871464, "gamma": 356.9594516853528, "max_depth": 9.0, "min_child_weight": 3815.388088383088, "num_boost_round": 12.0, "subsample": 0.39673090186138693}, "datetime": {"datetime": "2024-01-20 16:45:36", "elapsed": 8490.368807, "delta": 0.006551}}
{"target": -13.496154408864681, "params": {"colsample_bytree": 0.4254622101194847, "eta": 0.0718467115871464, "gamma": 356.9594516853528, "max_depth": 9.0, "min_child_weight": 3815.388088383088, "num_boost_round": 13.0, "subsample": 0.39673090186138693}, "datetime": {"datetime": "2024-01-20 16:45:36", "elapsed": 8490.375988, "delta": 0.007181}}
{"target": -13.49613321160585, "params": {"colsample_bytree": 0.4254622101194847, "eta": 0.0718467115871464, "gamma": 356.9594516853528, "max_depth": 9.0, "min_child_weight": 3815.388088383088, "num_boost_round": 14.0, "subsample": 0.39673090186138693}, "datetime": {"datetime": "2024-01-20 16:45:37", "elapsed": 8490.696412, "delta": 0.320424}}
{"target": -13.496129094534359, "params": {"colsample_bytree": 0.4254622101194847, "eta": 0.0718467115871464, "gamma": 356.9594516853528, "max_depth": 9.0, "min_child_weight": 3815.388088383088, "num_boost_round": 15.0, "subsample": 0.39673090186138693}, "datetime": {"datetime": "2024-01-20 16:45:37", "elapsed": 8490.704297, "delta": 0.007885}}
{"target": -13.49636450632625, "params": {"colsample_bytree": 0.4254622101194847, "eta": 0.0718467115871464, "gamma": 356.9594516853528, "max_depth": 9.0, "min_child_weight": 3815.388088383088, "num_boost_round": 16.0, "subsample": 0.39673090186138693}, "datetime": {"datetime": "2024-01-20 16:45:37", "elapsed": 8490.711142, "delta": 0.006845}}
{"target": -13.496774462760655, "params": {"colsample_bytree": 0.4254622101194847, "eta": 0.0718467115871464, "gamma": 356.9594516853528, "max_depth": 9.0, "min_child_weight": 3815.388088383088, "num_boost_round": 17.0, "subsample": 0.39673090186138693}, "datetime": {"datetime": "2024-01-20 16:45:37", "elapsed": 8490.717993, "delta": 0.006851}}
{"target": -13.496774087043413, "params": {"colsample_bytree": 0.4254622101194847, "eta": 0.0718467115871464, "gamma": 356.9594516853528, "max_depth": 9.0, "min_child_weight": 3815.388088383088, "num_boost_round": 18.0, "subsample": 0.39673090186138693}, "datetime": {"datetime": "2024-01-20 16:45:37", "elapsed": 8490.724756, "delta": 0.006763}}
{"target": -13.497199303436986, "params": {"colsample_bytree": 0.4254622101194847, "eta": 0.0718467115871464, "gamma": 356.9594516853528, "max_depth": 9.0, "min_child_weight": 3815.388088383088, "num_boost_round": 19.0, "subsample": 0.39673090186138693}, "datetime": {"datetime": "2024-01-20 16:45:37", "elapsed": 8490.732019, "delta": 0.007263}}
{"target": -13.497555862866653, "params": {"colsample_bytree": 0.4254622101194847, "eta": 0.0718467115871464, "gamma": 356.9594516853528, "max_depth": 9.0, "min_child_weight": 3815.388088383088, "num_boost_round": 20.0, "subsample": 0.39673090186138693}, "datetime": {"datetime": "2024-01-20 16:45:37", "elapsed": 8490.739155, "delta": 0.007136}}
{"target": -13.497864994545356, "params": {"colsample_bytree": 0.4254622101194847, "eta": 0.0718467115871464, "gamma": 356.9594516853528, "max_depth": 9.0, "min_child_weight": 3815.388088383088, "num_boost_round": 21.0, "subsample": 0.39673090186138693}, "datetime": {"datetime": "2024-01-20 16:45:37", "elapsed": 8490.74605, "delta": 0.006895}}
{"target": -13.498049569299255, "params": {"colsample_bytree": 0.4254622101194847, "eta": 0.0718467115871464, "gamma": 356.9594516853528, "max_depth": 9.0, "min_child_weight": 3815.388088383088, "num_boost_round": 22.0, "subsample": 0.39673090186138693}, "datetime": {"datetime": "2024-01-20 16:45:37", "elapsed": 8490.752834, "delta": 0.006784}}
{"target": -13.498642828747268, "params": {"colsample_bytree": 0.4254622101194847, "eta": 0.0718467115871464, "gamma": 356.9594516853528, "max_depth": 9.0, "min_child_weight": 3815.388088383088, "num_boost_round": 23.0, "subsample": 0.39673090186138693}, "datetime": {"datetime": "2024-01-20 16:45:37", "elapsed": 8490.759596, "delta": 0.006762}}
{"target": -13.49887649204316, "params": {"colsample_bytree": 0.4254622101194847, "eta": 0.0718467115871464, "gamma": 356.9594516853528, "max_depth": 9.0, "min_child_weight": 3815.388088383088, "num_boost_round": 24.0, "subsample": 0.39673090186138693}, "datetime": {"datetime": "2024-01-20 16:45:37", "elapsed": 8490.766338, "delta": 0.006742}}
{"target": -13.498836379274188, "params": {"colsample_bytree": 0.4254622101194847, "eta": 0.0718467115871464, "gamma": 356.9594516853528, "max_depth": 9.0, "min_child_weight": 3815.388088383088, "num_boost_round": 25.0, "subsample": 0.39673090186138693}, "datetime": {"datetime": "2024-01-20 16:45:37", "elapsed": 8490.773601, "delta": 0.007263}}
{"target": -13.498920524141347, "params": {"colsample_bytree": 0.4254622101194847, "eta": 0.0718467115871464, "gamma": 356.9594516853528, "max_depth": 9.0, "min_child_weight": 3815.388088383088, "num_boost_round": 26.0, "subsample": 0.39673090186138693}, "datetime": {"datetime": "2024-01-20 16:45:37", "elapsed": 8490.780687, "delta": 0.007086}}
{"target": -13.499365244730104, "params": {"colsample_bytree": 0.4254622101194847, "eta": 0.0718467115871464, "gamma": 356.9594516853528, "max_depth": 9.0, "min_child_weight": 3815.388088383088, "num_boost_round": 27.0, "subsample": 0.39673090186138693}, "datetime": {"datetime": "2024-01-20 16:45:37", "elapsed": 8490.787552, "delta": 0.006865}}
{"target": -13.499245727056348, "params": {"colsample_bytree": 0.4254622101194847, "eta": 0.0718467115871464, "gamma": 356.9594516853528, "max_depth": 9.0, "min_child_weight": 3815.388088383088, "num_boost_round": 28.0, "subsample": 0.39673090186138693}, "datetime": {"datetime": "2024-01-20 16:45:37", "elapsed": 8490.794291, "delta": 0.006739}}
{"target": -13.499751217399167, "params": {"colsample_bytree": 0.4254622101194847, "eta": 0.0718467115871464, "gamma": 356.9594516853528, "max_depth": 9.0, "min_child_weight": 3815.388088383088, "num_boost_round": 29.0, "subsample": 0.39673090186138693}, "datetime": {"datetime": "2024-01-20 16:45:37", "elapsed": 8490.801117, "delta": 0.006826}}
{"target": -13.499985171564965, "params": {"colsample_bytree": 0.4254622101194847, "eta": 0.0718467115871464, "gamma": 356.9594516853528, "max_depth": 9.0, "min_child_weight": 3815.388088383088, "num_boost_round": 30.0, "subsample": 0.39673090186138693}, "datetime": {"datetime": "2024-01-20 16:45:37", "elapsed": 8490.807912, "delta": 0.006795}}
{"target": -13.5000037870176, "params": {"colsample_bytree": 0.4254622101194847, "eta": 0.0718467115871464, "gamma": 356.9594516853528, "max_depth": 9.0, "min_child_weight": 3815.388088383088, "num_boost_round": 31.0, "subsample": 0.39673090186138693}, "datetime": {"datetime": "2024-01-20 16:45:37", "elapsed": 8490.816087, "delta": 0.008175}}
{"target": -13.500123134769535, "params": {"colsample_bytree": 0.4254622101194847, "eta": 0.0718467115871464, "gamma": 356.9594516853528, "max_depth": 9.0, "min_child_weight": 3815.388088383088, "num_boost_round": 32.0, "subsample": 0.39673090186138693}, "datetime": {"datetime": "2024-01-20 16:45:37", "elapsed": 8490.823246, "delta": 0.007159}}
{"target": -13.500350186726452, "params": {"colsample_bytree": 0.4254622101194847, "eta": 0.0718467115871464, "gamma": 356.9594516853528, "max_depth": 9.0, "min_child_weight": 3815.388088383088, "num_boost_round": 33.0, "subsample": 0.39673090186138693}, "datetime": {"datetime": "2024-01-20 16:45:37", "elapsed": 8490.830385, "delta": 0.007139}}
{"target": -13.50046001698761, "params": {"colsample_bytree": 0.4254622101194847, "eta": 0.0718467115871464, "gamma": 356.9594516853528, "max_depth": 9.0, "min_child_weight": 3815.388088383088, "num_boost_round": 34.0, "subsample": 0.39673090186138693}, "datetime": {"datetime": "2024-01-20 16:45:37", "elapsed": 8490.83728, "delta": 0.006895}}
{"target": -13.50043124053996, "params": {"colsample_bytree": 0.4254622101194847, "eta": 0.0718467115871464, "gamma": 356.9594516853528, "max_depth": 9.0, "min_child_weight": 3815.388088383088, "num_boost_round": 35.0, "subsample": 0.39673090186138693}, "datetime": {"datetime": "2024-01-20 16:45:37", "elapsed": 8490.844047, "delta": 0.006767}}
{"target": -13.500488523734763, "params": {"colsample_bytree": 0.4254622101194847, "eta": 0.0718467115871464, "gamma": 356.9594516853528, "max_depth": 9.0, "min_child_weight": 3815.388088383088, "num_boost_round": 36.0, "subsample": 0.39673090186138693}, "datetime": {"datetime": "2024-01-20 16:45:37", "elapsed": 8490.850808, "delta": 0.006761}}
{"target": -13.500407474814562, "params": {"colsample_bytree": 0.4254622101194847, "eta": 0.0718467115871464, "gamma": 356.9594516853528, "max_depth": 9.0, "min_child_weight": 3815.388088383088, "num_boost_round": 37.0, "subsample": 0.39673090186138693}, "datetime": {"datetime": "2024-01-20 16:45:37", "elapsed": 8490.858043, "delta": 0.007235}}
{"target": -13.500472256193639, "params": {"colsample_bytree": 0.4254622101194847, "eta": 0.0718467115871464, "gamma": 356.9594516853528, "max_depth": 9.0, "min_child_weight": 3815.388088383088, "num_boost_round": 38.0, "subsample": 0.39673090186138693}, "datetime": {"datetime": "2024-01-20 16:45:37", "elapsed": 8490.865114, "delta": 0.007071}}
{"target": -13.500698956746024, "params": {"colsample_bytree": 0.4254622101194847, "eta": 0.0718467115871464, "gamma": 356.9594516853528, "max_depth": 9.0, "min_child_weight": 3815.388088383088, "num_boost_round": 39.0, "subsample": 0.39673090186138693}, "datetime": {"datetime": "2024-01-20 16:45:37", "elapsed": 8490.871993, "delta": 0.006879}}
{"target": -13.500829811468241, "params": {"colsample_bytree": 0.4254622101194847, "eta": 0.0718467115871464, "gamma": 356.9594516853528, "max_depth": 9.0, "min_child_weight": 3815.388088383088, "num_boost_round": 40.0, "subsample": 0.39673090186138693}, "datetime": {"datetime": "2024-01-20 16:45:37", "elapsed": 8490.878849, "delta": 0.006856}}
{"target": -13.500680066403373, "params": {"colsample_bytree": 0.4254622101194847, "eta": 0.0718467115871464, "gamma": 356.9594516853528, "max_depth": 9.0, "min_child_weight": 3815.388088383088, "num_boost_round": 41.0, "subsample": 0.39673090186138693}, "datetime": {"datetime": "2024-01-20 16:45:37", "elapsed": 8490.885662, "delta": 0.006813}}
{"target": -13.500874663392787, "params": {"colsample_bytree": 0.4254622101194847, "eta": 0.0718467115871464, "gamma": 356.9594516853528, "max_depth": 9.0, "min_child_weight": 3815.388088383088, "num_boost_round": 42.0, "subsample": 0.39673090186138693}, "datetime": {"datetime": "2024-01-20 16:45:37", "elapsed": 8490.892506, "delta": 0.006844}}
{"target": -13.501049173573948, "params": {"colsample_bytree": 0.4254622101194847, "eta": 0.0718467115871464, "gamma": 356.9594516853528, "max_depth": 9.0, "min_child_weight": 3815.388088383088, "num_boost_round": 43.0, "subsample": 0.39673090186138693}, "datetime": {"datetime": "2024-01-20 16:45:37", "elapsed": 8490.899633, "delta": 0.007127}}
{"target": -13.5011436381064, "params": {"colsample_bytree": 0.4254622101194847, "eta": 0.0718467115871464, "gamma": 356.9594516853528, "max_depth": 9.0, "min_child_weight": 3815.388088383088, "num_boost_round": 44.0, "subsample": 0.39673090186138693}, "datetime": {"datetime": "2024-01-20 16:45:37", "elapsed": 8490.90663, "delta": 0.006997}}
{"target": -13.501476491739034, "params": {"colsample_bytree": 0.4254622101194847, "eta": 0.0718467115871464, "gamma": 356.9594516853528, "max_depth": 9.0, "min_child_weight": 3815.388088383088, "num_boost_round": 45.0, "subsample": 0.39673090186138693}, "datetime": {"datetime": "2024-01-20 16:45:37", "elapsed": 8490.913474, "delta": 0.006844}}
{"target": -13.501450131888546, "params": {"colsample_bytree": 0.4254622101194847, "eta": 0.0718467115871464, "gamma": 356.9594516853528, "max_depth": 9.0, "min_child_weight": 3815.388088383088, "num_boost_round": 46.0, "subsample": 0.39673090186138693}, "datetime": {"datetime": "2024-01-20 16:45:37", "elapsed": 8490.920266, "delta": 0.006792}}
{"target": -13.501666042834804, "params": {"colsample_bytree": 0.4254622101194847, "eta": 0.0718467115871464, "gamma": 356.9594516853528, "max_depth": 9.0, "min_child_weight": 3815.388088383088, "num_boost_round": 47.0, "subsample": 0.39673090186138693}, "datetime": {"datetime": "2024-01-20 16:45:37", "elapsed": 8490.927095, "delta": 0.006829}}
{"target": -13.501770510953047, "params": {"colsample_bytree": 0.4254622101194847, "eta": 0.0718467115871464, "gamma": 356.9594516853528, "max_depth": 9.0, "min_child_weight": 3815.388088383088, "num_boost_round": 48.0, "subsample": 0.39673090186138693}, "datetime": {"datetime": "2024-01-20 16:45:37", "elapsed": 8490.933939, "delta": 0.006844}}
{"target": -13.502050064665836, "params": {"colsample_bytree": 0.4254622101194847, "eta": 0.0718467115871464, "gamma": 356.9594516853528, "max_depth": 9.0, "min_child_weight": 3815.388088383088, "num_boost_round": 49.0, "subsample": 0.39673090186138693}, "datetime": {"datetime": "2024-01-20 16:45:37", "elapsed": 8490.941107, "delta": 0.007168}}
{"target": -13.502320326137392, "params": {"colsample_bytree": 0.4254622101194847, "eta": 0.0718467115871464, "gamma": 356.9594516853528, "max_depth": 9.0, "min_child_weight": 3815.388088383088, "num_boost_round": 50.0, "subsample": 0.39673090186138693}, "datetime": {"datetime": "2024-01-20 16:45:37", "elapsed": 8490.95298, "delta": 0.011873}}
{"target": -13.502588642618697, "params": {"colsample_bytree": 0.4254622101194847, "eta": 0.0718467115871464, "gamma": 356.9594516853528, "max_depth": 9.0, "min_child_weight": 3815.388088383088, "num_boost_round": 51.0, "subsample": 0.39673090186138693}, "datetime": {"datetime": "2024-01-20 16:45:37", "elapsed": 8490.963801, "delta": 0.010821}}
{"target": -13.502773125310494, "params": {"colsample_bytree": 0.4254622101194847, "eta": 0.0718467115871464, "gamma": 356.9594516853528, "max_depth": 9.0, "min_child_weight": 3815.388088383088, "num_boost_round": 52.0, "subsample": 0.39673090186138693}, "datetime": {"datetime": "2024-01-20 16:45:37", "elapsed": 8490.971728, "delta": 0.007927}}
{"target": -13.502862937254676, "params": {"colsample_bytree": 0.4254622101194847, "eta": 0.0718467115871464, "gamma": 356.9594516853528, "max_depth": 9.0, "min_child_weight": 3815.388088383088, "num_boost_round": 53.0, "subsample": 0.39673090186138693}, "datetime": {"datetime": "2024-01-20 16:45:37", "elapsed": 8490.978605, "delta": 0.006877}}
{"target": -13.502933235645056, "params": {"colsample_bytree": 0.4254622101194847, "eta": 0.0718467115871464, "gamma": 356.9594516853528, "max_depth": 9.0, "min_child_weight": 3815.388088383088, "num_boost_round": 54.0, "subsample": 0.39673090186138693}, "datetime": {"datetime": "2024-01-20 16:45:37", "elapsed": 8490.985349, "delta": 0.006744}}
{"target": -13.502986892762491, "params": {"colsample_bytree": 0.4254622101194847, "eta": 0.0718467115871464, "gamma": 356.9594516853528, "max_depth": 9.0, "min_child_weight": 3815.388088383088, "num_boost_round": 55.0, "subsample": 0.39673090186138693}, "datetime": {"datetime": "2024-01-20 16:45:37", "elapsed": 8490.992521, "delta": 0.007172}}
{"target": -13.497522993821498, "params": {"colsample_bytree": 0.7684465055913628, "eta": 0.03681552389900179, "gamma": 278.15537732404437, "max_depth": 8.0, "min_child_weight": 3803.358121901516, "num_boost_round": 1.0, "subsample": 0.8259607805448363}, "datetime": {"datetime": "2024-01-20 16:48:36", "elapsed": 8670.192069, "delta": 179.199548}}
{"target": -13.497392496187537, "params": {"colsample_bytree": 0.7684465055913628, "eta": 0.03681552389900179, "gamma": 278.15537732404437, "max_depth": 8.0, "min_child_weight": 3803.358121901516, "num_boost_round": 2.0, "subsample": 0.8259607805448363}, "datetime": {"datetime": "2024-01-20 16:48:36", "elapsed": 8670.20067, "delta": 0.008601}}
{"target": -13.4975534272717, "params": {"colsample_bytree": 0.7684465055913628, "eta": 0.03681552389900179, "gamma": 278.15537732404437, "max_depth": 8.0, "min_child_weight": 3803.358121901516, "num_boost_round": 3.0, "subsample": 0.8259607805448363}, "datetime": {"datetime": "2024-01-20 16:48:36", "elapsed": 8670.207358, "delta": 0.006688}}
{"target": -13.497535364784682, "params": {"colsample_bytree": 0.7684465055913628, "eta": 0.03681552389900179, "gamma": 278.15537732404437, "max_depth": 8.0, "min_child_weight": 3803.358121901516, "num_boost_round": 4.0, "subsample": 0.8259607805448363}, "datetime": {"datetime": "2024-01-20 16:48:36", "elapsed": 8670.214191, "delta": 0.006833}}
{"target": -13.497455215121352, "params": {"colsample_bytree": 0.7684465055913628, "eta": 0.03681552389900179, "gamma": 278.15537732404437, "max_depth": 8.0, "min_child_weight": 3803.358121901516, "num_boost_round": 5.0, "subsample": 0.8259607805448363}, "datetime": {"datetime": "2024-01-20 16:48:36", "elapsed": 8670.220888, "delta": 0.006697}}
{"target": -13.49755835901695, "params": {"colsample_bytree": 0.7684465055913628, "eta": 0.03681552389900179, "gamma": 278.15537732404437, "max_depth": 8.0, "min_child_weight": 3803.358121901516, "num_boost_round": 6.0, "subsample": 0.8259607805448363}, "datetime": {"datetime": "2024-01-20 16:48:36", "elapsed": 8670.22761, "delta": 0.006722}}
{"target": -13.497858424978592, "params": {"colsample_bytree": 0.7684465055913628, "eta": 0.03681552389900179, "gamma": 278.15537732404437, "max_depth": 8.0, "min_child_weight": 3803.358121901516, "num_boost_round": 7.0, "subsample": 0.8259607805448363}, "datetime": {"datetime": "2024-01-20 16:48:36", "elapsed": 8670.234957, "delta": 0.007347}}
{"target": -13.49786518053066, "params": {"colsample_bytree": 0.7684465055913628, "eta": 0.03681552389900179, "gamma": 278.15537732404437, "max_depth": 8.0, "min_child_weight": 3803.358121901516, "num_boost_round": 8.0, "subsample": 0.8259607805448363}, "datetime": {"datetime": "2024-01-20 16:48:36", "elapsed": 8670.241995, "delta": 0.007038}}
{"target": -13.498204619454796, "params": {"colsample_bytree": 0.7684465055913628, "eta": 0.03681552389900179, "gamma": 278.15537732404437, "max_depth": 8.0, "min_child_weight": 3803.358121901516, "num_boost_round": 9.0, "subsample": 0.8259607805448363}, "datetime": {"datetime": "2024-01-20 16:48:36", "elapsed": 8670.248753, "delta": 0.006758}}
{"target": -13.498282833206197, "params": {"colsample_bytree": 0.7684465055913628, "eta": 0.03681552389900179, "gamma": 278.15537732404437, "max_depth": 8.0, "min_child_weight": 3803.358121901516, "num_boost_round": 10.0, "subsample": 0.8259607805448363}, "datetime": {"datetime": "2024-01-20 16:48:36", "elapsed": 8670.255511, "delta": 0.006758}}
{"target": -13.498678726563439, "params": {"colsample_bytree": 0.7684465055913628, "eta": 0.03681552389900179, "gamma": 278.15537732404437, "max_depth": 8.0, "min_child_weight": 3803.358121901516, "num_boost_round": 11.0, "subsample": 0.8259607805448363}, "datetime": {"datetime": "2024-01-20 16:48:36", "elapsed": 8670.262173, "delta": 0.006662}}
{"target": -13.499069279661459, "params": {"colsample_bytree": 0.7684465055913628, "eta": 0.03681552389900179, "gamma": 278.15537732404437, "max_depth": 8.0, "min_child_weight": 3803.358121901516, "num_boost_round": 12.0, "subsample": 0.8259607805448363}, "datetime": {"datetime": "2024-01-20 16:48:36", "elapsed": 8670.26917, "delta": 0.006997}}
{"target": -13.499276762776882, "params": {"colsample_bytree": 0.7684465055913628, "eta": 0.03681552389900179, "gamma": 278.15537732404437, "max_depth": 8.0, "min_child_weight": 3803.358121901516, "num_boost_round": 13.0, "subsample": 0.8259607805448363}, "datetime": {"datetime": "2024-01-20 16:48:36", "elapsed": 8670.276168, "delta": 0.006998}}
{"target": -13.499304926855665, "params": {"colsample_bytree": 0.7684465055913628, "eta": 0.03681552389900179, "gamma": 278.15537732404437, "max_depth": 8.0, "min_child_weight": 3803.358121901516, "num_boost_round": 14.0, "subsample": 0.8259607805448363}, "datetime": {"datetime": "2024-01-20 16:48:36", "elapsed": 8670.282907, "delta": 0.006739}}
{"target": -13.499378532277976, "params": {"colsample_bytree": 0.7684465055913628, "eta": 0.03681552389900179, "gamma": 278.15537732404437, "max_depth": 8.0, "min_child_weight": 3803.358121901516, "num_boost_round": 15.0, "subsample": 0.8259607805448363}, "datetime": {"datetime": "2024-01-20 16:48:36", "elapsed": 8670.289717, "delta": 0.00681}}
{"target": -13.49973587779482, "params": {"colsample_bytree": 0.7684465055913628, "eta": 0.03681552389900179, "gamma": 278.15537732404437, "max_depth": 8.0, "min_child_weight": 3803.358121901516, "num_boost_round": 16.0, "subsample": 0.8259607805448363}, "datetime": {"datetime": "2024-01-20 16:48:36", "elapsed": 8670.296441, "delta": 0.006724}}
{"target": -13.500170101003581, "params": {"colsample_bytree": 0.7684465055913628, "eta": 0.03681552389900179, "gamma": 278.15537732404437, "max_depth": 8.0, "min_child_weight": 3803.358121901516, "num_boost_round": 17.0, "subsample": 0.8259607805448363}, "datetime": {"datetime": "2024-01-20 16:48:36", "elapsed": 8670.307714, "delta": 0.011273}}
