{"target": -12.365499917558651, "params": {"colsample_bytree": 0.9922278742289775, "eta": 0.08062541851476623, "gamma": 617.3715968733522, "max_depth": 8.0, "min_child_weight": 4107.002980248352, "num_boost_round": 41.0, "subsample": 0.6738056348368356}, "datetime": {"datetime": "2024-01-20 15:27:10", "elapsed": 3797.015359, "delta": 0.004484}}
{"target": -12.365702033103387, "params": {"colsample_bytree": 0.9922278742289775, "eta": 0.08062541851476623, "gamma": 617.3715968733522, "max_depth": 8.0, "min_child_weight": 4107.002980248352, "num_boost_round": 42.0, "subsample": 0.6738056348368356}, "datetime": {"datetime": "2024-01-20 15:27:10", "elapsed": 3797.019836, "delta": 0.004477}}
{"target": -12.365670081325751, "params": {"colsample_bytree": 0.9922278742289775, "eta": 0.08062541851476623, "gamma": 617.3715968733522, "max_depth": 8.0, "min_child_weight": 4107.002980248352, "num_boost_round": 43.0, "subsample": 0.6738056348368356}, "datetime": {"datetime": "2024-01-20 15:27:10", "elapsed": 3797.024494, "delta": 0.004658}}
{"target": -12.366104572401898, "params": {"colsample_bytree": 0.9922278742289775, "eta": 0.08062541851476623, "gamma": 617.3715968733522, "max_depth": 8.0, "min_child_weight": 4107.002980248352, "num_boost_round": 44.0, "subsample": 0.6738056348368356}, "datetime": {"datetime": "2024-01-20 15:27:10", "elapsed": 3797.028988, "delta": 0.004494}}
{"target": -12.366805701714863, "params": {"colsample_bytree": 0.9922278742289775, "eta": 0.08062541851476623, "gamma": 617.3715968733522, "max_depth": 8.0, "min_child_weight": 4107.002980248352, "num_boost_round": 45.0, "subsample": 0.6738056348368356}, "datetime": {"datetime": "2024-01-20 15:27:10", "elapsed": 3797.033517, "delta": 0.004529}}
{"target": -12.367057285189958, "params": {"colsample_bytree": 0.9922278742289775, "eta": 0.08062541851476623, "gamma": 617.3715968733522, "max_depth": 8.0, "min_child_weight": 4107.002980248352, "num_boost_round": 46.0, "subsample": 0.6738056348368356}, "datetime": {"datetime": "2024-01-20 15:27:10", "elapsed": 3797.038023, "delta": 0.004506}}
{"target": -12.36756026213037, "params": {"colsample_bytree": 0.9922278742289775, "eta": 0.08062541851476623, "gamma": 617.3715968733522, "max_depth": 8.0, "min_child_weight": 4107.002980248352, "num_boost_round": 47.0, "subsample": 0.6738056348368356}, "datetime": {"datetime": "2024-01-20 15:27:10", "elapsed": 3797.042711, "delta": 0.004688}}
{"target": -12.367894380613713, "params": {"colsample_bytree": 0.9922278742289775, "eta": 0.08062541851476623, "gamma": 617.3715968733522, "max_depth": 8.0, "min_child_weight": 4107.002980248352, "num_boost_round": 48.0, "subsample": 0.6738056348368356}, "datetime": {"datetime": "2024-01-20 15:27:10", "elapsed": 3797.047186, "delta": 0.004475}}
{"target": -12.3677602298974, "params": {"colsample_bytree": 0.9922278742289775, "eta": 0.08062541851476623, "gamma": 617.3715968733522, "max_depth": 8.0, "min_child_weight": 4107.002980248352, "num_boost_round": 49.0, "subsample": 0.6738056348368356}, "datetime": {"datetime": "2024-01-20 15:27:10", "elapsed": 3797.051706, "delta": 0.00452}}
{"target": -12.367775978682975, "params": {"colsample_bytree": 0.9922278742289775, "eta": 0.08062541851476623, "gamma": 617.3715968733522, "max_depth": 8.0, "min_child_weight": 4107.002980248352, "num_boost_round": 50.0, "subsample": 0.6738056348368356}, "datetime": {"datetime": "2024-01-20 15:27:10", "elapsed": 3797.056219, "delta": 0.004513}}
{"target": -12.368108537639852, "params": {"colsample_bytree": 0.9922278742289775, "eta": 0.08062541851476623, "gamma": 617.3715968733522, "max_depth": 8.0, "min_child_weight": 4107.002980248352, "num_boost_round": 51.0, "subsample": 0.6738056348368356}, "datetime": {"datetime": "2024-01-20 15:27:10", "elapsed": 3797.060975, "delta": 0.004756}}
{"target": -12.368242591741183, "params": {"colsample_bytree": 0.9922278742289775, "eta": 0.08062541851476623, "gamma": 617.3715968733522, "max_depth": 8.0, "min_child_weight": 4107.002980248352, "num_boost_round": 52.0, "subsample": 0.6738056348368356}, "datetime": {"datetime": "2024-01-20 15:27:10", "elapsed": 3797.065497, "delta": 0.004522}}
{"target": -12.358603490321102, "params": {"colsample_bytree": 0.5505358312719346, "eta": 0.00072507960753311, "gamma": 671.741747572411, "max_depth": 7.0, "min_child_weight": 4219.148144439756, "num_boost_round": 1.0, "subsample": 0.8217172113691641}, "datetime": {"datetime": "2024-01-20 15:28:22", "elapsed": 3869.14305, "delta": 72.077553}}
{"target": -12.358584005511794, "params": {"colsample_bytree": 0.5505358312719346, "eta": 0.00072507960753311, "gamma": 671.741747572411, "max_depth": 7.0, "min_child_weight": 4219.148144439756, "num_boost_round": 2.0, "subsample": 0.8217172113691641}, "datetime": {"datetime": "2024-01-20 15:28:22", "elapsed": 3869.149419, "delta": 0.006369}}
{"target": -12.358533163209774, "params": {"colsample_bytree": 0.5505358312719346, "eta": 0.00072507960753311, "gamma": 671.741747572411, "max_depth": 7.0, "min_child_weight": 4219.148144439756, "num_boost_round": 3.0, "subsample": 0.8217172113691641}, "datetime": {"datetime": "2024-01-20 15:28:22", "elapsed": 3869.154509, "delta": 0.00509}}
{"target": -12.358534605601974, "params": {"colsample_bytree": 0.5505358312719346, "eta": 0.00072507960753311, "gamma": 671.741747572411, "max_depth": 7.0, "min_child_weight": 4219.148144439756, "num_boost_round": 4.0, "subsample": 0.8217172113691641}, "datetime": {"datetime": "2024-01-20 15:28:22", "elapsed": 3869.159618, "delta": 0.005109}}
{"target": -12.358490212586018, "params": {"colsample_bytree": 0.5505358312719346, "eta": 0.00072507960753311, "gamma": 671.741747572411, "max_depth": 7.0, "min_child_weight": 4219.148144439756, "num_boost_round": 5.0, "subsample": 0.8217172113691641}, "datetime": {"datetime": "2024-01-20 15:28:22", "elapsed": 3869.164573, "delta": 0.004955}}
{"target": -12.358449762237441, "params": {"colsample_bytree": 0.5505358312719346, "eta": 0.00072507960753311, "gamma": 671.741747572411, "max_depth": 7.0, "min_child_weight": 4219.148144439756, "num_boost_round": 6.0, "subsample": 0.8217172113691641}, "datetime": {"datetime": "2024-01-20 15:28:22", "elapsed": 3869.169605, "delta": 0.005032}}
{"target": -12.358426051539979, "params": {"colsample_bytree": 0.5505358312719346, "eta": 0.00072507960753311, "gamma": 671.741747572411, "max_depth": 7.0, "min_child_weight": 4219.148144439756, "num_boost_round": 7.0, "subsample": 0.8217172113691641}, "datetime": {"datetime": "2024-01-20 15:28:22", "elapsed": 3869.174469, "delta": 0.004864}}
{"target": -12.358401305324925, "params": {"colsample_bytree": 0.5505358312719346, "eta": 0.00072507960753311, "gamma": 671.741747572411, "max_depth": 7.0, "min_child_weight": 4219.148144439756, "num_boost_round": 8.0, "subsample": 0.8217172113691641}, "datetime": {"datetime": "2024-01-20 15:28:22", "elapsed": 3869.179109, "delta": 0.00464}}
{"target": -12.358401776263872, "params": {"colsample_bytree": 0.5505358312719346, "eta": 0.00072507960753311, "gamma": 671.741747572411, "max_depth": 7.0, "min_child_weight": 4219.148144439756, "num_boost_round": 9.0, "subsample": 0.8217172113691641}, "datetime": {"datetime": "2024-01-20 15:28:22", "elapsed": 3869.183624, "delta": 0.004515}}
{"target": -12.358359467863881, "params": {"colsample_bytree": 0.5505358312719346, "eta": 0.00072507960753311, "gamma": 671.741747572411, "max_depth": 7.0, "min_child_weight": 4219.148144439756, "num_boost_round": 10.0, "subsample": 0.8217172113691641}, "datetime": {"datetime": "2024-01-20 15:28:22", "elapsed": 3869.188126, "delta": 0.004502}}
{"target": -12.358333415797864, "params": {"colsample_bytree": 0.5505358312719346, "eta": 0.00072507960753311, "gamma": 671.741747572411, "max_depth": 7.0, "min_child_weight": 4219.148144439756, "num_boost_round": 11.0, "subsample": 0.8217172113691641}, "datetime": {"datetime": "2024-01-20 15:28:22", "elapsed": 3869.19293, "delta": 0.004804}}
{"target": -12.35831002899504, "params": {"colsample_bytree": 0.5505358312719346, "eta": 0.00072507960753311, "gamma": 671.741747572411, "max_depth": 7.0, "min_child_weight": 4219.148144439756, "num_boost_round": 12.0, "subsample": 0.8217172113691641}, "datetime": {"datetime": "2024-01-20 15:28:22", "elapsed": 3869.197381, "delta": 0.004451}}
{"target": -12.358309388997268, "params": {"colsample_bytree": 0.5505358312719346, "eta": 0.00072507960753311, "gamma": 671.741747572411, "max_depth": 7.0, "min_child_weight": 4219.148144439756, "num_boost_round": 13.0, "subsample": 0.8217172113691641}, "datetime": {"datetime": "2024-01-20 15:28:22", "elapsed": 3869.202045, "delta": 0.004664}}
{"target": -12.35828682121889, "params": {"colsample_bytree": 0.5505358312719346, "eta": 0.00072507960753311, "gamma": 671.741747572411, "max_depth": 7.0, "min_child_weight": 4219.148144439756, "num_boost_round": 14.0, "subsample": 0.8217172113691641}, "datetime": {"datetime": "2024-01-20 15:28:22", "elapsed": 3869.206533, "delta": 0.004488}}
{"target": -12.358241712015861, "params": {"colsample_bytree": 0.5505358312719346, "eta": 0.00072507960753311, "gamma": 671.741747572411, "max_depth": 7.0, "min_child_weight": 4219.148144439756, "num_boost_round": 15.0, "subsample": 0.8217172113691641}, "datetime": {"datetime": "2024-01-20 15:28:22", "elapsed": 3869.211176, "delta": 0.004643}}
{"target": -12.358219187577697, "params": {"colsample_bytree": 0.5505358312719346, "eta": 0.00072507960753311, "gamma": 671.741747572411, "max_depth": 7.0, "min_child_weight": 4219.148144439756, "num_boost_round": 16.0, "subsample": 0.8217172113691641}, "datetime": {"datetime": "2024-01-20 15:28:22", "elapsed": 3869.215665, "delta": 0.004489}}
{"target": -12.35819734627647, "params": {"colsample_bytree": 0.5505358312719346, "eta": 0.00072507960753311, "gamma": 671.741747572411, "max_depth": 7.0, "min_child_weight": 4219.148144439756, "num_boost_round": 17.0, "subsample": 0.8217172113691641}, "datetime": {"datetime": "2024-01-20 15:28:22", "elapsed": 3869.220346, "delta": 0.004681}}
{"target": -12.35662030588017, "params": {"colsample_bytree": 0.3720877475048948, "eta": 0.07201464617336929, "gamma": 529.0239565353245, "max_depth": 4.0, "min_child_weight": 4221.586888952276, "num_boost_round": 1.0, "subsample": 0.29176398460973707}, "datetime": {"datetime": "2024-01-20 15:30:22", "elapsed": 3988.891018, "delta": 119.670672}}
{"target": -12.355102083077501, "params": {"colsample_bytree": 0.3720877475048948, "eta": 0.07201464617336929, "gamma": 529.0239565353245, "max_depth": 4.0, "min_child_weight": 4221.586888952276, "num_boost_round": 2.0, "subsample": 0.29176398460973707}, "datetime": {"datetime": "2024-01-20 15:30:22", "elapsed": 3988.896922, "delta": 0.005904}}
{"target": -12.351378562983871, "params": {"colsample_bytree": 0.3720877475048948, "eta": 0.07201464617336929, "gamma": 529.0239565353245, "max_depth": 4.0, "min_child_weight": 4221.586888952276, "num_boost_round": 3.0, "subsample": 0.29176398460973707}, "datetime": {"datetime": "2024-01-20 15:30:22", "elapsed": 3988.901799, "delta": 0.004877}}
{"target": -12.351926795062106, "params": {"colsample_bytree": 0.3720877475048948, "eta": 0.07201464617336929, "gamma": 529.0239565353245, "max_depth": 4.0, "min_child_weight": 4221.586888952276, "num_boost_round": 4.0, "subsample": 0.29176398460973707}, "datetime": {"datetime": "2024-01-20 15:30:22", "elapsed": 3988.906424, "delta": 0.004625}}
{"target": -12.350704631999557, "params": {"colsample_bytree": 0.3720877475048948, "eta": 0.07201464617336929, "gamma": 529.0239565353245, "max_depth": 4.0, "min_child_weight": 4221.586888952276, "num_boost_round": 5.0, "subsample": 0.29176398460973707}, "datetime": {"datetime": "2024-01-20 15:30:22", "elapsed": 3988.911003, "delta": 0.004579}}
{"target": -12.349510827612063, "params": {"colsample_bytree": 0.3720877475048948, "eta": 0.07201464617336929, "gamma": 529.0239565353245, "max_depth": 4.0, "min_child_weight": 4221.586888952276, "num_boost_round": 6.0, "subsample": 0.29176398460973707}, "datetime": {"datetime": "2024-01-20 15:30:22", "elapsed": 3988.915797, "delta": 0.004794}}
{"target": -12.349555359658286, "params": {"colsample_bytree": 0.3720877475048948, "eta": 0.07201464617336929, "gamma": 529.0239565353245, "max_depth": 4.0, "min_child_weight": 4221.586888952276, "num_boost_round": 7.0, "subsample": 0.29176398460973707}, "datetime": {"datetime": "2024-01-20 15:30:22", "elapsed": 3988.920692, "delta": 0.004895}}
{"target": -12.348165649653819, "params": {"colsample_bytree": 0.3720877475048948, "eta": 0.07201464617336929, "gamma": 529.0239565353245, "max_depth": 4.0, "min_child_weight": 4221.586888952276, "num_boost_round": 8.0, "subsample": 0.29176398460973707}, "datetime": {"datetime": "2024-01-20 15:30:22", "elapsed": 3988.925474, "delta": 0.004782}}
{"target": -12.34819037558319, "params": {"colsample_bytree": 0.3720877475048948, "eta": 0.07201464617336929, "gamma": 529.0239565353245, "max_depth": 4.0, "min_child_weight": 4221.586888952276, "num_boost_round": 9.0, "subsample": 0.29176398460973707}, "datetime": {"datetime": "2024-01-20 15:30:22", "elapsed": 3988.930238, "delta": 0.004764}}
{"target": -12.34768297829222, "params": {"colsample_bytree": 0.3720877475048948, "eta": 0.07201464617336929, "gamma": 529.0239565353245, "max_depth": 4.0, "min_child_weight": 4221.586888952276, "num_boost_round": 10.0, "subsample": 0.29176398460973707}, "datetime": {"datetime": "2024-01-20 15:30:22", "elapsed": 3988.934832, "delta": 0.004594}}
{"target": -12.347017031213833, "params": {"colsample_bytree": 0.3720877475048948, "eta": 0.07201464617336929, "gamma": 529.0239565353245, "max_depth": 4.0, "min_child_weight": 4221.586888952276, "num_boost_round": 11.0, "subsample": 0.29176398460973707}, "datetime": {"datetime": "2024-01-20 15:30:22", "elapsed": 3988.939498, "delta": 0.004666}}
{"target": -12.34671600197921, "params": {"colsample_bytree": 0.3720877475048948, "eta": 0.07201464617336929, "gamma": 529.0239565353245, "max_depth": 4.0, "min_child_weight": 4221.586888952276, "num_boost_round": 12.0, "subsample": 0.29176398460973707}, "datetime": {"datetime": "2024-01-20 15:30:22", "elapsed": 3988.944086, "delta": 0.004588}}
{"target": -12.347342003365053, "params": {"colsample_bytree": 0.3720877475048948, "eta": 0.07201464617336929, "gamma": 529.0239565353245, "max_depth": 4.0, "min_child_weight": 4221.586888952276, "num_boost_round": 13.0, "subsample": 0.29176398460973707}, "datetime": {"datetime": "2024-01-20 15:30:22", "elapsed": 3988.948639, "delta": 0.004553}}
{"target": -12.346808371400751, "params": {"colsample_bytree": 0.3720877475048948, "eta": 0.07201464617336929, "gamma": 529.0239565353245, "max_depth": 4.0, "min_child_weight": 4221.586888952276, "num_boost_round": 14.0, "subsample": 0.29176398460973707}, "datetime": {"datetime": "2024-01-20 15:30:22", "elapsed": 3988.953251, "delta": 0.004612}}
{"target": -12.345743506812596, "params": {"colsample_bytree": 0.3720877475048948, "eta": 0.07201464617336929, "gamma": 529.0239565353245, "max_depth": 4.0, "min_child_weight": 4221.586888952276, "num_boost_round": 15.0, "subsample": 0.29176398460973707}, "datetime": {"datetime": "2024-01-20 15:30:22", "elapsed": 3988.957794, "delta": 0.004543}}
{"target": -12.34526887753649, "params": {"colsample_bytree": 0.3720877475048948, "eta": 0.07201464617336929, "gamma": 529.0239565353245, "max_depth": 4.0, "min_child_weight": 4221.586888952276, "num_boost_round": 16.0, "subsample": 0.29176398460973707}, "datetime": {"datetime": "2024-01-20 15:30:22", "elapsed": 3988.962516, "delta": 0.004722}}
{"target": -12.345460931597792, "params": {"colsample_bytree": 0.3720877475048948, "eta": 0.07201464617336929, "gamma": 529.0239565353245, "max_depth": 4.0, "min_child_weight": 4221.586888952276, "num_boost_round": 17.0, "subsample": 0.29176398460973707}, "datetime": {"datetime": "2024-01-20 15:30:22", "elapsed": 3988.967085, "delta": 0.004569}}
{"target": -12.345472608871654, "params": {"colsample_bytree": 0.3720877475048948, "eta": 0.07201464617336929, "gamma": 529.0239565353245, "max_depth": 4.0, "min_child_weight": 4221.586888952276, "num_boost_round": 18.0, "subsample": 0.29176398460973707}, "datetime": {"datetime": "2024-01-20 15:30:22", "elapsed": 3988.971706, "delta": 0.004621}}
{"target": -12.345244470825412, "params": {"colsample_bytree": 0.3720877475048948, "eta": 0.07201464617336929, "gamma": 529.0239565353245, "max_depth": 4.0, "min_child_weight": 4221.586888952276, "num_boost_round": 19.0, "subsample": 0.29176398460973707}, "datetime": {"datetime": "2024-01-20 15:30:22", "elapsed": 3988.97622, "delta": 0.004514}}
{"target": -12.345116099093605, "params": {"colsample_bytree": 0.3720877475048948, "eta": 0.07201464617336929, "gamma": 529.0239565353245, "max_depth": 4.0, "min_child_weight": 4221.586888952276, "num_boost_round": 20.0, "subsample": 0.29176398460973707}, "datetime": {"datetime": "2024-01-20 15:30:22", "elapsed": 3988.981221, "delta": 0.005001}}
{"target": -12.345197898056597, "params": {"colsample_bytree": 0.3720877475048948, "eta": 0.07201464617336929, "gamma": 529.0239565353245, "max_depth": 4.0, "min_child_weight": 4221.586888952276, "num_boost_round": 21.0, "subsample": 0.29176398460973707}, "datetime": {"datetime": "2024-01-20 15:30:22", "elapsed": 3988.988227, "delta": 0.007006}}
{"target": -12.345265178710228, "params": {"colsample_bytree": 0.3720877475048948, "eta": 0.07201464617336929, "gamma": 529.0239565353245, "max_depth": 4.0, "min_child_weight": 4221.586888952276, "num_boost_round": 22.0, "subsample": 0.29176398460973707}, "datetime": {"datetime": "2024-01-20 15:30:22", "elapsed": 3988.995283, "delta": 0.007056}}
{"target": -12.344293139638388, "params": {"colsample_bytree": 0.3720877475048948, "eta": 0.07201464617336929, "gamma": 529.0239565353245, "max_depth": 4.0, "min_child_weight": 4221.586888952276, "num_boost_round": 23.0, "subsample": 0.29176398460973707}, "datetime": {"datetime": "2024-01-20 15:30:22", "elapsed": 3989.001007, "delta": 0.005724}}
{"target": -12.344955393719967, "params": {"colsample_bytree": 0.3720877475048948, "eta": 0.07201464617336929, "gamma": 529.0239565353245, "max_depth": 4.0, "min_child_weight": 4221.586888952276, "num_boost_round": 24.0, "subsample": 0.29176398460973707}, "datetime": {"datetime": "2024-01-20 15:30:22", "elapsed": 3989.005851, "delta": 0.004844}}
{"target": -12.34413273239538, "params": {"colsample_bytree": 0.3720877475048948, "eta": 0.07201464617336929, "gamma": 529.0239565353245, "max_depth": 4.0, "min_child_weight": 4221.586888952276, "num_boost_round": 25.0, "subsample": 0.29176398460973707}, "datetime": {"datetime": "2024-01-20 15:30:22", "elapsed": 3989.010442, "delta": 0.004591}}
{"target": -12.344286454083486, "params": {"colsample_bytree": 0.3720877475048948, "eta": 0.07201464617336929, "gamma": 529.0239565353245, "max_depth": 4.0, "min_child_weight": 4221.586888952276, "num_boost_round": 26.0, "subsample": 0.29176398460973707}, "datetime": {"datetime": "2024-01-20 15:30:22", "elapsed": 3989.01504, "delta": 0.004598}}
{"target": -12.344698690985856, "params": {"colsample_bytree": 0.3720877475048948, "eta": 0.07201464617336929, "gamma": 529.0239565353245, "max_depth": 4.0, "min_child_weight": 4221.586888952276, "num_boost_round": 27.0, "subsample": 0.29176398460973707}, "datetime": {"datetime": "2024-01-20 15:30:22", "elapsed": 3989.020218, "delta": 0.005178}}
{"target": -12.344663756378115, "params": {"colsample_bytree": 0.3720877475048948, "eta": 0.07201464617336929, "gamma": 529.0239565353245, "max_depth": 4.0, "min_child_weight": 4221.586888952276, "num_boost_round": 28.0, "subsample": 0.29176398460973707}, "datetime": {"datetime": "2024-01-20 15:30:22", "elapsed": 3989.024832, "delta": 0.004614}}
{"target": -12.344357283000722, "params": {"colsample_bytree": 0.3720877475048948, "eta": 0.07201464617336929, "gamma": 529.0239565353245, "max_depth": 4.0, "min_child_weight": 4221.586888952276, "num_boost_round": 29.0, "subsample": 0.29176398460973707}, "datetime": {"datetime": "2024-01-20 15:30:22", "elapsed": 3989.029469, "delta": 0.004637}}
{"target": -12.344039086828065, "params": {"colsample_bytree": 0.3720877475048948, "eta": 0.07201464617336929, "gamma": 529.0239565353245, "max_depth": 4.0, "min_child_weight": 4221.586888952276, "num_boost_round": 30.0, "subsample": 0.29176398460973707}, "datetime": {"datetime": "2024-01-20 15:30:22", "elapsed": 3989.034306, "delta": 0.004837}}
{"target": -12.343285556873399, "params": {"colsample_bytree": 0.3720877475048948, "eta": 0.07201464617336929, "gamma": 529.0239565353245, "max_depth": 4.0, "min_child_weight": 4221.586888952276, "num_boost_round": 31.0, "subsample": 0.29176398460973707}, "datetime": {"datetime": "2024-01-20 15:30:22", "elapsed": 3989.03977, "delta": 0.005464}}
{"target": -12.343637355631984, "params": {"colsample_bytree": 0.3720877475048948, "eta": 0.07201464617336929, "gamma": 529.0239565353245, "max_depth": 4.0, "min_child_weight": 4221.586888952276, "num_boost_round": 32.0, "subsample": 0.29176398460973707}, "datetime": {"datetime": "2024-01-20 15:30:22", "elapsed": 3989.044333, "delta": 0.004563}}
{"target": -12.343620967955234, "params": {"colsample_bytree": 0.3720877475048948, "eta": 0.07201464617336929, "gamma": 529.0239565353245, "max_depth": 4.0, "min_child_weight": 4221.586888952276, "num_boost_round": 33.0, "subsample": 0.29176398460973707}, "datetime": {"datetime": "2024-01-20 15:30:22", "elapsed": 3989.048896, "delta": 0.004563}}
{"target": -12.343718422451872, "params": {"colsample_bytree": 0.3720877475048948, "eta": 0.07201464617336929, "gamma": 529.0239565353245, "max_depth": 4.0, "min_child_weight": 4221.586888952276, "num_boost_round": 34.0, "subsample": 0.29176398460973707}, "datetime": {"datetime": "2024-01-20 15:30:22", "elapsed": 3989.053472, "delta": 0.004576}}
