{"target": -12.349924769827044, "params": {"colsample_bytree": 0.5759233673515511, "eta": 0.01249057051891926, "gamma": 528.1202549787603, "max_depth": 9.0, "min_child_weight": 4303.49774924238, "num_boost_round": 27.0, "subsample": 0.4947339898107421}, "datetime": {"datetime": "2024-01-20 17:06:55", "elapsed": 9782.108986, "delta": 0.0093}}
{"target": -12.349302869984427, "params": {"colsample_bytree": 0.5759233673515511, "eta": 0.01249057051891926, "gamma": 528.1202549787603, "max_depth": 9.0, "min_child_weight": 4303.49774924238, "num_boost_round": 28.0, "subsample": 0.4947339898107421}, "datetime": {"datetime": "2024-01-20 17:06:55", "elapsed": 9782.117762, "delta": 0.008776}}
{"target": -12.349031265643024, "params": {"colsample_bytree": 0.5759233673515511, "eta": 0.01249057051891926, "gamma": 528.1202549787603, "max_depth": 9.0, "min_child_weight": 4303.49774924238, "num_boost_round": 29.0, "subsample": 0.4947339898107421}, "datetime": {"datetime": "2024-01-20 17:06:55", "elapsed": 9782.131317, "delta": 0.013555}}
{"target": -12.358176970804813, "params": {"colsample_bytree": 0.513500034172357, "eta": 0.020529951423232284, "gamma": 614.7097632894076, "max_depth": 7.0, "min_child_weight": 4276.567612007654, "num_boost_round": 1.0, "subsample": 0.1427140635947569}, "datetime": {"datetime": "2024-01-20 17:10:38", "elapsed": 10004.455133, "delta": 222.323816}}
{"target": -12.35781072148244, "params": {"colsample_bytree": 0.513500034172357, "eta": 0.020529951423232284, "gamma": 614.7097632894076, "max_depth": 7.0, "min_child_weight": 4276.567612007654, "num_boost_round": 2.0, "subsample": 0.1427140635947569}, "datetime": {"datetime": "2024-01-20 17:10:38", "elapsed": 10004.467597, "delta": 0.012464}}
{"target": -12.356944473220043, "params": {"colsample_bytree": 0.513500034172357, "eta": 0.020529951423232284, "gamma": 614.7097632894076, "max_depth": 7.0, "min_child_weight": 4276.567612007654, "num_boost_round": 3.0, "subsample": 0.1427140635947569}, "datetime": {"datetime": "2024-01-20 17:10:38", "elapsed": 10004.477789, "delta": 0.010192}}
{"target": -12.357117052657411, "params": {"colsample_bytree": 0.513500034172357, "eta": 0.020529951423232284, "gamma": 614.7097632894076, "max_depth": 7.0, "min_child_weight": 4276.567612007654, "num_boost_round": 4.0, "subsample": 0.1427140635947569}, "datetime": {"datetime": "2024-01-20 17:10:38", "elapsed": 10004.487898, "delta": 0.010109}}
{"target": -12.356492857792968, "params": {"colsample_bytree": 0.513500034172357, "eta": 0.020529951423232284, "gamma": 614.7097632894076, "max_depth": 7.0, "min_child_weight": 4276.567612007654, "num_boost_round": 5.0, "subsample": 0.1427140635947569}, "datetime": {"datetime": "2024-01-20 17:10:38", "elapsed": 10004.501231, "delta": 0.013333}}
{"target": -12.3557412871561, "params": {"colsample_bytree": 0.513500034172357, "eta": 0.020529951423232284, "gamma": 614.7097632894076, "max_depth": 7.0, "min_child_weight": 4276.567612007654, "num_boost_round": 6.0, "subsample": 0.1427140635947569}, "datetime": {"datetime": "2024-01-20 17:10:38", "elapsed": 10004.513903, "delta": 0.012672}}
{"target": -12.355506927505335, "params": {"colsample_bytree": 0.513500034172357, "eta": 0.020529951423232284, "gamma": 614.7097632894076, "max_depth": 7.0, "min_child_weight": 4276.567612007654, "num_boost_round": 7.0, "subsample": 0.1427140635947569}, "datetime": {"datetime": "2024-01-20 17:10:38", "elapsed": 10004.526316, "delta": 0.012413}}
{"target": -12.355138130822214, "params": {"colsample_bytree": 0.513500034172357, "eta": 0.020529951423232284, "gamma": 614.7097632894076, "max_depth": 7.0, "min_child_weight": 4276.567612007654, "num_boost_round": 8.0, "subsample": 0.1427140635947569}, "datetime": {"datetime": "2024-01-20 17:10:38", "elapsed": 10004.53683, "delta": 0.010514}}
{"target": -12.355135380523732, "params": {"colsample_bytree": 0.513500034172357, "eta": 0.020529951423232284, "gamma": 614.7097632894076, "max_depth": 7.0, "min_child_weight": 4276.567612007654, "num_boost_round": 9.0, "subsample": 0.1427140635947569}, "datetime": {"datetime": "2024-01-20 17:10:38", "elapsed": 10004.546026, "delta": 0.009196}}
{"target": -12.354478721114234, "params": {"colsample_bytree": 0.513500034172357, "eta": 0.020529951423232284, "gamma": 614.7097632894076, "max_depth": 7.0, "min_child_weight": 4276.567612007654, "num_boost_round": 10.0, "subsample": 0.1427140635947569}, "datetime": {"datetime": "2024-01-20 17:10:38", "elapsed": 10004.555756, "delta": 0.00973}}
{"target": -12.354085793260625, "params": {"colsample_bytree": 0.513500034172357, "eta": 0.020529951423232284, "gamma": 614.7097632894076, "max_depth": 7.0, "min_child_weight": 4276.567612007654, "num_boost_round": 11.0, "subsample": 0.1427140635947569}, "datetime": {"datetime": "2024-01-20 17:10:38", "elapsed": 10004.566246, "delta": 0.01049}}
{"target": -12.353785575393026, "params": {"colsample_bytree": 0.513500034172357, "eta": 0.020529951423232284, "gamma": 614.7097632894076, "max_depth": 7.0, "min_child_weight": 4276.567612007654, "num_boost_round": 12.0, "subsample": 0.1427140635947569}, "datetime": {"datetime": "2024-01-20 17:10:38", "elapsed": 10004.576436, "delta": 0.01019}}
{"target": -12.353840177658395, "params": {"colsample_bytree": 0.513500034172357, "eta": 0.020529951423232284, "gamma": 614.7097632894076, "max_depth": 7.0, "min_child_weight": 4276.567612007654, "num_boost_round": 13.0, "subsample": 0.1427140635947569}, "datetime": {"datetime": "2024-01-20 17:10:38", "elapsed": 10004.586645, "delta": 0.010209}}
{"target": -12.353553301772017, "params": {"colsample_bytree": 0.513500034172357, "eta": 0.020529951423232284, "gamma": 614.7097632894076, "max_depth": 7.0, "min_child_weight": 4276.567612007654, "num_boost_round": 14.0, "subsample": 0.1427140635947569}, "datetime": {"datetime": "2024-01-20 17:10:38", "elapsed": 10004.597859, "delta": 0.011214}}
{"target": -12.353283667034535, "params": {"colsample_bytree": 0.513500034172357, "eta": 0.020529951423232284, "gamma": 614.7097632894076, "max_depth": 7.0, "min_child_weight": 4276.567612007654, "num_boost_round": 15.0, "subsample": 0.1427140635947569}, "datetime": {"datetime": "2024-01-20 17:10:38", "elapsed": 10004.60808, "delta": 0.010221}}
{"target": -12.353148287134985, "params": {"colsample_bytree": 0.513500034172357, "eta": 0.020529951423232284, "gamma": 614.7097632894076, "max_depth": 7.0, "min_child_weight": 4276.567612007654, "num_boost_round": 16.0, "subsample": 0.1427140635947569}, "datetime": {"datetime": "2024-01-20 17:10:38", "elapsed": 10004.618834, "delta": 0.010754}}
{"target": -12.352853399510005, "params": {"colsample_bytree": 0.513500034172357, "eta": 0.020529951423232284, "gamma": 614.7097632894076, "max_depth": 7.0, "min_child_weight": 4276.567612007654, "num_boost_round": 17.0, "subsample": 0.1427140635947569}, "datetime": {"datetime": "2024-01-20 17:10:38", "elapsed": 10004.633097, "delta": 0.014263}}
{"target": -12.352819513301963, "params": {"colsample_bytree": 0.513500034172357, "eta": 0.020529951423232284, "gamma": 614.7097632894076, "max_depth": 7.0, "min_child_weight": 4276.567612007654, "num_boost_round": 18.0, "subsample": 0.1427140635947569}, "datetime": {"datetime": "2024-01-20 17:10:38", "elapsed": 10004.644956, "delta": 0.011859}}
{"target": -12.352718664677653, "params": {"colsample_bytree": 0.513500034172357, "eta": 0.020529951423232284, "gamma": 614.7097632894076, "max_depth": 7.0, "min_child_weight": 4276.567612007654, "num_boost_round": 19.0, "subsample": 0.1427140635947569}, "datetime": {"datetime": "2024-01-20 17:10:38", "elapsed": 10004.655049, "delta": 0.010093}}
{"target": -12.3526074029029, "params": {"colsample_bytree": 0.513500034172357, "eta": 0.020529951423232284, "gamma": 614.7097632894076, "max_depth": 7.0, "min_child_weight": 4276.567612007654, "num_boost_round": 20.0, "subsample": 0.1427140635947569}, "datetime": {"datetime": "2024-01-20 17:10:38", "elapsed": 10004.665292, "delta": 0.010243}}
{"target": -12.352716235510638, "params": {"colsample_bytree": 0.513500034172357, "eta": 0.020529951423232284, "gamma": 614.7097632894076, "max_depth": 7.0, "min_child_weight": 4276.567612007654, "num_boost_round": 21.0, "subsample": 0.1427140635947569}, "datetime": {"datetime": "2024-01-20 17:10:38", "elapsed": 10004.675314, "delta": 0.010022}}
{"target": -12.35277990087126, "params": {"colsample_bytree": 0.513500034172357, "eta": 0.020529951423232284, "gamma": 614.7097632894076, "max_depth": 7.0, "min_child_weight": 4276.567612007654, "num_boost_round": 22.0, "subsample": 0.1427140635947569}, "datetime": {"datetime": "2024-01-20 17:10:38", "elapsed": 10004.68547, "delta": 0.010156}}
{"target": -12.352434533173831, "params": {"colsample_bytree": 0.513500034172357, "eta": 0.020529951423232284, "gamma": 614.7097632894076, "max_depth": 7.0, "min_child_weight": 4276.567612007654, "num_boost_round": 23.0, "subsample": 0.1427140635947569}, "datetime": {"datetime": "2024-01-20 17:10:38", "elapsed": 10004.696321, "delta": 0.010851}}
{"target": -12.352507425442058, "params": {"colsample_bytree": 0.513500034172357, "eta": 0.020529951423232284, "gamma": 614.7097632894076, "max_depth": 7.0, "min_child_weight": 4276.567612007654, "num_boost_round": 24.0, "subsample": 0.1427140635947569}, "datetime": {"datetime": "2024-01-20 17:10:38", "elapsed": 10004.706627, "delta": 0.010306}}
{"target": -12.351990735148327, "params": {"colsample_bytree": 0.513500034172357, "eta": 0.020529951423232284, "gamma": 614.7097632894076, "max_depth": 7.0, "min_child_weight": 4276.567612007654, "num_boost_round": 25.0, "subsample": 0.1427140635947569}, "datetime": {"datetime": "2024-01-20 17:10:38", "elapsed": 10004.717304, "delta": 0.010677}}
{"target": -12.351791631194432, "params": {"colsample_bytree": 0.513500034172357, "eta": 0.020529951423232284, "gamma": 614.7097632894076, "max_depth": 7.0, "min_child_weight": 4276.567612007654, "num_boost_round": 26.0, "subsample": 0.1427140635947569}, "datetime": {"datetime": "2024-01-20 17:10:38", "elapsed": 10004.728401, "delta": 0.011097}}
{"target": -12.351797854012027, "params": {"colsample_bytree": 0.513500034172357, "eta": 0.020529951423232284, "gamma": 614.7097632894076, "max_depth": 7.0, "min_child_weight": 4276.567612007654, "num_boost_round": 27.0, "subsample": 0.1427140635947569}, "datetime": {"datetime": "2024-01-20 17:10:38", "elapsed": 10004.738716, "delta": 0.010315}}
{"target": -12.351153065418986, "params": {"colsample_bytree": 0.513500034172357, "eta": 0.020529951423232284, "gamma": 614.7097632894076, "max_depth": 7.0, "min_child_weight": 4276.567612007654, "num_boost_round": 28.0, "subsample": 0.1427140635947569}, "datetime": {"datetime": "2024-01-20 17:10:38", "elapsed": 10004.748921, "delta": 0.010205}}
{"target": -12.350873508445947, "params": {"colsample_bytree": 0.513500034172357, "eta": 0.020529951423232284, "gamma": 614.7097632894076, "max_depth": 7.0, "min_child_weight": 4276.567612007654, "num_boost_round": 29.0, "subsample": 0.1427140635947569}, "datetime": {"datetime": "2024-01-20 17:10:38", "elapsed": 10004.759905, "delta": 0.010984}}
{"target": -12.350516211048735, "params": {"colsample_bytree": 0.513500034172357, "eta": 0.020529951423232284, "gamma": 614.7097632894076, "max_depth": 7.0, "min_child_weight": 4276.567612007654, "num_boost_round": 30.0, "subsample": 0.1427140635947569}, "datetime": {"datetime": "2024-01-20 17:10:38", "elapsed": 10004.770049, "delta": 0.010144}}
{"target": -12.350081515565355, "params": {"colsample_bytree": 0.513500034172357, "eta": 0.020529951423232284, "gamma": 614.7097632894076, "max_depth": 7.0, "min_child_weight": 4276.567612007654, "num_boost_round": 31.0, "subsample": 0.1427140635947569}, "datetime": {"datetime": "2024-01-20 17:10:38", "elapsed": 10004.780486, "delta": 0.010437}}
{"target": -12.350013423811422, "params": {"colsample_bytree": 0.513500034172357, "eta": 0.020529951423232284, "gamma": 614.7097632894076, "max_depth": 7.0, "min_child_weight": 4276.567612007654, "num_boost_round": 32.0, "subsample": 0.1427140635947569}, "datetime": {"datetime": "2024-01-20 17:10:38", "elapsed": 10004.79111, "delta": 0.010624}}
