{"target": -13.397751735246011, "params": {"colsample_bytree": 0.6152742879246179, "eta": 0.018813753042663285, "gamma": 40.485604970519006, "max_depth": 4.0, "min_child_weight": 3246.3269821711015, "num_boost_round": 3.0, "subsample": 0.4497099630335063}, "datetime": {"datetime": "2024-01-20 16:09:37", "elapsed": 6312.443638, "delta": 0.004253}}
{"target": -13.397822073873872, "params": {"colsample_bytree": 0.8393343357551474, "eta": 0.07572965722242721, "gamma": 116.15650845260494, "max_depth": 9.0, "min_child_weight": 3999.2011159802487, "num_boost_round": 1.0, "subsample": 0.8606582266250126}, "datetime": {"datetime": "2024-01-20 16:10:26", "elapsed": 6361.174155, "delta": 48.730517}}
{"target": -13.397611135475149, "params": {"colsample_bytree": 0.8393343357551474, "eta": 0.07572965722242721, "gamma": 116.15650845260494, "max_depth": 9.0, "min_child_weight": 3999.2011159802487, "num_boost_round": 2.0, "subsample": 0.8606582266250126}, "datetime": {"datetime": "2024-01-20 16:10:26", "elapsed": 6361.17955, "delta": 0.005395}}
{"target": -13.398591545611144, "params": {"colsample_bytree": 0.8393343357551474, "eta": 0.07572965722242721, "gamma": 116.15650845260494, "max_depth": 9.0, "min_child_weight": 3999.2011159802487, "num_boost_round": 3.0, "subsample": 0.8606582266250126}, "datetime": {"datetime": "2024-01-20 16:10:26", "elapsed": 6361.183858, "delta": 0.004308}}
{"target": -13.399597362935399, "params": {"colsample_bytree": 0.8393343357551474, "eta": 0.07572965722242721, "gamma": 116.15650845260494, "max_depth": 9.0, "min_child_weight": 3999.2011159802487, "num_boost_round": 4.0, "subsample": 0.8606582266250126}, "datetime": {"datetime": "2024-01-20 16:10:26", "elapsed": 6361.188222, "delta": 0.004364}}
{"target": -13.401210050783867, "params": {"colsample_bytree": 0.8393343357551474, "eta": 0.07572965722242721, "gamma": 116.15650845260494, "max_depth": 9.0, "min_child_weight": 3999.2011159802487, "num_boost_round": 5.0, "subsample": 0.8606582266250126}, "datetime": {"datetime": "2024-01-20 16:10:26", "elapsed": 6361.192463, "delta": 0.004241}}
{"target": -13.402487166300048, "params": {"colsample_bytree": 0.8393343357551474, "eta": 0.07572965722242721, "gamma": 116.15650845260494, "max_depth": 9.0, "min_child_weight": 3999.2011159802487, "num_boost_round": 6.0, "subsample": 0.8606582266250126}, "datetime": {"datetime": "2024-01-20 16:10:26", "elapsed": 6361.196728, "delta": 0.004265}}
{"target": -13.403815697499159, "params": {"colsample_bytree": 0.8393343357551474, "eta": 0.07572965722242721, "gamma": 116.15650845260494, "max_depth": 9.0, "min_child_weight": 3999.2011159802487, "num_boost_round": 7.0, "subsample": 0.8606582266250126}, "datetime": {"datetime": "2024-01-20 16:10:26", "elapsed": 6361.200946, "delta": 0.004218}}
{"target": -13.405067711145113, "params": {"colsample_bytree": 0.8393343357551474, "eta": 0.07572965722242721, "gamma": 116.15650845260494, "max_depth": 9.0, "min_child_weight": 3999.2011159802487, "num_boost_round": 8.0, "subsample": 0.8606582266250126}, "datetime": {"datetime": "2024-01-20 16:10:26", "elapsed": 6361.205274, "delta": 0.004328}}
{"target": -13.40668174530182, "params": {"colsample_bytree": 0.8393343357551474, "eta": 0.07572965722242721, "gamma": 116.15650845260494, "max_depth": 9.0, "min_child_weight": 3999.2011159802487, "num_boost_round": 9.0, "subsample": 0.8606582266250126}, "datetime": {"datetime": "2024-01-20 16:10:26", "elapsed": 6361.211698, "delta": 0.006424}}
{"target": -13.408138611807685, "params": {"colsample_bytree": 0.8393343357551474, "eta": 0.07572965722242721, "gamma": 116.15650845260494, "max_depth": 9.0, "min_child_weight": 3999.2011159802487, "num_boost_round": 10.0, "subsample": 0.8606582266250126}, "datetime": {"datetime": "2024-01-20 16:10:26", "elapsed": 6361.217956, "delta": 0.006258}}
{"target": -13.397746197440748, "params": {"colsample_bytree": 0.9985536906949051, "eta": 0.03574130998832972, "gamma": 965.2047670445439, "max_depth": 8.0, "min_child_weight": 4256.605360902508, "num_boost_round": 1.0, "subsample": 0.8695968969608269}, "datetime": {"datetime": "2024-01-20 16:11:28", "elapsed": 6423.484287, "delta": 62.266331}}
{"target": -13.3975405583024, "params": {"colsample_bytree": 0.9985536906949051, "eta": 0.03574130998832972, "gamma": 965.2047670445439, "max_depth": 8.0, "min_child_weight": 4256.605360902508, "num_boost_round": 2.0, "subsample": 0.8695968969608269}, "datetime": {"datetime": "2024-01-20 16:11:28", "elapsed": 6423.489309, "delta": 0.005022}}
{"target": -13.397613781164518, "params": {"colsample_bytree": 0.9985536906949051, "eta": 0.03574130998832972, "gamma": 965.2047670445439, "max_depth": 8.0, "min_child_weight": 4256.605360902508, "num_boost_round": 3.0, "subsample": 0.8695968969608269}, "datetime": {"datetime": "2024-01-20 16:11:28", "elapsed": 6423.494341, "delta": 0.005032}}
{"target": -13.397678384075082, "params": {"colsample_bytree": 0.9985536906949051, "eta": 0.03574130998832972, "gamma": 965.2047670445439, "max_depth": 8.0, "min_child_weight": 4256.605360902508, "num_boost_round": 4.0, "subsample": 0.8695968969608269}, "datetime": {"datetime": "2024-01-20 16:11:28", "elapsed": 6423.498592, "delta": 0.004251}}
{"target": -13.397755216075527, "params": {"colsample_bytree": 0.856148884253947, "eta": 0.00014366181262535232, "gamma": 722.2237139078118, "max_depth": 6.0, "min_child_weight": 4042.07445258843, "num_boost_round": 1.0, "subsample": 0.11966280416617957}, "datetime": {"datetime": "2024-01-20 16:12:31", "elapsed": 6486.271349, "delta": 62.772757}}
{"target": -13.397753630484239, "params": {"colsample_bytree": 0.856148884253947, "eta": 0.00014366181262535232, "gamma": 722.2237139078118, "max_depth": 6.0, "min_child_weight": 4042.07445258843, "num_boost_round": 2.0, "subsample": 0.11966280416617957}, "datetime": {"datetime": "2024-01-20 16:12:31", "elapsed": 6486.277025, "delta": 0.005676}}
{"target": -13.397752294276575, "params": {"colsample_bytree": 0.856148884253947, "eta": 0.00014366181262535232, "gamma": 722.2237139078118, "max_depth": 6.0, "min_child_weight": 4042.07445258843, "num_boost_round": 3.0, "subsample": 0.11966280416617957}, "datetime": {"datetime": "2024-01-20 16:12:31", "elapsed": 6486.281583, "delta": 0.004558}}
{"target": -13.39775137287503, "params": {"colsample_bytree": 0.856148884253947, "eta": 0.00014366181262535232, "gamma": 722.2237139078118, "max_depth": 6.0, "min_child_weight": 4042.07445258843, "num_boost_round": 4.0, "subsample": 0.11966280416617957}, "datetime": {"datetime": "2024-01-20 16:12:31", "elapsed": 6486.285907, "delta": 0.004324}}
{"target": -13.397750400993555, "params": {"colsample_bytree": 0.856148884253947, "eta": 0.00014366181262535232, "gamma": 722.2237139078118, "max_depth": 6.0, "min_child_weight": 4042.07445258843, "num_boost_round": 5.0, "subsample": 0.11966280416617957}, "datetime": {"datetime": "2024-01-20 16:12:31", "elapsed": 6486.290232, "delta": 0.004325}}
{"target": -13.397748239717847, "params": {"colsample_bytree": 0.856148884253947, "eta": 0.00014366181262535232, "gamma": 722.2237139078118, "max_depth": 6.0, "min_child_weight": 4042.07445258843, "num_boost_round": 6.0, "subsample": 0.11966280416617957}, "datetime": {"datetime": "2024-01-20 16:12:31", "elapsed": 6486.294414, "delta": 0.004182}}
{"target": -13.397747425957197, "params": {"colsample_bytree": 0.856148884253947, "eta": 0.00014366181262535232, "gamma": 722.2237139078118, "max_depth": 6.0, "min_child_weight": 4042.07445258843, "num_boost_round": 7.0, "subsample": 0.11966280416617957}, "datetime": {"datetime": "2024-01-20 16:12:31", "elapsed": 6486.298885, "delta": 0.004471}}
{"target": -13.397746871190394, "params": {"colsample_bytree": 0.856148884253947, "eta": 0.00014366181262535232, "gamma": 722.2237139078118, "max_depth": 6.0, "min_child_weight": 4042.07445258843, "num_boost_round": 8.0, "subsample": 0.11966280416617957}, "datetime": {"datetime": "2024-01-20 16:12:31", "elapsed": 6486.303038, "delta": 0.004153}}
{"target": -13.397838174447049, "params": {"colsample_bytree": 0.797910503115039, "eta": 0.021220565496487355, "gamma": 965.8790639173725, "max_depth": 6.0, "min_child_weight": 4331.781604050927, "num_boost_round": 1.0, "subsample": 0.8505758695775785}, "datetime": {"datetime": "2024-01-20 16:13:25", "elapsed": 6540.20416, "delta": 53.901122}}
{"target": -13.397820176104922, "params": {"colsample_bytree": 0.797910503115039, "eta": 0.021220565496487355, "gamma": 965.8790639173725, "max_depth": 6.0, "min_child_weight": 4331.781604050927, "num_boost_round": 2.0, "subsample": 0.8505758695775785}, "datetime": {"datetime": "2024-01-20 16:13:25", "elapsed": 6540.212007, "delta": 0.007847}}
{"target": -13.39781193862548, "params": {"colsample_bytree": 0.797910503115039, "eta": 0.021220565496487355, "gamma": 965.8790639173725, "max_depth": 6.0, "min_child_weight": 4331.781604050927, "num_boost_round": 3.0, "subsample": 0.8505758695775785}, "datetime": {"datetime": "2024-01-20 16:13:25", "elapsed": 6540.219908, "delta": 0.007901}}
{"target": -13.397887463372879, "params": {"colsample_bytree": 0.797910503115039, "eta": 0.021220565496487355, "gamma": 965.8790639173725, "max_depth": 6.0, "min_child_weight": 4331.781604050927, "num_boost_round": 4.0, "subsample": 0.8505758695775785}, "datetime": {"datetime": "2024-01-20 16:13:25", "elapsed": 6540.225988, "delta": 0.00608}}
{"target": -13.397820230662319, "params": {"colsample_bytree": 0.797910503115039, "eta": 0.021220565496487355, "gamma": 965.8790639173725, "max_depth": 6.0, "min_child_weight": 4331.781604050927, "num_boost_round": 5.0, "subsample": 0.8505758695775785}, "datetime": {"datetime": "2024-01-20 16:13:25", "elapsed": 6540.230709, "delta": 0.004721}}
{"target": -13.397983110412795, "params": {"colsample_bytree": 0.797910503115039, "eta": 0.021220565496487355, "gamma": 965.8790639173725, "max_depth": 6.0, "min_child_weight": 4331.781604050927, "num_boost_round": 6.0, "subsample": 0.8505758695775785}, "datetime": {"datetime": "2024-01-20 16:13:25", "elapsed": 6540.234903, "delta": 0.004194}}
{"target": -13.398058456132482, "params": {"colsample_bytree": 0.797910503115039, "eta": 0.021220565496487355, "gamma": 965.8790639173725, "max_depth": 6.0, "min_child_weight": 4331.781604050927, "num_boost_round": 7.0, "subsample": 0.8505758695775785}, "datetime": {"datetime": "2024-01-20 16:13:25", "elapsed": 6540.239415, "delta": 0.004512}}
{"target": -13.398181086676754, "params": {"colsample_bytree": 0.797910503115039, "eta": 0.021220565496487355, "gamma": 965.8790639173725, "max_depth": 6.0, "min_child_weight": 4331.781604050927, "num_boost_round": 8.0, "subsample": 0.8505758695775785}, "datetime": {"datetime": "2024-01-20 16:13:25", "elapsed": 6540.243596, "delta": 0.004181}}
{"target": -13.398517947235817, "params": {"colsample_bytree": 0.797910503115039, "eta": 0.021220565496487355, "gamma": 965.8790639173725, "max_depth": 6.0, "min_child_weight": 4331.781604050927, "num_boost_round": 9.0, "subsample": 0.8505758695775785}, "datetime": {"datetime": "2024-01-20 16:13:25", "elapsed": 6540.24786, "delta": 0.004264}}
{"target": -13.398649405845667, "params": {"colsample_bytree": 0.797910503115039, "eta": 0.021220565496487355, "gamma": 965.8790639173725, "max_depth": 6.0, "min_child_weight": 4331.781604050927, "num_boost_round": 10.0, "subsample": 0.8505758695775785}, "datetime": {"datetime": "2024-01-20 16:13:25", "elapsed": 6540.252087, "delta": 0.004227}}
{"target": -13.39881048721441, "params": {"colsample_bytree": 0.797910503115039, "eta": 0.021220565496487355, "gamma": 965.8790639173725, "max_depth": 6.0, "min_child_weight": 4331.781604050927, "num_boost_round": 11.0, "subsample": 0.8505758695775785}, "datetime": {"datetime": "2024-01-20 16:13:25", "elapsed": 6540.256528, "delta": 0.004441}}
{"target": -13.399049155412383, "params": {"colsample_bytree": 0.797910503115039, "eta": 0.021220565496487355, "gamma": 965.8790639173725, "max_depth": 6.0, "min_child_weight": 4331.781604050927, "num_boost_round": 12.0, "subsample": 0.8505758695775785}, "datetime": {"datetime": "2024-01-20 16:13:25", "elapsed": 6540.260657, "delta": 0.004129}}
{"target": -13.399320256716248, "params": {"colsample_bytree": 0.797910503115039, "eta": 0.021220565496487355, "gamma": 965.8790639173725, "max_depth": 6.0, "min_child_weight": 4331.781604050927, "num_boost_round": 13.0, "subsample": 0.8505758695775785}, "datetime": {"datetime": "2024-01-20 16:13:25", "elapsed": 6540.264869, "delta": 0.004212}}
{"target": -13.39953293299876, "params": {"colsample_bytree": 0.797910503115039, "eta": 0.021220565496487355, "gamma": 965.8790639173725, "max_depth": 6.0, "min_child_weight": 4331.781604050927, "num_boost_round": 14.0, "subsample": 0.8505758695775785}, "datetime": {"datetime": "2024-01-20 16:13:25", "elapsed": 6540.269163, "delta": 0.004294}}
{"target": -13.399742763398695, "params": {"colsample_bytree": 0.797910503115039, "eta": 0.021220565496487355, "gamma": 965.8790639173725, "max_depth": 6.0, "min_child_weight": 4331.781604050927, "num_boost_round": 15.0, "subsample": 0.8505758695775785}, "datetime": {"datetime": "2024-01-20 16:13:25", "elapsed": 6540.273585, "delta": 0.004422}}
{"target": -13.399983757263573, "params": {"colsample_bytree": 0.797910503115039, "eta": 0.021220565496487355, "gamma": 965.8790639173725, "max_depth": 6.0, "min_child_weight": 4331.781604050927, "num_boost_round": 16.0, "subsample": 0.8505758695775785}, "datetime": {"datetime": "2024-01-20 16:13:25", "elapsed": 6540.278044, "delta": 0.004459}}
{"target": -13.40009293782159, "params": {"colsample_bytree": 0.797910503115039, "eta": 0.021220565496487355, "gamma": 965.8790639173725, "max_depth": 6.0, "min_child_weight": 4331.781604050927, "num_boost_round": 17.0, "subsample": 0.8505758695775785}, "datetime": {"datetime": "2024-01-20 16:13:25", "elapsed": 6540.282203, "delta": 0.004159}}
{"target": -13.400344079128438, "params": {"colsample_bytree": 0.797910503115039, "eta": 0.021220565496487355, "gamma": 965.8790639173725, "max_depth": 6.0, "min_child_weight": 4331.781604050927, "num_boost_round": 18.0, "subsample": 0.8505758695775785}, "datetime": {"datetime": "2024-01-20 16:13:25", "elapsed": 6540.28674, "delta": 0.004537}}
{"target": -13.400633791450591, "params": {"colsample_bytree": 0.797910503115039, "eta": 0.021220565496487355, "gamma": 965.8790639173725, "max_depth": 6.0, "min_child_weight": 4331.781604050927, "num_boost_round": 19.0, "subsample": 0.8505758695775785}, "datetime": {"datetime": "2024-01-20 16:13:25", "elapsed": 6540.291406, "delta": 0.004666}}
{"target": -13.400856302904652, "params": {"colsample_bytree": 0.797910503115039, "eta": 0.021220565496487355, "gamma": 965.8790639173725, "max_depth": 6.0, "min_child_weight": 4331.781604050927, "num_boost_round": 20.0, "subsample": 0.8505758695775785}, "datetime": {"datetime": "2024-01-20 16:13:25", "elapsed": 6540.295597, "delta": 0.004191}}
{"target": -13.401180102373168, "params": {"colsample_bytree": 0.797910503115039, "eta": 0.021220565496487355, "gamma": 965.8790639173725, "max_depth": 6.0, "min_child_weight": 4331.781604050927, "num_boost_round": 21.0, "subsample": 0.8505758695775785}, "datetime": {"datetime": "2024-01-20 16:13:25", "elapsed": 6540.300115, "delta": 0.004518}}
{"target": -13.401499053719549, "params": {"colsample_bytree": 0.797910503115039, "eta": 0.021220565496487355, "gamma": 965.8790639173725, "max_depth": 6.0, "min_child_weight": 4331.781604050927, "num_boost_round": 22.0, "subsample": 0.8505758695775785}, "datetime": {"datetime": "2024-01-20 16:13:25", "elapsed": 6540.304374, "delta": 0.004259}}
{"target": -13.401949385184912, "params": {"colsample_bytree": 0.797910503115039, "eta": 0.021220565496487355, "gamma": 965.8790639173725, "max_depth": 6.0, "min_child_weight": 4331.781604050927, "num_boost_round": 23.0, "subsample": 0.8505758695775785}, "datetime": {"datetime": "2024-01-20 16:13:25", "elapsed": 6540.308881, "delta": 0.004507}}
{"target": -13.402140573097881, "params": {"colsample_bytree": 0.797910503115039, "eta": 0.021220565496487355, "gamma": 965.8790639173725, "max_depth": 6.0, "min_child_weight": 4331.781604050927, "num_boost_round": 24.0, "subsample": 0.8505758695775785}, "datetime": {"datetime": "2024-01-20 16:13:25", "elapsed": 6540.313298, "delta": 0.004417}}
{"target": -13.402416863304966, "params": {"colsample_bytree": 0.797910503115039, "eta": 0.021220565496487355, "gamma": 965.8790639173725, "max_depth": 6.0, "min_child_weight": 4331.781604050927, "num_boost_round": 25.0, "subsample": 0.8505758695775785}, "datetime": {"datetime": "2024-01-20 16:13:25", "elapsed": 6540.317467, "delta": 0.004169}}
{"target": -13.402752462546248, "params": {"colsample_bytree": 0.797910503115039, "eta": 0.021220565496487355, "gamma": 965.8790639173725, "max_depth": 6.0, "min_child_weight": 4331.781604050927, "num_boost_round": 26.0, "subsample": 0.8505758695775785}, "datetime": {"datetime": "2024-01-20 16:13:25", "elapsed": 6540.321647, "delta": 0.00418}}
{"target": -13.403061540585764, "params": {"colsample_bytree": 0.797910503115039, "eta": 0.021220565496487355, "gamma": 965.8790639173725, "max_depth": 6.0, "min_child_weight": 4331.781604050927, "num_boost_round": 27.0, "subsample": 0.8505758695775785}, "datetime": {"datetime": "2024-01-20 16:13:25", "elapsed": 6540.326184, "delta": 0.004537}}
{"target": -13.403315582243827, "params": {"colsample_bytree": 0.797910503115039, "eta": 0.021220565496487355, "gamma": 965.8790639173725, "max_depth": 6.0, "min_child_weight": 4331.781604050927, "num_boost_round": 28.0, "subsample": 0.8505758695775785}, "datetime": {"datetime": "2024-01-20 16:13:25", "elapsed": 6540.33047, "delta": 0.004286}}
{"target": -13.403571092666747, "params": {"colsample_bytree": 0.797910503115039, "eta": 0.021220565496487355, "gamma": 965.8790639173725, "max_depth": 6.0, "min_child_weight": 4331.781604050927, "num_boost_round": 29.0, "subsample": 0.8505758695775785}, "datetime": {"datetime": "2024-01-20 16:13:25", "elapsed": 6540.334625, "delta": 0.004155}}
{"target": -13.403751548637738, "params": {"colsample_bytree": 0.797910503115039, "eta": 0.021220565496487355, "gamma": 965.8790639173725, "max_depth": 6.0, "min_child_weight": 4331.781604050927, "num_boost_round": 30.0, "subsample": 0.8505758695775785}, "datetime": {"datetime": "2024-01-20 16:13:25", "elapsed": 6540.338945, "delta": 0.00432}}
{"target": -13.404063395420376, "params": {"colsample_bytree": 0.797910503115039, "eta": 0.021220565496487355, "gamma": 965.8790639173725, "max_depth": 6.0, "min_child_weight": 4331.781604050927, "num_boost_round": 31.0, "subsample": 0.8505758695775785}, "datetime": {"datetime": "2024-01-20 16:13:25", "elapsed": 6540.34334, "delta": 0.004395}}
{"target": -13.404477497730102, "params": {"colsample_bytree": 0.797910503115039, "eta": 0.021220565496487355, "gamma": 965.8790639173725, "max_depth": 6.0, "min_child_weight": 4331.781604050927, "num_boost_round": 32.0, "subsample": 0.8505758695775785}, "datetime": {"datetime": "2024-01-20 16:13:25", "elapsed": 6540.347657, "delta": 0.004317}}
{"target": -13.398000459720913, "params": {"colsample_bytree": 0.14502340602274533, "eta": 0.04899735884873267, "gamma": 801.2456083442285, "max_depth": 5.0, "min_child_weight": 3605.145803181966, "num_boost_round": 1.0, "subsample": 0.7457242290712178}, "datetime": {"datetime": "2024-01-20 16:14:56", "elapsed": 6630.936338, "delta": 90.588681}}
{"target": -13.39814173059283, "params": {"colsample_bytree": 0.14502340602274533, "eta": 0.04899735884873267, "gamma": 801.2456083442285, "max_depth": 5.0, "min_child_weight": 3605.145803181966, "num_boost_round": 2.0, "subsample": 0.7457242290712178}, "datetime": {"datetime": "2024-01-20 16:14:56", "elapsed": 6630.943929, "delta": 0.007591}}
{"target": -13.398319693939087, "params": {"colsample_bytree": 0.14502340602274533, "eta": 0.04899735884873267, "gamma": 801.2456083442285, "max_depth": 5.0, "min_child_weight": 3605.145803181966, "num_boost_round": 3.0, "subsample": 0.7457242290712178}, "datetime": {"datetime": "2024-01-20 16:14:56", "elapsed": 6630.950926, "delta": 0.006997}}
{"target": -13.39830149752612, "params": {"colsample_bytree": 0.14502340602274533, "eta": 0.04899735884873267, "gamma": 801.2456083442285, "max_depth": 5.0, "min_child_weight": 3605.145803181966, "num_boost_round": 4.0, "subsample": 0.7457242290712178}, "datetime": {"datetime": "2024-01-20 16:14:56", "elapsed": 6630.95551, "delta": 0.004584}}
{"target": -13.397757361759574, "params": {"colsample_bytree": 0.2295708514898118, "eta": 0.0661873783592216, "gamma": 714.3867652404654, "max_depth": 8.0, "min_child_weight": 3872.8596465709147, "num_boost_round": 1.0, "subsample": 0.26989681804062626}, "datetime": {"datetime": "2024-01-20 16:15:33", "elapsed": 6668.535718, "delta": 37.580208}}
{"target": -13.397614923633673, "params": {"colsample_bytree": 0.2295708514898118, "eta": 0.0661873783592216, "gamma": 714.3867652404654, "max_depth": 8.0, "min_child_weight": 3872.8596465709147, "num_boost_round": 2.0, "subsample": 0.26989681804062626}, "datetime": {"datetime": "2024-01-20 16:15:33", "elapsed": 6668.541352, "delta": 0.005634}}
{"target": -13.397840126659244, "params": {"colsample_bytree": 0.24483279084352735, "eta": 0.01183258786941053, "gamma": 702.3561631537042, "max_depth": 3.0, "min_child_weight": 3961.7822529909686, "num_boost_round": 1.0, "subsample": 0.9130621033586386}, "datetime": {"datetime": "2024-01-20 16:16:17", "elapsed": 6712.126316, "delta": 43.584964}}
{"target": -13.397842811074895, "params": {"colsample_bytree": 0.24483279084352735, "eta": 0.01183258786941053, "gamma": 702.3561631537042, "max_depth": 3.0, "min_child_weight": 3961.7822529909686, "num_boost_round": 2.0, "subsample": 0.9130621033586386}, "datetime": {"datetime": "2024-01-20 16:16:17", "elapsed": 6712.131905, "delta": 0.005589}}
