{"target": -13.397867483498334, "params": {"colsample_bytree": 0.3533739139875691, "eta": 0.011755156475987275, "gamma": 760.1549162451074, "max_depth": 6.0, "min_child_weight": 3996.8274518859353, "num_boost_round": 6.0, "subsample": 0.47025518300185853}, "datetime": {"datetime": "2024-01-20 14:39:19", "elapsed": 894.596352, "delta": 0.001247}}
{"target": -13.397943273847595, "params": {"colsample_bytree": 0.3533739139875691, "eta": 0.011755156475987275, "gamma": 760.1549162451074, "max_depth": 6.0, "min_child_weight": 3996.8274518859353, "num_boost_round": 7.0, "subsample": 0.47025518300185853}, "datetime": {"datetime": "2024-01-20 14:39:19", "elapsed": 894.597593, "delta": 0.001241}}
{"target": -13.397929737019627, "params": {"colsample_bytree": 0.3533739139875691, "eta": 0.011755156475987275, "gamma": 760.1549162451074, "max_depth": 6.0, "min_child_weight": 3996.8274518859353, "num_boost_round": 8.0, "subsample": 0.47025518300185853}, "datetime": {"datetime": "2024-01-20 14:39:19", "elapsed": 894.598885, "delta": 0.001292}}
{"target": -13.39801519755248, "params": {"colsample_bytree": 0.3533739139875691, "eta": 0.011755156475987275, "gamma": 760.1549162451074, "max_depth": 6.0, "min_child_weight": 3996.8274518859353, "num_boost_round": 9.0, "subsample": 0.47025518300185853}, "datetime": {"datetime": "2024-01-20 14:39:19", "elapsed": 894.600108, "delta": 0.001223}}
{"target": -13.397737763646411, "params": {"colsample_bytree": 0.3125264976095575, "eta": 0.02991945017220648, "gamma": 821.2309013242719, "max_depth": 5.0, "min_child_weight": 3909.3398054342456, "num_boost_round": 1.0, "subsample": 0.828112981382338}, "datetime": {"datetime": "2024-01-20 14:39:37", "elapsed": 912.187056, "delta": 17.586948}}
{"target": -13.397758584982856, "params": {"colsample_bytree": 0.3125264976095575, "eta": 0.02991945017220648, "gamma": 821.2309013242719, "max_depth": 5.0, "min_child_weight": 3909.3398054342456, "num_boost_round": 2.0, "subsample": 0.828112981382338}, "datetime": {"datetime": "2024-01-20 14:39:37", "elapsed": 912.188766, "delta": 0.00171}}
{"target": -13.397808660286891, "params": {"colsample_bytree": 0.3125264976095575, "eta": 0.02991945017220648, "gamma": 821.2309013242719, "max_depth": 5.0, "min_child_weight": 3909.3398054342456, "num_boost_round": 3.0, "subsample": 0.828112981382338}, "datetime": {"datetime": "2024-01-20 14:39:37", "elapsed": 912.19014, "delta": 0.001374}}
{"target": -13.398157140430385, "params": {"colsample_bytree": 0.3125264976095575, "eta": 0.02991945017220648, "gamma": 821.2309013242719, "max_depth": 5.0, "min_child_weight": 3909.3398054342456, "num_boost_round": 4.0, "subsample": 0.828112981382338}, "datetime": {"datetime": "2024-01-20 14:39:37", "elapsed": 912.191707, "delta": 0.001567}}
{"target": -13.39856825848457, "params": {"colsample_bytree": 0.3125264976095575, "eta": 0.02991945017220648, "gamma": 821.2309013242719, "max_depth": 5.0, "min_child_weight": 3909.3398054342456, "num_boost_round": 5.0, "subsample": 0.828112981382338}, "datetime": {"datetime": "2024-01-20 14:39:37", "elapsed": 912.193217, "delta": 0.00151}}
{"target": -13.397771531569429, "params": {"colsample_bytree": 0.20017922644779473, "eta": 0.013304102609755036, "gamma": 731.3776157393661, "max_depth": 2.0, "min_child_weight": 4097.381319587099, "num_boost_round": 1.0, "subsample": 0.15195528435369673}, "datetime": {"datetime": "2024-01-20 14:39:53", "elapsed": 927.689043, "delta": 15.495826}}
{"target": -13.397737573622928, "params": {"colsample_bytree": 0.20017922644779473, "eta": 0.013304102609755036, "gamma": 731.3776157393661, "max_depth": 2.0, "min_child_weight": 4097.381319587099, "num_boost_round": 2.0, "subsample": 0.15195528435369673}, "datetime": {"datetime": "2024-01-20 14:39:53", "elapsed": 927.690644, "delta": 0.001601}}
{"target": -13.397339829437797, "params": {"colsample_bytree": 0.5571384790265324, "eta": 0.07746457894664553, "gamma": 809.4499044318031, "max_depth": 7.0, "min_child_weight": 4049.418248086771, "num_boost_round": 1.0, "subsample": 0.4005997229674927}, "datetime": {"datetime": "2024-01-20 14:40:33", "elapsed": 968.099295, "delta": 40.408651}}
{"target": -13.397351642961887, "params": {"colsample_bytree": 0.5571384790265324, "eta": 0.07746457894664553, "gamma": 809.4499044318031, "max_depth": 7.0, "min_child_weight": 4049.418248086771, "num_boost_round": 2.0, "subsample": 0.4005997229674927}, "datetime": {"datetime": "2024-01-20 14:40:33", "elapsed": 968.102, "delta": 0.002705}}
{"target": -13.397248288614332, "params": {"colsample_bytree": 0.5571384790265324, "eta": 0.07746457894664553, "gamma": 809.4499044318031, "max_depth": 7.0, "min_child_weight": 4049.418248086771, "num_boost_round": 3.0, "subsample": 0.4005997229674927}, "datetime": {"datetime": "2024-01-20 14:40:33", "elapsed": 968.103363, "delta": 0.001363}}
{"target": -13.397080570343693, "params": {"colsample_bytree": 0.5571384790265324, "eta": 0.07746457894664553, "gamma": 809.4499044318031, "max_depth": 7.0, "min_child_weight": 4049.418248086771, "num_boost_round": 4.0, "subsample": 0.4005997229674927}, "datetime": {"datetime": "2024-01-20 14:40:33", "elapsed": 968.104938, "delta": 0.001575}}
{"target": -13.396899191815903, "params": {"colsample_bytree": 0.5571384790265324, "eta": 0.07746457894664553, "gamma": 809.4499044318031, "max_depth": 7.0, "min_child_weight": 4049.418248086771, "num_boost_round": 5.0, "subsample": 0.4005997229674927}, "datetime": {"datetime": "2024-01-20 14:40:33", "elapsed": 968.106104, "delta": 0.001166}}
{"target": -13.396815642327594, "params": {"colsample_bytree": 0.5571384790265324, "eta": 0.07746457894664553, "gamma": 809.4499044318031, "max_depth": 7.0, "min_child_weight": 4049.418248086771, "num_boost_round": 6.0, "subsample": 0.4005997229674927}, "datetime": {"datetime": "2024-01-20 14:40:33", "elapsed": 968.107465, "delta": 0.001361}}
{"target": -13.39749692410101, "params": {"colsample_bytree": 0.5571384790265324, "eta": 0.07746457894664553, "gamma": 809.4499044318031, "max_depth": 7.0, "min_child_weight": 4049.418248086771, "num_boost_round": 7.0, "subsample": 0.4005997229674927}, "datetime": {"datetime": "2024-01-20 14:40:33", "elapsed": 968.108805, "delta": 0.00134}}
{"target": -13.398072792918303, "params": {"colsample_bytree": 0.5571384790265324, "eta": 0.07746457894664553, "gamma": 809.4499044318031, "max_depth": 7.0, "min_child_weight": 4049.418248086771, "num_boost_round": 8.0, "subsample": 0.4005997229674927}, "datetime": {"datetime": "2024-01-20 14:40:33", "elapsed": 968.110042, "delta": 0.001237}}
{"target": -13.398756377572255, "params": {"colsample_bytree": 0.5571384790265324, "eta": 0.07746457894664553, "gamma": 809.4499044318031, "max_depth": 7.0, "min_child_weight": 4049.418248086771, "num_boost_round": 9.0, "subsample": 0.4005997229674927}, "datetime": {"datetime": "2024-01-20 14:40:33", "elapsed": 968.111379, "delta": 0.001337}}
{"target": -13.399100320194375, "params": {"colsample_bytree": 0.5571384790265324, "eta": 0.07746457894664553, "gamma": 809.4499044318031, "max_depth": 7.0, "min_child_weight": 4049.418248086771, "num_boost_round": 10.0, "subsample": 0.4005997229674927}, "datetime": {"datetime": "2024-01-20 14:40:33", "elapsed": 968.112727, "delta": 0.001348}}
{"target": -13.399711042140943, "params": {"colsample_bytree": 0.5571384790265324, "eta": 0.07746457894664553, "gamma": 809.4499044318031, "max_depth": 7.0, "min_child_weight": 4049.418248086771, "num_boost_round": 11.0, "subsample": 0.4005997229674927}, "datetime": {"datetime": "2024-01-20 14:40:33", "elapsed": 968.114458, "delta": 0.001731}}
{"target": -13.400077081055596, "params": {"colsample_bytree": 0.5571384790265324, "eta": 0.07746457894664553, "gamma": 809.4499044318031, "max_depth": 7.0, "min_child_weight": 4049.418248086771, "num_boost_round": 12.0, "subsample": 0.4005997229674927}, "datetime": {"datetime": "2024-01-20 14:40:33", "elapsed": 968.116105, "delta": 0.001647}}
{"target": -13.400284433743302, "params": {"colsample_bytree": 0.5571384790265324, "eta": 0.07746457894664553, "gamma": 809.4499044318031, "max_depth": 7.0, "min_child_weight": 4049.418248086771, "num_boost_round": 13.0, "subsample": 0.4005997229674927}, "datetime": {"datetime": "2024-01-20 14:40:33", "elapsed": 968.117677, "delta": 0.001572}}
{"target": -13.400596420871674, "params": {"colsample_bytree": 0.5571384790265324, "eta": 0.07746457894664553, "gamma": 809.4499044318031, "max_depth": 7.0, "min_child_weight": 4049.418248086771, "num_boost_round": 14.0, "subsample": 0.4005997229674927}, "datetime": {"datetime": "2024-01-20 14:40:33", "elapsed": 968.119134, "delta": 0.001457}}
{"target": -13.401386412832682, "params": {"colsample_bytree": 0.5571384790265324, "eta": 0.07746457894664553, "gamma": 809.4499044318031, "max_depth": 7.0, "min_child_weight": 4049.418248086771, "num_boost_round": 15.0, "subsample": 0.4005997229674927}, "datetime": {"datetime": "2024-01-20 14:40:33", "elapsed": 968.120426, "delta": 0.001292}}
{"target": -13.402057482552511, "params": {"colsample_bytree": 0.5571384790265324, "eta": 0.07746457894664553, "gamma": 809.4499044318031, "max_depth": 7.0, "min_child_weight": 4049.418248086771, "num_boost_round": 16.0, "subsample": 0.4005997229674927}, "datetime": {"datetime": "2024-01-20 14:40:33", "elapsed": 968.121749, "delta": 0.001323}}
{"target": -13.402449297640878, "params": {"colsample_bytree": 0.5571384790265324, "eta": 0.07746457894664553, "gamma": 809.4499044318031, "max_depth": 7.0, "min_child_weight": 4049.418248086771, "num_boost_round": 17.0, "subsample": 0.4005997229674927}, "datetime": {"datetime": "2024-01-20 14:40:33", "elapsed": 968.123048, "delta": 0.001299}}
{"target": -13.402958824058565, "params": {"colsample_bytree": 0.5571384790265324, "eta": 0.07746457894664553, "gamma": 809.4499044318031, "max_depth": 7.0, "min_child_weight": 4049.418248086771, "num_boost_round": 18.0, "subsample": 0.4005997229674927}, "datetime": {"datetime": "2024-01-20 14:40:33", "elapsed": 968.124344, "delta": 0.001296}}
{"target": -13.403490208069252, "params": {"colsample_bytree": 0.5571384790265324, "eta": 0.07746457894664553, "gamma": 809.4499044318031, "max_depth": 7.0, "min_child_weight": 4049.418248086771, "num_boost_round": 19.0, "subsample": 0.4005997229674927}, "datetime": {"datetime": "2024-01-20 14:40:33", "elapsed": 968.125788, "delta": 0.001444}}
{"target": -13.403701114716918, "params": {"colsample_bytree": 0.5571384790265324, "eta": 0.07746457894664553, "gamma": 809.4499044318031, "max_depth": 7.0, "min_child_weight": 4049.418248086771, "num_boost_round": 20.0, "subsample": 0.4005997229674927}, "datetime": {"datetime": "2024-01-20 14:40:33", "elapsed": 968.127491, "delta": 0.001703}}
{"target": -13.404144888539761, "params": {"colsample_bytree": 0.5571384790265324, "eta": 0.07746457894664553, "gamma": 809.4499044318031, "max_depth": 7.0, "min_child_weight": 4049.418248086771, "num_boost_round": 21.0, "subsample": 0.4005997229674927}, "datetime": {"datetime": "2024-01-20 14:40:33", "elapsed": 968.128929, "delta": 0.001438}}
{"target": -13.404379081662295, "params": {"colsample_bytree": 0.5571384790265324, "eta": 0.07746457894664553, "gamma": 809.4499044318031, "max_depth": 7.0, "min_child_weight": 4049.418248086771, "num_boost_round": 22.0, "subsample": 0.4005997229674927}, "datetime": {"datetime": "2024-01-20 14:40:33", "elapsed": 968.130445, "delta": 0.001516}}
{"target": -13.405704683255824, "params": {"colsample_bytree": 0.5571384790265324, "eta": 0.07746457894664553, "gamma": 809.4499044318031, "max_depth": 7.0, "min_child_weight": 4049.418248086771, "num_boost_round": 23.0, "subsample": 0.4005997229674927}, "datetime": {"datetime": "2024-01-20 14:40:33", "elapsed": 968.131655, "delta": 0.00121}}
{"target": -13.40629600620012, "params": {"colsample_bytree": 0.5571384790265324, "eta": 0.07746457894664553, "gamma": 809.4499044318031, "max_depth": 7.0, "min_child_weight": 4049.418248086771, "num_boost_round": 24.0, "subsample": 0.4005997229674927}, "datetime": {"datetime": "2024-01-20 14:40:33", "elapsed": 968.13288, "delta": 0.001225}}
{"target": -13.406688377092411, "params": {"colsample_bytree": 0.5571384790265324, "eta": 0.07746457894664553, "gamma": 809.4499044318031, "max_depth": 7.0, "min_child_weight": 4049.418248086771, "num_boost_round": 25.0, "subsample": 0.4005997229674927}, "datetime": {"datetime": "2024-01-20 14:40:33", "elapsed": 968.134063, "delta": 0.001183}}
{"target": -13.407223929902624, "params": {"colsample_bytree": 0.5571384790265324, "eta": 0.07746457894664553, "gamma": 809.4499044318031, "max_depth": 7.0, "min_child_weight": 4049.418248086771, "num_boost_round": 26.0, "subsample": 0.4005997229674927}, "datetime": {"datetime": "2024-01-20 14:40:33", "elapsed": 968.135291, "delta": 0.001228}}
{"target": -13.407859483626277, "params": {"colsample_bytree": 0.5571384790265324, "eta": 0.07746457894664553, "gamma": 809.4499044318031, "max_depth": 7.0, "min_child_weight": 4049.418248086771, "num_boost_round": 27.0, "subsample": 0.4005997229674927}, "datetime": {"datetime": "2024-01-20 14:40:33", "elapsed": 968.136521, "delta": 0.00123}}
{"target": -13.408648706578264, "params": {"colsample_bytree": 0.5571384790265324, "eta": 0.07746457894664553, "gamma": 809.4499044318031, "max_depth": 7.0, "min_child_weight": 4049.418248086771, "num_boost_round": 28.0, "subsample": 0.4005997229674927}, "datetime": {"datetime": "2024-01-20 14:40:33", "elapsed": 968.137721, "delta": 0.0012}}
{"target": -13.408947388960803, "params": {"colsample_bytree": 0.5571384790265324, "eta": 0.07746457894664553, "gamma": 809.4499044318031, "max_depth": 7.0, "min_child_weight": 4049.418248086771, "num_boost_round": 29.0, "subsample": 0.4005997229674927}, "datetime": {"datetime": "2024-01-20 14:40:33", "elapsed": 968.139002, "delta": 0.001281}}
{"target": -13.409196256087473, "params": {"colsample_bytree": 0.5571384790265324, "eta": 0.07746457894664553, "gamma": 809.4499044318031, "max_depth": 7.0, "min_child_weight": 4049.418248086771, "num_boost_round": 30.0, "subsample": 0.4005997229674927}, "datetime": {"datetime": "2024-01-20 14:40:33", "elapsed": 968.140207, "delta": 0.001205}}
{"target": -13.409789782535498, "params": {"colsample_bytree": 0.5571384790265324, "eta": 0.07746457894664553, "gamma": 809.4499044318031, "max_depth": 7.0, "min_child_weight": 4049.418248086771, "num_boost_round": 31.0, "subsample": 0.4005997229674927}, "datetime": {"datetime": "2024-01-20 14:40:33", "elapsed": 968.141391, "delta": 0.001184}}
{"target": -13.409812206275639, "params": {"colsample_bytree": 0.5571384790265324, "eta": 0.07746457894664553, "gamma": 809.4499044318031, "max_depth": 7.0, "min_child_weight": 4049.418248086771, "num_boost_round": 32.0, "subsample": 0.4005997229674927}, "datetime": {"datetime": "2024-01-20 14:40:33", "elapsed": 968.142604, "delta": 0.001213}}
{"target": -13.410328587855263, "params": {"colsample_bytree": 0.5571384790265324, "eta": 0.07746457894664553, "gamma": 809.4499044318031, "max_depth": 7.0, "min_child_weight": 4049.418248086771, "num_boost_round": 33.0, "subsample": 0.4005997229674927}, "datetime": {"datetime": "2024-01-20 14:40:33", "elapsed": 968.143889, "delta": 0.001285}}
{"target": -13.411221601073276, "params": {"colsample_bytree": 0.5571384790265324, "eta": 0.07746457894664553, "gamma": 809.4499044318031, "max_depth": 7.0, "min_child_weight": 4049.418248086771, "num_boost_round": 34.0, "subsample": 0.4005997229674927}, "datetime": {"datetime": "2024-01-20 14:40:33", "elapsed": 968.145136, "delta": 0.001247}}
{"target": -13.412002475376628, "params": {"colsample_bytree": 0.5571384790265324, "eta": 0.07746457894664553, "gamma": 809.4499044318031, "max_depth": 7.0, "min_child_weight": 4049.418248086771, "num_boost_round": 35.0, "subsample": 0.4005997229674927}, "datetime": {"datetime": "2024-01-20 14:40:33", "elapsed": 968.146352, "delta": 0.001216}}
{"target": -13.412901935030261, "params": {"colsample_bytree": 0.5571384790265324, "eta": 0.07746457894664553, "gamma": 809.4499044318031, "max_depth": 7.0, "min_child_weight": 4049.418248086771, "num_boost_round": 36.0, "subsample": 0.4005997229674927}, "datetime": {"datetime": "2024-01-20 14:40:33", "elapsed": 968.1476, "delta": 0.001248}}
{"target": -13.413351319934257, "params": {"colsample_bytree": 0.5571384790265324, "eta": 0.07746457894664553, "gamma": 809.4499044318031, "max_depth": 7.0, "min_child_weight": 4049.418248086771, "num_boost_round": 37.0, "subsample": 0.4005997229674927}, "datetime": {"datetime": "2024-01-20 14:40:33", "elapsed": 968.148793, "delta": 0.001193}}
{"target": -13.413619607990205, "params": {"colsample_bytree": 0.5571384790265324, "eta": 0.07746457894664553, "gamma": 809.4499044318031, "max_depth": 7.0, "min_child_weight": 4049.418248086771, "num_boost_round": 38.0, "subsample": 0.4005997229674927}, "datetime": {"datetime": "2024-01-20 14:40:33", "elapsed": 968.150139, "delta": 0.001346}}
{"target": -13.41371374776903, "params": {"colsample_bytree": 0.5571384790265324, "eta": 0.07746457894664553, "gamma": 809.4499044318031, "max_depth": 7.0, "min_child_weight": 4049.418248086771, "num_boost_round": 39.0, "subsample": 0.4005997229674927}, "datetime": {"datetime": "2024-01-20 14:40:33", "elapsed": 968.151321, "delta": 0.001182}}
{"target": -13.414305132601825, "params": {"colsample_bytree": 0.5571384790265324, "eta": 0.07746457894664553, "gamma": 809.4499044318031, "max_depth": 7.0, "min_child_weight": 4049.418248086771, "num_boost_round": 40.0, "subsample": 0.4005997229674927}, "datetime": {"datetime": "2024-01-20 14:40:33", "elapsed": 968.152523, "delta": 0.001202}}
{"target": -13.414705586811078, "params": {"colsample_bytree": 0.5571384790265324, "eta": 0.07746457894664553, "gamma": 809.4499044318031, "max_depth": 7.0, "min_child_weight": 4049.418248086771, "num_boost_round": 41.0, "subsample": 0.4005997229674927}, "datetime": {"datetime": "2024-01-20 14:40:33", "elapsed": 968.153743, "delta": 0.00122}}
{"target": -13.415198799325204, "params": {"colsample_bytree": 0.5571384790265324, "eta": 0.07746457894664553, "gamma": 809.4499044318031, "max_depth": 7.0, "min_child_weight": 4049.418248086771, "num_boost_round": 42.0, "subsample": 0.4005997229674927}, "datetime": {"datetime": "2024-01-20 14:40:33", "elapsed": 968.154945, "delta": 0.001202}}
{"target": -13.415584134354717, "params": {"colsample_bytree": 0.5571384790265324, "eta": 0.07746457894664553, "gamma": 809.4499044318031, "max_depth": 7.0, "min_child_weight": 4049.418248086771, "num_boost_round": 43.0, "subsample": 0.4005997229674927}, "datetime": {"datetime": "2024-01-20 14:40:33", "elapsed": 968.156138, "delta": 0.001193}}
{"target": -13.415793886770448, "params": {"colsample_bytree": 0.5571384790265324, "eta": 0.07746457894664553, "gamma": 809.4499044318031, "max_depth": 7.0, "min_child_weight": 4049.418248086771, "num_boost_round": 44.0, "subsample": 0.4005997229674927}, "datetime": {"datetime": "2024-01-20 14:40:33", "elapsed": 968.157332, "delta": 0.001194}}
{"target": -13.397755983344577, "params": {"colsample_bytree": 0.9925875050622052, "eta": 6.580145475115698e-05, "gamma": 864.0787670962462, "max_depth": 8.0, "min_child_weight": 3419.3514343931265, "num_boost_round": 1.0, "subsample": 0.7530505844056706}, "datetime": {"datetime": "2024-01-20 14:41:01", "elapsed": 995.811053, "delta": 27.653721}}
{"target": -13.397755055536038, "params": {"colsample_bytree": 0.9925875050622052, "eta": 6.580145475115698e-05, "gamma": 864.0787670962462, "max_depth": 8.0, "min_child_weight": 3419.3514343931265, "num_boost_round": 2.0, "subsample": 0.7530505844056706}, "datetime": {"datetime": "2024-01-20 14:41:01", "elapsed": 995.812935, "delta": 0.001882}}
{"target": -13.397754087375883, "params": {"colsample_bytree": 0.9925875050622052, "eta": 6.580145475115698e-05, "gamma": 864.0787670962462, "max_depth": 8.0, "min_child_weight": 3419.3514343931265, "num_boost_round": 3.0, "subsample": 0.7530505844056706}, "datetime": {"datetime": "2024-01-20 14:41:01", "elapsed": 995.814506, "delta": 0.001571}}
{"target": -13.397752922400839, "params": {"colsample_bytree": 0.9925875050622052, "eta": 6.580145475115698e-05, "gamma": 864.0787670962462, "max_depth": 8.0, "min_child_weight": 3419.3514343931265, "num_boost_round": 4.0, "subsample": 0.7530505844056706}, "datetime": {"datetime": "2024-01-20 14:41:01", "elapsed": 995.81589, "delta": 0.001384}}
{"target": -13.397752023276132, "params": {"colsample_bytree": 0.9925875050622052, "eta": 6.580145475115698e-05, "gamma": 864.0787670962462, "max_depth": 8.0, "min_child_weight": 3419.3514343931265, "num_boost_round": 5.0, "subsample": 0.7530505844056706}, "datetime": {"datetime": "2024-01-20 14:41:01", "elapsed": 995.817163, "delta": 0.001273}}
{"target": -13.39775065801137, "params": {"colsample_bytree": 0.9925875050622052, "eta": 6.580145475115698e-05, "gamma": 864.0787670962462, "max_depth": 8.0, "min_child_weight": 3419.3514343931265, "num_boost_round": 6.0, "subsample": 0.7530505844056706}, "datetime": {"datetime": "2024-01-20 14:41:01", "elapsed": 995.818612, "delta": 0.001449}}
{"target": -13.397749649000772, "params": {"colsample_bytree": 0.9925875050622052, "eta": 6.580145475115698e-05, "gamma": 864.0787670962462, "max_depth": 8.0, "min_child_weight": 3419.3514343931265, "num_boost_round": 7.0, "subsample": 0.7530505844056706}, "datetime": {"datetime": "2024-01-20 14:41:01", "elapsed": 995.819965, "delta": 0.001353}}
{"target": -13.397749085412539, "params": {"colsample_bytree": 0.9925875050622052, "eta": 6.580145475115698e-05, "gamma": 864.0787670962462, "max_depth": 8.0, "min_child_weight": 3419.3514343931265, "num_boost_round": 8.0, "subsample": 0.7530505844056706}, "datetime": {"datetime": "2024-01-20 14:41:01", "elapsed": 995.821269, "delta": 0.001304}}
