{"target": -10.479525531117018, "params": {"colsample_bytree": 0.1306470082515348, "eta": 0.09997567212112221, "gamma": 621.962258134377, "max_depth": 3.0, "min_child_weight": 4412.135602965183, "num_boost_round": 11.0, "subsample": 0.6836124734221791}, "datetime": {"datetime": "2024-01-20 13:28:41", "elapsed": 213.991823, "delta": 0.000493}}
{"target": -10.479687023811524, "params": {"colsample_bytree": 0.1306470082515348, "eta": 0.09997567212112221, "gamma": 621.962258134377, "max_depth": 3.0, "min_child_weight": 4412.135602965183, "num_boost_round": 12.0, "subsample": 0.6836124734221791}, "datetime": {"datetime": "2024-01-20 13:28:41", "elapsed": 213.992312, "delta": 0.000489}}
{"target": -10.47981349945773, "params": {"colsample_bytree": 0.1306470082515348, "eta": 0.09997567212112221, "gamma": 621.962258134377, "max_depth": 3.0, "min_child_weight": 4412.135602965183, "num_boost_round": 13.0, "subsample": 0.6836124734221791}, "datetime": {"datetime": "2024-01-20 13:28:41", "elapsed": 213.992847, "delta": 0.000535}}
{"target": -10.479842161094151, "params": {"colsample_bytree": 0.1306470082515348, "eta": 0.09997567212112221, "gamma": 621.962258134377, "max_depth": 3.0, "min_child_weight": 4412.135602965183, "num_boost_round": 14.0, "subsample": 0.6836124734221791}, "datetime": {"datetime": "2024-01-20 13:28:41", "elapsed": 213.99335, "delta": 0.000503}}
{"target": -10.480032316287339, "params": {"colsample_bytree": 0.1306470082515348, "eta": 0.09997567212112221, "gamma": 621.962258134377, "max_depth": 3.0, "min_child_weight": 4412.135602965183, "num_boost_round": 15.0, "subsample": 0.6836124734221791}, "datetime": {"datetime": "2024-01-20 13:28:41", "elapsed": 213.993847, "delta": 0.000497}}
{"target": -10.480828179538966, "params": {"colsample_bytree": 0.1306470082515348, "eta": 0.09997567212112221, "gamma": 621.962258134377, "max_depth": 3.0, "min_child_weight": 4412.135602965183, "num_boost_round": 16.0, "subsample": 0.6836124734221791}, "datetime": {"datetime": "2024-01-20 13:28:41", "elapsed": 213.994351, "delta": 0.000504}}
{"target": -10.481388816142392, "params": {"colsample_bytree": 0.1306470082515348, "eta": 0.09997567212112221, "gamma": 621.962258134377, "max_depth": 3.0, "min_child_weight": 4412.135602965183, "num_boost_round": 17.0, "subsample": 0.6836124734221791}, "datetime": {"datetime": "2024-01-20 13:28:41", "elapsed": 213.994853, "delta": 0.000502}}
{"target": -10.481822342805945, "params": {"colsample_bytree": 0.1306470082515348, "eta": 0.09997567212112221, "gamma": 621.962258134377, "max_depth": 3.0, "min_child_weight": 4412.135602965183, "num_boost_round": 18.0, "subsample": 0.6836124734221791}, "datetime": {"datetime": "2024-01-20 13:28:41", "elapsed": 213.995351, "delta": 0.000498}}
{"target": -10.48193311433968, "params": {"colsample_bytree": 0.1306470082515348, "eta": 0.09997567212112221, "gamma": 621.962258134377, "max_depth": 3.0, "min_child_weight": 4412.135602965183, "num_boost_round": 19.0, "subsample": 0.6836124734221791}, "datetime": {"datetime": "2024-01-20 13:28:41", "elapsed": 213.995851, "delta": 0.0005}}
{"target": -10.481937304231273, "params": {"colsample_bytree": 0.1306470082515348, "eta": 0.09997567212112221, "gamma": 621.962258134377, "max_depth": 3.0, "min_child_weight": 4412.135602965183, "num_boost_round": 20.0, "subsample": 0.6836124734221791}, "datetime": {"datetime": "2024-01-20 13:28:41", "elapsed": 213.996355, "delta": 0.000504}}
{"target": -10.482380172936649, "params": {"colsample_bytree": 0.1306470082515348, "eta": 0.09997567212112221, "gamma": 621.962258134377, "max_depth": 3.0, "min_child_weight": 4412.135602965183, "num_boost_round": 21.0, "subsample": 0.6836124734221791}, "datetime": {"datetime": "2024-01-20 13:28:41", "elapsed": 213.997197, "delta": 0.000842}}
{"target": -10.482378541751226, "params": {"colsample_bytree": 0.1306470082515348, "eta": 0.09997567212112221, "gamma": 621.962258134377, "max_depth": 3.0, "min_child_weight": 4412.135602965183, "num_boost_round": 22.0, "subsample": 0.6836124734221791}, "datetime": {"datetime": "2024-01-20 13:28:41", "elapsed": 213.997717, "delta": 0.00052}}
{"target": -10.482703896276055, "params": {"colsample_bytree": 0.1306470082515348, "eta": 0.09997567212112221, "gamma": 621.962258134377, "max_depth": 3.0, "min_child_weight": 4412.135602965183, "num_boost_round": 23.0, "subsample": 0.6836124734221791}, "datetime": {"datetime": "2024-01-20 13:28:41", "elapsed": 213.998301, "delta": 0.000584}}
{"target": -10.48255913991315, "params": {"colsample_bytree": 0.1306470082515348, "eta": 0.09997567212112221, "gamma": 621.962258134377, "max_depth": 3.0, "min_child_weight": 4412.135602965183, "num_boost_round": 24.0, "subsample": 0.6836124734221791}, "datetime": {"datetime": "2024-01-20 13:28:41", "elapsed": 213.998812, "delta": 0.000511}}
{"target": -10.482451643853468, "params": {"colsample_bytree": 0.1306470082515348, "eta": 0.09997567212112221, "gamma": 621.962258134377, "max_depth": 3.0, "min_child_weight": 4412.135602965183, "num_boost_round": 25.0, "subsample": 0.6836124734221791}, "datetime": {"datetime": "2024-01-20 13:28:41", "elapsed": 213.999326, "delta": 0.000514}}
{"target": -10.482587179003698, "params": {"colsample_bytree": 0.1306470082515348, "eta": 0.09997567212112221, "gamma": 621.962258134377, "max_depth": 3.0, "min_child_weight": 4412.135602965183, "num_boost_round": 26.0, "subsample": 0.6836124734221791}, "datetime": {"datetime": "2024-01-20 13:28:41", "elapsed": 213.999837, "delta": 0.000511}}
{"target": -10.483226132240869, "params": {"colsample_bytree": 0.1306470082515348, "eta": 0.09997567212112221, "gamma": 621.962258134377, "max_depth": 3.0, "min_child_weight": 4412.135602965183, "num_boost_round": 27.0, "subsample": 0.6836124734221791}, "datetime": {"datetime": "2024-01-20 13:28:41", "elapsed": 214.00035, "delta": 0.000513}}
{"target": -10.483641397025295, "params": {"colsample_bytree": 0.1306470082515348, "eta": 0.09997567212112221, "gamma": 621.962258134377, "max_depth": 3.0, "min_child_weight": 4412.135602965183, "num_boost_round": 28.0, "subsample": 0.6836124734221791}, "datetime": {"datetime": "2024-01-20 13:28:41", "elapsed": 214.000867, "delta": 0.000517}}
{"target": -10.483724753005994, "params": {"colsample_bytree": 0.1306470082515348, "eta": 0.09997567212112221, "gamma": 621.962258134377, "max_depth": 3.0, "min_child_weight": 4412.135602965183, "num_boost_round": 29.0, "subsample": 0.6836124734221791}, "datetime": {"datetime": "2024-01-20 13:28:41", "elapsed": 214.001392, "delta": 0.000525}}
{"target": -10.483848523881466, "params": {"colsample_bytree": 0.1306470082515348, "eta": 0.09997567212112221, "gamma": 621.962258134377, "max_depth": 3.0, "min_child_weight": 4412.135602965183, "num_boost_round": 30.0, "subsample": 0.6836124734221791}, "datetime": {"datetime": "2024-01-20 13:28:41", "elapsed": 214.001901, "delta": 0.000509}}
{"target": -10.484217743959938, "params": {"colsample_bytree": 0.1306470082515348, "eta": 0.09997567212112221, "gamma": 621.962258134377, "max_depth": 3.0, "min_child_weight": 4412.135602965183, "num_boost_round": 31.0, "subsample": 0.6836124734221791}, "datetime": {"datetime": "2024-01-20 13:28:41", "elapsed": 214.002418, "delta": 0.000517}}
{"target": -10.484846681762793, "params": {"colsample_bytree": 0.1306470082515348, "eta": 0.09997567212112221, "gamma": 621.962258134377, "max_depth": 3.0, "min_child_weight": 4412.135602965183, "num_boost_round": 32.0, "subsample": 0.6836124734221791}, "datetime": {"datetime": "2024-01-20 13:28:41", "elapsed": 214.002932, "delta": 0.000514}}
{"target": -10.484912846375131, "params": {"colsample_bytree": 0.1306470082515348, "eta": 0.09997567212112221, "gamma": 621.962258134377, "max_depth": 3.0, "min_child_weight": 4412.135602965183, "num_boost_round": 33.0, "subsample": 0.6836124734221791}, "datetime": {"datetime": "2024-01-20 13:28:41", "elapsed": 214.003754, "delta": 0.000822}}
{"target": -10.485201675553874, "params": {"colsample_bytree": 0.1306470082515348, "eta": 0.09997567212112221, "gamma": 621.962258134377, "max_depth": 3.0, "min_child_weight": 4412.135602965183, "num_boost_round": 34.0, "subsample": 0.6836124734221791}, "datetime": {"datetime": "2024-01-20 13:28:41", "elapsed": 214.004281, "delta": 0.000527}}
{"target": -10.475956329244436, "params": {"colsample_bytree": 0.23112152935902452, "eta": 0.07863183895007407, "gamma": 500.488728263782, "max_depth": 3.0, "min_child_weight": 4350.271569990504, "num_boost_round": 1.0, "subsample": 0.7928020918314145}, "datetime": {"datetime": "2024-01-20 13:29:09", "elapsed": 241.131858, "delta": 27.127577}}
{"target": -10.475944818198302, "params": {"colsample_bytree": 0.23112152935902452, "eta": 0.07863183895007407, "gamma": 500.488728263782, "max_depth": 3.0, "min_child_weight": 4350.271569990504, "num_boost_round": 2.0, "subsample": 0.7928020918314145}, "datetime": {"datetime": "2024-01-20 13:29:09", "elapsed": 241.13373, "delta": 0.001872}}
{"target": -10.476035970425793, "params": {"colsample_bytree": 0.23112152935902452, "eta": 0.07863183895007407, "gamma": 500.488728263782, "max_depth": 3.0, "min_child_weight": 4350.271569990504, "num_boost_round": 3.0, "subsample": 0.7928020918314145}, "datetime": {"datetime": "2024-01-20 13:29:09", "elapsed": 241.134289, "delta": 0.000559}}
{"target": -10.475869157888235, "params": {"colsample_bytree": 0.23112152935902452, "eta": 0.07863183895007407, "gamma": 500.488728263782, "max_depth": 3.0, "min_child_weight": 4350.271569990504, "num_boost_round": 4.0, "subsample": 0.7928020918314145}, "datetime": {"datetime": "2024-01-20 13:29:09", "elapsed": 241.134818, "delta": 0.000529}}
{"target": -10.475696870544931, "params": {"colsample_bytree": 0.23112152935902452, "eta": 0.07863183895007407, "gamma": 500.488728263782, "max_depth": 3.0, "min_child_weight": 4350.271569990504, "num_boost_round": 5.0, "subsample": 0.7928020918314145}, "datetime": {"datetime": "2024-01-20 13:29:09", "elapsed": 241.135338, "delta": 0.00052}}
{"target": -10.475798256517102, "params": {"colsample_bytree": 0.23112152935902452, "eta": 0.07863183895007407, "gamma": 500.488728263782, "max_depth": 3.0, "min_child_weight": 4350.271569990504, "num_boost_round": 6.0, "subsample": 0.7928020918314145}, "datetime": {"datetime": "2024-01-20 13:29:09", "elapsed": 241.135851, "delta": 0.000513}}
{"target": -10.476125978429442, "params": {"colsample_bytree": 0.23112152935902452, "eta": 0.07863183895007407, "gamma": 500.488728263782, "max_depth": 3.0, "min_child_weight": 4350.271569990504, "num_boost_round": 7.0, "subsample": 0.7928020918314145}, "datetime": {"datetime": "2024-01-20 13:29:09", "elapsed": 241.136379, "delta": 0.000528}}
{"target": -10.476093415426412, "params": {"colsample_bytree": 0.23112152935902452, "eta": 0.07863183895007407, "gamma": 500.488728263782, "max_depth": 3.0, "min_child_weight": 4350.271569990504, "num_boost_round": 8.0, "subsample": 0.7928020918314145}, "datetime": {"datetime": "2024-01-20 13:29:09", "elapsed": 241.137149, "delta": 0.00077}}
{"target": -10.476308287922812, "params": {"colsample_bytree": 0.23112152935902452, "eta": 0.07863183895007407, "gamma": 500.488728263782, "max_depth": 3.0, "min_child_weight": 4350.271569990504, "num_boost_round": 9.0, "subsample": 0.7928020918314145}, "datetime": {"datetime": "2024-01-20 13:29:09", "elapsed": 241.138529, "delta": 0.00138}}
{"target": -10.476727424737653, "params": {"colsample_bytree": 0.23112152935902452, "eta": 0.07863183895007407, "gamma": 500.488728263782, "max_depth": 3.0, "min_child_weight": 4350.271569990504, "num_boost_round": 10.0, "subsample": 0.7928020918314145}, "datetime": {"datetime": "2024-01-20 13:29:09", "elapsed": 241.139062, "delta": 0.000533}}
{"target": -10.477235289204204, "params": {"colsample_bytree": 0.23112152935902452, "eta": 0.07863183895007407, "gamma": 500.488728263782, "max_depth": 3.0, "min_child_weight": 4350.271569990504, "num_boost_round": 11.0, "subsample": 0.7928020918314145}, "datetime": {"datetime": "2024-01-20 13:29:09", "elapsed": 241.13996, "delta": 0.000898}}
{"target": -10.47751071949455, "params": {"colsample_bytree": 0.23112152935902452, "eta": 0.07863183895007407, "gamma": 500.488728263782, "max_depth": 3.0, "min_child_weight": 4350.271569990504, "num_boost_round": 12.0, "subsample": 0.7928020918314145}, "datetime": {"datetime": "2024-01-20 13:29:09", "elapsed": 241.140506, "delta": 0.000546}}
{"target": -10.477517461764087, "params": {"colsample_bytree": 0.23112152935902452, "eta": 0.07863183895007407, "gamma": 500.488728263782, "max_depth": 3.0, "min_child_weight": 4350.271569990504, "num_boost_round": 13.0, "subsample": 0.7928020918314145}, "datetime": {"datetime": "2024-01-20 13:29:09", "elapsed": 241.141078, "delta": 0.000572}}
{"target": -10.477694986699642, "params": {"colsample_bytree": 0.23112152935902452, "eta": 0.07863183895007407, "gamma": 500.488728263782, "max_depth": 3.0, "min_child_weight": 4350.271569990504, "num_boost_round": 14.0, "subsample": 0.7928020918314145}, "datetime": {"datetime": "2024-01-20 13:29:09", "elapsed": 241.141612, "delta": 0.000534}}
{"target": -10.478304656296745, "params": {"colsample_bytree": 0.23112152935902452, "eta": 0.07863183895007407, "gamma": 500.488728263782, "max_depth": 3.0, "min_child_weight": 4350.271569990504, "num_boost_round": 15.0, "subsample": 0.7928020918314145}, "datetime": {"datetime": "2024-01-20 13:29:09", "elapsed": 241.142145, "delta": 0.000533}}
{"target": -10.478730707218801, "params": {"colsample_bytree": 0.23112152935902452, "eta": 0.07863183895007407, "gamma": 500.488728263782, "max_depth": 3.0, "min_child_weight": 4350.271569990504, "num_boost_round": 16.0, "subsample": 0.7928020918314145}, "datetime": {"datetime": "2024-01-20 13:29:09", "elapsed": 241.142673, "delta": 0.000528}}
{"target": -10.479099285738359, "params": {"colsample_bytree": 0.23112152935902452, "eta": 0.07863183895007407, "gamma": 500.488728263782, "max_depth": 3.0, "min_child_weight": 4350.271569990504, "num_boost_round": 17.0, "subsample": 0.7928020918314145}, "datetime": {"datetime": "2024-01-20 13:29:09", "elapsed": 241.143208, "delta": 0.000535}}
{"target": -10.479247330347413, "params": {"colsample_bytree": 0.23112152935902452, "eta": 0.07863183895007407, "gamma": 500.488728263782, "max_depth": 3.0, "min_child_weight": 4350.271569990504, "num_boost_round": 18.0, "subsample": 0.7928020918314145}, "datetime": {"datetime": "2024-01-20 13:29:09", "elapsed": 241.14374, "delta": 0.000532}}
{"target": -10.479541846979714, "params": {"colsample_bytree": 0.23112152935902452, "eta": 0.07863183895007407, "gamma": 500.488728263782, "max_depth": 3.0, "min_child_weight": 4350.271569990504, "num_boost_round": 19.0, "subsample": 0.7928020918314145}, "datetime": {"datetime": "2024-01-20 13:29:09", "elapsed": 241.144279, "delta": 0.000539}}
{"target": -10.479883394932312, "params": {"colsample_bytree": 0.23112152935902452, "eta": 0.07863183895007407, "gamma": 500.488728263782, "max_depth": 3.0, "min_child_weight": 4350.271569990504, "num_boost_round": 20.0, "subsample": 0.7928020918314145}, "datetime": {"datetime": "2024-01-20 13:29:09", "elapsed": 241.14481, "delta": 0.000531}}
{"target": -10.479952997981805, "params": {"colsample_bytree": 0.23112152935902452, "eta": 0.07863183895007407, "gamma": 500.488728263782, "max_depth": 3.0, "min_child_weight": 4350.271569990504, "num_boost_round": 21.0, "subsample": 0.7928020918314145}, "datetime": {"datetime": "2024-01-20 13:29:09", "elapsed": 241.145347, "delta": 0.000537}}
{"target": -10.479871836479372, "params": {"colsample_bytree": 0.23112152935902452, "eta": 0.07863183895007407, "gamma": 500.488728263782, "max_depth": 3.0, "min_child_weight": 4350.271569990504, "num_boost_round": 22.0, "subsample": 0.7928020918314145}, "datetime": {"datetime": "2024-01-20 13:29:09", "elapsed": 241.146161, "delta": 0.000814}}
{"target": -10.480157762738935, "params": {"colsample_bytree": 0.23112152935902452, "eta": 0.07863183895007407, "gamma": 500.488728263782, "max_depth": 3.0, "min_child_weight": 4350.271569990504, "num_boost_round": 23.0, "subsample": 0.7928020918314145}, "datetime": {"datetime": "2024-01-20 13:29:09", "elapsed": 241.146703, "delta": 0.000542}}
{"target": -10.480307538045954, "params": {"colsample_bytree": 0.23112152935902452, "eta": 0.07863183895007407, "gamma": 500.488728263782, "max_depth": 3.0, "min_child_weight": 4350.271569990504, "num_boost_round": 24.0, "subsample": 0.7928020918314145}, "datetime": {"datetime": "2024-01-20 13:29:09", "elapsed": 241.14725, "delta": 0.000547}}
{"target": -10.480602800454882, "params": {"colsample_bytree": 0.23112152935902452, "eta": 0.07863183895007407, "gamma": 500.488728263782, "max_depth": 3.0, "min_child_weight": 4350.271569990504, "num_boost_round": 25.0, "subsample": 0.7928020918314145}, "datetime": {"datetime": "2024-01-20 13:29:09", "elapsed": 241.147792, "delta": 0.000542}}
{"target": -10.480790707103566, "params": {"colsample_bytree": 0.23112152935902452, "eta": 0.07863183895007407, "gamma": 500.488728263782, "max_depth": 3.0, "min_child_weight": 4350.271569990504, "num_boost_round": 26.0, "subsample": 0.7928020918314145}, "datetime": {"datetime": "2024-01-20 13:29:09", "elapsed": 241.148338, "delta": 0.000546}}
{"target": -10.481376377673914, "params": {"colsample_bytree": 0.23112152935902452, "eta": 0.07863183895007407, "gamma": 500.488728263782, "max_depth": 3.0, "min_child_weight": 4350.271569990504, "num_boost_round": 27.0, "subsample": 0.7928020918314145}, "datetime": {"datetime": "2024-01-20 13:29:09", "elapsed": 241.148878, "delta": 0.00054}}
{"target": -10.475963248647824, "params": {"colsample_bytree": 0.22040946907541467, "eta": 0.025854652988275887, "gamma": 661.0556545955227, "max_depth": 8.0, "min_child_weight": 4338.5334424170715, "num_boost_round": 1.0, "subsample": 0.3093383612551993}, "datetime": {"datetime": "2024-01-20 13:29:59", "elapsed": 291.713743, "delta": 50.564865}}
{"target": -10.475901961263624, "params": {"colsample_bytree": 0.22040946907541467, "eta": 0.025854652988275887, "gamma": 661.0556545955227, "max_depth": 8.0, "min_child_weight": 4338.5334424170715, "num_boost_round": 2.0, "subsample": 0.3093383612551993}, "datetime": {"datetime": "2024-01-20 13:29:59", "elapsed": 291.715856, "delta": 0.002113}}
{"target": -10.475802904791417, "params": {"colsample_bytree": 0.22040946907541467, "eta": 0.025854652988275887, "gamma": 661.0556545955227, "max_depth": 8.0, "min_child_weight": 4338.5334424170715, "num_boost_round": 3.0, "subsample": 0.3093383612551993}, "datetime": {"datetime": "2024-01-20 13:29:59", "elapsed": 291.716472, "delta": 0.000616}}
{"target": -10.475733913543403, "params": {"colsample_bytree": 0.22040946907541467, "eta": 0.025854652988275887, "gamma": 661.0556545955227, "max_depth": 8.0, "min_child_weight": 4338.5334424170715, "num_boost_round": 4.0, "subsample": 0.3093383612551993}, "datetime": {"datetime": "2024-01-20 13:29:59", "elapsed": 291.71734, "delta": 0.000868}}
{"target": -10.475654538686566, "params": {"colsample_bytree": 0.22040946907541467, "eta": 0.025854652988275887, "gamma": 661.0556545955227, "max_depth": 8.0, "min_child_weight": 4338.5334424170715, "num_boost_round": 5.0, "subsample": 0.3093383612551993}, "datetime": {"datetime": "2024-01-20 13:29:59", "elapsed": 291.717914, "delta": 0.000574}}
{"target": -10.475723507614907, "params": {"colsample_bytree": 0.22040946907541467, "eta": 0.025854652988275887, "gamma": 661.0556545955227, "max_depth": 8.0, "min_child_weight": 4338.5334424170715, "num_boost_round": 6.0, "subsample": 0.3093383612551993}, "datetime": {"datetime": "2024-01-20 13:29:59", "elapsed": 291.718475, "delta": 0.000561}}
{"target": -10.47568283421479, "params": {"colsample_bytree": 0.22040946907541467, "eta": 0.025854652988275887, "gamma": 661.0556545955227, "max_depth": 8.0, "min_child_weight": 4338.5334424170715, "num_boost_round": 7.0, "subsample": 0.3093383612551993}, "datetime": {"datetime": "2024-01-20 13:29:59", "elapsed": 291.71938, "delta": 0.000905}}
{"target": -10.475562373774444, "params": {"colsample_bytree": 0.22040946907541467, "eta": 0.025854652988275887, "gamma": 661.0556545955227, "max_depth": 8.0, "min_child_weight": 4338.5334424170715, "num_boost_round": 8.0, "subsample": 0.3093383612551993}, "datetime": {"datetime": "2024-01-20 13:29:59", "elapsed": 291.719944, "delta": 0.000564}}
{"target": -10.475506395222782, "params": {"colsample_bytree": 0.22040946907541467, "eta": 0.025854652988275887, "gamma": 661.0556545955227, "max_depth": 8.0, "min_child_weight": 4338.5334424170715, "num_boost_round": 9.0, "subsample": 0.3093383612551993}, "datetime": {"datetime": "2024-01-20 13:29:59", "elapsed": 291.720508, "delta": 0.000564}}
{"target": -10.475512398475471, "params": {"colsample_bytree": 0.22040946907541467, "eta": 0.025854652988275887, "gamma": 661.0556545955227, "max_depth": 8.0, "min_child_weight": 4338.5334424170715, "num_boost_round": 10.0, "subsample": 0.3093383612551993}, "datetime": {"datetime": "2024-01-20 13:29:59", "elapsed": 291.721065, "delta": 0.000557}}
{"target": -10.475488840704159, "params": {"colsample_bytree": 0.22040946907541467, "eta": 0.025854652988275887, "gamma": 661.0556545955227, "max_depth": 8.0, "min_child_weight": 4338.5334424170715, "num_boost_round": 11.0, "subsample": 0.3093383612551993}, "datetime": {"datetime": "2024-01-20 13:29:59", "elapsed": 291.721674, "delta": 0.000609}}
{"target": -10.475484285243631, "params": {"colsample_bytree": 0.22040946907541467, "eta": 0.025854652988275887, "gamma": 661.0556545955227, "max_depth": 8.0, "min_child_weight": 4338.5334424170715, "num_boost_round": 12.0, "subsample": 0.3093383612551993}, "datetime": {"datetime": "2024-01-20 13:29:59", "elapsed": 291.722239, "delta": 0.000565}}
