{"target": -10.484531937155143, "params": {"colsample_bytree": 0.6834054481515544, "eta": 0.08056311830540797, "gamma": 461.52129653010843, "max_depth": 7.0, "min_child_weight": 4655.7803150114205, "num_boost_round": 72.0, "subsample": 0.1146273747341726}, "datetime": {"datetime": "2024-01-20 15:10:07", "elapsed": 6299.384783, "delta": 0.005032}}
{"target": -10.484578975972054, "params": {"colsample_bytree": 0.6834054481515544, "eta": 0.08056311830540797, "gamma": 461.52129653010843, "max_depth": 7.0, "min_child_weight": 4655.7803150114205, "num_boost_round": 73.0, "subsample": 0.1146273747341726}, "datetime": {"datetime": "2024-01-20 15:10:07", "elapsed": 6299.389787, "delta": 0.005004}}
{"target": -10.484900236999568, "params": {"colsample_bytree": 0.6834054481515544, "eta": 0.08056311830540797, "gamma": 461.52129653010843, "max_depth": 7.0, "min_child_weight": 4655.7803150114205, "num_boost_round": 74.0, "subsample": 0.1146273747341726}, "datetime": {"datetime": "2024-01-20 15:10:07", "elapsed": 6299.394852, "delta": 0.005065}}
{"target": -10.485186230563706, "params": {"colsample_bytree": 0.6834054481515544, "eta": 0.08056311830540797, "gamma": 461.52129653010843, "max_depth": 7.0, "min_child_weight": 4655.7803150114205, "num_boost_round": 75.0, "subsample": 0.1146273747341726}, "datetime": {"datetime": "2024-01-20 15:10:07", "elapsed": 6299.399753, "delta": 0.004901}}
{"target": -10.485286713930066, "params": {"colsample_bytree": 0.6834054481515544, "eta": 0.08056311830540797, "gamma": 461.52129653010843, "max_depth": 7.0, "min_child_weight": 4655.7803150114205, "num_boost_round": 76.0, "subsample": 0.1146273747341726}, "datetime": {"datetime": "2024-01-20 15:10:07", "elapsed": 6299.404545, "delta": 0.004792}}
{"target": -10.485273116170609, "params": {"colsample_bytree": 0.6834054481515544, "eta": 0.08056311830540797, "gamma": 461.52129653010843, "max_depth": 7.0, "min_child_weight": 4655.7803150114205, "num_boost_round": 77.0, "subsample": 0.1146273747341726}, "datetime": {"datetime": "2024-01-20 15:10:07", "elapsed": 6299.409434, "delta": 0.004889}}
{"target": -10.485350078169155, "params": {"colsample_bytree": 0.6834054481515544, "eta": 0.08056311830540797, "gamma": 461.52129653010843, "max_depth": 7.0, "min_child_weight": 4655.7803150114205, "num_boost_round": 78.0, "subsample": 0.1146273747341726}, "datetime": {"datetime": "2024-01-20 15:10:07", "elapsed": 6299.414428, "delta": 0.004994}}
{"target": -10.48528130413358, "params": {"colsample_bytree": 0.6834054481515544, "eta": 0.08056311830540797, "gamma": 461.52129653010843, "max_depth": 7.0, "min_child_weight": 4655.7803150114205, "num_boost_round": 79.0, "subsample": 0.1146273747341726}, "datetime": {"datetime": "2024-01-20 15:10:07", "elapsed": 6299.419896, "delta": 0.005468}}
{"target": -10.485480833482198, "params": {"colsample_bytree": 0.6834054481515544, "eta": 0.08056311830540797, "gamma": 461.52129653010843, "max_depth": 7.0, "min_child_weight": 4655.7803150114205, "num_boost_round": 80.0, "subsample": 0.1146273747341726}, "datetime": {"datetime": "2024-01-20 15:10:07", "elapsed": 6299.424734, "delta": 0.004838}}
{"target": -10.485656263133365, "params": {"colsample_bytree": 0.6834054481515544, "eta": 0.08056311830540797, "gamma": 461.52129653010843, "max_depth": 7.0, "min_child_weight": 4655.7803150114205, "num_boost_round": 81.0, "subsample": 0.1146273747341726}, "datetime": {"datetime": "2024-01-20 15:10:07", "elapsed": 6299.429671, "delta": 0.004937}}
{"target": -10.48570868197872, "params": {"colsample_bytree": 0.6834054481515544, "eta": 0.08056311830540797, "gamma": 461.52129653010843, "max_depth": 7.0, "min_child_weight": 4655.7803150114205, "num_boost_round": 82.0, "subsample": 0.1146273747341726}, "datetime": {"datetime": "2024-01-20 15:10:07", "elapsed": 6299.43462, "delta": 0.004949}}
{"target": -10.48563300161787, "params": {"colsample_bytree": 0.6834054481515544, "eta": 0.08056311830540797, "gamma": 461.52129653010843, "max_depth": 7.0, "min_child_weight": 4655.7803150114205, "num_boost_round": 83.0, "subsample": 0.1146273747341726}, "datetime": {"datetime": "2024-01-20 15:10:07", "elapsed": 6299.439659, "delta": 0.005039}}
{"target": -10.485799189186892, "params": {"colsample_bytree": 0.6834054481515544, "eta": 0.08056311830540797, "gamma": 461.52129653010843, "max_depth": 7.0, "min_child_weight": 4655.7803150114205, "num_boost_round": 84.0, "subsample": 0.1146273747341726}, "datetime": {"datetime": "2024-01-20 15:10:07", "elapsed": 6299.444816, "delta": 0.005157}}
{"target": -10.485723932411183, "params": {"colsample_bytree": 0.6834054481515544, "eta": 0.08056311830540797, "gamma": 461.52129653010843, "max_depth": 7.0, "min_child_weight": 4655.7803150114205, "num_boost_round": 85.0, "subsample": 0.1146273747341726}, "datetime": {"datetime": "2024-01-20 15:10:07", "elapsed": 6299.450281, "delta": 0.005465}}
{"target": -10.47531451120257, "params": {"colsample_bytree": 0.7283729939070275, "eta": 0.04485885501961336, "gamma": 484.9036272317049, "max_depth": 8.0, "min_child_weight": 4608.416071568177, "num_boost_round": 1.0, "subsample": 0.5049139988470556}, "datetime": {"datetime": "2024-01-20 15:11:52", "elapsed": 6404.968803, "delta": 105.518522}}
{"target": -10.474540554092856, "params": {"colsample_bytree": 0.7283729939070275, "eta": 0.04485885501961336, "gamma": 484.9036272317049, "max_depth": 8.0, "min_child_weight": 4608.416071568177, "num_boost_round": 2.0, "subsample": 0.5049139988470556}, "datetime": {"datetime": "2024-01-20 15:11:52", "elapsed": 6404.975323, "delta": 0.00652}}
{"target": -10.474275288817822, "params": {"colsample_bytree": 0.7283729939070275, "eta": 0.04485885501961336, "gamma": 484.9036272317049, "max_depth": 8.0, "min_child_weight": 4608.416071568177, "num_boost_round": 3.0, "subsample": 0.5049139988470556}, "datetime": {"datetime": "2024-01-20 15:11:52", "elapsed": 6404.980705, "delta": 0.005382}}
{"target": -10.473932361724414, "params": {"colsample_bytree": 0.7283729939070275, "eta": 0.04485885501961336, "gamma": 484.9036272317049, "max_depth": 8.0, "min_child_weight": 4608.416071568177, "num_boost_round": 4.0, "subsample": 0.5049139988470556}, "datetime": {"datetime": "2024-01-20 15:11:52", "elapsed": 6404.98551, "delta": 0.004805}}
{"target": -10.473292236481527, "params": {"colsample_bytree": 0.7283729939070275, "eta": 0.04485885501961336, "gamma": 484.9036272317049, "max_depth": 8.0, "min_child_weight": 4608.416071568177, "num_boost_round": 5.0, "subsample": 0.5049139988470556}, "datetime": {"datetime": "2024-01-20 15:11:52", "elapsed": 6404.990324, "delta": 0.004814}}
{"target": -10.472835659541204, "params": {"colsample_bytree": 0.7283729939070275, "eta": 0.04485885501961336, "gamma": 484.9036272317049, "max_depth": 8.0, "min_child_weight": 4608.416071568177, "num_boost_round": 6.0, "subsample": 0.5049139988470556}, "datetime": {"datetime": "2024-01-20 15:11:52", "elapsed": 6404.995083, "delta": 0.004759}}
{"target": -10.472779635311598, "params": {"colsample_bytree": 0.7283729939070275, "eta": 0.04485885501961336, "gamma": 484.9036272317049, "max_depth": 8.0, "min_child_weight": 4608.416071568177, "num_boost_round": 7.0, "subsample": 0.5049139988470556}, "datetime": {"datetime": "2024-01-20 15:11:52", "elapsed": 6404.999836, "delta": 0.004753}}
{"target": -10.472420750286126, "params": {"colsample_bytree": 0.7283729939070275, "eta": 0.04485885501961336, "gamma": 484.9036272317049, "max_depth": 8.0, "min_child_weight": 4608.416071568177, "num_boost_round": 8.0, "subsample": 0.5049139988470556}, "datetime": {"datetime": "2024-01-20 15:11:52", "elapsed": 6405.004721, "delta": 0.004885}}
{"target": -10.472400597029548, "params": {"colsample_bytree": 0.7283729939070275, "eta": 0.04485885501961336, "gamma": 484.9036272317049, "max_depth": 8.0, "min_child_weight": 4608.416071568177, "num_boost_round": 9.0, "subsample": 0.5049139988470556}, "datetime": {"datetime": "2024-01-20 15:11:52", "elapsed": 6405.009748, "delta": 0.005027}}
{"target": -10.472033377698068, "params": {"colsample_bytree": 0.7283729939070275, "eta": 0.04485885501961336, "gamma": 484.9036272317049, "max_depth": 8.0, "min_child_weight": 4608.416071568177, "num_boost_round": 10.0, "subsample": 0.5049139988470556}, "datetime": {"datetime": "2024-01-20 15:11:52", "elapsed": 6405.014534, "delta": 0.004786}}
{"target": -10.471814067790433, "params": {"colsample_bytree": 0.7283729939070275, "eta": 0.04485885501961336, "gamma": 484.9036272317049, "max_depth": 8.0, "min_child_weight": 4608.416071568177, "num_boost_round": 11.0, "subsample": 0.5049139988470556}, "datetime": {"datetime": "2024-01-20 15:11:52", "elapsed": 6405.019617, "delta": 0.005083}}
{"target": -10.472057420826427, "params": {"colsample_bytree": 0.7283729939070275, "eta": 0.04485885501961336, "gamma": 484.9036272317049, "max_depth": 8.0, "min_child_weight": 4608.416071568177, "num_boost_round": 12.0, "subsample": 0.5049139988470556}, "datetime": {"datetime": "2024-01-20 15:11:52", "elapsed": 6405.02454, "delta": 0.004923}}
{"target": -10.472066050996052, "params": {"colsample_bytree": 0.7283729939070275, "eta": 0.04485885501961336, "gamma": 484.9036272317049, "max_depth": 8.0, "min_child_weight": 4608.416071568177, "num_boost_round": 13.0, "subsample": 0.5049139988470556}, "datetime": {"datetime": "2024-01-20 15:11:52", "elapsed": 6405.029419, "delta": 0.004879}}
{"target": -10.472157161882885, "params": {"colsample_bytree": 0.7283729939070275, "eta": 0.04485885501961336, "gamma": 484.9036272317049, "max_depth": 8.0, "min_child_weight": 4608.416071568177, "num_boost_round": 14.0, "subsample": 0.5049139988470556}, "datetime": {"datetime": "2024-01-20 15:11:52", "elapsed": 6405.034294, "delta": 0.004875}}
{"target": -10.47227805388298, "params": {"colsample_bytree": 0.7283729939070275, "eta": 0.04485885501961336, "gamma": 484.9036272317049, "max_depth": 8.0, "min_child_weight": 4608.416071568177, "num_boost_round": 15.0, "subsample": 0.5049139988470556}, "datetime": {"datetime": "2024-01-20 15:11:52", "elapsed": 6405.039375, "delta": 0.005081}}
{"target": -10.472453380620788, "params": {"colsample_bytree": 0.7283729939070275, "eta": 0.04485885501961336, "gamma": 484.9036272317049, "max_depth": 8.0, "min_child_weight": 4608.416071568177, "num_boost_round": 16.0, "subsample": 0.5049139988470556}, "datetime": {"datetime": "2024-01-20 15:11:53", "elapsed": 6405.044154, "delta": 0.004779}}
{"target": -10.47289799830574, "params": {"colsample_bytree": 0.7283729939070275, "eta": 0.04485885501961336, "gamma": 484.9036272317049, "max_depth": 8.0, "min_child_weight": 4608.416071568177, "num_boost_round": 17.0, "subsample": 0.5049139988470556}, "datetime": {"datetime": "2024-01-20 15:11:53", "elapsed": 6405.048944, "delta": 0.00479}}
{"target": -10.473024751723955, "params": {"colsample_bytree": 0.7283729939070275, "eta": 0.04485885501961336, "gamma": 484.9036272317049, "max_depth": 8.0, "min_child_weight": 4608.416071568177, "num_boost_round": 18.0, "subsample": 0.5049139988470556}, "datetime": {"datetime": "2024-01-20 15:11:53", "elapsed": 6405.053762, "delta": 0.004818}}
{"target": -10.472807511348844, "params": {"colsample_bytree": 0.7283729939070275, "eta": 0.04485885501961336, "gamma": 484.9036272317049, "max_depth": 8.0, "min_child_weight": 4608.416071568177, "num_boost_round": 19.0, "subsample": 0.5049139988470556}, "datetime": {"datetime": "2024-01-20 15:11:53", "elapsed": 6405.058585, "delta": 0.004823}}
{"target": -10.473000936068743, "params": {"colsample_bytree": 0.7283729939070275, "eta": 0.04485885501961336, "gamma": 484.9036272317049, "max_depth": 8.0, "min_child_weight": 4608.416071568177, "num_boost_round": 20.0, "subsample": 0.5049139988470556}, "datetime": {"datetime": "2024-01-20 15:11:53", "elapsed": 6405.063445, "delta": 0.00486}}
{"target": -10.473135323848624, "params": {"colsample_bytree": 0.7283729939070275, "eta": 0.04485885501961336, "gamma": 484.9036272317049, "max_depth": 8.0, "min_child_weight": 4608.416071568177, "num_boost_round": 21.0, "subsample": 0.5049139988470556}, "datetime": {"datetime": "2024-01-20 15:11:53", "elapsed": 6405.068716, "delta": 0.005271}}
{"target": -10.473305317181886, "params": {"colsample_bytree": 0.7283729939070275, "eta": 0.04485885501961336, "gamma": 484.9036272317049, "max_depth": 8.0, "min_child_weight": 4608.416071568177, "num_boost_round": 22.0, "subsample": 0.5049139988470556}, "datetime": {"datetime": "2024-01-20 15:11:53", "elapsed": 6405.07354, "delta": 0.004824}}
{"target": -10.473502587581445, "params": {"colsample_bytree": 0.7283729939070275, "eta": 0.04485885501961336, "gamma": 484.9036272317049, "max_depth": 8.0, "min_child_weight": 4608.416071568177, "num_boost_round": 23.0, "subsample": 0.5049139988470556}, "datetime": {"datetime": "2024-01-20 15:11:53", "elapsed": 6405.078297, "delta": 0.004757}}
{"target": -10.473739737227344, "params": {"colsample_bytree": 0.7283729939070275, "eta": 0.04485885501961336, "gamma": 484.9036272317049, "max_depth": 8.0, "min_child_weight": 4608.416071568177, "num_boost_round": 24.0, "subsample": 0.5049139988470556}, "datetime": {"datetime": "2024-01-20 15:11:53", "elapsed": 6405.083077, "delta": 0.00478}}
{"target": -10.473878541044384, "params": {"colsample_bytree": 0.7283729939070275, "eta": 0.04485885501961336, "gamma": 484.9036272317049, "max_depth": 8.0, "min_child_weight": 4608.416071568177, "num_boost_round": 25.0, "subsample": 0.5049139988470556}, "datetime": {"datetime": "2024-01-20 15:11:53", "elapsed": 6405.087871, "delta": 0.004794}}
{"target": -10.474285396833915, "params": {"colsample_bytree": 0.7283729939070275, "eta": 0.04485885501961336, "gamma": 484.9036272317049, "max_depth": 8.0, "min_child_weight": 4608.416071568177, "num_boost_round": 26.0, "subsample": 0.5049139988470556}, "datetime": {"datetime": "2024-01-20 15:11:53", "elapsed": 6405.092721, "delta": 0.00485}}
{"target": -10.474751497256886, "params": {"colsample_bytree": 0.7283729939070275, "eta": 0.04485885501961336, "gamma": 484.9036272317049, "max_depth": 8.0, "min_child_weight": 4608.416071568177, "num_boost_round": 27.0, "subsample": 0.5049139988470556}, "datetime": {"datetime": "2024-01-20 15:11:53", "elapsed": 6405.097773, "delta": 0.005052}}
{"target": -10.474978567932867, "params": {"colsample_bytree": 0.7283729939070275, "eta": 0.04485885501961336, "gamma": 484.9036272317049, "max_depth": 8.0, "min_child_weight": 4608.416071568177, "num_boost_round": 28.0, "subsample": 0.5049139988470556}, "datetime": {"datetime": "2024-01-20 15:11:53", "elapsed": 6405.102604, "delta": 0.004831}}
{"target": -10.475336703482611, "params": {"colsample_bytree": 0.7283729939070275, "eta": 0.04485885501961336, "gamma": 484.9036272317049, "max_depth": 8.0, "min_child_weight": 4608.416071568177, "num_boost_round": 29.0, "subsample": 0.5049139988470556}, "datetime": {"datetime": "2024-01-20 15:11:53", "elapsed": 6405.107396, "delta": 0.004792}}
{"target": -10.475334730692165, "params": {"colsample_bytree": 0.7283729939070275, "eta": 0.04485885501961336, "gamma": 484.9036272317049, "max_depth": 8.0, "min_child_weight": 4608.416071568177, "num_boost_round": 30.0, "subsample": 0.5049139988470556}, "datetime": {"datetime": "2024-01-20 15:11:53", "elapsed": 6405.11212, "delta": 0.004724}}
{"target": -10.475380509897434, "params": {"colsample_bytree": 0.7283729939070275, "eta": 0.04485885501961336, "gamma": 484.9036272317049, "max_depth": 8.0, "min_child_weight": 4608.416071568177, "num_boost_round": 31.0, "subsample": 0.5049139988470556}, "datetime": {"datetime": "2024-01-20 15:11:53", "elapsed": 6405.116884, "delta": 0.004764}}
{"target": -10.475696785428052, "params": {"colsample_bytree": 0.7283729939070275, "eta": 0.04485885501961336, "gamma": 484.9036272317049, "max_depth": 8.0, "min_child_weight": 4608.416071568177, "num_boost_round": 32.0, "subsample": 0.5049139988470556}, "datetime": {"datetime": "2024-01-20 15:11:53", "elapsed": 6405.121727, "delta": 0.004843}}
{"target": -10.475831634665049, "params": {"colsample_bytree": 0.7283729939070275, "eta": 0.04485885501961336, "gamma": 484.9036272317049, "max_depth": 8.0, "min_child_weight": 4608.416071568177, "num_boost_round": 33.0, "subsample": 0.5049139988470556}, "datetime": {"datetime": "2024-01-20 15:11:53", "elapsed": 6405.12675, "delta": 0.005023}}
{"target": -10.47598902868932, "params": {"colsample_bytree": 0.7283729939070275, "eta": 0.04485885501961336, "gamma": 484.9036272317049, "max_depth": 8.0, "min_child_weight": 4608.416071568177, "num_boost_round": 34.0, "subsample": 0.5049139988470556}, "datetime": {"datetime": "2024-01-20 15:11:53", "elapsed": 6405.131451, "delta": 0.004701}}
{"target": -10.4762531611847, "params": {"colsample_bytree": 0.7283729939070275, "eta": 0.04485885501961336, "gamma": 484.9036272317049, "max_depth": 8.0, "min_child_weight": 4608.416071568177, "num_boost_round": 35.0, "subsample": 0.5049139988470556}, "datetime": {"datetime": "2024-01-20 15:11:53", "elapsed": 6405.136237, "delta": 0.004786}}
{"target": -10.476238802669133, "params": {"colsample_bytree": 0.7283729939070275, "eta": 0.04485885501961336, "gamma": 484.9036272317049, "max_depth": 8.0, "min_child_weight": 4608.416071568177, "num_boost_round": 36.0, "subsample": 0.5049139988470556}, "datetime": {"datetime": "2024-01-20 15:11:53", "elapsed": 6405.141022, "delta": 0.004785}}
{"target": -10.476649478255155, "params": {"colsample_bytree": 0.7283729939070275, "eta": 0.04485885501961336, "gamma": 484.9036272317049, "max_depth": 8.0, "min_child_weight": 4608.416071568177, "num_boost_round": 37.0, "subsample": 0.5049139988470556}, "datetime": {"datetime": "2024-01-20 15:11:53", "elapsed": 6405.145773, "delta": 0.004751}}
{"target": -10.476726193231213, "params": {"colsample_bytree": 0.7283729939070275, "eta": 0.04485885501961336, "gamma": 484.9036272317049, "max_depth": 8.0, "min_child_weight": 4608.416071568177, "num_boost_round": 38.0, "subsample": 0.5049139988470556}, "datetime": {"datetime": "2024-01-20 15:11:53", "elapsed": 6405.15175, "delta": 0.005977}}
{"target": -10.476883002938324, "params": {"colsample_bytree": 0.7283729939070275, "eta": 0.04485885501961336, "gamma": 484.9036272317049, "max_depth": 8.0, "min_child_weight": 4608.416071568177, "num_boost_round": 39.0, "subsample": 0.5049139988470556}, "datetime": {"datetime": "2024-01-20 15:11:53", "elapsed": 6405.156972, "delta": 0.005222}}
{"target": -10.477226443137608, "params": {"colsample_bytree": 0.7283729939070275, "eta": 0.04485885501961336, "gamma": 484.9036272317049, "max_depth": 8.0, "min_child_weight": 4608.416071568177, "num_boost_round": 40.0, "subsample": 0.5049139988470556}, "datetime": {"datetime": "2024-01-20 15:11:53", "elapsed": 6405.161858, "delta": 0.004886}}
{"target": -10.477487761680239, "params": {"colsample_bytree": 0.7283729939070275, "eta": 0.04485885501961336, "gamma": 484.9036272317049, "max_depth": 8.0, "min_child_weight": 4608.416071568177, "num_boost_round": 41.0, "subsample": 0.5049139988470556}, "datetime": {"datetime": "2024-01-20 15:11:53", "elapsed": 6405.1666, "delta": 0.004742}}
{"target": -10.477792736164137, "params": {"colsample_bytree": 0.7283729939070275, "eta": 0.04485885501961336, "gamma": 484.9036272317049, "max_depth": 8.0, "min_child_weight": 4608.416071568177, "num_boost_round": 42.0, "subsample": 0.5049139988470556}, "datetime": {"datetime": "2024-01-20 15:11:53", "elapsed": 6405.171371, "delta": 0.004771}}
{"target": -10.478122907514386, "params": {"colsample_bytree": 0.7283729939070275, "eta": 0.04485885501961336, "gamma": 484.9036272317049, "max_depth": 8.0, "min_child_weight": 4608.416071568177, "num_boost_round": 43.0, "subsample": 0.5049139988470556}, "datetime": {"datetime": "2024-01-20 15:11:53", "elapsed": 6405.176158, "delta": 0.004787}}
{"target": -10.478381253443441, "params": {"colsample_bytree": 0.7283729939070275, "eta": 0.04485885501961336, "gamma": 484.9036272317049, "max_depth": 8.0, "min_child_weight": 4608.416071568177, "num_boost_round": 44.0, "subsample": 0.5049139988470556}, "datetime": {"datetime": "2024-01-20 15:11:53", "elapsed": 6405.180937, "delta": 0.004779}}
{"target": -10.47866190873788, "params": {"colsample_bytree": 0.7283729939070275, "eta": 0.04485885501961336, "gamma": 484.9036272317049, "max_depth": 8.0, "min_child_weight": 4608.416071568177, "num_boost_round": 45.0, "subsample": 0.5049139988470556}, "datetime": {"datetime": "2024-01-20 15:11:53", "elapsed": 6405.186025, "delta": 0.005088}}
{"target": -10.479166019853428, "params": {"colsample_bytree": 0.7283729939070275, "eta": 0.04485885501961336, "gamma": 484.9036272317049, "max_depth": 8.0, "min_child_weight": 4608.416071568177, "num_boost_round": 46.0, "subsample": 0.5049139988470556}, "datetime": {"datetime": "2024-01-20 15:11:53", "elapsed": 6405.190847, "delta": 0.004822}}
{"target": -10.475962977323254, "params": {"colsample_bytree": 0.9187374483201458, "eta": 0.01978533920357426, "gamma": 507.86629031326004, "max_depth": 2.0, "min_child_weight": 4654.361723999061, "num_boost_round": 1.0, "subsample": 0.22748964968350668}, "datetime": {"datetime": "2024-01-20 15:13:15", "elapsed": 6487.617964, "delta": 82.427117}}
{"target": -10.47580684172868, "params": {"colsample_bytree": 0.9187374483201458, "eta": 0.01978533920357426, "gamma": 507.86629031326004, "max_depth": 2.0, "min_child_weight": 4654.361723999061, "num_boost_round": 2.0, "subsample": 0.22748964968350668}, "datetime": {"datetime": "2024-01-20 15:13:15", "elapsed": 6487.62428, "delta": 0.006316}}
{"target": -10.475661014223963, "params": {"colsample_bytree": 0.9187374483201458, "eta": 0.01978533920357426, "gamma": 507.86629031326004, "max_depth": 2.0, "min_child_weight": 4654.361723999061, "num_boost_round": 3.0, "subsample": 0.22748964968350668}, "datetime": {"datetime": "2024-01-20 15:13:15", "elapsed": 6487.629235, "delta": 0.004955}}
