{"target": -10.483467253237825, "params": {"colsample_bytree": 0.3606530387001865, "eta": 0.09640298187325426, "gamma": 356.3214831102554, "max_depth": 3.0, "min_child_weight": 4789.906505170786, "num_boost_round": 96.0, "subsample": 0.30913551460221045}, "datetime": {"datetime": "2024-01-20 16:20:03", "elapsed": 10495.599784, "delta": 0.007103}}
{"target": -10.483608701532948, "params": {"colsample_bytree": 0.3606530387001865, "eta": 0.09640298187325426, "gamma": 356.3214831102554, "max_depth": 3.0, "min_child_weight": 4789.906505170786, "num_boost_round": 97.0, "subsample": 0.30913551460221045}, "datetime": {"datetime": "2024-01-20 16:20:03", "elapsed": 10495.606739, "delta": 0.006955}}
{"target": -10.483489600101873, "params": {"colsample_bytree": 0.3606530387001865, "eta": 0.09640298187325426, "gamma": 356.3214831102554, "max_depth": 3.0, "min_child_weight": 4789.906505170786, "num_boost_round": 98.0, "subsample": 0.30913551460221045}, "datetime": {"datetime": "2024-01-20 16:20:03", "elapsed": 10495.613672, "delta": 0.006933}}
{"target": -10.475836133324908, "params": {"colsample_bytree": 0.33358815122271795, "eta": 0.05968139270119188, "gamma": 986.8558597041801, "max_depth": 6.0, "min_child_weight": 1906.9522119828946, "num_boost_round": 1.0, "subsample": 0.8764871145093847}, "datetime": {"datetime": "2024-01-20 16:22:36", "elapsed": 10648.673838, "delta": 153.060166}}
{"target": -10.47568850156098, "params": {"colsample_bytree": 0.33358815122271795, "eta": 0.05968139270119188, "gamma": 986.8558597041801, "max_depth": 6.0, "min_child_weight": 1906.9522119828946, "num_boost_round": 2.0, "subsample": 0.8764871145093847}, "datetime": {"datetime": "2024-01-20 16:22:36", "elapsed": 10648.682268, "delta": 0.00843}}
{"target": -10.476013874504051, "params": {"colsample_bytree": 0.33358815122271795, "eta": 0.05968139270119188, "gamma": 986.8558597041801, "max_depth": 6.0, "min_child_weight": 1906.9522119828946, "num_boost_round": 3.0, "subsample": 0.8764871145093847}, "datetime": {"datetime": "2024-01-20 16:22:36", "elapsed": 10648.689064, "delta": 0.006796}}
{"target": -10.476385904683005, "params": {"colsample_bytree": 0.33358815122271795, "eta": 0.05968139270119188, "gamma": 986.8558597041801, "max_depth": 6.0, "min_child_weight": 1906.9522119828946, "num_boost_round": 4.0, "subsample": 0.8764871145093847}, "datetime": {"datetime": "2024-01-20 16:22:36", "elapsed": 10648.695915, "delta": 0.006851}}
{"target": -10.476209356553701, "params": {"colsample_bytree": 0.33358815122271795, "eta": 0.05968139270119188, "gamma": 986.8558597041801, "max_depth": 6.0, "min_child_weight": 1906.9522119828946, "num_boost_round": 5.0, "subsample": 0.8764871145093847}, "datetime": {"datetime": "2024-01-20 16:22:36", "elapsed": 10648.702443, "delta": 0.006528}}
{"target": -10.47644950777175, "params": {"colsample_bytree": 0.33358815122271795, "eta": 0.05968139270119188, "gamma": 986.8558597041801, "max_depth": 6.0, "min_child_weight": 1906.9522119828946, "num_boost_round": 6.0, "subsample": 0.8764871145093847}, "datetime": {"datetime": "2024-01-20 16:22:36", "elapsed": 10648.709019, "delta": 0.006576}}
{"target": -10.475937529214665, "params": {"colsample_bytree": 0.33358815122271795, "eta": 0.05968139270119188, "gamma": 986.8558597041801, "max_depth": 6.0, "min_child_weight": 1906.9522119828946, "num_boost_round": 7.0, "subsample": 0.8764871145093847}, "datetime": {"datetime": "2024-01-20 16:22:36", "elapsed": 10648.715643, "delta": 0.006624}}
{"target": -10.476415700274462, "params": {"colsample_bytree": 0.33358815122271795, "eta": 0.05968139270119188, "gamma": 986.8558597041801, "max_depth": 6.0, "min_child_weight": 1906.9522119828946, "num_boost_round": 8.0, "subsample": 0.8764871145093847}, "datetime": {"datetime": "2024-01-20 16:22:36", "elapsed": 10648.721992, "delta": 0.006349}}
{"target": -10.47691558652479, "params": {"colsample_bytree": 0.33358815122271795, "eta": 0.05968139270119188, "gamma": 986.8558597041801, "max_depth": 6.0, "min_child_weight": 1906.9522119828946, "num_boost_round": 9.0, "subsample": 0.8764871145093847}, "datetime": {"datetime": "2024-01-20 16:22:36", "elapsed": 10648.728489, "delta": 0.006497}}
{"target": -10.477570578423295, "params": {"colsample_bytree": 0.33358815122271795, "eta": 0.05968139270119188, "gamma": 986.8558597041801, "max_depth": 6.0, "min_child_weight": 1906.9522119828946, "num_boost_round": 10.0, "subsample": 0.8764871145093847}, "datetime": {"datetime": "2024-01-20 16:22:36", "elapsed": 10648.735011, "delta": 0.006522}}
{"target": -10.476110030640877, "params": {"colsample_bytree": 0.2634352447581523, "eta": 0.05897507989438661, "gamma": 433.46840725388745, "max_depth": 2.0, "min_child_weight": 4874.805851206467, "num_boost_round": 1.0, "subsample": 0.26147064686435983}, "datetime": {"datetime": "2024-01-20 16:25:05", "elapsed": 10797.969678, "delta": 149.234667}}
{"target": -10.475872796800955, "params": {"colsample_bytree": 0.2634352447581523, "eta": 0.05897507989438661, "gamma": 433.46840725388745, "max_depth": 2.0, "min_child_weight": 4874.805851206467, "num_boost_round": 2.0, "subsample": 0.26147064686435983}, "datetime": {"datetime": "2024-01-20 16:25:05", "elapsed": 10797.97813, "delta": 0.008452}}
{"target": -10.475705141820363, "params": {"colsample_bytree": 0.2634352447581523, "eta": 0.05897507989438661, "gamma": 433.46840725388745, "max_depth": 2.0, "min_child_weight": 4874.805851206467, "num_boost_round": 3.0, "subsample": 0.26147064686435983}, "datetime": {"datetime": "2024-01-20 16:25:05", "elapsed": 10797.985606, "delta": 0.007476}}
{"target": -10.475542832208617, "params": {"colsample_bytree": 0.2634352447581523, "eta": 0.05897507989438661, "gamma": 433.46840725388745, "max_depth": 2.0, "min_child_weight": 4874.805851206467, "num_boost_round": 4.0, "subsample": 0.26147064686435983}, "datetime": {"datetime": "2024-01-20 16:25:05", "elapsed": 10797.993019, "delta": 0.007413}}
{"target": -10.475666134717695, "params": {"colsample_bytree": 0.2634352447581523, "eta": 0.05897507989438661, "gamma": 433.46840725388745, "max_depth": 2.0, "min_child_weight": 4874.805851206467, "num_boost_round": 5.0, "subsample": 0.26147064686435983}, "datetime": {"datetime": "2024-01-20 16:25:05", "elapsed": 10797.999734, "delta": 0.006715}}
{"target": -10.475645791451475, "params": {"colsample_bytree": 0.2634352447581523, "eta": 0.05897507989438661, "gamma": 433.46840725388745, "max_depth": 2.0, "min_child_weight": 4874.805851206467, "num_boost_round": 6.0, "subsample": 0.26147064686435983}, "datetime": {"datetime": "2024-01-20 16:25:05", "elapsed": 10798.006228, "delta": 0.006494}}
{"target": -10.475550947664278, "params": {"colsample_bytree": 0.2634352447581523, "eta": 0.05897507989438661, "gamma": 433.46840725388745, "max_depth": 2.0, "min_child_weight": 4874.805851206467, "num_boost_round": 7.0, "subsample": 0.26147064686435983}, "datetime": {"datetime": "2024-01-20 16:25:05", "elapsed": 10798.012612, "delta": 0.006384}}
{"target": -10.475669294482936, "params": {"colsample_bytree": 0.2634352447581523, "eta": 0.05897507989438661, "gamma": 433.46840725388745, "max_depth": 2.0, "min_child_weight": 4874.805851206467, "num_boost_round": 8.0, "subsample": 0.26147064686435983}, "datetime": {"datetime": "2024-01-20 16:25:05", "elapsed": 10798.019451, "delta": 0.006839}}
{"target": -10.475705398086573, "params": {"colsample_bytree": 0.2634352447581523, "eta": 0.05897507989438661, "gamma": 433.46840725388745, "max_depth": 2.0, "min_child_weight": 4874.805851206467, "num_boost_round": 9.0, "subsample": 0.26147064686435983}, "datetime": {"datetime": "2024-01-20 16:25:06", "elapsed": 10798.367902, "delta": 0.348451}}
{"target": -10.475684668299355, "params": {"colsample_bytree": 0.2634352447581523, "eta": 0.05897507989438661, "gamma": 433.46840725388745, "max_depth": 2.0, "min_child_weight": 4874.805851206467, "num_boost_round": 10.0, "subsample": 0.26147064686435983}, "datetime": {"datetime": "2024-01-20 16:25:06", "elapsed": 10798.376506, "delta": 0.008604}}
{"target": -10.475802346235062, "params": {"colsample_bytree": 0.2634352447581523, "eta": 0.05897507989438661, "gamma": 433.46840725388745, "max_depth": 2.0, "min_child_weight": 4874.805851206467, "num_boost_round": 11.0, "subsample": 0.26147064686435983}, "datetime": {"datetime": "2024-01-20 16:25:06", "elapsed": 10798.383263, "delta": 0.006757}}
{"target": -10.475916114954455, "params": {"colsample_bytree": 0.2634352447581523, "eta": 0.05897507989438661, "gamma": 433.46840725388745, "max_depth": 2.0, "min_child_weight": 4874.805851206467, "num_boost_round": 12.0, "subsample": 0.26147064686435983}, "datetime": {"datetime": "2024-01-20 16:25:06", "elapsed": 10798.389923, "delta": 0.00666}}
{"target": -10.475928217093927, "params": {"colsample_bytree": 0.2634352447581523, "eta": 0.05897507989438661, "gamma": 433.46840725388745, "max_depth": 2.0, "min_child_weight": 4874.805851206467, "num_boost_round": 13.0, "subsample": 0.26147064686435983}, "datetime": {"datetime": "2024-01-20 16:25:06", "elapsed": 10798.396543, "delta": 0.00662}}
{"target": -10.475857893515975, "params": {"colsample_bytree": 0.869558268262602, "eta": 0.027135160602570353, "gamma": 350.5786800864296, "max_depth": 3.0, "min_child_weight": 4936.1484633483615, "num_boost_round": 1.0, "subsample": 0.304676654925792}, "datetime": {"datetime": "2024-01-20 16:27:09", "elapsed": 10921.128426, "delta": 122.731883}}
{"target": -10.47569971622918, "params": {"colsample_bytree": 0.869558268262602, "eta": 0.027135160602570353, "gamma": 350.5786800864296, "max_depth": 3.0, "min_child_weight": 4936.1484633483615, "num_boost_round": 2.0, "subsample": 0.304676654925792}, "datetime": {"datetime": "2024-01-20 16:27:09", "elapsed": 10921.136128, "delta": 0.007702}}
{"target": -10.47559827951138, "params": {"colsample_bytree": 0.869558268262602, "eta": 0.027135160602570353, "gamma": 350.5786800864296, "max_depth": 3.0, "min_child_weight": 4936.1484633483615, "num_boost_round": 3.0, "subsample": 0.304676654925792}, "datetime": {"datetime": "2024-01-20 16:27:09", "elapsed": 10921.142898, "delta": 0.00677}}
{"target": -10.475406036376636, "params": {"colsample_bytree": 0.869558268262602, "eta": 0.027135160602570353, "gamma": 350.5786800864296, "max_depth": 3.0, "min_child_weight": 4936.1484633483615, "num_boost_round": 4.0, "subsample": 0.304676654925792}, "datetime": {"datetime": "2024-01-20 16:27:09", "elapsed": 10921.149608, "delta": 0.00671}}
{"target": -10.475242676620415, "params": {"colsample_bytree": 0.869558268262602, "eta": 0.027135160602570353, "gamma": 350.5786800864296, "max_depth": 3.0, "min_child_weight": 4936.1484633483615, "num_boost_round": 5.0, "subsample": 0.304676654925792}, "datetime": {"datetime": "2024-01-20 16:27:09", "elapsed": 10921.156496, "delta": 0.006888}}
{"target": -10.475140698477801, "params": {"colsample_bytree": 0.869558268262602, "eta": 0.027135160602570353, "gamma": 350.5786800864296, "max_depth": 3.0, "min_child_weight": 4936.1484633483615, "num_boost_round": 6.0, "subsample": 0.304676654925792}, "datetime": {"datetime": "2024-01-20 16:27:09", "elapsed": 10921.163307, "delta": 0.006811}}
{"target": -10.474983728522592, "params": {"colsample_bytree": 0.869558268262602, "eta": 0.027135160602570353, "gamma": 350.5786800864296, "max_depth": 3.0, "min_child_weight": 4936.1484633483615, "num_boost_round": 7.0, "subsample": 0.304676654925792}, "datetime": {"datetime": "2024-01-20 16:27:09", "elapsed": 10921.17044, "delta": 0.007133}}
{"target": -10.474929547900532, "params": {"colsample_bytree": 0.869558268262602, "eta": 0.027135160602570353, "gamma": 350.5786800864296, "max_depth": 3.0, "min_child_weight": 4936.1484633483615, "num_boost_round": 8.0, "subsample": 0.304676654925792}, "datetime": {"datetime": "2024-01-20 16:27:09", "elapsed": 10921.177471, "delta": 0.007031}}
{"target": -10.474880267211429, "params": {"colsample_bytree": 0.869558268262602, "eta": 0.027135160602570353, "gamma": 350.5786800864296, "max_depth": 3.0, "min_child_weight": 4936.1484633483615, "num_boost_round": 9.0, "subsample": 0.304676654925792}, "datetime": {"datetime": "2024-01-20 16:27:09", "elapsed": 10921.184101, "delta": 0.00663}}
{"target": -10.474755032221648, "params": {"colsample_bytree": 0.869558268262602, "eta": 0.027135160602570353, "gamma": 350.5786800864296, "max_depth": 3.0, "min_child_weight": 4936.1484633483615, "num_boost_round": 10.0, "subsample": 0.304676654925792}, "datetime": {"datetime": "2024-01-20 16:27:09", "elapsed": 10921.190764, "delta": 0.006663}}
{"target": -10.474578221112637, "params": {"colsample_bytree": 0.869558268262602, "eta": 0.027135160602570353, "gamma": 350.5786800864296, "max_depth": 3.0, "min_child_weight": 4936.1484633483615, "num_boost_round": 11.0, "subsample": 0.304676654925792}, "datetime": {"datetime": "2024-01-20 16:27:09", "elapsed": 10921.197577, "delta": 0.006813}}
{"target": -10.474489802302834, "params": {"colsample_bytree": 0.869558268262602, "eta": 0.027135160602570353, "gamma": 350.5786800864296, "max_depth": 3.0, "min_child_weight": 4936.1484633483615, "num_boost_round": 12.0, "subsample": 0.304676654925792}, "datetime": {"datetime": "2024-01-20 16:27:09", "elapsed": 10921.204196, "delta": 0.006619}}
{"target": -10.474405736636559, "params": {"colsample_bytree": 0.869558268262602, "eta": 0.027135160602570353, "gamma": 350.5786800864296, "max_depth": 3.0, "min_child_weight": 4936.1484633483615, "num_boost_round": 13.0, "subsample": 0.304676654925792}, "datetime": {"datetime": "2024-01-20 16:27:09", "elapsed": 10921.211442, "delta": 0.007246}}
{"target": -10.47435901021042, "params": {"colsample_bytree": 0.869558268262602, "eta": 0.027135160602570353, "gamma": 350.5786800864296, "max_depth": 3.0, "min_child_weight": 4936.1484633483615, "num_boost_round": 14.0, "subsample": 0.304676654925792}, "datetime": {"datetime": "2024-01-20 16:27:09", "elapsed": 10921.218422, "delta": 0.00698}}
{"target": -10.474339541464705, "params": {"colsample_bytree": 0.869558268262602, "eta": 0.027135160602570353, "gamma": 350.5786800864296, "max_depth": 3.0, "min_child_weight": 4936.1484633483615, "num_boost_round": 15.0, "subsample": 0.304676654925792}, "datetime": {"datetime": "2024-01-20 16:27:09", "elapsed": 10921.225201, "delta": 0.006779}}
{"target": -10.474388150278248, "params": {"colsample_bytree": 0.869558268262602, "eta": 0.027135160602570353, "gamma": 350.5786800864296, "max_depth": 3.0, "min_child_weight": 4936.1484633483615, "num_boost_round": 16.0, "subsample": 0.304676654925792}, "datetime": {"datetime": "2024-01-20 16:27:09", "elapsed": 10921.231813, "delta": 0.006612}}
{"target": -10.474430353538192, "params": {"colsample_bytree": 0.869558268262602, "eta": 0.027135160602570353, "gamma": 350.5786800864296, "max_depth": 3.0, "min_child_weight": 4936.1484633483615, "num_boost_round": 17.0, "subsample": 0.304676654925792}, "datetime": {"datetime": "2024-01-20 16:27:09", "elapsed": 10921.23851, "delta": 0.006697}}
{"target": -10.475916980014109, "params": {"colsample_bytree": 0.5793923279297989, "eta": 0.05364881376112538, "gamma": 300.21019195374356, "max_depth": 3.0, "min_child_weight": 4974.042280082573, "num_boost_round": 1.0, "subsample": 0.5219172111540822}, "datetime": {"datetime": "2024-01-20 16:28:56", "elapsed": 11029.010021, "delta": 107.771511}}
{"target": -10.475581008796734, "params": {"colsample_bytree": 0.5793923279297989, "eta": 0.05364881376112538, "gamma": 300.21019195374356, "max_depth": 3.0, "min_child_weight": 4974.042280082573, "num_boost_round": 2.0, "subsample": 0.5219172111540822}, "datetime": {"datetime": "2024-01-20 16:28:56", "elapsed": 11029.020134, "delta": 0.010113}}
{"target": -10.4755178611223, "params": {"colsample_bytree": 0.5793923279297989, "eta": 0.05364881376112538, "gamma": 300.21019195374356, "max_depth": 3.0, "min_child_weight": 4974.042280082573, "num_boost_round": 3.0, "subsample": 0.5219172111540822}, "datetime": {"datetime": "2024-01-20 16:28:56", "elapsed": 11029.02745, "delta": 0.007316}}
{"target": -10.475252689297054, "params": {"colsample_bytree": 0.5793923279297989, "eta": 0.05364881376112538, "gamma": 300.21019195374356, "max_depth": 3.0, "min_child_weight": 4974.042280082573, "num_boost_round": 4.0, "subsample": 0.5219172111540822}, "datetime": {"datetime": "2024-01-20 16:28:56", "elapsed": 11029.034388, "delta": 0.006938}}
{"target": -10.475039787052804, "params": {"colsample_bytree": 0.5793923279297989, "eta": 0.05364881376112538, "gamma": 300.21019195374356, "max_depth": 3.0, "min_child_weight": 4974.042280082573, "num_boost_round": 5.0, "subsample": 0.5219172111540822}, "datetime": {"datetime": "2024-01-20 16:28:56", "elapsed": 11029.041145, "delta": 0.006757}}
{"target": -10.47509985030406, "params": {"colsample_bytree": 0.5793923279297989, "eta": 0.05364881376112538, "gamma": 300.21019195374356, "max_depth": 3.0, "min_child_weight": 4974.042280082573, "num_boost_round": 6.0, "subsample": 0.5219172111540822}, "datetime": {"datetime": "2024-01-20 16:28:57", "elapsed": 11029.047899, "delta": 0.006754}}
{"target": -10.474880777854942, "params": {"colsample_bytree": 0.5793923279297989, "eta": 0.05364881376112538, "gamma": 300.21019195374356, "max_depth": 3.0, "min_child_weight": 4974.042280082573, "num_boost_round": 7.0, "subsample": 0.5219172111540822}, "datetime": {"datetime": "2024-01-20 16:28:57", "elapsed": 11029.054588, "delta": 0.006689}}
{"target": -10.474624874975223, "params": {"colsample_bytree": 0.5793923279297989, "eta": 0.05364881376112538, "gamma": 300.21019195374356, "max_depth": 3.0, "min_child_weight": 4974.042280082573, "num_boost_round": 8.0, "subsample": 0.5219172111540822}, "datetime": {"datetime": "2024-01-20 16:28:57", "elapsed": 11029.061808, "delta": 0.00722}}
{"target": -10.47612572064686, "params": {"colsample_bytree": 0.10319733927737126, "eta": 0.002106798649831219, "gamma": 335.5790871383437, "max_depth": 9.0, "min_child_weight": 5018.8958500009085, "num_boost_round": 1.0, "subsample": 0.3701425053665435}, "datetime": {"datetime": "2024-01-20 16:31:30", "elapsed": 11182.198222, "delta": 153.136414}}
{"target": -10.476120009323447, "params": {"colsample_bytree": 0.10319733927737126, "eta": 0.002106798649831219, "gamma": 335.5790871383437, "max_depth": 9.0, "min_child_weight": 5018.8958500009085, "num_boost_round": 2.0, "subsample": 0.3701425053665435}, "datetime": {"datetime": "2024-01-20 16:31:30", "elapsed": 11182.221253, "delta": 0.023031}}
{"target": -10.476121651369972, "params": {"colsample_bytree": 0.10319733927737126, "eta": 0.002106798649831219, "gamma": 335.5790871383437, "max_depth": 9.0, "min_child_weight": 5018.8958500009085, "num_boost_round": 3.0, "subsample": 0.3701425053665435}, "datetime": {"datetime": "2024-01-20 16:31:30", "elapsed": 11182.230093, "delta": 0.00884}}
{"target": -10.476118570661015, "params": {"colsample_bytree": 0.10319733927737126, "eta": 0.002106798649831219, "gamma": 335.5790871383437, "max_depth": 9.0, "min_child_weight": 5018.8958500009085, "num_boost_round": 4.0, "subsample": 0.3701425053665435}, "datetime": {"datetime": "2024-01-20 16:31:30", "elapsed": 11182.2388, "delta": 0.008707}}
{"target": -10.476117337896238, "params": {"colsample_bytree": 0.10319733927737126, "eta": 0.002106798649831219, "gamma": 335.5790871383437, "max_depth": 9.0, "min_child_weight": 5018.8958500009085, "num_boost_round": 5.0, "subsample": 0.3701425053665435}, "datetime": {"datetime": "2024-01-20 16:31:30", "elapsed": 11182.24766, "delta": 0.00886}}
{"target": -10.476117385513636, "params": {"colsample_bytree": 0.10319733927737126, "eta": 0.002106798649831219, "gamma": 335.5790871383437, "max_depth": 9.0, "min_child_weight": 5018.8958500009085, "num_boost_round": 6.0, "subsample": 0.3701425053665435}, "datetime": {"datetime": "2024-01-20 16:31:30", "elapsed": 11182.256516, "delta": 0.008856}}
{"target": -10.476117971761635, "params": {"colsample_bytree": 0.10319733927737126, "eta": 0.002106798649831219, "gamma": 335.5790871383437, "max_depth": 9.0, "min_child_weight": 5018.8958500009085, "num_boost_round": 7.0, "subsample": 0.3701425053665435}, "datetime": {"datetime": "2024-01-20 16:31:30", "elapsed": 11182.265013, "delta": 0.008497}}
{"target": -10.476120055267948, "params": {"colsample_bytree": 0.10319733927737126, "eta": 0.002106798649831219, "gamma": 335.5790871383437, "max_depth": 9.0, "min_child_weight": 5018.8958500009085, "num_boost_round": 8.0, "subsample": 0.3701425053665435}, "datetime": {"datetime": "2024-01-20 16:31:30", "elapsed": 11182.273189, "delta": 0.008176}}
{"target": -10.476112815314957, "params": {"colsample_bytree": 0.10319733927737126, "eta": 0.002106798649831219, "gamma": 335.5790871383437, "max_depth": 9.0, "min_child_weight": 5018.8958500009085, "num_boost_round": 9.0, "subsample": 0.3701425053665435}, "datetime": {"datetime": "2024-01-20 16:31:30", "elapsed": 11182.281381, "delta": 0.008192}}
{"target": -10.476128115042526, "params": {"colsample_bytree": 0.10319733927737126, "eta": 0.002106798649831219, "gamma": 335.5790871383437, "max_depth": 9.0, "min_child_weight": 5018.8958500009085, "num_boost_round": 10.0, "subsample": 0.3701425053665435}, "datetime": {"datetime": "2024-01-20 16:31:30", "elapsed": 11182.289695, "delta": 0.008314}}
{"target": -10.476138605419948, "params": {"colsample_bytree": 0.10319733927737126, "eta": 0.002106798649831219, "gamma": 335.5790871383437, "max_depth": 9.0, "min_child_weight": 5018.8958500009085, "num_boost_round": 11.0, "subsample": 0.3701425053665435}, "datetime": {"datetime": "2024-01-20 16:31:30", "elapsed": 11182.298146, "delta": 0.008451}}
{"target": -10.476136653759706, "params": {"colsample_bytree": 0.10319733927737126, "eta": 0.002106798649831219, "gamma": 335.5790871383437, "max_depth": 9.0, "min_child_weight": 5018.8958500009085, "num_boost_round": 12.0, "subsample": 0.3701425053665435}, "datetime": {"datetime": "2024-01-20 16:31:30", "elapsed": 11182.306382, "delta": 0.008236}}
