{"target": -13.403091650565933, "params": {"colsample_bytree": 0.2333397789499476, "eta": 0.05929240487791529, "gamma": 561.3755555830948, "max_depth": 5.0, "min_child_weight": 3634.5942426514302, "num_boost_round": 42.0, "subsample": 0.13875728963396464}, "datetime": {"datetime": "2024-01-20 16:02:30", "elapsed": 5885.216575, "delta": 0.004839}}
{"target": -13.403203430163074, "params": {"colsample_bytree": 0.2333397789499476, "eta": 0.05929240487791529, "gamma": 561.3755555830948, "max_depth": 5.0, "min_child_weight": 3634.5942426514302, "num_boost_round": 43.0, "subsample": 0.13875728963396464}, "datetime": {"datetime": "2024-01-20 16:02:30", "elapsed": 5885.221782, "delta": 0.005207}}
{"target": -13.40361652230744, "params": {"colsample_bytree": 0.2333397789499476, "eta": 0.05929240487791529, "gamma": 561.3755555830948, "max_depth": 5.0, "min_child_weight": 3634.5942426514302, "num_boost_round": 44.0, "subsample": 0.13875728963396464}, "datetime": {"datetime": "2024-01-20 16:02:30", "elapsed": 5885.226179, "delta": 0.004397}}
{"target": -13.403674858269785, "params": {"colsample_bytree": 0.2333397789499476, "eta": 0.05929240487791529, "gamma": 561.3755555830948, "max_depth": 5.0, "min_child_weight": 3634.5942426514302, "num_boost_round": 45.0, "subsample": 0.13875728963396464}, "datetime": {"datetime": "2024-01-20 16:02:30", "elapsed": 5885.230563, "delta": 0.004384}}
{"target": -13.403731820787078, "params": {"colsample_bytree": 0.2333397789499476, "eta": 0.05929240487791529, "gamma": 561.3755555830948, "max_depth": 5.0, "min_child_weight": 3634.5942426514302, "num_boost_round": 46.0, "subsample": 0.13875728963396464}, "datetime": {"datetime": "2024-01-20 16:02:30", "elapsed": 5885.235142, "delta": 0.004579}}
{"target": -13.403635814248485, "params": {"colsample_bytree": 0.2333397789499476, "eta": 0.05929240487791529, "gamma": 561.3755555830948, "max_depth": 5.0, "min_child_weight": 3634.5942426514302, "num_boost_round": 47.0, "subsample": 0.13875728963396464}, "datetime": {"datetime": "2024-01-20 16:02:30", "elapsed": 5885.239525, "delta": 0.004383}}
{"target": -13.403983016764213, "params": {"colsample_bytree": 0.2333397789499476, "eta": 0.05929240487791529, "gamma": 561.3755555830948, "max_depth": 5.0, "min_child_weight": 3634.5942426514302, "num_boost_round": 48.0, "subsample": 0.13875728963396464}, "datetime": {"datetime": "2024-01-20 16:02:30", "elapsed": 5885.246298, "delta": 0.006773}}
{"target": -13.404027255796308, "params": {"colsample_bytree": 0.2333397789499476, "eta": 0.05929240487791529, "gamma": 561.3755555830948, "max_depth": 5.0, "min_child_weight": 3634.5942426514302, "num_boost_round": 49.0, "subsample": 0.13875728963396464}, "datetime": {"datetime": "2024-01-20 16:02:30", "elapsed": 5885.252889, "delta": 0.006591}}
{"target": -13.404165013572673, "params": {"colsample_bytree": 0.2333397789499476, "eta": 0.05929240487791529, "gamma": 561.3755555830948, "max_depth": 5.0, "min_child_weight": 3634.5942426514302, "num_boost_round": 50.0, "subsample": 0.13875728963396464}, "datetime": {"datetime": "2024-01-20 16:02:30", "elapsed": 5885.259738, "delta": 0.006849}}
{"target": -13.404248706885298, "params": {"colsample_bytree": 0.2333397789499476, "eta": 0.05929240487791529, "gamma": 561.3755555830948, "max_depth": 5.0, "min_child_weight": 3634.5942426514302, "num_boost_round": 51.0, "subsample": 0.13875728963396464}, "datetime": {"datetime": "2024-01-20 16:02:30", "elapsed": 5885.264499, "delta": 0.004761}}
{"target": -13.40426429279562, "params": {"colsample_bytree": 0.2333397789499476, "eta": 0.05929240487791529, "gamma": 561.3755555830948, "max_depth": 5.0, "min_child_weight": 3634.5942426514302, "num_boost_round": 52.0, "subsample": 0.13875728963396464}, "datetime": {"datetime": "2024-01-20 16:02:30", "elapsed": 5885.268913, "delta": 0.004414}}
{"target": -13.404432726139284, "params": {"colsample_bytree": 0.2333397789499476, "eta": 0.05929240487791529, "gamma": 561.3755555830948, "max_depth": 5.0, "min_child_weight": 3634.5942426514302, "num_boost_round": 53.0, "subsample": 0.13875728963396464}, "datetime": {"datetime": "2024-01-20 16:02:30", "elapsed": 5885.273033, "delta": 0.00412}}
{"target": -13.404998921034997, "params": {"colsample_bytree": 0.2333397789499476, "eta": 0.05929240487791529, "gamma": 561.3755555830948, "max_depth": 5.0, "min_child_weight": 3634.5942426514302, "num_boost_round": 54.0, "subsample": 0.13875728963396464}, "datetime": {"datetime": "2024-01-20 16:02:30", "elapsed": 5885.277331, "delta": 0.004298}}
{"target": -13.405206477822837, "params": {"colsample_bytree": 0.2333397789499476, "eta": 0.05929240487791529, "gamma": 561.3755555830948, "max_depth": 5.0, "min_child_weight": 3634.5942426514302, "num_boost_round": 55.0, "subsample": 0.13875728963396464}, "datetime": {"datetime": "2024-01-20 16:02:30", "elapsed": 5885.281785, "delta": 0.004454}}
{"target": -13.405424544904587, "params": {"colsample_bytree": 0.2333397789499476, "eta": 0.05929240487791529, "gamma": 561.3755555830948, "max_depth": 5.0, "min_child_weight": 3634.5942426514302, "num_boost_round": 56.0, "subsample": 0.13875728963396464}, "datetime": {"datetime": "2024-01-20 16:02:30", "elapsed": 5885.286036, "delta": 0.004251}}
{"target": -13.405530263498399, "params": {"colsample_bytree": 0.2333397789499476, "eta": 0.05929240487791529, "gamma": 561.3755555830948, "max_depth": 5.0, "min_child_weight": 3634.5942426514302, "num_boost_round": 57.0, "subsample": 0.13875728963396464}, "datetime": {"datetime": "2024-01-20 16:02:30", "elapsed": 5885.290327, "delta": 0.004291}}
{"target": -13.405508478310686, "params": {"colsample_bytree": 0.2333397789499476, "eta": 0.05929240487791529, "gamma": 561.3755555830948, "max_depth": 5.0, "min_child_weight": 3634.5942426514302, "num_boost_round": 58.0, "subsample": 0.13875728963396464}, "datetime": {"datetime": "2024-01-20 16:02:30", "elapsed": 5885.294821, "delta": 0.004494}}
{"target": -13.405208510283423, "params": {"colsample_bytree": 0.2333397789499476, "eta": 0.05929240487791529, "gamma": 561.3755555830948, "max_depth": 5.0, "min_child_weight": 3634.5942426514302, "num_boost_round": 59.0, "subsample": 0.13875728963396464}, "datetime": {"datetime": "2024-01-20 16:02:30", "elapsed": 5885.299073, "delta": 0.004252}}
{"target": -13.405303771034347, "params": {"colsample_bytree": 0.2333397789499476, "eta": 0.05929240487791529, "gamma": 561.3755555830948, "max_depth": 5.0, "min_child_weight": 3634.5942426514302, "num_boost_round": 60.0, "subsample": 0.13875728963396464}, "datetime": {"datetime": "2024-01-20 16:02:30", "elapsed": 5885.30337, "delta": 0.004297}}
{"target": -13.405404085409725, "params": {"colsample_bytree": 0.2333397789499476, "eta": 0.05929240487791529, "gamma": 561.3755555830948, "max_depth": 5.0, "min_child_weight": 3634.5942426514302, "num_boost_round": 61.0, "subsample": 0.13875728963396464}, "datetime": {"datetime": "2024-01-20 16:02:30", "elapsed": 5885.307843, "delta": 0.004473}}
{"target": -13.4056269502664, "params": {"colsample_bytree": 0.2333397789499476, "eta": 0.05929240487791529, "gamma": 561.3755555830948, "max_depth": 5.0, "min_child_weight": 3634.5942426514302, "num_boost_round": 62.0, "subsample": 0.13875728963396464}, "datetime": {"datetime": "2024-01-20 16:02:30", "elapsed": 5885.311948, "delta": 0.004105}}
{"target": -13.405807523163688, "params": {"colsample_bytree": 0.2333397789499476, "eta": 0.05929240487791529, "gamma": 561.3755555830948, "max_depth": 5.0, "min_child_weight": 3634.5942426514302, "num_boost_round": 63.0, "subsample": 0.13875728963396464}, "datetime": {"datetime": "2024-01-20 16:02:30", "elapsed": 5885.316157, "delta": 0.004209}}
{"target": -13.406034119440195, "params": {"colsample_bytree": 0.2333397789499476, "eta": 0.05929240487791529, "gamma": 561.3755555830948, "max_depth": 5.0, "min_child_weight": 3634.5942426514302, "num_boost_round": 64.0, "subsample": 0.13875728963396464}, "datetime": {"datetime": "2024-01-20 16:02:30", "elapsed": 5885.321265, "delta": 0.005108}}
{"target": -13.397910718595561, "params": {"colsample_bytree": 0.31463344852305725, "eta": 0.0437881529163727, "gamma": 11.211049762785308, "max_depth": 6.0, "min_child_weight": 3155.248541991264, "num_boost_round": 1.0, "subsample": 0.9795168626943086}, "datetime": {"datetime": "2024-01-20 16:03:39", "elapsed": 5953.816761, "delta": 68.495496}}
{"target": -13.398054442731096, "params": {"colsample_bytree": 0.31463344852305725, "eta": 0.0437881529163727, "gamma": 11.211049762785308, "max_depth": 6.0, "min_child_weight": 3155.248541991264, "num_boost_round": 2.0, "subsample": 0.9795168626943086}, "datetime": {"datetime": "2024-01-20 16:03:39", "elapsed": 5953.822368, "delta": 0.005607}}
{"target": -13.398252022674523, "params": {"colsample_bytree": 0.31463344852305725, "eta": 0.0437881529163727, "gamma": 11.211049762785308, "max_depth": 6.0, "min_child_weight": 3155.248541991264, "num_boost_round": 3.0, "subsample": 0.9795168626943086}, "datetime": {"datetime": "2024-01-20 16:03:39", "elapsed": 5953.826582, "delta": 0.004214}}
{"target": -13.398903804214761, "params": {"colsample_bytree": 0.31463344852305725, "eta": 0.0437881529163727, "gamma": 11.211049762785308, "max_depth": 6.0, "min_child_weight": 3155.248541991264, "num_boost_round": 4.0, "subsample": 0.9795168626943086}, "datetime": {"datetime": "2024-01-20 16:03:39", "elapsed": 5953.830644, "delta": 0.004062}}
{"target": -13.399724037470515, "params": {"colsample_bytree": 0.31463344852305725, "eta": 0.0437881529163727, "gamma": 11.211049762785308, "max_depth": 6.0, "min_child_weight": 3155.248541991264, "num_boost_round": 5.0, "subsample": 0.9795168626943086}, "datetime": {"datetime": "2024-01-20 16:03:39", "elapsed": 5953.834635, "delta": 0.003991}}
{"target": -13.400104320552837, "params": {"colsample_bytree": 0.31463344852305725, "eta": 0.0437881529163727, "gamma": 11.211049762785308, "max_depth": 6.0, "min_child_weight": 3155.248541991264, "num_boost_round": 6.0, "subsample": 0.9795168626943086}, "datetime": {"datetime": "2024-01-20 16:03:39", "elapsed": 5953.838727, "delta": 0.004092}}
{"target": -13.400856418530147, "params": {"colsample_bytree": 0.31463344852305725, "eta": 0.0437881529163727, "gamma": 11.211049762785308, "max_depth": 6.0, "min_child_weight": 3155.248541991264, "num_boost_round": 7.0, "subsample": 0.9795168626943086}, "datetime": {"datetime": "2024-01-20 16:03:39", "elapsed": 5953.842886, "delta": 0.004159}}
{"target": -13.397816360655224, "params": {"colsample_bytree": 0.19128290545843912, "eta": 0.06068512523550824, "gamma": 366.0544714747698, "max_depth": 3.0, "min_child_weight": 3334.7583445188357, "num_boost_round": 1.0, "subsample": 0.8909916298687414}, "datetime": {"datetime": "2024-01-20 16:04:18", "elapsed": 5993.039093, "delta": 39.196207}}
{"target": -13.397883296464606, "params": {"colsample_bytree": 0.19128290545843912, "eta": 0.06068512523550824, "gamma": 366.0544714747698, "max_depth": 3.0, "min_child_weight": 3334.7583445188357, "num_boost_round": 2.0, "subsample": 0.8909916298687414}, "datetime": {"datetime": "2024-01-20 16:04:18", "elapsed": 5993.045219, "delta": 0.006126}}
{"target": -13.398265335306114, "params": {"colsample_bytree": 0.19128290545843912, "eta": 0.06068512523550824, "gamma": 366.0544714747698, "max_depth": 3.0, "min_child_weight": 3334.7583445188357, "num_boost_round": 3.0, "subsample": 0.8909916298687414}, "datetime": {"datetime": "2024-01-20 16:04:18", "elapsed": 5993.04979, "delta": 0.004571}}
{"target": -13.398790854878648, "params": {"colsample_bytree": 0.19128290545843912, "eta": 0.06068512523550824, "gamma": 366.0544714747698, "max_depth": 3.0, "min_child_weight": 3334.7583445188357, "num_boost_round": 4.0, "subsample": 0.8909916298687414}, "datetime": {"datetime": "2024-01-20 16:04:18", "elapsed": 5993.053993, "delta": 0.004203}}
{"target": -13.399654409813525, "params": {"colsample_bytree": 0.19128290545843912, "eta": 0.06068512523550824, "gamma": 366.0544714747698, "max_depth": 3.0, "min_child_weight": 3334.7583445188357, "num_boost_round": 5.0, "subsample": 0.8909916298687414}, "datetime": {"datetime": "2024-01-20 16:04:18", "elapsed": 5993.058078, "delta": 0.004085}}
{"target": -13.400088149092335, "params": {"colsample_bytree": 0.19128290545843912, "eta": 0.06068512523550824, "gamma": 366.0544714747698, "max_depth": 3.0, "min_child_weight": 3334.7583445188357, "num_boost_round": 6.0, "subsample": 0.8909916298687414}, "datetime": {"datetime": "2024-01-20 16:04:18", "elapsed": 5993.06239, "delta": 0.004312}}
{"target": -13.400372271721157, "params": {"colsample_bytree": 0.19128290545843912, "eta": 0.06068512523550824, "gamma": 366.0544714747698, "max_depth": 3.0, "min_child_weight": 3334.7583445188357, "num_boost_round": 7.0, "subsample": 0.8909916298687414}, "datetime": {"datetime": "2024-01-20 16:04:18", "elapsed": 5993.066725, "delta": 0.004335}}
{"target": -13.397752113211766, "params": {"colsample_bytree": 0.8735677171792638, "eta": 0.014638500602165901, "gamma": 473.63988888611374, "max_depth": 5.0, "min_child_weight": 3315.599354895416, "num_boost_round": 1.0, "subsample": 0.8710199898129374}, "datetime": {"datetime": "2024-01-20 16:05:07", "elapsed": 6041.888374, "delta": 48.821649}}
{"target": -13.39765734796602, "params": {"colsample_bytree": 0.8735677171792638, "eta": 0.014638500602165901, "gamma": 473.63988888611374, "max_depth": 5.0, "min_child_weight": 3315.599354895416, "num_boost_round": 2.0, "subsample": 0.8710199898129374}, "datetime": {"datetime": "2024-01-20 16:05:07", "elapsed": 6041.89584, "delta": 0.007466}}
{"target": -13.3976447231166, "params": {"colsample_bytree": 0.8735677171792638, "eta": 0.014638500602165901, "gamma": 473.63988888611374, "max_depth": 5.0, "min_child_weight": 3315.599354895416, "num_boost_round": 3.0, "subsample": 0.8710199898129374}, "datetime": {"datetime": "2024-01-20 16:05:07", "elapsed": 6041.903601, "delta": 0.007761}}
{"target": -13.397891325593259, "params": {"colsample_bytree": 0.948144768781304, "eta": 0.048484714143110695, "gamma": 889.5526537452544, "max_depth": 3.0, "min_child_weight": 3548.658522841902, "num_boost_round": 1.0, "subsample": 0.9328865217982618}, "datetime": {"datetime": "2024-01-20 16:05:57", "elapsed": 6092.14596, "delta": 50.242359}}
{"target": -13.39831329191234, "params": {"colsample_bytree": 0.948144768781304, "eta": 0.048484714143110695, "gamma": 889.5526537452544, "max_depth": 3.0, "min_child_weight": 3548.658522841902, "num_boost_round": 2.0, "subsample": 0.9328865217982618}, "datetime": {"datetime": "2024-01-20 16:05:57", "elapsed": 6092.151256, "delta": 0.005296}}
{"target": -13.398740183790089, "params": {"colsample_bytree": 0.948144768781304, "eta": 0.048484714143110695, "gamma": 889.5526537452544, "max_depth": 3.0, "min_child_weight": 3548.658522841902, "num_boost_round": 3.0, "subsample": 0.9328865217982618}, "datetime": {"datetime": "2024-01-20 16:05:57", "elapsed": 6092.155443, "delta": 0.004187}}
{"target": -13.397881273015793, "params": {"colsample_bytree": 0.18824466983985805, "eta": 0.05358436490044887, "gamma": 958.030837060038, "max_depth": 4.0, "min_child_weight": 3993.993791213078, "num_boost_round": 1.0, "subsample": 0.9495498198620321}, "datetime": {"datetime": "2024-01-20 16:06:43", "elapsed": 6138.021877, "delta": 45.866434}}
{"target": -13.398030728536082, "params": {"colsample_bytree": 0.18824466983985805, "eta": 0.05358436490044887, "gamma": 958.030837060038, "max_depth": 4.0, "min_child_weight": 3993.993791213078, "num_boost_round": 2.0, "subsample": 0.9495498198620321}, "datetime": {"datetime": "2024-01-20 16:06:43", "elapsed": 6138.027035, "delta": 0.005158}}
{"target": -13.398318200969467, "params": {"colsample_bytree": 0.18824466983985805, "eta": 0.05358436490044887, "gamma": 958.030837060038, "max_depth": 4.0, "min_child_weight": 3993.993791213078, "num_boost_round": 3.0, "subsample": 0.9495498198620321}, "datetime": {"datetime": "2024-01-20 16:06:43", "elapsed": 6138.031565, "delta": 0.00453}}
{"target": -13.39886579398858, "params": {"colsample_bytree": 0.18824466983985805, "eta": 0.05358436490044887, "gamma": 958.030837060038, "max_depth": 4.0, "min_child_weight": 3993.993791213078, "num_boost_round": 4.0, "subsample": 0.9495498198620321}, "datetime": {"datetime": "2024-01-20 16:06:43", "elapsed": 6138.035732, "delta": 0.004167}}
{"target": -13.39765815782442, "params": {"colsample_bytree": 0.6553847636779181, "eta": 0.02317688674365855, "gamma": 890.3364147751763, "max_depth": 7.0, "min_child_weight": 3114.4967053883365, "num_boost_round": 1.0, "subsample": 0.757980019083117}, "datetime": {"datetime": "2024-01-20 16:07:40", "elapsed": 6195.324489, "delta": 57.288757}}
{"target": -13.397966824379086, "params": {"colsample_bytree": 0.30174428693853983, "eta": 0.09267227467583639, "gamma": 741.0956935780722, "max_depth": 2.0, "min_child_weight": 4232.770398538668, "num_boost_round": 1.0, "subsample": 0.692481470061152}, "datetime": {"datetime": "2024-01-20 16:08:37", "elapsed": 6252.002983, "delta": 56.678494}}
{"target": -13.398228311441468, "params": {"colsample_bytree": 0.30174428693853983, "eta": 0.09267227467583639, "gamma": 741.0956935780722, "max_depth": 2.0, "min_child_weight": 4232.770398538668, "num_boost_round": 2.0, "subsample": 0.692481470061152}, "datetime": {"datetime": "2024-01-20 16:08:37", "elapsed": 6252.008219, "delta": 0.005236}}
{"target": -13.39859235737494, "params": {"colsample_bytree": 0.30174428693853983, "eta": 0.09267227467583639, "gamma": 741.0956935780722, "max_depth": 2.0, "min_child_weight": 4232.770398538668, "num_boost_round": 3.0, "subsample": 0.692481470061152}, "datetime": {"datetime": "2024-01-20 16:08:37", "elapsed": 6252.01237, "delta": 0.004151}}
{"target": -13.399461723553681, "params": {"colsample_bytree": 0.30174428693853983, "eta": 0.09267227467583639, "gamma": 741.0956935780722, "max_depth": 2.0, "min_child_weight": 4232.770398538668, "num_boost_round": 4.0, "subsample": 0.692481470061152}, "datetime": {"datetime": "2024-01-20 16:08:37", "elapsed": 6252.378141, "delta": 0.365771}}
{"target": -13.400570254052903, "params": {"colsample_bytree": 0.30174428693853983, "eta": 0.09267227467583639, "gamma": 741.0956935780722, "max_depth": 2.0, "min_child_weight": 4232.770398538668, "num_boost_round": 5.0, "subsample": 0.692481470061152}, "datetime": {"datetime": "2024-01-20 16:08:37", "elapsed": 6252.384013, "delta": 0.005872}}
{"target": -13.40126388360212, "params": {"colsample_bytree": 0.30174428693853983, "eta": 0.09267227467583639, "gamma": 741.0956935780722, "max_depth": 2.0, "min_child_weight": 4232.770398538668, "num_boost_round": 6.0, "subsample": 0.692481470061152}, "datetime": {"datetime": "2024-01-20 16:08:37", "elapsed": 6252.388376, "delta": 0.004363}}
{"target": -13.402342977017797, "params": {"colsample_bytree": 0.30174428693853983, "eta": 0.09267227467583639, "gamma": 741.0956935780722, "max_depth": 2.0, "min_child_weight": 4232.770398538668, "num_boost_round": 7.0, "subsample": 0.692481470061152}, "datetime": {"datetime": "2024-01-20 16:08:37", "elapsed": 6252.392704, "delta": 0.004328}}
{"target": -13.403320105074766, "params": {"colsample_bytree": 0.30174428693853983, "eta": 0.09267227467583639, "gamma": 741.0956935780722, "max_depth": 2.0, "min_child_weight": 4232.770398538668, "num_boost_round": 8.0, "subsample": 0.692481470061152}, "datetime": {"datetime": "2024-01-20 16:08:37", "elapsed": 6252.397098, "delta": 0.004394}}
{"target": -13.403469088194713, "params": {"colsample_bytree": 0.30174428693853983, "eta": 0.09267227467583639, "gamma": 741.0956935780722, "max_depth": 2.0, "min_child_weight": 4232.770398538668, "num_boost_round": 9.0, "subsample": 0.692481470061152}, "datetime": {"datetime": "2024-01-20 16:08:37", "elapsed": 6252.401717, "delta": 0.004619}}
{"target": -13.404173555128516, "params": {"colsample_bytree": 0.30174428693853983, "eta": 0.09267227467583639, "gamma": 741.0956935780722, "max_depth": 2.0, "min_child_weight": 4232.770398538668, "num_boost_round": 10.0, "subsample": 0.692481470061152}, "datetime": {"datetime": "2024-01-20 16:08:37", "elapsed": 6252.405903, "delta": 0.004186}}
{"target": -13.404628370175736, "params": {"colsample_bytree": 0.30174428693853983, "eta": 0.09267227467583639, "gamma": 741.0956935780722, "max_depth": 2.0, "min_child_weight": 4232.770398538668, "num_boost_round": 11.0, "subsample": 0.692481470061152}, "datetime": {"datetime": "2024-01-20 16:08:37", "elapsed": 6252.41013, "delta": 0.004227}}
{"target": -13.404744919488474, "params": {"colsample_bytree": 0.30174428693853983, "eta": 0.09267227467583639, "gamma": 741.0956935780722, "max_depth": 2.0, "min_child_weight": 4232.770398538668, "num_boost_round": 12.0, "subsample": 0.692481470061152}, "datetime": {"datetime": "2024-01-20 16:08:37", "elapsed": 6252.414468, "delta": 0.004338}}
{"target": -13.40515610082052, "params": {"colsample_bytree": 0.30174428693853983, "eta": 0.09267227467583639, "gamma": 741.0956935780722, "max_depth": 2.0, "min_child_weight": 4232.770398538668, "num_boost_round": 13.0, "subsample": 0.692481470061152}, "datetime": {"datetime": "2024-01-20 16:08:37", "elapsed": 6252.419139, "delta": 0.004671}}
{"target": -13.397753453427939, "params": {"colsample_bytree": 0.6152742879246179, "eta": 0.018813753042663285, "gamma": 40.485604970519006, "max_depth": 4.0, "min_child_weight": 3246.3269821711015, "num_boost_round": 1.0, "subsample": 0.4497099630335063}, "datetime": {"datetime": "2024-01-20 16:09:37", "elapsed": 6312.434289, "delta": 60.01515}}
{"target": -13.397782453239433, "params": {"colsample_bytree": 0.6152742879246179, "eta": 0.018813753042663285, "gamma": 40.485604970519006, "max_depth": 4.0, "min_child_weight": 3246.3269821711015, "num_boost_round": 2.0, "subsample": 0.4497099630335063}, "datetime": {"datetime": "2024-01-20 16:09:37", "elapsed": 6312.439385, "delta": 0.005096}}
