{"target": -10.475569106569498, "params": {"colsample_bytree": 0.9187374483201458, "eta": 0.01978533920357426, "gamma": 507.86629031326004, "max_depth": 2.0, "min_child_weight": 4654.361723999061, "num_boost_round": 4.0, "subsample": 0.22748964968350668}, "datetime": {"datetime": "2024-01-20 15:13:15", "elapsed": 6487.634342, "delta": 0.005107}}
{"target": -10.475463203742686, "params": {"colsample_bytree": 0.9187374483201458, "eta": 0.01978533920357426, "gamma": 507.86629031326004, "max_depth": 2.0, "min_child_weight": 4654.361723999061, "num_boost_round": 5.0, "subsample": 0.22748964968350668}, "datetime": {"datetime": "2024-01-20 15:13:15", "elapsed": 6487.639123, "delta": 0.004781}}
{"target": -10.475348085854966, "params": {"colsample_bytree": 0.9187374483201458, "eta": 0.01978533920357426, "gamma": 507.86629031326004, "max_depth": 2.0, "min_child_weight": 4654.361723999061, "num_boost_round": 6.0, "subsample": 0.22748964968350668}, "datetime": {"datetime": "2024-01-20 15:13:15", "elapsed": 6487.643894, "delta": 0.004771}}
{"target": -10.475214572053245, "params": {"colsample_bytree": 0.9187374483201458, "eta": 0.01978533920357426, "gamma": 507.86629031326004, "max_depth": 2.0, "min_child_weight": 4654.361723999061, "num_boost_round": 7.0, "subsample": 0.22748964968350668}, "datetime": {"datetime": "2024-01-20 15:13:15", "elapsed": 6487.648661, "delta": 0.004767}}
{"target": -10.475138017765605, "params": {"colsample_bytree": 0.9187374483201458, "eta": 0.01978533920357426, "gamma": 507.86629031326004, "max_depth": 2.0, "min_child_weight": 4654.361723999061, "num_boost_round": 8.0, "subsample": 0.22748964968350668}, "datetime": {"datetime": "2024-01-20 15:13:15", "elapsed": 6487.653437, "delta": 0.004776}}
{"target": -10.47504714564756, "params": {"colsample_bytree": 0.9187374483201458, "eta": 0.01978533920357426, "gamma": 507.86629031326004, "max_depth": 2.0, "min_child_weight": 4654.361723999061, "num_boost_round": 9.0, "subsample": 0.22748964968350668}, "datetime": {"datetime": "2024-01-20 15:13:15", "elapsed": 6487.658479, "delta": 0.005042}}
{"target": -10.474947751848621, "params": {"colsample_bytree": 0.9187374483201458, "eta": 0.01978533920357426, "gamma": 507.86629031326004, "max_depth": 2.0, "min_child_weight": 4654.361723999061, "num_boost_round": 10.0, "subsample": 0.22748964968350668}, "datetime": {"datetime": "2024-01-20 15:13:15", "elapsed": 6487.66369, "delta": 0.005211}}
{"target": -10.474762243131387, "params": {"colsample_bytree": 0.9187374483201458, "eta": 0.01978533920357426, "gamma": 507.86629031326004, "max_depth": 2.0, "min_child_weight": 4654.361723999061, "num_boost_round": 11.0, "subsample": 0.22748964968350668}, "datetime": {"datetime": "2024-01-20 15:13:15", "elapsed": 6487.668668, "delta": 0.004978}}
{"target": -10.474695634456284, "params": {"colsample_bytree": 0.9187374483201458, "eta": 0.01978533920357426, "gamma": 507.86629031326004, "max_depth": 2.0, "min_child_weight": 4654.361723999061, "num_boost_round": 12.0, "subsample": 0.22748964968350668}, "datetime": {"datetime": "2024-01-20 15:13:15", "elapsed": 6487.673465, "delta": 0.004797}}
{"target": -10.474673774392084, "params": {"colsample_bytree": 0.9187374483201458, "eta": 0.01978533920357426, "gamma": 507.86629031326004, "max_depth": 2.0, "min_child_weight": 4654.361723999061, "num_boost_round": 13.0, "subsample": 0.22748964968350668}, "datetime": {"datetime": "2024-01-20 15:13:15", "elapsed": 6487.678344, "delta": 0.004879}}
{"target": -10.47463723590733, "params": {"colsample_bytree": 0.9187374483201458, "eta": 0.01978533920357426, "gamma": 507.86629031326004, "max_depth": 2.0, "min_child_weight": 4654.361723999061, "num_boost_round": 14.0, "subsample": 0.22748964968350668}, "datetime": {"datetime": "2024-01-20 15:13:15", "elapsed": 6487.683049, "delta": 0.004705}}
{"target": -10.474563760036153, "params": {"colsample_bytree": 0.9187374483201458, "eta": 0.01978533920357426, "gamma": 507.86629031326004, "max_depth": 2.0, "min_child_weight": 4654.361723999061, "num_boost_round": 15.0, "subsample": 0.22748964968350668}, "datetime": {"datetime": "2024-01-20 15:13:15", "elapsed": 6487.687929, "delta": 0.00488}}
{"target": -10.474526693348349, "params": {"colsample_bytree": 0.9187374483201458, "eta": 0.01978533920357426, "gamma": 507.86629031326004, "max_depth": 2.0, "min_child_weight": 4654.361723999061, "num_boost_round": 16.0, "subsample": 0.22748964968350668}, "datetime": {"datetime": "2024-01-20 15:13:15", "elapsed": 6487.69302, "delta": 0.005091}}
{"target": -10.474507375926592, "params": {"colsample_bytree": 0.9187374483201458, "eta": 0.01978533920357426, "gamma": 507.86629031326004, "max_depth": 2.0, "min_child_weight": 4654.361723999061, "num_boost_round": 17.0, "subsample": 0.22748964968350668}, "datetime": {"datetime": "2024-01-20 15:13:15", "elapsed": 6487.69782, "delta": 0.0048}}
{"target": -10.476133871607367, "params": {"colsample_bytree": 0.19209895601845195, "eta": 0.05136378618724266, "gamma": 545.650496537956, "max_depth": 3.0, "min_child_weight": 4758.4034647050485, "num_boost_round": 1.0, "subsample": 0.452962662939984}, "datetime": {"datetime": "2024-01-20 15:14:34", "elapsed": 6566.393678, "delta": 78.695858}}
{"target": -10.475978162490456, "params": {"colsample_bytree": 0.19209895601845195, "eta": 0.05136378618724266, "gamma": 545.650496537956, "max_depth": 3.0, "min_child_weight": 4758.4034647050485, "num_boost_round": 2.0, "subsample": 0.452962662939984}, "datetime": {"datetime": "2024-01-20 15:14:34", "elapsed": 6566.400116, "delta": 0.006438}}
{"target": -10.476095989154475, "params": {"colsample_bytree": 0.19209895601845195, "eta": 0.05136378618724266, "gamma": 545.650496537956, "max_depth": 3.0, "min_child_weight": 4758.4034647050485, "num_boost_round": 3.0, "subsample": 0.452962662939984}, "datetime": {"datetime": "2024-01-20 15:14:34", "elapsed": 6566.404874, "delta": 0.004758}}
{"target": -10.476318255716249, "params": {"colsample_bytree": 0.19209895601845195, "eta": 0.05136378618724266, "gamma": 545.650496537956, "max_depth": 3.0, "min_child_weight": 4758.4034647050485, "num_boost_round": 4.0, "subsample": 0.452962662939984}, "datetime": {"datetime": "2024-01-20 15:14:34", "elapsed": 6566.409743, "delta": 0.004869}}
{"target": -10.476225084988254, "params": {"colsample_bytree": 0.19209895601845195, "eta": 0.05136378618724266, "gamma": 545.650496537956, "max_depth": 3.0, "min_child_weight": 4758.4034647050485, "num_boost_round": 5.0, "subsample": 0.452962662939984}, "datetime": {"datetime": "2024-01-20 15:14:34", "elapsed": 6566.414732, "delta": 0.004989}}
{"target": -10.476366826185544, "params": {"colsample_bytree": 0.19209895601845195, "eta": 0.05136378618724266, "gamma": 545.650496537956, "max_depth": 3.0, "min_child_weight": 4758.4034647050485, "num_boost_round": 6.0, "subsample": 0.452962662939984}, "datetime": {"datetime": "2024-01-20 15:14:34", "elapsed": 6566.419951, "delta": 0.005219}}
{"target": -10.476313209385024, "params": {"colsample_bytree": 0.19209895601845195, "eta": 0.05136378618724266, "gamma": 545.650496537956, "max_depth": 3.0, "min_child_weight": 4758.4034647050485, "num_boost_round": 7.0, "subsample": 0.452962662939984}, "datetime": {"datetime": "2024-01-20 15:14:34", "elapsed": 6566.424657, "delta": 0.004706}}
{"target": -10.47626294585694, "params": {"colsample_bytree": 0.19209895601845195, "eta": 0.05136378618724266, "gamma": 545.650496537956, "max_depth": 3.0, "min_child_weight": 4758.4034647050485, "num_boost_round": 8.0, "subsample": 0.452962662939984}, "datetime": {"datetime": "2024-01-20 15:14:34", "elapsed": 6566.42944, "delta": 0.004783}}
{"target": -10.476228304710984, "params": {"colsample_bytree": 0.19209895601845195, "eta": 0.05136378618724266, "gamma": 545.650496537956, "max_depth": 3.0, "min_child_weight": 4758.4034647050485, "num_boost_round": 9.0, "subsample": 0.452962662939984}, "datetime": {"datetime": "2024-01-20 15:14:34", "elapsed": 6566.434204, "delta": 0.004764}}
{"target": -10.476417154161286, "params": {"colsample_bytree": 0.19209895601845195, "eta": 0.05136378618724266, "gamma": 545.650496537956, "max_depth": 3.0, "min_child_weight": 4758.4034647050485, "num_boost_round": 10.0, "subsample": 0.452962662939984}, "datetime": {"datetime": "2024-01-20 15:14:34", "elapsed": 6566.43901, "delta": 0.004806}}
{"target": -10.47666238814568, "params": {"colsample_bytree": 0.19209895601845195, "eta": 0.05136378618724266, "gamma": 545.650496537956, "max_depth": 3.0, "min_child_weight": 4758.4034647050485, "num_boost_round": 11.0, "subsample": 0.452962662939984}, "datetime": {"datetime": "2024-01-20 15:14:34", "elapsed": 6566.443884, "delta": 0.004874}}
{"target": -10.476670902994167, "params": {"colsample_bytree": 0.19209895601845195, "eta": 0.05136378618724266, "gamma": 545.650496537956, "max_depth": 3.0, "min_child_weight": 4758.4034647050485, "num_boost_round": 12.0, "subsample": 0.452962662939984}, "datetime": {"datetime": "2024-01-20 15:14:34", "elapsed": 6566.449011, "delta": 0.005127}}
{"target": -10.47654066597958, "params": {"colsample_bytree": 0.19209895601845195, "eta": 0.05136378618724266, "gamma": 545.650496537956, "max_depth": 3.0, "min_child_weight": 4758.4034647050485, "num_boost_round": 13.0, "subsample": 0.452962662939984}, "datetime": {"datetime": "2024-01-20 15:14:34", "elapsed": 6566.453726, "delta": 0.004715}}
{"target": -10.476624458166473, "params": {"colsample_bytree": 0.19209895601845195, "eta": 0.05136378618724266, "gamma": 545.650496537956, "max_depth": 3.0, "min_child_weight": 4758.4034647050485, "num_boost_round": 14.0, "subsample": 0.452962662939984}, "datetime": {"datetime": "2024-01-20 15:14:34", "elapsed": 6566.458603, "delta": 0.004877}}
{"target": -10.476748443676229, "params": {"colsample_bytree": 0.19209895601845195, "eta": 0.05136378618724266, "gamma": 545.650496537956, "max_depth": 3.0, "min_child_weight": 4758.4034647050485, "num_boost_round": 15.0, "subsample": 0.452962662939984}, "datetime": {"datetime": "2024-01-20 15:14:34", "elapsed": 6566.463541, "delta": 0.004938}}
{"target": -10.476954274913393, "params": {"colsample_bytree": 0.19209895601845195, "eta": 0.05136378618724266, "gamma": 545.650496537956, "max_depth": 3.0, "min_child_weight": 4758.4034647050485, "num_boost_round": 16.0, "subsample": 0.452962662939984}, "datetime": {"datetime": "2024-01-20 15:14:34", "elapsed": 6566.468618, "delta": 0.005077}}
{"target": -10.477219185344373, "params": {"colsample_bytree": 0.19209895601845195, "eta": 0.05136378618724266, "gamma": 545.650496537956, "max_depth": 3.0, "min_child_weight": 4758.4034647050485, "num_boost_round": 17.0, "subsample": 0.452962662939984}, "datetime": {"datetime": "2024-01-20 15:14:34", "elapsed": 6566.474289, "delta": 0.005671}}
{"target": -10.477400792208876, "params": {"colsample_bytree": 0.19209895601845195, "eta": 0.05136378618724266, "gamma": 545.650496537956, "max_depth": 3.0, "min_child_weight": 4758.4034647050485, "num_boost_round": 18.0, "subsample": 0.452962662939984}, "datetime": {"datetime": "2024-01-20 15:14:34", "elapsed": 6566.479972, "delta": 0.005683}}
{"target": -10.47754196154132, "params": {"colsample_bytree": 0.19209895601845195, "eta": 0.05136378618724266, "gamma": 545.650496537956, "max_depth": 3.0, "min_child_weight": 4758.4034647050485, "num_boost_round": 19.0, "subsample": 0.452962662939984}, "datetime": {"datetime": "2024-01-20 15:14:34", "elapsed": 6566.484808, "delta": 0.004836}}
{"target": -10.477430008342889, "params": {"colsample_bytree": 0.19209895601845195, "eta": 0.05136378618724266, "gamma": 545.650496537956, "max_depth": 3.0, "min_child_weight": 4758.4034647050485, "num_boost_round": 20.0, "subsample": 0.452962662939984}, "datetime": {"datetime": "2024-01-20 15:14:34", "elapsed": 6566.489683, "delta": 0.004875}}
{"target": -10.477440069854742, "params": {"colsample_bytree": 0.19209895601845195, "eta": 0.05136378618724266, "gamma": 545.650496537956, "max_depth": 3.0, "min_child_weight": 4758.4034647050485, "num_boost_round": 21.0, "subsample": 0.452962662939984}, "datetime": {"datetime": "2024-01-20 15:14:34", "elapsed": 6566.494468, "delta": 0.004785}}
{"target": -10.477309686758382, "params": {"colsample_bytree": 0.19209895601845195, "eta": 0.05136378618724266, "gamma": 545.650496537956, "max_depth": 3.0, "min_child_weight": 4758.4034647050485, "num_boost_round": 22.0, "subsample": 0.452962662939984}, "datetime": {"datetime": "2024-01-20 15:14:34", "elapsed": 6566.499256, "delta": 0.004788}}
{"target": -10.477480634931325, "params": {"colsample_bytree": 0.19209895601845195, "eta": 0.05136378618724266, "gamma": 545.650496537956, "max_depth": 3.0, "min_child_weight": 4758.4034647050485, "num_boost_round": 23.0, "subsample": 0.452962662939984}, "datetime": {"datetime": "2024-01-20 15:14:34", "elapsed": 6566.50417, "delta": 0.004914}}
{"target": -10.477352971232548, "params": {"colsample_bytree": 0.19209895601845195, "eta": 0.05136378618724266, "gamma": 545.650496537956, "max_depth": 3.0, "min_child_weight": 4758.4034647050485, "num_boost_round": 24.0, "subsample": 0.452962662939984}, "datetime": {"datetime": "2024-01-20 15:14:34", "elapsed": 6566.509332, "delta": 0.005162}}
{"target": -10.477510246294614, "params": {"colsample_bytree": 0.19209895601845195, "eta": 0.05136378618724266, "gamma": 545.650496537956, "max_depth": 3.0, "min_child_weight": 4758.4034647050485, "num_boost_round": 25.0, "subsample": 0.452962662939984}, "datetime": {"datetime": "2024-01-20 15:14:34", "elapsed": 6566.514131, "delta": 0.004799}}
{"target": -10.477573762058014, "params": {"colsample_bytree": 0.19209895601845195, "eta": 0.05136378618724266, "gamma": 545.650496537956, "max_depth": 3.0, "min_child_weight": 4758.4034647050485, "num_boost_round": 26.0, "subsample": 0.452962662939984}, "datetime": {"datetime": "2024-01-20 15:14:34", "elapsed": 6566.518932, "delta": 0.004801}}
{"target": -10.477833052378461, "params": {"colsample_bytree": 0.19209895601845195, "eta": 0.05136378618724266, "gamma": 545.650496537956, "max_depth": 3.0, "min_child_weight": 4758.4034647050485, "num_boost_round": 27.0, "subsample": 0.452962662939984}, "datetime": {"datetime": "2024-01-20 15:14:34", "elapsed": 6566.523771, "delta": 0.004839}}
{"target": -10.477905862489848, "params": {"colsample_bytree": 0.19209895601845195, "eta": 0.05136378618724266, "gamma": 545.650496537956, "max_depth": 3.0, "min_child_weight": 4758.4034647050485, "num_boost_round": 28.0, "subsample": 0.452962662939984}, "datetime": {"datetime": "2024-01-20 15:14:34", "elapsed": 6566.52857, "delta": 0.004799}}
{"target": -10.477914681548594, "params": {"colsample_bytree": 0.19209895601845195, "eta": 0.05136378618724266, "gamma": 545.650496537956, "max_depth": 3.0, "min_child_weight": 4758.4034647050485, "num_boost_round": 29.0, "subsample": 0.452962662939984}, "datetime": {"datetime": "2024-01-20 15:14:34", "elapsed": 6566.533522, "delta": 0.004952}}
{"target": -10.478026799509912, "params": {"colsample_bytree": 0.19209895601845195, "eta": 0.05136378618724266, "gamma": 545.650496537956, "max_depth": 3.0, "min_child_weight": 4758.4034647050485, "num_boost_round": 30.0, "subsample": 0.452962662939984}, "datetime": {"datetime": "2024-01-20 15:14:34", "elapsed": 6566.538678, "delta": 0.005156}}
{"target": -10.478168801427048, "params": {"colsample_bytree": 0.19209895601845195, "eta": 0.05136378618724266, "gamma": 545.650496537956, "max_depth": 3.0, "min_child_weight": 4758.4034647050485, "num_boost_round": 31.0, "subsample": 0.452962662939984}, "datetime": {"datetime": "2024-01-20 15:14:34", "elapsed": 6566.543546, "delta": 0.004868}}
{"target": -10.478351681993804, "params": {"colsample_bytree": 0.19209895601845195, "eta": 0.05136378618724266, "gamma": 545.650496537956, "max_depth": 3.0, "min_child_weight": 4758.4034647050485, "num_boost_round": 32.0, "subsample": 0.452962662939984}, "datetime": {"datetime": "2024-01-20 15:14:34", "elapsed": 6566.548347, "delta": 0.004801}}
{"target": -10.47821378041014, "params": {"colsample_bytree": 0.19209895601845195, "eta": 0.05136378618724266, "gamma": 545.650496537956, "max_depth": 3.0, "min_child_weight": 4758.4034647050485, "num_boost_round": 33.0, "subsample": 0.452962662939984}, "datetime": {"datetime": "2024-01-20 15:14:34", "elapsed": 6566.553354, "delta": 0.005007}}
{"target": -10.475998772984717, "params": {"colsample_bytree": 0.43093353142693414, "eta": 0.07761944008304415, "gamma": 638.6775367929754, "max_depth": 2.0, "min_child_weight": 4700.505003290178, "num_boost_round": 1.0, "subsample": 0.4974391586450132}, "datetime": {"datetime": "2024-01-20 15:16:06", "elapsed": 6658.492177, "delta": 91.938823}}
{"target": -10.47568656354358, "params": {"colsample_bytree": 0.43093353142693414, "eta": 0.07761944008304415, "gamma": 638.6775367929754, "max_depth": 2.0, "min_child_weight": 4700.505003290178, "num_boost_round": 2.0, "subsample": 0.4974391586450132}, "datetime": {"datetime": "2024-01-20 15:16:06", "elapsed": 6658.498253, "delta": 0.006076}}
{"target": -10.475751194939232, "params": {"colsample_bytree": 0.43093353142693414, "eta": 0.07761944008304415, "gamma": 638.6775367929754, "max_depth": 2.0, "min_child_weight": 4700.505003290178, "num_boost_round": 3.0, "subsample": 0.4974391586450132}, "datetime": {"datetime": "2024-01-20 15:16:06", "elapsed": 6658.503128, "delta": 0.004875}}
{"target": -10.47529600923232, "params": {"colsample_bytree": 0.43093353142693414, "eta": 0.07761944008304415, "gamma": 638.6775367929754, "max_depth": 2.0, "min_child_weight": 4700.505003290178, "num_boost_round": 4.0, "subsample": 0.4974391586450132}, "datetime": {"datetime": "2024-01-20 15:16:06", "elapsed": 6658.508075, "delta": 0.004947}}
{"target": -10.475246597299224, "params": {"colsample_bytree": 0.43093353142693414, "eta": 0.07761944008304415, "gamma": 638.6775367929754, "max_depth": 2.0, "min_child_weight": 4700.505003290178, "num_boost_round": 5.0, "subsample": 0.4974391586450132}, "datetime": {"datetime": "2024-01-20 15:16:06", "elapsed": 6658.512989, "delta": 0.004914}}
{"target": -10.47540340389763, "params": {"colsample_bytree": 0.43093353142693414, "eta": 0.07761944008304415, "gamma": 638.6775367929754, "max_depth": 2.0, "min_child_weight": 4700.505003290178, "num_boost_round": 6.0, "subsample": 0.4974391586450132}, "datetime": {"datetime": "2024-01-20 15:16:06", "elapsed": 6658.518181, "delta": 0.005192}}
{"target": -10.475897370563054, "params": {"colsample_bytree": 0.5056355193867738, "eta": 0.08396293696103244, "gamma": 628.56223994278, "max_depth": 2.0, "min_child_weight": 4733.306829923592, "num_boost_round": 1.0, "subsample": 0.12208013047068762}, "datetime": {"datetime": "2024-01-20 15:17:37", "elapsed": 6749.780109, "delta": 91.261928}}
{"target": -10.475501722984657, "params": {"colsample_bytree": 0.5056355193867738, "eta": 0.08396293696103244, "gamma": 628.56223994278, "max_depth": 2.0, "min_child_weight": 4733.306829923592, "num_boost_round": 2.0, "subsample": 0.12208013047068762}, "datetime": {"datetime": "2024-01-20 15:17:37", "elapsed": 6749.786002, "delta": 0.005893}}
{"target": -10.475471991508481, "params": {"colsample_bytree": 0.5056355193867738, "eta": 0.08396293696103244, "gamma": 628.56223994278, "max_depth": 2.0, "min_child_weight": 4733.306829923592, "num_boost_round": 3.0, "subsample": 0.12208013047068762}, "datetime": {"datetime": "2024-01-20 15:17:37", "elapsed": 6749.790923, "delta": 0.004921}}
{"target": -10.47548217598844, "params": {"colsample_bytree": 0.5056355193867738, "eta": 0.08396293696103244, "gamma": 628.56223994278, "max_depth": 2.0, "min_child_weight": 4733.306829923592, "num_boost_round": 4.0, "subsample": 0.12208013047068762}, "datetime": {"datetime": "2024-01-20 15:17:37", "elapsed": 6749.795812, "delta": 0.004889}}
{"target": -10.475477974287323, "params": {"colsample_bytree": 0.5056355193867738, "eta": 0.08396293696103244, "gamma": 628.56223994278, "max_depth": 2.0, "min_child_weight": 4733.306829923592, "num_boost_round": 5.0, "subsample": 0.12208013047068762}, "datetime": {"datetime": "2024-01-20 15:17:37", "elapsed": 6749.800741, "delta": 0.004929}}
{"target": -10.475362918056817, "params": {"colsample_bytree": 0.5056355193867738, "eta": 0.08396293696103244, "gamma": 628.56223994278, "max_depth": 2.0, "min_child_weight": 4733.306829923592, "num_boost_round": 6.0, "subsample": 0.12208013047068762}, "datetime": {"datetime": "2024-01-20 15:17:37", "elapsed": 6749.805663, "delta": 0.004922}}
{"target": -10.475079746449762, "params": {"colsample_bytree": 0.5056355193867738, "eta": 0.08396293696103244, "gamma": 628.56223994278, "max_depth": 2.0, "min_child_weight": 4733.306829923592, "num_boost_round": 7.0, "subsample": 0.12208013047068762}, "datetime": {"datetime": "2024-01-20 15:17:37", "elapsed": 6749.810642, "delta": 0.004979}}
{"target": -10.475051991889117, "params": {"colsample_bytree": 0.5056355193867738, "eta": 0.08396293696103244, "gamma": 628.56223994278, "max_depth": 2.0, "min_child_weight": 4733.306829923592, "num_boost_round": 8.0, "subsample": 0.12208013047068762}, "datetime": {"datetime": "2024-01-20 15:17:37", "elapsed": 6749.815797, "delta": 0.005155}}
{"target": -10.475215994644715, "params": {"colsample_bytree": 0.5056355193867738, "eta": 0.08396293696103244, "gamma": 628.56223994278, "max_depth": 2.0, "min_child_weight": 4733.306829923592, "num_boost_round": 9.0, "subsample": 0.12208013047068762}, "datetime": {"datetime": "2024-01-20 15:17:37", "elapsed": 6749.820754, "delta": 0.004957}}
{"target": -10.475155840418818, "params": {"colsample_bytree": 0.5056355193867738, "eta": 0.08396293696103244, "gamma": 628.56223994278, "max_depth": 2.0, "min_child_weight": 4733.306829923592, "num_boost_round": 10.0, "subsample": 0.12208013047068762}, "datetime": {"datetime": "2024-01-20 15:17:37", "elapsed": 6749.825636, "delta": 0.004882}}
