{"target": -10.311293274096904, "params": {"colsample_bytree": 0.7477050679181433, "eta": 0.05843462092414316, "gamma": 48.88885154471267, "max_depth": 5.0, "min_child_weight": 4261.484298268708, "num_boost_round": 38.0, "subsample": 0.6110814070423547}, "datetime": {"datetime": "2024-01-20 14:03:46", "elapsed": 2524.083636, "delta": 0.001629}}
{"target": -10.311723845828645, "params": {"colsample_bytree": 0.7477050679181433, "eta": 0.05843462092414316, "gamma": 48.88885154471267, "max_depth": 5.0, "min_child_weight": 4261.484298268708, "num_boost_round": 39.0, "subsample": 0.6110814070423547}, "datetime": {"datetime": "2024-01-20 14:03:46", "elapsed": 2524.085237, "delta": 0.001601}}
{"target": -10.311947083885151, "params": {"colsample_bytree": 0.7477050679181433, "eta": 0.05843462092414316, "gamma": 48.88885154471267, "max_depth": 5.0, "min_child_weight": 4261.484298268708, "num_boost_round": 40.0, "subsample": 0.6110814070423547}, "datetime": {"datetime": "2024-01-20 14:03:46", "elapsed": 2524.086814, "delta": 0.001577}}
{"target": -10.312029059541072, "params": {"colsample_bytree": 0.7477050679181433, "eta": 0.05843462092414316, "gamma": 48.88885154471267, "max_depth": 5.0, "min_child_weight": 4261.484298268708, "num_boost_round": 41.0, "subsample": 0.6110814070423547}, "datetime": {"datetime": "2024-01-20 14:03:46", "elapsed": 2524.088388, "delta": 0.001574}}
{"target": -10.312074268484492, "params": {"colsample_bytree": 0.7477050679181433, "eta": 0.05843462092414316, "gamma": 48.88885154471267, "max_depth": 5.0, "min_child_weight": 4261.484298268708, "num_boost_round": 42.0, "subsample": 0.6110814070423547}, "datetime": {"datetime": "2024-01-20 14:03:46", "elapsed": 2524.09025, "delta": 0.001862}}
{"target": -10.312731068672223, "params": {"colsample_bytree": 0.7477050679181433, "eta": 0.05843462092414316, "gamma": 48.88885154471267, "max_depth": 5.0, "min_child_weight": 4261.484298268708, "num_boost_round": 43.0, "subsample": 0.6110814070423547}, "datetime": {"datetime": "2024-01-20 14:03:46", "elapsed": 2524.091866, "delta": 0.001616}}
{"target": -10.313152782025117, "params": {"colsample_bytree": 0.7477050679181433, "eta": 0.05843462092414316, "gamma": 48.88885154471267, "max_depth": 5.0, "min_child_weight": 4261.484298268708, "num_boost_round": 44.0, "subsample": 0.6110814070423547}, "datetime": {"datetime": "2024-01-20 14:03:46", "elapsed": 2524.093457, "delta": 0.001591}}
{"target": -10.31344704437606, "params": {"colsample_bytree": 0.7477050679181433, "eta": 0.05843462092414316, "gamma": 48.88885154471267, "max_depth": 5.0, "min_child_weight": 4261.484298268708, "num_boost_round": 45.0, "subsample": 0.6110814070423547}, "datetime": {"datetime": "2024-01-20 14:03:46", "elapsed": 2524.095037, "delta": 0.00158}}
{"target": -10.313652731416497, "params": {"colsample_bytree": 0.7477050679181433, "eta": 0.05843462092414316, "gamma": 48.88885154471267, "max_depth": 5.0, "min_child_weight": 4261.484298268708, "num_boost_round": 46.0, "subsample": 0.6110814070423547}, "datetime": {"datetime": "2024-01-20 14:03:46", "elapsed": 2524.096612, "delta": 0.001575}}
{"target": -10.314030250022618, "params": {"colsample_bytree": 0.7477050679181433, "eta": 0.05843462092414316, "gamma": 48.88885154471267, "max_depth": 5.0, "min_child_weight": 4261.484298268708, "num_boost_round": 47.0, "subsample": 0.6110814070423547}, "datetime": {"datetime": "2024-01-20 14:03:46", "elapsed": 2524.098249, "delta": 0.001637}}
{"target": -10.314099803817726, "params": {"colsample_bytree": 0.7477050679181433, "eta": 0.05843462092414316, "gamma": 48.88885154471267, "max_depth": 5.0, "min_child_weight": 4261.484298268708, "num_boost_round": 48.0, "subsample": 0.6110814070423547}, "datetime": {"datetime": "2024-01-20 14:03:46", "elapsed": 2524.099829, "delta": 0.00158}}
{"target": -10.314290680585295, "params": {"colsample_bytree": 0.7477050679181433, "eta": 0.05843462092414316, "gamma": 48.88885154471267, "max_depth": 5.0, "min_child_weight": 4261.484298268708, "num_boost_round": 49.0, "subsample": 0.6110814070423547}, "datetime": {"datetime": "2024-01-20 14:03:46", "elapsed": 2524.101595, "delta": 0.001766}}
{"target": -10.31424445268841, "params": {"colsample_bytree": 0.7477050679181433, "eta": 0.05843462092414316, "gamma": 48.88885154471267, "max_depth": 5.0, "min_child_weight": 4261.484298268708, "num_boost_round": 50.0, "subsample": 0.6110814070423547}, "datetime": {"datetime": "2024-01-20 14:03:46", "elapsed": 2524.103202, "delta": 0.001607}}
{"target": -10.314656729663596, "params": {"colsample_bytree": 0.7477050679181433, "eta": 0.05843462092414316, "gamma": 48.88885154471267, "max_depth": 5.0, "min_child_weight": 4261.484298268708, "num_boost_round": 51.0, "subsample": 0.6110814070423547}, "datetime": {"datetime": "2024-01-20 14:03:46", "elapsed": 2524.105028, "delta": 0.001826}}
{"target": -10.315090568078325, "params": {"colsample_bytree": 0.7477050679181433, "eta": 0.05843462092414316, "gamma": 48.88885154471267, "max_depth": 5.0, "min_child_weight": 4261.484298268708, "num_boost_round": 52.0, "subsample": 0.6110814070423547}, "datetime": {"datetime": "2024-01-20 14:03:46", "elapsed": 2524.106755, "delta": 0.001727}}
{"target": -10.315278907172907, "params": {"colsample_bytree": 0.7477050679181433, "eta": 0.05843462092414316, "gamma": 48.88885154471267, "max_depth": 5.0, "min_child_weight": 4261.484298268708, "num_boost_round": 53.0, "subsample": 0.6110814070423547}, "datetime": {"datetime": "2024-01-20 14:03:46", "elapsed": 2524.108496, "delta": 0.001741}}
{"target": -10.315623244818195, "params": {"colsample_bytree": 0.7477050679181433, "eta": 0.05843462092414316, "gamma": 48.88885154471267, "max_depth": 5.0, "min_child_weight": 4261.484298268708, "num_boost_round": 54.0, "subsample": 0.6110814070423547}, "datetime": {"datetime": "2024-01-20 14:03:46", "elapsed": 2524.110126, "delta": 0.00163}}
{"target": -10.315909768092833, "params": {"colsample_bytree": 0.7477050679181433, "eta": 0.05843462092414316, "gamma": 48.88885154471267, "max_depth": 5.0, "min_child_weight": 4261.484298268708, "num_boost_round": 55.0, "subsample": 0.6110814070423547}, "datetime": {"datetime": "2024-01-20 14:03:46", "elapsed": 2524.111777, "delta": 0.001651}}
{"target": -10.316208506112918, "params": {"colsample_bytree": 0.7477050679181433, "eta": 0.05843462092414316, "gamma": 48.88885154471267, "max_depth": 5.0, "min_child_weight": 4261.484298268708, "num_boost_round": 56.0, "subsample": 0.6110814070423547}, "datetime": {"datetime": "2024-01-20 14:03:46", "elapsed": 2524.113423, "delta": 0.001646}}
{"target": -10.29815472124113, "params": {"colsample_bytree": 0.18432149719198224, "eta": 0.08410090978064379, "gamma": 367.9314240564405, "max_depth": 9.0, "min_child_weight": 4318.866662007209, "num_boost_round": 1.0, "subsample": 0.6503542499434575}, "datetime": {"datetime": "2024-01-20 14:04:28", "elapsed": 2566.16665, "delta": 42.053227}}
{"target": -10.298173026586177, "params": {"colsample_bytree": 0.18432149719198224, "eta": 0.08410090978064379, "gamma": 367.9314240564405, "max_depth": 9.0, "min_child_weight": 4318.866662007209, "num_boost_round": 2.0, "subsample": 0.6503542499434575}, "datetime": {"datetime": "2024-01-20 14:04:28", "elapsed": 2566.169253, "delta": 0.002603}}
{"target": -10.298582685922234, "params": {"colsample_bytree": 0.18432149719198224, "eta": 0.08410090978064379, "gamma": 367.9314240564405, "max_depth": 9.0, "min_child_weight": 4318.866662007209, "num_boost_round": 3.0, "subsample": 0.6503542499434575}, "datetime": {"datetime": "2024-01-20 14:04:28", "elapsed": 2566.172001, "delta": 0.002748}}
{"target": -10.298566193565867, "params": {"colsample_bytree": 0.18432149719198224, "eta": 0.08410090978064379, "gamma": 367.9314240564405, "max_depth": 9.0, "min_child_weight": 4318.866662007209, "num_boost_round": 4.0, "subsample": 0.6503542499434575}, "datetime": {"datetime": "2024-01-20 14:04:28", "elapsed": 2566.174835, "delta": 0.002834}}
{"target": -10.298997182946525, "params": {"colsample_bytree": 0.18432149719198224, "eta": 0.08410090978064379, "gamma": 367.9314240564405, "max_depth": 9.0, "min_child_weight": 4318.866662007209, "num_boost_round": 5.0, "subsample": 0.6503542499434575}, "datetime": {"datetime": "2024-01-20 14:04:28", "elapsed": 2566.176716, "delta": 0.001881}}
{"target": -10.300070502074496, "params": {"colsample_bytree": 0.18432149719198224, "eta": 0.08410090978064379, "gamma": 367.9314240564405, "max_depth": 9.0, "min_child_weight": 4318.866662007209, "num_boost_round": 6.0, "subsample": 0.6503542499434575}, "datetime": {"datetime": "2024-01-20 14:04:28", "elapsed": 2566.178584, "delta": 0.001868}}
{"target": -10.300178664123983, "params": {"colsample_bytree": 0.18432149719198224, "eta": 0.08410090978064379, "gamma": 367.9314240564405, "max_depth": 9.0, "min_child_weight": 4318.866662007209, "num_boost_round": 7.0, "subsample": 0.6503542499434575}, "datetime": {"datetime": "2024-01-20 14:04:28", "elapsed": 2566.180335, "delta": 0.001751}}
{"target": -10.300547644256945, "params": {"colsample_bytree": 0.18432149719198224, "eta": 0.08410090978064379, "gamma": 367.9314240564405, "max_depth": 9.0, "min_child_weight": 4318.866662007209, "num_boost_round": 8.0, "subsample": 0.6503542499434575}, "datetime": {"datetime": "2024-01-20 14:04:28", "elapsed": 2566.182121, "delta": 0.001786}}
{"target": -10.300569256006842, "params": {"colsample_bytree": 0.18432149719198224, "eta": 0.08410090978064379, "gamma": 367.9314240564405, "max_depth": 9.0, "min_child_weight": 4318.866662007209, "num_boost_round": 9.0, "subsample": 0.6503542499434575}, "datetime": {"datetime": "2024-01-20 14:04:28", "elapsed": 2566.699273, "delta": 0.517152}}
{"target": -10.301092795308612, "params": {"colsample_bytree": 0.18432149719198224, "eta": 0.08410090978064379, "gamma": 367.9314240564405, "max_depth": 9.0, "min_child_weight": 4318.866662007209, "num_boost_round": 10.0, "subsample": 0.6503542499434575}, "datetime": {"datetime": "2024-01-20 14:04:28", "elapsed": 2566.701888, "delta": 0.002615}}
{"target": -10.301047400943819, "params": {"colsample_bytree": 0.18432149719198224, "eta": 0.08410090978064379, "gamma": 367.9314240564405, "max_depth": 9.0, "min_child_weight": 4318.866662007209, "num_boost_round": 11.0, "subsample": 0.6503542499434575}, "datetime": {"datetime": "2024-01-20 14:04:28", "elapsed": 2566.704166, "delta": 0.002278}}
{"target": -10.301031443555564, "params": {"colsample_bytree": 0.18432149719198224, "eta": 0.08410090978064379, "gamma": 367.9314240564405, "max_depth": 9.0, "min_child_weight": 4318.866662007209, "num_boost_round": 12.0, "subsample": 0.6503542499434575}, "datetime": {"datetime": "2024-01-20 14:04:28", "elapsed": 2566.706186, "delta": 0.00202}}
{"target": -10.30116271852145, "params": {"colsample_bytree": 0.18432149719198224, "eta": 0.08410090978064379, "gamma": 367.9314240564405, "max_depth": 9.0, "min_child_weight": 4318.866662007209, "num_boost_round": 13.0, "subsample": 0.6503542499434575}, "datetime": {"datetime": "2024-01-20 14:04:28", "elapsed": 2566.708343, "delta": 0.002157}}
{"target": -10.298431899795345, "params": {"colsample_bytree": 0.1594819142900211, "eta": 0.020822440476039268, "gamma": 283.1270423980063, "max_depth": 9.0, "min_child_weight": 4333.305765926587, "num_boost_round": 1.0, "subsample": 0.6488537373470544}, "datetime": {"datetime": "2024-01-20 14:05:00", "elapsed": 2598.067908, "delta": 31.359565}}
{"target": -10.298407545302318, "params": {"colsample_bytree": 0.1594819142900211, "eta": 0.020822440476039268, "gamma": 283.1270423980063, "max_depth": 9.0, "min_child_weight": 4333.305765926587, "num_boost_round": 2.0, "subsample": 0.6488537373470544}, "datetime": {"datetime": "2024-01-20 14:05:00", "elapsed": 2598.070848, "delta": 0.00294}}
{"target": -10.298474904787682, "params": {"colsample_bytree": 0.1594819142900211, "eta": 0.020822440476039268, "gamma": 283.1270423980063, "max_depth": 9.0, "min_child_weight": 4333.305765926587, "num_boost_round": 3.0, "subsample": 0.6488537373470544}, "datetime": {"datetime": "2024-01-20 14:05:00", "elapsed": 2598.072916, "delta": 0.002068}}
{"target": -10.298457009066869, "params": {"colsample_bytree": 0.1594819142900211, "eta": 0.020822440476039268, "gamma": 283.1270423980063, "max_depth": 9.0, "min_child_weight": 4333.305765926587, "num_boost_round": 4.0, "subsample": 0.6488537373470544}, "datetime": {"datetime": "2024-01-20 14:05:00", "elapsed": 2598.075304, "delta": 0.002388}}
{"target": -10.29839662939948, "params": {"colsample_bytree": 0.1594819142900211, "eta": 0.020822440476039268, "gamma": 283.1270423980063, "max_depth": 9.0, "min_child_weight": 4333.305765926587, "num_boost_round": 5.0, "subsample": 0.6488537373470544}, "datetime": {"datetime": "2024-01-20 14:05:00", "elapsed": 2598.077197, "delta": 0.001893}}
{"target": -10.2985992136743, "params": {"colsample_bytree": 0.1594819142900211, "eta": 0.020822440476039268, "gamma": 283.1270423980063, "max_depth": 9.0, "min_child_weight": 4333.305765926587, "num_boost_round": 6.0, "subsample": 0.6488537373470544}, "datetime": {"datetime": "2024-01-20 14:05:00", "elapsed": 2598.078934, "delta": 0.001737}}
{"target": -10.298220145124066, "params": {"colsample_bytree": 0.7788653279989716, "eta": 0.03323777215015738, "gamma": 328.905104004213, "max_depth": 3.0, "min_child_weight": 4389.5409469128945, "num_boost_round": 1.0, "subsample": 0.1996955351682108}, "datetime": {"datetime": "2024-01-20 14:05:41", "elapsed": 2639.470643, "delta": 41.391709}}
{"target": -10.298119460960077, "params": {"colsample_bytree": 0.7788653279989716, "eta": 0.03323777215015738, "gamma": 328.905104004213, "max_depth": 3.0, "min_child_weight": 4389.5409469128945, "num_boost_round": 2.0, "subsample": 0.1996955351682108}, "datetime": {"datetime": "2024-01-20 14:05:41", "elapsed": 2639.475069, "delta": 0.004426}}
{"target": -10.298093817663354, "params": {"colsample_bytree": 0.7788653279989716, "eta": 0.03323777215015738, "gamma": 328.905104004213, "max_depth": 3.0, "min_child_weight": 4389.5409469128945, "num_boost_round": 3.0, "subsample": 0.1996955351682108}, "datetime": {"datetime": "2024-01-20 14:05:41", "elapsed": 2639.477014, "delta": 0.001945}}
{"target": -10.298052581813202, "params": {"colsample_bytree": 0.7788653279989716, "eta": 0.03323777215015738, "gamma": 328.905104004213, "max_depth": 3.0, "min_child_weight": 4389.5409469128945, "num_boost_round": 4.0, "subsample": 0.1996955351682108}, "datetime": {"datetime": "2024-01-20 14:05:41", "elapsed": 2639.47885, "delta": 0.001836}}
{"target": -10.298076638171588, "params": {"colsample_bytree": 0.7788653279989716, "eta": 0.03323777215015738, "gamma": 328.905104004213, "max_depth": 3.0, "min_child_weight": 4389.5409469128945, "num_boost_round": 5.0, "subsample": 0.1996955351682108}, "datetime": {"datetime": "2024-01-20 14:05:41", "elapsed": 2639.480596, "delta": 0.001746}}
{"target": -10.29811611191214, "params": {"colsample_bytree": 0.7788653279989716, "eta": 0.03323777215015738, "gamma": 328.905104004213, "max_depth": 3.0, "min_child_weight": 4389.5409469128945, "num_boost_round": 6.0, "subsample": 0.1996955351682108}, "datetime": {"datetime": "2024-01-20 14:05:41", "elapsed": 2639.482469, "delta": 0.001873}}
{"target": -10.298057216255868, "params": {"colsample_bytree": 0.7788653279989716, "eta": 0.03323777215015738, "gamma": 328.905104004213, "max_depth": 3.0, "min_child_weight": 4389.5409469128945, "num_boost_round": 7.0, "subsample": 0.1996955351682108}, "datetime": {"datetime": "2024-01-20 14:05:41", "elapsed": 2639.484225, "delta": 0.001756}}
{"target": -10.298088192025414, "params": {"colsample_bytree": 0.7788653279989716, "eta": 0.03323777215015738, "gamma": 328.905104004213, "max_depth": 3.0, "min_child_weight": 4389.5409469128945, "num_boost_round": 8.0, "subsample": 0.1996955351682108}, "datetime": {"datetime": "2024-01-20 14:05:41", "elapsed": 2639.485948, "delta": 0.001723}}
{"target": -10.297924142102993, "params": {"colsample_bytree": 0.7788653279989716, "eta": 0.03323777215015738, "gamma": 328.905104004213, "max_depth": 3.0, "min_child_weight": 4389.5409469128945, "num_boost_round": 9.0, "subsample": 0.1996955351682108}, "datetime": {"datetime": "2024-01-20 14:05:41", "elapsed": 2639.487643, "delta": 0.001695}}
{"target": -10.29777037782348, "params": {"colsample_bytree": 0.7788653279989716, "eta": 0.03323777215015738, "gamma": 328.905104004213, "max_depth": 3.0, "min_child_weight": 4389.5409469128945, "num_boost_round": 10.0, "subsample": 0.1996955351682108}, "datetime": {"datetime": "2024-01-20 14:05:41", "elapsed": 2639.489426, "delta": 0.001783}}
{"target": -10.297664258002975, "params": {"colsample_bytree": 0.7788653279989716, "eta": 0.03323777215015738, "gamma": 328.905104004213, "max_depth": 3.0, "min_child_weight": 4389.5409469128945, "num_boost_round": 11.0, "subsample": 0.1996955351682108}, "datetime": {"datetime": "2024-01-20 14:05:41", "elapsed": 2639.497602, "delta": 0.008176}}
{"target": -10.297733817010325, "params": {"colsample_bytree": 0.7788653279989716, "eta": 0.03323777215015738, "gamma": 328.905104004213, "max_depth": 3.0, "min_child_weight": 4389.5409469128945, "num_boost_round": 12.0, "subsample": 0.1996955351682108}, "datetime": {"datetime": "2024-01-20 14:05:41", "elapsed": 2639.500393, "delta": 0.002791}}
{"target": -10.297563532212232, "params": {"colsample_bytree": 0.7788653279989716, "eta": 0.03323777215015738, "gamma": 328.905104004213, "max_depth": 3.0, "min_child_weight": 4389.5409469128945, "num_boost_round": 13.0, "subsample": 0.1996955351682108}, "datetime": {"datetime": "2024-01-20 14:05:41", "elapsed": 2639.502412, "delta": 0.002019}}
{"target": -10.297542094399224, "params": {"colsample_bytree": 0.7788653279989716, "eta": 0.03323777215015738, "gamma": 328.905104004213, "max_depth": 3.0, "min_child_weight": 4389.5409469128945, "num_boost_round": 14.0, "subsample": 0.1996955351682108}, "datetime": {"datetime": "2024-01-20 14:05:41", "elapsed": 2639.504353, "delta": 0.001941}}
{"target": -10.297626576719075, "params": {"colsample_bytree": 0.7788653279989716, "eta": 0.03323777215015738, "gamma": 328.905104004213, "max_depth": 3.0, "min_child_weight": 4389.5409469128945, "num_boost_round": 15.0, "subsample": 0.1996955351682108}, "datetime": {"datetime": "2024-01-20 14:05:41", "elapsed": 2639.506117, "delta": 0.001764}}
{"target": -10.297651910785909, "params": {"colsample_bytree": 0.7788653279989716, "eta": 0.03323777215015738, "gamma": 328.905104004213, "max_depth": 3.0, "min_child_weight": 4389.5409469128945, "num_boost_round": 16.0, "subsample": 0.1996955351682108}, "datetime": {"datetime": "2024-01-20 14:05:41", "elapsed": 2639.50783, "delta": 0.001713}}
{"target": -10.297725128291741, "params": {"colsample_bytree": 0.7788653279989716, "eta": 0.03323777215015738, "gamma": 328.905104004213, "max_depth": 3.0, "min_child_weight": 4389.5409469128945, "num_boost_round": 17.0, "subsample": 0.1996955351682108}, "datetime": {"datetime": "2024-01-20 14:05:41", "elapsed": 2639.509713, "delta": 0.001883}}
{"target": -10.297702941094123, "params": {"colsample_bytree": 0.7788653279989716, "eta": 0.03323777215015738, "gamma": 328.905104004213, "max_depth": 3.0, "min_child_weight": 4389.5409469128945, "num_boost_round": 18.0, "subsample": 0.1996955351682108}, "datetime": {"datetime": "2024-01-20 14:05:41", "elapsed": 2639.511492, "delta": 0.001779}}
{"target": -10.298289177854468, "params": {"colsample_bytree": 0.5535478105518657, "eta": 0.09206679156736201, "gamma": 274.33490579837996, "max_depth": 9.0, "min_child_weight": 4396.9692467925615, "num_boost_round": 1.0, "subsample": 0.45942418792479134}, "datetime": {"datetime": "2024-01-20 14:06:55", "elapsed": 2712.930961, "delta": 73.419469}}
{"target": -10.29850822376386, "params": {"colsample_bytree": 0.5535478105518657, "eta": 0.09206679156736201, "gamma": 274.33490579837996, "max_depth": 9.0, "min_child_weight": 4396.9692467925615, "num_boost_round": 2.0, "subsample": 0.45942418792479134}, "datetime": {"datetime": "2024-01-20 14:06:55", "elapsed": 2712.935311, "delta": 0.00435}}
{"target": -10.298769907570035, "params": {"colsample_bytree": 0.5535478105518657, "eta": 0.09206679156736201, "gamma": 274.33490579837996, "max_depth": 9.0, "min_child_weight": 4396.9692467925615, "num_boost_round": 3.0, "subsample": 0.45942418792479134}, "datetime": {"datetime": "2024-01-20 14:06:55", "elapsed": 2712.939381, "delta": 0.00407}}
{"target": -10.299271262540922, "params": {"colsample_bytree": 0.5535478105518657, "eta": 0.09206679156736201, "gamma": 274.33490579837996, "max_depth": 9.0, "min_child_weight": 4396.9692467925615, "num_boost_round": 4.0, "subsample": 0.45942418792479134}, "datetime": {"datetime": "2024-01-20 14:06:55", "elapsed": 2712.941695, "delta": 0.002314}}
{"target": -10.30002827852875, "params": {"colsample_bytree": 0.5535478105518657, "eta": 0.09206679156736201, "gamma": 274.33490579837996, "max_depth": 9.0, "min_child_weight": 4396.9692467925615, "num_boost_round": 5.0, "subsample": 0.45942418792479134}, "datetime": {"datetime": "2024-01-20 14:06:55", "elapsed": 2712.943864, "delta": 0.002169}}
{"target": -10.300812759824915, "params": {"colsample_bytree": 0.5535478105518657, "eta": 0.09206679156736201, "gamma": 274.33490579837996, "max_depth": 9.0, "min_child_weight": 4396.9692467925615, "num_boost_round": 6.0, "subsample": 0.45942418792479134}, "datetime": {"datetime": "2024-01-20 14:06:55", "elapsed": 2712.945862, "delta": 0.001998}}
{"target": -10.30096604961789, "params": {"colsample_bytree": 0.5535478105518657, "eta": 0.09206679156736201, "gamma": 274.33490579837996, "max_depth": 9.0, "min_child_weight": 4396.9692467925615, "num_boost_round": 7.0, "subsample": 0.45942418792479134}, "datetime": {"datetime": "2024-01-20 14:06:55", "elapsed": 2712.947825, "delta": 0.001963}}
