{"target": -13.397664755268828, "params": {"colsample_bytree": 0.426419229534053, "eta": 0.05007107554203995, "gamma": 982.4359764346796, "max_depth": 3.0, "min_child_weight": 4097.977080613829, "num_boost_round": 10.0, "subsample": 0.20961518265618956}, "datetime": {"datetime": "2024-01-20 15:25:46", "elapsed": 3681.323174, "delta": 0.003187}}
{"target": -13.397757511878593, "params": {"colsample_bytree": 0.426419229534053, "eta": 0.05007107554203995, "gamma": 982.4359764346796, "max_depth": 3.0, "min_child_weight": 4097.977080613829, "num_boost_round": 11.0, "subsample": 0.20961518265618956}, "datetime": {"datetime": "2024-01-20 15:25:46", "elapsed": 3681.326351, "delta": 0.003177}}
{"target": -13.397908412760815, "params": {"colsample_bytree": 0.426419229534053, "eta": 0.05007107554203995, "gamma": 982.4359764346796, "max_depth": 3.0, "min_child_weight": 4097.977080613829, "num_boost_round": 12.0, "subsample": 0.20961518265618956}, "datetime": {"datetime": "2024-01-20 15:25:46", "elapsed": 3681.329456, "delta": 0.003105}}
{"target": -13.397749292964486, "params": {"colsample_bytree": 0.42053530641529324, "eta": 0.0017395402468767611, "gamma": 241.40096923282096, "max_depth": 6.0, "min_child_weight": 3793.6702858879603, "num_boost_round": 1.0, "subsample": 0.588382836168896}, "datetime": {"datetime": "2024-01-20 15:26:11", "elapsed": 3706.056576, "delta": 24.72712}}
{"target": -13.397609353182588, "params": {"colsample_bytree": 0.26118596422783347, "eta": 0.02553863642737787, "gamma": 957.9729146026658, "max_depth": 7.0, "min_child_weight": 3128.0766592222053, "num_boost_round": 1.0, "subsample": 0.34994439028580454}, "datetime": {"datetime": "2024-01-20 15:26:53", "elapsed": 3747.735891, "delta": 41.679315}}
{"target": -13.39753888354797, "params": {"colsample_bytree": 0.26118596422783347, "eta": 0.02553863642737787, "gamma": 957.9729146026658, "max_depth": 7.0, "min_child_weight": 3128.0766592222053, "num_boost_round": 2.0, "subsample": 0.34994439028580454}, "datetime": {"datetime": "2024-01-20 15:26:53", "elapsed": 3747.74062, "delta": 0.004729}}
{"target": -13.397420002130305, "params": {"colsample_bytree": 0.26118596422783347, "eta": 0.02553863642737787, "gamma": 957.9729146026658, "max_depth": 7.0, "min_child_weight": 3128.0766592222053, "num_boost_round": 3.0, "subsample": 0.34994439028580454}, "datetime": {"datetime": "2024-01-20 15:26:53", "elapsed": 3747.743936, "delta": 0.003316}}
{"target": -13.397670731043831, "params": {"colsample_bytree": 0.26118596422783347, "eta": 0.02553863642737787, "gamma": 957.9729146026658, "max_depth": 7.0, "min_child_weight": 3128.0766592222053, "num_boost_round": 4.0, "subsample": 0.34994439028580454}, "datetime": {"datetime": "2024-01-20 15:26:53", "elapsed": 3747.74713, "delta": 0.003194}}
{"target": -13.397674881043088, "params": {"colsample_bytree": 0.5794612049395569, "eta": 0.021595952852443784, "gamma": 866.9836264713731, "max_depth": 5.0, "min_child_weight": 4161.761696691997, "num_boost_round": 1.0, "subsample": 0.9003300301044375}, "datetime": {"datetime": "2024-01-20 15:27:30", "elapsed": 3784.780644, "delta": 37.033514}}
{"target": -13.39760933876969, "params": {"colsample_bytree": 0.5794612049395569, "eta": 0.021595952852443784, "gamma": 866.9836264713731, "max_depth": 5.0, "min_child_weight": 4161.761696691997, "num_boost_round": 2.0, "subsample": 0.9003300301044375}, "datetime": {"datetime": "2024-01-20 15:27:30", "elapsed": 3784.785601, "delta": 0.004957}}
{"target": -13.397498574664898, "params": {"colsample_bytree": 0.5794612049395569, "eta": 0.021595952852443784, "gamma": 866.9836264713731, "max_depth": 5.0, "min_child_weight": 4161.761696691997, "num_boost_round": 3.0, "subsample": 0.9003300301044375}, "datetime": {"datetime": "2024-01-20 15:27:30", "elapsed": 3784.789195, "delta": 0.003594}}
{"target": -13.397749159792278, "params": {"colsample_bytree": 0.3927020057732806, "eta": 0.09040938169700778, "gamma": 927.3541106462176, "max_depth": 7.0, "min_child_weight": 3033.2733693823084, "num_boost_round": 1.0, "subsample": 0.5960356303514213}, "datetime": {"datetime": "2024-01-20 15:28:23", "elapsed": 3837.846822, "delta": 53.057627}}
{"target": -13.397842648869092, "params": {"colsample_bytree": 0.3927020057732806, "eta": 0.09040938169700778, "gamma": 927.3541106462176, "max_depth": 7.0, "min_child_weight": 3033.2733693823084, "num_boost_round": 2.0, "subsample": 0.5960356303514213}, "datetime": {"datetime": "2024-01-20 15:28:23", "elapsed": 3837.854618, "delta": 0.007796}}
{"target": -13.398098243103906, "params": {"colsample_bytree": 0.3927020057732806, "eta": 0.09040938169700778, "gamma": 927.3541106462176, "max_depth": 7.0, "min_child_weight": 3033.2733693823084, "num_boost_round": 3.0, "subsample": 0.5960356303514213}, "datetime": {"datetime": "2024-01-20 15:28:23", "elapsed": 3837.858825, "delta": 0.004207}}
{"target": -13.399384974492031, "params": {"colsample_bytree": 0.3927020057732806, "eta": 0.09040938169700778, "gamma": 927.3541106462176, "max_depth": 7.0, "min_child_weight": 3033.2733693823084, "num_boost_round": 4.0, "subsample": 0.5960356303514213}, "datetime": {"datetime": "2024-01-20 15:28:23", "elapsed": 3837.862216, "delta": 0.003391}}
{"target": -13.400932909919758, "params": {"colsample_bytree": 0.3927020057732806, "eta": 0.09040938169700778, "gamma": 927.3541106462176, "max_depth": 7.0, "min_child_weight": 3033.2733693823084, "num_boost_round": 5.0, "subsample": 0.5960356303514213}, "datetime": {"datetime": "2024-01-20 15:28:23", "elapsed": 3837.865466, "delta": 0.00325}}
{"target": -13.401698220124977, "params": {"colsample_bytree": 0.3927020057732806, "eta": 0.09040938169700778, "gamma": 927.3541106462176, "max_depth": 7.0, "min_child_weight": 3033.2733693823084, "num_boost_round": 6.0, "subsample": 0.5960356303514213}, "datetime": {"datetime": "2024-01-20 15:28:23", "elapsed": 3837.868665, "delta": 0.003199}}
{"target": -13.403062369378981, "params": {"colsample_bytree": 0.3927020057732806, "eta": 0.09040938169700778, "gamma": 927.3541106462176, "max_depth": 7.0, "min_child_weight": 3033.2733693823084, "num_boost_round": 7.0, "subsample": 0.5960356303514213}, "datetime": {"datetime": "2024-01-20 15:28:23", "elapsed": 3837.871776, "delta": 0.003111}}
{"target": -13.404278184899155, "params": {"colsample_bytree": 0.3927020057732806, "eta": 0.09040938169700778, "gamma": 927.3541106462176, "max_depth": 7.0, "min_child_weight": 3033.2733693823084, "num_boost_round": 8.0, "subsample": 0.5960356303514213}, "datetime": {"datetime": "2024-01-20 15:28:23", "elapsed": 3837.874993, "delta": 0.003217}}
{"target": -13.405710148033439, "params": {"colsample_bytree": 0.3927020057732806, "eta": 0.09040938169700778, "gamma": 927.3541106462176, "max_depth": 7.0, "min_child_weight": 3033.2733693823084, "num_boost_round": 9.0, "subsample": 0.5960356303514213}, "datetime": {"datetime": "2024-01-20 15:28:23", "elapsed": 3837.878048, "delta": 0.003055}}
{"target": -13.406874241899613, "params": {"colsample_bytree": 0.3927020057732806, "eta": 0.09040938169700778, "gamma": 927.3541106462176, "max_depth": 7.0, "min_child_weight": 3033.2733693823084, "num_boost_round": 10.0, "subsample": 0.5960356303514213}, "datetime": {"datetime": "2024-01-20 15:28:23", "elapsed": 3837.881311, "delta": 0.003263}}
{"target": -13.407509678117, "params": {"colsample_bytree": 0.3927020057732806, "eta": 0.09040938169700778, "gamma": 927.3541106462176, "max_depth": 7.0, "min_child_weight": 3033.2733693823084, "num_boost_round": 11.0, "subsample": 0.5960356303514213}, "datetime": {"datetime": "2024-01-20 15:28:23", "elapsed": 3837.884454, "delta": 0.003143}}
{"target": -13.408396064318588, "params": {"colsample_bytree": 0.3927020057732806, "eta": 0.09040938169700778, "gamma": 927.3541106462176, "max_depth": 7.0, "min_child_weight": 3033.2733693823084, "num_boost_round": 12.0, "subsample": 0.5960356303514213}, "datetime": {"datetime": "2024-01-20 15:28:23", "elapsed": 3837.887909, "delta": 0.003455}}
{"target": -13.409212009859528, "params": {"colsample_bytree": 0.3927020057732806, "eta": 0.09040938169700778, "gamma": 927.3541106462176, "max_depth": 7.0, "min_child_weight": 3033.2733693823084, "num_boost_round": 13.0, "subsample": 0.5960356303514213}, "datetime": {"datetime": "2024-01-20 15:28:23", "elapsed": 3837.891269, "delta": 0.00336}}
{"target": -13.410030756209508, "params": {"colsample_bytree": 0.3927020057732806, "eta": 0.09040938169700778, "gamma": 927.3541106462176, "max_depth": 7.0, "min_child_weight": 3033.2733693823084, "num_boost_round": 14.0, "subsample": 0.5960356303514213}, "datetime": {"datetime": "2024-01-20 15:28:23", "elapsed": 3837.894531, "delta": 0.003262}}
{"target": -13.410589730335953, "params": {"colsample_bytree": 0.3927020057732806, "eta": 0.09040938169700778, "gamma": 927.3541106462176, "max_depth": 7.0, "min_child_weight": 3033.2733693823084, "num_boost_round": 15.0, "subsample": 0.5960356303514213}, "datetime": {"datetime": "2024-01-20 15:28:23", "elapsed": 3837.897768, "delta": 0.003237}}
{"target": -13.411365125130974, "params": {"colsample_bytree": 0.3927020057732806, "eta": 0.09040938169700778, "gamma": 927.3541106462176, "max_depth": 7.0, "min_child_weight": 3033.2733693823084, "num_boost_round": 16.0, "subsample": 0.5960356303514213}, "datetime": {"datetime": "2024-01-20 15:28:23", "elapsed": 3837.90085, "delta": 0.003082}}
{"target": -13.412332490634132, "params": {"colsample_bytree": 0.3927020057732806, "eta": 0.09040938169700778, "gamma": 927.3541106462176, "max_depth": 7.0, "min_child_weight": 3033.2733693823084, "num_boost_round": 17.0, "subsample": 0.5960356303514213}, "datetime": {"datetime": "2024-01-20 15:28:23", "elapsed": 3837.90398, "delta": 0.00313}}
{"target": -13.413185861919679, "params": {"colsample_bytree": 0.3927020057732806, "eta": 0.09040938169700778, "gamma": 927.3541106462176, "max_depth": 7.0, "min_child_weight": 3033.2733693823084, "num_boost_round": 18.0, "subsample": 0.5960356303514213}, "datetime": {"datetime": "2024-01-20 15:28:23", "elapsed": 3837.907162, "delta": 0.003182}}
{"target": -13.414461008191857, "params": {"colsample_bytree": 0.3927020057732806, "eta": 0.09040938169700778, "gamma": 927.3541106462176, "max_depth": 7.0, "min_child_weight": 3033.2733693823084, "num_boost_round": 19.0, "subsample": 0.5960356303514213}, "datetime": {"datetime": "2024-01-20 15:28:23", "elapsed": 3837.91045, "delta": 0.003288}}
{"target": -13.415568498126692, "params": {"colsample_bytree": 0.3927020057732806, "eta": 0.09040938169700778, "gamma": 927.3541106462176, "max_depth": 7.0, "min_child_weight": 3033.2733693823084, "num_boost_round": 20.0, "subsample": 0.5960356303514213}, "datetime": {"datetime": "2024-01-20 15:28:23", "elapsed": 3837.913533, "delta": 0.003083}}
{"target": -13.415823863484441, "params": {"colsample_bytree": 0.3927020057732806, "eta": 0.09040938169700778, "gamma": 927.3541106462176, "max_depth": 7.0, "min_child_weight": 3033.2733693823084, "num_boost_round": 21.0, "subsample": 0.5960356303514213}, "datetime": {"datetime": "2024-01-20 15:28:23", "elapsed": 3837.916618, "delta": 0.003085}}
{"target": -13.416344301075757, "params": {"colsample_bytree": 0.3927020057732806, "eta": 0.09040938169700778, "gamma": 927.3541106462176, "max_depth": 7.0, "min_child_weight": 3033.2733693823084, "num_boost_round": 22.0, "subsample": 0.5960356303514213}, "datetime": {"datetime": "2024-01-20 15:28:23", "elapsed": 3837.919841, "delta": 0.003223}}
{"target": -13.417476795781095, "params": {"colsample_bytree": 0.3927020057732806, "eta": 0.09040938169700778, "gamma": 927.3541106462176, "max_depth": 7.0, "min_child_weight": 3033.2733693823084, "num_boost_round": 23.0, "subsample": 0.5960356303514213}, "datetime": {"datetime": "2024-01-20 15:28:23", "elapsed": 3837.923212, "delta": 0.003371}}
{"target": -13.41849161924593, "params": {"colsample_bytree": 0.3927020057732806, "eta": 0.09040938169700778, "gamma": 927.3541106462176, "max_depth": 7.0, "min_child_weight": 3033.2733693823084, "num_boost_round": 24.0, "subsample": 0.5960356303514213}, "datetime": {"datetime": "2024-01-20 15:28:23", "elapsed": 3837.926355, "delta": 0.003143}}
{"target": -13.419389805749248, "params": {"colsample_bytree": 0.3927020057732806, "eta": 0.09040938169700778, "gamma": 927.3541106462176, "max_depth": 7.0, "min_child_weight": 3033.2733693823084, "num_boost_round": 25.0, "subsample": 0.5960356303514213}, "datetime": {"datetime": "2024-01-20 15:28:23", "elapsed": 3837.929703, "delta": 0.003348}}
{"target": -13.420501915174299, "params": {"colsample_bytree": 0.3927020057732806, "eta": 0.09040938169700778, "gamma": 927.3541106462176, "max_depth": 7.0, "min_child_weight": 3033.2733693823084, "num_boost_round": 26.0, "subsample": 0.5960356303514213}, "datetime": {"datetime": "2024-01-20 15:28:23", "elapsed": 3837.932957, "delta": 0.003254}}
{"target": -13.4211859124226, "params": {"colsample_bytree": 0.3927020057732806, "eta": 0.09040938169700778, "gamma": 927.3541106462176, "max_depth": 7.0, "min_child_weight": 3033.2733693823084, "num_boost_round": 27.0, "subsample": 0.5960356303514213}, "datetime": {"datetime": "2024-01-20 15:28:23", "elapsed": 3837.936161, "delta": 0.003204}}
{"target": -13.422375310431534, "params": {"colsample_bytree": 0.3927020057732806, "eta": 0.09040938169700778, "gamma": 927.3541106462176, "max_depth": 7.0, "min_child_weight": 3033.2733693823084, "num_boost_round": 28.0, "subsample": 0.5960356303514213}, "datetime": {"datetime": "2024-01-20 15:28:23", "elapsed": 3837.939349, "delta": 0.003188}}
{"target": -13.422820064371088, "params": {"colsample_bytree": 0.3927020057732806, "eta": 0.09040938169700778, "gamma": 927.3541106462176, "max_depth": 7.0, "min_child_weight": 3033.2733693823084, "num_boost_round": 29.0, "subsample": 0.5960356303514213}, "datetime": {"datetime": "2024-01-20 15:28:23", "elapsed": 3837.942472, "delta": 0.003123}}
{"target": -13.423627262073639, "params": {"colsample_bytree": 0.3927020057732806, "eta": 0.09040938169700778, "gamma": 927.3541106462176, "max_depth": 7.0, "min_child_weight": 3033.2733693823084, "num_boost_round": 30.0, "subsample": 0.5960356303514213}, "datetime": {"datetime": "2024-01-20 15:28:23", "elapsed": 3837.945994, "delta": 0.003522}}
{"target": -13.424913490608066, "params": {"colsample_bytree": 0.3927020057732806, "eta": 0.09040938169700778, "gamma": 927.3541106462176, "max_depth": 7.0, "min_child_weight": 3033.2733693823084, "num_boost_round": 31.0, "subsample": 0.5960356303514213}, "datetime": {"datetime": "2024-01-20 15:28:23", "elapsed": 3837.949593, "delta": 0.003599}}
{"target": -13.39773447407871, "params": {"colsample_bytree": 0.6615895234287458, "eta": 0.004771757282276293, "gamma": 230.78613205884224, "max_depth": 8.0, "min_child_weight": 3209.901659546312, "num_boost_round": 1.0, "subsample": 0.7924580057914826}, "datetime": {"datetime": "2024-01-20 15:28:51", "elapsed": 3866.36679, "delta": 28.417197}}
{"target": -13.39767866126193, "params": {"colsample_bytree": 0.6615895234287458, "eta": 0.004771757282276293, "gamma": 230.78613205884224, "max_depth": 8.0, "min_child_weight": 3209.901659546312, "num_boost_round": 2.0, "subsample": 0.7924580057914826}, "datetime": {"datetime": "2024-01-20 15:28:51", "elapsed": 3866.371035, "delta": 0.004245}}
{"target": -13.397652978740556, "params": {"colsample_bytree": 0.6615895234287458, "eta": 0.004771757282276293, "gamma": 230.78613205884224, "max_depth": 8.0, "min_child_weight": 3209.901659546312, "num_boost_round": 3.0, "subsample": 0.7924580057914826}, "datetime": {"datetime": "2024-01-20 15:28:51", "elapsed": 3866.374335, "delta": 0.0033}}
{"target": -13.397642941346312, "params": {"colsample_bytree": 0.6615895234287458, "eta": 0.004771757282276293, "gamma": 230.78613205884224, "max_depth": 8.0, "min_child_weight": 3209.901659546312, "num_boost_round": 4.0, "subsample": 0.7924580057914826}, "datetime": {"datetime": "2024-01-20 15:28:51", "elapsed": 3866.377962, "delta": 0.003627}}
{"target": -13.39756117168282, "params": {"colsample_bytree": 0.6615895234287458, "eta": 0.004771757282276293, "gamma": 230.78613205884224, "max_depth": 8.0, "min_child_weight": 3209.901659546312, "num_boost_round": 5.0, "subsample": 0.7924580057914826}, "datetime": {"datetime": "2024-01-20 15:28:51", "elapsed": 3866.381179, "delta": 0.003217}}
{"target": -13.397686873620707, "params": {"colsample_bytree": 0.5081931372462238, "eta": 0.02366331802001181, "gamma": 646.2043178955837, "max_depth": 6.0, "min_child_weight": 3445.9582199564416, "num_boost_round": 1.0, "subsample": 0.5340059242998428}, "datetime": {"datetime": "2024-01-20 15:29:28", "elapsed": 3903.040555, "delta": 36.659376}}
{"target": -13.397601838053166, "params": {"colsample_bytree": 0.5081931372462238, "eta": 0.02366331802001181, "gamma": 646.2043178955837, "max_depth": 6.0, "min_child_weight": 3445.9582199564416, "num_boost_round": 2.0, "subsample": 0.5340059242998428}, "datetime": {"datetime": "2024-01-20 15:29:28", "elapsed": 3903.044913, "delta": 0.004358}}
{"target": -13.397648889295278, "params": {"colsample_bytree": 0.5081931372462238, "eta": 0.02366331802001181, "gamma": 646.2043178955837, "max_depth": 6.0, "min_child_weight": 3445.9582199564416, "num_boost_round": 3.0, "subsample": 0.5340059242998428}, "datetime": {"datetime": "2024-01-20 15:29:28", "elapsed": 3903.048442, "delta": 0.003529}}
{"target": -13.397631042285536, "params": {"colsample_bytree": 0.5081931372462238, "eta": 0.02366331802001181, "gamma": 646.2043178955837, "max_depth": 6.0, "min_child_weight": 3445.9582199564416, "num_boost_round": 4.0, "subsample": 0.5340059242998428}, "datetime": {"datetime": "2024-01-20 15:29:28", "elapsed": 3903.051668, "delta": 0.003226}}
{"target": -13.397595315256492, "params": {"colsample_bytree": 0.5081931372462238, "eta": 0.02366331802001181, "gamma": 646.2043178955837, "max_depth": 6.0, "min_child_weight": 3445.9582199564416, "num_boost_round": 5.0, "subsample": 0.5340059242998428}, "datetime": {"datetime": "2024-01-20 15:29:28", "elapsed": 3903.055118, "delta": 0.00345}}
{"target": -13.397705237181139, "params": {"colsample_bytree": 0.7983256718470432, "eta": 0.006103273998756813, "gamma": 324.8748449424914, "max_depth": 5.0, "min_child_weight": 3972.3142885539446, "num_boost_round": 1.0, "subsample": 0.10399091132839292}, "datetime": {"datetime": "2024-01-20 15:29:55", "elapsed": 3930.412285, "delta": 27.357167}}
{"target": -13.397651474826755, "params": {"colsample_bytree": 0.7983256718470432, "eta": 0.006103273998756813, "gamma": 324.8748449424914, "max_depth": 5.0, "min_child_weight": 3972.3142885539446, "num_boost_round": 2.0, "subsample": 0.10399091132839292}, "datetime": {"datetime": "2024-01-20 15:29:55", "elapsed": 3930.416638, "delta": 0.004353}}
{"target": -13.397618166929309, "params": {"colsample_bytree": 0.7983256718470432, "eta": 0.006103273998756813, "gamma": 324.8748449424914, "max_depth": 5.0, "min_child_weight": 3972.3142885539446, "num_boost_round": 3.0, "subsample": 0.10399091132839292}, "datetime": {"datetime": "2024-01-20 15:29:55", "elapsed": 3930.420184, "delta": 0.003546}}
{"target": -13.397605370279594, "params": {"colsample_bytree": 0.7983256718470432, "eta": 0.006103273998756813, "gamma": 324.8748449424914, "max_depth": 5.0, "min_child_weight": 3972.3142885539446, "num_boost_round": 4.0, "subsample": 0.10399091132839292}, "datetime": {"datetime": "2024-01-20 15:29:55", "elapsed": 3930.423538, "delta": 0.003354}}
{"target": -13.397580104948343, "params": {"colsample_bytree": 0.7983256718470432, "eta": 0.006103273998756813, "gamma": 324.8748449424914, "max_depth": 5.0, "min_child_weight": 3972.3142885539446, "num_boost_round": 5.0, "subsample": 0.10399091132839292}, "datetime": {"datetime": "2024-01-20 15:29:55", "elapsed": 3930.427034, "delta": 0.003496}}
{"target": -13.398803845501071, "params": {"colsample_bytree": 0.21308064710650929, "eta": 0.09791976795483939, "gamma": 388.7103545342246, "max_depth": 2.0, "min_child_weight": 4003.648418712507, "num_boost_round": 1.0, "subsample": 0.45494081149808974}, "datetime": {"datetime": "2024-01-20 15:30:43", "elapsed": 3978.413591, "delta": 47.986557}}
{"target": -13.399055369710075, "params": {"colsample_bytree": 0.21308064710650929, "eta": 0.09791976795483939, "gamma": 388.7103545342246, "max_depth": 2.0, "min_child_weight": 4003.648418712507, "num_boost_round": 2.0, "subsample": 0.45494081149808974}, "datetime": {"datetime": "2024-01-20 15:30:43", "elapsed": 3978.419219, "delta": 0.005628}}
{"target": -13.399703472671366, "params": {"colsample_bytree": 0.21308064710650929, "eta": 0.09791976795483939, "gamma": 388.7103545342246, "max_depth": 2.0, "min_child_weight": 4003.648418712507, "num_boost_round": 3.0, "subsample": 0.45494081149808974}, "datetime": {"datetime": "2024-01-20 15:30:43", "elapsed": 3978.422844, "delta": 0.003625}}
{"target": -13.400239948908123, "params": {"colsample_bytree": 0.21308064710650929, "eta": 0.09791976795483939, "gamma": 388.7103545342246, "max_depth": 2.0, "min_child_weight": 4003.648418712507, "num_boost_round": 4.0, "subsample": 0.45494081149808974}, "datetime": {"datetime": "2024-01-20 15:30:43", "elapsed": 3978.426114, "delta": 0.00327}}
{"target": -13.401185296570352, "params": {"colsample_bytree": 0.21308064710650929, "eta": 0.09791976795483939, "gamma": 388.7103545342246, "max_depth": 2.0, "min_child_weight": 4003.648418712507, "num_boost_round": 5.0, "subsample": 0.45494081149808974}, "datetime": {"datetime": "2024-01-20 15:30:43", "elapsed": 3978.429778, "delta": 0.003664}}
{"target": -13.401822431255702, "params": {"colsample_bytree": 0.21308064710650929, "eta": 0.09791976795483939, "gamma": 388.7103545342246, "max_depth": 2.0, "min_child_weight": 4003.648418712507, "num_boost_round": 6.0, "subsample": 0.45494081149808974}, "datetime": {"datetime": "2024-01-20 15:30:43", "elapsed": 3978.432965, "delta": 0.003187}}
