{"target": -12.347460006442073, "params": {"colsample_bytree": 0.7442605170707731, "eta": 0.031504433474251504, "gamma": 576.40461235747, "max_depth": 3.0, "min_child_weight": 4166.42825491126, "num_boost_round": 17.0, "subsample": 0.1719137215093306}, "datetime": {"datetime": "2024-01-20 15:25:26", "elapsed": 3693.247263, "delta": 0.004444}}
{"target": -12.347257720921924, "params": {"colsample_bytree": 0.7442605170707731, "eta": 0.031504433474251504, "gamma": 576.40461235747, "max_depth": 3.0, "min_child_weight": 4166.42825491126, "num_boost_round": 18.0, "subsample": 0.1719137215093306}, "datetime": {"datetime": "2024-01-20 15:25:26", "elapsed": 3693.251752, "delta": 0.004489}}
{"target": -12.3472583845612, "params": {"colsample_bytree": 0.7442605170707731, "eta": 0.031504433474251504, "gamma": 576.40461235747, "max_depth": 3.0, "min_child_weight": 4166.42825491126, "num_boost_round": 19.0, "subsample": 0.1719137215093306}, "datetime": {"datetime": "2024-01-20 15:25:26", "elapsed": 3693.26116, "delta": 0.009408}}
{"target": -12.34696292183471, "params": {"colsample_bytree": 0.7442605170707731, "eta": 0.031504433474251504, "gamma": 576.40461235747, "max_depth": 3.0, "min_child_weight": 4166.42825491126, "num_boost_round": 20.0, "subsample": 0.1719137215093306}, "datetime": {"datetime": "2024-01-20 15:25:26", "elapsed": 3693.265794, "delta": 0.004634}}
{"target": -12.346950199984839, "params": {"colsample_bytree": 0.7442605170707731, "eta": 0.031504433474251504, "gamma": 576.40461235747, "max_depth": 3.0, "min_child_weight": 4166.42825491126, "num_boost_round": 21.0, "subsample": 0.1719137215093306}, "datetime": {"datetime": "2024-01-20 15:25:26", "elapsed": 3693.270285, "delta": 0.004491}}
{"target": -12.346839308424663, "params": {"colsample_bytree": 0.7442605170707731, "eta": 0.031504433474251504, "gamma": 576.40461235747, "max_depth": 3.0, "min_child_weight": 4166.42825491126, "num_boost_round": 22.0, "subsample": 0.1719137215093306}, "datetime": {"datetime": "2024-01-20 15:25:27", "elapsed": 3693.276942, "delta": 0.006657}}
{"target": -12.346678628263195, "params": {"colsample_bytree": 0.7442605170707731, "eta": 0.031504433474251504, "gamma": 576.40461235747, "max_depth": 3.0, "min_child_weight": 4166.42825491126, "num_boost_round": 23.0, "subsample": 0.1719137215093306}, "datetime": {"datetime": "2024-01-20 15:25:27", "elapsed": 3693.283485, "delta": 0.006543}}
{"target": -12.346777240450976, "params": {"colsample_bytree": 0.7442605170707731, "eta": 0.031504433474251504, "gamma": 576.40461235747, "max_depth": 3.0, "min_child_weight": 4166.42825491126, "num_boost_round": 24.0, "subsample": 0.1719137215093306}, "datetime": {"datetime": "2024-01-20 15:25:27", "elapsed": 3693.291149, "delta": 0.007664}}
{"target": -12.346454089434738, "params": {"colsample_bytree": 0.7442605170707731, "eta": 0.031504433474251504, "gamma": 576.40461235747, "max_depth": 3.0, "min_child_weight": 4166.42825491126, "num_boost_round": 25.0, "subsample": 0.1719137215093306}, "datetime": {"datetime": "2024-01-20 15:25:27", "elapsed": 3693.297194, "delta": 0.006045}}
{"target": -12.34640890603215, "params": {"colsample_bytree": 0.7442605170707731, "eta": 0.031504433474251504, "gamma": 576.40461235747, "max_depth": 3.0, "min_child_weight": 4166.42825491126, "num_boost_round": 26.0, "subsample": 0.1719137215093306}, "datetime": {"datetime": "2024-01-20 15:25:27", "elapsed": 3693.3026, "delta": 0.005406}}
{"target": -12.346336647907341, "params": {"colsample_bytree": 0.7442605170707731, "eta": 0.031504433474251504, "gamma": 576.40461235747, "max_depth": 3.0, "min_child_weight": 4166.42825491126, "num_boost_round": 27.0, "subsample": 0.1719137215093306}, "datetime": {"datetime": "2024-01-20 15:25:27", "elapsed": 3693.307829, "delta": 0.005229}}
{"target": -12.345995913199815, "params": {"colsample_bytree": 0.7442605170707731, "eta": 0.031504433474251504, "gamma": 576.40461235747, "max_depth": 3.0, "min_child_weight": 4166.42825491126, "num_boost_round": 28.0, "subsample": 0.1719137215093306}, "datetime": {"datetime": "2024-01-20 15:25:27", "elapsed": 3693.312637, "delta": 0.004808}}
{"target": -12.345748631555304, "params": {"colsample_bytree": 0.7442605170707731, "eta": 0.031504433474251504, "gamma": 576.40461235747, "max_depth": 3.0, "min_child_weight": 4166.42825491126, "num_boost_round": 29.0, "subsample": 0.1719137215093306}, "datetime": {"datetime": "2024-01-20 15:25:27", "elapsed": 3693.317237, "delta": 0.0046}}
{"target": -12.345590679294945, "params": {"colsample_bytree": 0.7442605170707731, "eta": 0.031504433474251504, "gamma": 576.40461235747, "max_depth": 3.0, "min_child_weight": 4166.42825491126, "num_boost_round": 30.0, "subsample": 0.1719137215093306}, "datetime": {"datetime": "2024-01-20 15:25:27", "elapsed": 3693.321688, "delta": 0.004451}}
{"target": -12.345532836181587, "params": {"colsample_bytree": 0.7442605170707731, "eta": 0.031504433474251504, "gamma": 576.40461235747, "max_depth": 3.0, "min_child_weight": 4166.42825491126, "num_boost_round": 31.0, "subsample": 0.1719137215093306}, "datetime": {"datetime": "2024-01-20 15:25:27", "elapsed": 3693.326267, "delta": 0.004579}}
{"target": -12.34533790518071, "params": {"colsample_bytree": 0.7442605170707731, "eta": 0.031504433474251504, "gamma": 576.40461235747, "max_depth": 3.0, "min_child_weight": 4166.42825491126, "num_boost_round": 32.0, "subsample": 0.1719137215093306}, "datetime": {"datetime": "2024-01-20 15:25:27", "elapsed": 3693.330696, "delta": 0.004429}}
{"target": -12.345431931493343, "params": {"colsample_bytree": 0.7442605170707731, "eta": 0.031504433474251504, "gamma": 576.40461235747, "max_depth": 3.0, "min_child_weight": 4166.42825491126, "num_boost_round": 33.0, "subsample": 0.1719137215093306}, "datetime": {"datetime": "2024-01-20 15:25:27", "elapsed": 3693.335124, "delta": 0.004428}}
{"target": -12.345433201405843, "params": {"colsample_bytree": 0.7442605170707731, "eta": 0.031504433474251504, "gamma": 576.40461235747, "max_depth": 3.0, "min_child_weight": 4166.42825491126, "num_boost_round": 34.0, "subsample": 0.1719137215093306}, "datetime": {"datetime": "2024-01-20 15:25:27", "elapsed": 3693.34013, "delta": 0.005006}}
{"target": -12.345486810534545, "params": {"colsample_bytree": 0.7442605170707731, "eta": 0.031504433474251504, "gamma": 576.40461235747, "max_depth": 3.0, "min_child_weight": 4166.42825491126, "num_boost_round": 35.0, "subsample": 0.1719137215093306}, "datetime": {"datetime": "2024-01-20 15:25:27", "elapsed": 3693.345576, "delta": 0.005446}}
{"target": -12.345311244466949, "params": {"colsample_bytree": 0.7442605170707731, "eta": 0.031504433474251504, "gamma": 576.40461235747, "max_depth": 3.0, "min_child_weight": 4166.42825491126, "num_boost_round": 36.0, "subsample": 0.1719137215093306}, "datetime": {"datetime": "2024-01-20 15:25:27", "elapsed": 3693.351026, "delta": 0.00545}}
{"target": -12.345323281323125, "params": {"colsample_bytree": 0.7442605170707731, "eta": 0.031504433474251504, "gamma": 576.40461235747, "max_depth": 3.0, "min_child_weight": 4166.42825491126, "num_boost_round": 37.0, "subsample": 0.1719137215093306}, "datetime": {"datetime": "2024-01-20 15:25:27", "elapsed": 3693.356099, "delta": 0.005073}}
{"target": -12.345199564639612, "params": {"colsample_bytree": 0.7442605170707731, "eta": 0.031504433474251504, "gamma": 576.40461235747, "max_depth": 3.0, "min_child_weight": 4166.42825491126, "num_boost_round": 38.0, "subsample": 0.1719137215093306}, "datetime": {"datetime": "2024-01-20 15:25:27", "elapsed": 3693.360926, "delta": 0.004827}}
{"target": -12.345134412274309, "params": {"colsample_bytree": 0.7442605170707731, "eta": 0.031504433474251504, "gamma": 576.40461235747, "max_depth": 3.0, "min_child_weight": 4166.42825491126, "num_boost_round": 39.0, "subsample": 0.1719137215093306}, "datetime": {"datetime": "2024-01-20 15:25:27", "elapsed": 3693.365887, "delta": 0.004961}}
{"target": -12.35443864273598, "params": {"colsample_bytree": 0.9922278742289775, "eta": 0.08062541851476623, "gamma": 617.3715968733522, "max_depth": 8.0, "min_child_weight": 4107.002980248352, "num_boost_round": 1.0, "subsample": 0.6738056348368356}, "datetime": {"datetime": "2024-01-20 15:27:10", "elapsed": 3796.822714, "delta": 103.456827}}
{"target": -12.350866388058439, "params": {"colsample_bytree": 0.9922278742289775, "eta": 0.08062541851476623, "gamma": 617.3715968733522, "max_depth": 8.0, "min_child_weight": 4107.002980248352, "num_boost_round": 2.0, "subsample": 0.6738056348368356}, "datetime": {"datetime": "2024-01-20 15:27:10", "elapsed": 3796.829521, "delta": 0.006807}}
{"target": -12.348169823659596, "params": {"colsample_bytree": 0.9922278742289775, "eta": 0.08062541851476623, "gamma": 617.3715968733522, "max_depth": 8.0, "min_child_weight": 4107.002980248352, "num_boost_round": 3.0, "subsample": 0.6738056348368356}, "datetime": {"datetime": "2024-01-20 15:27:10", "elapsed": 3796.83464, "delta": 0.005119}}
{"target": -12.346621384965406, "params": {"colsample_bytree": 0.9922278742289775, "eta": 0.08062541851476623, "gamma": 617.3715968733522, "max_depth": 8.0, "min_child_weight": 4107.002980248352, "num_boost_round": 4.0, "subsample": 0.6738056348368356}, "datetime": {"datetime": "2024-01-20 15:27:10", "elapsed": 3796.839276, "delta": 0.004636}}
{"target": -12.34552905186614, "params": {"colsample_bytree": 0.9922278742289775, "eta": 0.08062541851476623, "gamma": 617.3715968733522, "max_depth": 8.0, "min_child_weight": 4107.002980248352, "num_boost_round": 5.0, "subsample": 0.6738056348368356}, "datetime": {"datetime": "2024-01-20 15:27:10", "elapsed": 3796.843982, "delta": 0.004706}}
{"target": -12.345745252929156, "params": {"colsample_bytree": 0.9922278742289775, "eta": 0.08062541851476623, "gamma": 617.3715968733522, "max_depth": 8.0, "min_child_weight": 4107.002980248352, "num_boost_round": 6.0, "subsample": 0.6738056348368356}, "datetime": {"datetime": "2024-01-20 15:27:10", "elapsed": 3796.850806, "delta": 0.006824}}
{"target": -12.345847181855834, "params": {"colsample_bytree": 0.9922278742289775, "eta": 0.08062541851476623, "gamma": 617.3715968733522, "max_depth": 8.0, "min_child_weight": 4107.002980248352, "num_boost_round": 7.0, "subsample": 0.6738056348368356}, "datetime": {"datetime": "2024-01-20 15:27:10", "elapsed": 3796.858404, "delta": 0.007598}}
{"target": -12.345759011910644, "params": {"colsample_bytree": 0.9922278742289775, "eta": 0.08062541851476623, "gamma": 617.3715968733522, "max_depth": 8.0, "min_child_weight": 4107.002980248352, "num_boost_round": 8.0, "subsample": 0.6738056348368356}, "datetime": {"datetime": "2024-01-20 15:27:10", "elapsed": 3796.863795, "delta": 0.005391}}
{"target": -12.34618482034521, "params": {"colsample_bytree": 0.9922278742289775, "eta": 0.08062541851476623, "gamma": 617.3715968733522, "max_depth": 8.0, "min_child_weight": 4107.002980248352, "num_boost_round": 9.0, "subsample": 0.6738056348368356}, "datetime": {"datetime": "2024-01-20 15:27:10", "elapsed": 3796.868633, "delta": 0.004838}}
{"target": -12.346501396959164, "params": {"colsample_bytree": 0.9922278742289775, "eta": 0.08062541851476623, "gamma": 617.3715968733522, "max_depth": 8.0, "min_child_weight": 4107.002980248352, "num_boost_round": 10.0, "subsample": 0.6738056348368356}, "datetime": {"datetime": "2024-01-20 15:27:10", "elapsed": 3796.873225, "delta": 0.004592}}
{"target": -12.346236442822843, "params": {"colsample_bytree": 0.9922278742289775, "eta": 0.08062541851476623, "gamma": 617.3715968733522, "max_depth": 8.0, "min_child_weight": 4107.002980248352, "num_boost_round": 11.0, "subsample": 0.6738056348368356}, "datetime": {"datetime": "2024-01-20 15:27:10", "elapsed": 3796.877959, "delta": 0.004734}}
{"target": -12.346889440370713, "params": {"colsample_bytree": 0.9922278742289775, "eta": 0.08062541851476623, "gamma": 617.3715968733522, "max_depth": 8.0, "min_child_weight": 4107.002980248352, "num_boost_round": 12.0, "subsample": 0.6738056348368356}, "datetime": {"datetime": "2024-01-20 15:27:10", "elapsed": 3796.883085, "delta": 0.005126}}
{"target": -12.347355671121825, "params": {"colsample_bytree": 0.9922278742289775, "eta": 0.08062541851476623, "gamma": 617.3715968733522, "max_depth": 8.0, "min_child_weight": 4107.002980248352, "num_boost_round": 13.0, "subsample": 0.6738056348368356}, "datetime": {"datetime": "2024-01-20 15:27:10", "elapsed": 3796.887793, "delta": 0.004708}}
{"target": -12.347705084864304, "params": {"colsample_bytree": 0.9922278742289775, "eta": 0.08062541851476623, "gamma": 617.3715968733522, "max_depth": 8.0, "min_child_weight": 4107.002980248352, "num_boost_round": 14.0, "subsample": 0.6738056348368356}, "datetime": {"datetime": "2024-01-20 15:27:10", "elapsed": 3796.89236, "delta": 0.004567}}
{"target": -12.347877971223017, "params": {"colsample_bytree": 0.9922278742289775, "eta": 0.08062541851476623, "gamma": 617.3715968733522, "max_depth": 8.0, "min_child_weight": 4107.002980248352, "num_boost_round": 15.0, "subsample": 0.6738056348368356}, "datetime": {"datetime": "2024-01-20 15:27:10", "elapsed": 3796.897024, "delta": 0.004664}}
{"target": -12.3486478833595, "params": {"colsample_bytree": 0.9922278742289775, "eta": 0.08062541851476623, "gamma": 617.3715968733522, "max_depth": 8.0, "min_child_weight": 4107.002980248352, "num_boost_round": 16.0, "subsample": 0.6738056348368356}, "datetime": {"datetime": "2024-01-20 15:27:10", "elapsed": 3796.901456, "delta": 0.004432}}
{"target": -12.349137671801287, "params": {"colsample_bytree": 0.9922278742289775, "eta": 0.08062541851476623, "gamma": 617.3715968733522, "max_depth": 8.0, "min_child_weight": 4107.002980248352, "num_boost_round": 17.0, "subsample": 0.6738056348368356}, "datetime": {"datetime": "2024-01-20 15:27:10", "elapsed": 3796.905965, "delta": 0.004509}}
{"target": -12.348919848218257, "params": {"colsample_bytree": 0.9922278742289775, "eta": 0.08062541851476623, "gamma": 617.3715968733522, "max_depth": 8.0, "min_child_weight": 4107.002980248352, "num_boost_round": 18.0, "subsample": 0.6738056348368356}, "datetime": {"datetime": "2024-01-20 15:27:10", "elapsed": 3796.910437, "delta": 0.004472}}
{"target": -12.349405885620424, "params": {"colsample_bytree": 0.9922278742289775, "eta": 0.08062541851476623, "gamma": 617.3715968733522, "max_depth": 8.0, "min_child_weight": 4107.002980248352, "num_boost_round": 19.0, "subsample": 0.6738056348368356}, "datetime": {"datetime": "2024-01-20 15:27:10", "elapsed": 3796.915122, "delta": 0.004685}}
{"target": -12.350900644403556, "params": {"colsample_bytree": 0.9922278742289775, "eta": 0.08062541851476623, "gamma": 617.3715968733522, "max_depth": 8.0, "min_child_weight": 4107.002980248352, "num_boost_round": 20.0, "subsample": 0.6738056348368356}, "datetime": {"datetime": "2024-01-20 15:27:10", "elapsed": 3796.919616, "delta": 0.004494}}
{"target": -12.351831466684791, "params": {"colsample_bytree": 0.9922278742289775, "eta": 0.08062541851476623, "gamma": 617.3715968733522, "max_depth": 8.0, "min_child_weight": 4107.002980248352, "num_boost_round": 21.0, "subsample": 0.6738056348368356}, "datetime": {"datetime": "2024-01-20 15:27:10", "elapsed": 3796.924064, "delta": 0.004448}}
{"target": -12.35346734359836, "params": {"colsample_bytree": 0.9922278742289775, "eta": 0.08062541851476623, "gamma": 617.3715968733522, "max_depth": 8.0, "min_child_weight": 4107.002980248352, "num_boost_round": 22.0, "subsample": 0.6738056348368356}, "datetime": {"datetime": "2024-01-20 15:27:10", "elapsed": 3796.928559, "delta": 0.004495}}
{"target": -12.354266540659534, "params": {"colsample_bytree": 0.9922278742289775, "eta": 0.08062541851476623, "gamma": 617.3715968733522, "max_depth": 8.0, "min_child_weight": 4107.002980248352, "num_boost_round": 23.0, "subsample": 0.6738056348368356}, "datetime": {"datetime": "2024-01-20 15:27:10", "elapsed": 3796.933227, "delta": 0.004668}}
{"target": -12.355283575400332, "params": {"colsample_bytree": 0.9922278742289775, "eta": 0.08062541851476623, "gamma": 617.3715968733522, "max_depth": 8.0, "min_child_weight": 4107.002980248352, "num_boost_round": 24.0, "subsample": 0.6738056348368356}, "datetime": {"datetime": "2024-01-20 15:27:10", "elapsed": 3796.937709, "delta": 0.004482}}
{"target": -12.35575657794546, "params": {"colsample_bytree": 0.9922278742289775, "eta": 0.08062541851476623, "gamma": 617.3715968733522, "max_depth": 8.0, "min_child_weight": 4107.002980248352, "num_boost_round": 25.0, "subsample": 0.6738056348368356}, "datetime": {"datetime": "2024-01-20 15:27:10", "elapsed": 3796.942227, "delta": 0.004518}}
{"target": -12.356157372847704, "params": {"colsample_bytree": 0.9922278742289775, "eta": 0.08062541851476623, "gamma": 617.3715968733522, "max_depth": 8.0, "min_child_weight": 4107.002980248352, "num_boost_round": 26.0, "subsample": 0.6738056348368356}, "datetime": {"datetime": "2024-01-20 15:27:10", "elapsed": 3796.946652, "delta": 0.004425}}
{"target": -12.35693176255158, "params": {"colsample_bytree": 0.9922278742289775, "eta": 0.08062541851476623, "gamma": 617.3715968733522, "max_depth": 8.0, "min_child_weight": 4107.002980248352, "num_boost_round": 27.0, "subsample": 0.6738056348368356}, "datetime": {"datetime": "2024-01-20 15:27:10", "elapsed": 3796.951326, "delta": 0.004674}}
{"target": -12.358032794518476, "params": {"colsample_bytree": 0.9922278742289775, "eta": 0.08062541851476623, "gamma": 617.3715968733522, "max_depth": 8.0, "min_child_weight": 4107.002980248352, "num_boost_round": 28.0, "subsample": 0.6738056348368356}, "datetime": {"datetime": "2024-01-20 15:27:10", "elapsed": 3796.955764, "delta": 0.004438}}
{"target": -12.35793004210091, "params": {"colsample_bytree": 0.9922278742289775, "eta": 0.08062541851476623, "gamma": 617.3715968733522, "max_depth": 8.0, "min_child_weight": 4107.002980248352, "num_boost_round": 29.0, "subsample": 0.6738056348368356}, "datetime": {"datetime": "2024-01-20 15:27:10", "elapsed": 3796.960256, "delta": 0.004492}}
{"target": -12.35862338625314, "params": {"colsample_bytree": 0.9922278742289775, "eta": 0.08062541851476623, "gamma": 617.3715968733522, "max_depth": 8.0, "min_child_weight": 4107.002980248352, "num_boost_round": 30.0, "subsample": 0.6738056348368356}, "datetime": {"datetime": "2024-01-20 15:27:10", "elapsed": 3796.964745, "delta": 0.004489}}
{"target": -12.359338527463558, "params": {"colsample_bytree": 0.9922278742289775, "eta": 0.08062541851476623, "gamma": 617.3715968733522, "max_depth": 8.0, "min_child_weight": 4107.002980248352, "num_boost_round": 31.0, "subsample": 0.6738056348368356}, "datetime": {"datetime": "2024-01-20 15:27:10", "elapsed": 3796.969367, "delta": 0.004622}}
{"target": -12.359835569305417, "params": {"colsample_bytree": 0.9922278742289775, "eta": 0.08062541851476623, "gamma": 617.3715968733522, "max_depth": 8.0, "min_child_weight": 4107.002980248352, "num_boost_round": 32.0, "subsample": 0.6738056348368356}, "datetime": {"datetime": "2024-01-20 15:27:10", "elapsed": 3796.973843, "delta": 0.004476}}
{"target": -12.360701464796822, "params": {"colsample_bytree": 0.9922278742289775, "eta": 0.08062541851476623, "gamma": 617.3715968733522, "max_depth": 8.0, "min_child_weight": 4107.002980248352, "num_boost_round": 33.0, "subsample": 0.6738056348368356}, "datetime": {"datetime": "2024-01-20 15:27:10", "elapsed": 3796.978305, "delta": 0.004462}}
{"target": -12.36094320005352, "params": {"colsample_bytree": 0.9922278742289775, "eta": 0.08062541851476623, "gamma": 617.3715968733522, "max_depth": 8.0, "min_child_weight": 4107.002980248352, "num_boost_round": 34.0, "subsample": 0.6738056348368356}, "datetime": {"datetime": "2024-01-20 15:27:10", "elapsed": 3796.983345, "delta": 0.00504}}
{"target": -12.361468052969808, "params": {"colsample_bytree": 0.9922278742289775, "eta": 0.08062541851476623, "gamma": 617.3715968733522, "max_depth": 8.0, "min_child_weight": 4107.002980248352, "num_boost_round": 35.0, "subsample": 0.6738056348368356}, "datetime": {"datetime": "2024-01-20 15:27:10", "elapsed": 3796.98812, "delta": 0.004775}}
{"target": -12.362323860623322, "params": {"colsample_bytree": 0.9922278742289775, "eta": 0.08062541851476623, "gamma": 617.3715968733522, "max_depth": 8.0, "min_child_weight": 4107.002980248352, "num_boost_round": 36.0, "subsample": 0.6738056348368356}, "datetime": {"datetime": "2024-01-20 15:27:10", "elapsed": 3796.992693, "delta": 0.004573}}
{"target": -12.363370595132185, "params": {"colsample_bytree": 0.9922278742289775, "eta": 0.08062541851476623, "gamma": 617.3715968733522, "max_depth": 8.0, "min_child_weight": 4107.002980248352, "num_boost_round": 37.0, "subsample": 0.6738056348368356}, "datetime": {"datetime": "2024-01-20 15:27:10", "elapsed": 3796.997146, "delta": 0.004453}}
{"target": -12.364368893999682, "params": {"colsample_bytree": 0.9922278742289775, "eta": 0.08062541851476623, "gamma": 617.3715968733522, "max_depth": 8.0, "min_child_weight": 4107.002980248352, "num_boost_round": 38.0, "subsample": 0.6738056348368356}, "datetime": {"datetime": "2024-01-20 15:27:10", "elapsed": 3797.001625, "delta": 0.004479}}
{"target": -12.364900620681993, "params": {"colsample_bytree": 0.9922278742289775, "eta": 0.08062541851476623, "gamma": 617.3715968733522, "max_depth": 8.0, "min_child_weight": 4107.002980248352, "num_boost_round": 39.0, "subsample": 0.6738056348368356}, "datetime": {"datetime": "2024-01-20 15:27:10", "elapsed": 3797.006336, "delta": 0.004711}}
{"target": -12.365040087724601, "params": {"colsample_bytree": 0.9922278742289775, "eta": 0.08062541851476623, "gamma": 617.3715968733522, "max_depth": 8.0, "min_child_weight": 4107.002980248352, "num_boost_round": 40.0, "subsample": 0.6738056348368356}, "datetime": {"datetime": "2024-01-20 15:27:10", "elapsed": 3797.010875, "delta": 0.004539}}
