{"target": -15.160347898911525, "params": {"colsample_bytree": 0.14288132777033952, "eta": 0.03748629598870053, "gamma": 583.1760041026911, "max_depth": 5.0, "min_child_weight": 4171.834369413093, "num_boost_round": 37.0, "subsample": 0.8245895870419963}, "datetime": {"datetime": "2024-01-20 14:41:38", "elapsed": 1055.949245, "delta": 0.001863}}
{"target": -15.160362944398738, "params": {"colsample_bytree": 0.14288132777033952, "eta": 0.03748629598870053, "gamma": 583.1760041026911, "max_depth": 5.0, "min_child_weight": 4171.834369413093, "num_boost_round": 38.0, "subsample": 0.8245895870419963}, "datetime": {"datetime": "2024-01-20 14:41:38", "elapsed": 1055.951109, "delta": 0.001864}}
{"target": -15.16034242027823, "params": {"colsample_bytree": 0.14288132777033952, "eta": 0.03748629598870053, "gamma": 583.1760041026911, "max_depth": 5.0, "min_child_weight": 4171.834369413093, "num_boost_round": 39.0, "subsample": 0.8245895870419963}, "datetime": {"datetime": "2024-01-20 14:41:38", "elapsed": 1055.952941, "delta": 0.001832}}
{"target": -15.160370625113217, "params": {"colsample_bytree": 0.14288132777033952, "eta": 0.03748629598870053, "gamma": 583.1760041026911, "max_depth": 5.0, "min_child_weight": 4171.834369413093, "num_boost_round": 40.0, "subsample": 0.8245895870419963}, "datetime": {"datetime": "2024-01-20 14:41:38", "elapsed": 1055.954797, "delta": 0.001856}}
{"target": -15.160139880612753, "params": {"colsample_bytree": 0.14288132777033952, "eta": 0.03748629598870053, "gamma": 583.1760041026911, "max_depth": 5.0, "min_child_weight": 4171.834369413093, "num_boost_round": 41.0, "subsample": 0.8245895870419963}, "datetime": {"datetime": "2024-01-20 14:41:38", "elapsed": 1055.956648, "delta": 0.001851}}
{"target": -15.160327433358376, "params": {"colsample_bytree": 0.14288132777033952, "eta": 0.03748629598870053, "gamma": 583.1760041026911, "max_depth": 5.0, "min_child_weight": 4171.834369413093, "num_boost_round": 42.0, "subsample": 0.8245895870419963}, "datetime": {"datetime": "2024-01-20 14:41:38", "elapsed": 1055.958506, "delta": 0.001858}}
{"target": -15.159730279715365, "params": {"colsample_bytree": 0.14288132777033952, "eta": 0.03748629598870053, "gamma": 583.1760041026911, "max_depth": 5.0, "min_child_weight": 4171.834369413093, "num_boost_round": 43.0, "subsample": 0.8245895870419963}, "datetime": {"datetime": "2024-01-20 14:41:38", "elapsed": 1055.960387, "delta": 0.001881}}
{"target": -15.159809633962155, "params": {"colsample_bytree": 0.14288132777033952, "eta": 0.03748629598870053, "gamma": 583.1760041026911, "max_depth": 5.0, "min_child_weight": 4171.834369413093, "num_boost_round": 44.0, "subsample": 0.8245895870419963}, "datetime": {"datetime": "2024-01-20 14:41:38", "elapsed": 1055.962248, "delta": 0.001861}}
{"target": -15.159804200813392, "params": {"colsample_bytree": 0.14288132777033952, "eta": 0.03748629598870053, "gamma": 583.1760041026911, "max_depth": 5.0, "min_child_weight": 4171.834369413093, "num_boost_round": 45.0, "subsample": 0.8245895870419963}, "datetime": {"datetime": "2024-01-20 14:41:38", "elapsed": 1055.964093, "delta": 0.001845}}
{"target": -15.159694659449514, "params": {"colsample_bytree": 0.14288132777033952, "eta": 0.03748629598870053, "gamma": 583.1760041026911, "max_depth": 5.0, "min_child_weight": 4171.834369413093, "num_boost_round": 46.0, "subsample": 0.8245895870419963}, "datetime": {"datetime": "2024-01-20 14:41:38", "elapsed": 1055.965923, "delta": 0.00183}}
{"target": -15.159232445804053, "params": {"colsample_bytree": 0.14288132777033952, "eta": 0.03748629598870053, "gamma": 583.1760041026911, "max_depth": 5.0, "min_child_weight": 4171.834369413093, "num_boost_round": 47.0, "subsample": 0.8245895870419963}, "datetime": {"datetime": "2024-01-20 14:41:38", "elapsed": 1055.967773, "delta": 0.00185}}
{"target": -15.15928689035431, "params": {"colsample_bytree": 0.14288132777033952, "eta": 0.03748629598870053, "gamma": 583.1760041026911, "max_depth": 5.0, "min_child_weight": 4171.834369413093, "num_boost_round": 48.0, "subsample": 0.8245895870419963}, "datetime": {"datetime": "2024-01-20 14:41:38", "elapsed": 1055.96963, "delta": 0.001857}}
{"target": -15.159437156599859, "params": {"colsample_bytree": 0.14288132777033952, "eta": 0.03748629598870053, "gamma": 583.1760041026911, "max_depth": 5.0, "min_child_weight": 4171.834369413093, "num_boost_round": 49.0, "subsample": 0.8245895870419963}, "datetime": {"datetime": "2024-01-20 14:41:38", "elapsed": 1055.971482, "delta": 0.001852}}
{"target": -15.172210129380646, "params": {"colsample_bytree": 0.7932525970885583, "eta": 0.022683770885396175, "gamma": 460.7381453735503, "max_depth": 8.0, "min_child_weight": 4378.402099695805, "num_boost_round": 1.0, "subsample": 0.24019839582104205}, "datetime": {"datetime": "2024-01-20 14:42:18", "elapsed": 1096.086503, "delta": 40.115021}}
{"target": -15.171389487652094, "params": {"colsample_bytree": 0.7932525970885583, "eta": 0.022683770885396175, "gamma": 460.7381453735503, "max_depth": 8.0, "min_child_weight": 4378.402099695805, "num_boost_round": 2.0, "subsample": 0.24019839582104205}, "datetime": {"datetime": "2024-01-20 14:42:18", "elapsed": 1096.090022, "delta": 0.003519}}
{"target": -15.170432337414855, "params": {"colsample_bytree": 0.7932525970885583, "eta": 0.022683770885396175, "gamma": 460.7381453735503, "max_depth": 8.0, "min_child_weight": 4378.402099695805, "num_boost_round": 3.0, "subsample": 0.24019839582104205}, "datetime": {"datetime": "2024-01-20 14:42:18", "elapsed": 1096.092429, "delta": 0.002407}}
{"target": -15.169678590439169, "params": {"colsample_bytree": 0.7932525970885583, "eta": 0.022683770885396175, "gamma": 460.7381453735503, "max_depth": 8.0, "min_child_weight": 4378.402099695805, "num_boost_round": 4.0, "subsample": 0.24019839582104205}, "datetime": {"datetime": "2024-01-20 14:42:18", "elapsed": 1096.094403, "delta": 0.001974}}
{"target": -15.16829429367947, "params": {"colsample_bytree": 0.7932525970885583, "eta": 0.022683770885396175, "gamma": 460.7381453735503, "max_depth": 8.0, "min_child_weight": 4378.402099695805, "num_boost_round": 5.0, "subsample": 0.24019839582104205}, "datetime": {"datetime": "2024-01-20 14:42:18", "elapsed": 1096.096325, "delta": 0.001922}}
{"target": -15.166997915616843, "params": {"colsample_bytree": 0.7932525970885583, "eta": 0.022683770885396175, "gamma": 460.7381453735503, "max_depth": 8.0, "min_child_weight": 4378.402099695805, "num_boost_round": 6.0, "subsample": 0.24019839582104205}, "datetime": {"datetime": "2024-01-20 14:42:18", "elapsed": 1096.09823, "delta": 0.001905}}
{"target": -15.165775109842054, "params": {"colsample_bytree": 0.7932525970885583, "eta": 0.022683770885396175, "gamma": 460.7381453735503, "max_depth": 8.0, "min_child_weight": 4378.402099695805, "num_boost_round": 7.0, "subsample": 0.24019839582104205}, "datetime": {"datetime": "2024-01-20 14:42:18", "elapsed": 1096.100129, "delta": 0.001899}}
{"target": -15.164748873230884, "params": {"colsample_bytree": 0.7932525970885583, "eta": 0.022683770885396175, "gamma": 460.7381453735503, "max_depth": 8.0, "min_child_weight": 4378.402099695805, "num_boost_round": 8.0, "subsample": 0.24019839582104205}, "datetime": {"datetime": "2024-01-20 14:42:18", "elapsed": 1096.101905, "delta": 0.001776}}
{"target": -15.164454363375658, "params": {"colsample_bytree": 0.7932525970885583, "eta": 0.022683770885396175, "gamma": 460.7381453735503, "max_depth": 8.0, "min_child_weight": 4378.402099695805, "num_boost_round": 9.0, "subsample": 0.24019839582104205}, "datetime": {"datetime": "2024-01-20 14:42:18", "elapsed": 1096.103688, "delta": 0.001783}}
{"target": -15.163338429699753, "params": {"colsample_bytree": 0.7932525970885583, "eta": 0.022683770885396175, "gamma": 460.7381453735503, "max_depth": 8.0, "min_child_weight": 4378.402099695805, "num_boost_round": 10.0, "subsample": 0.24019839582104205}, "datetime": {"datetime": "2024-01-20 14:42:18", "elapsed": 1096.105485, "delta": 0.001797}}
{"target": -15.162385348865808, "params": {"colsample_bytree": 0.7932525970885583, "eta": 0.022683770885396175, "gamma": 460.7381453735503, "max_depth": 8.0, "min_child_weight": 4378.402099695805, "num_boost_round": 11.0, "subsample": 0.24019839582104205}, "datetime": {"datetime": "2024-01-20 14:42:18", "elapsed": 1096.107352, "delta": 0.001867}}
{"target": -15.16178420249026, "params": {"colsample_bytree": 0.7932525970885583, "eta": 0.022683770885396175, "gamma": 460.7381453735503, "max_depth": 8.0, "min_child_weight": 4378.402099695805, "num_boost_round": 12.0, "subsample": 0.24019839582104205}, "datetime": {"datetime": "2024-01-20 14:42:18", "elapsed": 1096.109187, "delta": 0.001835}}
{"target": -15.161091421687951, "params": {"colsample_bytree": 0.7932525970885583, "eta": 0.022683770885396175, "gamma": 460.7381453735503, "max_depth": 8.0, "min_child_weight": 4378.402099695805, "num_boost_round": 13.0, "subsample": 0.24019839582104205}, "datetime": {"datetime": "2024-01-20 14:42:18", "elapsed": 1096.111012, "delta": 0.001825}}
{"target": -15.160238984308148, "params": {"colsample_bytree": 0.7932525970885583, "eta": 0.022683770885396175, "gamma": 460.7381453735503, "max_depth": 8.0, "min_child_weight": 4378.402099695805, "num_boost_round": 14.0, "subsample": 0.24019839582104205}, "datetime": {"datetime": "2024-01-20 14:42:18", "elapsed": 1096.112844, "delta": 0.001832}}
{"target": -15.159725051429849, "params": {"colsample_bytree": 0.7932525970885583, "eta": 0.022683770885396175, "gamma": 460.7381453735503, "max_depth": 8.0, "min_child_weight": 4378.402099695805, "num_boost_round": 15.0, "subsample": 0.24019839582104205}, "datetime": {"datetime": "2024-01-20 14:42:18", "elapsed": 1096.114641, "delta": 0.001797}}
{"target": -15.158987045661755, "params": {"colsample_bytree": 0.7932525970885583, "eta": 0.022683770885396175, "gamma": 460.7381453735503, "max_depth": 8.0, "min_child_weight": 4378.402099695805, "num_boost_round": 16.0, "subsample": 0.24019839582104205}, "datetime": {"datetime": "2024-01-20 14:42:18", "elapsed": 1096.116433, "delta": 0.001792}}
{"target": -15.158191215504992, "params": {"colsample_bytree": 0.7932525970885583, "eta": 0.022683770885396175, "gamma": 460.7381453735503, "max_depth": 8.0, "min_child_weight": 4378.402099695805, "num_boost_round": 17.0, "subsample": 0.24019839582104205}, "datetime": {"datetime": "2024-01-20 14:42:18", "elapsed": 1096.118239, "delta": 0.001806}}
{"target": -15.15779708630427, "params": {"colsample_bytree": 0.7932525970885583, "eta": 0.022683770885396175, "gamma": 460.7381453735503, "max_depth": 8.0, "min_child_weight": 4378.402099695805, "num_boost_round": 18.0, "subsample": 0.24019839582104205}, "datetime": {"datetime": "2024-01-20 14:42:18", "elapsed": 1096.120101, "delta": 0.001862}}
{"target": -15.157223463118953, "params": {"colsample_bytree": 0.7932525970885583, "eta": 0.022683770885396175, "gamma": 460.7381453735503, "max_depth": 8.0, "min_child_weight": 4378.402099695805, "num_boost_round": 19.0, "subsample": 0.24019839582104205}, "datetime": {"datetime": "2024-01-20 14:42:18", "elapsed": 1096.121913, "delta": 0.001812}}
{"target": -15.157029630019247, "params": {"colsample_bytree": 0.7932525970885583, "eta": 0.022683770885396175, "gamma": 460.7381453735503, "max_depth": 8.0, "min_child_weight": 4378.402099695805, "num_boost_round": 20.0, "subsample": 0.24019839582104205}, "datetime": {"datetime": "2024-01-20 14:42:18", "elapsed": 1096.123724, "delta": 0.001811}}
{"target": -15.156335935879067, "params": {"colsample_bytree": 0.7932525970885583, "eta": 0.022683770885396175, "gamma": 460.7381453735503, "max_depth": 8.0, "min_child_weight": 4378.402099695805, "num_boost_round": 21.0, "subsample": 0.24019839582104205}, "datetime": {"datetime": "2024-01-20 14:42:18", "elapsed": 1096.12556, "delta": 0.001836}}
{"target": -15.155672100632096, "params": {"colsample_bytree": 0.7932525970885583, "eta": 0.022683770885396175, "gamma": 460.7381453735503, "max_depth": 8.0, "min_child_weight": 4378.402099695805, "num_boost_round": 22.0, "subsample": 0.24019839582104205}, "datetime": {"datetime": "2024-01-20 14:42:18", "elapsed": 1096.127384, "delta": 0.001824}}
{"target": -15.155212428260384, "params": {"colsample_bytree": 0.7932525970885583, "eta": 0.022683770885396175, "gamma": 460.7381453735503, "max_depth": 8.0, "min_child_weight": 4378.402099695805, "num_boost_round": 23.0, "subsample": 0.24019839582104205}, "datetime": {"datetime": "2024-01-20 14:42:18", "elapsed": 1096.129218, "delta": 0.001834}}
{"target": -15.154674764912208, "params": {"colsample_bytree": 0.7932525970885583, "eta": 0.022683770885396175, "gamma": 460.7381453735503, "max_depth": 8.0, "min_child_weight": 4378.402099695805, "num_boost_round": 24.0, "subsample": 0.24019839582104205}, "datetime": {"datetime": "2024-01-20 14:42:18", "elapsed": 1096.131045, "delta": 0.001827}}
{"target": -15.154488413640804, "params": {"colsample_bytree": 0.7932525970885583, "eta": 0.022683770885396175, "gamma": 460.7381453735503, "max_depth": 8.0, "min_child_weight": 4378.402099695805, "num_boost_round": 25.0, "subsample": 0.24019839582104205}, "datetime": {"datetime": "2024-01-20 14:42:18", "elapsed": 1096.132848, "delta": 0.001803}}
{"target": -15.154350490939528, "params": {"colsample_bytree": 0.7932525970885583, "eta": 0.022683770885396175, "gamma": 460.7381453735503, "max_depth": 8.0, "min_child_weight": 4378.402099695805, "num_boost_round": 26.0, "subsample": 0.24019839582104205}, "datetime": {"datetime": "2024-01-20 14:42:18", "elapsed": 1096.134679, "delta": 0.001831}}
{"target": -15.154165962866681, "params": {"colsample_bytree": 0.7932525970885583, "eta": 0.022683770885396175, "gamma": 460.7381453735503, "max_depth": 8.0, "min_child_weight": 4378.402099695805, "num_boost_round": 27.0, "subsample": 0.24019839582104205}, "datetime": {"datetime": "2024-01-20 14:42:18", "elapsed": 1096.136527, "delta": 0.001848}}
{"target": -15.153575509055326, "params": {"colsample_bytree": 0.7932525970885583, "eta": 0.022683770885396175, "gamma": 460.7381453735503, "max_depth": 8.0, "min_child_weight": 4378.402099695805, "num_boost_round": 28.0, "subsample": 0.24019839582104205}, "datetime": {"datetime": "2024-01-20 14:42:18", "elapsed": 1096.138358, "delta": 0.001831}}
{"target": -15.153163776616482, "params": {"colsample_bytree": 0.7932525970885583, "eta": 0.022683770885396175, "gamma": 460.7381453735503, "max_depth": 8.0, "min_child_weight": 4378.402099695805, "num_boost_round": 29.0, "subsample": 0.24019839582104205}, "datetime": {"datetime": "2024-01-20 14:42:18", "elapsed": 1096.140188, "delta": 0.00183}}
{"target": -15.153035526016462, "params": {"colsample_bytree": 0.7932525970885583, "eta": 0.022683770885396175, "gamma": 460.7381453735503, "max_depth": 8.0, "min_child_weight": 4378.402099695805, "num_boost_round": 30.0, "subsample": 0.24019839582104205}, "datetime": {"datetime": "2024-01-20 14:42:18", "elapsed": 1096.142008, "delta": 0.00182}}
{"target": -15.152761592524627, "params": {"colsample_bytree": 0.7932525970885583, "eta": 0.022683770885396175, "gamma": 460.7381453735503, "max_depth": 8.0, "min_child_weight": 4378.402099695805, "num_boost_round": 31.0, "subsample": 0.24019839582104205}, "datetime": {"datetime": "2024-01-20 14:42:18", "elapsed": 1096.143832, "delta": 0.001824}}
{"target": -15.152849343984688, "params": {"colsample_bytree": 0.7932525970885583, "eta": 0.022683770885396175, "gamma": 460.7381453735503, "max_depth": 8.0, "min_child_weight": 4378.402099695805, "num_boost_round": 32.0, "subsample": 0.24019839582104205}, "datetime": {"datetime": "2024-01-20 14:42:18", "elapsed": 1096.145632, "delta": 0.0018}}
{"target": -15.152751021751147, "params": {"colsample_bytree": 0.7932525970885583, "eta": 0.022683770885396175, "gamma": 460.7381453735503, "max_depth": 8.0, "min_child_weight": 4378.402099695805, "num_boost_round": 33.0, "subsample": 0.24019839582104205}, "datetime": {"datetime": "2024-01-20 14:42:18", "elapsed": 1096.147421, "delta": 0.001789}}
{"target": -15.152643688713399, "params": {"colsample_bytree": 0.7932525970885583, "eta": 0.022683770885396175, "gamma": 460.7381453735503, "max_depth": 8.0, "min_child_weight": 4378.402099695805, "num_boost_round": 34.0, "subsample": 0.24019839582104205}, "datetime": {"datetime": "2024-01-20 14:42:18", "elapsed": 1096.149252, "delta": 0.001831}}
{"target": -15.15263197022238, "params": {"colsample_bytree": 0.7932525970885583, "eta": 0.022683770885396175, "gamma": 460.7381453735503, "max_depth": 8.0, "min_child_weight": 4378.402099695805, "num_boost_round": 35.0, "subsample": 0.24019839582104205}, "datetime": {"datetime": "2024-01-20 14:42:18", "elapsed": 1096.151703, "delta": 0.002451}}
{"target": -15.15246994268331, "params": {"colsample_bytree": 0.7932525970885583, "eta": 0.022683770885396175, "gamma": 460.7381453735503, "max_depth": 8.0, "min_child_weight": 4378.402099695805, "num_boost_round": 36.0, "subsample": 0.24019839582104205}, "datetime": {"datetime": "2024-01-20 14:42:18", "elapsed": 1096.153828, "delta": 0.002125}}
{"target": -15.152081720990498, "params": {"colsample_bytree": 0.7932525970885583, "eta": 0.022683770885396175, "gamma": 460.7381453735503, "max_depth": 8.0, "min_child_weight": 4378.402099695805, "num_boost_round": 37.0, "subsample": 0.24019839582104205}, "datetime": {"datetime": "2024-01-20 14:42:18", "elapsed": 1096.155647, "delta": 0.001819}}
{"target": -15.152184157571234, "params": {"colsample_bytree": 0.7932525970885583, "eta": 0.022683770885396175, "gamma": 460.7381453735503, "max_depth": 8.0, "min_child_weight": 4378.402099695805, "num_boost_round": 38.0, "subsample": 0.24019839582104205}, "datetime": {"datetime": "2024-01-20 14:42:18", "elapsed": 1096.157488, "delta": 0.001841}}
{"target": -15.151981655531777, "params": {"colsample_bytree": 0.7932525970885583, "eta": 0.022683770885396175, "gamma": 460.7381453735503, "max_depth": 8.0, "min_child_weight": 4378.402099695805, "num_boost_round": 39.0, "subsample": 0.24019839582104205}, "datetime": {"datetime": "2024-01-20 14:42:18", "elapsed": 1096.159287, "delta": 0.001799}}
{"target": -15.151923397702385, "params": {"colsample_bytree": 0.7932525970885583, "eta": 0.022683770885396175, "gamma": 460.7381453735503, "max_depth": 8.0, "min_child_weight": 4378.402099695805, "num_boost_round": 40.0, "subsample": 0.24019839582104205}, "datetime": {"datetime": "2024-01-20 14:42:18", "elapsed": 1096.161126, "delta": 0.001839}}
{"target": -15.15180493715719, "params": {"colsample_bytree": 0.7932525970885583, "eta": 0.022683770885396175, "gamma": 460.7381453735503, "max_depth": 8.0, "min_child_weight": 4378.402099695805, "num_boost_round": 41.0, "subsample": 0.24019839582104205}, "datetime": {"datetime": "2024-01-20 14:42:18", "elapsed": 1096.163014, "delta": 0.001888}}
{"target": -15.170465015393, "params": {"colsample_bytree": 0.31080144557370776, "eta": 0.09502190743289715, "gamma": 506.25761646899923, "max_depth": 2.0, "min_child_weight": 4296.028704821401, "num_boost_round": 1.0, "subsample": 0.6298121640540063}, "datetime": {"datetime": "2024-01-20 14:42:51", "elapsed": 1128.916517, "delta": 32.753503}}
{"target": -15.16900035162282, "params": {"colsample_bytree": 0.31080144557370776, "eta": 0.09502190743289715, "gamma": 506.25761646899923, "max_depth": 2.0, "min_child_weight": 4296.028704821401, "num_boost_round": 2.0, "subsample": 0.6298121640540063}, "datetime": {"datetime": "2024-01-20 14:42:51", "elapsed": 1128.919407, "delta": 0.00289}}
{"target": -15.166122759666173, "params": {"colsample_bytree": 0.31080144557370776, "eta": 0.09502190743289715, "gamma": 506.25761646899923, "max_depth": 2.0, "min_child_weight": 4296.028704821401, "num_boost_round": 3.0, "subsample": 0.6298121640540063}, "datetime": {"datetime": "2024-01-20 14:42:51", "elapsed": 1128.921644, "delta": 0.002237}}
{"target": -15.1663731284567, "params": {"colsample_bytree": 0.31080144557370776, "eta": 0.09502190743289715, "gamma": 506.25761646899923, "max_depth": 2.0, "min_child_weight": 4296.028704821401, "num_boost_round": 4.0, "subsample": 0.6298121640540063}, "datetime": {"datetime": "2024-01-20 14:42:51", "elapsed": 1128.923752, "delta": 0.002108}}
{"target": -15.162705678337625, "params": {"colsample_bytree": 0.31080144557370776, "eta": 0.09502190743289715, "gamma": 506.25761646899923, "max_depth": 2.0, "min_child_weight": 4296.028704821401, "num_boost_round": 5.0, "subsample": 0.6298121640540063}, "datetime": {"datetime": "2024-01-20 14:42:51", "elapsed": 1128.925553, "delta": 0.001801}}
{"target": -15.161236905637006, "params": {"colsample_bytree": 0.31080144557370776, "eta": 0.09502190743289715, "gamma": 506.25761646899923, "max_depth": 2.0, "min_child_weight": 4296.028704821401, "num_boost_round": 6.0, "subsample": 0.6298121640540063}, "datetime": {"datetime": "2024-01-20 14:42:51", "elapsed": 1128.927342, "delta": 0.001789}}
{"target": -15.160522656429027, "params": {"colsample_bytree": 0.31080144557370776, "eta": 0.09502190743289715, "gamma": 506.25761646899923, "max_depth": 2.0, "min_child_weight": 4296.028704821401, "num_boost_round": 7.0, "subsample": 0.6298121640540063}, "datetime": {"datetime": "2024-01-20 14:42:51", "elapsed": 1128.929137, "delta": 0.001795}}
{"target": -15.158188778229276, "params": {"colsample_bytree": 0.31080144557370776, "eta": 0.09502190743289715, "gamma": 506.25761646899923, "max_depth": 2.0, "min_child_weight": 4296.028704821401, "num_boost_round": 8.0, "subsample": 0.6298121640540063}, "datetime": {"datetime": "2024-01-20 14:42:51", "elapsed": 1128.930923, "delta": 0.001786}}
{"target": -15.159077166509704, "params": {"colsample_bytree": 0.31080144557370776, "eta": 0.09502190743289715, "gamma": 506.25761646899923, "max_depth": 2.0, "min_child_weight": 4296.028704821401, "num_boost_round": 9.0, "subsample": 0.6298121640540063}, "datetime": {"datetime": "2024-01-20 14:42:51", "elapsed": 1128.932795, "delta": 0.001872}}
