{"target": -19.149466520396587, "params": {"colsample_bytree": 0.835488281109701, "eta": 0.0655940098633409, "gamma": 403.43508589025043, "max_depth": 4.0, "min_child_weight": 4118.962309402746, "num_boost_round": 15.0, "subsample": 0.6947681393246493}, "datetime": {"datetime": "2024-01-20 14:31:18", "elapsed": 446.853818, "delta": 0.000884}}
{"target": -19.150017237320494, "params": {"colsample_bytree": 0.835488281109701, "eta": 0.0655940098633409, "gamma": 403.43508589025043, "max_depth": 4.0, "min_child_weight": 4118.962309402746, "num_boost_round": 16.0, "subsample": 0.6947681393246493}, "datetime": {"datetime": "2024-01-20 14:31:18", "elapsed": 446.854757, "delta": 0.000939}}
{"target": -19.1501607052598, "params": {"colsample_bytree": 0.835488281109701, "eta": 0.0655940098633409, "gamma": 403.43508589025043, "max_depth": 4.0, "min_child_weight": 4118.962309402746, "num_boost_round": 17.0, "subsample": 0.6947681393246493}, "datetime": {"datetime": "2024-01-20 14:31:18", "elapsed": 446.855671, "delta": 0.000914}}
{"target": -19.15029517812529, "params": {"colsample_bytree": 0.835488281109701, "eta": 0.0655940098633409, "gamma": 403.43508589025043, "max_depth": 4.0, "min_child_weight": 4118.962309402746, "num_boost_round": 18.0, "subsample": 0.6947681393246493}, "datetime": {"datetime": "2024-01-20 14:31:18", "elapsed": 446.85657, "delta": 0.000899}}
{"target": -19.1505640951339, "params": {"colsample_bytree": 0.835488281109701, "eta": 0.0655940098633409, "gamma": 403.43508589025043, "max_depth": 4.0, "min_child_weight": 4118.962309402746, "num_boost_round": 19.0, "subsample": 0.6947681393246493}, "datetime": {"datetime": "2024-01-20 14:31:18", "elapsed": 446.857471, "delta": 0.000901}}
{"target": -19.150647429703138, "params": {"colsample_bytree": 0.835488281109701, "eta": 0.0655940098633409, "gamma": 403.43508589025043, "max_depth": 4.0, "min_child_weight": 4118.962309402746, "num_boost_round": 20.0, "subsample": 0.6947681393246493}, "datetime": {"datetime": "2024-01-20 14:31:18", "elapsed": 446.858368, "delta": 0.000897}}
{"target": -19.150997308840928, "params": {"colsample_bytree": 0.835488281109701, "eta": 0.0655940098633409, "gamma": 403.43508589025043, "max_depth": 4.0, "min_child_weight": 4118.962309402746, "num_boost_round": 21.0, "subsample": 0.6947681393246493}, "datetime": {"datetime": "2024-01-20 14:31:18", "elapsed": 446.859263, "delta": 0.000895}}
{"target": -19.151480089524618, "params": {"colsample_bytree": 0.835488281109701, "eta": 0.0655940098633409, "gamma": 403.43508589025043, "max_depth": 4.0, "min_child_weight": 4118.962309402746, "num_boost_round": 22.0, "subsample": 0.6947681393246493}, "datetime": {"datetime": "2024-01-20 14:31:18", "elapsed": 446.860163, "delta": 0.0009}}
{"target": -19.151646171100808, "params": {"colsample_bytree": 0.835488281109701, "eta": 0.0655940098633409, "gamma": 403.43508589025043, "max_depth": 4.0, "min_child_weight": 4118.962309402746, "num_boost_round": 23.0, "subsample": 0.6947681393246493}, "datetime": {"datetime": "2024-01-20 14:31:18", "elapsed": 446.861064, "delta": 0.000901}}
{"target": -19.151822121406234, "params": {"colsample_bytree": 0.835488281109701, "eta": 0.0655940098633409, "gamma": 403.43508589025043, "max_depth": 4.0, "min_child_weight": 4118.962309402746, "num_boost_round": 24.0, "subsample": 0.6947681393246493}, "datetime": {"datetime": "2024-01-20 14:31:18", "elapsed": 446.861961, "delta": 0.000897}}
{"target": -19.152161861131535, "params": {"colsample_bytree": 0.835488281109701, "eta": 0.0655940098633409, "gamma": 403.43508589025043, "max_depth": 4.0, "min_child_weight": 4118.962309402746, "num_boost_round": 25.0, "subsample": 0.6947681393246493}, "datetime": {"datetime": "2024-01-20 14:31:18", "elapsed": 446.863012, "delta": 0.001051}}
{"target": -19.15222519780687, "params": {"colsample_bytree": 0.835488281109701, "eta": 0.0655940098633409, "gamma": 403.43508589025043, "max_depth": 4.0, "min_child_weight": 4118.962309402746, "num_boost_round": 26.0, "subsample": 0.6947681393246493}, "datetime": {"datetime": "2024-01-20 14:31:18", "elapsed": 446.86402, "delta": 0.001008}}
{"target": -19.15289910114648, "params": {"colsample_bytree": 0.835488281109701, "eta": 0.0655940098633409, "gamma": 403.43508589025043, "max_depth": 4.0, "min_child_weight": 4118.962309402746, "num_boost_round": 27.0, "subsample": 0.6947681393246493}, "datetime": {"datetime": "2024-01-20 14:31:18", "elapsed": 446.865011, "delta": 0.000991}}
{"target": -19.153137123739015, "params": {"colsample_bytree": 0.835488281109701, "eta": 0.0655940098633409, "gamma": 403.43508589025043, "max_depth": 4.0, "min_child_weight": 4118.962309402746, "num_boost_round": 28.0, "subsample": 0.6947681393246493}, "datetime": {"datetime": "2024-01-20 14:31:18", "elapsed": 446.865918, "delta": 0.000907}}
{"target": -19.15338496421106, "params": {"colsample_bytree": 0.835488281109701, "eta": 0.0655940098633409, "gamma": 403.43508589025043, "max_depth": 4.0, "min_child_weight": 4118.962309402746, "num_boost_round": 29.0, "subsample": 0.6947681393246493}, "datetime": {"datetime": "2024-01-20 14:31:18", "elapsed": 446.866837, "delta": 0.000919}}
{"target": -19.1445278405175, "params": {"colsample_bytree": 0.6019845742886014, "eta": 0.08665802459820274, "gamma": 524.7538151938049, "max_depth": 5.0, "min_child_weight": 3947.7609259548203, "num_boost_round": 1.0, "subsample": 0.965726874360804}, "datetime": {"datetime": "2024-01-20 14:31:47", "elapsed": 475.440081, "delta": 28.573244}}
{"target": -19.144889953031118, "params": {"colsample_bytree": 0.6019845742886014, "eta": 0.08665802459820274, "gamma": 524.7538151938049, "max_depth": 5.0, "min_child_weight": 3947.7609259548203, "num_boost_round": 2.0, "subsample": 0.965726874360804}, "datetime": {"datetime": "2024-01-20 14:31:47", "elapsed": 475.442339, "delta": 0.002258}}
{"target": -19.145584943807624, "params": {"colsample_bytree": 0.6019845742886014, "eta": 0.08665802459820274, "gamma": 524.7538151938049, "max_depth": 5.0, "min_child_weight": 3947.7609259548203, "num_boost_round": 3.0, "subsample": 0.965726874360804}, "datetime": {"datetime": "2024-01-20 14:31:47", "elapsed": 475.443408, "delta": 0.001069}}
{"target": -19.146731390102424, "params": {"colsample_bytree": 0.6019845742886014, "eta": 0.08665802459820274, "gamma": 524.7538151938049, "max_depth": 5.0, "min_child_weight": 3947.7609259548203, "num_boost_round": 4.0, "subsample": 0.965726874360804}, "datetime": {"datetime": "2024-01-20 14:31:47", "elapsed": 475.444917, "delta": 0.001509}}
{"target": -19.147601301113497, "params": {"colsample_bytree": 0.6019845742886014, "eta": 0.08665802459820274, "gamma": 524.7538151938049, "max_depth": 5.0, "min_child_weight": 3947.7609259548203, "num_boost_round": 5.0, "subsample": 0.965726874360804}, "datetime": {"datetime": "2024-01-20 14:31:47", "elapsed": 475.445856, "delta": 0.000939}}
{"target": -19.147034245292033, "params": {"colsample_bytree": 0.6019845742886014, "eta": 0.08665802459820274, "gamma": 524.7538151938049, "max_depth": 5.0, "min_child_weight": 3947.7609259548203, "num_boost_round": 6.0, "subsample": 0.965726874360804}, "datetime": {"datetime": "2024-01-20 14:31:47", "elapsed": 475.446903, "delta": 0.001047}}
{"target": -19.14770328732767, "params": {"colsample_bytree": 0.6019845742886014, "eta": 0.08665802459820274, "gamma": 524.7538151938049, "max_depth": 5.0, "min_child_weight": 3947.7609259548203, "num_boost_round": 7.0, "subsample": 0.965726874360804}, "datetime": {"datetime": "2024-01-20 14:31:47", "elapsed": 475.447827, "delta": 0.000924}}
{"target": -19.14867281333786, "params": {"colsample_bytree": 0.6019845742886014, "eta": 0.08665802459820274, "gamma": 524.7538151938049, "max_depth": 5.0, "min_child_weight": 3947.7609259548203, "num_boost_round": 8.0, "subsample": 0.965726874360804}, "datetime": {"datetime": "2024-01-20 14:31:47", "elapsed": 475.448749, "delta": 0.000922}}
{"target": -19.14903474476634, "params": {"colsample_bytree": 0.6019845742886014, "eta": 0.08665802459820274, "gamma": 524.7538151938049, "max_depth": 5.0, "min_child_weight": 3947.7609259548203, "num_boost_round": 9.0, "subsample": 0.965726874360804}, "datetime": {"datetime": "2024-01-20 14:31:47", "elapsed": 475.449665, "delta": 0.000916}}
{"target": -19.150346397892033, "params": {"colsample_bytree": 0.6019845742886014, "eta": 0.08665802459820274, "gamma": 524.7538151938049, "max_depth": 5.0, "min_child_weight": 3947.7609259548203, "num_boost_round": 10.0, "subsample": 0.965726874360804}, "datetime": {"datetime": "2024-01-20 14:31:47", "elapsed": 475.450584, "delta": 0.000919}}
{"target": -19.150886402608855, "params": {"colsample_bytree": 0.6019845742886014, "eta": 0.08665802459820274, "gamma": 524.7538151938049, "max_depth": 5.0, "min_child_weight": 3947.7609259548203, "num_boost_round": 11.0, "subsample": 0.965726874360804}, "datetime": {"datetime": "2024-01-20 14:31:47", "elapsed": 475.4515, "delta": 0.000916}}
{"target": -19.151467745058106, "params": {"colsample_bytree": 0.6019845742886014, "eta": 0.08665802459820274, "gamma": 524.7538151938049, "max_depth": 5.0, "min_child_weight": 3947.7609259548203, "num_boost_round": 12.0, "subsample": 0.965726874360804}, "datetime": {"datetime": "2024-01-20 14:31:47", "elapsed": 475.452423, "delta": 0.000923}}
{"target": -19.152875940480957, "params": {"colsample_bytree": 0.6019845742886014, "eta": 0.08665802459820274, "gamma": 524.7538151938049, "max_depth": 5.0, "min_child_weight": 3947.7609259548203, "num_boost_round": 13.0, "subsample": 0.965726874360804}, "datetime": {"datetime": "2024-01-20 14:31:47", "elapsed": 475.453349, "delta": 0.000926}}
{"target": -19.1543235353465, "params": {"colsample_bytree": 0.6019845742886014, "eta": 0.08665802459820274, "gamma": 524.7538151938049, "max_depth": 5.0, "min_child_weight": 3947.7609259548203, "num_boost_round": 14.0, "subsample": 0.965726874360804}, "datetime": {"datetime": "2024-01-20 14:31:47", "elapsed": 475.45427, "delta": 0.000921}}
{"target": -19.15577119627533, "params": {"colsample_bytree": 0.6019845742886014, "eta": 0.08665802459820274, "gamma": 524.7538151938049, "max_depth": 5.0, "min_child_weight": 3947.7609259548203, "num_boost_round": 15.0, "subsample": 0.965726874360804}, "datetime": {"datetime": "2024-01-20 14:31:47", "elapsed": 475.455235, "delta": 0.000965}}
{"target": -19.155775046236304, "params": {"colsample_bytree": 0.6019845742886014, "eta": 0.08665802459820274, "gamma": 524.7538151938049, "max_depth": 5.0, "min_child_weight": 3947.7609259548203, "num_boost_round": 16.0, "subsample": 0.965726874360804}, "datetime": {"datetime": "2024-01-20 14:31:47", "elapsed": 475.456172, "delta": 0.000937}}
{"target": -19.15654117776652, "params": {"colsample_bytree": 0.6019845742886014, "eta": 0.08665802459820274, "gamma": 524.7538151938049, "max_depth": 5.0, "min_child_weight": 3947.7609259548203, "num_boost_round": 17.0, "subsample": 0.965726874360804}, "datetime": {"datetime": "2024-01-20 14:31:47", "elapsed": 475.457099, "delta": 0.000927}}
{"target": -19.15731143639111, "params": {"colsample_bytree": 0.6019845742886014, "eta": 0.08665802459820274, "gamma": 524.7538151938049, "max_depth": 5.0, "min_child_weight": 3947.7609259548203, "num_boost_round": 18.0, "subsample": 0.965726874360804}, "datetime": {"datetime": "2024-01-20 14:31:47", "elapsed": 475.458025, "delta": 0.000926}}
{"target": -19.158064987325886, "params": {"colsample_bytree": 0.6019845742886014, "eta": 0.08665802459820274, "gamma": 524.7538151938049, "max_depth": 5.0, "min_child_weight": 3947.7609259548203, "num_boost_round": 19.0, "subsample": 0.965726874360804}, "datetime": {"datetime": "2024-01-20 14:31:47", "elapsed": 475.458951, "delta": 0.000926}}
{"target": -19.158211020989654, "params": {"colsample_bytree": 0.6019845742886014, "eta": 0.08665802459820274, "gamma": 524.7538151938049, "max_depth": 5.0, "min_child_weight": 3947.7609259548203, "num_boost_round": 20.0, "subsample": 0.965726874360804}, "datetime": {"datetime": "2024-01-20 14:31:47", "elapsed": 475.459877, "delta": 0.000926}}
{"target": -19.159538243236355, "params": {"colsample_bytree": 0.6019845742886014, "eta": 0.08665802459820274, "gamma": 524.7538151938049, "max_depth": 5.0, "min_child_weight": 3947.7609259548203, "num_boost_round": 21.0, "subsample": 0.965726874360804}, "datetime": {"datetime": "2024-01-20 14:31:47", "elapsed": 475.460804, "delta": 0.000927}}
{"target": -19.15990277712116, "params": {"colsample_bytree": 0.6019845742886014, "eta": 0.08665802459820274, "gamma": 524.7538151938049, "max_depth": 5.0, "min_child_weight": 3947.7609259548203, "num_boost_round": 22.0, "subsample": 0.965726874360804}, "datetime": {"datetime": "2024-01-20 14:31:47", "elapsed": 475.461732, "delta": 0.000928}}
{"target": -19.160092696963485, "params": {"colsample_bytree": 0.6019845742886014, "eta": 0.08665802459820274, "gamma": 524.7538151938049, "max_depth": 5.0, "min_child_weight": 3947.7609259548203, "num_boost_round": 23.0, "subsample": 0.965726874360804}, "datetime": {"datetime": "2024-01-20 14:31:47", "elapsed": 475.462737, "delta": 0.001005}}
{"target": -19.16059701051006, "params": {"colsample_bytree": 0.6019845742886014, "eta": 0.08665802459820274, "gamma": 524.7538151938049, "max_depth": 5.0, "min_child_weight": 3947.7609259548203, "num_boost_round": 24.0, "subsample": 0.965726874360804}, "datetime": {"datetime": "2024-01-20 14:31:47", "elapsed": 475.463668, "delta": 0.000931}}
{"target": -19.161320144488865, "params": {"colsample_bytree": 0.6019845742886014, "eta": 0.08665802459820274, "gamma": 524.7538151938049, "max_depth": 5.0, "min_child_weight": 3947.7609259548203, "num_boost_round": 25.0, "subsample": 0.965726874360804}, "datetime": {"datetime": "2024-01-20 14:31:47", "elapsed": 475.464604, "delta": 0.000936}}
{"target": -19.161496043025736, "params": {"colsample_bytree": 0.6019845742886014, "eta": 0.08665802459820274, "gamma": 524.7538151938049, "max_depth": 5.0, "min_child_weight": 3947.7609259548203, "num_boost_round": 26.0, "subsample": 0.965726874360804}, "datetime": {"datetime": "2024-01-20 14:31:47", "elapsed": 475.465534, "delta": 0.00093}}
{"target": -19.162321541492542, "params": {"colsample_bytree": 0.6019845742886014, "eta": 0.08665802459820274, "gamma": 524.7538151938049, "max_depth": 5.0, "min_child_weight": 3947.7609259548203, "num_boost_round": 27.0, "subsample": 0.965726874360804}, "datetime": {"datetime": "2024-01-20 14:31:47", "elapsed": 475.46664, "delta": 0.001106}}
{"target": -19.162888052408622, "params": {"colsample_bytree": 0.6019845742886014, "eta": 0.08665802459820274, "gamma": 524.7538151938049, "max_depth": 5.0, "min_child_weight": 3947.7609259548203, "num_boost_round": 28.0, "subsample": 0.965726874360804}, "datetime": {"datetime": "2024-01-20 14:31:47", "elapsed": 475.467689, "delta": 0.001049}}
{"target": -19.162989838870523, "params": {"colsample_bytree": 0.6019845742886014, "eta": 0.08665802459820274, "gamma": 524.7538151938049, "max_depth": 5.0, "min_child_weight": 3947.7609259548203, "num_boost_round": 29.0, "subsample": 0.965726874360804}, "datetime": {"datetime": "2024-01-20 14:31:47", "elapsed": 475.468761, "delta": 0.001072}}
{"target": -19.16308237571502, "params": {"colsample_bytree": 0.6019845742886014, "eta": 0.08665802459820274, "gamma": 524.7538151938049, "max_depth": 5.0, "min_child_weight": 3947.7609259548203, "num_boost_round": 30.0, "subsample": 0.965726874360804}, "datetime": {"datetime": "2024-01-20 14:31:47", "elapsed": 475.4697, "delta": 0.000939}}
{"target": -19.163327855690525, "params": {"colsample_bytree": 0.6019845742886014, "eta": 0.08665802459820274, "gamma": 524.7538151938049, "max_depth": 5.0, "min_child_weight": 3947.7609259548203, "num_boost_round": 31.0, "subsample": 0.965726874360804}, "datetime": {"datetime": "2024-01-20 14:31:47", "elapsed": 475.470645, "delta": 0.000945}}
{"target": -19.163399356629128, "params": {"colsample_bytree": 0.6019845742886014, "eta": 0.08665802459820274, "gamma": 524.7538151938049, "max_depth": 5.0, "min_child_weight": 3947.7609259548203, "num_boost_round": 32.0, "subsample": 0.965726874360804}, "datetime": {"datetime": "2024-01-20 14:31:47", "elapsed": 475.471582, "delta": 0.000937}}
{"target": -19.163505360594264, "params": {"colsample_bytree": 0.6019845742886014, "eta": 0.08665802459820274, "gamma": 524.7538151938049, "max_depth": 5.0, "min_child_weight": 3947.7609259548203, "num_boost_round": 33.0, "subsample": 0.965726874360804}, "datetime": {"datetime": "2024-01-20 14:31:47", "elapsed": 475.472521, "delta": 0.000939}}
{"target": -19.164326720226136, "params": {"colsample_bytree": 0.6019845742886014, "eta": 0.08665802459820274, "gamma": 524.7538151938049, "max_depth": 5.0, "min_child_weight": 3947.7609259548203, "num_boost_round": 34.0, "subsample": 0.965726874360804}, "datetime": {"datetime": "2024-01-20 14:31:47", "elapsed": 475.473459, "delta": 0.000938}}
{"target": -19.143121271109028, "params": {"colsample_bytree": 0.22640141192739205, "eta": 0.012085838870963237, "gamma": 497.37208250732476, "max_depth": 5.0, "min_child_weight": 4069.0309902031804, "num_boost_round": 1.0, "subsample": 0.1444751853615953}, "datetime": {"datetime": "2024-01-20 14:32:48", "elapsed": 536.741605, "delta": 61.268146}}
{"target": -19.143027019634285, "params": {"colsample_bytree": 0.22640141192739205, "eta": 0.012085838870963237, "gamma": 497.37208250732476, "max_depth": 5.0, "min_child_weight": 4069.0309902031804, "num_boost_round": 2.0, "subsample": 0.1444751853615953}, "datetime": {"datetime": "2024-01-20 14:32:48", "elapsed": 536.742923, "delta": 0.001318}}
{"target": -19.14304042316844, "params": {"colsample_bytree": 0.22640141192739205, "eta": 0.012085838870963237, "gamma": 497.37208250732476, "max_depth": 5.0, "min_child_weight": 4069.0309902031804, "num_boost_round": 3.0, "subsample": 0.1444751853615953}, "datetime": {"datetime": "2024-01-20 14:32:48", "elapsed": 536.744, "delta": 0.001077}}
{"target": -19.142931290411674, "params": {"colsample_bytree": 0.22640141192739205, "eta": 0.012085838870963237, "gamma": 497.37208250732476, "max_depth": 5.0, "min_child_weight": 4069.0309902031804, "num_boost_round": 4.0, "subsample": 0.1444751853615953}, "datetime": {"datetime": "2024-01-20 14:32:48", "elapsed": 536.744953, "delta": 0.000953}}
{"target": -19.142910136562094, "params": {"colsample_bytree": 0.22640141192739205, "eta": 0.012085838870963237, "gamma": 497.37208250732476, "max_depth": 5.0, "min_child_weight": 4069.0309902031804, "num_boost_round": 5.0, "subsample": 0.1444751853615953}, "datetime": {"datetime": "2024-01-20 14:32:48", "elapsed": 536.745898, "delta": 0.000945}}
{"target": -19.142868673402837, "params": {"colsample_bytree": 0.22640141192739205, "eta": 0.012085838870963237, "gamma": 497.37208250732476, "max_depth": 5.0, "min_child_weight": 4069.0309902031804, "num_boost_round": 6.0, "subsample": 0.1444751853615953}, "datetime": {"datetime": "2024-01-20 14:32:48", "elapsed": 536.746935, "delta": 0.001037}}
{"target": -19.142908117505332, "params": {"colsample_bytree": 0.22640141192739205, "eta": 0.012085838870963237, "gamma": 497.37208250732476, "max_depth": 5.0, "min_child_weight": 4069.0309902031804, "num_boost_round": 7.0, "subsample": 0.1444751853615953}, "datetime": {"datetime": "2024-01-20 14:32:48", "elapsed": 536.747944, "delta": 0.001009}}
{"target": -19.142766322597964, "params": {"colsample_bytree": 0.22640141192739205, "eta": 0.012085838870963237, "gamma": 497.37208250732476, "max_depth": 5.0, "min_child_weight": 4069.0309902031804, "num_boost_round": 8.0, "subsample": 0.1444751853615953}, "datetime": {"datetime": "2024-01-20 14:32:48", "elapsed": 536.749184, "delta": 0.00124}}
{"target": -19.142736373919462, "params": {"colsample_bytree": 0.22640141192739205, "eta": 0.012085838870963237, "gamma": 497.37208250732476, "max_depth": 5.0, "min_child_weight": 4069.0309902031804, "num_boost_round": 9.0, "subsample": 0.1444751853615953}, "datetime": {"datetime": "2024-01-20 14:32:48", "elapsed": 536.750151, "delta": 0.000967}}
{"target": -19.142692493322137, "params": {"colsample_bytree": 0.22640141192739205, "eta": 0.012085838870963237, "gamma": 497.37208250732476, "max_depth": 5.0, "min_child_weight": 4069.0309902031804, "num_boost_round": 10.0, "subsample": 0.1444751853615953}, "datetime": {"datetime": "2024-01-20 14:32:48", "elapsed": 536.751105, "delta": 0.000954}}
{"target": -19.142591175911353, "params": {"colsample_bytree": 0.22640141192739205, "eta": 0.012085838870963237, "gamma": 497.37208250732476, "max_depth": 5.0, "min_child_weight": 4069.0309902031804, "num_boost_round": 11.0, "subsample": 0.1444751853615953}, "datetime": {"datetime": "2024-01-20 14:32:48", "elapsed": 536.752056, "delta": 0.000951}}
{"target": -19.142630219249597, "params": {"colsample_bytree": 0.22640141192739205, "eta": 0.012085838870963237, "gamma": 497.37208250732476, "max_depth": 5.0, "min_child_weight": 4069.0309902031804, "num_boost_round": 12.0, "subsample": 0.1444751853615953}, "datetime": {"datetime": "2024-01-20 14:32:48", "elapsed": 536.753004, "delta": 0.000948}}
{"target": -19.14262919142971, "params": {"colsample_bytree": 0.22640141192739205, "eta": 0.012085838870963237, "gamma": 497.37208250732476, "max_depth": 5.0, "min_child_weight": 4069.0309902031804, "num_boost_round": 13.0, "subsample": 0.1444751853615953}, "datetime": {"datetime": "2024-01-20 14:32:48", "elapsed": 536.75396, "delta": 0.000956}}
{"target": -19.142580561096594, "params": {"colsample_bytree": 0.22640141192739205, "eta": 0.012085838870963237, "gamma": 497.37208250732476, "max_depth": 5.0, "min_child_weight": 4069.0309902031804, "num_boost_round": 14.0, "subsample": 0.1444751853615953}, "datetime": {"datetime": "2024-01-20 14:32:48", "elapsed": 536.754906, "delta": 0.000946}}
