{"target": -12.344622543929747, "params": {"colsample_bytree": 0.3662857276558953, "eta": 0.061175371911254016, "gamma": 510.4333462643348, "max_depth": 3.0, "min_child_weight": 4222.5744755664155, "num_boost_round": 28.0, "subsample": 0.8537301740933692}, "datetime": {"datetime": "2024-01-20 15:09:48", "elapsed": 2754.320858, "delta": 0.003725}}
{"target": -12.344305225341529, "params": {"colsample_bytree": 0.3662857276558953, "eta": 0.061175371911254016, "gamma": 510.4333462643348, "max_depth": 3.0, "min_child_weight": 4222.5744755664155, "num_boost_round": 29.0, "subsample": 0.8537301740933692}, "datetime": {"datetime": "2024-01-20 15:09:48", "elapsed": 2754.324557, "delta": 0.003699}}
{"target": -12.34385206541429, "params": {"colsample_bytree": 0.3662857276558953, "eta": 0.061175371911254016, "gamma": 510.4333462643348, "max_depth": 3.0, "min_child_weight": 4222.5744755664155, "num_boost_round": 30.0, "subsample": 0.8537301740933692}, "datetime": {"datetime": "2024-01-20 15:09:48", "elapsed": 2754.328257, "delta": 0.0037}}
{"target": -12.34266997842106, "params": {"colsample_bytree": 0.3662857276558953, "eta": 0.061175371911254016, "gamma": 510.4333462643348, "max_depth": 3.0, "min_child_weight": 4222.5744755664155, "num_boost_round": 31.0, "subsample": 0.8537301740933692}, "datetime": {"datetime": "2024-01-20 15:09:48", "elapsed": 2754.332006, "delta": 0.003749}}
{"target": -12.34296939045495, "params": {"colsample_bytree": 0.3662857276558953, "eta": 0.061175371911254016, "gamma": 510.4333462643348, "max_depth": 3.0, "min_child_weight": 4222.5744755664155, "num_boost_round": 32.0, "subsample": 0.8537301740933692}, "datetime": {"datetime": "2024-01-20 15:09:48", "elapsed": 2754.335644, "delta": 0.003638}}
{"target": -12.343134941515116, "params": {"colsample_bytree": 0.3662857276558953, "eta": 0.061175371911254016, "gamma": 510.4333462643348, "max_depth": 3.0, "min_child_weight": 4222.5744755664155, "num_boost_round": 33.0, "subsample": 0.8537301740933692}, "datetime": {"datetime": "2024-01-20 15:09:48", "elapsed": 2754.3393, "delta": 0.003656}}
{"target": -12.343019748524668, "params": {"colsample_bytree": 0.3662857276558953, "eta": 0.061175371911254016, "gamma": 510.4333462643348, "max_depth": 3.0, "min_child_weight": 4222.5744755664155, "num_boost_round": 34.0, "subsample": 0.8537301740933692}, "datetime": {"datetime": "2024-01-20 15:09:48", "elapsed": 2754.34302, "delta": 0.00372}}
{"target": -12.342745968422603, "params": {"colsample_bytree": 0.3662857276558953, "eta": 0.061175371911254016, "gamma": 510.4333462643348, "max_depth": 3.0, "min_child_weight": 4222.5744755664155, "num_boost_round": 35.0, "subsample": 0.8537301740933692}, "datetime": {"datetime": "2024-01-20 15:09:48", "elapsed": 2754.346673, "delta": 0.003653}}
{"target": -12.342734734977716, "params": {"colsample_bytree": 0.3662857276558953, "eta": 0.061175371911254016, "gamma": 510.4333462643348, "max_depth": 3.0, "min_child_weight": 4222.5744755664155, "num_boost_round": 36.0, "subsample": 0.8537301740933692}, "datetime": {"datetime": "2024-01-20 15:09:48", "elapsed": 2754.35075, "delta": 0.004077}}
{"target": -12.342873863985455, "params": {"colsample_bytree": 0.3662857276558953, "eta": 0.061175371911254016, "gamma": 510.4333462643348, "max_depth": 3.0, "min_child_weight": 4222.5744755664155, "num_boost_round": 37.0, "subsample": 0.8537301740933692}, "datetime": {"datetime": "2024-01-20 15:09:48", "elapsed": 2754.355379, "delta": 0.004629}}
{"target": -12.342772111506157, "params": {"colsample_bytree": 0.3662857276558953, "eta": 0.061175371911254016, "gamma": 510.4333462643348, "max_depth": 3.0, "min_child_weight": 4222.5744755664155, "num_boost_round": 38.0, "subsample": 0.8537301740933692}, "datetime": {"datetime": "2024-01-20 15:09:48", "elapsed": 2754.359672, "delta": 0.004293}}
{"target": -12.35606665309343, "params": {"colsample_bytree": 0.8144357149401079, "eta": 0.04625312883168494, "gamma": 512.1177065077503, "max_depth": 2.0, "min_child_weight": 4253.198653551174, "num_boost_round": 1.0, "subsample": 0.6993819355726266}, "datetime": {"datetime": "2024-01-20 15:10:33", "elapsed": 2799.800458, "delta": 45.440786}}
{"target": -12.353736162313501, "params": {"colsample_bytree": 0.8144357149401079, "eta": 0.04625312883168494, "gamma": 512.1177065077503, "max_depth": 2.0, "min_child_weight": 4253.198653551174, "num_boost_round": 2.0, "subsample": 0.6993819355726266}, "datetime": {"datetime": "2024-01-20 15:10:33", "elapsed": 2799.806423, "delta": 0.005965}}
{"target": -12.351683230364346, "params": {"colsample_bytree": 0.8144357149401079, "eta": 0.04625312883168494, "gamma": 512.1177065077503, "max_depth": 2.0, "min_child_weight": 4253.198653551174, "num_boost_round": 3.0, "subsample": 0.6993819355726266}, "datetime": {"datetime": "2024-01-20 15:10:33", "elapsed": 2799.812143, "delta": 0.00572}}
{"target": -12.349832241897074, "params": {"colsample_bytree": 0.8144357149401079, "eta": 0.04625312883168494, "gamma": 512.1177065077503, "max_depth": 2.0, "min_child_weight": 4253.198653551174, "num_boost_round": 4.0, "subsample": 0.6993819355726266}, "datetime": {"datetime": "2024-01-20 15:10:33", "elapsed": 2799.818067, "delta": 0.005924}}
{"target": -12.348132450540987, "params": {"colsample_bytree": 0.8144357149401079, "eta": 0.04625312883168494, "gamma": 512.1177065077503, "max_depth": 2.0, "min_child_weight": 4253.198653551174, "num_boost_round": 5.0, "subsample": 0.6993819355726266}, "datetime": {"datetime": "2024-01-20 15:10:33", "elapsed": 2799.823604, "delta": 0.005537}}
{"target": -12.346690063426893, "params": {"colsample_bytree": 0.8144357149401079, "eta": 0.04625312883168494, "gamma": 512.1177065077503, "max_depth": 2.0, "min_child_weight": 4253.198653551174, "num_boost_round": 6.0, "subsample": 0.6993819355726266}, "datetime": {"datetime": "2024-01-20 15:10:33", "elapsed": 2799.829701, "delta": 0.006097}}
{"target": -12.345469338895388, "params": {"colsample_bytree": 0.8144357149401079, "eta": 0.04625312883168494, "gamma": 512.1177065077503, "max_depth": 2.0, "min_child_weight": 4253.198653551174, "num_boost_round": 7.0, "subsample": 0.6993819355726266}, "datetime": {"datetime": "2024-01-20 15:10:33", "elapsed": 2799.834756, "delta": 0.005055}}
{"target": -12.344919529597263, "params": {"colsample_bytree": 0.8144357149401079, "eta": 0.04625312883168494, "gamma": 512.1177065077503, "max_depth": 2.0, "min_child_weight": 4253.198653551174, "num_boost_round": 8.0, "subsample": 0.6993819355726266}, "datetime": {"datetime": "2024-01-20 15:10:33", "elapsed": 2799.839348, "delta": 0.004592}}
{"target": -12.343903524045828, "params": {"colsample_bytree": 0.8144357149401079, "eta": 0.04625312883168494, "gamma": 512.1177065077503, "max_depth": 2.0, "min_child_weight": 4253.198653551174, "num_boost_round": 9.0, "subsample": 0.6993819355726266}, "datetime": {"datetime": "2024-01-20 15:10:33", "elapsed": 2799.843543, "delta": 0.004195}}
{"target": -12.34305378011784, "params": {"colsample_bytree": 0.8144357149401079, "eta": 0.04625312883168494, "gamma": 512.1177065077503, "max_depth": 2.0, "min_child_weight": 4253.198653551174, "num_boost_round": 10.0, "subsample": 0.6993819355726266}, "datetime": {"datetime": "2024-01-20 15:10:33", "elapsed": 2799.847817, "delta": 0.004274}}
{"target": -12.3425480835167, "params": {"colsample_bytree": 0.8144357149401079, "eta": 0.04625312883168494, "gamma": 512.1177065077503, "max_depth": 2.0, "min_child_weight": 4253.198653551174, "num_boost_round": 11.0, "subsample": 0.6993819355726266}, "datetime": {"datetime": "2024-01-20 15:10:33", "elapsed": 2799.852416, "delta": 0.004599}}
{"target": -12.341669928351077, "params": {"colsample_bytree": 0.8144357149401079, "eta": 0.04625312883168494, "gamma": 512.1177065077503, "max_depth": 2.0, "min_child_weight": 4253.198653551174, "num_boost_round": 12.0, "subsample": 0.6993819355726266}, "datetime": {"datetime": "2024-01-20 15:10:33", "elapsed": 2799.856865, "delta": 0.004449}}
{"target": -12.340961507021193, "params": {"colsample_bytree": 0.8144357149401079, "eta": 0.04625312883168494, "gamma": 512.1177065077503, "max_depth": 2.0, "min_child_weight": 4253.198653551174, "num_boost_round": 13.0, "subsample": 0.6993819355726266}, "datetime": {"datetime": "2024-01-20 15:10:33", "elapsed": 2799.86132, "delta": 0.004455}}
{"target": -12.340419667177514, "params": {"colsample_bytree": 0.8144357149401079, "eta": 0.04625312883168494, "gamma": 512.1177065077503, "max_depth": 2.0, "min_child_weight": 4253.198653551174, "num_boost_round": 14.0, "subsample": 0.6993819355726266}, "datetime": {"datetime": "2024-01-20 15:10:33", "elapsed": 2799.865859, "delta": 0.004539}}
{"target": -12.33996207072648, "params": {"colsample_bytree": 0.8144357149401079, "eta": 0.04625312883168494, "gamma": 512.1177065077503, "max_depth": 2.0, "min_child_weight": 4253.198653551174, "num_boost_round": 15.0, "subsample": 0.6993819355726266}, "datetime": {"datetime": "2024-01-20 15:10:33", "elapsed": 2799.870252, "delta": 0.004393}}
{"target": -12.339185882604056, "params": {"colsample_bytree": 0.8144357149401079, "eta": 0.04625312883168494, "gamma": 512.1177065077503, "max_depth": 2.0, "min_child_weight": 4253.198653551174, "num_boost_round": 16.0, "subsample": 0.6993819355726266}, "datetime": {"datetime": "2024-01-20 15:10:33", "elapsed": 2799.874696, "delta": 0.004444}}
{"target": -12.339160497193033, "params": {"colsample_bytree": 0.8144357149401079, "eta": 0.04625312883168494, "gamma": 512.1177065077503, "max_depth": 2.0, "min_child_weight": 4253.198653551174, "num_boost_round": 17.0, "subsample": 0.6993819355726266}, "datetime": {"datetime": "2024-01-20 15:10:33", "elapsed": 2799.879197, "delta": 0.004501}}
{"target": -12.338851804729767, "params": {"colsample_bytree": 0.8144357149401079, "eta": 0.04625312883168494, "gamma": 512.1177065077503, "max_depth": 2.0, "min_child_weight": 4253.198653551174, "num_boost_round": 18.0, "subsample": 0.6993819355726266}, "datetime": {"datetime": "2024-01-20 15:10:33", "elapsed": 2799.883614, "delta": 0.004417}}
{"target": -12.33914733780348, "params": {"colsample_bytree": 0.8144357149401079, "eta": 0.04625312883168494, "gamma": 512.1177065077503, "max_depth": 2.0, "min_child_weight": 4253.198653551174, "num_boost_round": 19.0, "subsample": 0.6993819355726266}, "datetime": {"datetime": "2024-01-20 15:10:33", "elapsed": 2799.888061, "delta": 0.004447}}
{"target": -12.339031905165958, "params": {"colsample_bytree": 0.8144357149401079, "eta": 0.04625312883168494, "gamma": 512.1177065077503, "max_depth": 2.0, "min_child_weight": 4253.198653551174, "num_boost_round": 20.0, "subsample": 0.6993819355726266}, "datetime": {"datetime": "2024-01-20 15:10:33", "elapsed": 2799.893349, "delta": 0.005288}}
{"target": -12.338572284951438, "params": {"colsample_bytree": 0.8144357149401079, "eta": 0.04625312883168494, "gamma": 512.1177065077503, "max_depth": 2.0, "min_child_weight": 4253.198653551174, "num_boost_round": 21.0, "subsample": 0.6993819355726266}, "datetime": {"datetime": "2024-01-20 15:10:33", "elapsed": 2799.897899, "delta": 0.00455}}
{"target": -12.338409926705042, "params": {"colsample_bytree": 0.8144357149401079, "eta": 0.04625312883168494, "gamma": 512.1177065077503, "max_depth": 2.0, "min_child_weight": 4253.198653551174, "num_boost_round": 22.0, "subsample": 0.6993819355726266}, "datetime": {"datetime": "2024-01-20 15:10:33", "elapsed": 2799.902343, "delta": 0.004444}}
{"target": -12.33835783311659, "params": {"colsample_bytree": 0.8144357149401079, "eta": 0.04625312883168494, "gamma": 512.1177065077503, "max_depth": 2.0, "min_child_weight": 4253.198653551174, "num_boost_round": 23.0, "subsample": 0.6993819355726266}, "datetime": {"datetime": "2024-01-20 15:10:33", "elapsed": 2799.906887, "delta": 0.004544}}
{"target": -12.357066703802262, "params": {"colsample_bytree": 0.9544414818919789, "eta": 0.027143125389903662, "gamma": 508.6972966606711, "max_depth": 2.0, "min_child_weight": 4244.6994949056125, "num_boost_round": 1.0, "subsample": 0.7422073971336164}, "datetime": {"datetime": "2024-01-20 15:11:28", "elapsed": 2854.392953, "delta": 54.486066}}
{"target": -12.35561545797042, "params": {"colsample_bytree": 0.9544414818919789, "eta": 0.027143125389903662, "gamma": 508.6972966606711, "max_depth": 2.0, "min_child_weight": 4244.6994949056125, "num_boost_round": 2.0, "subsample": 0.7422073971336164}, "datetime": {"datetime": "2024-01-20 15:11:28", "elapsed": 2854.397755, "delta": 0.004802}}
{"target": -12.354235367800115, "params": {"colsample_bytree": 0.9544414818919789, "eta": 0.027143125389903662, "gamma": 508.6972966606711, "max_depth": 2.0, "min_child_weight": 4244.6994949056125, "num_boost_round": 3.0, "subsample": 0.7422073971336164}, "datetime": {"datetime": "2024-01-20 15:11:28", "elapsed": 2854.401705, "delta": 0.00395}}
{"target": -12.352972133041215, "params": {"colsample_bytree": 0.9544414818919789, "eta": 0.027143125389903662, "gamma": 508.6972966606711, "max_depth": 2.0, "min_child_weight": 4244.6994949056125, "num_boost_round": 4.0, "subsample": 0.7422073971336164}, "datetime": {"datetime": "2024-01-20 15:11:28", "elapsed": 2854.405545, "delta": 0.00384}}
{"target": -12.351794755124384, "params": {"colsample_bytree": 0.9544414818919789, "eta": 0.027143125389903662, "gamma": 508.6972966606711, "max_depth": 2.0, "min_child_weight": 4244.6994949056125, "num_boost_round": 5.0, "subsample": 0.7422073971336164}, "datetime": {"datetime": "2024-01-20 15:11:28", "elapsed": 2854.409352, "delta": 0.003807}}
{"target": -12.350643343236225, "params": {"colsample_bytree": 0.9544414818919789, "eta": 0.027143125389903662, "gamma": 508.6972966606711, "max_depth": 2.0, "min_child_weight": 4244.6994949056125, "num_boost_round": 6.0, "subsample": 0.7422073971336164}, "datetime": {"datetime": "2024-01-20 15:11:28", "elapsed": 2854.4131, "delta": 0.003748}}
{"target": -12.349632083070967, "params": {"colsample_bytree": 0.9544414818919789, "eta": 0.027143125389903662, "gamma": 508.6972966606711, "max_depth": 2.0, "min_child_weight": 4244.6994949056125, "num_boost_round": 7.0, "subsample": 0.7422073971336164}, "datetime": {"datetime": "2024-01-20 15:11:28", "elapsed": 2854.416929, "delta": 0.003829}}
{"target": -12.348643068504789, "params": {"colsample_bytree": 0.9544414818919789, "eta": 0.027143125389903662, "gamma": 508.6972966606711, "max_depth": 2.0, "min_child_weight": 4244.6994949056125, "num_boost_round": 8.0, "subsample": 0.7422073971336164}, "datetime": {"datetime": "2024-01-20 15:11:28", "elapsed": 2854.421064, "delta": 0.004135}}
{"target": -12.347724773607622, "params": {"colsample_bytree": 0.9544414818919789, "eta": 0.027143125389903662, "gamma": 508.6972966606711, "max_depth": 2.0, "min_child_weight": 4244.6994949056125, "num_boost_round": 9.0, "subsample": 0.7422073971336164}, "datetime": {"datetime": "2024-01-20 15:11:28", "elapsed": 2854.424936, "delta": 0.003872}}
{"target": -12.346922920443193, "params": {"colsample_bytree": 0.9544414818919789, "eta": 0.027143125389903662, "gamma": 508.6972966606711, "max_depth": 2.0, "min_child_weight": 4244.6994949056125, "num_boost_round": 10.0, "subsample": 0.7422073971336164}, "datetime": {"datetime": "2024-01-20 15:11:28", "elapsed": 2854.428916, "delta": 0.00398}}
{"target": -12.346119040860799, "params": {"colsample_bytree": 0.9544414818919789, "eta": 0.027143125389903662, "gamma": 508.6972966606711, "max_depth": 2.0, "min_child_weight": 4244.6994949056125, "num_boost_round": 11.0, "subsample": 0.7422073971336164}, "datetime": {"datetime": "2024-01-20 15:11:28", "elapsed": 2854.432747, "delta": 0.003831}}
{"target": -12.34539285736139, "params": {"colsample_bytree": 0.9544414818919789, "eta": 0.027143125389903662, "gamma": 508.6972966606711, "max_depth": 2.0, "min_child_weight": 4244.6994949056125, "num_boost_round": 12.0, "subsample": 0.7422073971336164}, "datetime": {"datetime": "2024-01-20 15:11:28", "elapsed": 2854.436531, "delta": 0.003784}}
{"target": -12.354423723248205, "params": {"colsample_bytree": 0.8165436539579983, "eta": 0.07106833346103268, "gamma": 596.6311397435388, "max_depth": 5.0, "min_child_weight": 4269.529045449445, "num_boost_round": 1.0, "subsample": 0.9940984679505267}, "datetime": {"datetime": "2024-01-20 15:12:25", "elapsed": 2911.614522, "delta": 57.177991}}
{"target": -12.351405708186636, "params": {"colsample_bytree": 0.8165436539579983, "eta": 0.07106833346103268, "gamma": 596.6311397435388, "max_depth": 5.0, "min_child_weight": 4269.529045449445, "num_boost_round": 2.0, "subsample": 0.9940984679505267}, "datetime": {"datetime": "2024-01-20 15:12:25", "elapsed": 2911.619938, "delta": 0.005416}}
{"target": -12.348626426428638, "params": {"colsample_bytree": 0.8165436539579983, "eta": 0.07106833346103268, "gamma": 596.6311397435388, "max_depth": 5.0, "min_child_weight": 4269.529045449445, "num_boost_round": 3.0, "subsample": 0.9940984679505267}, "datetime": {"datetime": "2024-01-20 15:12:25", "elapsed": 2911.623995, "delta": 0.004057}}
{"target": -12.346777428557425, "params": {"colsample_bytree": 0.8165436539579983, "eta": 0.07106833346103268, "gamma": 596.6311397435388, "max_depth": 5.0, "min_child_weight": 4269.529045449445, "num_boost_round": 4.0, "subsample": 0.9940984679505267}, "datetime": {"datetime": "2024-01-20 15:12:25", "elapsed": 2911.628017, "delta": 0.004022}}
{"target": -12.344768850499001, "params": {"colsample_bytree": 0.8165436539579983, "eta": 0.07106833346103268, "gamma": 596.6311397435388, "max_depth": 5.0, "min_child_weight": 4269.529045449445, "num_boost_round": 5.0, "subsample": 0.9940984679505267}, "datetime": {"datetime": "2024-01-20 15:12:25", "elapsed": 2911.632007, "delta": 0.00399}}
{"target": -12.343542494590316, "params": {"colsample_bytree": 0.8165436539579983, "eta": 0.07106833346103268, "gamma": 596.6311397435388, "max_depth": 5.0, "min_child_weight": 4269.529045449445, "num_boost_round": 6.0, "subsample": 0.9940984679505267}, "datetime": {"datetime": "2024-01-20 15:12:25", "elapsed": 2911.635975, "delta": 0.003968}}
{"target": -12.342506442774908, "params": {"colsample_bytree": 0.8165436539579983, "eta": 0.07106833346103268, "gamma": 596.6311397435388, "max_depth": 5.0, "min_child_weight": 4269.529045449445, "num_boost_round": 7.0, "subsample": 0.9940984679505267}, "datetime": {"datetime": "2024-01-20 15:12:25", "elapsed": 2911.640142, "delta": 0.004167}}
{"target": -12.342205866772353, "params": {"colsample_bytree": 0.8165436539579983, "eta": 0.07106833346103268, "gamma": 596.6311397435388, "max_depth": 5.0, "min_child_weight": 4269.529045449445, "num_boost_round": 8.0, "subsample": 0.9940984679505267}, "datetime": {"datetime": "2024-01-20 15:12:25", "elapsed": 2911.644249, "delta": 0.004107}}
{"target": -12.341766536104238, "params": {"colsample_bytree": 0.8165436539579983, "eta": 0.07106833346103268, "gamma": 596.6311397435388, "max_depth": 5.0, "min_child_weight": 4269.529045449445, "num_boost_round": 9.0, "subsample": 0.9940984679505267}, "datetime": {"datetime": "2024-01-20 15:12:25", "elapsed": 2911.648262, "delta": 0.004013}}
{"target": -12.341226459256346, "params": {"colsample_bytree": 0.8165436539579983, "eta": 0.07106833346103268, "gamma": 596.6311397435388, "max_depth": 5.0, "min_child_weight": 4269.529045449445, "num_boost_round": 10.0, "subsample": 0.9940984679505267}, "datetime": {"datetime": "2024-01-20 15:12:25", "elapsed": 2911.652253, "delta": 0.003991}}
{"target": -12.340834930909944, "params": {"colsample_bytree": 0.8165436539579983, "eta": 0.07106833346103268, "gamma": 596.6311397435388, "max_depth": 5.0, "min_child_weight": 4269.529045449445, "num_boost_round": 11.0, "subsample": 0.9940984679505267}, "datetime": {"datetime": "2024-01-20 15:12:25", "elapsed": 2911.65623, "delta": 0.003977}}
{"target": -12.340866679294951, "params": {"colsample_bytree": 0.8165436539579983, "eta": 0.07106833346103268, "gamma": 596.6311397435388, "max_depth": 5.0, "min_child_weight": 4269.529045449445, "num_boost_round": 12.0, "subsample": 0.9940984679505267}, "datetime": {"datetime": "2024-01-20 15:12:25", "elapsed": 2911.660249, "delta": 0.004019}}
{"target": -12.340266897369185, "params": {"colsample_bytree": 0.8165436539579983, "eta": 0.07106833346103268, "gamma": 596.6311397435388, "max_depth": 5.0, "min_child_weight": 4269.529045449445, "num_boost_round": 13.0, "subsample": 0.9940984679505267}, "datetime": {"datetime": "2024-01-20 15:12:25", "elapsed": 2911.664246, "delta": 0.003997}}
{"target": -12.339973355667537, "params": {"colsample_bytree": 0.8165436539579983, "eta": 0.07106833346103268, "gamma": 596.6311397435388, "max_depth": 5.0, "min_child_weight": 4269.529045449445, "num_boost_round": 14.0, "subsample": 0.9940984679505267}, "datetime": {"datetime": "2024-01-20 15:12:25", "elapsed": 2911.668224, "delta": 0.003978}}
{"target": -12.339934877008666, "params": {"colsample_bytree": 0.8165436539579983, "eta": 0.07106833346103268, "gamma": 596.6311397435388, "max_depth": 5.0, "min_child_weight": 4269.529045449445, "num_boost_round": 15.0, "subsample": 0.9940984679505267}, "datetime": {"datetime": "2024-01-20 15:12:25", "elapsed": 2911.672128, "delta": 0.003904}}
{"target": -12.340391154708602, "params": {"colsample_bytree": 0.8165436539579983, "eta": 0.07106833346103268, "gamma": 596.6311397435388, "max_depth": 5.0, "min_child_weight": 4269.529045449445, "num_boost_round": 16.0, "subsample": 0.9940984679505267}, "datetime": {"datetime": "2024-01-20 15:12:25", "elapsed": 2911.676049, "delta": 0.003921}}
{"target": -12.340748711792564, "params": {"colsample_bytree": 0.8165436539579983, "eta": 0.07106833346103268, "gamma": 596.6311397435388, "max_depth": 5.0, "min_child_weight": 4269.529045449445, "num_boost_round": 17.0, "subsample": 0.9940984679505267}, "datetime": {"datetime": "2024-01-20 15:12:25", "elapsed": 2911.680164, "delta": 0.004115}}
