{"target": -12.351263232260024, "params": {"colsample_bytree": 0.24760443653928568, "eta": 0.06340474646058716, "gamma": 525.0193910105847, "max_depth": 6.0, "min_child_weight": 4213.682176423993, "num_boost_round": 7.0, "subsample": 0.7422522335473848}, "datetime": {"datetime": "2024-01-20 14:27:37", "elapsed": 224.249778, "delta": 0.000659}}
{"target": -12.35007670968763, "params": {"colsample_bytree": 0.24760443653928568, "eta": 0.06340474646058716, "gamma": 525.0193910105847, "max_depth": 6.0, "min_child_weight": 4213.682176423993, "num_boost_round": 8.0, "subsample": 0.7422522335473848}, "datetime": {"datetime": "2024-01-20 14:27:37", "elapsed": 224.255223, "delta": 0.005445}}
{"target": -12.350170006934484, "params": {"colsample_bytree": 0.24760443653928568, "eta": 0.06340474646058716, "gamma": 525.0193910105847, "max_depth": 6.0, "min_child_weight": 4213.682176423993, "num_boost_round": 9.0, "subsample": 0.7422522335473848}, "datetime": {"datetime": "2024-01-20 14:27:37", "elapsed": 224.255822, "delta": 0.000599}}
{"target": -12.34997707082345, "params": {"colsample_bytree": 0.24760443653928568, "eta": 0.06340474646058716, "gamma": 525.0193910105847, "max_depth": 6.0, "min_child_weight": 4213.682176423993, "num_boost_round": 10.0, "subsample": 0.7422522335473848}, "datetime": {"datetime": "2024-01-20 14:27:37", "elapsed": 224.256553, "delta": 0.000731}}
{"target": -12.349133043870697, "params": {"colsample_bytree": 0.24760443653928568, "eta": 0.06340474646058716, "gamma": 525.0193910105847, "max_depth": 6.0, "min_child_weight": 4213.682176423993, "num_boost_round": 11.0, "subsample": 0.7422522335473848}, "datetime": {"datetime": "2024-01-20 14:27:37", "elapsed": 224.257374, "delta": 0.000821}}
{"target": -12.34862928657554, "params": {"colsample_bytree": 0.24760443653928568, "eta": 0.06340474646058716, "gamma": 525.0193910105847, "max_depth": 6.0, "min_child_weight": 4213.682176423993, "num_boost_round": 12.0, "subsample": 0.7422522335473848}, "datetime": {"datetime": "2024-01-20 14:27:37", "elapsed": 224.257998, "delta": 0.000624}}
{"target": -12.348723326501341, "params": {"colsample_bytree": 0.24760443653928568, "eta": 0.06340474646058716, "gamma": 525.0193910105847, "max_depth": 6.0, "min_child_weight": 4213.682176423993, "num_boost_round": 13.0, "subsample": 0.7422522335473848}, "datetime": {"datetime": "2024-01-20 14:27:37", "elapsed": 224.258686, "delta": 0.000688}}
{"target": -12.348753127745356, "params": {"colsample_bytree": 0.24760443653928568, "eta": 0.06340474646058716, "gamma": 525.0193910105847, "max_depth": 6.0, "min_child_weight": 4213.682176423993, "num_boost_round": 14.0, "subsample": 0.7422522335473848}, "datetime": {"datetime": "2024-01-20 14:27:37", "elapsed": 224.259303, "delta": 0.000617}}
{"target": -12.347686726680477, "params": {"colsample_bytree": 0.24760443653928568, "eta": 0.06340474646058716, "gamma": 525.0193910105847, "max_depth": 6.0, "min_child_weight": 4213.682176423993, "num_boost_round": 15.0, "subsample": 0.7422522335473848}, "datetime": {"datetime": "2024-01-20 14:27:37", "elapsed": 224.260522, "delta": 0.001219}}
{"target": -12.346946234733217, "params": {"colsample_bytree": 0.24760443653928568, "eta": 0.06340474646058716, "gamma": 525.0193910105847, "max_depth": 6.0, "min_child_weight": 4213.682176423993, "num_boost_round": 16.0, "subsample": 0.7422522335473848}, "datetime": {"datetime": "2024-01-20 14:27:37", "elapsed": 224.261231, "delta": 0.000709}}
{"target": -12.34725163572891, "params": {"colsample_bytree": 0.24760443653928568, "eta": 0.06340474646058716, "gamma": 525.0193910105847, "max_depth": 6.0, "min_child_weight": 4213.682176423993, "num_boost_round": 17.0, "subsample": 0.7422522335473848}, "datetime": {"datetime": "2024-01-20 14:27:37", "elapsed": 224.262151, "delta": 0.00092}}
{"target": -12.34737134631095, "params": {"colsample_bytree": 0.24760443653928568, "eta": 0.06340474646058716, "gamma": 525.0193910105847, "max_depth": 6.0, "min_child_weight": 4213.682176423993, "num_boost_round": 18.0, "subsample": 0.7422522335473848}, "datetime": {"datetime": "2024-01-20 14:27:37", "elapsed": 224.262912, "delta": 0.000761}}
{"target": -12.34709843727412, "params": {"colsample_bytree": 0.24760443653928568, "eta": 0.06340474646058716, "gamma": 525.0193910105847, "max_depth": 6.0, "min_child_weight": 4213.682176423993, "num_boost_round": 19.0, "subsample": 0.7422522335473848}, "datetime": {"datetime": "2024-01-20 14:27:37", "elapsed": 224.263713, "delta": 0.000801}}
{"target": -12.347208184396795, "params": {"colsample_bytree": 0.24760443653928568, "eta": 0.06340474646058716, "gamma": 525.0193910105847, "max_depth": 6.0, "min_child_weight": 4213.682176423993, "num_boost_round": 20.0, "subsample": 0.7422522335473848}, "datetime": {"datetime": "2024-01-20 14:27:37", "elapsed": 224.264428, "delta": 0.000715}}
{"target": -12.347245950367945, "params": {"colsample_bytree": 0.24760443653928568, "eta": 0.06340474646058716, "gamma": 525.0193910105847, "max_depth": 6.0, "min_child_weight": 4213.682176423993, "num_boost_round": 21.0, "subsample": 0.7422522335473848}, "datetime": {"datetime": "2024-01-20 14:27:37", "elapsed": 224.265052, "delta": 0.000624}}
{"target": -12.347313252710041, "params": {"colsample_bytree": 0.24760443653928568, "eta": 0.06340474646058716, "gamma": 525.0193910105847, "max_depth": 6.0, "min_child_weight": 4213.682176423993, "num_boost_round": 22.0, "subsample": 0.7422522335473848}, "datetime": {"datetime": "2024-01-20 14:27:37", "elapsed": 224.265845, "delta": 0.000793}}
{"target": -12.347195949195466, "params": {"colsample_bytree": 0.24760443653928568, "eta": 0.06340474646058716, "gamma": 525.0193910105847, "max_depth": 6.0, "min_child_weight": 4213.682176423993, "num_boost_round": 23.0, "subsample": 0.7422522335473848}, "datetime": {"datetime": "2024-01-20 14:27:37", "elapsed": 224.266603, "delta": 0.000758}}
{"target": -12.347425846808951, "params": {"colsample_bytree": 0.24760443653928568, "eta": 0.06340474646058716, "gamma": 525.0193910105847, "max_depth": 6.0, "min_child_weight": 4213.682176423993, "num_boost_round": 24.0, "subsample": 0.7422522335473848}, "datetime": {"datetime": "2024-01-20 14:27:37", "elapsed": 224.267344, "delta": 0.000741}}
{"target": -12.346067193971319, "params": {"colsample_bytree": 0.24760443653928568, "eta": 0.06340474646058716, "gamma": 525.0193910105847, "max_depth": 6.0, "min_child_weight": 4213.682176423993, "num_boost_round": 25.0, "subsample": 0.7422522335473848}, "datetime": {"datetime": "2024-01-20 14:27:37", "elapsed": 224.268102, "delta": 0.000758}}
{"target": -12.346212315609769, "params": {"colsample_bytree": 0.24760443653928568, "eta": 0.06340474646058716, "gamma": 525.0193910105847, "max_depth": 6.0, "min_child_weight": 4213.682176423993, "num_boost_round": 26.0, "subsample": 0.7422522335473848}, "datetime": {"datetime": "2024-01-20 14:27:37", "elapsed": 224.268866, "delta": 0.000764}}
{"target": -12.346577628914712, "params": {"colsample_bytree": 0.24760443653928568, "eta": 0.06340474646058716, "gamma": 525.0193910105847, "max_depth": 6.0, "min_child_weight": 4213.682176423993, "num_boost_round": 27.0, "subsample": 0.7422522335473848}, "datetime": {"datetime": "2024-01-20 14:27:37", "elapsed": 224.269669, "delta": 0.000803}}
{"target": -12.346561102131055, "params": {"colsample_bytree": 0.24760443653928568, "eta": 0.06340474646058716, "gamma": 525.0193910105847, "max_depth": 6.0, "min_child_weight": 4213.682176423993, "num_boost_round": 28.0, "subsample": 0.7422522335473848}, "datetime": {"datetime": "2024-01-20 14:27:37", "elapsed": 224.270428, "delta": 0.000759}}
{"target": -12.346544452800519, "params": {"colsample_bytree": 0.24760443653928568, "eta": 0.06340474646058716, "gamma": 525.0193910105847, "max_depth": 6.0, "min_child_weight": 4213.682176423993, "num_boost_round": 29.0, "subsample": 0.7422522335473848}, "datetime": {"datetime": "2024-01-20 14:27:37", "elapsed": 224.271223, "delta": 0.000795}}
{"target": -12.345991584563041, "params": {"colsample_bytree": 0.24760443653928568, "eta": 0.06340474646058716, "gamma": 525.0193910105847, "max_depth": 6.0, "min_child_weight": 4213.682176423993, "num_boost_round": 30.0, "subsample": 0.7422522335473848}, "datetime": {"datetime": "2024-01-20 14:27:37", "elapsed": 224.271974, "delta": 0.000751}}
{"target": -12.34456035403458, "params": {"colsample_bytree": 0.24760443653928568, "eta": 0.06340474646058716, "gamma": 525.0193910105847, "max_depth": 6.0, "min_child_weight": 4213.682176423993, "num_boost_round": 31.0, "subsample": 0.7422522335473848}, "datetime": {"datetime": "2024-01-20 14:27:37", "elapsed": 224.272756, "delta": 0.000782}}
{"target": -12.344823028369252, "params": {"colsample_bytree": 0.24760443653928568, "eta": 0.06340474646058716, "gamma": 525.0193910105847, "max_depth": 6.0, "min_child_weight": 4213.682176423993, "num_boost_round": 32.0, "subsample": 0.7422522335473848}, "datetime": {"datetime": "2024-01-20 14:27:37", "elapsed": 224.273536, "delta": 0.00078}}
{"target": -12.345336952178148, "params": {"colsample_bytree": 0.24760443653928568, "eta": 0.06340474646058716, "gamma": 525.0193910105847, "max_depth": 6.0, "min_child_weight": 4213.682176423993, "num_boost_round": 33.0, "subsample": 0.7422522335473848}, "datetime": {"datetime": "2024-01-20 14:27:37", "elapsed": 224.274306, "delta": 0.00077}}
{"target": -12.345380032825645, "params": {"colsample_bytree": 0.24760443653928568, "eta": 0.06340474646058716, "gamma": 525.0193910105847, "max_depth": 6.0, "min_child_weight": 4213.682176423993, "num_boost_round": 34.0, "subsample": 0.7422522335473848}, "datetime": {"datetime": "2024-01-20 14:27:37", "elapsed": 224.275051, "delta": 0.000745}}
{"target": -12.357063169302094, "params": {"colsample_bytree": 0.3397535117005568, "eta": 0.05470983023428078, "gamma": 551.0023945922455, "max_depth": 8.0, "min_child_weight": 4241.429074514806, "num_boost_round": 1.0, "subsample": 0.425519994237584}, "datetime": {"datetime": "2024-01-20 14:28:23", "elapsed": 269.53631, "delta": 45.261259}}
{"target": -12.355898382288952, "params": {"colsample_bytree": 0.3397535117005568, "eta": 0.05470983023428078, "gamma": 551.0023945922455, "max_depth": 8.0, "min_child_weight": 4241.429074514806, "num_boost_round": 2.0, "subsample": 0.425519994237584}, "datetime": {"datetime": "2024-01-20 14:28:23", "elapsed": 269.538729, "delta": 0.002419}}
{"target": -12.352605436236988, "params": {"colsample_bytree": 0.3397535117005568, "eta": 0.05470983023428078, "gamma": 551.0023945922455, "max_depth": 8.0, "min_child_weight": 4241.429074514806, "num_boost_round": 3.0, "subsample": 0.425519994237584}, "datetime": {"datetime": "2024-01-20 14:28:23", "elapsed": 269.539476, "delta": 0.000747}}
{"target": -12.352814475668879, "params": {"colsample_bytree": 0.3397535117005568, "eta": 0.05470983023428078, "gamma": 551.0023945922455, "max_depth": 8.0, "min_child_weight": 4241.429074514806, "num_boost_round": 4.0, "subsample": 0.425519994237584}, "datetime": {"datetime": "2024-01-20 14:28:23", "elapsed": 269.540207, "delta": 0.000731}}
{"target": -12.351536939102926, "params": {"colsample_bytree": 0.3397535117005568, "eta": 0.05470983023428078, "gamma": 551.0023945922455, "max_depth": 8.0, "min_child_weight": 4241.429074514806, "num_boost_round": 5.0, "subsample": 0.425519994237584}, "datetime": {"datetime": "2024-01-20 14:28:23", "elapsed": 269.540976, "delta": 0.000769}}
{"target": -12.350428492208117, "params": {"colsample_bytree": 0.3397535117005568, "eta": 0.05470983023428078, "gamma": 551.0023945922455, "max_depth": 8.0, "min_child_weight": 4241.429074514806, "num_boost_round": 6.0, "subsample": 0.425519994237584}, "datetime": {"datetime": "2024-01-20 14:28:23", "elapsed": 269.541702, "delta": 0.000726}}
{"target": -12.350355546776463, "params": {"colsample_bytree": 0.3397535117005568, "eta": 0.05470983023428078, "gamma": 551.0023945922455, "max_depth": 8.0, "min_child_weight": 4241.429074514806, "num_boost_round": 7.0, "subsample": 0.425519994237584}, "datetime": {"datetime": "2024-01-20 14:28:23", "elapsed": 269.542419, "delta": 0.000717}}
{"target": -12.349246664772437, "params": {"colsample_bytree": 0.3397535117005568, "eta": 0.05470983023428078, "gamma": 551.0023945922455, "max_depth": 8.0, "min_child_weight": 4241.429074514806, "num_boost_round": 8.0, "subsample": 0.425519994237584}, "datetime": {"datetime": "2024-01-20 14:28:23", "elapsed": 269.543524, "delta": 0.001105}}
{"target": -12.349212925775577, "params": {"colsample_bytree": 0.3397535117005568, "eta": 0.05470983023428078, "gamma": 551.0023945922455, "max_depth": 8.0, "min_child_weight": 4241.429074514806, "num_boost_round": 9.0, "subsample": 0.425519994237584}, "datetime": {"datetime": "2024-01-20 14:28:23", "elapsed": 269.54426, "delta": 0.000736}}
{"target": -12.348976337260632, "params": {"colsample_bytree": 0.3397535117005568, "eta": 0.05470983023428078, "gamma": 551.0023945922455, "max_depth": 8.0, "min_child_weight": 4241.429074514806, "num_boost_round": 10.0, "subsample": 0.425519994237584}, "datetime": {"datetime": "2024-01-20 14:28:23", "elapsed": 269.544982, "delta": 0.000722}}
{"target": -12.348231693312094, "params": {"colsample_bytree": 0.3397535117005568, "eta": 0.05470983023428078, "gamma": 551.0023945922455, "max_depth": 8.0, "min_child_weight": 4241.429074514806, "num_boost_round": 11.0, "subsample": 0.425519994237584}, "datetime": {"datetime": "2024-01-20 14:28:23", "elapsed": 269.545707, "delta": 0.000725}}
{"target": -12.347933151434685, "params": {"colsample_bytree": 0.3397535117005568, "eta": 0.05470983023428078, "gamma": 551.0023945922455, "max_depth": 8.0, "min_child_weight": 4241.429074514806, "num_boost_round": 12.0, "subsample": 0.425519994237584}, "datetime": {"datetime": "2024-01-20 14:28:23", "elapsed": 269.54643, "delta": 0.000723}}
{"target": -12.348283671189957, "params": {"colsample_bytree": 0.3397535117005568, "eta": 0.05470983023428078, "gamma": 551.0023945922455, "max_depth": 8.0, "min_child_weight": 4241.429074514806, "num_boost_round": 13.0, "subsample": 0.425519994237584}, "datetime": {"datetime": "2024-01-20 14:28:23", "elapsed": 269.547155, "delta": 0.000725}}
{"target": -12.347454555422875, "params": {"colsample_bytree": 0.3397535117005568, "eta": 0.05470983023428078, "gamma": 551.0023945922455, "max_depth": 8.0, "min_child_weight": 4241.429074514806, "num_boost_round": 14.0, "subsample": 0.425519994237584}, "datetime": {"datetime": "2024-01-20 14:28:23", "elapsed": 269.547878, "delta": 0.000723}}
{"target": -12.346764678058797, "params": {"colsample_bytree": 0.3397535117005568, "eta": 0.05470983023428078, "gamma": 551.0023945922455, "max_depth": 8.0, "min_child_weight": 4241.429074514806, "num_boost_round": 15.0, "subsample": 0.425519994237584}, "datetime": {"datetime": "2024-01-20 14:28:23", "elapsed": 269.548596, "delta": 0.000718}}
{"target": -12.346286734315601, "params": {"colsample_bytree": 0.3397535117005568, "eta": 0.05470983023428078, "gamma": 551.0023945922455, "max_depth": 8.0, "min_child_weight": 4241.429074514806, "num_boost_round": 16.0, "subsample": 0.425519994237584}, "datetime": {"datetime": "2024-01-20 14:28:23", "elapsed": 269.549341, "delta": 0.000745}}
{"target": -12.346611928863112, "params": {"colsample_bytree": 0.3397535117005568, "eta": 0.05470983023428078, "gamma": 551.0023945922455, "max_depth": 8.0, "min_child_weight": 4241.429074514806, "num_boost_round": 17.0, "subsample": 0.425519994237584}, "datetime": {"datetime": "2024-01-20 14:28:23", "elapsed": 269.550066, "delta": 0.000725}}
{"target": -12.346541148948447, "params": {"colsample_bytree": 0.3397535117005568, "eta": 0.05470983023428078, "gamma": 551.0023945922455, "max_depth": 8.0, "min_child_weight": 4241.429074514806, "num_boost_round": 18.0, "subsample": 0.425519994237584}, "datetime": {"datetime": "2024-01-20 14:28:23", "elapsed": 269.550814, "delta": 0.000748}}
{"target": -12.346319114659424, "params": {"colsample_bytree": 0.3397535117005568, "eta": 0.05470983023428078, "gamma": 551.0023945922455, "max_depth": 8.0, "min_child_weight": 4241.429074514806, "num_boost_round": 19.0, "subsample": 0.425519994237584}, "datetime": {"datetime": "2024-01-20 14:28:23", "elapsed": 269.551535, "delta": 0.000721}}
{"target": -12.34618561591136, "params": {"colsample_bytree": 0.3397535117005568, "eta": 0.05470983023428078, "gamma": 551.0023945922455, "max_depth": 8.0, "min_child_weight": 4241.429074514806, "num_boost_round": 20.0, "subsample": 0.425519994237584}, "datetime": {"datetime": "2024-01-20 14:28:23", "elapsed": 269.552199, "delta": 0.000664}}
{"target": -12.346149931239175, "params": {"colsample_bytree": 0.3397535117005568, "eta": 0.05470983023428078, "gamma": 551.0023945922455, "max_depth": 8.0, "min_child_weight": 4241.429074514806, "num_boost_round": 21.0, "subsample": 0.425519994237584}, "datetime": {"datetime": "2024-01-20 14:28:23", "elapsed": 269.552909, "delta": 0.00071}}
{"target": -12.346195511838644, "params": {"colsample_bytree": 0.3397535117005568, "eta": 0.05470983023428078, "gamma": 551.0023945922455, "max_depth": 8.0, "min_child_weight": 4241.429074514806, "num_boost_round": 22.0, "subsample": 0.425519994237584}, "datetime": {"datetime": "2024-01-20 14:28:23", "elapsed": 269.553651, "delta": 0.000742}}
{"target": -12.345251360326984, "params": {"colsample_bytree": 0.3397535117005568, "eta": 0.05470983023428078, "gamma": 551.0023945922455, "max_depth": 8.0, "min_child_weight": 4241.429074514806, "num_boost_round": 23.0, "subsample": 0.425519994237584}, "datetime": {"datetime": "2024-01-20 14:28:23", "elapsed": 269.554398, "delta": 0.000747}}
{"target": -12.345748878466479, "params": {"colsample_bytree": 0.3397535117005568, "eta": 0.05470983023428078, "gamma": 551.0023945922455, "max_depth": 8.0, "min_child_weight": 4241.429074514806, "num_boost_round": 24.0, "subsample": 0.425519994237584}, "datetime": {"datetime": "2024-01-20 14:28:23", "elapsed": 269.555141, "delta": 0.000743}}
{"target": -12.345280364066468, "params": {"colsample_bytree": 0.3397535117005568, "eta": 0.05470983023428078, "gamma": 551.0023945922455, "max_depth": 8.0, "min_child_weight": 4241.429074514806, "num_boost_round": 25.0, "subsample": 0.425519994237584}, "datetime": {"datetime": "2024-01-20 14:28:23", "elapsed": 269.555874, "delta": 0.000733}}
{"target": -12.345594822428545, "params": {"colsample_bytree": 0.3397535117005568, "eta": 0.05470983023428078, "gamma": 551.0023945922455, "max_depth": 8.0, "min_child_weight": 4241.429074514806, "num_boost_round": 26.0, "subsample": 0.425519994237584}, "datetime": {"datetime": "2024-01-20 14:28:23", "elapsed": 269.556615, "delta": 0.000741}}
{"target": -12.345812328792725, "params": {"colsample_bytree": 0.3397535117005568, "eta": 0.05470983023428078, "gamma": 551.0023945922455, "max_depth": 8.0, "min_child_weight": 4241.429074514806, "num_boost_round": 27.0, "subsample": 0.425519994237584}, "datetime": {"datetime": "2024-01-20 14:28:23", "elapsed": 269.557464, "delta": 0.000849}}
{"target": -12.345839799801116, "params": {"colsample_bytree": 0.3397535117005568, "eta": 0.05470983023428078, "gamma": 551.0023945922455, "max_depth": 8.0, "min_child_weight": 4241.429074514806, "num_boost_round": 28.0, "subsample": 0.425519994237584}, "datetime": {"datetime": "2024-01-20 14:28:23", "elapsed": 269.558216, "delta": 0.000752}}
{"target": -12.345820264202853, "params": {"colsample_bytree": 0.3397535117005568, "eta": 0.05470983023428078, "gamma": 551.0023945922455, "max_depth": 8.0, "min_child_weight": 4241.429074514806, "num_boost_round": 29.0, "subsample": 0.425519994237584}, "datetime": {"datetime": "2024-01-20 14:28:23", "elapsed": 269.558941, "delta": 0.000725}}
{"target": -12.345292498306133, "params": {"colsample_bytree": 0.3397535117005568, "eta": 0.05470983023428078, "gamma": 551.0023945922455, "max_depth": 8.0, "min_child_weight": 4241.429074514806, "num_boost_round": 30.0, "subsample": 0.425519994237584}, "datetime": {"datetime": "2024-01-20 14:28:23", "elapsed": 269.559679, "delta": 0.000738}}
{"target": -12.344208711526154, "params": {"colsample_bytree": 0.3397535117005568, "eta": 0.05470983023428078, "gamma": 551.0023945922455, "max_depth": 8.0, "min_child_weight": 4241.429074514806, "num_boost_round": 31.0, "subsample": 0.425519994237584}, "datetime": {"datetime": "2024-01-20 14:28:23", "elapsed": 269.560414, "delta": 0.000735}}
{"target": -12.344435392795209, "params": {"colsample_bytree": 0.3397535117005568, "eta": 0.05470983023428078, "gamma": 551.0023945922455, "max_depth": 8.0, "min_child_weight": 4241.429074514806, "num_boost_round": 32.0, "subsample": 0.425519994237584}, "datetime": {"datetime": "2024-01-20 14:28:23", "elapsed": 269.561159, "delta": 0.000745}}
{"target": -12.344814482320485, "params": {"colsample_bytree": 0.3397535117005568, "eta": 0.05470983023428078, "gamma": 551.0023945922455, "max_depth": 8.0, "min_child_weight": 4241.429074514806, "num_boost_round": 33.0, "subsample": 0.425519994237584}, "datetime": {"datetime": "2024-01-20 14:28:23", "elapsed": 269.561975, "delta": 0.000816}}
{"target": -12.344694478098019, "params": {"colsample_bytree": 0.3397535117005568, "eta": 0.05470983023428078, "gamma": 551.0023945922455, "max_depth": 8.0, "min_child_weight": 4241.429074514806, "num_boost_round": 34.0, "subsample": 0.425519994237584}, "datetime": {"datetime": "2024-01-20 14:28:23", "elapsed": 269.562724, "delta": 0.000749}}
{"target": -12.344437522368258, "params": {"colsample_bytree": 0.3397535117005568, "eta": 0.05470983023428078, "gamma": 551.0023945922455, "max_depth": 8.0, "min_child_weight": 4241.429074514806, "num_boost_round": 35.0, "subsample": 0.425519994237584}, "datetime": {"datetime": "2024-01-20 14:28:23", "elapsed": 269.563483, "delta": 0.000759}}
