{"target": -19.155956210916365, "params": {"colsample_bytree": 0.44482326351888823, "eta": 0.07357095440095848, "gamma": 515.3630031980425, "max_depth": 4.0, "min_child_weight": 3841.0480209286507, "num_boost_round": 36.0, "subsample": 0.6029110696664077}, "datetime": {"datetime": "2024-01-20 14:33:35", "elapsed": 582.969461, "delta": 0.001176}}
{"target": -19.156435548377015, "params": {"colsample_bytree": 0.44482326351888823, "eta": 0.07357095440095848, "gamma": 515.3630031980425, "max_depth": 4.0, "min_child_weight": 3841.0480209286507, "num_boost_round": 37.0, "subsample": 0.6029110696664077}, "datetime": {"datetime": "2024-01-20 14:33:35", "elapsed": 582.970572, "delta": 0.001111}}
{"target": -19.15692087815693, "params": {"colsample_bytree": 0.44482326351888823, "eta": 0.07357095440095848, "gamma": 515.3630031980425, "max_depth": 4.0, "min_child_weight": 3841.0480209286507, "num_boost_round": 38.0, "subsample": 0.6029110696664077}, "datetime": {"datetime": "2024-01-20 14:33:35", "elapsed": 582.971683, "delta": 0.001111}}
{"target": -19.15726600830151, "params": {"colsample_bytree": 0.44482326351888823, "eta": 0.07357095440095848, "gamma": 515.3630031980425, "max_depth": 4.0, "min_child_weight": 3841.0480209286507, "num_boost_round": 39.0, "subsample": 0.6029110696664077}, "datetime": {"datetime": "2024-01-20 14:33:35", "elapsed": 582.977323, "delta": 0.00564}}
{"target": -19.157412174414894, "params": {"colsample_bytree": 0.44482326351888823, "eta": 0.07357095440095848, "gamma": 515.3630031980425, "max_depth": 4.0, "min_child_weight": 3841.0480209286507, "num_boost_round": 40.0, "subsample": 0.6029110696664077}, "datetime": {"datetime": "2024-01-20 14:33:35", "elapsed": 582.97845, "delta": 0.001127}}
{"target": -19.15752334033239, "params": {"colsample_bytree": 0.44482326351888823, "eta": 0.07357095440095848, "gamma": 515.3630031980425, "max_depth": 4.0, "min_child_weight": 3841.0480209286507, "num_boost_round": 41.0, "subsample": 0.6029110696664077}, "datetime": {"datetime": "2024-01-20 14:33:35", "elapsed": 582.979576, "delta": 0.001126}}
{"target": -19.15785151812606, "params": {"colsample_bytree": 0.44482326351888823, "eta": 0.07357095440095848, "gamma": 515.3630031980425, "max_depth": 4.0, "min_child_weight": 3841.0480209286507, "num_boost_round": 42.0, "subsample": 0.6029110696664077}, "datetime": {"datetime": "2024-01-20 14:33:35", "elapsed": 582.98069, "delta": 0.001114}}
{"target": -19.157760431979007, "params": {"colsample_bytree": 0.44482326351888823, "eta": 0.07357095440095848, "gamma": 515.3630031980425, "max_depth": 4.0, "min_child_weight": 3841.0480209286507, "num_boost_round": 43.0, "subsample": 0.6029110696664077}, "datetime": {"datetime": "2024-01-20 14:33:35", "elapsed": 582.981808, "delta": 0.001118}}
{"target": -19.15808926715986, "params": {"colsample_bytree": 0.44482326351888823, "eta": 0.07357095440095848, "gamma": 515.3630031980425, "max_depth": 4.0, "min_child_weight": 3841.0480209286507, "num_boost_round": 44.0, "subsample": 0.6029110696664077}, "datetime": {"datetime": "2024-01-20 14:33:35", "elapsed": 582.982969, "delta": 0.001161}}
{"target": -19.15815092921288, "params": {"colsample_bytree": 0.44482326351888823, "eta": 0.07357095440095848, "gamma": 515.3630031980425, "max_depth": 4.0, "min_child_weight": 3841.0480209286507, "num_boost_round": 45.0, "subsample": 0.6029110696664077}, "datetime": {"datetime": "2024-01-20 14:33:35", "elapsed": 582.98409, "delta": 0.001121}}
{"target": -19.158292931241906, "params": {"colsample_bytree": 0.44482326351888823, "eta": 0.07357095440095848, "gamma": 515.3630031980425, "max_depth": 4.0, "min_child_weight": 3841.0480209286507, "num_boost_round": 46.0, "subsample": 0.6029110696664077}, "datetime": {"datetime": "2024-01-20 14:33:35", "elapsed": 582.985216, "delta": 0.001126}}
{"target": -19.158400308527074, "params": {"colsample_bytree": 0.44482326351888823, "eta": 0.07357095440095848, "gamma": 515.3630031980425, "max_depth": 4.0, "min_child_weight": 3841.0480209286507, "num_boost_round": 47.0, "subsample": 0.6029110696664077}, "datetime": {"datetime": "2024-01-20 14:33:35", "elapsed": 582.986434, "delta": 0.001218}}
{"target": -19.158378557824662, "params": {"colsample_bytree": 0.44482326351888823, "eta": 0.07357095440095848, "gamma": 515.3630031980425, "max_depth": 4.0, "min_child_weight": 3841.0480209286507, "num_boost_round": 48.0, "subsample": 0.6029110696664077}, "datetime": {"datetime": "2024-01-20 14:33:35", "elapsed": 582.987559, "delta": 0.001125}}
{"target": -19.159246335816324, "params": {"colsample_bytree": 0.44482326351888823, "eta": 0.07357095440095848, "gamma": 515.3630031980425, "max_depth": 4.0, "min_child_weight": 3841.0480209286507, "num_boost_round": 49.0, "subsample": 0.6029110696664077}, "datetime": {"datetime": "2024-01-20 14:33:35", "elapsed": 582.988678, "delta": 0.001119}}
{"target": -19.15940904423716, "params": {"colsample_bytree": 0.44482326351888823, "eta": 0.07357095440095848, "gamma": 515.3630031980425, "max_depth": 4.0, "min_child_weight": 3841.0480209286507, "num_boost_round": 50.0, "subsample": 0.6029110696664077}, "datetime": {"datetime": "2024-01-20 14:33:35", "elapsed": 582.989796, "delta": 0.001118}}
{"target": -19.15944030413134, "params": {"colsample_bytree": 0.44482326351888823, "eta": 0.07357095440095848, "gamma": 515.3630031980425, "max_depth": 4.0, "min_child_weight": 3841.0480209286507, "num_boost_round": 51.0, "subsample": 0.6029110696664077}, "datetime": {"datetime": "2024-01-20 14:33:35", "elapsed": 582.99092, "delta": 0.001124}}
{"target": -19.15930298335759, "params": {"colsample_bytree": 0.44482326351888823, "eta": 0.07357095440095848, "gamma": 515.3630031980425, "max_depth": 4.0, "min_child_weight": 3841.0480209286507, "num_boost_round": 52.0, "subsample": 0.6029110696664077}, "datetime": {"datetime": "2024-01-20 14:33:35", "elapsed": 582.992041, "delta": 0.001121}}
{"target": -19.15966607434145, "params": {"colsample_bytree": 0.44482326351888823, "eta": 0.07357095440095848, "gamma": 515.3630031980425, "max_depth": 4.0, "min_child_weight": 3841.0480209286507, "num_boost_round": 53.0, "subsample": 0.6029110696664077}, "datetime": {"datetime": "2024-01-20 14:33:35", "elapsed": 582.993175, "delta": 0.001134}}
{"target": -19.159710730862507, "params": {"colsample_bytree": 0.44482326351888823, "eta": 0.07357095440095848, "gamma": 515.3630031980425, "max_depth": 4.0, "min_child_weight": 3841.0480209286507, "num_boost_round": 54.0, "subsample": 0.6029110696664077}, "datetime": {"datetime": "2024-01-20 14:33:35", "elapsed": 582.994298, "delta": 0.001123}}
{"target": -19.16016531397366, "params": {"colsample_bytree": 0.44482326351888823, "eta": 0.07357095440095848, "gamma": 515.3630031980425, "max_depth": 4.0, "min_child_weight": 3841.0480209286507, "num_boost_round": 55.0, "subsample": 0.6029110696664077}, "datetime": {"datetime": "2024-01-20 14:33:35", "elapsed": 582.995428, "delta": 0.00113}}
{"target": -19.160386822936115, "params": {"colsample_bytree": 0.44482326351888823, "eta": 0.07357095440095848, "gamma": 515.3630031980425, "max_depth": 4.0, "min_child_weight": 3841.0480209286507, "num_boost_round": 56.0, "subsample": 0.6029110696664077}, "datetime": {"datetime": "2024-01-20 14:33:35", "elapsed": 582.996597, "delta": 0.001169}}
{"target": -19.16027227743757, "params": {"colsample_bytree": 0.44482326351888823, "eta": 0.07357095440095848, "gamma": 515.3630031980425, "max_depth": 4.0, "min_child_weight": 3841.0480209286507, "num_boost_round": 57.0, "subsample": 0.6029110696664077}, "datetime": {"datetime": "2024-01-20 14:33:35", "elapsed": 582.997741, "delta": 0.001144}}
{"target": -19.16048026603122, "params": {"colsample_bytree": 0.44482326351888823, "eta": 0.07357095440095848, "gamma": 515.3630031980425, "max_depth": 4.0, "min_child_weight": 3841.0480209286507, "num_boost_round": 58.0, "subsample": 0.6029110696664077}, "datetime": {"datetime": "2024-01-20 14:33:35", "elapsed": 582.99887, "delta": 0.001129}}
{"target": -19.160890789335113, "params": {"colsample_bytree": 0.44482326351888823, "eta": 0.07357095440095848, "gamma": 515.3630031980425, "max_depth": 4.0, "min_child_weight": 3841.0480209286507, "num_boost_round": 59.0, "subsample": 0.6029110696664077}, "datetime": {"datetime": "2024-01-20 14:33:35", "elapsed": 583.00001, "delta": 0.00114}}
{"target": -19.16137321457031, "params": {"colsample_bytree": 0.44482326351888823, "eta": 0.07357095440095848, "gamma": 515.3630031980425, "max_depth": 4.0, "min_child_weight": 3841.0480209286507, "num_boost_round": 60.0, "subsample": 0.6029110696664077}, "datetime": {"datetime": "2024-01-20 14:33:35", "elapsed": 583.001145, "delta": 0.001135}}
{"target": -19.16160283938078, "params": {"colsample_bytree": 0.44482326351888823, "eta": 0.07357095440095848, "gamma": 515.3630031980425, "max_depth": 4.0, "min_child_weight": 3841.0480209286507, "num_boost_round": 61.0, "subsample": 0.6029110696664077}, "datetime": {"datetime": "2024-01-20 14:33:35", "elapsed": 583.002286, "delta": 0.001141}}
{"target": -19.16183133574978, "params": {"colsample_bytree": 0.44482326351888823, "eta": 0.07357095440095848, "gamma": 515.3630031980425, "max_depth": 4.0, "min_child_weight": 3841.0480209286507, "num_boost_round": 62.0, "subsample": 0.6029110696664077}, "datetime": {"datetime": "2024-01-20 14:33:35", "elapsed": 583.003463, "delta": 0.001177}}
{"target": -19.16196857120797, "params": {"colsample_bytree": 0.44482326351888823, "eta": 0.07357095440095848, "gamma": 515.3630031980425, "max_depth": 4.0, "min_child_weight": 3841.0480209286507, "num_boost_round": 63.0, "subsample": 0.6029110696664077}, "datetime": {"datetime": "2024-01-20 14:33:35", "elapsed": 583.0046, "delta": 0.001137}}
{"target": -19.162275230713796, "params": {"colsample_bytree": 0.44482326351888823, "eta": 0.07357095440095848, "gamma": 515.3630031980425, "max_depth": 4.0, "min_child_weight": 3841.0480209286507, "num_boost_round": 64.0, "subsample": 0.6029110696664077}, "datetime": {"datetime": "2024-01-20 14:33:35", "elapsed": 583.005739, "delta": 0.001139}}
{"target": -19.16230702695625, "params": {"colsample_bytree": 0.44482326351888823, "eta": 0.07357095440095848, "gamma": 515.3630031980425, "max_depth": 4.0, "min_child_weight": 3841.0480209286507, "num_boost_round": 65.0, "subsample": 0.6029110696664077}, "datetime": {"datetime": "2024-01-20 14:33:35", "elapsed": 583.006989, "delta": 0.00125}}
{"target": -19.162333659883263, "params": {"colsample_bytree": 0.44482326351888823, "eta": 0.07357095440095848, "gamma": 515.3630031980425, "max_depth": 4.0, "min_child_weight": 3841.0480209286507, "num_boost_round": 66.0, "subsample": 0.6029110696664077}, "datetime": {"datetime": "2024-01-20 14:33:35", "elapsed": 583.008144, "delta": 0.001155}}
{"target": -19.162524727412148, "params": {"colsample_bytree": 0.44482326351888823, "eta": 0.07357095440095848, "gamma": 515.3630031980425, "max_depth": 4.0, "min_child_weight": 3841.0480209286507, "num_boost_round": 67.0, "subsample": 0.6029110696664077}, "datetime": {"datetime": "2024-01-20 14:33:35", "elapsed": 583.009289, "delta": 0.001145}}
{"target": -19.162569709212125, "params": {"colsample_bytree": 0.44482326351888823, "eta": 0.07357095440095848, "gamma": 515.3630031980425, "max_depth": 4.0, "min_child_weight": 3841.0480209286507, "num_boost_round": 68.0, "subsample": 0.6029110696664077}, "datetime": {"datetime": "2024-01-20 14:33:35", "elapsed": 583.010439, "delta": 0.00115}}
{"target": -19.162675997587893, "params": {"colsample_bytree": 0.44482326351888823, "eta": 0.07357095440095848, "gamma": 515.3630031980425, "max_depth": 4.0, "min_child_weight": 3841.0480209286507, "num_boost_round": 69.0, "subsample": 0.6029110696664077}, "datetime": {"datetime": "2024-01-20 14:33:35", "elapsed": 583.011586, "delta": 0.001147}}
{"target": -19.162877170059097, "params": {"colsample_bytree": 0.44482326351888823, "eta": 0.07357095440095848, "gamma": 515.3630031980425, "max_depth": 4.0, "min_child_weight": 3841.0480209286507, "num_boost_round": 70.0, "subsample": 0.6029110696664077}, "datetime": {"datetime": "2024-01-20 14:33:35", "elapsed": 583.012738, "delta": 0.001152}}
{"target": -19.16302748181461, "params": {"colsample_bytree": 0.44482326351888823, "eta": 0.07357095440095848, "gamma": 515.3630031980425, "max_depth": 4.0, "min_child_weight": 3841.0480209286507, "num_boost_round": 71.0, "subsample": 0.6029110696664077}, "datetime": {"datetime": "2024-01-20 14:33:35", "elapsed": 583.013899, "delta": 0.001161}}
{"target": -19.163213528884107, "params": {"colsample_bytree": 0.44482326351888823, "eta": 0.07357095440095848, "gamma": 515.3630031980425, "max_depth": 4.0, "min_child_weight": 3841.0480209286507, "num_boost_round": 72.0, "subsample": 0.6029110696664077}, "datetime": {"datetime": "2024-01-20 14:33:35", "elapsed": 583.015158, "delta": 0.001259}}
{"target": -19.16344252069567, "params": {"colsample_bytree": 0.44482326351888823, "eta": 0.07357095440095848, "gamma": 515.3630031980425, "max_depth": 4.0, "min_child_weight": 3841.0480209286507, "num_boost_round": 73.0, "subsample": 0.6029110696664077}, "datetime": {"datetime": "2024-01-20 14:33:35", "elapsed": 583.016362, "delta": 0.001204}}
{"target": -19.164244314615704, "params": {"colsample_bytree": 0.44482326351888823, "eta": 0.07357095440095848, "gamma": 515.3630031980425, "max_depth": 4.0, "min_child_weight": 3841.0480209286507, "num_boost_round": 74.0, "subsample": 0.6029110696664077}, "datetime": {"datetime": "2024-01-20 14:33:35", "elapsed": 583.017529, "delta": 0.001167}}
{"target": -19.143300258942368, "params": {"colsample_bytree": 0.4276492115161714, "eta": 0.032311668203220345, "gamma": 520.7409345942322, "max_depth": 9.0, "min_child_weight": 4028.416746395013, "num_boost_round": 1.0, "subsample": 0.7608049493939232}, "datetime": {"datetime": "2024-01-20 14:35:01", "elapsed": 669.429913, "delta": 86.412384}}
{"target": -19.14322419311837, "params": {"colsample_bytree": 0.4276492115161714, "eta": 0.032311668203220345, "gamma": 520.7409345942322, "max_depth": 9.0, "min_child_weight": 4028.416746395013, "num_boost_round": 2.0, "subsample": 0.7608049493939232}, "datetime": {"datetime": "2024-01-20 14:35:01", "elapsed": 669.431494, "delta": 0.001581}}
{"target": -19.143455528940336, "params": {"colsample_bytree": 0.4276492115161714, "eta": 0.032311668203220345, "gamma": 520.7409345942322, "max_depth": 9.0, "min_child_weight": 4028.416746395013, "num_boost_round": 3.0, "subsample": 0.7608049493939232}, "datetime": {"datetime": "2024-01-20 14:35:01", "elapsed": 669.432866, "delta": 0.001372}}
{"target": -19.14329161113094, "params": {"colsample_bytree": 0.4276492115161714, "eta": 0.032311668203220345, "gamma": 520.7409345942322, "max_depth": 9.0, "min_child_weight": 4028.416746395013, "num_boost_round": 4.0, "subsample": 0.7608049493939232}, "datetime": {"datetime": "2024-01-20 14:35:01", "elapsed": 669.434177, "delta": 0.001311}}
{"target": -19.143415072442078, "params": {"colsample_bytree": 0.4276492115161714, "eta": 0.032311668203220345, "gamma": 520.7409345942322, "max_depth": 9.0, "min_child_weight": 4028.416746395013, "num_boost_round": 5.0, "subsample": 0.7608049493939232}, "datetime": {"datetime": "2024-01-20 14:35:01", "elapsed": 669.43548, "delta": 0.001303}}
{"target": -19.14298692020718, "params": {"colsample_bytree": 0.4276492115161714, "eta": 0.032311668203220345, "gamma": 520.7409345942322, "max_depth": 9.0, "min_child_weight": 4028.416746395013, "num_boost_round": 6.0, "subsample": 0.7608049493939232}, "datetime": {"datetime": "2024-01-20 14:35:01", "elapsed": 669.436802, "delta": 0.001322}}
{"target": -19.1431398914619, "params": {"colsample_bytree": 0.4276492115161714, "eta": 0.032311668203220345, "gamma": 520.7409345942322, "max_depth": 9.0, "min_child_weight": 4028.416746395013, "num_boost_round": 7.0, "subsample": 0.7608049493939232}, "datetime": {"datetime": "2024-01-20 14:35:01", "elapsed": 669.438021, "delta": 0.001219}}
{"target": -19.14323844905896, "params": {"colsample_bytree": 0.4276492115161714, "eta": 0.032311668203220345, "gamma": 520.7409345942322, "max_depth": 9.0, "min_child_weight": 4028.416746395013, "num_boost_round": 8.0, "subsample": 0.7608049493939232}, "datetime": {"datetime": "2024-01-20 14:35:01", "elapsed": 669.439233, "delta": 0.001212}}
{"target": -19.143151981284, "params": {"colsample_bytree": 0.4276492115161714, "eta": 0.032311668203220345, "gamma": 520.7409345942322, "max_depth": 9.0, "min_child_weight": 4028.416746395013, "num_boost_round": 9.0, "subsample": 0.7608049493939232}, "datetime": {"datetime": "2024-01-20 14:35:01", "elapsed": 669.440445, "delta": 0.001212}}
{"target": -19.143319910537528, "params": {"colsample_bytree": 0.4276492115161714, "eta": 0.032311668203220345, "gamma": 520.7409345942322, "max_depth": 9.0, "min_child_weight": 4028.416746395013, "num_boost_round": 10.0, "subsample": 0.7608049493939232}, "datetime": {"datetime": "2024-01-20 14:35:01", "elapsed": 669.441738, "delta": 0.001293}}
{"target": -19.143214795033032, "params": {"colsample_bytree": 0.4276492115161714, "eta": 0.032311668203220345, "gamma": 520.7409345942322, "max_depth": 9.0, "min_child_weight": 4028.416746395013, "num_boost_round": 11.0, "subsample": 0.7608049493939232}, "datetime": {"datetime": "2024-01-20 14:35:01", "elapsed": 669.442998, "delta": 0.00126}}
{"target": -19.143382890455094, "params": {"colsample_bytree": 0.4276492115161714, "eta": 0.032311668203220345, "gamma": 520.7409345942322, "max_depth": 9.0, "min_child_weight": 4028.416746395013, "num_boost_round": 12.0, "subsample": 0.7608049493939232}, "datetime": {"datetime": "2024-01-20 14:35:01", "elapsed": 669.444288, "delta": 0.00129}}
{"target": -19.143588150373148, "params": {"colsample_bytree": 0.4276492115161714, "eta": 0.032311668203220345, "gamma": 520.7409345942322, "max_depth": 9.0, "min_child_weight": 4028.416746395013, "num_boost_round": 13.0, "subsample": 0.7608049493939232}, "datetime": {"datetime": "2024-01-20 14:35:01", "elapsed": 669.445561, "delta": 0.001273}}
{"target": -19.14400882461313, "params": {"colsample_bytree": 0.4276492115161714, "eta": 0.032311668203220345, "gamma": 520.7409345942322, "max_depth": 9.0, "min_child_weight": 4028.416746395013, "num_boost_round": 14.0, "subsample": 0.7608049493939232}, "datetime": {"datetime": "2024-01-20 14:35:01", "elapsed": 669.446843, "delta": 0.001282}}
{"target": -19.1447289145081, "params": {"colsample_bytree": 0.4276492115161714, "eta": 0.032311668203220345, "gamma": 520.7409345942322, "max_depth": 9.0, "min_child_weight": 4028.416746395013, "num_boost_round": 15.0, "subsample": 0.7608049493939232}, "datetime": {"datetime": "2024-01-20 14:35:01", "elapsed": 669.448109, "delta": 0.001266}}
{"target": -19.14476692756577, "params": {"colsample_bytree": 0.4276492115161714, "eta": 0.032311668203220345, "gamma": 520.7409345942322, "max_depth": 9.0, "min_child_weight": 4028.416746395013, "num_boost_round": 16.0, "subsample": 0.7608049493939232}, "datetime": {"datetime": "2024-01-20 14:35:01", "elapsed": 669.449382, "delta": 0.001273}}
{"target": -19.145281508283365, "params": {"colsample_bytree": 0.4276492115161714, "eta": 0.032311668203220345, "gamma": 520.7409345942322, "max_depth": 9.0, "min_child_weight": 4028.416746395013, "num_boost_round": 17.0, "subsample": 0.7608049493939232}, "datetime": {"datetime": "2024-01-20 14:35:01", "elapsed": 669.450638, "delta": 0.001256}}
{"target": -19.14557539298002, "params": {"colsample_bytree": 0.4276492115161714, "eta": 0.032311668203220345, "gamma": 520.7409345942322, "max_depth": 9.0, "min_child_weight": 4028.416746395013, "num_boost_round": 18.0, "subsample": 0.7608049493939232}, "datetime": {"datetime": "2024-01-20 14:35:01", "elapsed": 669.451929, "delta": 0.001291}}
{"target": -19.14593194226251, "params": {"colsample_bytree": 0.4276492115161714, "eta": 0.032311668203220345, "gamma": 520.7409345942322, "max_depth": 9.0, "min_child_weight": 4028.416746395013, "num_boost_round": 19.0, "subsample": 0.7608049493939232}, "datetime": {"datetime": "2024-01-20 14:35:01", "elapsed": 669.453201, "delta": 0.001272}}
{"target": -19.14636505932289, "params": {"colsample_bytree": 0.4276492115161714, "eta": 0.032311668203220345, "gamma": 520.7409345942322, "max_depth": 9.0, "min_child_weight": 4028.416746395013, "num_boost_round": 20.0, "subsample": 0.7608049493939232}, "datetime": {"datetime": "2024-01-20 14:35:01", "elapsed": 669.454478, "delta": 0.001277}}
{"target": -19.146701391266383, "params": {"colsample_bytree": 0.4276492115161714, "eta": 0.032311668203220345, "gamma": 520.7409345942322, "max_depth": 9.0, "min_child_weight": 4028.416746395013, "num_boost_round": 21.0, "subsample": 0.7608049493939232}, "datetime": {"datetime": "2024-01-20 14:35:01", "elapsed": 669.455755, "delta": 0.001277}}
{"target": -19.147446841849565, "params": {"colsample_bytree": 0.4276492115161714, "eta": 0.032311668203220345, "gamma": 520.7409345942322, "max_depth": 9.0, "min_child_weight": 4028.416746395013, "num_boost_round": 22.0, "subsample": 0.7608049493939232}, "datetime": {"datetime": "2024-01-20 14:35:01", "elapsed": 669.45703, "delta": 0.001275}}
{"target": -19.147148310481732, "params": {"colsample_bytree": 0.4276492115161714, "eta": 0.032311668203220345, "gamma": 520.7409345942322, "max_depth": 9.0, "min_child_weight": 4028.416746395013, "num_boost_round": 23.0, "subsample": 0.7608049493939232}, "datetime": {"datetime": "2024-01-20 14:35:01", "elapsed": 669.458312, "delta": 0.001282}}
{"target": -19.147411217653623, "params": {"colsample_bytree": 0.4276492115161714, "eta": 0.032311668203220345, "gamma": 520.7409345942322, "max_depth": 9.0, "min_child_weight": 4028.416746395013, "num_boost_round": 24.0, "subsample": 0.7608049493939232}, "datetime": {"datetime": "2024-01-20 14:35:01", "elapsed": 669.459574, "delta": 0.001262}}
