{"target": -19.139194035081267, "params": {"colsample_bytree": 0.7296572481762986, "eta": 0.05744607664664989, "gamma": 441.27757598995044, "max_depth": 7.0, "min_child_weight": 4519.928101051968, "num_boost_round": 13.0, "subsample": 0.10618315697694908}, "datetime": {"datetime": "2024-01-20 15:45:24", "elapsed": 4892.472647, "delta": 0.004282}}
{"target": -19.139546994145068, "params": {"colsample_bytree": 0.7296572481762986, "eta": 0.05744607664664989, "gamma": 441.27757598995044, "max_depth": 7.0, "min_child_weight": 4519.928101051968, "num_boost_round": 14.0, "subsample": 0.10618315697694908}, "datetime": {"datetime": "2024-01-20 15:45:24", "elapsed": 4892.477102, "delta": 0.004455}}
{"target": -19.139777225452306, "params": {"colsample_bytree": 0.7296572481762986, "eta": 0.05744607664664989, "gamma": 441.27757598995044, "max_depth": 7.0, "min_child_weight": 4519.928101051968, "num_boost_round": 15.0, "subsample": 0.10618315697694908}, "datetime": {"datetime": "2024-01-20 15:45:24", "elapsed": 4892.481868, "delta": 0.004766}}
{"target": -19.139639447061406, "params": {"colsample_bytree": 0.7296572481762986, "eta": 0.05744607664664989, "gamma": 441.27757598995044, "max_depth": 7.0, "min_child_weight": 4519.928101051968, "num_boost_round": 16.0, "subsample": 0.10618315697694908}, "datetime": {"datetime": "2024-01-20 15:45:24", "elapsed": 4892.486579, "delta": 0.004711}}
{"target": -19.139803348066348, "params": {"colsample_bytree": 0.7296572481762986, "eta": 0.05744607664664989, "gamma": 441.27757598995044, "max_depth": 7.0, "min_child_weight": 4519.928101051968, "num_boost_round": 17.0, "subsample": 0.10618315697694908}, "datetime": {"datetime": "2024-01-20 15:45:24", "elapsed": 4892.491177, "delta": 0.004598}}
{"target": -19.139849994771865, "params": {"colsample_bytree": 0.7296572481762986, "eta": 0.05744607664664989, "gamma": 441.27757598995044, "max_depth": 7.0, "min_child_weight": 4519.928101051968, "num_boost_round": 18.0, "subsample": 0.10618315697694908}, "datetime": {"datetime": "2024-01-20 15:45:24", "elapsed": 4892.495899, "delta": 0.004722}}
{"target": -19.14002125613159, "params": {"colsample_bytree": 0.7296572481762986, "eta": 0.05744607664664989, "gamma": 441.27757598995044, "max_depth": 7.0, "min_child_weight": 4519.928101051968, "num_boost_round": 19.0, "subsample": 0.10618315697694908}, "datetime": {"datetime": "2024-01-20 15:45:24", "elapsed": 4892.500973, "delta": 0.005074}}
{"target": -19.139973434078797, "params": {"colsample_bytree": 0.7296572481762986, "eta": 0.05744607664664989, "gamma": 441.27757598995044, "max_depth": 7.0, "min_child_weight": 4519.928101051968, "num_boost_round": 20.0, "subsample": 0.10618315697694908}, "datetime": {"datetime": "2024-01-20 15:45:24", "elapsed": 4892.506429, "delta": 0.005456}}
{"target": -19.140307184126208, "params": {"colsample_bytree": 0.7296572481762986, "eta": 0.05744607664664989, "gamma": 441.27757598995044, "max_depth": 7.0, "min_child_weight": 4519.928101051968, "num_boost_round": 21.0, "subsample": 0.10618315697694908}, "datetime": {"datetime": "2024-01-20 15:45:24", "elapsed": 4892.511644, "delta": 0.005215}}
{"target": -19.140536730008918, "params": {"colsample_bytree": 0.7296572481762986, "eta": 0.05744607664664989, "gamma": 441.27757598995044, "max_depth": 7.0, "min_child_weight": 4519.928101051968, "num_boost_round": 22.0, "subsample": 0.10618315697694908}, "datetime": {"datetime": "2024-01-20 15:45:24", "elapsed": 4892.517806, "delta": 0.006162}}
{"target": -19.1405342296924, "params": {"colsample_bytree": 0.7296572481762986, "eta": 0.05744607664664989, "gamma": 441.27757598995044, "max_depth": 7.0, "min_child_weight": 4519.928101051968, "num_boost_round": 23.0, "subsample": 0.10618315697694908}, "datetime": {"datetime": "2024-01-20 15:45:24", "elapsed": 4892.523847, "delta": 0.006041}}
{"target": -19.140540938272473, "params": {"colsample_bytree": 0.7296572481762986, "eta": 0.05744607664664989, "gamma": 441.27757598995044, "max_depth": 7.0, "min_child_weight": 4519.928101051968, "num_boost_round": 24.0, "subsample": 0.10618315697694908}, "datetime": {"datetime": "2024-01-20 15:45:24", "elapsed": 4892.5298, "delta": 0.005953}}
{"target": -19.140640224963228, "params": {"colsample_bytree": 0.7296572481762986, "eta": 0.05744607664664989, "gamma": 441.27757598995044, "max_depth": 7.0, "min_child_weight": 4519.928101051968, "num_boost_round": 25.0, "subsample": 0.10618315697694908}, "datetime": {"datetime": "2024-01-20 15:45:24", "elapsed": 4892.534394, "delta": 0.004594}}
{"target": -19.1406586010206, "params": {"colsample_bytree": 0.7296572481762986, "eta": 0.05744607664664989, "gamma": 441.27757598995044, "max_depth": 7.0, "min_child_weight": 4519.928101051968, "num_boost_round": 26.0, "subsample": 0.10618315697694908}, "datetime": {"datetime": "2024-01-20 15:45:24", "elapsed": 4892.539273, "delta": 0.004879}}
{"target": -19.14060718741308, "params": {"colsample_bytree": 0.7296572481762986, "eta": 0.05744607664664989, "gamma": 441.27757598995044, "max_depth": 7.0, "min_child_weight": 4519.928101051968, "num_boost_round": 27.0, "subsample": 0.10618315697694908}, "datetime": {"datetime": "2024-01-20 15:45:24", "elapsed": 4892.544061, "delta": 0.004788}}
{"target": -19.140983931179523, "params": {"colsample_bytree": 0.7296572481762986, "eta": 0.05744607664664989, "gamma": 441.27757598995044, "max_depth": 7.0, "min_child_weight": 4519.928101051968, "num_boost_round": 28.0, "subsample": 0.10618315697694908}, "datetime": {"datetime": "2024-01-20 15:45:24", "elapsed": 4892.548789, "delta": 0.004728}}
{"target": -19.140944927177184, "params": {"colsample_bytree": 0.7296572481762986, "eta": 0.05744607664664989, "gamma": 441.27757598995044, "max_depth": 7.0, "min_child_weight": 4519.928101051968, "num_boost_round": 29.0, "subsample": 0.10618315697694908}, "datetime": {"datetime": "2024-01-20 15:45:24", "elapsed": 4892.55303, "delta": 0.004241}}
{"target": -19.14125062632339, "params": {"colsample_bytree": 0.7296572481762986, "eta": 0.05744607664664989, "gamma": 441.27757598995044, "max_depth": 7.0, "min_child_weight": 4519.928101051968, "num_boost_round": 30.0, "subsample": 0.10618315697694908}, "datetime": {"datetime": "2024-01-20 15:45:24", "elapsed": 4892.557322, "delta": 0.004292}}
{"target": -19.141383605220003, "params": {"colsample_bytree": 0.7296572481762986, "eta": 0.05744607664664989, "gamma": 441.27757598995044, "max_depth": 7.0, "min_child_weight": 4519.928101051968, "num_boost_round": 31.0, "subsample": 0.10618315697694908}, "datetime": {"datetime": "2024-01-20 15:45:24", "elapsed": 4892.562046, "delta": 0.004724}}
{"target": -19.141631667934092, "params": {"colsample_bytree": 0.7296572481762986, "eta": 0.05744607664664989, "gamma": 441.27757598995044, "max_depth": 7.0, "min_child_weight": 4519.928101051968, "num_boost_round": 32.0, "subsample": 0.10618315697694908}, "datetime": {"datetime": "2024-01-20 15:45:24", "elapsed": 4892.566791, "delta": 0.004745}}
{"target": -19.141508634113485, "params": {"colsample_bytree": 0.7296572481762986, "eta": 0.05744607664664989, "gamma": 441.27757598995044, "max_depth": 7.0, "min_child_weight": 4519.928101051968, "num_boost_round": 33.0, "subsample": 0.10618315697694908}, "datetime": {"datetime": "2024-01-20 15:45:24", "elapsed": 4892.572062, "delta": 0.005271}}
{"target": -19.141657767633077, "params": {"colsample_bytree": 0.7296572481762986, "eta": 0.05744607664664989, "gamma": 441.27757598995044, "max_depth": 7.0, "min_child_weight": 4519.928101051968, "num_boost_round": 34.0, "subsample": 0.10618315697694908}, "datetime": {"datetime": "2024-01-20 15:45:24", "elapsed": 4892.577867, "delta": 0.005805}}
{"target": -19.14188769059517, "params": {"colsample_bytree": 0.7296572481762986, "eta": 0.05744607664664989, "gamma": 441.27757598995044, "max_depth": 7.0, "min_child_weight": 4519.928101051968, "num_boost_round": 35.0, "subsample": 0.10618315697694908}, "datetime": {"datetime": "2024-01-20 15:45:24", "elapsed": 4892.583685, "delta": 0.005818}}
{"target": -19.141998888301252, "params": {"colsample_bytree": 0.7296572481762986, "eta": 0.05744607664664989, "gamma": 441.27757598995044, "max_depth": 7.0, "min_child_weight": 4519.928101051968, "num_boost_round": 36.0, "subsample": 0.10618315697694908}, "datetime": {"datetime": "2024-01-20 15:45:24", "elapsed": 4892.58873, "delta": 0.005045}}
{"target": -19.14206448206651, "params": {"colsample_bytree": 0.7296572481762986, "eta": 0.05744607664664989, "gamma": 441.27757598995044, "max_depth": 7.0, "min_child_weight": 4519.928101051968, "num_boost_round": 37.0, "subsample": 0.10618315697694908}, "datetime": {"datetime": "2024-01-20 15:45:24", "elapsed": 4892.593567, "delta": 0.004837}}
{"target": -19.142303274408256, "params": {"colsample_bytree": 0.7296572481762986, "eta": 0.05744607664664989, "gamma": 441.27757598995044, "max_depth": 7.0, "min_child_weight": 4519.928101051968, "num_boost_round": 38.0, "subsample": 0.10618315697694908}, "datetime": {"datetime": "2024-01-20 15:45:24", "elapsed": 4892.599109, "delta": 0.005542}}
{"target": -19.14264412975537, "params": {"colsample_bytree": 0.7296572481762986, "eta": 0.05744607664664989, "gamma": 441.27757598995044, "max_depth": 7.0, "min_child_weight": 4519.928101051968, "num_boost_round": 39.0, "subsample": 0.10618315697694908}, "datetime": {"datetime": "2024-01-20 15:45:24", "elapsed": 4892.604708, "delta": 0.005599}}
{"target": -19.142975072295037, "params": {"colsample_bytree": 0.7296572481762986, "eta": 0.05744607664664989, "gamma": 441.27757598995044, "max_depth": 7.0, "min_child_weight": 4519.928101051968, "num_boost_round": 40.0, "subsample": 0.10618315697694908}, "datetime": {"datetime": "2024-01-20 15:45:24", "elapsed": 4892.610198, "delta": 0.00549}}
{"target": -19.143376799249964, "params": {"colsample_bytree": 0.7296572481762986, "eta": 0.05744607664664989, "gamma": 441.27757598995044, "max_depth": 7.0, "min_child_weight": 4519.928101051968, "num_boost_round": 41.0, "subsample": 0.10618315697694908}, "datetime": {"datetime": "2024-01-20 15:45:24", "elapsed": 4892.615959, "delta": 0.005761}}
{"target": -19.143420659252808, "params": {"colsample_bytree": 0.7296572481762986, "eta": 0.05744607664664989, "gamma": 441.27757598995044, "max_depth": 7.0, "min_child_weight": 4519.928101051968, "num_boost_round": 42.0, "subsample": 0.10618315697694908}, "datetime": {"datetime": "2024-01-20 15:45:24", "elapsed": 4892.621144, "delta": 0.005185}}
{"target": -19.143626315880045, "params": {"colsample_bytree": 0.7296572481762986, "eta": 0.05744607664664989, "gamma": 441.27757598995044, "max_depth": 7.0, "min_child_weight": 4519.928101051968, "num_boost_round": 43.0, "subsample": 0.10618315697694908}, "datetime": {"datetime": "2024-01-20 15:45:24", "elapsed": 4892.625747, "delta": 0.004603}}
{"target": -19.14385944505299, "params": {"colsample_bytree": 0.7296572481762986, "eta": 0.05744607664664989, "gamma": 441.27757598995044, "max_depth": 7.0, "min_child_weight": 4519.928101051968, "num_boost_round": 44.0, "subsample": 0.10618315697694908}, "datetime": {"datetime": "2024-01-20 15:45:24", "elapsed": 4892.630472, "delta": 0.004725}}
{"target": -19.144234667334246, "params": {"colsample_bytree": 0.7296572481762986, "eta": 0.05744607664664989, "gamma": 441.27757598995044, "max_depth": 7.0, "min_child_weight": 4519.928101051968, "num_boost_round": 45.0, "subsample": 0.10618315697694908}, "datetime": {"datetime": "2024-01-20 15:45:24", "elapsed": 4892.634834, "delta": 0.004362}}
{"target": -19.144267015948714, "params": {"colsample_bytree": 0.7296572481762986, "eta": 0.05744607664664989, "gamma": 441.27757598995044, "max_depth": 7.0, "min_child_weight": 4519.928101051968, "num_boost_round": 46.0, "subsample": 0.10618315697694908}, "datetime": {"datetime": "2024-01-20 15:45:24", "elapsed": 4892.639604, "delta": 0.00477}}
{"target": -19.14431955978783, "params": {"colsample_bytree": 0.7296572481762986, "eta": 0.05744607664664989, "gamma": 441.27757598995044, "max_depth": 7.0, "min_child_weight": 4519.928101051968, "num_boost_round": 47.0, "subsample": 0.10618315697694908}, "datetime": {"datetime": "2024-01-20 15:45:24", "elapsed": 4892.644267, "delta": 0.004663}}
{"target": -19.144328363772317, "params": {"colsample_bytree": 0.7296572481762986, "eta": 0.05744607664664989, "gamma": 441.27757598995044, "max_depth": 7.0, "min_child_weight": 4519.928101051968, "num_boost_round": 48.0, "subsample": 0.10618315697694908}, "datetime": {"datetime": "2024-01-20 15:45:24", "elapsed": 4892.648865, "delta": 0.004598}}
{"target": -19.144336833562495, "params": {"colsample_bytree": 0.7296572481762986, "eta": 0.05744607664664989, "gamma": 441.27757598995044, "max_depth": 7.0, "min_child_weight": 4519.928101051968, "num_boost_round": 49.0, "subsample": 0.10618315697694908}, "datetime": {"datetime": "2024-01-20 15:45:24", "elapsed": 4892.653121, "delta": 0.004256}}
{"target": -19.14413649119839, "params": {"colsample_bytree": 0.7296572481762986, "eta": 0.05744607664664989, "gamma": 441.27757598995044, "max_depth": 7.0, "min_child_weight": 4519.928101051968, "num_boost_round": 50.0, "subsample": 0.10618315697694908}, "datetime": {"datetime": "2024-01-20 15:45:24", "elapsed": 4892.657394, "delta": 0.004273}}
{"target": -19.14408660166059, "params": {"colsample_bytree": 0.7296572481762986, "eta": 0.05744607664664989, "gamma": 441.27757598995044, "max_depth": 7.0, "min_child_weight": 4519.928101051968, "num_boost_round": 51.0, "subsample": 0.10618315697694908}, "datetime": {"datetime": "2024-01-20 15:45:24", "elapsed": 4892.662025, "delta": 0.004631}}
{"target": -19.14410271411252, "params": {"colsample_bytree": 0.7296572481762986, "eta": 0.05744607664664989, "gamma": 441.27757598995044, "max_depth": 7.0, "min_child_weight": 4519.928101051968, "num_boost_round": 52.0, "subsample": 0.10618315697694908}, "datetime": {"datetime": "2024-01-20 15:45:24", "elapsed": 4892.667018, "delta": 0.004993}}
{"target": -19.144255637068888, "params": {"colsample_bytree": 0.7296572481762986, "eta": 0.05744607664664989, "gamma": 441.27757598995044, "max_depth": 7.0, "min_child_weight": 4519.928101051968, "num_boost_round": 53.0, "subsample": 0.10618315697694908}, "datetime": {"datetime": "2024-01-20 15:45:24", "elapsed": 4892.671407, "delta": 0.004389}}
{"target": -19.144468596983756, "params": {"colsample_bytree": 0.7296572481762986, "eta": 0.05744607664664989, "gamma": 441.27757598995044, "max_depth": 7.0, "min_child_weight": 4519.928101051968, "num_boost_round": 54.0, "subsample": 0.10618315697694908}, "datetime": {"datetime": "2024-01-20 15:45:24", "elapsed": 4892.67604, "delta": 0.004633}}
{"target": -19.144836413557663, "params": {"colsample_bytree": 0.7296572481762986, "eta": 0.05744607664664989, "gamma": 441.27757598995044, "max_depth": 7.0, "min_child_weight": 4519.928101051968, "num_boost_round": 55.0, "subsample": 0.10618315697694908}, "datetime": {"datetime": "2024-01-20 15:45:24", "elapsed": 4892.680627, "delta": 0.004587}}
{"target": -19.1449964960836, "params": {"colsample_bytree": 0.7296572481762986, "eta": 0.05744607664664989, "gamma": 441.27757598995044, "max_depth": 7.0, "min_child_weight": 4519.928101051968, "num_boost_round": 56.0, "subsample": 0.10618315697694908}, "datetime": {"datetime": "2024-01-20 15:45:24", "elapsed": 4892.68584, "delta": 0.005213}}
{"target": -19.14505836118571, "params": {"colsample_bytree": 0.7296572481762986, "eta": 0.05744607664664989, "gamma": 441.27757598995044, "max_depth": 7.0, "min_child_weight": 4519.928101051968, "num_boost_round": 57.0, "subsample": 0.10618315697694908}, "datetime": {"datetime": "2024-01-20 15:45:24", "elapsed": 4892.691043, "delta": 0.005203}}
{"target": -19.14517495606159, "params": {"colsample_bytree": 0.7296572481762986, "eta": 0.05744607664664989, "gamma": 441.27757598995044, "max_depth": 7.0, "min_child_weight": 4519.928101051968, "num_boost_round": 58.0, "subsample": 0.10618315697694908}, "datetime": {"datetime": "2024-01-20 15:45:24", "elapsed": 4892.695754, "delta": 0.004711}}
{"target": -19.14529181804523, "params": {"colsample_bytree": 0.7296572481762986, "eta": 0.05744607664664989, "gamma": 441.27757598995044, "max_depth": 7.0, "min_child_weight": 4519.928101051968, "num_boost_round": 59.0, "subsample": 0.10618315697694908}, "datetime": {"datetime": "2024-01-20 15:45:24", "elapsed": 4892.701414, "delta": 0.00566}}
{"target": -19.1453776400273, "params": {"colsample_bytree": 0.7296572481762986, "eta": 0.05744607664664989, "gamma": 441.27757598995044, "max_depth": 7.0, "min_child_weight": 4519.928101051968, "num_boost_round": 60.0, "subsample": 0.10618315697694908}, "datetime": {"datetime": "2024-01-20 15:45:24", "elapsed": 4892.707622, "delta": 0.006208}}
{"target": -19.145629662678402, "params": {"colsample_bytree": 0.7296572481762986, "eta": 0.05744607664664989, "gamma": 441.27757598995044, "max_depth": 7.0, "min_child_weight": 4519.928101051968, "num_boost_round": 61.0, "subsample": 0.10618315697694908}, "datetime": {"datetime": "2024-01-20 15:45:24", "elapsed": 4892.713042, "delta": 0.00542}}
{"target": -19.145739761650393, "params": {"colsample_bytree": 0.7296572481762986, "eta": 0.05744607664664989, "gamma": 441.27757598995044, "max_depth": 7.0, "min_child_weight": 4519.928101051968, "num_boost_round": 62.0, "subsample": 0.10618315697694908}, "datetime": {"datetime": "2024-01-20 15:45:24", "elapsed": 4892.717832, "delta": 0.00479}}
{"target": -19.14587847371013, "params": {"colsample_bytree": 0.7296572481762986, "eta": 0.05744607664664989, "gamma": 441.27757598995044, "max_depth": 7.0, "min_child_weight": 4519.928101051968, "num_boost_round": 63.0, "subsample": 0.10618315697694908}, "datetime": {"datetime": "2024-01-20 15:45:24", "elapsed": 4892.72251, "delta": 0.004678}}
{"target": -19.145846685553973, "params": {"colsample_bytree": 0.7296572481762986, "eta": 0.05744607664664989, "gamma": 441.27757598995044, "max_depth": 7.0, "min_child_weight": 4519.928101051968, "num_boost_round": 64.0, "subsample": 0.10618315697694908}, "datetime": {"datetime": "2024-01-20 15:45:24", "elapsed": 4892.727155, "delta": 0.004645}}
{"target": -19.145970155236817, "params": {"colsample_bytree": 0.7296572481762986, "eta": 0.05744607664664989, "gamma": 441.27757598995044, "max_depth": 7.0, "min_child_weight": 4519.928101051968, "num_boost_round": 65.0, "subsample": 0.10618315697694908}, "datetime": {"datetime": "2024-01-20 15:45:24", "elapsed": 4892.73173, "delta": 0.004575}}
{"target": -19.146381059383202, "params": {"colsample_bytree": 0.7296572481762986, "eta": 0.05744607664664989, "gamma": 441.27757598995044, "max_depth": 7.0, "min_child_weight": 4519.928101051968, "num_boost_round": 66.0, "subsample": 0.10618315697694908}, "datetime": {"datetime": "2024-01-20 15:45:24", "elapsed": 4892.736289, "delta": 0.004559}}
{"target": -19.14640218283097, "params": {"colsample_bytree": 0.7296572481762986, "eta": 0.05744607664664989, "gamma": 441.27757598995044, "max_depth": 7.0, "min_child_weight": 4519.928101051968, "num_boost_round": 67.0, "subsample": 0.10618315697694908}, "datetime": {"datetime": "2024-01-20 15:45:24", "elapsed": 4892.741153, "delta": 0.004864}}
{"target": -19.146559258648974, "params": {"colsample_bytree": 0.7296572481762986, "eta": 0.05744607664664989, "gamma": 441.27757598995044, "max_depth": 7.0, "min_child_weight": 4519.928101051968, "num_boost_round": 68.0, "subsample": 0.10618315697694908}, "datetime": {"datetime": "2024-01-20 15:45:24", "elapsed": 4892.745834, "delta": 0.004681}}
{"target": -19.14661895028736, "params": {"colsample_bytree": 0.7296572481762986, "eta": 0.05744607664664989, "gamma": 441.27757598995044, "max_depth": 7.0, "min_child_weight": 4519.928101051968, "num_boost_round": 69.0, "subsample": 0.10618315697694908}, "datetime": {"datetime": "2024-01-20 15:45:24", "elapsed": 4892.750216, "delta": 0.004382}}
{"target": -19.14680376594178, "params": {"colsample_bytree": 0.7296572481762986, "eta": 0.05744607664664989, "gamma": 441.27757598995044, "max_depth": 7.0, "min_child_weight": 4519.928101051968, "num_boost_round": 70.0, "subsample": 0.10618315697694908}, "datetime": {"datetime": "2024-01-20 15:45:24", "elapsed": 4892.755111, "delta": 0.004895}}
{"target": -19.146832568989936, "params": {"colsample_bytree": 0.7296572481762986, "eta": 0.05744607664664989, "gamma": 441.27757598995044, "max_depth": 7.0, "min_child_weight": 4519.928101051968, "num_boost_round": 71.0, "subsample": 0.10618315697694908}, "datetime": {"datetime": "2024-01-20 15:45:24", "elapsed": 4892.760572, "delta": 0.005461}}
{"target": -19.147304774885022, "params": {"colsample_bytree": 0.7296572481762986, "eta": 0.05744607664664989, "gamma": 441.27757598995044, "max_depth": 7.0, "min_child_weight": 4519.928101051968, "num_boost_round": 72.0, "subsample": 0.10618315697694908}, "datetime": {"datetime": "2024-01-20 15:45:24", "elapsed": 4892.765764, "delta": 0.005192}}
{"target": -19.147813875057487, "params": {"colsample_bytree": 0.7296572481762986, "eta": 0.05744607664664989, "gamma": 441.27757598995044, "max_depth": 7.0, "min_child_weight": 4519.928101051968, "num_boost_round": 73.0, "subsample": 0.10618315697694908}, "datetime": {"datetime": "2024-01-20 15:45:24", "elapsed": 4892.770442, "delta": 0.004678}}
{"target": -19.147984679337522, "params": {"colsample_bytree": 0.7296572481762986, "eta": 0.05744607664664989, "gamma": 441.27757598995044, "max_depth": 7.0, "min_child_weight": 4519.928101051968, "num_boost_round": 74.0, "subsample": 0.10618315697694908}, "datetime": {"datetime": "2024-01-20 15:45:24", "elapsed": 4892.775262, "delta": 0.00482}}
{"target": -19.148351227058274, "params": {"colsample_bytree": 0.7296572481762986, "eta": 0.05744607664664989, "gamma": 441.27757598995044, "max_depth": 7.0, "min_child_weight": 4519.928101051968, "num_boost_round": 75.0, "subsample": 0.10618315697694908}, "datetime": {"datetime": "2024-01-20 15:45:24", "elapsed": 4892.78093, "delta": 0.005668}}
