{"target": -10.477036534128002, "params": {"colsample_bytree": 0.6528491292068136, "eta": 0.08863081404669429, "gamma": 272.26511512267183, "max_depth": 2.0, "min_child_weight": 4799.080860901565, "num_boost_round": 26.0, "subsample": 0.16253007659324542}, "datetime": {"datetime": "2024-01-20 15:53:09", "elapsed": 8881.06862, "delta": 0.005963}}
{"target": -10.477185976593146, "params": {"colsample_bytree": 0.6528491292068136, "eta": 0.08863081404669429, "gamma": 272.26511512267183, "max_depth": 2.0, "min_child_weight": 4799.080860901565, "num_boost_round": 27.0, "subsample": 0.16253007659324542}, "datetime": {"datetime": "2024-01-20 15:53:09", "elapsed": 8881.074626, "delta": 0.006006}}
{"target": -10.477071485057602, "params": {"colsample_bytree": 0.6528491292068136, "eta": 0.08863081404669429, "gamma": 272.26511512267183, "max_depth": 2.0, "min_child_weight": 4799.080860901565, "num_boost_round": 28.0, "subsample": 0.16253007659324542}, "datetime": {"datetime": "2024-01-20 15:53:09", "elapsed": 8881.080547, "delta": 0.005921}}
{"target": -10.476993367229017, "params": {"colsample_bytree": 0.6528491292068136, "eta": 0.08863081404669429, "gamma": 272.26511512267183, "max_depth": 2.0, "min_child_weight": 4799.080860901565, "num_boost_round": 29.0, "subsample": 0.16253007659324542}, "datetime": {"datetime": "2024-01-20 15:53:09", "elapsed": 8881.086541, "delta": 0.005994}}
{"target": -10.476477654442323, "params": {"colsample_bytree": 0.6528491292068136, "eta": 0.08863081404669429, "gamma": 272.26511512267183, "max_depth": 2.0, "min_child_weight": 4799.080860901565, "num_boost_round": 30.0, "subsample": 0.16253007659324542}, "datetime": {"datetime": "2024-01-20 15:53:09", "elapsed": 8881.092468, "delta": 0.005927}}
{"target": -10.47646580452692, "params": {"colsample_bytree": 0.6528491292068136, "eta": 0.08863081404669429, "gamma": 272.26511512267183, "max_depth": 2.0, "min_child_weight": 4799.080860901565, "num_boost_round": 31.0, "subsample": 0.16253007659324542}, "datetime": {"datetime": "2024-01-20 15:53:09", "elapsed": 8881.098465, "delta": 0.005997}}
{"target": -10.476463644305417, "params": {"colsample_bytree": 0.6528491292068136, "eta": 0.08863081404669429, "gamma": 272.26511512267183, "max_depth": 2.0, "min_child_weight": 4799.080860901565, "num_boost_round": 32.0, "subsample": 0.16253007659324542}, "datetime": {"datetime": "2024-01-20 15:53:09", "elapsed": 8881.1044, "delta": 0.005935}}
{"target": -10.476531582898527, "params": {"colsample_bytree": 0.6528491292068136, "eta": 0.08863081404669429, "gamma": 272.26511512267183, "max_depth": 2.0, "min_child_weight": 4799.080860901565, "num_boost_round": 33.0, "subsample": 0.16253007659324542}, "datetime": {"datetime": "2024-01-20 15:53:09", "elapsed": 8881.110382, "delta": 0.005982}}
{"target": -10.476496982146063, "params": {"colsample_bytree": 0.6528491292068136, "eta": 0.08863081404669429, "gamma": 272.26511512267183, "max_depth": 2.0, "min_child_weight": 4799.080860901565, "num_boost_round": 34.0, "subsample": 0.16253007659324542}, "datetime": {"datetime": "2024-01-20 15:53:09", "elapsed": 8881.116312, "delta": 0.00593}}
{"target": -10.476812884600893, "params": {"colsample_bytree": 0.6528491292068136, "eta": 0.08863081404669429, "gamma": 272.26511512267183, "max_depth": 2.0, "min_child_weight": 4799.080860901565, "num_boost_round": 35.0, "subsample": 0.16253007659324542}, "datetime": {"datetime": "2024-01-20 15:53:09", "elapsed": 8881.122201, "delta": 0.005889}}
{"target": -10.47692109724032, "params": {"colsample_bytree": 0.6528491292068136, "eta": 0.08863081404669429, "gamma": 272.26511512267183, "max_depth": 2.0, "min_child_weight": 4799.080860901565, "num_boost_round": 36.0, "subsample": 0.16253007659324542}, "datetime": {"datetime": "2024-01-20 15:53:09", "elapsed": 8881.128105, "delta": 0.005904}}
{"target": -10.477045081278613, "params": {"colsample_bytree": 0.6528491292068136, "eta": 0.08863081404669429, "gamma": 272.26511512267183, "max_depth": 2.0, "min_child_weight": 4799.080860901565, "num_boost_round": 37.0, "subsample": 0.16253007659324542}, "datetime": {"datetime": "2024-01-20 15:53:09", "elapsed": 8881.134113, "delta": 0.006008}}
{"target": -10.47735507157814, "params": {"colsample_bytree": 0.6528491292068136, "eta": 0.08863081404669429, "gamma": 272.26511512267183, "max_depth": 2.0, "min_child_weight": 4799.080860901565, "num_boost_round": 38.0, "subsample": 0.16253007659324542}, "datetime": {"datetime": "2024-01-20 15:53:09", "elapsed": 8881.484921, "delta": 0.350808}}
{"target": -10.477539959342577, "params": {"colsample_bytree": 0.6528491292068136, "eta": 0.08863081404669429, "gamma": 272.26511512267183, "max_depth": 2.0, "min_child_weight": 4799.080860901565, "num_boost_round": 39.0, "subsample": 0.16253007659324542}, "datetime": {"datetime": "2024-01-20 15:53:09", "elapsed": 8881.492463, "delta": 0.007542}}
{"target": -10.477653095352396, "params": {"colsample_bytree": 0.6528491292068136, "eta": 0.08863081404669429, "gamma": 272.26511512267183, "max_depth": 2.0, "min_child_weight": 4799.080860901565, "num_boost_round": 40.0, "subsample": 0.16253007659324542}, "datetime": {"datetime": "2024-01-20 15:53:09", "elapsed": 8881.4998, "delta": 0.007337}}
{"target": -10.477568818940481, "params": {"colsample_bytree": 0.6528491292068136, "eta": 0.08863081404669429, "gamma": 272.26511512267183, "max_depth": 2.0, "min_child_weight": 4799.080860901565, "num_boost_round": 41.0, "subsample": 0.16253007659324542}, "datetime": {"datetime": "2024-01-20 15:53:09", "elapsed": 8881.506117, "delta": 0.006317}}
{"target": -10.477937257058525, "params": {"colsample_bytree": 0.6528491292068136, "eta": 0.08863081404669429, "gamma": 272.26511512267183, "max_depth": 2.0, "min_child_weight": 4799.080860901565, "num_boost_round": 42.0, "subsample": 0.16253007659324542}, "datetime": {"datetime": "2024-01-20 15:53:09", "elapsed": 8881.512186, "delta": 0.006069}}
{"target": -10.477974822235995, "params": {"colsample_bytree": 0.6528491292068136, "eta": 0.08863081404669429, "gamma": 272.26511512267183, "max_depth": 2.0, "min_child_weight": 4799.080860901565, "num_boost_round": 43.0, "subsample": 0.16253007659324542}, "datetime": {"datetime": "2024-01-20 15:53:09", "elapsed": 8881.51822, "delta": 0.006034}}
{"target": -10.477713469074327, "params": {"colsample_bytree": 0.6528491292068136, "eta": 0.08863081404669429, "gamma": 272.26511512267183, "max_depth": 2.0, "min_child_weight": 4799.080860901565, "num_boost_round": 44.0, "subsample": 0.16253007659324542}, "datetime": {"datetime": "2024-01-20 15:53:09", "elapsed": 8881.524301, "delta": 0.006081}}
{"target": -10.477673695156454, "params": {"colsample_bytree": 0.6528491292068136, "eta": 0.08863081404669429, "gamma": 272.26511512267183, "max_depth": 2.0, "min_child_weight": 4799.080860901565, "num_boost_round": 45.0, "subsample": 0.16253007659324542}, "datetime": {"datetime": "2024-01-20 15:53:09", "elapsed": 8881.530306, "delta": 0.006005}}
{"target": -10.477730019423769, "params": {"colsample_bytree": 0.6528491292068136, "eta": 0.08863081404669429, "gamma": 272.26511512267183, "max_depth": 2.0, "min_child_weight": 4799.080860901565, "num_boost_round": 46.0, "subsample": 0.16253007659324542}, "datetime": {"datetime": "2024-01-20 15:53:09", "elapsed": 8881.536447, "delta": 0.006141}}
{"target": -10.477740534931296, "params": {"colsample_bytree": 0.6528491292068136, "eta": 0.08863081404669429, "gamma": 272.26511512267183, "max_depth": 2.0, "min_child_weight": 4799.080860901565, "num_boost_round": 47.0, "subsample": 0.16253007659324542}, "datetime": {"datetime": "2024-01-20 15:53:09", "elapsed": 8881.542541, "delta": 0.006094}}
{"target": -10.477582955953348, "params": {"colsample_bytree": 0.6528491292068136, "eta": 0.08863081404669429, "gamma": 272.26511512267183, "max_depth": 2.0, "min_child_weight": 4799.080860901565, "num_boost_round": 48.0, "subsample": 0.16253007659324542}, "datetime": {"datetime": "2024-01-20 15:53:09", "elapsed": 8881.548673, "delta": 0.006132}}
{"target": -10.477605950878601, "params": {"colsample_bytree": 0.6528491292068136, "eta": 0.08863081404669429, "gamma": 272.26511512267183, "max_depth": 2.0, "min_child_weight": 4799.080860901565, "num_boost_round": 49.0, "subsample": 0.16253007659324542}, "datetime": {"datetime": "2024-01-20 15:53:09", "elapsed": 8881.554838, "delta": 0.006165}}
{"target": -10.477736961739387, "params": {"colsample_bytree": 0.6528491292068136, "eta": 0.08863081404669429, "gamma": 272.26511512267183, "max_depth": 2.0, "min_child_weight": 4799.080860901565, "num_boost_round": 50.0, "subsample": 0.16253007659324542}, "datetime": {"datetime": "2024-01-20 15:53:09", "elapsed": 8881.560963, "delta": 0.006125}}
{"target": -10.47787278427574, "params": {"colsample_bytree": 0.6528491292068136, "eta": 0.08863081404669429, "gamma": 272.26511512267183, "max_depth": 2.0, "min_child_weight": 4799.080860901565, "num_boost_round": 51.0, "subsample": 0.16253007659324542}, "datetime": {"datetime": "2024-01-20 15:53:09", "elapsed": 8881.567016, "delta": 0.006053}}
{"target": -10.478211903694723, "params": {"colsample_bytree": 0.6528491292068136, "eta": 0.08863081404669429, "gamma": 272.26511512267183, "max_depth": 2.0, "min_child_weight": 4799.080860901565, "num_boost_round": 52.0, "subsample": 0.16253007659324542}, "datetime": {"datetime": "2024-01-20 15:53:09", "elapsed": 8881.573188, "delta": 0.006172}}
{"target": -10.478405060297094, "params": {"colsample_bytree": 0.6528491292068136, "eta": 0.08863081404669429, "gamma": 272.26511512267183, "max_depth": 2.0, "min_child_weight": 4799.080860901565, "num_boost_round": 53.0, "subsample": 0.16253007659324542}, "datetime": {"datetime": "2024-01-20 15:53:09", "elapsed": 8881.579368, "delta": 0.00618}}
{"target": -10.478168041547713, "params": {"colsample_bytree": 0.6528491292068136, "eta": 0.08863081404669429, "gamma": 272.26511512267183, "max_depth": 2.0, "min_child_weight": 4799.080860901565, "num_boost_round": 54.0, "subsample": 0.16253007659324542}, "datetime": {"datetime": "2024-01-20 15:53:09", "elapsed": 8881.585441, "delta": 0.006073}}
{"target": -10.478147949694662, "params": {"colsample_bytree": 0.6528491292068136, "eta": 0.08863081404669429, "gamma": 272.26511512267183, "max_depth": 2.0, "min_child_weight": 4799.080860901565, "num_boost_round": 55.0, "subsample": 0.16253007659324542}, "datetime": {"datetime": "2024-01-20 15:53:09", "elapsed": 8881.59162, "delta": 0.006179}}
{"target": -10.478222356984965, "params": {"colsample_bytree": 0.6528491292068136, "eta": 0.08863081404669429, "gamma": 272.26511512267183, "max_depth": 2.0, "min_child_weight": 4799.080860901565, "num_boost_round": 56.0, "subsample": 0.16253007659324542}, "datetime": {"datetime": "2024-01-20 15:53:09", "elapsed": 8881.597793, "delta": 0.006173}}
{"target": -10.477937682534005, "params": {"colsample_bytree": 0.6528491292068136, "eta": 0.08863081404669429, "gamma": 272.26511512267183, "max_depth": 2.0, "min_child_weight": 4799.080860901565, "num_boost_round": 57.0, "subsample": 0.16253007659324542}, "datetime": {"datetime": "2024-01-20 15:53:09", "elapsed": 8881.60398, "delta": 0.006187}}
{"target": -10.477948348500338, "params": {"colsample_bytree": 0.6528491292068136, "eta": 0.08863081404669429, "gamma": 272.26511512267183, "max_depth": 2.0, "min_child_weight": 4799.080860901565, "num_boost_round": 58.0, "subsample": 0.16253007659324542}, "datetime": {"datetime": "2024-01-20 15:53:09", "elapsed": 8881.610125, "delta": 0.006145}}
{"target": -10.476130373365297, "params": {"colsample_bytree": 0.18260933706208987, "eta": 0.00611193762227039, "gamma": 282.95187662148027, "max_depth": 2.0, "min_child_weight": 4899.529305620129, "num_boost_round": 1.0, "subsample": 0.7473746351009771}, "datetime": {"datetime": "2024-01-20 15:54:47", "elapsed": 8979.43747, "delta": 97.827345}}
{"target": -10.476115134722752, "params": {"colsample_bytree": 0.18260933706208987, "eta": 0.00611193762227039, "gamma": 282.95187662148027, "max_depth": 2.0, "min_child_weight": 4899.529305620129, "num_boost_round": 2.0, "subsample": 0.7473746351009771}, "datetime": {"datetime": "2024-01-20 15:54:47", "elapsed": 8979.444681, "delta": 0.007211}}
{"target": -10.476125067398252, "params": {"colsample_bytree": 0.18260933706208987, "eta": 0.00611193762227039, "gamma": 282.95187662148027, "max_depth": 2.0, "min_child_weight": 4899.529305620129, "num_boost_round": 3.0, "subsample": 0.7473746351009771}, "datetime": {"datetime": "2024-01-20 15:54:47", "elapsed": 8979.450779, "delta": 0.006098}}
{"target": -10.476149828122061, "params": {"colsample_bytree": 0.18260933706208987, "eta": 0.00611193762227039, "gamma": 282.95187662148027, "max_depth": 2.0, "min_child_weight": 4899.529305620129, "num_boost_round": 4.0, "subsample": 0.7473746351009771}, "datetime": {"datetime": "2024-01-20 15:54:47", "elapsed": 8979.45704, "delta": 0.006261}}
{"target": -10.47614658240782, "params": {"colsample_bytree": 0.18260933706208987, "eta": 0.00611193762227039, "gamma": 282.95187662148027, "max_depth": 2.0, "min_child_weight": 4899.529305620129, "num_boost_round": 5.0, "subsample": 0.7473746351009771}, "datetime": {"datetime": "2024-01-20 15:54:47", "elapsed": 8979.463219, "delta": 0.006179}}
{"target": -10.476168607628777, "params": {"colsample_bytree": 0.18260933706208987, "eta": 0.00611193762227039, "gamma": 282.95187662148027, "max_depth": 2.0, "min_child_weight": 4899.529305620129, "num_boost_round": 6.0, "subsample": 0.7473746351009771}, "datetime": {"datetime": "2024-01-20 15:54:47", "elapsed": 8979.469536, "delta": 0.006317}}
{"target": -10.476174983639059, "params": {"colsample_bytree": 0.18260933706208987, "eta": 0.00611193762227039, "gamma": 282.95187662148027, "max_depth": 2.0, "min_child_weight": 4899.529305620129, "num_boost_round": 7.0, "subsample": 0.7473746351009771}, "datetime": {"datetime": "2024-01-20 15:54:47", "elapsed": 8979.476476, "delta": 0.00694}}
{"target": -10.47616957751058, "params": {"colsample_bytree": 0.18260933706208987, "eta": 0.00611193762227039, "gamma": 282.95187662148027, "max_depth": 2.0, "min_child_weight": 4899.529305620129, "num_boost_round": 8.0, "subsample": 0.7473746351009771}, "datetime": {"datetime": "2024-01-20 15:54:47", "elapsed": 8979.483142, "delta": 0.006666}}
{"target": -10.476164363336515, "params": {"colsample_bytree": 0.18260933706208987, "eta": 0.00611193762227039, "gamma": 282.95187662148027, "max_depth": 2.0, "min_child_weight": 4899.529305620129, "num_boost_round": 9.0, "subsample": 0.7473746351009771}, "datetime": {"datetime": "2024-01-20 15:54:47", "elapsed": 8979.489356, "delta": 0.006214}}
{"target": -10.476213912409067, "params": {"colsample_bytree": 0.18260933706208987, "eta": 0.00611193762227039, "gamma": 282.95187662148027, "max_depth": 2.0, "min_child_weight": 4899.529305620129, "num_boost_round": 10.0, "subsample": 0.7473746351009771}, "datetime": {"datetime": "2024-01-20 15:54:47", "elapsed": 8979.495409, "delta": 0.006053}}
{"target": -10.47624580893575, "params": {"colsample_bytree": 0.18260933706208987, "eta": 0.00611193762227039, "gamma": 282.95187662148027, "max_depth": 2.0, "min_child_weight": 4899.529305620129, "num_boost_round": 11.0, "subsample": 0.7473746351009771}, "datetime": {"datetime": "2024-01-20 15:54:47", "elapsed": 8979.501525, "delta": 0.006116}}
{"target": -10.476249843836658, "params": {"colsample_bytree": 0.18260933706208987, "eta": 0.00611193762227039, "gamma": 282.95187662148027, "max_depth": 2.0, "min_child_weight": 4899.529305620129, "num_boost_round": 12.0, "subsample": 0.7473746351009771}, "datetime": {"datetime": "2024-01-20 15:54:47", "elapsed": 8979.507665, "delta": 0.00614}}
{"target": -10.476249297454531, "params": {"colsample_bytree": 0.18260933706208987, "eta": 0.00611193762227039, "gamma": 282.95187662148027, "max_depth": 2.0, "min_child_weight": 4899.529305620129, "num_boost_round": 13.0, "subsample": 0.7473746351009771}, "datetime": {"datetime": "2024-01-20 15:54:47", "elapsed": 8979.51372, "delta": 0.006055}}
{"target": -10.476261483277263, "params": {"colsample_bytree": 0.18260933706208987, "eta": 0.00611193762227039, "gamma": 282.95187662148027, "max_depth": 2.0, "min_child_weight": 4899.529305620129, "num_boost_round": 14.0, "subsample": 0.7473746351009771}, "datetime": {"datetime": "2024-01-20 15:54:47", "elapsed": 8979.519855, "delta": 0.006135}}
{"target": -10.476271193549415, "params": {"colsample_bytree": 0.18260933706208987, "eta": 0.00611193762227039, "gamma": 282.95187662148027, "max_depth": 2.0, "min_child_weight": 4899.529305620129, "num_boost_round": 15.0, "subsample": 0.7473746351009771}, "datetime": {"datetime": "2024-01-20 15:54:47", "elapsed": 8979.525951, "delta": 0.006096}}
{"target": -10.47629387335095, "params": {"colsample_bytree": 0.18260933706208987, "eta": 0.00611193762227039, "gamma": 282.95187662148027, "max_depth": 2.0, "min_child_weight": 4899.529305620129, "num_boost_round": 16.0, "subsample": 0.7473746351009771}, "datetime": {"datetime": "2024-01-20 15:54:47", "elapsed": 8979.53213, "delta": 0.006179}}
{"target": -10.476318345985204, "params": {"colsample_bytree": 0.18260933706208987, "eta": 0.00611193762227039, "gamma": 282.95187662148027, "max_depth": 2.0, "min_child_weight": 4899.529305620129, "num_boost_round": 17.0, "subsample": 0.7473746351009771}, "datetime": {"datetime": "2024-01-20 15:54:47", "elapsed": 8979.538232, "delta": 0.006102}}
{"target": -10.476329785891725, "params": {"colsample_bytree": 0.18260933706208987, "eta": 0.00611193762227039, "gamma": 282.95187662148027, "max_depth": 2.0, "min_child_weight": 4899.529305620129, "num_boost_round": 18.0, "subsample": 0.7473746351009771}, "datetime": {"datetime": "2024-01-20 15:54:47", "elapsed": 8979.544341, "delta": 0.006109}}
{"target": -10.476336385317913, "params": {"colsample_bytree": 0.18260933706208987, "eta": 0.00611193762227039, "gamma": 282.95187662148027, "max_depth": 2.0, "min_child_weight": 4899.529305620129, "num_boost_round": 19.0, "subsample": 0.7473746351009771}, "datetime": {"datetime": "2024-01-20 15:54:47", "elapsed": 8979.550411, "delta": 0.00607}}
{"target": -10.476320144640052, "params": {"colsample_bytree": 0.18260933706208987, "eta": 0.00611193762227039, "gamma": 282.95187662148027, "max_depth": 2.0, "min_child_weight": 4899.529305620129, "num_boost_round": 20.0, "subsample": 0.7473746351009771}, "datetime": {"datetime": "2024-01-20 15:54:47", "elapsed": 8979.556426, "delta": 0.006015}}
{"target": -10.476350991363061, "params": {"colsample_bytree": 0.18260933706208987, "eta": 0.00611193762227039, "gamma": 282.95187662148027, "max_depth": 2.0, "min_child_weight": 4899.529305620129, "num_boost_round": 21.0, "subsample": 0.7473746351009771}, "datetime": {"datetime": "2024-01-20 15:54:47", "elapsed": 8979.562516, "delta": 0.00609}}
{"target": -10.476344857965291, "params": {"colsample_bytree": 0.18260933706208987, "eta": 0.00611193762227039, "gamma": 282.95187662148027, "max_depth": 2.0, "min_child_weight": 4899.529305620129, "num_boost_round": 22.0, "subsample": 0.7473746351009771}, "datetime": {"datetime": "2024-01-20 15:54:47", "elapsed": 8979.568581, "delta": 0.006065}}
{"target": -10.47635895361226, "params": {"colsample_bytree": 0.18260933706208987, "eta": 0.00611193762227039, "gamma": 282.95187662148027, "max_depth": 2.0, "min_child_weight": 4899.529305620129, "num_boost_round": 23.0, "subsample": 0.7473746351009771}, "datetime": {"datetime": "2024-01-20 15:54:47", "elapsed": 8979.574656, "delta": 0.006075}}
{"target": -10.476360204608966, "params": {"colsample_bytree": 0.18260933706208987, "eta": 0.00611193762227039, "gamma": 282.95187662148027, "max_depth": 2.0, "min_child_weight": 4899.529305620129, "num_boost_round": 24.0, "subsample": 0.7473746351009771}, "datetime": {"datetime": "2024-01-20 15:54:47", "elapsed": 8979.580656, "delta": 0.006}}
{"target": -10.476367446538724, "params": {"colsample_bytree": 0.18260933706208987, "eta": 0.00611193762227039, "gamma": 282.95187662148027, "max_depth": 2.0, "min_child_weight": 4899.529305620129, "num_boost_round": 25.0, "subsample": 0.7473746351009771}, "datetime": {"datetime": "2024-01-20 15:54:47", "elapsed": 8979.586776, "delta": 0.00612}}
{"target": -10.476371049397367, "params": {"colsample_bytree": 0.18260933706208987, "eta": 0.00611193762227039, "gamma": 282.95187662148027, "max_depth": 2.0, "min_child_weight": 4899.529305620129, "num_boost_round": 26.0, "subsample": 0.7473746351009771}, "datetime": {"datetime": "2024-01-20 15:54:47", "elapsed": 8979.592854, "delta": 0.006078}}
{"target": -10.476415889908967, "params": {"colsample_bytree": 0.18260933706208987, "eta": 0.00611193762227039, "gamma": 282.95187662148027, "max_depth": 2.0, "min_child_weight": 4899.529305620129, "num_boost_round": 27.0, "subsample": 0.7473746351009771}, "datetime": {"datetime": "2024-01-20 15:54:47", "elapsed": 8979.599034, "delta": 0.00618}}
{"target": -10.47643846894938, "params": {"colsample_bytree": 0.18260933706208987, "eta": 0.00611193762227039, "gamma": 282.95187662148027, "max_depth": 2.0, "min_child_weight": 4899.529305620129, "num_boost_round": 28.0, "subsample": 0.7473746351009771}, "datetime": {"datetime": "2024-01-20 15:54:47", "elapsed": 8979.605132, "delta": 0.006098}}
{"target": -10.476438690208386, "params": {"colsample_bytree": 0.18260933706208987, "eta": 0.00611193762227039, "gamma": 282.95187662148027, "max_depth": 2.0, "min_child_weight": 4899.529305620129, "num_boost_round": 29.0, "subsample": 0.7473746351009771}, "datetime": {"datetime": "2024-01-20 15:54:47", "elapsed": 8979.945463, "delta": 0.340331}}
{"target": -10.476453042726725, "params": {"colsample_bytree": 0.18260933706208987, "eta": 0.00611193762227039, "gamma": 282.95187662148027, "max_depth": 2.0, "min_child_weight": 4899.529305620129, "num_boost_round": 30.0, "subsample": 0.7473746351009771}, "datetime": {"datetime": "2024-01-20 15:54:47", "elapsed": 8979.953068, "delta": 0.007605}}
