{"target": -15.153368604808946, "params": {"colsample_bytree": 0.8944699636053128, "eta": 0.021954593544399194, "gamma": 599.4692641972963, "max_depth": 2.0, "min_child_weight": 4206.3937385947775, "num_boost_round": 56.0, "subsample": 0.7954025403187429}, "datetime": {"datetime": "2024-01-20 15:26:42", "elapsed": 3760.273905, "delta": 0.004607}}
{"target": -15.153313108593865, "params": {"colsample_bytree": 0.8944699636053128, "eta": 0.021954593544399194, "gamma": 599.4692641972963, "max_depth": 2.0, "min_child_weight": 4206.3937385947775, "num_boost_round": 57.0, "subsample": 0.7954025403187429}, "datetime": {"datetime": "2024-01-20 15:26:42", "elapsed": 3760.282446, "delta": 0.008541}}
{"target": -15.15316323286465, "params": {"colsample_bytree": 0.8944699636053128, "eta": 0.021954593544399194, "gamma": 599.4692641972963, "max_depth": 2.0, "min_child_weight": 4206.3937385947775, "num_boost_round": 58.0, "subsample": 0.7954025403187429}, "datetime": {"datetime": "2024-01-20 15:26:42", "elapsed": 3760.287233, "delta": 0.004787}}
{"target": -15.153202431180539, "params": {"colsample_bytree": 0.8944699636053128, "eta": 0.021954593544399194, "gamma": 599.4692641972963, "max_depth": 2.0, "min_child_weight": 4206.3937385947775, "num_boost_round": 59.0, "subsample": 0.7954025403187429}, "datetime": {"datetime": "2024-01-20 15:26:42", "elapsed": 3760.291649, "delta": 0.004416}}
{"target": -15.153317118064338, "params": {"colsample_bytree": 0.8944699636053128, "eta": 0.021954593544399194, "gamma": 599.4692641972963, "max_depth": 2.0, "min_child_weight": 4206.3937385947775, "num_boost_round": 60.0, "subsample": 0.7954025403187429}, "datetime": {"datetime": "2024-01-20 15:26:42", "elapsed": 3760.296043, "delta": 0.004394}}
{"target": -15.153207434961132, "params": {"colsample_bytree": 0.8944699636053128, "eta": 0.021954593544399194, "gamma": 599.4692641972963, "max_depth": 2.0, "min_child_weight": 4206.3937385947775, "num_boost_round": 61.0, "subsample": 0.7954025403187429}, "datetime": {"datetime": "2024-01-20 15:26:42", "elapsed": 3760.300456, "delta": 0.004413}}
{"target": -15.153139271314945, "params": {"colsample_bytree": 0.8944699636053128, "eta": 0.021954593544399194, "gamma": 599.4692641972963, "max_depth": 2.0, "min_child_weight": 4206.3937385947775, "num_boost_round": 62.0, "subsample": 0.7954025403187429}, "datetime": {"datetime": "2024-01-20 15:26:42", "elapsed": 3760.305159, "delta": 0.004703}}
{"target": -15.153054210619835, "params": {"colsample_bytree": 0.8944699636053128, "eta": 0.021954593544399194, "gamma": 599.4692641972963, "max_depth": 2.0, "min_child_weight": 4206.3937385947775, "num_boost_round": 63.0, "subsample": 0.7954025403187429}, "datetime": {"datetime": "2024-01-20 15:26:42", "elapsed": 3760.309556, "delta": 0.004397}}
{"target": -15.153121551411719, "params": {"colsample_bytree": 0.8944699636053128, "eta": 0.021954593544399194, "gamma": 599.4692641972963, "max_depth": 2.0, "min_child_weight": 4206.3937385947775, "num_boost_round": 64.0, "subsample": 0.7954025403187429}, "datetime": {"datetime": "2024-01-20 15:26:42", "elapsed": 3760.313956, "delta": 0.0044}}
{"target": -15.153019851997808, "params": {"colsample_bytree": 0.8944699636053128, "eta": 0.021954593544399194, "gamma": 599.4692641972963, "max_depth": 2.0, "min_child_weight": 4206.3937385947775, "num_boost_round": 65.0, "subsample": 0.7954025403187429}, "datetime": {"datetime": "2024-01-20 15:26:42", "elapsed": 3760.31843, "delta": 0.004474}}
{"target": -15.153159885704337, "params": {"colsample_bytree": 0.8944699636053128, "eta": 0.021954593544399194, "gamma": 599.4692641972963, "max_depth": 2.0, "min_child_weight": 4206.3937385947775, "num_boost_round": 66.0, "subsample": 0.7954025403187429}, "datetime": {"datetime": "2024-01-20 15:26:42", "elapsed": 3760.323129, "delta": 0.004699}}
{"target": -15.153303129827853, "params": {"colsample_bytree": 0.8944699636053128, "eta": 0.021954593544399194, "gamma": 599.4692641972963, "max_depth": 2.0, "min_child_weight": 4206.3937385947775, "num_boost_round": 67.0, "subsample": 0.7954025403187429}, "datetime": {"datetime": "2024-01-20 15:26:42", "elapsed": 3760.327542, "delta": 0.004413}}
{"target": -15.153227253857734, "params": {"colsample_bytree": 0.8944699636053128, "eta": 0.021954593544399194, "gamma": 599.4692641972963, "max_depth": 2.0, "min_child_weight": 4206.3937385947775, "num_boost_round": 68.0, "subsample": 0.7954025403187429}, "datetime": {"datetime": "2024-01-20 15:26:42", "elapsed": 3760.331971, "delta": 0.004429}}
{"target": -15.153105181082243, "params": {"colsample_bytree": 0.8944699636053128, "eta": 0.021954593544399194, "gamma": 599.4692641972963, "max_depth": 2.0, "min_child_weight": 4206.3937385947775, "num_boost_round": 69.0, "subsample": 0.7954025403187429}, "datetime": {"datetime": "2024-01-20 15:26:42", "elapsed": 3760.336417, "delta": 0.004446}}
{"target": -15.153190354590961, "params": {"colsample_bytree": 0.8944699636053128, "eta": 0.021954593544399194, "gamma": 599.4692641972963, "max_depth": 2.0, "min_child_weight": 4206.3937385947775, "num_boost_round": 70.0, "subsample": 0.7954025403187429}, "datetime": {"datetime": "2024-01-20 15:26:42", "elapsed": 3760.341109, "delta": 0.004692}}
{"target": -15.172880428232762, "params": {"colsample_bytree": 0.34345366068980687, "eta": 0.006224614878191276, "gamma": 601.0128615956805, "max_depth": 7.0, "min_child_weight": 4190.050299795821, "num_boost_round": 1.0, "subsample": 0.15442571552873952}, "datetime": {"datetime": "2024-01-20 15:28:27", "elapsed": 3864.624096, "delta": 104.282987}}
{"target": -15.172726032709463, "params": {"colsample_bytree": 0.34345366068980687, "eta": 0.006224614878191276, "gamma": 601.0128615956805, "max_depth": 7.0, "min_child_weight": 4190.050299795821, "num_boost_round": 2.0, "subsample": 0.15442571552873952}, "datetime": {"datetime": "2024-01-20 15:28:27", "elapsed": 3864.629825, "delta": 0.005729}}
{"target": -15.172565462728697, "params": {"colsample_bytree": 0.34345366068980687, "eta": 0.006224614878191276, "gamma": 601.0128615956805, "max_depth": 7.0, "min_child_weight": 4190.050299795821, "num_boost_round": 3.0, "subsample": 0.15442571552873952}, "datetime": {"datetime": "2024-01-20 15:28:27", "elapsed": 3864.634715, "delta": 0.00489}}
{"target": -15.172554815611578, "params": {"colsample_bytree": 0.34345366068980687, "eta": 0.006224614878191276, "gamma": 601.0128615956805, "max_depth": 7.0, "min_child_weight": 4190.050299795821, "num_boost_round": 4.0, "subsample": 0.15442571552873952}, "datetime": {"datetime": "2024-01-20 15:28:27", "elapsed": 3864.639378, "delta": 0.004663}}
{"target": -15.172216346530359, "params": {"colsample_bytree": 0.34345366068980687, "eta": 0.006224614878191276, "gamma": 601.0128615956805, "max_depth": 7.0, "min_child_weight": 4190.050299795821, "num_boost_round": 5.0, "subsample": 0.15442571552873952}, "datetime": {"datetime": "2024-01-20 15:28:27", "elapsed": 3864.644289, "delta": 0.004911}}
{"target": -15.172007914523949, "params": {"colsample_bytree": 0.34345366068980687, "eta": 0.006224614878191276, "gamma": 601.0128615956805, "max_depth": 7.0, "min_child_weight": 4190.050299795821, "num_boost_round": 6.0, "subsample": 0.15442571552873952}, "datetime": {"datetime": "2024-01-20 15:28:27", "elapsed": 3864.649142, "delta": 0.004853}}
{"target": -15.171855355387668, "params": {"colsample_bytree": 0.34345366068980687, "eta": 0.006224614878191276, "gamma": 601.0128615956805, "max_depth": 7.0, "min_child_weight": 4190.050299795821, "num_boost_round": 7.0, "subsample": 0.15442571552873952}, "datetime": {"datetime": "2024-01-20 15:28:27", "elapsed": 3864.653753, "delta": 0.004611}}
{"target": -15.171604310385657, "params": {"colsample_bytree": 0.34345366068980687, "eta": 0.006224614878191276, "gamma": 601.0128615956805, "max_depth": 7.0, "min_child_weight": 4190.050299795821, "num_boost_round": 8.0, "subsample": 0.15442571552873952}, "datetime": {"datetime": "2024-01-20 15:28:27", "elapsed": 3864.658507, "delta": 0.004754}}
{"target": -15.17157718320442, "params": {"colsample_bytree": 0.34345366068980687, "eta": 0.006224614878191276, "gamma": 601.0128615956805, "max_depth": 7.0, "min_child_weight": 4190.050299795821, "num_boost_round": 9.0, "subsample": 0.15442571552873952}, "datetime": {"datetime": "2024-01-20 15:28:27", "elapsed": 3864.663718, "delta": 0.005211}}
{"target": -15.171440735987442, "params": {"colsample_bytree": 0.34345366068980687, "eta": 0.006224614878191276, "gamma": 601.0128615956805, "max_depth": 7.0, "min_child_weight": 4190.050299795821, "num_boost_round": 10.0, "subsample": 0.15442571552873952}, "datetime": {"datetime": "2024-01-20 15:28:27", "elapsed": 3864.668815, "delta": 0.005097}}
{"target": -15.171390060588209, "params": {"colsample_bytree": 0.34345366068980687, "eta": 0.006224614878191276, "gamma": 601.0128615956805, "max_depth": 7.0, "min_child_weight": 4190.050299795821, "num_boost_round": 11.0, "subsample": 0.15442571552873952}, "datetime": {"datetime": "2024-01-20 15:28:27", "elapsed": 3864.673358, "delta": 0.004543}}
{"target": -15.171386906008248, "params": {"colsample_bytree": 0.34345366068980687, "eta": 0.006224614878191276, "gamma": 601.0128615956805, "max_depth": 7.0, "min_child_weight": 4190.050299795821, "num_boost_round": 12.0, "subsample": 0.15442571552873952}, "datetime": {"datetime": "2024-01-20 15:28:27", "elapsed": 3864.678139, "delta": 0.004781}}
{"target": -15.171379921344435, "params": {"colsample_bytree": 0.34345366068980687, "eta": 0.006224614878191276, "gamma": 601.0128615956805, "max_depth": 7.0, "min_child_weight": 4190.050299795821, "num_boost_round": 13.0, "subsample": 0.15442571552873952}, "datetime": {"datetime": "2024-01-20 15:28:27", "elapsed": 3864.682951, "delta": 0.004812}}
{"target": -15.17121182129912, "params": {"colsample_bytree": 0.34345366068980687, "eta": 0.006224614878191276, "gamma": 601.0128615956805, "max_depth": 7.0, "min_child_weight": 4190.050299795821, "num_boost_round": 14.0, "subsample": 0.15442571552873952}, "datetime": {"datetime": "2024-01-20 15:28:27", "elapsed": 3864.687943, "delta": 0.004992}}
{"target": -15.17102646889067, "params": {"colsample_bytree": 0.34345366068980687, "eta": 0.006224614878191276, "gamma": 601.0128615956805, "max_depth": 7.0, "min_child_weight": 4190.050299795821, "num_boost_round": 15.0, "subsample": 0.15442571552873952}, "datetime": {"datetime": "2024-01-20 15:28:27", "elapsed": 3864.692643, "delta": 0.0047}}
{"target": -15.170925539414263, "params": {"colsample_bytree": 0.34345366068980687, "eta": 0.006224614878191276, "gamma": 601.0128615956805, "max_depth": 7.0, "min_child_weight": 4190.050299795821, "num_boost_round": 16.0, "subsample": 0.15442571552873952}, "datetime": {"datetime": "2024-01-20 15:28:27", "elapsed": 3864.697292, "delta": 0.004649}}
{"target": -15.170646788511519, "params": {"colsample_bytree": 0.34345366068980687, "eta": 0.006224614878191276, "gamma": 601.0128615956805, "max_depth": 7.0, "min_child_weight": 4190.050299795821, "num_boost_round": 17.0, "subsample": 0.15442571552873952}, "datetime": {"datetime": "2024-01-20 15:28:27", "elapsed": 3864.701949, "delta": 0.004657}}
{"target": -15.1706134284506, "params": {"colsample_bytree": 0.34345366068980687, "eta": 0.006224614878191276, "gamma": 601.0128615956805, "max_depth": 7.0, "min_child_weight": 4190.050299795821, "num_boost_round": 18.0, "subsample": 0.15442571552873952}, "datetime": {"datetime": "2024-01-20 15:28:27", "elapsed": 3864.706616, "delta": 0.004667}}
{"target": -15.170441267361538, "params": {"colsample_bytree": 0.34345366068980687, "eta": 0.006224614878191276, "gamma": 601.0128615956805, "max_depth": 7.0, "min_child_weight": 4190.050299795821, "num_boost_round": 19.0, "subsample": 0.15442571552873952}, "datetime": {"datetime": "2024-01-20 15:28:27", "elapsed": 3864.71107, "delta": 0.004454}}
{"target": -15.170267704376643, "params": {"colsample_bytree": 0.34345366068980687, "eta": 0.006224614878191276, "gamma": 601.0128615956805, "max_depth": 7.0, "min_child_weight": 4190.050299795821, "num_boost_round": 20.0, "subsample": 0.15442571552873952}, "datetime": {"datetime": "2024-01-20 15:28:27", "elapsed": 3864.715603, "delta": 0.004533}}
{"target": -15.170085274073305, "params": {"colsample_bytree": 0.34345366068980687, "eta": 0.006224614878191276, "gamma": 601.0128615956805, "max_depth": 7.0, "min_child_weight": 4190.050299795821, "num_boost_round": 21.0, "subsample": 0.15442571552873952}, "datetime": {"datetime": "2024-01-20 15:28:27", "elapsed": 3864.720025, "delta": 0.004422}}
{"target": -15.170036347041467, "params": {"colsample_bytree": 0.34345366068980687, "eta": 0.006224614878191276, "gamma": 601.0128615956805, "max_depth": 7.0, "min_child_weight": 4190.050299795821, "num_boost_round": 22.0, "subsample": 0.15442571552873952}, "datetime": {"datetime": "2024-01-20 15:28:27", "elapsed": 3864.724591, "delta": 0.004566}}
{"target": -15.169975165873318, "params": {"colsample_bytree": 0.34345366068980687, "eta": 0.006224614878191276, "gamma": 601.0128615956805, "max_depth": 7.0, "min_child_weight": 4190.050299795821, "num_boost_round": 23.0, "subsample": 0.15442571552873952}, "datetime": {"datetime": "2024-01-20 15:28:27", "elapsed": 3864.729019, "delta": 0.004428}}
{"target": -15.169679070652492, "params": {"colsample_bytree": 0.34345366068980687, "eta": 0.006224614878191276, "gamma": 601.0128615956805, "max_depth": 7.0, "min_child_weight": 4190.050299795821, "num_boost_round": 24.0, "subsample": 0.15442571552873952}, "datetime": {"datetime": "2024-01-20 15:28:27", "elapsed": 3864.733431, "delta": 0.004412}}
{"target": -15.169663257345455, "params": {"colsample_bytree": 0.34345366068980687, "eta": 0.006224614878191276, "gamma": 601.0128615956805, "max_depth": 7.0, "min_child_weight": 4190.050299795821, "num_boost_round": 25.0, "subsample": 0.15442571552873952}, "datetime": {"datetime": "2024-01-20 15:28:27", "elapsed": 3864.737828, "delta": 0.004397}}
{"target": -15.169537252200326, "params": {"colsample_bytree": 0.34345366068980687, "eta": 0.006224614878191276, "gamma": 601.0128615956805, "max_depth": 7.0, "min_child_weight": 4190.050299795821, "num_boost_round": 26.0, "subsample": 0.15442571552873952}, "datetime": {"datetime": "2024-01-20 15:28:27", "elapsed": 3864.743227, "delta": 0.005399}}
{"target": -15.169398753490334, "params": {"colsample_bytree": 0.34345366068980687, "eta": 0.006224614878191276, "gamma": 601.0128615956805, "max_depth": 7.0, "min_child_weight": 4190.050299795821, "num_boost_round": 27.0, "subsample": 0.15442571552873952}, "datetime": {"datetime": "2024-01-20 15:28:27", "elapsed": 3864.748563, "delta": 0.005336}}
{"target": -15.169284197285275, "params": {"colsample_bytree": 0.34345366068980687, "eta": 0.006224614878191276, "gamma": 601.0128615956805, "max_depth": 7.0, "min_child_weight": 4190.050299795821, "num_boost_round": 28.0, "subsample": 0.15442571552873952}, "datetime": {"datetime": "2024-01-20 15:28:27", "elapsed": 3864.753578, "delta": 0.005015}}
{"target": -15.169092490357526, "params": {"colsample_bytree": 0.34345366068980687, "eta": 0.006224614878191276, "gamma": 601.0128615956805, "max_depth": 7.0, "min_child_weight": 4190.050299795821, "num_boost_round": 29.0, "subsample": 0.15442571552873952}, "datetime": {"datetime": "2024-01-20 15:28:27", "elapsed": 3864.758439, "delta": 0.004861}}
{"target": -15.168826272533702, "params": {"colsample_bytree": 0.34345366068980687, "eta": 0.006224614878191276, "gamma": 601.0128615956805, "max_depth": 7.0, "min_child_weight": 4190.050299795821, "num_boost_round": 30.0, "subsample": 0.15442571552873952}, "datetime": {"datetime": "2024-01-20 15:28:27", "elapsed": 3864.763366, "delta": 0.004927}}
{"target": -15.168841397580199, "params": {"colsample_bytree": 0.34345366068980687, "eta": 0.006224614878191276, "gamma": 601.0128615956805, "max_depth": 7.0, "min_child_weight": 4190.050299795821, "num_boost_round": 31.0, "subsample": 0.15442571552873952}, "datetime": {"datetime": "2024-01-20 15:28:27", "elapsed": 3864.767862, "delta": 0.004496}}
{"target": -15.168730117696633, "params": {"colsample_bytree": 0.34345366068980687, "eta": 0.006224614878191276, "gamma": 601.0128615956805, "max_depth": 7.0, "min_child_weight": 4190.050299795821, "num_boost_round": 32.0, "subsample": 0.15442571552873952}, "datetime": {"datetime": "2024-01-20 15:28:27", "elapsed": 3864.772373, "delta": 0.004511}}
{"target": -15.168691350930905, "params": {"colsample_bytree": 0.34345366068980687, "eta": 0.006224614878191276, "gamma": 601.0128615956805, "max_depth": 7.0, "min_child_weight": 4190.050299795821, "num_boost_round": 33.0, "subsample": 0.15442571552873952}, "datetime": {"datetime": "2024-01-20 15:28:27", "elapsed": 3864.776755, "delta": 0.004382}}
{"target": -15.168679672585817, "params": {"colsample_bytree": 0.34345366068980687, "eta": 0.006224614878191276, "gamma": 601.0128615956805, "max_depth": 7.0, "min_child_weight": 4190.050299795821, "num_boost_round": 34.0, "subsample": 0.15442571552873952}, "datetime": {"datetime": "2024-01-20 15:28:27", "elapsed": 3864.781395, "delta": 0.00464}}
{"target": -15.168541731036697, "params": {"colsample_bytree": 0.34345366068980687, "eta": 0.006224614878191276, "gamma": 601.0128615956805, "max_depth": 7.0, "min_child_weight": 4190.050299795821, "num_boost_round": 35.0, "subsample": 0.15442571552873952}, "datetime": {"datetime": "2024-01-20 15:28:27", "elapsed": 3864.785941, "delta": 0.004546}}
{"target": -15.168555854740243, "params": {"colsample_bytree": 0.34345366068980687, "eta": 0.006224614878191276, "gamma": 601.0128615956805, "max_depth": 7.0, "min_child_weight": 4190.050299795821, "num_boost_round": 36.0, "subsample": 0.15442571552873952}, "datetime": {"datetime": "2024-01-20 15:28:27", "elapsed": 3864.790445, "delta": 0.004504}}
{"target": -15.168305829271596, "params": {"colsample_bytree": 0.34345366068980687, "eta": 0.006224614878191276, "gamma": 601.0128615956805, "max_depth": 7.0, "min_child_weight": 4190.050299795821, "num_boost_round": 37.0, "subsample": 0.15442571552873952}, "datetime": {"datetime": "2024-01-20 15:28:27", "elapsed": 3864.795518, "delta": 0.005073}}
{"target": -15.168214771779393, "params": {"colsample_bytree": 0.34345366068980687, "eta": 0.006224614878191276, "gamma": 601.0128615956805, "max_depth": 7.0, "min_child_weight": 4190.050299795821, "num_boost_round": 38.0, "subsample": 0.15442571552873952}, "datetime": {"datetime": "2024-01-20 15:28:27", "elapsed": 3864.800771, "delta": 0.005253}}
{"target": -15.16821500810136, "params": {"colsample_bytree": 0.34345366068980687, "eta": 0.006224614878191276, "gamma": 601.0128615956805, "max_depth": 7.0, "min_child_weight": 4190.050299795821, "num_boost_round": 39.0, "subsample": 0.15442571552873952}, "datetime": {"datetime": "2024-01-20 15:28:27", "elapsed": 3864.805489, "delta": 0.004718}}
{"target": -15.168165146222115, "params": {"colsample_bytree": 0.34345366068980687, "eta": 0.006224614878191276, "gamma": 601.0128615956805, "max_depth": 7.0, "min_child_weight": 4190.050299795821, "num_boost_round": 40.0, "subsample": 0.15442571552873952}, "datetime": {"datetime": "2024-01-20 15:28:27", "elapsed": 3864.810189, "delta": 0.0047}}
{"target": -15.168030026432104, "params": {"colsample_bytree": 0.34345366068980687, "eta": 0.006224614878191276, "gamma": 601.0128615956805, "max_depth": 7.0, "min_child_weight": 4190.050299795821, "num_boost_round": 41.0, "subsample": 0.15442571552873952}, "datetime": {"datetime": "2024-01-20 15:28:27", "elapsed": 3864.814842, "delta": 0.004653}}
{"target": -15.16793761198818, "params": {"colsample_bytree": 0.34345366068980687, "eta": 0.006224614878191276, "gamma": 601.0128615956805, "max_depth": 7.0, "min_child_weight": 4190.050299795821, "num_boost_round": 42.0, "subsample": 0.15442571552873952}, "datetime": {"datetime": "2024-01-20 15:28:27", "elapsed": 3864.81974, "delta": 0.004898}}
{"target": -15.167778137345042, "params": {"colsample_bytree": 0.34345366068980687, "eta": 0.006224614878191276, "gamma": 601.0128615956805, "max_depth": 7.0, "min_child_weight": 4190.050299795821, "num_boost_round": 43.0, "subsample": 0.15442571552873952}, "datetime": {"datetime": "2024-01-20 15:28:27", "elapsed": 3864.824523, "delta": 0.004783}}
{"target": -15.1676596413893, "params": {"colsample_bytree": 0.34345366068980687, "eta": 0.006224614878191276, "gamma": 601.0128615956805, "max_depth": 7.0, "min_child_weight": 4190.050299795821, "num_boost_round": 44.0, "subsample": 0.15442571552873952}, "datetime": {"datetime": "2024-01-20 15:28:27", "elapsed": 3864.829162, "delta": 0.004639}}
{"target": -15.167641755158254, "params": {"colsample_bytree": 0.34345366068980687, "eta": 0.006224614878191276, "gamma": 601.0128615956805, "max_depth": 7.0, "min_child_weight": 4190.050299795821, "num_boost_round": 45.0, "subsample": 0.15442571552873952}, "datetime": {"datetime": "2024-01-20 15:28:27", "elapsed": 3864.833865, "delta": 0.004703}}
{"target": -15.167456110847127, "params": {"colsample_bytree": 0.34345366068980687, "eta": 0.006224614878191276, "gamma": 601.0128615956805, "max_depth": 7.0, "min_child_weight": 4190.050299795821, "num_boost_round": 46.0, "subsample": 0.15442571552873952}, "datetime": {"datetime": "2024-01-20 15:28:27", "elapsed": 3864.838745, "delta": 0.00488}}
{"target": -15.167356216433147, "params": {"colsample_bytree": 0.34345366068980687, "eta": 0.006224614878191276, "gamma": 601.0128615956805, "max_depth": 7.0, "min_child_weight": 4190.050299795821, "num_boost_round": 47.0, "subsample": 0.15442571552873952}, "datetime": {"datetime": "2024-01-20 15:28:27", "elapsed": 3864.843509, "delta": 0.004764}}
