{"target": -15.161015259057573, "params": {"colsample_bytree": 0.5950621132610413, "eta": 0.07257417622014693, "gamma": 550.0605532433628, "max_depth": 4.0, "min_child_weight": 4223.323360238586, "num_boost_round": 41.0, "subsample": 0.8477033388397448}, "datetime": {"datetime": "2024-01-20 14:25:51", "elapsed": 109.144193, "delta": 0.000447}}
{"target": -15.161221278070315, "params": {"colsample_bytree": 0.5950621132610413, "eta": 0.07257417622014693, "gamma": 550.0605532433628, "max_depth": 4.0, "min_child_weight": 4223.323360238586, "num_boost_round": 42.0, "subsample": 0.8477033388397448}, "datetime": {"datetime": "2024-01-20 14:25:51", "elapsed": 109.144731, "delta": 0.000538}}
{"target": -15.160979051215396, "params": {"colsample_bytree": 0.5950621132610413, "eta": 0.07257417622014693, "gamma": 550.0605532433628, "max_depth": 4.0, "min_child_weight": 4223.323360238586, "num_boost_round": 43.0, "subsample": 0.8477033388397448}, "datetime": {"datetime": "2024-01-20 14:25:51", "elapsed": 109.145232, "delta": 0.000501}}
{"target": -15.161086789102578, "params": {"colsample_bytree": 0.5950621132610413, "eta": 0.07257417622014693, "gamma": 550.0605532433628, "max_depth": 4.0, "min_child_weight": 4223.323360238586, "num_boost_round": 44.0, "subsample": 0.8477033388397448}, "datetime": {"datetime": "2024-01-20 14:25:51", "elapsed": 109.145742, "delta": 0.00051}}
{"target": -15.16085767395892, "params": {"colsample_bytree": 0.5950621132610413, "eta": 0.07257417622014693, "gamma": 550.0605532433628, "max_depth": 4.0, "min_child_weight": 4223.323360238586, "num_boost_round": 45.0, "subsample": 0.8477033388397448}, "datetime": {"datetime": "2024-01-20 14:25:51", "elapsed": 109.146232, "delta": 0.00049}}
{"target": -15.161663275215897, "params": {"colsample_bytree": 0.5950621132610413, "eta": 0.07257417622014693, "gamma": 550.0605532433628, "max_depth": 4.0, "min_child_weight": 4223.323360238586, "num_boost_round": 46.0, "subsample": 0.8477033388397448}, "datetime": {"datetime": "2024-01-20 14:25:51", "elapsed": 109.146726, "delta": 0.000494}}
{"target": -15.162609745403437, "params": {"colsample_bytree": 0.5950621132610413, "eta": 0.07257417622014693, "gamma": 550.0605532433628, "max_depth": 4.0, "min_child_weight": 4223.323360238586, "num_boost_round": 47.0, "subsample": 0.8477033388397448}, "datetime": {"datetime": "2024-01-20 14:25:51", "elapsed": 109.147219, "delta": 0.000493}}
{"target": -15.16280201850015, "params": {"colsample_bytree": 0.5950621132610413, "eta": 0.07257417622014693, "gamma": 550.0605532433628, "max_depth": 4.0, "min_child_weight": 4223.323360238586, "num_boost_round": 48.0, "subsample": 0.8477033388397448}, "datetime": {"datetime": "2024-01-20 14:25:51", "elapsed": 109.147737, "delta": 0.000518}}
{"target": -15.171423474748952, "params": {"colsample_bytree": 0.7492961875991729, "eta": 0.06017797355186528, "gamma": 536.050730570445, "max_depth": 2.0, "min_child_weight": 4277.026629156691, "num_boost_round": 1.0, "subsample": 0.5813460216194419}, "datetime": {"datetime": "2024-01-20 14:26:19", "elapsed": 137.224001, "delta": 28.076264}}
{"target": -15.170265217134144, "params": {"colsample_bytree": 0.7492961875991729, "eta": 0.06017797355186528, "gamma": 536.050730570445, "max_depth": 2.0, "min_child_weight": 4277.026629156691, "num_boost_round": 2.0, "subsample": 0.5813460216194419}, "datetime": {"datetime": "2024-01-20 14:26:19", "elapsed": 137.225655, "delta": 0.001654}}
{"target": -15.168460568116743, "params": {"colsample_bytree": 0.7492961875991729, "eta": 0.06017797355186528, "gamma": 536.050730570445, "max_depth": 2.0, "min_child_weight": 4277.026629156691, "num_boost_round": 3.0, "subsample": 0.5813460216194419}, "datetime": {"datetime": "2024-01-20 14:26:19", "elapsed": 137.226195, "delta": 0.00054}}
{"target": -15.167572428838662, "params": {"colsample_bytree": 0.7492961875991729, "eta": 0.06017797355186528, "gamma": 536.050730570445, "max_depth": 2.0, "min_child_weight": 4277.026629156691, "num_boost_round": 4.0, "subsample": 0.5813460216194419}, "datetime": {"datetime": "2024-01-20 14:26:19", "elapsed": 137.226688, "delta": 0.000493}}
{"target": -15.16513254188277, "params": {"colsample_bytree": 0.7492961875991729, "eta": 0.06017797355186528, "gamma": 536.050730570445, "max_depth": 2.0, "min_child_weight": 4277.026629156691, "num_boost_round": 5.0, "subsample": 0.5813460216194419}, "datetime": {"datetime": "2024-01-20 14:26:19", "elapsed": 137.22717, "delta": 0.000482}}
{"target": -15.16288372672558, "params": {"colsample_bytree": 0.7492961875991729, "eta": 0.06017797355186528, "gamma": 536.050730570445, "max_depth": 2.0, "min_child_weight": 4277.026629156691, "num_boost_round": 6.0, "subsample": 0.5813460216194419}, "datetime": {"datetime": "2024-01-20 14:26:19", "elapsed": 137.22778, "delta": 0.00061}}
{"target": -15.162341520394508, "params": {"colsample_bytree": 0.7492961875991729, "eta": 0.06017797355186528, "gamma": 536.050730570445, "max_depth": 2.0, "min_child_weight": 4277.026629156691, "num_boost_round": 7.0, "subsample": 0.5813460216194419}, "datetime": {"datetime": "2024-01-20 14:26:19", "elapsed": 137.228264, "delta": 0.000484}}
{"target": -15.16064985295385, "params": {"colsample_bytree": 0.7492961875991729, "eta": 0.06017797355186528, "gamma": 536.050730570445, "max_depth": 2.0, "min_child_weight": 4277.026629156691, "num_boost_round": 8.0, "subsample": 0.5813460216194419}, "datetime": {"datetime": "2024-01-20 14:26:19", "elapsed": 137.228755, "delta": 0.000491}}
{"target": -15.16048428619171, "params": {"colsample_bytree": 0.7492961875991729, "eta": 0.06017797355186528, "gamma": 536.050730570445, "max_depth": 2.0, "min_child_weight": 4277.026629156691, "num_boost_round": 9.0, "subsample": 0.5813460216194419}, "datetime": {"datetime": "2024-01-20 14:26:19", "elapsed": 137.229244, "delta": 0.000489}}
{"target": -15.159065744472612, "params": {"colsample_bytree": 0.7492961875991729, "eta": 0.06017797355186528, "gamma": 536.050730570445, "max_depth": 2.0, "min_child_weight": 4277.026629156691, "num_boost_round": 10.0, "subsample": 0.5813460216194419}, "datetime": {"datetime": "2024-01-20 14:26:19", "elapsed": 137.229815, "delta": 0.000571}}
{"target": -15.158946368742843, "params": {"colsample_bytree": 0.7492961875991729, "eta": 0.06017797355186528, "gamma": 536.050730570445, "max_depth": 2.0, "min_child_weight": 4277.026629156691, "num_boost_round": 11.0, "subsample": 0.5813460216194419}, "datetime": {"datetime": "2024-01-20 14:26:19", "elapsed": 137.230313, "delta": 0.000498}}
{"target": -15.15844530353381, "params": {"colsample_bytree": 0.7492961875991729, "eta": 0.06017797355186528, "gamma": 536.050730570445, "max_depth": 2.0, "min_child_weight": 4277.026629156691, "num_boost_round": 12.0, "subsample": 0.5813460216194419}, "datetime": {"datetime": "2024-01-20 14:26:19", "elapsed": 137.230809, "delta": 0.000496}}
{"target": -15.158389788864351, "params": {"colsample_bytree": 0.7492961875991729, "eta": 0.06017797355186528, "gamma": 536.050730570445, "max_depth": 2.0, "min_child_weight": 4277.026629156691, "num_boost_round": 13.0, "subsample": 0.5813460216194419}, "datetime": {"datetime": "2024-01-20 14:26:19", "elapsed": 137.231405, "delta": 0.000596}}
{"target": -15.15765156598243, "params": {"colsample_bytree": 0.7492961875991729, "eta": 0.06017797355186528, "gamma": 536.050730570445, "max_depth": 2.0, "min_child_weight": 4277.026629156691, "num_boost_round": 14.0, "subsample": 0.5813460216194419}, "datetime": {"datetime": "2024-01-20 14:26:19", "elapsed": 137.231895, "delta": 0.00049}}
{"target": -15.15782624986881, "params": {"colsample_bytree": 0.7492961875991729, "eta": 0.06017797355186528, "gamma": 536.050730570445, "max_depth": 2.0, "min_child_weight": 4277.026629156691, "num_boost_round": 15.0, "subsample": 0.5813460216194419}, "datetime": {"datetime": "2024-01-20 14:26:19", "elapsed": 137.232389, "delta": 0.000494}}
{"target": -15.156851262374156, "params": {"colsample_bytree": 0.7492961875991729, "eta": 0.06017797355186528, "gamma": 536.050730570445, "max_depth": 2.0, "min_child_weight": 4277.026629156691, "num_boost_round": 16.0, "subsample": 0.5813460216194419}, "datetime": {"datetime": "2024-01-20 14:26:19", "elapsed": 137.232878, "delta": 0.000489}}
{"target": -15.156175705239907, "params": {"colsample_bytree": 0.7492961875991729, "eta": 0.06017797355186528, "gamma": 536.050730570445, "max_depth": 2.0, "min_child_weight": 4277.026629156691, "num_boost_round": 17.0, "subsample": 0.5813460216194419}, "datetime": {"datetime": "2024-01-20 14:26:19", "elapsed": 137.233375, "delta": 0.000497}}
{"target": -15.15557846697294, "params": {"colsample_bytree": 0.7492961875991729, "eta": 0.06017797355186528, "gamma": 536.050730570445, "max_depth": 2.0, "min_child_weight": 4277.026629156691, "num_boost_round": 18.0, "subsample": 0.5813460216194419}, "datetime": {"datetime": "2024-01-20 14:26:19", "elapsed": 137.233866, "delta": 0.000491}}
{"target": -15.155374149419458, "params": {"colsample_bytree": 0.7492961875991729, "eta": 0.06017797355186528, "gamma": 536.050730570445, "max_depth": 2.0, "min_child_weight": 4277.026629156691, "num_boost_round": 19.0, "subsample": 0.5813460216194419}, "datetime": {"datetime": "2024-01-20 14:26:19", "elapsed": 137.234369, "delta": 0.000503}}
{"target": -15.1555366612319, "params": {"colsample_bytree": 0.7492961875991729, "eta": 0.06017797355186528, "gamma": 536.050730570445, "max_depth": 2.0, "min_child_weight": 4277.026629156691, "num_boost_round": 20.0, "subsample": 0.5813460216194419}, "datetime": {"datetime": "2024-01-20 14:26:19", "elapsed": 137.234868, "delta": 0.000499}}
{"target": -15.154964248552684, "params": {"colsample_bytree": 0.7492961875991729, "eta": 0.06017797355186528, "gamma": 536.050730570445, "max_depth": 2.0, "min_child_weight": 4277.026629156691, "num_boost_round": 21.0, "subsample": 0.5813460216194419}, "datetime": {"datetime": "2024-01-20 14:26:19", "elapsed": 137.235366, "delta": 0.000498}}
{"target": -15.154628663400263, "params": {"colsample_bytree": 0.7492961875991729, "eta": 0.06017797355186528, "gamma": 536.050730570445, "max_depth": 2.0, "min_child_weight": 4277.026629156691, "num_boost_round": 22.0, "subsample": 0.5813460216194419}, "datetime": {"datetime": "2024-01-20 14:26:19", "elapsed": 137.23587, "delta": 0.000504}}
{"target": -15.154422407588019, "params": {"colsample_bytree": 0.7492961875991729, "eta": 0.06017797355186528, "gamma": 536.050730570445, "max_depth": 2.0, "min_child_weight": 4277.026629156691, "num_boost_round": 23.0, "subsample": 0.5813460216194419}, "datetime": {"datetime": "2024-01-20 14:26:19", "elapsed": 137.236369, "delta": 0.000499}}
{"target": -15.154231002988142, "params": {"colsample_bytree": 0.7492961875991729, "eta": 0.06017797355186528, "gamma": 536.050730570445, "max_depth": 2.0, "min_child_weight": 4277.026629156691, "num_boost_round": 24.0, "subsample": 0.5813460216194419}, "datetime": {"datetime": "2024-01-20 14:26:19", "elapsed": 137.236861, "delta": 0.000492}}
{"target": -15.154683809486135, "params": {"colsample_bytree": 0.7492961875991729, "eta": 0.06017797355186528, "gamma": 536.050730570445, "max_depth": 2.0, "min_child_weight": 4277.026629156691, "num_boost_round": 25.0, "subsample": 0.5813460216194419}, "datetime": {"datetime": "2024-01-20 14:26:19", "elapsed": 137.237361, "delta": 0.0005}}
{"target": -15.154771326766756, "params": {"colsample_bytree": 0.7492961875991729, "eta": 0.06017797355186528, "gamma": 536.050730570445, "max_depth": 2.0, "min_child_weight": 4277.026629156691, "num_boost_round": 26.0, "subsample": 0.5813460216194419}, "datetime": {"datetime": "2024-01-20 14:26:19", "elapsed": 137.237854, "delta": 0.000493}}
{"target": -15.154481074865682, "params": {"colsample_bytree": 0.7492961875991729, "eta": 0.06017797355186528, "gamma": 536.050730570445, "max_depth": 2.0, "min_child_weight": 4277.026629156691, "num_boost_round": 27.0, "subsample": 0.5813460216194419}, "datetime": {"datetime": "2024-01-20 14:26:19", "elapsed": 137.238359, "delta": 0.000505}}
{"target": -15.154644736351191, "params": {"colsample_bytree": 0.7492961875991729, "eta": 0.06017797355186528, "gamma": 536.050730570445, "max_depth": 2.0, "min_child_weight": 4277.026629156691, "num_boost_round": 28.0, "subsample": 0.5813460216194419}, "datetime": {"datetime": "2024-01-20 14:26:19", "elapsed": 137.23886, "delta": 0.000501}}
{"target": -15.154887443874195, "params": {"colsample_bytree": 0.7492961875991729, "eta": 0.06017797355186528, "gamma": 536.050730570445, "max_depth": 2.0, "min_child_weight": 4277.026629156691, "num_boost_round": 29.0, "subsample": 0.5813460216194419}, "datetime": {"datetime": "2024-01-20 14:26:19", "elapsed": 137.239453, "delta": 0.000593}}
{"target": -15.154814067694439, "params": {"colsample_bytree": 0.7492961875991729, "eta": 0.06017797355186528, "gamma": 536.050730570445, "max_depth": 2.0, "min_child_weight": 4277.026629156691, "num_boost_round": 30.0, "subsample": 0.5813460216194419}, "datetime": {"datetime": "2024-01-20 14:26:19", "elapsed": 137.239971, "delta": 0.000518}}
{"target": -15.154884172351592, "params": {"colsample_bytree": 0.7492961875991729, "eta": 0.06017797355186528, "gamma": 536.050730570445, "max_depth": 2.0, "min_child_weight": 4277.026629156691, "num_boost_round": 31.0, "subsample": 0.5813460216194419}, "datetime": {"datetime": "2024-01-20 14:26:19", "elapsed": 137.240479, "delta": 0.000508}}
{"target": -15.155110278488701, "params": {"colsample_bytree": 0.7492961875991729, "eta": 0.06017797355186528, "gamma": 536.050730570445, "max_depth": 2.0, "min_child_weight": 4277.026629156691, "num_boost_round": 32.0, "subsample": 0.5813460216194419}, "datetime": {"datetime": "2024-01-20 14:26:19", "elapsed": 137.240984, "delta": 0.000505}}
{"target": -15.154782999420672, "params": {"colsample_bytree": 0.7492961875991729, "eta": 0.06017797355186528, "gamma": 536.050730570445, "max_depth": 2.0, "min_child_weight": 4277.026629156691, "num_boost_round": 33.0, "subsample": 0.5813460216194419}, "datetime": {"datetime": "2024-01-20 14:26:19", "elapsed": 137.24149, "delta": 0.000506}}
{"target": -15.155246396443427, "params": {"colsample_bytree": 0.7492961875991729, "eta": 0.06017797355186528, "gamma": 536.050730570445, "max_depth": 2.0, "min_child_weight": 4277.026629156691, "num_boost_round": 34.0, "subsample": 0.5813460216194419}, "datetime": {"datetime": "2024-01-20 14:26:19", "elapsed": 137.242094, "delta": 0.000604}}
{"target": -15.15511846253877, "params": {"colsample_bytree": 0.7492961875991729, "eta": 0.06017797355186528, "gamma": 536.050730570445, "max_depth": 2.0, "min_child_weight": 4277.026629156691, "num_boost_round": 35.0, "subsample": 0.5813460216194419}, "datetime": {"datetime": "2024-01-20 14:26:19", "elapsed": 137.242718, "delta": 0.000624}}
{"target": -15.154884468682088, "params": {"colsample_bytree": 0.7492961875991729, "eta": 0.06017797355186528, "gamma": 536.050730570445, "max_depth": 2.0, "min_child_weight": 4277.026629156691, "num_boost_round": 36.0, "subsample": 0.5813460216194419}, "datetime": {"datetime": "2024-01-20 14:26:19", "elapsed": 137.243242, "delta": 0.000524}}
{"target": -15.1552306778914, "params": {"colsample_bytree": 0.7492961875991729, "eta": 0.06017797355186528, "gamma": 536.050730570445, "max_depth": 2.0, "min_child_weight": 4277.026629156691, "num_boost_round": 37.0, "subsample": 0.5813460216194419}, "datetime": {"datetime": "2024-01-20 14:26:19", "elapsed": 137.243762, "delta": 0.00052}}
{"target": -15.155268448198303, "params": {"colsample_bytree": 0.7492961875991729, "eta": 0.06017797355186528, "gamma": 536.050730570445, "max_depth": 2.0, "min_child_weight": 4277.026629156691, "num_boost_round": 38.0, "subsample": 0.5813460216194419}, "datetime": {"datetime": "2024-01-20 14:26:19", "elapsed": 137.244271, "delta": 0.000509}}
{"target": -15.155118409230184, "params": {"colsample_bytree": 0.7492961875991729, "eta": 0.06017797355186528, "gamma": 536.050730570445, "max_depth": 2.0, "min_child_weight": 4277.026629156691, "num_boost_round": 39.0, "subsample": 0.5813460216194419}, "datetime": {"datetime": "2024-01-20 14:26:19", "elapsed": 137.244786, "delta": 0.000515}}
{"target": -15.155555014932776, "params": {"colsample_bytree": 0.7492961875991729, "eta": 0.06017797355186528, "gamma": 536.050730570445, "max_depth": 2.0, "min_child_weight": 4277.026629156691, "num_boost_round": 40.0, "subsample": 0.5813460216194419}, "datetime": {"datetime": "2024-01-20 14:26:19", "elapsed": 137.245296, "delta": 0.00051}}
{"target": -15.156080576913398, "params": {"colsample_bytree": 0.7492961875991729, "eta": 0.06017797355186528, "gamma": 536.050730570445, "max_depth": 2.0, "min_child_weight": 4277.026629156691, "num_boost_round": 41.0, "subsample": 0.5813460216194419}, "datetime": {"datetime": "2024-01-20 14:26:19", "elapsed": 137.245812, "delta": 0.000516}}
{"target": -15.156346823066913, "params": {"colsample_bytree": 0.7492961875991729, "eta": 0.06017797355186528, "gamma": 536.050730570445, "max_depth": 2.0, "min_child_weight": 4277.026629156691, "num_boost_round": 42.0, "subsample": 0.5813460216194419}, "datetime": {"datetime": "2024-01-20 14:26:19", "elapsed": 137.24633, "delta": 0.000518}}
{"target": -15.156363757537015, "params": {"colsample_bytree": 0.7492961875991729, "eta": 0.06017797355186528, "gamma": 536.050730570445, "max_depth": 2.0, "min_child_weight": 4277.026629156691, "num_boost_round": 43.0, "subsample": 0.5813460216194419}, "datetime": {"datetime": "2024-01-20 14:26:19", "elapsed": 137.246843, "delta": 0.000513}}
{"target": -15.15695643245251, "params": {"colsample_bytree": 0.7492961875991729, "eta": 0.06017797355186528, "gamma": 536.050730570445, "max_depth": 2.0, "min_child_weight": 4277.026629156691, "num_boost_round": 44.0, "subsample": 0.5813460216194419}, "datetime": {"datetime": "2024-01-20 14:26:19", "elapsed": 137.247368, "delta": 0.000525}}
{"target": -15.156965777071118, "params": {"colsample_bytree": 0.7492961875991729, "eta": 0.06017797355186528, "gamma": 536.050730570445, "max_depth": 2.0, "min_child_weight": 4277.026629156691, "num_boost_round": 45.0, "subsample": 0.5813460216194419}, "datetime": {"datetime": "2024-01-20 14:26:19", "elapsed": 137.247883, "delta": 0.000515}}
{"target": -15.157773072871535, "params": {"colsample_bytree": 0.7492961875991729, "eta": 0.06017797355186528, "gamma": 536.050730570445, "max_depth": 2.0, "min_child_weight": 4277.026629156691, "num_boost_round": 46.0, "subsample": 0.5813460216194419}, "datetime": {"datetime": "2024-01-20 14:26:19", "elapsed": 137.248403, "delta": 0.00052}}
{"target": -15.172706493943675, "params": {"colsample_bytree": 0.20277258512753135, "eta": 0.010979938277174476, "gamma": 650.6663440793524, "max_depth": 2.0, "min_child_weight": 4202.059494093986, "num_boost_round": 1.0, "subsample": 0.6143463129951874}, "datetime": {"datetime": "2024-01-20 14:26:43", "elapsed": 160.984656, "delta": 23.736253}}
{"target": -15.172370131286788, "params": {"colsample_bytree": 0.20277258512753135, "eta": 0.010979938277174476, "gamma": 650.6663440793524, "max_depth": 2.0, "min_child_weight": 4202.059494093986, "num_boost_round": 2.0, "subsample": 0.6143463129951874}, "datetime": {"datetime": "2024-01-20 14:26:43", "elapsed": 160.985404, "delta": 0.000748}}
{"target": -15.172031380248363, "params": {"colsample_bytree": 0.20277258512753135, "eta": 0.010979938277174476, "gamma": 650.6663440793524, "max_depth": 2.0, "min_child_weight": 4202.059494093986, "num_boost_round": 3.0, "subsample": 0.6143463129951874}, "datetime": {"datetime": "2024-01-20 14:26:43", "elapsed": 160.986236, "delta": 0.000832}}
{"target": -15.1720291233176, "params": {"colsample_bytree": 0.20277258512753135, "eta": 0.010979938277174476, "gamma": 650.6663440793524, "max_depth": 2.0, "min_child_weight": 4202.059494093986, "num_boost_round": 4.0, "subsample": 0.6143463129951874}, "datetime": {"datetime": "2024-01-20 14:26:43", "elapsed": 160.987055, "delta": 0.000819}}
{"target": -15.171666526215523, "params": {"colsample_bytree": 0.20277258512753135, "eta": 0.010979938277174476, "gamma": 650.6663440793524, "max_depth": 2.0, "min_child_weight": 4202.059494093986, "num_boost_round": 5.0, "subsample": 0.6143463129951874}, "datetime": {"datetime": "2024-01-20 14:26:43", "elapsed": 160.987739, "delta": 0.000684}}
{"target": -15.171308157028395, "params": {"colsample_bytree": 0.20277258512753135, "eta": 0.010979938277174476, "gamma": 650.6663440793524, "max_depth": 2.0, "min_child_weight": 4202.059494093986, "num_boost_round": 6.0, "subsample": 0.6143463129951874}, "datetime": {"datetime": "2024-01-20 14:26:43", "elapsed": 160.988296, "delta": 0.000557}}
{"target": -15.170991141719224, "params": {"colsample_bytree": 0.20277258512753135, "eta": 0.010979938277174476, "gamma": 650.6663440793524, "max_depth": 2.0, "min_child_weight": 4202.059494093986, "num_boost_round": 7.0, "subsample": 0.6143463129951874}, "datetime": {"datetime": "2024-01-20 14:26:43", "elapsed": 160.988925, "delta": 0.000629}}
{"target": -15.170647024612224, "params": {"colsample_bytree": 0.20277258512753135, "eta": 0.010979938277174476, "gamma": 650.6663440793524, "max_depth": 2.0, "min_child_weight": 4202.059494093986, "num_boost_round": 8.0, "subsample": 0.6143463129951874}, "datetime": {"datetime": "2024-01-20 14:26:43", "elapsed": 160.98948, "delta": 0.000555}}
{"target": -15.170621468112573, "params": {"colsample_bytree": 0.20277258512753135, "eta": 0.010979938277174476, "gamma": 650.6663440793524, "max_depth": 2.0, "min_child_weight": 4202.059494093986, "num_boost_round": 9.0, "subsample": 0.6143463129951874}, "datetime": {"datetime": "2024-01-20 14:26:43", "elapsed": 160.990103, "delta": 0.000623}}
