{"target": -13.73144592863238, "params": {"colsample_bytree": 0.27018276679296194, "eta": 0.0454449576739863, "gamma": 250.14830677557399, "max_depth": 4.0, "min_child_weight": 3866.77892028018, "num_boost_round": 1.0, "subsample": 0.9530679794198361}, "datetime": {"datetime": "2024-01-20 15:25:14", "elapsed": 3675.366004, "delta": 22.196088}}
{"target": -13.731803721040151, "params": {"colsample_bytree": 0.27018276679296194, "eta": 0.0454449576739863, "gamma": 250.14830677557399, "max_depth": 4.0, "min_child_weight": 3866.77892028018, "num_boost_round": 2.0, "subsample": 0.9530679794198361}, "datetime": {"datetime": "2024-01-20 15:25:14", "elapsed": 3675.368468, "delta": 0.002464}}
{"target": -13.73212775638557, "params": {"colsample_bytree": 0.27018276679296194, "eta": 0.0454449576739863, "gamma": 250.14830677557399, "max_depth": 4.0, "min_child_weight": 3866.77892028018, "num_boost_round": 3.0, "subsample": 0.9530679794198361}, "datetime": {"datetime": "2024-01-20 15:25:14", "elapsed": 3675.3706, "delta": 0.002132}}
{"target": -13.732479579263902, "params": {"colsample_bytree": 0.27018276679296194, "eta": 0.0454449576739863, "gamma": 250.14830677557399, "max_depth": 4.0, "min_child_weight": 3866.77892028018, "num_boost_round": 4.0, "subsample": 0.9530679794198361}, "datetime": {"datetime": "2024-01-20 15:25:14", "elapsed": 3675.373168, "delta": 0.002568}}
{"target": -13.733380798307433, "params": {"colsample_bytree": 0.27018276679296194, "eta": 0.0454449576739863, "gamma": 250.14830677557399, "max_depth": 4.0, "min_child_weight": 3866.77892028018, "num_boost_round": 5.0, "subsample": 0.9530679794198361}, "datetime": {"datetime": "2024-01-20 15:25:14", "elapsed": 3675.375406, "delta": 0.002238}}
{"target": -13.733447870875217, "params": {"colsample_bytree": 0.27018276679296194, "eta": 0.0454449576739863, "gamma": 250.14830677557399, "max_depth": 4.0, "min_child_weight": 3866.77892028018, "num_boost_round": 6.0, "subsample": 0.9530679794198361}, "datetime": {"datetime": "2024-01-20 15:25:14", "elapsed": 3675.377514, "delta": 0.002108}}
{"target": -13.731090381785343, "params": {"colsample_bytree": 0.33212827734261585, "eta": 0.006950704820787496, "gamma": 812.7744385375998, "max_depth": 5.0, "min_child_weight": 4556.031136176412, "num_boost_round": 1.0, "subsample": 0.8744253941622054}, "datetime": {"datetime": "2024-01-20 15:25:32", "elapsed": 3693.083362, "delta": 17.705848}}
{"target": -13.7311384805951, "params": {"colsample_bytree": 0.33212827734261585, "eta": 0.006950704820787496, "gamma": 812.7744385375998, "max_depth": 5.0, "min_child_weight": 4556.031136176412, "num_boost_round": 2.0, "subsample": 0.8744253941622054}, "datetime": {"datetime": "2024-01-20 15:25:32", "elapsed": 3693.086261, "delta": 0.002899}}
{"target": -13.731219936679441, "params": {"colsample_bytree": 0.33212827734261585, "eta": 0.006950704820787496, "gamma": 812.7744385375998, "max_depth": 5.0, "min_child_weight": 4556.031136176412, "num_boost_round": 3.0, "subsample": 0.8744253941622054}, "datetime": {"datetime": "2024-01-20 15:25:32", "elapsed": 3693.090607, "delta": 0.004346}}
{"target": -13.732035454998357, "params": {"colsample_bytree": 0.3345961111446071, "eta": 0.07926823096858077, "gamma": 745.7748992071726, "max_depth": 6.0, "min_child_weight": 4592.421854854109, "num_boost_round": 1.0, "subsample": 0.3616047295541086}, "datetime": {"datetime": "2024-01-20 15:25:51", "elapsed": 3712.133935, "delta": 19.043328}}
{"target": -13.733327192854151, "params": {"colsample_bytree": 0.3345961111446071, "eta": 0.07926823096858077, "gamma": 745.7748992071726, "max_depth": 6.0, "min_child_weight": 4592.421854854109, "num_boost_round": 2.0, "subsample": 0.3616047295541086}, "datetime": {"datetime": "2024-01-20 15:25:51", "elapsed": 3712.136188, "delta": 0.002253}}
{"target": -13.734156151759368, "params": {"colsample_bytree": 0.3345961111446071, "eta": 0.07926823096858077, "gamma": 745.7748992071726, "max_depth": 6.0, "min_child_weight": 4592.421854854109, "num_boost_round": 3.0, "subsample": 0.3616047295541086}, "datetime": {"datetime": "2024-01-20 15:25:51", "elapsed": 3712.139064, "delta": 0.002876}}
{"target": -13.735764394937984, "params": {"colsample_bytree": 0.3345961111446071, "eta": 0.07926823096858077, "gamma": 745.7748992071726, "max_depth": 6.0, "min_child_weight": 4592.421854854109, "num_boost_round": 4.0, "subsample": 0.3616047295541086}, "datetime": {"datetime": "2024-01-20 15:25:51", "elapsed": 3712.141275, "delta": 0.002211}}
{"target": -13.737456851310107, "params": {"colsample_bytree": 0.3345961111446071, "eta": 0.07926823096858077, "gamma": 745.7748992071726, "max_depth": 6.0, "min_child_weight": 4592.421854854109, "num_boost_round": 5.0, "subsample": 0.3616047295541086}, "datetime": {"datetime": "2024-01-20 15:25:51", "elapsed": 3712.144249, "delta": 0.002974}}
{"target": -13.732293405251237, "params": {"colsample_bytree": 0.7717735314416767, "eta": 0.0915233918463172, "gamma": 198.11965447836312, "max_depth": 6.0, "min_child_weight": 3355.5173515266624, "num_boost_round": 1.0, "subsample": 0.18264173698917913}, "datetime": {"datetime": "2024-01-20 15:26:12", "elapsed": 3733.625143, "delta": 21.480894}}
{"target": -13.734162899609721, "params": {"colsample_bytree": 0.7717735314416767, "eta": 0.0915233918463172, "gamma": 198.11965447836312, "max_depth": 6.0, "min_child_weight": 3355.5173515266624, "num_boost_round": 2.0, "subsample": 0.18264173698917913}, "datetime": {"datetime": "2024-01-20 15:26:12", "elapsed": 3733.627819, "delta": 0.002676}}
{"target": -13.736297145807239, "params": {"colsample_bytree": 0.7717735314416767, "eta": 0.0915233918463172, "gamma": 198.11965447836312, "max_depth": 6.0, "min_child_weight": 3355.5173515266624, "num_boost_round": 3.0, "subsample": 0.18264173698917913}, "datetime": {"datetime": "2024-01-20 15:26:12", "elapsed": 3733.630983, "delta": 0.003164}}
{"target": -13.731074938382143, "params": {"colsample_bytree": 0.1672208893252115, "eta": 0.009508507629256336, "gamma": 61.2590514374699, "max_depth": 3.0, "min_child_weight": 3424.4279494382668, "num_boost_round": 1.0, "subsample": 0.1027372067522132}, "datetime": {"datetime": "2024-01-20 15:26:33", "elapsed": 3754.349182, "delta": 20.718199}}
{"target": -13.731120823636399, "params": {"colsample_bytree": 0.1672208893252115, "eta": 0.009508507629256336, "gamma": 61.2590514374699, "max_depth": 3.0, "min_child_weight": 3424.4279494382668, "num_boost_round": 2.0, "subsample": 0.1027372067522132}, "datetime": {"datetime": "2024-01-20 15:26:33", "elapsed": 3754.351814, "delta": 0.002632}}
{"target": -13.731826175340522, "params": {"colsample_bytree": 0.5028065187511505, "eta": 0.09560661093197471, "gamma": 541.7582070932875, "max_depth": 2.0, "min_child_weight": 4535.0994641060215, "num_boost_round": 1.0, "subsample": 0.8870012737758878}, "datetime": {"datetime": "2024-01-20 15:26:50", "elapsed": 3771.080181, "delta": 16.728367}}
{"target": -13.73123816075747, "params": {"colsample_bytree": 0.11523109890094879, "eta": 0.019808501120674605, "gamma": 78.10629921144196, "max_depth": 5.0, "min_child_weight": 3368.126089914222, "num_boost_round": 1.0, "subsample": 0.3416764949460329}, "datetime": {"datetime": "2024-01-20 15:27:11", "elapsed": 3792.131512, "delta": 21.051331}}
{"target": -13.731387065888908, "params": {"colsample_bytree": 0.11523109890094879, "eta": 0.019808501120674605, "gamma": 78.10629921144196, "max_depth": 5.0, "min_child_weight": 3368.126089914222, "num_boost_round": 2.0, "subsample": 0.3416764949460329}, "datetime": {"datetime": "2024-01-20 15:27:11", "elapsed": 3792.133965, "delta": 0.002453}}
{"target": -13.731513096967802, "params": {"colsample_bytree": 0.11523109890094879, "eta": 0.019808501120674605, "gamma": 78.10629921144196, "max_depth": 5.0, "min_child_weight": 3368.126089914222, "num_boost_round": 3.0, "subsample": 0.3416764949460329}, "datetime": {"datetime": "2024-01-20 15:27:11", "elapsed": 3792.136139, "delta": 0.002174}}
{"target": -13.731596392374168, "params": {"colsample_bytree": 0.11523109890094879, "eta": 0.019808501120674605, "gamma": 78.10629921144196, "max_depth": 5.0, "min_child_weight": 3368.126089914222, "num_boost_round": 4.0, "subsample": 0.3416764949460329}, "datetime": {"datetime": "2024-01-20 15:27:11", "elapsed": 3792.138227, "delta": 0.002088}}
{"target": -13.731641288974163, "params": {"colsample_bytree": 0.11523109890094879, "eta": 0.019808501120674605, "gamma": 78.10629921144196, "max_depth": 5.0, "min_child_weight": 3368.126089914222, "num_boost_round": 5.0, "subsample": 0.3416764949460329}, "datetime": {"datetime": "2024-01-20 15:27:11", "elapsed": 3792.140316, "delta": 0.002089}}
{"target": -13.731835289835022, "params": {"colsample_bytree": 0.11523109890094879, "eta": 0.019808501120674605, "gamma": 78.10629921144196, "max_depth": 5.0, "min_child_weight": 3368.126089914222, "num_boost_round": 6.0, "subsample": 0.3416764949460329}, "datetime": {"datetime": "2024-01-20 15:27:11", "elapsed": 3792.142391, "delta": 0.002075}}
{"target": -13.73198901959422, "params": {"colsample_bytree": 0.11523109890094879, "eta": 0.019808501120674605, "gamma": 78.10629921144196, "max_depth": 5.0, "min_child_weight": 3368.126089914222, "num_boost_round": 7.0, "subsample": 0.3416764949460329}, "datetime": {"datetime": "2024-01-20 15:27:11", "elapsed": 3792.144439, "delta": 0.002048}}
{"target": -13.732087322112275, "params": {"colsample_bytree": 0.11523109890094879, "eta": 0.019808501120674605, "gamma": 78.10629921144196, "max_depth": 5.0, "min_child_weight": 3368.126089914222, "num_boost_round": 8.0, "subsample": 0.3416764949460329}, "datetime": {"datetime": "2024-01-20 15:27:11", "elapsed": 3792.146463, "delta": 0.002024}}
{"target": -13.732166147474347, "params": {"colsample_bytree": 0.11523109890094879, "eta": 0.019808501120674605, "gamma": 78.10629921144196, "max_depth": 5.0, "min_child_weight": 3368.126089914222, "num_boost_round": 9.0, "subsample": 0.3416764949460329}, "datetime": {"datetime": "2024-01-20 15:27:11", "elapsed": 3792.148467, "delta": 0.002004}}
{"target": -13.73232153356862, "params": {"colsample_bytree": 0.11523109890094879, "eta": 0.019808501120674605, "gamma": 78.10629921144196, "max_depth": 5.0, "min_child_weight": 3368.126089914222, "num_boost_round": 10.0, "subsample": 0.3416764949460329}, "datetime": {"datetime": "2024-01-20 15:27:11", "elapsed": 3792.150478, "delta": 0.002011}}
{"target": -13.732466752491208, "params": {"colsample_bytree": 0.11523109890094879, "eta": 0.019808501120674605, "gamma": 78.10629921144196, "max_depth": 5.0, "min_child_weight": 3368.126089914222, "num_boost_round": 11.0, "subsample": 0.3416764949460329}, "datetime": {"datetime": "2024-01-20 15:27:11", "elapsed": 3792.154198, "delta": 0.00372}}
{"target": -13.73131788605157, "params": {"colsample_bytree": 0.5608069693629445, "eta": 0.031208646447680743, "gamma": 88.44498097254483, "max_depth": 4.0, "min_child_weight": 3467.4284083006573, "num_boost_round": 1.0, "subsample": 0.5324505227071471}, "datetime": {"datetime": "2024-01-20 15:27:30", "elapsed": 3810.93911, "delta": 18.784912}}
{"target": -13.731614738472896, "params": {"colsample_bytree": 0.5608069693629445, "eta": 0.031208646447680743, "gamma": 88.44498097254483, "max_depth": 4.0, "min_child_weight": 3467.4284083006573, "num_boost_round": 2.0, "subsample": 0.5324505227071471}, "datetime": {"datetime": "2024-01-20 15:27:30", "elapsed": 3810.943312, "delta": 0.004202}}
{"target": -13.73196020856787, "params": {"colsample_bytree": 0.5608069693629445, "eta": 0.031208646447680743, "gamma": 88.44498097254483, "max_depth": 4.0, "min_child_weight": 3467.4284083006573, "num_boost_round": 3.0, "subsample": 0.5324505227071471}, "datetime": {"datetime": "2024-01-20 15:27:30", "elapsed": 3810.945863, "delta": 0.002551}}
{"target": -13.73255004669912, "params": {"colsample_bytree": 0.5608069693629445, "eta": 0.031208646447680743, "gamma": 88.44498097254483, "max_depth": 4.0, "min_child_weight": 3467.4284083006573, "num_boost_round": 4.0, "subsample": 0.5324505227071471}, "datetime": {"datetime": "2024-01-20 15:27:30", "elapsed": 3810.94802, "delta": 0.002157}}
{"target": -13.73224001183505, "params": {"colsample_bytree": 0.882716162908891, "eta": 0.0468866782885417, "gamma": 38.117641018386436, "max_depth": 9.0, "min_child_weight": 3314.316925376667, "num_boost_round": 1.0, "subsample": 0.3353500450464132}, "datetime": {"datetime": "2024-01-20 15:27:49", "elapsed": 3830.489558, "delta": 19.541538}}
{"target": -13.733249921997878, "params": {"colsample_bytree": 0.882716162908891, "eta": 0.0468866782885417, "gamma": 38.117641018386436, "max_depth": 9.0, "min_child_weight": 3314.316925376667, "num_boost_round": 2.0, "subsample": 0.3353500450464132}, "datetime": {"datetime": "2024-01-20 15:27:49", "elapsed": 3830.49243, "delta": 0.002872}}
{"target": -13.734191943186168, "params": {"colsample_bytree": 0.882716162908891, "eta": 0.0468866782885417, "gamma": 38.117641018386436, "max_depth": 9.0, "min_child_weight": 3314.316925376667, "num_boost_round": 3.0, "subsample": 0.3353500450464132}, "datetime": {"datetime": "2024-01-20 15:27:49", "elapsed": 3830.495383, "delta": 0.002953}}
{"target": -13.73589991311747, "params": {"colsample_bytree": 0.882716162908891, "eta": 0.0468866782885417, "gamma": 38.117641018386436, "max_depth": 9.0, "min_child_weight": 3314.316925376667, "num_boost_round": 4.0, "subsample": 0.3353500450464132}, "datetime": {"datetime": "2024-01-20 15:27:49", "elapsed": 3830.497421, "delta": 0.002038}}
{"target": -13.737730703369643, "params": {"colsample_bytree": 0.882716162908891, "eta": 0.0468866782885417, "gamma": 38.117641018386436, "max_depth": 9.0, "min_child_weight": 3314.316925376667, "num_boost_round": 5.0, "subsample": 0.3353500450464132}, "datetime": {"datetime": "2024-01-20 15:27:49", "elapsed": 3830.499469, "delta": 0.002048}}
{"target": -13.732006884918011, "params": {"colsample_bytree": 0.4923209346085672, "eta": 0.07560961884520226, "gamma": 14.162576535065252, "max_depth": 7.0, "min_child_weight": 3482.397496296124, "num_boost_round": 1.0, "subsample": 0.14495272028239775}, "datetime": {"datetime": "2024-01-20 15:28:11", "elapsed": 3852.221195, "delta": 21.721726}}
{"target": -13.732827758794942, "params": {"colsample_bytree": 0.4923209346085672, "eta": 0.07560961884520226, "gamma": 14.162576535065252, "max_depth": 7.0, "min_child_weight": 3482.397496296124, "num_boost_round": 2.0, "subsample": 0.14495272028239775}, "datetime": {"datetime": "2024-01-20 15:28:11", "elapsed": 3852.224868, "delta": 0.003673}}
{"target": -13.734235711882505, "params": {"colsample_bytree": 0.4923209346085672, "eta": 0.07560961884520226, "gamma": 14.162576535065252, "max_depth": 7.0, "min_child_weight": 3482.397496296124, "num_boost_round": 3.0, "subsample": 0.14495272028239775}, "datetime": {"datetime": "2024-01-20 15:28:11", "elapsed": 3852.227739, "delta": 0.002871}}
{"target": -13.731723249205364, "params": {"colsample_bytree": 0.3666708372029692, "eta": 0.05208308369565604, "gamma": 997.3692684460702, "max_depth": 6.0, "min_child_weight": 4543.53192269108, "num_boost_round": 1.0, "subsample": 0.23690841683419211}, "datetime": {"datetime": "2024-01-20 15:28:29", "elapsed": 3870.679855, "delta": 18.452116}}
{"target": -13.731754402660824, "params": {"colsample_bytree": 0.6717555707759882, "eta": 0.03784018810549387, "gamma": 867.211794388697, "max_depth": 4.0, "min_child_weight": 3959.8938568302597, "num_boost_round": 1.0, "subsample": 0.3957361717324217}, "datetime": {"datetime": "2024-01-20 15:28:45", "elapsed": 3886.465966, "delta": 15.786111}}
{"target": -13.731017351332369, "params": {"colsample_bytree": 0.7659139687074022, "eta": 1e-05, "gamma": 365.60417065988827, "max_depth": 8.0, "min_child_weight": 3639.760172233804, "num_boost_round": 1.0, "subsample": 0.1804281638991138}, "datetime": {"datetime": "2024-01-20 15:29:01", "elapsed": 3902.456613, "delta": 15.990647}}
{"target": -13.731434134376187, "params": {"colsample_bytree": 0.11097631383727734, "eta": 0.0521905992013677, "gamma": 686.9594387559222, "max_depth": 9.0, "min_child_weight": 4364.66945560872, "num_boost_round": 1.0, "subsample": 0.4342446616803919}, "datetime": {"datetime": "2024-01-20 15:29:20", "elapsed": 3921.10213, "delta": 18.645517}}
{"target": -13.731473631596067, "params": {"colsample_bytree": 0.8263604349282594, "eta": 0.021100825563388315, "gamma": 998.1124233313155, "max_depth": 6.0, "min_child_weight": 4495.451120310053, "num_boost_round": 1.0, "subsample": 0.43829489761670115}, "datetime": {"datetime": "2024-01-20 15:29:39", "elapsed": 3939.986239, "delta": 18.884109}}
{"target": -13.731779060184495, "params": {"colsample_bytree": 0.8263604349282594, "eta": 0.021100825563388315, "gamma": 998.1124233313155, "max_depth": 6.0, "min_child_weight": 4495.451120310053, "num_boost_round": 2.0, "subsample": 0.43829489761670115}, "datetime": {"datetime": "2024-01-20 15:29:39", "elapsed": 3939.989697, "delta": 0.003458}}
{"target": -13.732285730967636, "params": {"colsample_bytree": 0.8263604349282594, "eta": 0.021100825563388315, "gamma": 998.1124233313155, "max_depth": 6.0, "min_child_weight": 4495.451120310053, "num_boost_round": 3.0, "subsample": 0.43829489761670115}, "datetime": {"datetime": "2024-01-20 15:29:39", "elapsed": 3939.993128, "delta": 0.003431}}
{"target": -13.731883566847369, "params": {"colsample_bytree": 0.1471714701885034, "eta": 0.08679065585540034, "gamma": 85.92582483238287, "max_depth": 4.0, "min_child_weight": 3547.2783288663672, "num_boost_round": 1.0, "subsample": 0.8711114258232215}, "datetime": {"datetime": "2024-01-20 15:30:02", "elapsed": 3962.99982, "delta": 23.006692}}
{"target": -13.73250934483279, "params": {"colsample_bytree": 0.1471714701885034, "eta": 0.08679065585540034, "gamma": 85.92582483238287, "max_depth": 4.0, "min_child_weight": 3547.2783288663672, "num_boost_round": 2.0, "subsample": 0.8711114258232215}, "datetime": {"datetime": "2024-01-20 15:30:02", "elapsed": 3963.003348, "delta": 0.003528}}
{"target": -13.733035451281562, "params": {"colsample_bytree": 0.1471714701885034, "eta": 0.08679065585540034, "gamma": 85.92582483238287, "max_depth": 4.0, "min_child_weight": 3547.2783288663672, "num_boost_round": 3.0, "subsample": 0.8711114258232215}, "datetime": {"datetime": "2024-01-20 15:30:02", "elapsed": 3963.006543, "delta": 0.003195}}
{"target": -13.733637637137253, "params": {"colsample_bytree": 0.1471714701885034, "eta": 0.08679065585540034, "gamma": 85.92582483238287, "max_depth": 4.0, "min_child_weight": 3547.2783288663672, "num_boost_round": 4.0, "subsample": 0.8711114258232215}, "datetime": {"datetime": "2024-01-20 15:30:02", "elapsed": 3963.008864, "delta": 0.002321}}
{"target": -13.734184976085096, "params": {"colsample_bytree": 0.1471714701885034, "eta": 0.08679065585540034, "gamma": 85.92582483238287, "max_depth": 4.0, "min_child_weight": 3547.2783288663672, "num_boost_round": 5.0, "subsample": 0.8711114258232215}, "datetime": {"datetime": "2024-01-20 15:30:02", "elapsed": 3963.010955, "delta": 0.002091}}
{"target": -13.73493138745646, "params": {"colsample_bytree": 0.1471714701885034, "eta": 0.08679065585540034, "gamma": 85.92582483238287, "max_depth": 4.0, "min_child_weight": 3547.2783288663672, "num_boost_round": 6.0, "subsample": 0.8711114258232215}, "datetime": {"datetime": "2024-01-20 15:30:02", "elapsed": 3963.013196, "delta": 0.002241}}
{"target": -13.735609948542422, "params": {"colsample_bytree": 0.1471714701885034, "eta": 0.08679065585540034, "gamma": 85.92582483238287, "max_depth": 4.0, "min_child_weight": 3547.2783288663672, "num_boost_round": 7.0, "subsample": 0.8711114258232215}, "datetime": {"datetime": "2024-01-20 15:30:02", "elapsed": 3963.015283, "delta": 0.002087}}
{"target": -13.7312831941335, "params": {"colsample_bytree": 0.6538799505451806, "eta": 0.011509275274789019, "gamma": 644.4532720900149, "max_depth": 9.0, "min_child_weight": 4820.1889101662055, "num_boost_round": 1.0, "subsample": 0.5551067211047735}, "datetime": {"datetime": "2024-01-20 15:30:22", "elapsed": 3983.156137, "delta": 20.140854}}
{"target": -13.731495178997676, "params": {"colsample_bytree": 0.6538799505451806, "eta": 0.011509275274789019, "gamma": 644.4532720900149, "max_depth": 9.0, "min_child_weight": 4820.1889101662055, "num_boost_round": 2.0, "subsample": 0.5551067211047735}, "datetime": {"datetime": "2024-01-20 15:30:22", "elapsed": 3983.159219, "delta": 0.003082}}
{"target": -13.731414871321997, "params": {"colsample_bytree": 0.4701901023238072, "eta": 0.03134771453765254, "gamma": 425.6650137714073, "max_depth": 7.0, "min_child_weight": 4706.935452946166, "num_boost_round": 1.0, "subsample": 0.5553228743839466}, "datetime": {"datetime": "2024-01-20 15:30:40", "elapsed": 4001.808357, "delta": 18.649138}}
{"target": -13.731614299680164, "params": {"colsample_bytree": 0.4701901023238072, "eta": 0.03134771453765254, "gamma": 425.6650137714073, "max_depth": 7.0, "min_child_weight": 4706.935452946166, "num_boost_round": 2.0, "subsample": 0.5553228743839466}, "datetime": {"datetime": "2024-01-20 15:30:40", "elapsed": 4001.812901, "delta": 0.004544}}
{"target": -13.73198175895618, "params": {"colsample_bytree": 0.4701901023238072, "eta": 0.03134771453765254, "gamma": 425.6650137714073, "max_depth": 7.0, "min_child_weight": 4706.935452946166, "num_boost_round": 3.0, "subsample": 0.5553228743839466}, "datetime": {"datetime": "2024-01-20 15:30:40", "elapsed": 4001.815269, "delta": 0.002368}}
{"target": -13.731543810738446, "params": {"colsample_bytree": 0.7745825785807617, "eta": 0.043534740461965815, "gamma": 687.6375455244172, "max_depth": 2.0, "min_child_weight": 4819.100200036315, "num_boost_round": 1.0, "subsample": 0.1811936611332269}, "datetime": {"datetime": "2024-01-20 15:31:01", "elapsed": 4022.414027, "delta": 20.598758}}
