{"target": -15.16497079124451, "params": {"colsample_bytree": 0.5825655104087981, "eta": 0.029690733848652746, "gamma": 591.8700989671771, "max_depth": 2.0, "min_child_weight": 4190.552088299776, "num_boost_round": 12.0, "subsample": 0.46848361122139337}, "datetime": {"datetime": "2024-01-20 14:35:18", "elapsed": 675.847297, "delta": 0.001261}}
{"target": -15.16465581421742, "params": {"colsample_bytree": 0.5825655104087981, "eta": 0.029690733848652746, "gamma": 591.8700989671771, "max_depth": 2.0, "min_child_weight": 4190.552088299776, "num_boost_round": 13.0, "subsample": 0.46848361122139337}, "datetime": {"datetime": "2024-01-20 14:35:18", "elapsed": 675.848567, "delta": 0.00127}}
{"target": -15.163718987725105, "params": {"colsample_bytree": 0.5825655104087981, "eta": 0.029690733848652746, "gamma": 591.8700989671771, "max_depth": 2.0, "min_child_weight": 4190.552088299776, "num_boost_round": 14.0, "subsample": 0.46848361122139337}, "datetime": {"datetime": "2024-01-20 14:35:18", "elapsed": 675.849826, "delta": 0.001259}}
{"target": -15.163390683814235, "params": {"colsample_bytree": 0.5825655104087981, "eta": 0.029690733848652746, "gamma": 591.8700989671771, "max_depth": 2.0, "min_child_weight": 4190.552088299776, "num_boost_round": 15.0, "subsample": 0.46848361122139337}, "datetime": {"datetime": "2024-01-20 14:35:18", "elapsed": 675.851188, "delta": 0.001362}}
{"target": -15.163090488118517, "params": {"colsample_bytree": 0.5825655104087981, "eta": 0.029690733848652746, "gamma": 591.8700989671771, "max_depth": 2.0, "min_child_weight": 4190.552088299776, "num_boost_round": 16.0, "subsample": 0.46848361122139337}, "datetime": {"datetime": "2024-01-20 14:35:18", "elapsed": 675.85245, "delta": 0.001262}}
{"target": -15.1621778514756, "params": {"colsample_bytree": 0.5825655104087981, "eta": 0.029690733848652746, "gamma": 591.8700989671771, "max_depth": 2.0, "min_child_weight": 4190.552088299776, "num_boost_round": 17.0, "subsample": 0.46848361122139337}, "datetime": {"datetime": "2024-01-20 14:35:18", "elapsed": 675.853722, "delta": 0.001272}}
{"target": -15.161960002634414, "params": {"colsample_bytree": 0.5825655104087981, "eta": 0.029690733848652746, "gamma": 591.8700989671771, "max_depth": 2.0, "min_child_weight": 4190.552088299776, "num_boost_round": 18.0, "subsample": 0.46848361122139337}, "datetime": {"datetime": "2024-01-20 14:35:18", "elapsed": 675.854988, "delta": 0.001266}}
{"target": -15.161276421849522, "params": {"colsample_bytree": 0.5825655104087981, "eta": 0.029690733848652746, "gamma": 591.8700989671771, "max_depth": 2.0, "min_child_weight": 4190.552088299776, "num_boost_round": 19.0, "subsample": 0.46848361122139337}, "datetime": {"datetime": "2024-01-20 14:35:18", "elapsed": 675.856254, "delta": 0.001266}}
{"target": -15.161068783906904, "params": {"colsample_bytree": 0.5825655104087981, "eta": 0.029690733848652746, "gamma": 591.8700989671771, "max_depth": 2.0, "min_child_weight": 4190.552088299776, "num_boost_round": 20.0, "subsample": 0.46848361122139337}, "datetime": {"datetime": "2024-01-20 14:35:18", "elapsed": 675.857522, "delta": 0.001268}}
{"target": -15.160283065626668, "params": {"colsample_bytree": 0.5825655104087981, "eta": 0.029690733848652746, "gamma": 591.8700989671771, "max_depth": 2.0, "min_child_weight": 4190.552088299776, "num_boost_round": 21.0, "subsample": 0.46848361122139337}, "datetime": {"datetime": "2024-01-20 14:35:18", "elapsed": 675.858779, "delta": 0.001257}}
{"target": -15.159974016444163, "params": {"colsample_bytree": 0.5825655104087981, "eta": 0.029690733848652746, "gamma": 591.8700989671771, "max_depth": 2.0, "min_child_weight": 4190.552088299776, "num_boost_round": 22.0, "subsample": 0.46848361122139337}, "datetime": {"datetime": "2024-01-20 14:35:18", "elapsed": 675.860089, "delta": 0.00131}}
{"target": -15.159292787811026, "params": {"colsample_bytree": 0.5825655104087981, "eta": 0.029690733848652746, "gamma": 591.8700989671771, "max_depth": 2.0, "min_child_weight": 4190.552088299776, "num_boost_round": 23.0, "subsample": 0.46848361122139337}, "datetime": {"datetime": "2024-01-20 14:35:18", "elapsed": 675.861405, "delta": 0.001316}}
{"target": -15.158522561197397, "params": {"colsample_bytree": 0.5825655104087981, "eta": 0.029690733848652746, "gamma": 591.8700989671771, "max_depth": 2.0, "min_child_weight": 4190.552088299776, "num_boost_round": 24.0, "subsample": 0.46848361122139337}, "datetime": {"datetime": "2024-01-20 14:35:18", "elapsed": 675.862692, "delta": 0.001287}}
{"target": -15.158481025164296, "params": {"colsample_bytree": 0.5825655104087981, "eta": 0.029690733848652746, "gamma": 591.8700989671771, "max_depth": 2.0, "min_child_weight": 4190.552088299776, "num_boost_round": 25.0, "subsample": 0.46848361122139337}, "datetime": {"datetime": "2024-01-20 14:35:18", "elapsed": 675.863971, "delta": 0.001279}}
{"target": -15.15845621768823, "params": {"colsample_bytree": 0.5825655104087981, "eta": 0.029690733848652746, "gamma": 591.8700989671771, "max_depth": 2.0, "min_child_weight": 4190.552088299776, "num_boost_round": 26.0, "subsample": 0.46848361122139337}, "datetime": {"datetime": "2024-01-20 14:35:18", "elapsed": 675.865261, "delta": 0.00129}}
{"target": -15.158362065710646, "params": {"colsample_bytree": 0.5825655104087981, "eta": 0.029690733848652746, "gamma": 591.8700989671771, "max_depth": 2.0, "min_child_weight": 4190.552088299776, "num_boost_round": 27.0, "subsample": 0.46848361122139337}, "datetime": {"datetime": "2024-01-20 14:35:18", "elapsed": 675.86656, "delta": 0.001299}}
{"target": -15.158026763466502, "params": {"colsample_bytree": 0.5825655104087981, "eta": 0.029690733848652746, "gamma": 591.8700989671771, "max_depth": 2.0, "min_child_weight": 4190.552088299776, "num_boost_round": 28.0, "subsample": 0.46848361122139337}, "datetime": {"datetime": "2024-01-20 14:35:18", "elapsed": 675.867846, "delta": 0.001286}}
{"target": -15.157703112633978, "params": {"colsample_bytree": 0.5825655104087981, "eta": 0.029690733848652746, "gamma": 591.8700989671771, "max_depth": 2.0, "min_child_weight": 4190.552088299776, "num_boost_round": 29.0, "subsample": 0.46848361122139337}, "datetime": {"datetime": "2024-01-20 14:35:18", "elapsed": 675.869144, "delta": 0.001298}}
{"target": -15.157282455517475, "params": {"colsample_bytree": 0.5825655104087981, "eta": 0.029690733848652746, "gamma": 591.8700989671771, "max_depth": 2.0, "min_child_weight": 4190.552088299776, "num_boost_round": 30.0, "subsample": 0.46848361122139337}, "datetime": {"datetime": "2024-01-20 14:35:18", "elapsed": 675.870428, "delta": 0.001284}}
{"target": -15.157042689906511, "params": {"colsample_bytree": 0.5825655104087981, "eta": 0.029690733848652746, "gamma": 591.8700989671771, "max_depth": 2.0, "min_child_weight": 4190.552088299776, "num_boost_round": 31.0, "subsample": 0.46848361122139337}, "datetime": {"datetime": "2024-01-20 14:35:18", "elapsed": 675.871795, "delta": 0.001367}}
{"target": -15.156843741649666, "params": {"colsample_bytree": 0.5825655104087981, "eta": 0.029690733848652746, "gamma": 591.8700989671771, "max_depth": 2.0, "min_child_weight": 4190.552088299776, "num_boost_round": 32.0, "subsample": 0.46848361122139337}, "datetime": {"datetime": "2024-01-20 14:35:18", "elapsed": 675.873076, "delta": 0.001281}}
{"target": -15.171203392148982, "params": {"colsample_bytree": 0.19544100720638405, "eta": 0.061618267770131206, "gamma": 618.8593007928554, "max_depth": 7.0, "min_child_weight": 4188.6565086737855, "num_boost_round": 1.0, "subsample": 0.7116146073050043}, "datetime": {"datetime": "2024-01-20 14:35:53", "elapsed": 711.015801, "delta": 35.142725}}
{"target": -15.169997497679066, "params": {"colsample_bytree": 0.19544100720638405, "eta": 0.061618267770131206, "gamma": 618.8593007928554, "max_depth": 7.0, "min_child_weight": 4188.6565086737855, "num_boost_round": 2.0, "subsample": 0.7116146073050043}, "datetime": {"datetime": "2024-01-20 14:35:53", "elapsed": 711.020589, "delta": 0.004788}}
{"target": -15.168303107832052, "params": {"colsample_bytree": 0.19544100720638405, "eta": 0.061618267770131206, "gamma": 618.8593007928554, "max_depth": 7.0, "min_child_weight": 4188.6565086737855, "num_boost_round": 3.0, "subsample": 0.7116146073050043}, "datetime": {"datetime": "2024-01-20 14:35:53", "elapsed": 711.021996, "delta": 0.001407}}
{"target": -15.168196654005534, "params": {"colsample_bytree": 0.19544100720638405, "eta": 0.061618267770131206, "gamma": 618.8593007928554, "max_depth": 7.0, "min_child_weight": 4188.6565086737855, "num_boost_round": 4.0, "subsample": 0.7116146073050043}, "datetime": {"datetime": "2024-01-20 14:35:53", "elapsed": 711.023323, "delta": 0.001327}}
{"target": -15.16604095980762, "params": {"colsample_bytree": 0.19544100720638405, "eta": 0.061618267770131206, "gamma": 618.8593007928554, "max_depth": 7.0, "min_child_weight": 4188.6565086737855, "num_boost_round": 5.0, "subsample": 0.7116146073050043}, "datetime": {"datetime": "2024-01-20 14:35:53", "elapsed": 711.024646, "delta": 0.001323}}
{"target": -15.164517049935592, "params": {"colsample_bytree": 0.19544100720638405, "eta": 0.061618267770131206, "gamma": 618.8593007928554, "max_depth": 7.0, "min_child_weight": 4188.6565086737855, "num_boost_round": 6.0, "subsample": 0.7116146073050043}, "datetime": {"datetime": "2024-01-20 14:35:53", "elapsed": 711.02593, "delta": 0.001284}}
{"target": -15.163165400822795, "params": {"colsample_bytree": 0.19544100720638405, "eta": 0.061618267770131206, "gamma": 618.8593007928554, "max_depth": 7.0, "min_child_weight": 4188.6565086737855, "num_boost_round": 7.0, "subsample": 0.7116146073050043}, "datetime": {"datetime": "2024-01-20 14:35:53", "elapsed": 711.02723, "delta": 0.0013}}
{"target": -15.161651211585006, "params": {"colsample_bytree": 0.19544100720638405, "eta": 0.061618267770131206, "gamma": 618.8593007928554, "max_depth": 7.0, "min_child_weight": 4188.6565086737855, "num_boost_round": 8.0, "subsample": 0.7116146073050043}, "datetime": {"datetime": "2024-01-20 14:35:53", "elapsed": 711.02851, "delta": 0.00128}}
{"target": -15.161544704275437, "params": {"colsample_bytree": 0.19544100720638405, "eta": 0.061618267770131206, "gamma": 618.8593007928554, "max_depth": 7.0, "min_child_weight": 4188.6565086737855, "num_boost_round": 9.0, "subsample": 0.7116146073050043}, "datetime": {"datetime": "2024-01-20 14:35:53", "elapsed": 711.029799, "delta": 0.001289}}
{"target": -15.160643890428437, "params": {"colsample_bytree": 0.19544100720638405, "eta": 0.061618267770131206, "gamma": 618.8593007928554, "max_depth": 7.0, "min_child_weight": 4188.6565086737855, "num_boost_round": 10.0, "subsample": 0.7116146073050043}, "datetime": {"datetime": "2024-01-20 14:35:53", "elapsed": 711.03118, "delta": 0.001381}}
{"target": -15.160697583180374, "params": {"colsample_bytree": 0.19544100720638405, "eta": 0.061618267770131206, "gamma": 618.8593007928554, "max_depth": 7.0, "min_child_weight": 4188.6565086737855, "num_boost_round": 11.0, "subsample": 0.7116146073050043}, "datetime": {"datetime": "2024-01-20 14:35:53", "elapsed": 711.032445, "delta": 0.001265}}
{"target": -15.16058721271978, "params": {"colsample_bytree": 0.19544100720638405, "eta": 0.061618267770131206, "gamma": 618.8593007928554, "max_depth": 7.0, "min_child_weight": 4188.6565086737855, "num_boost_round": 12.0, "subsample": 0.7116146073050043}, "datetime": {"datetime": "2024-01-20 14:35:53", "elapsed": 711.033712, "delta": 0.001267}}
{"target": -15.160914121909926, "params": {"colsample_bytree": 0.19544100720638405, "eta": 0.061618267770131206, "gamma": 618.8593007928554, "max_depth": 7.0, "min_child_weight": 4188.6565086737855, "num_boost_round": 13.0, "subsample": 0.7116146073050043}, "datetime": {"datetime": "2024-01-20 14:35:53", "elapsed": 711.034985, "delta": 0.001273}}
{"target": -15.161397903332617, "params": {"colsample_bytree": 0.19544100720638405, "eta": 0.061618267770131206, "gamma": 618.8593007928554, "max_depth": 7.0, "min_child_weight": 4188.6565086737855, "num_boost_round": 14.0, "subsample": 0.7116146073050043}, "datetime": {"datetime": "2024-01-20 14:35:53", "elapsed": 711.036257, "delta": 0.001272}}
{"target": -15.161125547774702, "params": {"colsample_bytree": 0.19544100720638405, "eta": 0.061618267770131206, "gamma": 618.8593007928554, "max_depth": 7.0, "min_child_weight": 4188.6565086737855, "num_boost_round": 15.0, "subsample": 0.7116146073050043}, "datetime": {"datetime": "2024-01-20 14:35:53", "elapsed": 711.037531, "delta": 0.001274}}
{"target": -15.160987244838536, "params": {"colsample_bytree": 0.19544100720638405, "eta": 0.061618267770131206, "gamma": 618.8593007928554, "max_depth": 7.0, "min_child_weight": 4188.6565086737855, "num_boost_round": 16.0, "subsample": 0.7116146073050043}, "datetime": {"datetime": "2024-01-20 14:35:53", "elapsed": 711.0388, "delta": 0.001269}}
{"target": -15.15906061455266, "params": {"colsample_bytree": 0.19544100720638405, "eta": 0.061618267770131206, "gamma": 618.8593007928554, "max_depth": 7.0, "min_child_weight": 4188.6565086737855, "num_boost_round": 17.0, "subsample": 0.7116146073050043}, "datetime": {"datetime": "2024-01-20 14:35:53", "elapsed": 711.040132, "delta": 0.001332}}
{"target": -15.159113370961105, "params": {"colsample_bytree": 0.19544100720638405, "eta": 0.061618267770131206, "gamma": 618.8593007928554, "max_depth": 7.0, "min_child_weight": 4188.6565086737855, "num_boost_round": 18.0, "subsample": 0.7116146073050043}, "datetime": {"datetime": "2024-01-20 14:35:53", "elapsed": 711.041564, "delta": 0.001432}}
{"target": -15.158155965574341, "params": {"colsample_bytree": 0.19544100720638405, "eta": 0.061618267770131206, "gamma": 618.8593007928554, "max_depth": 7.0, "min_child_weight": 4188.6565086737855, "num_boost_round": 19.0, "subsample": 0.7116146073050043}, "datetime": {"datetime": "2024-01-20 14:35:53", "elapsed": 711.043301, "delta": 0.001737}}
{"target": -15.1583391986191, "params": {"colsample_bytree": 0.19544100720638405, "eta": 0.061618267770131206, "gamma": 618.8593007928554, "max_depth": 7.0, "min_child_weight": 4188.6565086737855, "num_boost_round": 20.0, "subsample": 0.7116146073050043}, "datetime": {"datetime": "2024-01-20 14:35:53", "elapsed": 711.0446, "delta": 0.001299}}
{"target": -15.157871482821516, "params": {"colsample_bytree": 0.19544100720638405, "eta": 0.061618267770131206, "gamma": 618.8593007928554, "max_depth": 7.0, "min_child_weight": 4188.6565086737855, "num_boost_round": 21.0, "subsample": 0.7116146073050043}, "datetime": {"datetime": "2024-01-20 14:35:53", "elapsed": 711.045895, "delta": 0.001295}}
{"target": -15.158007581549654, "params": {"colsample_bytree": 0.19544100720638405, "eta": 0.061618267770131206, "gamma": 618.8593007928554, "max_depth": 7.0, "min_child_weight": 4188.6565086737855, "num_boost_round": 22.0, "subsample": 0.7116146073050043}, "datetime": {"datetime": "2024-01-20 14:35:53", "elapsed": 711.047196, "delta": 0.001301}}
{"target": -15.157958516085465, "params": {"colsample_bytree": 0.19544100720638405, "eta": 0.061618267770131206, "gamma": 618.8593007928554, "max_depth": 7.0, "min_child_weight": 4188.6565086737855, "num_boost_round": 23.0, "subsample": 0.7116146073050043}, "datetime": {"datetime": "2024-01-20 14:35:53", "elapsed": 711.048501, "delta": 0.001305}}
{"target": -15.158236095482996, "params": {"colsample_bytree": 0.19544100720638405, "eta": 0.061618267770131206, "gamma": 618.8593007928554, "max_depth": 7.0, "min_child_weight": 4188.6565086737855, "num_boost_round": 24.0, "subsample": 0.7116146073050043}, "datetime": {"datetime": "2024-01-20 14:35:53", "elapsed": 711.049807, "delta": 0.001306}}
{"target": -15.158319601872275, "params": {"colsample_bytree": 0.19544100720638405, "eta": 0.061618267770131206, "gamma": 618.8593007928554, "max_depth": 7.0, "min_child_weight": 4188.6565086737855, "num_boost_round": 25.0, "subsample": 0.7116146073050043}, "datetime": {"datetime": "2024-01-20 14:35:53", "elapsed": 711.051228, "delta": 0.001421}}
{"target": -15.15837545266913, "params": {"colsample_bytree": 0.19544100720638405, "eta": 0.061618267770131206, "gamma": 618.8593007928554, "max_depth": 7.0, "min_child_weight": 4188.6565086737855, "num_boost_round": 26.0, "subsample": 0.7116146073050043}, "datetime": {"datetime": "2024-01-20 14:35:53", "elapsed": 711.052518, "delta": 0.00129}}
{"target": -15.15755747124606, "params": {"colsample_bytree": 0.19544100720638405, "eta": 0.061618267770131206, "gamma": 618.8593007928554, "max_depth": 7.0, "min_child_weight": 4188.6565086737855, "num_boost_round": 27.0, "subsample": 0.7116146073050043}, "datetime": {"datetime": "2024-01-20 14:35:53", "elapsed": 711.05381, "delta": 0.001292}}
{"target": -15.157095853334294, "params": {"colsample_bytree": 0.19544100720638405, "eta": 0.061618267770131206, "gamma": 618.8593007928554, "max_depth": 7.0, "min_child_weight": 4188.6565086737855, "num_boost_round": 28.0, "subsample": 0.7116146073050043}, "datetime": {"datetime": "2024-01-20 14:35:53", "elapsed": 711.055528, "delta": 0.001718}}
{"target": -15.157135832442602, "params": {"colsample_bytree": 0.19544100720638405, "eta": 0.061618267770131206, "gamma": 618.8593007928554, "max_depth": 7.0, "min_child_weight": 4188.6565086737855, "num_boost_round": 29.0, "subsample": 0.7116146073050043}, "datetime": {"datetime": "2024-01-20 14:35:53", "elapsed": 711.0571, "delta": 0.001572}}
{"target": -15.15601449339717, "params": {"colsample_bytree": 0.19544100720638405, "eta": 0.061618267770131206, "gamma": 618.8593007928554, "max_depth": 7.0, "min_child_weight": 4188.6565086737855, "num_boost_round": 30.0, "subsample": 0.7116146073050043}, "datetime": {"datetime": "2024-01-20 14:35:53", "elapsed": 711.058641, "delta": 0.001541}}
{"target": -15.156807207768068, "params": {"colsample_bytree": 0.19544100720638405, "eta": 0.061618267770131206, "gamma": 618.8593007928554, "max_depth": 7.0, "min_child_weight": 4188.6565086737855, "num_boost_round": 31.0, "subsample": 0.7116146073050043}, "datetime": {"datetime": "2024-01-20 14:35:53", "elapsed": 711.060013, "delta": 0.001372}}
{"target": -15.156836260327605, "params": {"colsample_bytree": 0.19544100720638405, "eta": 0.061618267770131206, "gamma": 618.8593007928554, "max_depth": 7.0, "min_child_weight": 4188.6565086737855, "num_boost_round": 32.0, "subsample": 0.7116146073050043}, "datetime": {"datetime": "2024-01-20 14:35:53", "elapsed": 711.061366, "delta": 0.001353}}
{"target": -15.156897719798033, "params": {"colsample_bytree": 0.19544100720638405, "eta": 0.061618267770131206, "gamma": 618.8593007928554, "max_depth": 7.0, "min_child_weight": 4188.6565086737855, "num_boost_round": 33.0, "subsample": 0.7116146073050043}, "datetime": {"datetime": "2024-01-20 14:35:53", "elapsed": 711.062666, "delta": 0.0013}}
{"target": -15.156994557892656, "params": {"colsample_bytree": 0.19544100720638405, "eta": 0.061618267770131206, "gamma": 618.8593007928554, "max_depth": 7.0, "min_child_weight": 4188.6565086737855, "num_boost_round": 34.0, "subsample": 0.7116146073050043}, "datetime": {"datetime": "2024-01-20 14:35:53", "elapsed": 711.063972, "delta": 0.001306}}
{"target": -15.157187558067093, "params": {"colsample_bytree": 0.19544100720638405, "eta": 0.061618267770131206, "gamma": 618.8593007928554, "max_depth": 7.0, "min_child_weight": 4188.6565086737855, "num_boost_round": 35.0, "subsample": 0.7116146073050043}, "datetime": {"datetime": "2024-01-20 14:35:53", "elapsed": 711.065259, "delta": 0.001287}}
{"target": -15.157184851450875, "params": {"colsample_bytree": 0.19544100720638405, "eta": 0.061618267770131206, "gamma": 618.8593007928554, "max_depth": 7.0, "min_child_weight": 4188.6565086737855, "num_boost_round": 36.0, "subsample": 0.7116146073050043}, "datetime": {"datetime": "2024-01-20 14:35:53", "elapsed": 711.066552, "delta": 0.001293}}
{"target": -15.156690821544483, "params": {"colsample_bytree": 0.19544100720638405, "eta": 0.061618267770131206, "gamma": 618.8593007928554, "max_depth": 7.0, "min_child_weight": 4188.6565086737855, "num_boost_round": 37.0, "subsample": 0.7116146073050043}, "datetime": {"datetime": "2024-01-20 14:35:53", "elapsed": 711.067862, "delta": 0.00131}}
{"target": -15.172949796092091, "params": {"colsample_bytree": 0.17717864544090384, "eta": 0.002760277301857663, "gamma": 609.7560852109737, "max_depth": 9.0, "min_child_weight": 4197.57880344527, "num_boost_round": 1.0, "subsample": 0.8926901907208009}, "datetime": {"datetime": "2024-01-20 14:36:28", "elapsed": 746.117885, "delta": 35.050023}}
{"target": -15.172884604518432, "params": {"colsample_bytree": 0.17717864544090384, "eta": 0.002760277301857663, "gamma": 609.7560852109737, "max_depth": 9.0, "min_child_weight": 4197.57880344527, "num_boost_round": 2.0, "subsample": 0.8926901907208009}, "datetime": {"datetime": "2024-01-20 14:36:28", "elapsed": 746.120632, "delta": 0.002747}}
{"target": -15.172796919409482, "params": {"colsample_bytree": 0.17717864544090384, "eta": 0.002760277301857663, "gamma": 609.7560852109737, "max_depth": 9.0, "min_child_weight": 4197.57880344527, "num_boost_round": 3.0, "subsample": 0.8926901907208009}, "datetime": {"datetime": "2024-01-20 14:36:28", "elapsed": 746.122882, "delta": 0.00225}}
{"target": -15.172815474344645, "params": {"colsample_bytree": 0.17717864544090384, "eta": 0.002760277301857663, "gamma": 609.7560852109737, "max_depth": 9.0, "min_child_weight": 4197.57880344527, "num_boost_round": 4.0, "subsample": 0.8926901907208009}, "datetime": {"datetime": "2024-01-20 14:36:28", "elapsed": 746.124203, "delta": 0.001321}}
{"target": -15.172698525518935, "params": {"colsample_bytree": 0.17717864544090384, "eta": 0.002760277301857663, "gamma": 609.7560852109737, "max_depth": 9.0, "min_child_weight": 4197.57880344527, "num_boost_round": 5.0, "subsample": 0.8926901907208009}, "datetime": {"datetime": "2024-01-20 14:36:28", "elapsed": 746.125501, "delta": 0.001298}}
