{"target": -13.498193348714597, "params": {"colsample_bytree": 0.6655927718745945, "eta": 0.04672308313125129, "gamma": 739.1087211338538, "max_depth": 2.0, "min_child_weight": 3986.347671555474, "num_boost_round": 3.0, "subsample": 0.8534165664108629}, "datetime": {"datetime": "2024-01-20 14:32:26", "elapsed": 500.073384, "delta": 0.001098}}
{"target": -13.49832091644274, "params": {"colsample_bytree": 0.6655927718745945, "eta": 0.04672308313125129, "gamma": 739.1087211338538, "max_depth": 2.0, "min_child_weight": 3986.347671555474, "num_boost_round": 4.0, "subsample": 0.8534165664108629}, "datetime": {"datetime": "2024-01-20 14:32:26", "elapsed": 500.074419, "delta": 0.001035}}
{"target": -13.498663209611207, "params": {"colsample_bytree": 0.6655927718745945, "eta": 0.04672308313125129, "gamma": 739.1087211338538, "max_depth": 2.0, "min_child_weight": 3986.347671555474, "num_boost_round": 5.0, "subsample": 0.8534165664108629}, "datetime": {"datetime": "2024-01-20 14:32:26", "elapsed": 500.075392, "delta": 0.000973}}
{"target": -13.498894819377531, "params": {"colsample_bytree": 0.6655927718745945, "eta": 0.04672308313125129, "gamma": 739.1087211338538, "max_depth": 2.0, "min_child_weight": 3986.347671555474, "num_boost_round": 6.0, "subsample": 0.8534165664108629}, "datetime": {"datetime": "2024-01-20 14:32:26", "elapsed": 500.076365, "delta": 0.000973}}
{"target": -13.499221720069691, "params": {"colsample_bytree": 0.6655927718745945, "eta": 0.04672308313125129, "gamma": 739.1087211338538, "max_depth": 2.0, "min_child_weight": 3986.347671555474, "num_boost_round": 7.0, "subsample": 0.8534165664108629}, "datetime": {"datetime": "2024-01-20 14:32:26", "elapsed": 500.077331, "delta": 0.000966}}
{"target": -13.499483533009801, "params": {"colsample_bytree": 0.6655927718745945, "eta": 0.04672308313125129, "gamma": 739.1087211338538, "max_depth": 2.0, "min_child_weight": 3986.347671555474, "num_boost_round": 8.0, "subsample": 0.8534165664108629}, "datetime": {"datetime": "2024-01-20 14:32:26", "elapsed": 500.078351, "delta": 0.00102}}
{"target": -13.499755776427772, "params": {"colsample_bytree": 0.6655927718745945, "eta": 0.04672308313125129, "gamma": 739.1087211338538, "max_depth": 2.0, "min_child_weight": 3986.347671555474, "num_boost_round": 9.0, "subsample": 0.8534165664108629}, "datetime": {"datetime": "2024-01-20 14:32:26", "elapsed": 500.079327, "delta": 0.000976}}
{"target": -13.500043113218368, "params": {"colsample_bytree": 0.6655927718745945, "eta": 0.04672308313125129, "gamma": 739.1087211338538, "max_depth": 2.0, "min_child_weight": 3986.347671555474, "num_boost_round": 10.0, "subsample": 0.8534165664108629}, "datetime": {"datetime": "2024-01-20 14:32:26", "elapsed": 500.080303, "delta": 0.000976}}
{"target": -13.500485198728256, "params": {"colsample_bytree": 0.6655927718745945, "eta": 0.04672308313125129, "gamma": 739.1087211338538, "max_depth": 2.0, "min_child_weight": 3986.347671555474, "num_boost_round": 11.0, "subsample": 0.8534165664108629}, "datetime": {"datetime": "2024-01-20 14:32:26", "elapsed": 500.081463, "delta": 0.00116}}
{"target": -13.500741463275904, "params": {"colsample_bytree": 0.6655927718745945, "eta": 0.04672308313125129, "gamma": 739.1087211338538, "max_depth": 2.0, "min_child_weight": 3986.347671555474, "num_boost_round": 12.0, "subsample": 0.8534165664108629}, "datetime": {"datetime": "2024-01-20 14:32:26", "elapsed": 500.082451, "delta": 0.000988}}
{"target": -13.500813852742134, "params": {"colsample_bytree": 0.6655927718745945, "eta": 0.04672308313125129, "gamma": 739.1087211338538, "max_depth": 2.0, "min_child_weight": 3986.347671555474, "num_boost_round": 13.0, "subsample": 0.8534165664108629}, "datetime": {"datetime": "2024-01-20 14:32:26", "elapsed": 500.083429, "delta": 0.000978}}
{"target": -13.500930694882214, "params": {"colsample_bytree": 0.6655927718745945, "eta": 0.04672308313125129, "gamma": 739.1087211338538, "max_depth": 2.0, "min_child_weight": 3986.347671555474, "num_boost_round": 14.0, "subsample": 0.8534165664108629}, "datetime": {"datetime": "2024-01-20 14:32:26", "elapsed": 500.08442, "delta": 0.000991}}
{"target": -13.501103569387503, "params": {"colsample_bytree": 0.6655927718745945, "eta": 0.04672308313125129, "gamma": 739.1087211338538, "max_depth": 2.0, "min_child_weight": 3986.347671555474, "num_boost_round": 15.0, "subsample": 0.8534165664108629}, "datetime": {"datetime": "2024-01-20 14:32:26", "elapsed": 500.085398, "delta": 0.000978}}
{"target": -13.501511165821356, "params": {"colsample_bytree": 0.6655927718745945, "eta": 0.04672308313125129, "gamma": 739.1087211338538, "max_depth": 2.0, "min_child_weight": 3986.347671555474, "num_boost_round": 16.0, "subsample": 0.8534165664108629}, "datetime": {"datetime": "2024-01-20 14:32:26", "elapsed": 500.086381, "delta": 0.000983}}
{"target": -13.501575081917482, "params": {"colsample_bytree": 0.6655927718745945, "eta": 0.04672308313125129, "gamma": 739.1087211338538, "max_depth": 2.0, "min_child_weight": 3986.347671555474, "num_boost_round": 17.0, "subsample": 0.8534165664108629}, "datetime": {"datetime": "2024-01-20 14:32:26", "elapsed": 500.087373, "delta": 0.000992}}
{"target": -13.501715353317234, "params": {"colsample_bytree": 0.6655927718745945, "eta": 0.04672308313125129, "gamma": 739.1087211338538, "max_depth": 2.0, "min_child_weight": 3986.347671555474, "num_boost_round": 18.0, "subsample": 0.8534165664108629}, "datetime": {"datetime": "2024-01-20 14:32:26", "elapsed": 500.088358, "delta": 0.000985}}
{"target": -13.501939176612318, "params": {"colsample_bytree": 0.6655927718745945, "eta": 0.04672308313125129, "gamma": 739.1087211338538, "max_depth": 2.0, "min_child_weight": 3986.347671555474, "num_boost_round": 19.0, "subsample": 0.8534165664108629}, "datetime": {"datetime": "2024-01-20 14:32:26", "elapsed": 500.089342, "delta": 0.000984}}
{"target": -13.502298562255252, "params": {"colsample_bytree": 0.6655927718745945, "eta": 0.04672308313125129, "gamma": 739.1087211338538, "max_depth": 2.0, "min_child_weight": 3986.347671555474, "num_boost_round": 20.0, "subsample": 0.8534165664108629}, "datetime": {"datetime": "2024-01-20 14:32:26", "elapsed": 500.090334, "delta": 0.000992}}
{"target": -13.496948349439377, "params": {"colsample_bytree": 0.6566116859075182, "eta": 0.08568795845245912, "gamma": 684.5503271280339, "max_depth": 9.0, "min_child_weight": 3896.0335848041086, "num_boost_round": 1.0, "subsample": 0.3264139517926193}, "datetime": {"datetime": "2024-01-20 14:33:07", "elapsed": 540.967613, "delta": 40.877279}}
{"target": -13.496362505283154, "params": {"colsample_bytree": 0.6566116859075182, "eta": 0.08568795845245912, "gamma": 684.5503271280339, "max_depth": 9.0, "min_child_weight": 3896.0335848041086, "num_boost_round": 2.0, "subsample": 0.3264139517926193}, "datetime": {"datetime": "2024-01-20 14:33:07", "elapsed": 540.968729, "delta": 0.001116}}
{"target": -13.496419263179991, "params": {"colsample_bytree": 0.6566116859075182, "eta": 0.08568795845245912, "gamma": 684.5503271280339, "max_depth": 9.0, "min_child_weight": 3896.0335848041086, "num_boost_round": 3.0, "subsample": 0.3264139517926193}, "datetime": {"datetime": "2024-01-20 14:33:07", "elapsed": 540.970035, "delta": 0.001306}}
{"target": -13.495779822485, "params": {"colsample_bytree": 0.6566116859075182, "eta": 0.08568795845245912, "gamma": 684.5503271280339, "max_depth": 9.0, "min_child_weight": 3896.0335848041086, "num_boost_round": 4.0, "subsample": 0.3264139517926193}, "datetime": {"datetime": "2024-01-20 14:33:07", "elapsed": 540.971275, "delta": 0.00124}}
{"target": -13.495279302408498, "params": {"colsample_bytree": 0.6566116859075182, "eta": 0.08568795845245912, "gamma": 684.5503271280339, "max_depth": 9.0, "min_child_weight": 3896.0335848041086, "num_boost_round": 5.0, "subsample": 0.3264139517926193}, "datetime": {"datetime": "2024-01-20 14:33:07", "elapsed": 540.972525, "delta": 0.00125}}
{"target": -13.495153421912605, "params": {"colsample_bytree": 0.6566116859075182, "eta": 0.08568795845245912, "gamma": 684.5503271280339, "max_depth": 9.0, "min_child_weight": 3896.0335848041086, "num_boost_round": 6.0, "subsample": 0.3264139517926193}, "datetime": {"datetime": "2024-01-20 14:33:07", "elapsed": 540.973522, "delta": 0.000997}}
{"target": -13.495392213361502, "params": {"colsample_bytree": 0.6566116859075182, "eta": 0.08568795845245912, "gamma": 684.5503271280339, "max_depth": 9.0, "min_child_weight": 3896.0335848041086, "num_boost_round": 7.0, "subsample": 0.3264139517926193}, "datetime": {"datetime": "2024-01-20 14:33:07", "elapsed": 540.974581, "delta": 0.001059}}
{"target": -13.495301844703707, "params": {"colsample_bytree": 0.6566116859075182, "eta": 0.08568795845245912, "gamma": 684.5503271280339, "max_depth": 9.0, "min_child_weight": 3896.0335848041086, "num_boost_round": 8.0, "subsample": 0.3264139517926193}, "datetime": {"datetime": "2024-01-20 14:33:07", "elapsed": 540.97557, "delta": 0.000989}}
{"target": -13.49520775083583, "params": {"colsample_bytree": 0.6566116859075182, "eta": 0.08568795845245912, "gamma": 684.5503271280339, "max_depth": 9.0, "min_child_weight": 3896.0335848041086, "num_boost_round": 9.0, "subsample": 0.3264139517926193}, "datetime": {"datetime": "2024-01-20 14:33:07", "elapsed": 540.976906, "delta": 0.001336}}
{"target": -13.49529036127749, "params": {"colsample_bytree": 0.6566116859075182, "eta": 0.08568795845245912, "gamma": 684.5503271280339, "max_depth": 9.0, "min_child_weight": 3896.0335848041086, "num_boost_round": 10.0, "subsample": 0.3264139517926193}, "datetime": {"datetime": "2024-01-20 14:33:07", "elapsed": 540.977922, "delta": 0.001016}}
{"target": -13.495634483753902, "params": {"colsample_bytree": 0.6566116859075182, "eta": 0.08568795845245912, "gamma": 684.5503271280339, "max_depth": 9.0, "min_child_weight": 3896.0335848041086, "num_boost_round": 11.0, "subsample": 0.3264139517926193}, "datetime": {"datetime": "2024-01-20 14:33:07", "elapsed": 540.978925, "delta": 0.001003}}
{"target": -13.495691360183132, "params": {"colsample_bytree": 0.6566116859075182, "eta": 0.08568795845245912, "gamma": 684.5503271280339, "max_depth": 9.0, "min_child_weight": 3896.0335848041086, "num_boost_round": 12.0, "subsample": 0.3264139517926193}, "datetime": {"datetime": "2024-01-20 14:33:07", "elapsed": 540.979922, "delta": 0.000997}}
{"target": -13.4958240228664, "params": {"colsample_bytree": 0.6566116859075182, "eta": 0.08568795845245912, "gamma": 684.5503271280339, "max_depth": 9.0, "min_child_weight": 3896.0335848041086, "num_boost_round": 13.0, "subsample": 0.3264139517926193}, "datetime": {"datetime": "2024-01-20 14:33:07", "elapsed": 540.980929, "delta": 0.001007}}
{"target": -13.496274561758696, "params": {"colsample_bytree": 0.6566116859075182, "eta": 0.08568795845245912, "gamma": 684.5503271280339, "max_depth": 9.0, "min_child_weight": 3896.0335848041086, "num_boost_round": 14.0, "subsample": 0.3264139517926193}, "datetime": {"datetime": "2024-01-20 14:33:07", "elapsed": 540.981926, "delta": 0.000997}}
{"target": -13.496605728711403, "params": {"colsample_bytree": 0.6566116859075182, "eta": 0.08568795845245912, "gamma": 684.5503271280339, "max_depth": 9.0, "min_child_weight": 3896.0335848041086, "num_boost_round": 15.0, "subsample": 0.3264139517926193}, "datetime": {"datetime": "2024-01-20 14:33:07", "elapsed": 540.982928, "delta": 0.001002}}
{"target": -13.496951290487793, "params": {"colsample_bytree": 0.6566116859075182, "eta": 0.08568795845245912, "gamma": 684.5503271280339, "max_depth": 9.0, "min_child_weight": 3896.0335848041086, "num_boost_round": 16.0, "subsample": 0.3264139517926193}, "datetime": {"datetime": "2024-01-20 14:33:07", "elapsed": 540.983924, "delta": 0.000996}}
{"target": -13.49713531462946, "params": {"colsample_bytree": 0.6566116859075182, "eta": 0.08568795845245912, "gamma": 684.5503271280339, "max_depth": 9.0, "min_child_weight": 3896.0335848041086, "num_boost_round": 17.0, "subsample": 0.3264139517926193}, "datetime": {"datetime": "2024-01-20 14:33:07", "elapsed": 540.984935, "delta": 0.001011}}
{"target": -13.497563423668534, "params": {"colsample_bytree": 0.6566116859075182, "eta": 0.08568795845245912, "gamma": 684.5503271280339, "max_depth": 9.0, "min_child_weight": 3896.0335848041086, "num_boost_round": 18.0, "subsample": 0.3264139517926193}, "datetime": {"datetime": "2024-01-20 14:33:07", "elapsed": 540.985945, "delta": 0.00101}}
{"target": -13.49783272542965, "params": {"colsample_bytree": 0.6566116859075182, "eta": 0.08568795845245912, "gamma": 684.5503271280339, "max_depth": 9.0, "min_child_weight": 3896.0335848041086, "num_boost_round": 19.0, "subsample": 0.3264139517926193}, "datetime": {"datetime": "2024-01-20 14:33:07", "elapsed": 540.986953, "delta": 0.001008}}
{"target": -13.49828291202314, "params": {"colsample_bytree": 0.6566116859075182, "eta": 0.08568795845245912, "gamma": 684.5503271280339, "max_depth": 9.0, "min_child_weight": 3896.0335848041086, "num_boost_round": 20.0, "subsample": 0.3264139517926193}, "datetime": {"datetime": "2024-01-20 14:33:07", "elapsed": 540.98796, "delta": 0.001007}}
{"target": -13.498145785959103, "params": {"colsample_bytree": 0.6566116859075182, "eta": 0.08568795845245912, "gamma": 684.5503271280339, "max_depth": 9.0, "min_child_weight": 3896.0335848041086, "num_boost_round": 21.0, "subsample": 0.3264139517926193}, "datetime": {"datetime": "2024-01-20 14:33:07", "elapsed": 540.98898, "delta": 0.00102}}
{"target": -13.498537710580417, "params": {"colsample_bytree": 0.6566116859075182, "eta": 0.08568795845245912, "gamma": 684.5503271280339, "max_depth": 9.0, "min_child_weight": 3896.0335848041086, "num_boost_round": 22.0, "subsample": 0.3264139517926193}, "datetime": {"datetime": "2024-01-20 14:33:07", "elapsed": 540.989996, "delta": 0.001016}}
{"target": -13.498936624448472, "params": {"colsample_bytree": 0.6566116859075182, "eta": 0.08568795845245912, "gamma": 684.5503271280339, "max_depth": 9.0, "min_child_weight": 3896.0335848041086, "num_boost_round": 23.0, "subsample": 0.3264139517926193}, "datetime": {"datetime": "2024-01-20 14:33:07", "elapsed": 540.991002, "delta": 0.001006}}
{"target": -13.49915264582382, "params": {"colsample_bytree": 0.6566116859075182, "eta": 0.08568795845245912, "gamma": 684.5503271280339, "max_depth": 9.0, "min_child_weight": 3896.0335848041086, "num_boost_round": 24.0, "subsample": 0.3264139517926193}, "datetime": {"datetime": "2024-01-20 14:33:07", "elapsed": 540.992135, "delta": 0.001133}}
{"target": -13.49929286923708, "params": {"colsample_bytree": 0.6566116859075182, "eta": 0.08568795845245912, "gamma": 684.5503271280339, "max_depth": 9.0, "min_child_weight": 3896.0335848041086, "num_boost_round": 25.0, "subsample": 0.3264139517926193}, "datetime": {"datetime": "2024-01-20 14:33:07", "elapsed": 540.993161, "delta": 0.001026}}
{"target": -13.49944033796762, "params": {"colsample_bytree": 0.6566116859075182, "eta": 0.08568795845245912, "gamma": 684.5503271280339, "max_depth": 9.0, "min_child_weight": 3896.0335848041086, "num_boost_round": 26.0, "subsample": 0.3264139517926193}, "datetime": {"datetime": "2024-01-20 14:33:07", "elapsed": 540.994229, "delta": 0.001068}}
{"target": -13.499963126035794, "params": {"colsample_bytree": 0.6566116859075182, "eta": 0.08568795845245912, "gamma": 684.5503271280339, "max_depth": 9.0, "min_child_weight": 3896.0335848041086, "num_boost_round": 27.0, "subsample": 0.3264139517926193}, "datetime": {"datetime": "2024-01-20 14:33:07", "elapsed": 540.995256, "delta": 0.001027}}
{"target": -13.500076668250891, "params": {"colsample_bytree": 0.6566116859075182, "eta": 0.08568795845245912, "gamma": 684.5503271280339, "max_depth": 9.0, "min_child_weight": 3896.0335848041086, "num_boost_round": 28.0, "subsample": 0.3264139517926193}, "datetime": {"datetime": "2024-01-20 14:33:07", "elapsed": 540.996313, "delta": 0.001057}}
{"target": -13.500089763294222, "params": {"colsample_bytree": 0.6566116859075182, "eta": 0.08568795845245912, "gamma": 684.5503271280339, "max_depth": 9.0, "min_child_weight": 3896.0335848041086, "num_boost_round": 29.0, "subsample": 0.3264139517926193}, "datetime": {"datetime": "2024-01-20 14:33:07", "elapsed": 540.997343, "delta": 0.00103}}
{"target": -13.500286904236047, "params": {"colsample_bytree": 0.6566116859075182, "eta": 0.08568795845245912, "gamma": 684.5503271280339, "max_depth": 9.0, "min_child_weight": 3896.0335848041086, "num_boost_round": 30.0, "subsample": 0.3264139517926193}, "datetime": {"datetime": "2024-01-20 14:33:07", "elapsed": 540.998371, "delta": 0.001028}}
{"target": -13.500419786214945, "params": {"colsample_bytree": 0.6566116859075182, "eta": 0.08568795845245912, "gamma": 684.5503271280339, "max_depth": 9.0, "min_child_weight": 3896.0335848041086, "num_boost_round": 31.0, "subsample": 0.3264139517926193}, "datetime": {"datetime": "2024-01-20 14:33:07", "elapsed": 540.999404, "delta": 0.001033}}
{"target": -13.500607945658398, "params": {"colsample_bytree": 0.6566116859075182, "eta": 0.08568795845245912, "gamma": 684.5503271280339, "max_depth": 9.0, "min_child_weight": 3896.0335848041086, "num_boost_round": 32.0, "subsample": 0.3264139517926193}, "datetime": {"datetime": "2024-01-20 14:33:07", "elapsed": 541.000433, "delta": 0.001029}}
{"target": -13.500663511355329, "params": {"colsample_bytree": 0.6566116859075182, "eta": 0.08568795845245912, "gamma": 684.5503271280339, "max_depth": 9.0, "min_child_weight": 3896.0335848041086, "num_boost_round": 33.0, "subsample": 0.3264139517926193}, "datetime": {"datetime": "2024-01-20 14:33:07", "elapsed": 541.001478, "delta": 0.001045}}
{"target": -13.50061133755423, "params": {"colsample_bytree": 0.6566116859075182, "eta": 0.08568795845245912, "gamma": 684.5503271280339, "max_depth": 9.0, "min_child_weight": 3896.0335848041086, "num_boost_round": 34.0, "subsample": 0.3264139517926193}, "datetime": {"datetime": "2024-01-20 14:33:07", "elapsed": 541.002498, "delta": 0.00102}}
{"target": -13.500588100298277, "params": {"colsample_bytree": 0.6566116859075182, "eta": 0.08568795845245912, "gamma": 684.5503271280339, "max_depth": 9.0, "min_child_weight": 3896.0335848041086, "num_boost_round": 35.0, "subsample": 0.3264139517926193}, "datetime": {"datetime": "2024-01-20 14:33:07", "elapsed": 541.003543, "delta": 0.001045}}
{"target": -13.501073468420405, "params": {"colsample_bytree": 0.6566116859075182, "eta": 0.08568795845245912, "gamma": 684.5503271280339, "max_depth": 9.0, "min_child_weight": 3896.0335848041086, "num_boost_round": 36.0, "subsample": 0.3264139517926193}, "datetime": {"datetime": "2024-01-20 14:33:07", "elapsed": 541.004579, "delta": 0.001036}}
{"target": -13.501326416920158, "params": {"colsample_bytree": 0.6566116859075182, "eta": 0.08568795845245912, "gamma": 684.5503271280339, "max_depth": 9.0, "min_child_weight": 3896.0335848041086, "num_boost_round": 37.0, "subsample": 0.3264139517926193}, "datetime": {"datetime": "2024-01-20 14:33:07", "elapsed": 541.005606, "delta": 0.001027}}
{"target": -13.50135764461503, "params": {"colsample_bytree": 0.6566116859075182, "eta": 0.08568795845245912, "gamma": 684.5503271280339, "max_depth": 9.0, "min_child_weight": 3896.0335848041086, "num_boost_round": 38.0, "subsample": 0.3264139517926193}, "datetime": {"datetime": "2024-01-20 14:33:07", "elapsed": 541.006653, "delta": 0.001047}}
{"target": -13.501518115840792, "params": {"colsample_bytree": 0.6566116859075182, "eta": 0.08568795845245912, "gamma": 684.5503271280339, "max_depth": 9.0, "min_child_weight": 3896.0335848041086, "num_boost_round": 39.0, "subsample": 0.3264139517926193}, "datetime": {"datetime": "2024-01-20 14:33:07", "elapsed": 541.00769, "delta": 0.001037}}
{"target": -13.501809693359764, "params": {"colsample_bytree": 0.6566116859075182, "eta": 0.08568795845245912, "gamma": 684.5503271280339, "max_depth": 9.0, "min_child_weight": 3896.0335848041086, "num_boost_round": 40.0, "subsample": 0.3264139517926193}, "datetime": {"datetime": "2024-01-20 14:33:07", "elapsed": 541.00873, "delta": 0.00104}}
{"target": -13.501996742861596, "params": {"colsample_bytree": 0.6566116859075182, "eta": 0.08568795845245912, "gamma": 684.5503271280339, "max_depth": 9.0, "min_child_weight": 3896.0335848041086, "num_boost_round": 41.0, "subsample": 0.3264139517926193}, "datetime": {"datetime": "2024-01-20 14:33:07", "elapsed": 541.009768, "delta": 0.001038}}
{"target": -13.50262585514318, "params": {"colsample_bytree": 0.6566116859075182, "eta": 0.08568795845245912, "gamma": 684.5503271280339, "max_depth": 9.0, "min_child_weight": 3896.0335848041086, "num_boost_round": 42.0, "subsample": 0.3264139517926193}, "datetime": {"datetime": "2024-01-20 14:33:07", "elapsed": 541.010807, "delta": 0.001039}}
{"target": -13.497725409257763, "params": {"colsample_bytree": 0.5094981012218849, "eta": 0.02313211594026912, "gamma": 645.0862971698283, "max_depth": 8.0, "min_child_weight": 3915.4059872479934, "num_boost_round": 1.0, "subsample": 0.7827330044276117}, "datetime": {"datetime": "2024-01-20 14:33:32", "elapsed": 566.31632, "delta": 25.305513}}
{"target": -13.497624809833319, "params": {"colsample_bytree": 0.5094981012218849, "eta": 0.02313211594026912, "gamma": 645.0862971698283, "max_depth": 8.0, "min_child_weight": 3915.4059872479934, "num_boost_round": 2.0, "subsample": 0.7827330044276117}, "datetime": {"datetime": "2024-01-20 14:33:32", "elapsed": 566.318277, "delta": 0.001957}}
{"target": -13.497622327600311, "params": {"colsample_bytree": 0.5094981012218849, "eta": 0.02313211594026912, "gamma": 645.0862971698283, "max_depth": 8.0, "min_child_weight": 3915.4059872479934, "num_boost_round": 3.0, "subsample": 0.7827330044276117}, "datetime": {"datetime": "2024-01-20 14:33:32", "elapsed": 566.319896, "delta": 0.001619}}
