{"target": -19.142527453889784, "params": {"colsample_bytree": 0.656160033669101, "eta": 0.009513878611711653, "gamma": 513.7173175123418, "max_depth": 8.0, "min_child_weight": 4526.1006193441435, "num_boost_round": 35.0, "subsample": 0.20489852079730103}, "datetime": {"datetime": "2024-01-20 15:19:49", "elapsed": 3357.270101, "delta": 0.003499}}
{"target": -19.14247931829985, "params": {"colsample_bytree": 0.656160033669101, "eta": 0.009513878611711653, "gamma": 513.7173175123418, "max_depth": 8.0, "min_child_weight": 4526.1006193441435, "num_boost_round": 36.0, "subsample": 0.20489852079730103}, "datetime": {"datetime": "2024-01-20 15:19:49", "elapsed": 3357.273396, "delta": 0.003295}}
{"target": -19.142509242569524, "params": {"colsample_bytree": 0.656160033669101, "eta": 0.009513878611711653, "gamma": 513.7173175123418, "max_depth": 8.0, "min_child_weight": 4526.1006193441435, "num_boost_round": 37.0, "subsample": 0.20489852079730103}, "datetime": {"datetime": "2024-01-20 15:19:49", "elapsed": 3357.27668, "delta": 0.003284}}
{"target": -19.142496418193964, "params": {"colsample_bytree": 0.656160033669101, "eta": 0.009513878611711653, "gamma": 513.7173175123418, "max_depth": 8.0, "min_child_weight": 4526.1006193441435, "num_boost_round": 38.0, "subsample": 0.20489852079730103}, "datetime": {"datetime": "2024-01-20 15:19:49", "elapsed": 3357.280173, "delta": 0.003493}}
{"target": -19.142560810399054, "params": {"colsample_bytree": 0.656160033669101, "eta": 0.009513878611711653, "gamma": 513.7173175123418, "max_depth": 8.0, "min_child_weight": 4526.1006193441435, "num_boost_round": 39.0, "subsample": 0.20489852079730103}, "datetime": {"datetime": "2024-01-20 15:19:49", "elapsed": 3357.283638, "delta": 0.003465}}
{"target": -19.142528210497083, "params": {"colsample_bytree": 0.656160033669101, "eta": 0.009513878611711653, "gamma": 513.7173175123418, "max_depth": 8.0, "min_child_weight": 4526.1006193441435, "num_boost_round": 40.0, "subsample": 0.20489852079730103}, "datetime": {"datetime": "2024-01-20 15:19:49", "elapsed": 3357.287044, "delta": 0.003406}}
{"target": -19.14255788445476, "params": {"colsample_bytree": 0.656160033669101, "eta": 0.009513878611711653, "gamma": 513.7173175123418, "max_depth": 8.0, "min_child_weight": 4526.1006193441435, "num_boost_round": 41.0, "subsample": 0.20489852079730103}, "datetime": {"datetime": "2024-01-20 15:19:49", "elapsed": 3357.290401, "delta": 0.003357}}
{"target": -19.14252121646073, "params": {"colsample_bytree": 0.656160033669101, "eta": 0.009513878611711653, "gamma": 513.7173175123418, "max_depth": 8.0, "min_child_weight": 4526.1006193441435, "num_boost_round": 42.0, "subsample": 0.20489852079730103}, "datetime": {"datetime": "2024-01-20 15:19:49", "elapsed": 3357.294397, "delta": 0.003996}}
{"target": -19.1425180076521, "params": {"colsample_bytree": 0.656160033669101, "eta": 0.009513878611711653, "gamma": 513.7173175123418, "max_depth": 8.0, "min_child_weight": 4526.1006193441435, "num_boost_round": 43.0, "subsample": 0.20489852079730103}, "datetime": {"datetime": "2024-01-20 15:19:49", "elapsed": 3357.297839, "delta": 0.003442}}
{"target": -19.142542077484578, "params": {"colsample_bytree": 0.656160033669101, "eta": 0.009513878611711653, "gamma": 513.7173175123418, "max_depth": 8.0, "min_child_weight": 4526.1006193441435, "num_boost_round": 44.0, "subsample": 0.20489852079730103}, "datetime": {"datetime": "2024-01-20 15:19:49", "elapsed": 3357.301325, "delta": 0.003486}}
{"target": -19.142530606673372, "params": {"colsample_bytree": 0.656160033669101, "eta": 0.009513878611711653, "gamma": 513.7173175123418, "max_depth": 8.0, "min_child_weight": 4526.1006193441435, "num_boost_round": 45.0, "subsample": 0.20489852079730103}, "datetime": {"datetime": "2024-01-20 15:19:49", "elapsed": 3357.304873, "delta": 0.003548}}
{"target": -19.142489461043365, "params": {"colsample_bytree": 0.656160033669101, "eta": 0.009513878611711653, "gamma": 513.7173175123418, "max_depth": 8.0, "min_child_weight": 4526.1006193441435, "num_boost_round": 46.0, "subsample": 0.20489852079730103}, "datetime": {"datetime": "2024-01-20 15:19:49", "elapsed": 3357.309443, "delta": 0.00457}}
{"target": -19.142517189308005, "params": {"colsample_bytree": 0.656160033669101, "eta": 0.009513878611711653, "gamma": 513.7173175123418, "max_depth": 8.0, "min_child_weight": 4526.1006193441435, "num_boost_round": 47.0, "subsample": 0.20489852079730103}, "datetime": {"datetime": "2024-01-20 15:19:49", "elapsed": 3357.312994, "delta": 0.003551}}
{"target": -19.142501949083865, "params": {"colsample_bytree": 0.656160033669101, "eta": 0.009513878611711653, "gamma": 513.7173175123418, "max_depth": 8.0, "min_child_weight": 4526.1006193441435, "num_boost_round": 48.0, "subsample": 0.20489852079730103}, "datetime": {"datetime": "2024-01-20 15:19:49", "elapsed": 3357.316763, "delta": 0.003769}}
{"target": -19.1425211684045, "params": {"colsample_bytree": 0.656160033669101, "eta": 0.009513878611711653, "gamma": 513.7173175123418, "max_depth": 8.0, "min_child_weight": 4526.1006193441435, "num_boost_round": 49.0, "subsample": 0.20489852079730103}, "datetime": {"datetime": "2024-01-20 15:19:49", "elapsed": 3357.320242, "delta": 0.003479}}
{"target": -19.1425170097672, "params": {"colsample_bytree": 0.656160033669101, "eta": 0.009513878611711653, "gamma": 513.7173175123418, "max_depth": 8.0, "min_child_weight": 4526.1006193441435, "num_boost_round": 50.0, "subsample": 0.20489852079730103}, "datetime": {"datetime": "2024-01-20 15:19:49", "elapsed": 3357.323587, "delta": 0.003345}}
{"target": -19.14246976456673, "params": {"colsample_bytree": 0.656160033669101, "eta": 0.009513878611711653, "gamma": 513.7173175123418, "max_depth": 8.0, "min_child_weight": 4526.1006193441435, "num_boost_round": 51.0, "subsample": 0.20489852079730103}, "datetime": {"datetime": "2024-01-20 15:19:49", "elapsed": 3357.326935, "delta": 0.003348}}
{"target": -19.142456714740504, "params": {"colsample_bytree": 0.656160033669101, "eta": 0.009513878611711653, "gamma": 513.7173175123418, "max_depth": 8.0, "min_child_weight": 4526.1006193441435, "num_boost_round": 52.0, "subsample": 0.20489852079730103}, "datetime": {"datetime": "2024-01-20 15:19:49", "elapsed": 3357.33027, "delta": 0.003335}}
{"target": -19.14252348785051, "params": {"colsample_bytree": 0.656160033669101, "eta": 0.009513878611711653, "gamma": 513.7173175123418, "max_depth": 8.0, "min_child_weight": 4526.1006193441435, "num_boost_round": 53.0, "subsample": 0.20489852079730103}, "datetime": {"datetime": "2024-01-20 15:19:49", "elapsed": 3357.333613, "delta": 0.003343}}
{"target": -19.142539972359362, "params": {"colsample_bytree": 0.656160033669101, "eta": 0.009513878611711653, "gamma": 513.7173175123418, "max_depth": 8.0, "min_child_weight": 4526.1006193441435, "num_boost_round": 54.0, "subsample": 0.20489852079730103}, "datetime": {"datetime": "2024-01-20 15:19:49", "elapsed": 3357.34355, "delta": 0.009937}}
{"target": -19.14259171927015, "params": {"colsample_bytree": 0.656160033669101, "eta": 0.009513878611711653, "gamma": 513.7173175123418, "max_depth": 8.0, "min_child_weight": 4526.1006193441435, "num_boost_round": 55.0, "subsample": 0.20489852079730103}, "datetime": {"datetime": "2024-01-20 15:19:49", "elapsed": 3357.347411, "delta": 0.003861}}
{"target": -19.142551015842727, "params": {"colsample_bytree": 0.656160033669101, "eta": 0.009513878611711653, "gamma": 513.7173175123418, "max_depth": 8.0, "min_child_weight": 4526.1006193441435, "num_boost_round": 56.0, "subsample": 0.20489852079730103}, "datetime": {"datetime": "2024-01-20 15:19:49", "elapsed": 3357.351114, "delta": 0.003703}}
{"target": -19.142558743450444, "params": {"colsample_bytree": 0.656160033669101, "eta": 0.009513878611711653, "gamma": 513.7173175123418, "max_depth": 8.0, "min_child_weight": 4526.1006193441435, "num_boost_round": 57.0, "subsample": 0.20489852079730103}, "datetime": {"datetime": "2024-01-20 15:19:49", "elapsed": 3357.354695, "delta": 0.003581}}
{"target": -19.14254182920181, "params": {"colsample_bytree": 0.656160033669101, "eta": 0.009513878611711653, "gamma": 513.7173175123418, "max_depth": 8.0, "min_child_weight": 4526.1006193441435, "num_boost_round": 58.0, "subsample": 0.20489852079730103}, "datetime": {"datetime": "2024-01-20 15:19:49", "elapsed": 3357.35836, "delta": 0.003665}}
{"target": -19.142587957725496, "params": {"colsample_bytree": 0.656160033669101, "eta": 0.009513878611711653, "gamma": 513.7173175123418, "max_depth": 8.0, "min_child_weight": 4526.1006193441435, "num_boost_round": 59.0, "subsample": 0.20489852079730103}, "datetime": {"datetime": "2024-01-20 15:19:49", "elapsed": 3357.3619, "delta": 0.00354}}
{"target": -19.142582111782588, "params": {"colsample_bytree": 0.656160033669101, "eta": 0.009513878611711653, "gamma": 513.7173175123418, "max_depth": 8.0, "min_child_weight": 4526.1006193441435, "num_boost_round": 60.0, "subsample": 0.20489852079730103}, "datetime": {"datetime": "2024-01-20 15:19:49", "elapsed": 3357.365448, "delta": 0.003548}}
{"target": -19.142605253858584, "params": {"colsample_bytree": 0.656160033669101, "eta": 0.009513878611711653, "gamma": 513.7173175123418, "max_depth": 8.0, "min_child_weight": 4526.1006193441435, "num_boost_round": 61.0, "subsample": 0.20489852079730103}, "datetime": {"datetime": "2024-01-20 15:19:49", "elapsed": 3357.368976, "delta": 0.003528}}
{"target": -19.142648765200235, "params": {"colsample_bytree": 0.656160033669101, "eta": 0.009513878611711653, "gamma": 513.7173175123418, "max_depth": 8.0, "min_child_weight": 4526.1006193441435, "num_boost_round": 62.0, "subsample": 0.20489852079730103}, "datetime": {"datetime": "2024-01-20 15:19:49", "elapsed": 3357.37244, "delta": 0.003464}}
{"target": -19.142686571523555, "params": {"colsample_bytree": 0.656160033669101, "eta": 0.009513878611711653, "gamma": 513.7173175123418, "max_depth": 8.0, "min_child_weight": 4526.1006193441435, "num_boost_round": 63.0, "subsample": 0.20489852079730103}, "datetime": {"datetime": "2024-01-20 15:19:49", "elapsed": 3357.375868, "delta": 0.003428}}
{"target": -19.14279886348251, "params": {"colsample_bytree": 0.656160033669101, "eta": 0.009513878611711653, "gamma": 513.7173175123418, "max_depth": 8.0, "min_child_weight": 4526.1006193441435, "num_boost_round": 64.0, "subsample": 0.20489852079730103}, "datetime": {"datetime": "2024-01-20 15:19:49", "elapsed": 3357.37935, "delta": 0.003482}}
{"target": -19.142823425612463, "params": {"colsample_bytree": 0.656160033669101, "eta": 0.009513878611711653, "gamma": 513.7173175123418, "max_depth": 8.0, "min_child_weight": 4526.1006193441435, "num_boost_round": 65.0, "subsample": 0.20489852079730103}, "datetime": {"datetime": "2024-01-20 15:19:49", "elapsed": 3357.384313, "delta": 0.004963}}
{"target": -19.142819926992907, "params": {"colsample_bytree": 0.656160033669101, "eta": 0.009513878611711653, "gamma": 513.7173175123418, "max_depth": 8.0, "min_child_weight": 4526.1006193441435, "num_boost_round": 66.0, "subsample": 0.20489852079730103}, "datetime": {"datetime": "2024-01-20 15:19:49", "elapsed": 3357.387911, "delta": 0.003598}}
{"target": -19.142800290680057, "params": {"colsample_bytree": 0.656160033669101, "eta": 0.009513878611711653, "gamma": 513.7173175123418, "max_depth": 8.0, "min_child_weight": 4526.1006193441435, "num_boost_round": 67.0, "subsample": 0.20489852079730103}, "datetime": {"datetime": "2024-01-20 15:19:49", "elapsed": 3357.391261, "delta": 0.00335}}
{"target": -19.14282727916877, "params": {"colsample_bytree": 0.656160033669101, "eta": 0.009513878611711653, "gamma": 513.7173175123418, "max_depth": 8.0, "min_child_weight": 4526.1006193441435, "num_boost_round": 68.0, "subsample": 0.20489852079730103}, "datetime": {"datetime": "2024-01-20 15:19:49", "elapsed": 3357.402101, "delta": 0.01084}}
{"target": -19.142816210930683, "params": {"colsample_bytree": 0.656160033669101, "eta": 0.009513878611711653, "gamma": 513.7173175123418, "max_depth": 8.0, "min_child_weight": 4526.1006193441435, "num_boost_round": 69.0, "subsample": 0.20489852079730103}, "datetime": {"datetime": "2024-01-20 15:19:49", "elapsed": 3357.406599, "delta": 0.004498}}
{"target": -19.142812078631493, "params": {"colsample_bytree": 0.656160033669101, "eta": 0.009513878611711653, "gamma": 513.7173175123418, "max_depth": 8.0, "min_child_weight": 4526.1006193441435, "num_boost_round": 70.0, "subsample": 0.20489852079730103}, "datetime": {"datetime": "2024-01-20 15:19:49", "elapsed": 3357.411954, "delta": 0.005355}}
{"target": -19.142832981310477, "params": {"colsample_bytree": 0.656160033669101, "eta": 0.009513878611711653, "gamma": 513.7173175123418, "max_depth": 8.0, "min_child_weight": 4526.1006193441435, "num_boost_round": 71.0, "subsample": 0.20489852079730103}, "datetime": {"datetime": "2024-01-20 15:19:49", "elapsed": 3357.41572, "delta": 0.003766}}
{"target": -19.142906336362977, "params": {"colsample_bytree": 0.656160033669101, "eta": 0.009513878611711653, "gamma": 513.7173175123418, "max_depth": 8.0, "min_child_weight": 4526.1006193441435, "num_boost_round": 72.0, "subsample": 0.20489852079730103}, "datetime": {"datetime": "2024-01-20 15:19:49", "elapsed": 3357.427898, "delta": 0.012178}}
{"target": -19.143005034238552, "params": {"colsample_bytree": 0.656160033669101, "eta": 0.009513878611711653, "gamma": 513.7173175123418, "max_depth": 8.0, "min_child_weight": 4526.1006193441435, "num_boost_round": 73.0, "subsample": 0.20489852079730103}, "datetime": {"datetime": "2024-01-20 15:19:49", "elapsed": 3357.431646, "delta": 0.003748}}
{"target": -19.143053422275706, "params": {"colsample_bytree": 0.656160033669101, "eta": 0.009513878611711653, "gamma": 513.7173175123418, "max_depth": 8.0, "min_child_weight": 4526.1006193441435, "num_boost_round": 74.0, "subsample": 0.20489852079730103}, "datetime": {"datetime": "2024-01-20 15:19:49", "elapsed": 3357.435215, "delta": 0.003569}}
{"target": -19.143194675676988, "params": {"colsample_bytree": 0.656160033669101, "eta": 0.009513878611711653, "gamma": 513.7173175123418, "max_depth": 8.0, "min_child_weight": 4526.1006193441435, "num_boost_round": 75.0, "subsample": 0.20489852079730103}, "datetime": {"datetime": "2024-01-20 15:19:49", "elapsed": 3357.438632, "delta": 0.003417}}
{"target": -19.143141142017228, "params": {"colsample_bytree": 0.656160033669101, "eta": 0.009513878611711653, "gamma": 513.7173175123418, "max_depth": 8.0, "min_child_weight": 4526.1006193441435, "num_boost_round": 76.0, "subsample": 0.20489852079730103}, "datetime": {"datetime": "2024-01-20 15:19:49", "elapsed": 3357.441953, "delta": 0.003321}}
{"target": -19.143212566203317, "params": {"colsample_bytree": 0.656160033669101, "eta": 0.009513878611711653, "gamma": 513.7173175123418, "max_depth": 8.0, "min_child_weight": 4526.1006193441435, "num_boost_round": 77.0, "subsample": 0.20489852079730103}, "datetime": {"datetime": "2024-01-20 15:19:49", "elapsed": 3357.454641, "delta": 0.012688}}
{"target": -19.143293532607714, "params": {"colsample_bytree": 0.656160033669101, "eta": 0.009513878611711653, "gamma": 513.7173175123418, "max_depth": 8.0, "min_child_weight": 4526.1006193441435, "num_boost_round": 78.0, "subsample": 0.20489852079730103}, "datetime": {"datetime": "2024-01-20 15:19:49", "elapsed": 3357.458288, "delta": 0.003647}}
{"target": -19.14336297881716, "params": {"colsample_bytree": 0.656160033669101, "eta": 0.009513878611711653, "gamma": 513.7173175123418, "max_depth": 8.0, "min_child_weight": 4526.1006193441435, "num_boost_round": 79.0, "subsample": 0.20489852079730103}, "datetime": {"datetime": "2024-01-20 15:19:49", "elapsed": 3357.461727, "delta": 0.003439}}
{"target": -19.14346346303957, "params": {"colsample_bytree": 0.656160033669101, "eta": 0.009513878611711653, "gamma": 513.7173175123418, "max_depth": 8.0, "min_child_weight": 4526.1006193441435, "num_boost_round": 80.0, "subsample": 0.20489852079730103}, "datetime": {"datetime": "2024-01-20 15:19:49", "elapsed": 3357.465171, "delta": 0.003444}}
{"target": -19.14348887471195, "params": {"colsample_bytree": 0.656160033669101, "eta": 0.009513878611711653, "gamma": 513.7173175123418, "max_depth": 8.0, "min_child_weight": 4526.1006193441435, "num_boost_round": 81.0, "subsample": 0.20489852079730103}, "datetime": {"datetime": "2024-01-20 15:19:49", "elapsed": 3357.468515, "delta": 0.003344}}
{"target": -19.14350696640087, "params": {"colsample_bytree": 0.656160033669101, "eta": 0.009513878611711653, "gamma": 513.7173175123418, "max_depth": 8.0, "min_child_weight": 4526.1006193441435, "num_boost_round": 82.0, "subsample": 0.20489852079730103}, "datetime": {"datetime": "2024-01-20 15:19:49", "elapsed": 3357.484826, "delta": 0.016311}}
{"target": -19.14353109336362, "params": {"colsample_bytree": 0.656160033669101, "eta": 0.009513878611711653, "gamma": 513.7173175123418, "max_depth": 8.0, "min_child_weight": 4526.1006193441435, "num_boost_round": 83.0, "subsample": 0.20489852079730103}, "datetime": {"datetime": "2024-01-20 15:19:49", "elapsed": 3357.545229, "delta": 0.060403}}
{"target": -19.14360038581755, "params": {"colsample_bytree": 0.656160033669101, "eta": 0.009513878611711653, "gamma": 513.7173175123418, "max_depth": 8.0, "min_child_weight": 4526.1006193441435, "num_boost_round": 84.0, "subsample": 0.20489852079730103}, "datetime": {"datetime": "2024-01-20 15:19:49", "elapsed": 3357.549428, "delta": 0.004199}}
{"target": -19.143546150409332, "params": {"colsample_bytree": 0.656160033669101, "eta": 0.009513878611711653, "gamma": 513.7173175123418, "max_depth": 8.0, "min_child_weight": 4526.1006193441435, "num_boost_round": 85.0, "subsample": 0.20489852079730103}, "datetime": {"datetime": "2024-01-20 15:19:49", "elapsed": 3357.553296, "delta": 0.003868}}
{"target": -19.143552925663702, "params": {"colsample_bytree": 0.656160033669101, "eta": 0.009513878611711653, "gamma": 513.7173175123418, "max_depth": 8.0, "min_child_weight": 4526.1006193441435, "num_boost_round": 86.0, "subsample": 0.20489852079730103}, "datetime": {"datetime": "2024-01-20 15:19:49", "elapsed": 3357.557042, "delta": 0.003746}}
{"target": -19.14354723289251, "params": {"colsample_bytree": 0.656160033669101, "eta": 0.009513878611711653, "gamma": 513.7173175123418, "max_depth": 8.0, "min_child_weight": 4526.1006193441435, "num_boost_round": 87.0, "subsample": 0.20489852079730103}, "datetime": {"datetime": "2024-01-20 15:19:49", "elapsed": 3357.560831, "delta": 0.003789}}
{"target": -19.143598724955222, "params": {"colsample_bytree": 0.656160033669101, "eta": 0.009513878611711653, "gamma": 513.7173175123418, "max_depth": 8.0, "min_child_weight": 4526.1006193441435, "num_boost_round": 88.0, "subsample": 0.20489852079730103}, "datetime": {"datetime": "2024-01-20 15:19:49", "elapsed": 3357.564487, "delta": 0.003656}}
{"target": -19.14363474906621, "params": {"colsample_bytree": 0.656160033669101, "eta": 0.009513878611711653, "gamma": 513.7173175123418, "max_depth": 8.0, "min_child_weight": 4526.1006193441435, "num_boost_round": 89.0, "subsample": 0.20489852079730103}, "datetime": {"datetime": "2024-01-20 15:19:49", "elapsed": 3357.627219, "delta": 0.062732}}
{"target": -19.143680694331067, "params": {"colsample_bytree": 0.656160033669101, "eta": 0.009513878611711653, "gamma": 513.7173175123418, "max_depth": 8.0, "min_child_weight": 4526.1006193441435, "num_boost_round": 90.0, "subsample": 0.20489852079730103}, "datetime": {"datetime": "2024-01-20 15:19:49", "elapsed": 3357.63147, "delta": 0.004251}}
{"target": -19.143743092737026, "params": {"colsample_bytree": 0.656160033669101, "eta": 0.009513878611711653, "gamma": 513.7173175123418, "max_depth": 8.0, "min_child_weight": 4526.1006193441435, "num_boost_round": 91.0, "subsample": 0.20489852079730103}, "datetime": {"datetime": "2024-01-20 15:19:49", "elapsed": 3357.635496, "delta": 0.004026}}
{"target": -19.14376029987234, "params": {"colsample_bytree": 0.656160033669101, "eta": 0.009513878611711653, "gamma": 513.7173175123418, "max_depth": 8.0, "min_child_weight": 4526.1006193441435, "num_boost_round": 92.0, "subsample": 0.20489852079730103}, "datetime": {"datetime": "2024-01-20 15:19:49", "elapsed": 3357.639339, "delta": 0.003843}}
{"target": -19.14374515406446, "params": {"colsample_bytree": 0.656160033669101, "eta": 0.009513878611711653, "gamma": 513.7173175123418, "max_depth": 8.0, "min_child_weight": 4526.1006193441435, "num_boost_round": 93.0, "subsample": 0.20489852079730103}, "datetime": {"datetime": "2024-01-20 15:19:49", "elapsed": 3357.643051, "delta": 0.003712}}
{"target": -19.14382494772434, "params": {"colsample_bytree": 0.656160033669101, "eta": 0.009513878611711653, "gamma": 513.7173175123418, "max_depth": 8.0, "min_child_weight": 4526.1006193441435, "num_boost_round": 94.0, "subsample": 0.20489852079730103}, "datetime": {"datetime": "2024-01-20 15:19:49", "elapsed": 3357.646514, "delta": 0.003463}}
{"target": -19.14384874244101, "params": {"colsample_bytree": 0.656160033669101, "eta": 0.009513878611711653, "gamma": 513.7173175123418, "max_depth": 8.0, "min_child_weight": 4526.1006193441435, "num_boost_round": 95.0, "subsample": 0.20489852079730103}, "datetime": {"datetime": "2024-01-20 15:19:49", "elapsed": 3357.651224, "delta": 0.00471}}
{"target": -19.143875185793373, "params": {"colsample_bytree": 0.656160033669101, "eta": 0.009513878611711653, "gamma": 513.7173175123418, "max_depth": 8.0, "min_child_weight": 4526.1006193441435, "num_boost_round": 96.0, "subsample": 0.20489852079730103}, "datetime": {"datetime": "2024-01-20 15:19:49", "elapsed": 3357.65504, "delta": 0.003816}}
{"target": -19.143943207600973, "params": {"colsample_bytree": 0.656160033669101, "eta": 0.009513878611711653, "gamma": 513.7173175123418, "max_depth": 8.0, "min_child_weight": 4526.1006193441435, "num_boost_round": 97.0, "subsample": 0.20489852079730103}, "datetime": {"datetime": "2024-01-20 15:19:49", "elapsed": 3357.658648, "delta": 0.003608}}
