{"target": -10.296836645204007, "params": {"colsample_bytree": 0.15317460881523207, "eta": 0.05572144799912232, "gamma": 650.7572362224828, "max_depth": 6.0, "min_child_weight": 4857.141740452049, "num_boost_round": 10.0, "subsample": 0.1479390850895806}, "datetime": {"datetime": "2024-01-20 17:08:15", "elapsed": 13593.579314, "delta": 0.007545}}
{"target": -10.296575723358458, "params": {"colsample_bytree": 0.15317460881523207, "eta": 0.05572144799912232, "gamma": 650.7572362224828, "max_depth": 6.0, "min_child_weight": 4857.141740452049, "num_boost_round": 11.0, "subsample": 0.1479390850895806}, "datetime": {"datetime": "2024-01-20 17:08:15", "elapsed": 13593.586776, "delta": 0.007462}}
{"target": -10.296553033238848, "params": {"colsample_bytree": 0.15317460881523207, "eta": 0.05572144799912232, "gamma": 650.7572362224828, "max_depth": 6.0, "min_child_weight": 4857.141740452049, "num_boost_round": 12.0, "subsample": 0.1479390850895806}, "datetime": {"datetime": "2024-01-20 17:08:15", "elapsed": 13593.594042, "delta": 0.007266}}
{"target": -10.296080879342242, "params": {"colsample_bytree": 0.15317460881523207, "eta": 0.05572144799912232, "gamma": 650.7572362224828, "max_depth": 6.0, "min_child_weight": 4857.141740452049, "num_boost_round": 13.0, "subsample": 0.1479390850895806}, "datetime": {"datetime": "2024-01-20 17:08:15", "elapsed": 13593.600564, "delta": 0.006522}}
{"target": -10.296048941489323, "params": {"colsample_bytree": 0.15317460881523207, "eta": 0.05572144799912232, "gamma": 650.7572362224828, "max_depth": 6.0, "min_child_weight": 4857.141740452049, "num_boost_round": 14.0, "subsample": 0.1479390850895806}, "datetime": {"datetime": "2024-01-20 17:08:15", "elapsed": 13593.607367, "delta": 0.006803}}
{"target": -10.296398981364366, "params": {"colsample_bytree": 0.15317460881523207, "eta": 0.05572144799912232, "gamma": 650.7572362224828, "max_depth": 6.0, "min_child_weight": 4857.141740452049, "num_boost_round": 15.0, "subsample": 0.1479390850895806}, "datetime": {"datetime": "2024-01-20 17:08:15", "elapsed": 13593.614662, "delta": 0.007295}}
{"target": -10.296389696221421, "params": {"colsample_bytree": 0.15317460881523207, "eta": 0.05572144799912232, "gamma": 650.7572362224828, "max_depth": 6.0, "min_child_weight": 4857.141740452049, "num_boost_round": 16.0, "subsample": 0.1479390850895806}, "datetime": {"datetime": "2024-01-20 17:08:15", "elapsed": 13593.621667, "delta": 0.007005}}
{"target": -10.296563852692227, "params": {"colsample_bytree": 0.15317460881523207, "eta": 0.05572144799912232, "gamma": 650.7572362224828, "max_depth": 6.0, "min_child_weight": 4857.141740452049, "num_boost_round": 17.0, "subsample": 0.1479390850895806}, "datetime": {"datetime": "2024-01-20 17:08:15", "elapsed": 13593.628681, "delta": 0.007014}}
{"target": -10.296598846382434, "params": {"colsample_bytree": 0.15317460881523207, "eta": 0.05572144799912232, "gamma": 650.7572362224828, "max_depth": 6.0, "min_child_weight": 4857.141740452049, "num_boost_round": 18.0, "subsample": 0.1479390850895806}, "datetime": {"datetime": "2024-01-20 17:08:15", "elapsed": 13593.635706, "delta": 0.007025}}
{"target": -10.296738995174127, "params": {"colsample_bytree": 0.15317460881523207, "eta": 0.05572144799912232, "gamma": 650.7572362224828, "max_depth": 6.0, "min_child_weight": 4857.141740452049, "num_boost_round": 19.0, "subsample": 0.1479390850895806}, "datetime": {"datetime": "2024-01-20 17:08:15", "elapsed": 13593.645087, "delta": 0.009381}}
{"target": -10.296685813624588, "params": {"colsample_bytree": 0.15317460881523207, "eta": 0.05572144799912232, "gamma": 650.7572362224828, "max_depth": 6.0, "min_child_weight": 4857.141740452049, "num_boost_round": 20.0, "subsample": 0.1479390850895806}, "datetime": {"datetime": "2024-01-20 17:08:15", "elapsed": 13593.652074, "delta": 0.006987}}
{"target": -10.296774653305672, "params": {"colsample_bytree": 0.15317460881523207, "eta": 0.05572144799912232, "gamma": 650.7572362224828, "max_depth": 6.0, "min_child_weight": 4857.141740452049, "num_boost_round": 21.0, "subsample": 0.1479390850895806}, "datetime": {"datetime": "2024-01-20 17:08:15", "elapsed": 13593.658694, "delta": 0.00662}}
{"target": -10.296756457878384, "params": {"colsample_bytree": 0.15317460881523207, "eta": 0.05572144799912232, "gamma": 650.7572362224828, "max_depth": 6.0, "min_child_weight": 4857.141740452049, "num_boost_round": 22.0, "subsample": 0.1479390850895806}, "datetime": {"datetime": "2024-01-20 17:08:15", "elapsed": 13593.665697, "delta": 0.007003}}
{"target": -10.296859224095208, "params": {"colsample_bytree": 0.15317460881523207, "eta": 0.05572144799912232, "gamma": 650.7572362224828, "max_depth": 6.0, "min_child_weight": 4857.141740452049, "num_boost_round": 23.0, "subsample": 0.1479390850895806}, "datetime": {"datetime": "2024-01-20 17:08:15", "elapsed": 13593.672788, "delta": 0.007091}}
{"target": -10.296919138018417, "params": {"colsample_bytree": 0.15317460881523207, "eta": 0.05572144799912232, "gamma": 650.7572362224828, "max_depth": 6.0, "min_child_weight": 4857.141740452049, "num_boost_round": 24.0, "subsample": 0.1479390850895806}, "datetime": {"datetime": "2024-01-20 17:08:15", "elapsed": 13593.679796, "delta": 0.007008}}
{"target": -10.296860348846176, "params": {"colsample_bytree": 0.15317460881523207, "eta": 0.05572144799912232, "gamma": 650.7572362224828, "max_depth": 6.0, "min_child_weight": 4857.141740452049, "num_boost_round": 25.0, "subsample": 0.1479390850895806}, "datetime": {"datetime": "2024-01-20 17:08:15", "elapsed": 13593.686304, "delta": 0.006508}}
{"target": -10.297130937275305, "params": {"colsample_bytree": 0.15317460881523207, "eta": 0.05572144799912232, "gamma": 650.7572362224828, "max_depth": 6.0, "min_child_weight": 4857.141740452049, "num_boost_round": 26.0, "subsample": 0.1479390850895806}, "datetime": {"datetime": "2024-01-20 17:08:15", "elapsed": 13593.692877, "delta": 0.006573}}
{"target": -10.297032568066914, "params": {"colsample_bytree": 0.15317460881523207, "eta": 0.05572144799912232, "gamma": 650.7572362224828, "max_depth": 6.0, "min_child_weight": 4857.141740452049, "num_boost_round": 27.0, "subsample": 0.1479390850895806}, "datetime": {"datetime": "2024-01-20 17:08:15", "elapsed": 13593.699395, "delta": 0.006518}}
{"target": -10.296854379240699, "params": {"colsample_bytree": 0.15317460881523207, "eta": 0.05572144799912232, "gamma": 650.7572362224828, "max_depth": 6.0, "min_child_weight": 4857.141740452049, "num_boost_round": 28.0, "subsample": 0.1479390850895806}, "datetime": {"datetime": "2024-01-20 17:08:15", "elapsed": 13593.705827, "delta": 0.006432}}
{"target": -10.296882014916061, "params": {"colsample_bytree": 0.15317460881523207, "eta": 0.05572144799912232, "gamma": 650.7572362224828, "max_depth": 6.0, "min_child_weight": 4857.141740452049, "num_boost_round": 29.0, "subsample": 0.1479390850895806}, "datetime": {"datetime": "2024-01-20 17:08:15", "elapsed": 13593.712423, "delta": 0.006596}}
{"target": -10.297011976270507, "params": {"colsample_bytree": 0.15317460881523207, "eta": 0.05572144799912232, "gamma": 650.7572362224828, "max_depth": 6.0, "min_child_weight": 4857.141740452049, "num_boost_round": 30.0, "subsample": 0.1479390850895806}, "datetime": {"datetime": "2024-01-20 17:08:15", "elapsed": 13593.719, "delta": 0.006577}}
{"target": -10.297000716097244, "params": {"colsample_bytree": 0.15317460881523207, "eta": 0.05572144799912232, "gamma": 650.7572362224828, "max_depth": 6.0, "min_child_weight": 4857.141740452049, "num_boost_round": 31.0, "subsample": 0.1479390850895806}, "datetime": {"datetime": "2024-01-20 17:08:16", "elapsed": 13594.343359, "delta": 0.624359}}
{"target": -10.29711086625958, "params": {"colsample_bytree": 0.15317460881523207, "eta": 0.05572144799912232, "gamma": 650.7572362224828, "max_depth": 6.0, "min_child_weight": 4857.141740452049, "num_boost_round": 32.0, "subsample": 0.1479390850895806}, "datetime": {"datetime": "2024-01-20 17:08:16", "elapsed": 13594.354663, "delta": 0.011304}}
{"target": -10.297249532413835, "params": {"colsample_bytree": 0.15317460881523207, "eta": 0.05572144799912232, "gamma": 650.7572362224828, "max_depth": 6.0, "min_child_weight": 4857.141740452049, "num_boost_round": 33.0, "subsample": 0.1479390850895806}, "datetime": {"datetime": "2024-01-20 17:08:16", "elapsed": 13594.364674, "delta": 0.010011}}
{"target": -10.297134704128295, "params": {"colsample_bytree": 0.15317460881523207, "eta": 0.05572144799912232, "gamma": 650.7572362224828, "max_depth": 6.0, "min_child_weight": 4857.141740452049, "num_boost_round": 34.0, "subsample": 0.1479390850895806}, "datetime": {"datetime": "2024-01-20 17:08:16", "elapsed": 13594.374561, "delta": 0.009887}}
{"target": -10.29714202257395, "params": {"colsample_bytree": 0.15317460881523207, "eta": 0.05572144799912232, "gamma": 650.7572362224828, "max_depth": 6.0, "min_child_weight": 4857.141740452049, "num_boost_round": 35.0, "subsample": 0.1479390850895806}, "datetime": {"datetime": "2024-01-20 17:08:16", "elapsed": 13594.383802, "delta": 0.009241}}
{"target": -10.297085995006448, "params": {"colsample_bytree": 0.15317460881523207, "eta": 0.05572144799912232, "gamma": 650.7572362224828, "max_depth": 6.0, "min_child_weight": 4857.141740452049, "num_boost_round": 36.0, "subsample": 0.1479390850895806}, "datetime": {"datetime": "2024-01-20 17:08:16", "elapsed": 13594.393009, "delta": 0.009207}}
{"target": -10.297176590742815, "params": {"colsample_bytree": 0.15317460881523207, "eta": 0.05572144799912232, "gamma": 650.7572362224828, "max_depth": 6.0, "min_child_weight": 4857.141740452049, "num_boost_round": 37.0, "subsample": 0.1479390850895806}, "datetime": {"datetime": "2024-01-20 17:08:16", "elapsed": 13594.401174, "delta": 0.008165}}
{"target": -10.297063934646207, "params": {"colsample_bytree": 0.15317460881523207, "eta": 0.05572144799912232, "gamma": 650.7572362224828, "max_depth": 6.0, "min_child_weight": 4857.141740452049, "num_boost_round": 38.0, "subsample": 0.1479390850895806}, "datetime": {"datetime": "2024-01-20 17:08:16", "elapsed": 13594.409267, "delta": 0.008093}}
{"target": -10.296997386627709, "params": {"colsample_bytree": 0.15317460881523207, "eta": 0.05572144799912232, "gamma": 650.7572362224828, "max_depth": 6.0, "min_child_weight": 4857.141740452049, "num_boost_round": 39.0, "subsample": 0.1479390850895806}, "datetime": {"datetime": "2024-01-20 17:08:16", "elapsed": 13594.417298, "delta": 0.008031}}
{"target": -10.296941442971198, "params": {"colsample_bytree": 0.15317460881523207, "eta": 0.05572144799912232, "gamma": 650.7572362224828, "max_depth": 6.0, "min_child_weight": 4857.141740452049, "num_boost_round": 40.0, "subsample": 0.1479390850895806}, "datetime": {"datetime": "2024-01-20 17:08:16", "elapsed": 13594.425004, "delta": 0.007706}}
{"target": -10.29692948817236, "params": {"colsample_bytree": 0.15317460881523207, "eta": 0.05572144799912232, "gamma": 650.7572362224828, "max_depth": 6.0, "min_child_weight": 4857.141740452049, "num_boost_round": 41.0, "subsample": 0.1479390850895806}, "datetime": {"datetime": "2024-01-20 17:08:16", "elapsed": 13594.432374, "delta": 0.00737}}
{"target": -10.296930859157296, "params": {"colsample_bytree": 0.15317460881523207, "eta": 0.05572144799912232, "gamma": 650.7572362224828, "max_depth": 6.0, "min_child_weight": 4857.141740452049, "num_boost_round": 42.0, "subsample": 0.1479390850895806}, "datetime": {"datetime": "2024-01-20 17:08:16", "elapsed": 13594.439847, "delta": 0.007473}}
{"target": -10.29696859551029, "params": {"colsample_bytree": 0.15317460881523207, "eta": 0.05572144799912232, "gamma": 650.7572362224828, "max_depth": 6.0, "min_child_weight": 4857.141740452049, "num_boost_round": 43.0, "subsample": 0.1479390850895806}, "datetime": {"datetime": "2024-01-20 17:08:16", "elapsed": 13594.449303, "delta": 0.009456}}
{"target": -10.296943838657933, "params": {"colsample_bytree": 0.15317460881523207, "eta": 0.05572144799912232, "gamma": 650.7572362224828, "max_depth": 6.0, "min_child_weight": 4857.141740452049, "num_boost_round": 44.0, "subsample": 0.1479390850895806}, "datetime": {"datetime": "2024-01-20 17:08:16", "elapsed": 13594.460327, "delta": 0.011024}}
{"target": -10.297103376703046, "params": {"colsample_bytree": 0.15317460881523207, "eta": 0.05572144799912232, "gamma": 650.7572362224828, "max_depth": 6.0, "min_child_weight": 4857.141740452049, "num_boost_round": 45.0, "subsample": 0.1479390850895806}, "datetime": {"datetime": "2024-01-20 17:08:16", "elapsed": 13594.469209, "delta": 0.008882}}
{"target": -10.297131039883826, "params": {"colsample_bytree": 0.15317460881523207, "eta": 0.05572144799912232, "gamma": 650.7572362224828, "max_depth": 6.0, "min_child_weight": 4857.141740452049, "num_boost_round": 46.0, "subsample": 0.1479390850895806}, "datetime": {"datetime": "2024-01-20 17:08:16", "elapsed": 13594.476688, "delta": 0.007479}}
{"target": -10.297339307712159, "params": {"colsample_bytree": 0.15317460881523207, "eta": 0.05572144799912232, "gamma": 650.7572362224828, "max_depth": 6.0, "min_child_weight": 4857.141740452049, "num_boost_round": 47.0, "subsample": 0.1479390850895806}, "datetime": {"datetime": "2024-01-20 17:08:16", "elapsed": 13594.484032, "delta": 0.007344}}
{"target": -10.297328324565955, "params": {"colsample_bytree": 0.15317460881523207, "eta": 0.05572144799912232, "gamma": 650.7572362224828, "max_depth": 6.0, "min_child_weight": 4857.141740452049, "num_boost_round": 48.0, "subsample": 0.1479390850895806}, "datetime": {"datetime": "2024-01-20 17:08:16", "elapsed": 13594.491172, "delta": 0.00714}}
{"target": -10.297326139339814, "params": {"colsample_bytree": 0.15317460881523207, "eta": 0.05572144799912232, "gamma": 650.7572362224828, "max_depth": 6.0, "min_child_weight": 4857.141740452049, "num_boost_round": 49.0, "subsample": 0.1479390850895806}, "datetime": {"datetime": "2024-01-20 17:08:16", "elapsed": 13594.49779, "delta": 0.006618}}
{"target": -10.297364829906913, "params": {"colsample_bytree": 0.15317460881523207, "eta": 0.05572144799912232, "gamma": 650.7572362224828, "max_depth": 6.0, "min_child_weight": 4857.141740452049, "num_boost_round": 50.0, "subsample": 0.1479390850895806}, "datetime": {"datetime": "2024-01-20 17:08:16", "elapsed": 13594.504385, "delta": 0.006595}}
{"target": -10.297506804381596, "params": {"colsample_bytree": 0.15317460881523207, "eta": 0.05572144799912232, "gamma": 650.7572362224828, "max_depth": 6.0, "min_child_weight": 4857.141740452049, "num_boost_round": 51.0, "subsample": 0.1479390850895806}, "datetime": {"datetime": "2024-01-20 17:08:16", "elapsed": 13594.511293, "delta": 0.006908}}
{"target": -10.297457021366128, "params": {"colsample_bytree": 0.15317460881523207, "eta": 0.05572144799912232, "gamma": 650.7572362224828, "max_depth": 6.0, "min_child_weight": 4857.141740452049, "num_boost_round": 52.0, "subsample": 0.1479390850895806}, "datetime": {"datetime": "2024-01-20 17:08:16", "elapsed": 13594.517993, "delta": 0.0067}}
{"target": -10.297386695218496, "params": {"colsample_bytree": 0.15317460881523207, "eta": 0.05572144799912232, "gamma": 650.7572362224828, "max_depth": 6.0, "min_child_weight": 4857.141740452049, "num_boost_round": 53.0, "subsample": 0.1479390850895806}, "datetime": {"datetime": "2024-01-20 17:08:16", "elapsed": 13594.524617, "delta": 0.006624}}
{"target": -10.297476773258335, "params": {"colsample_bytree": 0.15317460881523207, "eta": 0.05572144799912232, "gamma": 650.7572362224828, "max_depth": 6.0, "min_child_weight": 4857.141740452049, "num_boost_round": 54.0, "subsample": 0.1479390850895806}, "datetime": {"datetime": "2024-01-20 17:08:16", "elapsed": 13594.531259, "delta": 0.006642}}
{"target": -10.297431178029466, "params": {"colsample_bytree": 0.15317460881523207, "eta": 0.05572144799912232, "gamma": 650.7572362224828, "max_depth": 6.0, "min_child_weight": 4857.141740452049, "num_boost_round": 55.0, "subsample": 0.1479390850895806}, "datetime": {"datetime": "2024-01-20 17:08:16", "elapsed": 13594.538938, "delta": 0.007679}}
{"target": -10.29752736599222, "params": {"colsample_bytree": 0.15317460881523207, "eta": 0.05572144799912232, "gamma": 650.7572362224828, "max_depth": 6.0, "min_child_weight": 4857.141740452049, "num_boost_round": 56.0, "subsample": 0.1479390850895806}, "datetime": {"datetime": "2024-01-20 17:08:16", "elapsed": 13594.545695, "delta": 0.006757}}
{"target": -10.29766619248772, "params": {"colsample_bytree": 0.15317460881523207, "eta": 0.05572144799912232, "gamma": 650.7572362224828, "max_depth": 6.0, "min_child_weight": 4857.141740452049, "num_boost_round": 57.0, "subsample": 0.1479390850895806}, "datetime": {"datetime": "2024-01-20 17:08:16", "elapsed": 13594.552266, "delta": 0.006571}}
{"target": -10.297619119739121, "params": {"colsample_bytree": 0.15317460881523207, "eta": 0.05572144799912232, "gamma": 650.7572362224828, "max_depth": 6.0, "min_child_weight": 4857.141740452049, "num_boost_round": 58.0, "subsample": 0.1479390850895806}, "datetime": {"datetime": "2024-01-20 17:08:16", "elapsed": 13594.558347, "delta": 0.006081}}
{"target": -10.298431222967356, "params": {"colsample_bytree": 0.6127937514240817, "eta": 0.03495855763979128, "gamma": 725.9523285918557, "max_depth": 5.0, "min_child_weight": 4840.4348942279275, "num_boost_round": 1.0, "subsample": 0.3837422833321156}, "datetime": {"datetime": "2024-01-20 17:09:52", "elapsed": 13690.203768, "delta": 95.645421}}
{"target": -10.298583234959677, "params": {"colsample_bytree": 0.6127937514240817, "eta": 0.03495855763979128, "gamma": 725.9523285918557, "max_depth": 5.0, "min_child_weight": 4840.4348942279275, "num_boost_round": 2.0, "subsample": 0.3837422833321156}, "datetime": {"datetime": "2024-01-20 17:09:52", "elapsed": 13690.216978, "delta": 0.01321}}
{"target": -10.298536110083266, "params": {"colsample_bytree": 0.6127937514240817, "eta": 0.03495855763979128, "gamma": 725.9523285918557, "max_depth": 5.0, "min_child_weight": 4840.4348942279275, "num_boost_round": 3.0, "subsample": 0.3837422833321156}, "datetime": {"datetime": "2024-01-20 17:09:52", "elapsed": 13690.228474, "delta": 0.011496}}
{"target": -10.29834397534588, "params": {"colsample_bytree": 0.3987534114772531, "eta": 0.01422353934794491, "gamma": 138.44380891790863, "max_depth": 4.0, "min_child_weight": 3660.970435746156, "num_boost_round": 1.0, "subsample": 0.20747678682481435}, "datetime": {"datetime": "2024-01-20 17:11:53", "elapsed": 13811.165177, "delta": 120.936703}}
{"target": -10.298339273584723, "params": {"colsample_bytree": 0.3987534114772531, "eta": 0.01422353934794491, "gamma": 138.44380891790863, "max_depth": 4.0, "min_child_weight": 3660.970435746156, "num_boost_round": 2.0, "subsample": 0.20747678682481435}, "datetime": {"datetime": "2024-01-20 17:11:53", "elapsed": 13811.17782, "delta": 0.012643}}
{"target": -10.298379250117545, "params": {"colsample_bytree": 0.3987534114772531, "eta": 0.01422353934794491, "gamma": 138.44380891790863, "max_depth": 4.0, "min_child_weight": 3660.970435746156, "num_boost_round": 3.0, "subsample": 0.20747678682481435}, "datetime": {"datetime": "2024-01-20 17:11:53", "elapsed": 13811.189026, "delta": 0.011206}}
{"target": -10.298377221632629, "params": {"colsample_bytree": 0.3987534114772531, "eta": 0.01422353934794491, "gamma": 138.44380891790863, "max_depth": 4.0, "min_child_weight": 3660.970435746156, "num_boost_round": 4.0, "subsample": 0.20747678682481435}, "datetime": {"datetime": "2024-01-20 17:11:53", "elapsed": 13811.199678, "delta": 0.010652}}
{"target": -10.298373305447443, "params": {"colsample_bytree": 0.3987534114772531, "eta": 0.01422353934794491, "gamma": 138.44380891790863, "max_depth": 4.0, "min_child_weight": 3660.970435746156, "num_boost_round": 5.0, "subsample": 0.20747678682481435}, "datetime": {"datetime": "2024-01-20 17:11:53", "elapsed": 13811.210311, "delta": 0.010633}}
{"target": -10.298372741908222, "params": {"colsample_bytree": 0.3987534114772531, "eta": 0.01422353934794491, "gamma": 138.44380891790863, "max_depth": 4.0, "min_child_weight": 3660.970435746156, "num_boost_round": 6.0, "subsample": 0.20747678682481435}, "datetime": {"datetime": "2024-01-20 17:11:53", "elapsed": 13811.221489, "delta": 0.011178}}
{"target": -10.298376378229989, "params": {"colsample_bytree": 0.3987534114772531, "eta": 0.01422353934794491, "gamma": 138.44380891790863, "max_depth": 4.0, "min_child_weight": 3660.970435746156, "num_boost_round": 7.0, "subsample": 0.20747678682481435}, "datetime": {"datetime": "2024-01-20 17:11:53", "elapsed": 13811.232698, "delta": 0.011209}}
{"target": -10.298333822701654, "params": {"colsample_bytree": 0.3987534114772531, "eta": 0.01422353934794491, "gamma": 138.44380891790863, "max_depth": 4.0, "min_child_weight": 3660.970435746156, "num_boost_round": 8.0, "subsample": 0.20747678682481435}, "datetime": {"datetime": "2024-01-20 17:11:53", "elapsed": 13811.243336, "delta": 0.010638}}
{"target": -10.29828098621149, "params": {"colsample_bytree": 0.3987534114772531, "eta": 0.01422353934794491, "gamma": 138.44380891790863, "max_depth": 4.0, "min_child_weight": 3660.970435746156, "num_boost_round": 9.0, "subsample": 0.20747678682481435}, "datetime": {"datetime": "2024-01-20 17:11:53", "elapsed": 13811.254535, "delta": 0.011199}}
{"target": -10.298236900512375, "params": {"colsample_bytree": 0.3987534114772531, "eta": 0.01422353934794491, "gamma": 138.44380891790863, "max_depth": 4.0, "min_child_weight": 3660.970435746156, "num_boost_round": 10.0, "subsample": 0.20747678682481435}, "datetime": {"datetime": "2024-01-20 17:11:53", "elapsed": 13811.265802, "delta": 0.011267}}
{"target": -10.298133058486737, "params": {"colsample_bytree": 0.3987534114772531, "eta": 0.01422353934794491, "gamma": 138.44380891790863, "max_depth": 4.0, "min_child_weight": 3660.970435746156, "num_boost_round": 11.0, "subsample": 0.20747678682481435}, "datetime": {"datetime": "2024-01-20 17:11:53", "elapsed": 13811.276721, "delta": 0.010919}}
