{"target": -19.176252703181586, "params": {"colsample_bytree": 0.9513445815965753, "eta": 0.045678427296896036, "gamma": 559.3320257720341, "max_depth": 7.0, "min_child_weight": 4435.023991979676, "num_boost_round": 174.0, "subsample": 0.24700901583827975}, "datetime": {"datetime": "2024-01-20 15:34:53", "elapsed": 4261.487308, "delta": 0.00407}}
{"target": -19.17643435619993, "params": {"colsample_bytree": 0.9513445815965753, "eta": 0.045678427296896036, "gamma": 559.3320257720341, "max_depth": 7.0, "min_child_weight": 4435.023991979676, "num_boost_round": 175.0, "subsample": 0.24700901583827975}, "datetime": {"datetime": "2024-01-20 15:34:53", "elapsed": 4261.491357, "delta": 0.004049}}
{"target": -19.176589705715763, "params": {"colsample_bytree": 0.9513445815965753, "eta": 0.045678427296896036, "gamma": 559.3320257720341, "max_depth": 7.0, "min_child_weight": 4435.023991979676, "num_boost_round": 176.0, "subsample": 0.24700901583827975}, "datetime": {"datetime": "2024-01-20 15:34:53", "elapsed": 4261.495393, "delta": 0.004036}}
{"target": -19.176618131049004, "params": {"colsample_bytree": 0.9513445815965753, "eta": 0.045678427296896036, "gamma": 559.3320257720341, "max_depth": 7.0, "min_child_weight": 4435.023991979676, "num_boost_round": 177.0, "subsample": 0.24700901583827975}, "datetime": {"datetime": "2024-01-20 15:34:53", "elapsed": 4261.499382, "delta": 0.003989}}
{"target": -19.176800196624647, "params": {"colsample_bytree": 0.9513445815965753, "eta": 0.045678427296896036, "gamma": 559.3320257720341, "max_depth": 7.0, "min_child_weight": 4435.023991979676, "num_boost_round": 178.0, "subsample": 0.24700901583827975}, "datetime": {"datetime": "2024-01-20 15:34:53", "elapsed": 4261.503355, "delta": 0.003973}}
{"target": -19.17697609719765, "params": {"colsample_bytree": 0.9513445815965753, "eta": 0.045678427296896036, "gamma": 559.3320257720341, "max_depth": 7.0, "min_child_weight": 4435.023991979676, "num_boost_round": 179.0, "subsample": 0.24700901583827975}, "datetime": {"datetime": "2024-01-20 15:34:53", "elapsed": 4261.507358, "delta": 0.004003}}
{"target": -19.177197930885264, "params": {"colsample_bytree": 0.9513445815965753, "eta": 0.045678427296896036, "gamma": 559.3320257720341, "max_depth": 7.0, "min_child_weight": 4435.023991979676, "num_boost_round": 180.0, "subsample": 0.24700901583827975}, "datetime": {"datetime": "2024-01-20 15:34:53", "elapsed": 4261.511407, "delta": 0.004049}}
{"target": -19.177349021919717, "params": {"colsample_bytree": 0.9513445815965753, "eta": 0.045678427296896036, "gamma": 559.3320257720341, "max_depth": 7.0, "min_child_weight": 4435.023991979676, "num_boost_round": 181.0, "subsample": 0.24700901583827975}, "datetime": {"datetime": "2024-01-20 15:34:53", "elapsed": 4261.515417, "delta": 0.00401}}
{"target": -19.177475081442623, "params": {"colsample_bytree": 0.9513445815965753, "eta": 0.045678427296896036, "gamma": 559.3320257720341, "max_depth": 7.0, "min_child_weight": 4435.023991979676, "num_boost_round": 182.0, "subsample": 0.24700901583827975}, "datetime": {"datetime": "2024-01-20 15:34:53", "elapsed": 4261.51944, "delta": 0.004023}}
{"target": -19.177581886352066, "params": {"colsample_bytree": 0.9513445815965753, "eta": 0.045678427296896036, "gamma": 559.3320257720341, "max_depth": 7.0, "min_child_weight": 4435.023991979676, "num_boost_round": 183.0, "subsample": 0.24700901583827975}, "datetime": {"datetime": "2024-01-20 15:34:53", "elapsed": 4261.523431, "delta": 0.003991}}
{"target": -19.177716876971076, "params": {"colsample_bytree": 0.9513445815965753, "eta": 0.045678427296896036, "gamma": 559.3320257720341, "max_depth": 7.0, "min_child_weight": 4435.023991979676, "num_boost_round": 184.0, "subsample": 0.24700901583827975}, "datetime": {"datetime": "2024-01-20 15:34:53", "elapsed": 4261.527416, "delta": 0.003985}}
{"target": -19.17786678007817, "params": {"colsample_bytree": 0.9513445815965753, "eta": 0.045678427296896036, "gamma": 559.3320257720341, "max_depth": 7.0, "min_child_weight": 4435.023991979676, "num_boost_round": 185.0, "subsample": 0.24700901583827975}, "datetime": {"datetime": "2024-01-20 15:34:53", "elapsed": 4261.531427, "delta": 0.004011}}
{"target": -19.177919503885143, "params": {"colsample_bytree": 0.9513445815965753, "eta": 0.045678427296896036, "gamma": 559.3320257720341, "max_depth": 7.0, "min_child_weight": 4435.023991979676, "num_boost_round": 186.0, "subsample": 0.24700901583827975}, "datetime": {"datetime": "2024-01-20 15:34:53", "elapsed": 4261.53541, "delta": 0.003983}}
{"target": -19.17799373030087, "params": {"colsample_bytree": 0.9513445815965753, "eta": 0.045678427296896036, "gamma": 559.3320257720341, "max_depth": 7.0, "min_child_weight": 4435.023991979676, "num_boost_round": 187.0, "subsample": 0.24700901583827975}, "datetime": {"datetime": "2024-01-20 15:34:53", "elapsed": 4261.53942, "delta": 0.00401}}
{"target": -19.178099245652845, "params": {"colsample_bytree": 0.9513445815965753, "eta": 0.045678427296896036, "gamma": 559.3320257720341, "max_depth": 7.0, "min_child_weight": 4435.023991979676, "num_boost_round": 188.0, "subsample": 0.24700901583827975}, "datetime": {"datetime": "2024-01-20 15:34:53", "elapsed": 4261.543412, "delta": 0.003992}}
{"target": -19.178117054932464, "params": {"colsample_bytree": 0.9513445815965753, "eta": 0.045678427296896036, "gamma": 559.3320257720341, "max_depth": 7.0, "min_child_weight": 4435.023991979676, "num_boost_round": 189.0, "subsample": 0.24700901583827975}, "datetime": {"datetime": "2024-01-20 15:34:53", "elapsed": 4261.547416, "delta": 0.004004}}
{"target": -19.178342340933824, "params": {"colsample_bytree": 0.9513445815965753, "eta": 0.045678427296896036, "gamma": 559.3320257720341, "max_depth": 7.0, "min_child_weight": 4435.023991979676, "num_boost_round": 190.0, "subsample": 0.24700901583827975}, "datetime": {"datetime": "2024-01-20 15:34:53", "elapsed": 4261.551407, "delta": 0.003991}}
{"target": -19.178357426363434, "params": {"colsample_bytree": 0.9513445815965753, "eta": 0.045678427296896036, "gamma": 559.3320257720341, "max_depth": 7.0, "min_child_weight": 4435.023991979676, "num_boost_round": 191.0, "subsample": 0.24700901583827975}, "datetime": {"datetime": "2024-01-20 15:34:53", "elapsed": 4261.555392, "delta": 0.003985}}
{"target": -19.178684427465168, "params": {"colsample_bytree": 0.9513445815965753, "eta": 0.045678427296896036, "gamma": 559.3320257720341, "max_depth": 7.0, "min_child_weight": 4435.023991979676, "num_boost_round": 192.0, "subsample": 0.24700901583827975}, "datetime": {"datetime": "2024-01-20 15:34:53", "elapsed": 4261.559375, "delta": 0.003983}}
{"target": -19.178806756460222, "params": {"colsample_bytree": 0.9513445815965753, "eta": 0.045678427296896036, "gamma": 559.3320257720341, "max_depth": 7.0, "min_child_weight": 4435.023991979676, "num_boost_round": 193.0, "subsample": 0.24700901583827975}, "datetime": {"datetime": "2024-01-20 15:34:53", "elapsed": 4261.563387, "delta": 0.004012}}
{"target": -19.17875012521891, "params": {"colsample_bytree": 0.9513445815965753, "eta": 0.045678427296896036, "gamma": 559.3320257720341, "max_depth": 7.0, "min_child_weight": 4435.023991979676, "num_boost_round": 194.0, "subsample": 0.24700901583827975}, "datetime": {"datetime": "2024-01-20 15:34:53", "elapsed": 4261.56736, "delta": 0.003973}}
{"target": -19.142751675218047, "params": {"colsample_bytree": 0.10961437190049604, "eta": 0.06597954505897989, "gamma": 58.58079769989955, "max_depth": 5.0, "min_child_weight": 4511.921973213413, "num_boost_round": 1.0, "subsample": 0.4218114622862854}, "datetime": {"datetime": "2024-01-20 15:35:49", "elapsed": 4317.497632, "delta": 55.930272}}
{"target": -19.142348901427617, "params": {"colsample_bytree": 0.10961437190049604, "eta": 0.06597954505897989, "gamma": 58.58079769989955, "max_depth": 5.0, "min_child_weight": 4511.921973213413, "num_boost_round": 2.0, "subsample": 0.4218114622862854}, "datetime": {"datetime": "2024-01-20 15:35:49", "elapsed": 4317.502356, "delta": 0.004724}}
{"target": -19.142069011010836, "params": {"colsample_bytree": 0.10961437190049604, "eta": 0.06597954505897989, "gamma": 58.58079769989955, "max_depth": 5.0, "min_child_weight": 4511.921973213413, "num_boost_round": 3.0, "subsample": 0.4218114622862854}, "datetime": {"datetime": "2024-01-20 15:35:49", "elapsed": 4317.506381, "delta": 0.004025}}
{"target": -19.141660042280606, "params": {"colsample_bytree": 0.10961437190049604, "eta": 0.06597954505897989, "gamma": 58.58079769989955, "max_depth": 5.0, "min_child_weight": 4511.921973213413, "num_boost_round": 4.0, "subsample": 0.4218114622862854}, "datetime": {"datetime": "2024-01-20 15:35:49", "elapsed": 4317.510291, "delta": 0.00391}}
{"target": -19.14161496471802, "params": {"colsample_bytree": 0.10961437190049604, "eta": 0.06597954505897989, "gamma": 58.58079769989955, "max_depth": 5.0, "min_child_weight": 4511.921973213413, "num_boost_round": 5.0, "subsample": 0.4218114622862854}, "datetime": {"datetime": "2024-01-20 15:35:49", "elapsed": 4317.514168, "delta": 0.003877}}
{"target": -19.14146811519929, "params": {"colsample_bytree": 0.10961437190049604, "eta": 0.06597954505897989, "gamma": 58.58079769989955, "max_depth": 5.0, "min_child_weight": 4511.921973213413, "num_boost_round": 6.0, "subsample": 0.4218114622862854}, "datetime": {"datetime": "2024-01-20 15:35:49", "elapsed": 4317.518239, "delta": 0.004071}}
{"target": -19.14125600777341, "params": {"colsample_bytree": 0.10961437190049604, "eta": 0.06597954505897989, "gamma": 58.58079769989955, "max_depth": 5.0, "min_child_weight": 4511.921973213413, "num_boost_round": 7.0, "subsample": 0.4218114622862854}, "datetime": {"datetime": "2024-01-20 15:35:49", "elapsed": 4317.522259, "delta": 0.00402}}
{"target": -19.14088317947629, "params": {"colsample_bytree": 0.10961437190049604, "eta": 0.06597954505897989, "gamma": 58.58079769989955, "max_depth": 5.0, "min_child_weight": 4511.921973213413, "num_boost_round": 8.0, "subsample": 0.4218114622862854}, "datetime": {"datetime": "2024-01-20 15:35:49", "elapsed": 4317.526449, "delta": 0.00419}}
{"target": -19.140886912536672, "params": {"colsample_bytree": 0.10961437190049604, "eta": 0.06597954505897989, "gamma": 58.58079769989955, "max_depth": 5.0, "min_child_weight": 4511.921973213413, "num_boost_round": 9.0, "subsample": 0.4218114622862854}, "datetime": {"datetime": "2024-01-20 15:35:49", "elapsed": 4317.530361, "delta": 0.003912}}
{"target": -19.141169852526012, "params": {"colsample_bytree": 0.10961437190049604, "eta": 0.06597954505897989, "gamma": 58.58079769989955, "max_depth": 5.0, "min_child_weight": 4511.921973213413, "num_boost_round": 10.0, "subsample": 0.4218114622862854}, "datetime": {"datetime": "2024-01-20 15:35:49", "elapsed": 4317.534291, "delta": 0.00393}}
{"target": -19.140965661444813, "params": {"colsample_bytree": 0.10961437190049604, "eta": 0.06597954505897989, "gamma": 58.58079769989955, "max_depth": 5.0, "min_child_weight": 4511.921973213413, "num_boost_round": 11.0, "subsample": 0.4218114622862854}, "datetime": {"datetime": "2024-01-20 15:35:49", "elapsed": 4317.538428, "delta": 0.004137}}
{"target": -19.141175042471673, "params": {"colsample_bytree": 0.10961437190049604, "eta": 0.06597954505897989, "gamma": 58.58079769989955, "max_depth": 5.0, "min_child_weight": 4511.921973213413, "num_boost_round": 12.0, "subsample": 0.4218114622862854}, "datetime": {"datetime": "2024-01-20 15:35:49", "elapsed": 4317.54243, "delta": 0.004002}}
{"target": -19.143397609837034, "params": {"colsample_bytree": 0.3410756376948807, "eta": 0.09895245554766931, "gamma": 5.35358556723442, "max_depth": 2.0, "min_child_weight": 4567.420320281328, "num_boost_round": 1.0, "subsample": 0.8801780455601149}, "datetime": {"datetime": "2024-01-20 15:36:45", "elapsed": 4373.591142, "delta": 56.048712}}
{"target": -19.143834413726285, "params": {"colsample_bytree": 0.3410756376948807, "eta": 0.09895245554766931, "gamma": 5.35358556723442, "max_depth": 2.0, "min_child_weight": 4567.420320281328, "num_boost_round": 2.0, "subsample": 0.8801780455601149}, "datetime": {"datetime": "2024-01-20 15:36:45", "elapsed": 4373.596078, "delta": 0.004936}}
{"target": -19.143295957031512, "params": {"colsample_bytree": 0.3410756376948807, "eta": 0.09895245554766931, "gamma": 5.35358556723442, "max_depth": 2.0, "min_child_weight": 4567.420320281328, "num_boost_round": 3.0, "subsample": 0.8801780455601149}, "datetime": {"datetime": "2024-01-20 15:36:45", "elapsed": 4373.600176, "delta": 0.004098}}
{"target": -19.143158915881095, "params": {"colsample_bytree": 0.3410756376948807, "eta": 0.09895245554766931, "gamma": 5.35358556723442, "max_depth": 2.0, "min_child_weight": 4567.420320281328, "num_boost_round": 4.0, "subsample": 0.8801780455601149}, "datetime": {"datetime": "2024-01-20 15:36:45", "elapsed": 4373.604169, "delta": 0.003993}}
{"target": -19.143476650268617, "params": {"colsample_bytree": 0.3410756376948807, "eta": 0.09895245554766931, "gamma": 5.35358556723442, "max_depth": 2.0, "min_child_weight": 4567.420320281328, "num_boost_round": 5.0, "subsample": 0.8801780455601149}, "datetime": {"datetime": "2024-01-20 15:36:45", "elapsed": 4373.608212, "delta": 0.004043}}
{"target": -19.143405094513348, "params": {"colsample_bytree": 0.3410756376948807, "eta": 0.09895245554766931, "gamma": 5.35358556723442, "max_depth": 2.0, "min_child_weight": 4567.420320281328, "num_boost_round": 6.0, "subsample": 0.8801780455601149}, "datetime": {"datetime": "2024-01-20 15:36:45", "elapsed": 4373.612204, "delta": 0.003992}}
{"target": -19.143727979932258, "params": {"colsample_bytree": 0.3410756376948807, "eta": 0.09895245554766931, "gamma": 5.35358556723442, "max_depth": 2.0, "min_child_weight": 4567.420320281328, "num_boost_round": 7.0, "subsample": 0.8801780455601149}, "datetime": {"datetime": "2024-01-20 15:36:45", "elapsed": 4373.616564, "delta": 0.00436}}
{"target": -19.144119585907433, "params": {"colsample_bytree": 0.3410756376948807, "eta": 0.09895245554766931, "gamma": 5.35358556723442, "max_depth": 2.0, "min_child_weight": 4567.420320281328, "num_boost_round": 8.0, "subsample": 0.8801780455601149}, "datetime": {"datetime": "2024-01-20 15:36:45", "elapsed": 4373.620581, "delta": 0.004017}}
{"target": -19.144426248831934, "params": {"colsample_bytree": 0.3410756376948807, "eta": 0.09895245554766931, "gamma": 5.35358556723442, "max_depth": 2.0, "min_child_weight": 4567.420320281328, "num_boost_round": 9.0, "subsample": 0.8801780455601149}, "datetime": {"datetime": "2024-01-20 15:36:45", "elapsed": 4373.624556, "delta": 0.003975}}
{"target": -19.14417213169828, "params": {"colsample_bytree": 0.3410756376948807, "eta": 0.09895245554766931, "gamma": 5.35358556723442, "max_depth": 2.0, "min_child_weight": 4567.420320281328, "num_boost_round": 10.0, "subsample": 0.8801780455601149}, "datetime": {"datetime": "2024-01-20 15:36:45", "elapsed": 4373.628591, "delta": 0.004035}}
{"target": -19.14412797315815, "params": {"colsample_bytree": 0.3410756376948807, "eta": 0.09895245554766931, "gamma": 5.35358556723442, "max_depth": 2.0, "min_child_weight": 4567.420320281328, "num_boost_round": 11.0, "subsample": 0.8801780455601149}, "datetime": {"datetime": "2024-01-20 15:36:45", "elapsed": 4373.632782, "delta": 0.004191}}
{"target": -19.144448020062867, "params": {"colsample_bytree": 0.3410756376948807, "eta": 0.09895245554766931, "gamma": 5.35358556723442, "max_depth": 2.0, "min_child_weight": 4567.420320281328, "num_boost_round": 12.0, "subsample": 0.8801780455601149}, "datetime": {"datetime": "2024-01-20 15:36:45", "elapsed": 4373.63682, "delta": 0.004038}}
{"target": -19.144717487895967, "params": {"colsample_bytree": 0.3410756376948807, "eta": 0.09895245554766931, "gamma": 5.35358556723442, "max_depth": 2.0, "min_child_weight": 4567.420320281328, "num_boost_round": 13.0, "subsample": 0.8801780455601149}, "datetime": {"datetime": "2024-01-20 15:36:45", "elapsed": 4373.640758, "delta": 0.003938}}
{"target": -19.145096978684304, "params": {"colsample_bytree": 0.3410756376948807, "eta": 0.09895245554766931, "gamma": 5.35358556723442, "max_depth": 2.0, "min_child_weight": 4567.420320281328, "num_boost_round": 14.0, "subsample": 0.8801780455601149}, "datetime": {"datetime": "2024-01-20 15:36:45", "elapsed": 4373.644761, "delta": 0.004003}}
{"target": -19.14567894020973, "params": {"colsample_bytree": 0.3410756376948807, "eta": 0.09895245554766931, "gamma": 5.35358556723442, "max_depth": 2.0, "min_child_weight": 4567.420320281328, "num_boost_round": 15.0, "subsample": 0.8801780455601149}, "datetime": {"datetime": "2024-01-20 15:36:45", "elapsed": 4373.649025, "delta": 0.004264}}
{"target": -19.14540230862915, "params": {"colsample_bytree": 0.3410756376948807, "eta": 0.09895245554766931, "gamma": 5.35358556723442, "max_depth": 2.0, "min_child_weight": 4567.420320281328, "num_boost_round": 16.0, "subsample": 0.8801780455601149}, "datetime": {"datetime": "2024-01-20 15:36:45", "elapsed": 4373.652999, "delta": 0.003974}}
{"target": -19.14601745306564, "params": {"colsample_bytree": 0.3410756376948807, "eta": 0.09895245554766931, "gamma": 5.35358556723442, "max_depth": 2.0, "min_child_weight": 4567.420320281328, "num_boost_round": 17.0, "subsample": 0.8801780455601149}, "datetime": {"datetime": "2024-01-20 15:36:45", "elapsed": 4373.657003, "delta": 0.004004}}
{"target": -19.146151134928438, "params": {"colsample_bytree": 0.3410756376948807, "eta": 0.09895245554766931, "gamma": 5.35358556723442, "max_depth": 2.0, "min_child_weight": 4567.420320281328, "num_boost_round": 18.0, "subsample": 0.8801780455601149}, "datetime": {"datetime": "2024-01-20 15:36:45", "elapsed": 4373.661, "delta": 0.003997}}
{"target": -19.146907271975167, "params": {"colsample_bytree": 0.3410756376948807, "eta": 0.09895245554766931, "gamma": 5.35358556723442, "max_depth": 2.0, "min_child_weight": 4567.420320281328, "num_boost_round": 19.0, "subsample": 0.8801780455601149}, "datetime": {"datetime": "2024-01-20 15:36:45", "elapsed": 4373.665317, "delta": 0.004317}}
{"target": -19.14723207527001, "params": {"colsample_bytree": 0.3410756376948807, "eta": 0.09895245554766931, "gamma": 5.35358556723442, "max_depth": 2.0, "min_child_weight": 4567.420320281328, "num_boost_round": 20.0, "subsample": 0.8801780455601149}, "datetime": {"datetime": "2024-01-20 15:36:45", "elapsed": 4373.669399, "delta": 0.004082}}
{"target": -19.1473045328175, "params": {"colsample_bytree": 0.3410756376948807, "eta": 0.09895245554766931, "gamma": 5.35358556723442, "max_depth": 2.0, "min_child_weight": 4567.420320281328, "num_boost_round": 21.0, "subsample": 0.8801780455601149}, "datetime": {"datetime": "2024-01-20 15:36:45", "elapsed": 4373.673502, "delta": 0.004103}}
{"target": -19.14773987878967, "params": {"colsample_bytree": 0.3410756376948807, "eta": 0.09895245554766931, "gamma": 5.35358556723442, "max_depth": 2.0, "min_child_weight": 4567.420320281328, "num_boost_round": 22.0, "subsample": 0.8801780455601149}, "datetime": {"datetime": "2024-01-20 15:36:45", "elapsed": 4373.677617, "delta": 0.004115}}
{"target": -19.147150662444076, "params": {"colsample_bytree": 0.3410756376948807, "eta": 0.09895245554766931, "gamma": 5.35358556723442, "max_depth": 2.0, "min_child_weight": 4567.420320281328, "num_boost_round": 23.0, "subsample": 0.8801780455601149}, "datetime": {"datetime": "2024-01-20 15:36:45", "elapsed": 4373.681919, "delta": 0.004302}}
{"target": -19.147199563961145, "params": {"colsample_bytree": 0.3410756376948807, "eta": 0.09895245554766931, "gamma": 5.35358556723442, "max_depth": 2.0, "min_child_weight": 4567.420320281328, "num_boost_round": 24.0, "subsample": 0.8801780455601149}, "datetime": {"datetime": "2024-01-20 15:36:45", "elapsed": 4373.685986, "delta": 0.004067}}
{"target": -19.147560029941836, "params": {"colsample_bytree": 0.3410756376948807, "eta": 0.09895245554766931, "gamma": 5.35358556723442, "max_depth": 2.0, "min_child_weight": 4567.420320281328, "num_boost_round": 25.0, "subsample": 0.8801780455601149}, "datetime": {"datetime": "2024-01-20 15:36:45", "elapsed": 4373.689966, "delta": 0.00398}}
{"target": -19.147741878057893, "params": {"colsample_bytree": 0.3410756376948807, "eta": 0.09895245554766931, "gamma": 5.35358556723442, "max_depth": 2.0, "min_child_weight": 4567.420320281328, "num_boost_round": 26.0, "subsample": 0.8801780455601149}, "datetime": {"datetime": "2024-01-20 15:36:45", "elapsed": 4373.694029, "delta": 0.004063}}
{"target": -19.147996057738958, "params": {"colsample_bytree": 0.3410756376948807, "eta": 0.09895245554766931, "gamma": 5.35358556723442, "max_depth": 2.0, "min_child_weight": 4567.420320281328, "num_boost_round": 27.0, "subsample": 0.8801780455601149}, "datetime": {"datetime": "2024-01-20 15:36:45", "elapsed": 4373.698293, "delta": 0.004264}}
{"target": -19.147958105536198, "params": {"colsample_bytree": 0.3410756376948807, "eta": 0.09895245554766931, "gamma": 5.35358556723442, "max_depth": 2.0, "min_child_weight": 4567.420320281328, "num_boost_round": 28.0, "subsample": 0.8801780455601149}, "datetime": {"datetime": "2024-01-20 15:36:46", "elapsed": 4373.991297, "delta": 0.293004}}
{"target": -19.147869956766343, "params": {"colsample_bytree": 0.3410756376948807, "eta": 0.09895245554766931, "gamma": 5.35358556723442, "max_depth": 2.0, "min_child_weight": 4567.420320281328, "num_boost_round": 29.0, "subsample": 0.8801780455601149}, "datetime": {"datetime": "2024-01-20 15:36:46", "elapsed": 4373.996225, "delta": 0.004928}}
{"target": -19.148130254485082, "params": {"colsample_bytree": 0.3410756376948807, "eta": 0.09895245554766931, "gamma": 5.35358556723442, "max_depth": 2.0, "min_child_weight": 4567.420320281328, "num_boost_round": 30.0, "subsample": 0.8801780455601149}, "datetime": {"datetime": "2024-01-20 15:36:46", "elapsed": 4374.000793, "delta": 0.004568}}
