{"target": -10.481518916308305, "params": {"colsample_bytree": 0.12792477254001056, "eta": 0.06480892664392252, "gamma": 528.0150467537065, "max_depth": 7.0, "min_child_weight": 4237.3258777635265, "num_boost_round": 22.0, "subsample": 0.9916193744629453}, "datetime": {"datetime": "2024-01-20 13:26:46", "elapsed": 98.115093, "delta": 0.00039}}
{"target": -10.481909381977625, "params": {"colsample_bytree": 0.12792477254001056, "eta": 0.06480892664392252, "gamma": 528.0150467537065, "max_depth": 7.0, "min_child_weight": 4237.3258777635265, "num_boost_round": 23.0, "subsample": 0.9916193744629453}, "datetime": {"datetime": "2024-01-20 13:26:46", "elapsed": 98.115479, "delta": 0.000386}}
{"target": -10.481668131480623, "params": {"colsample_bytree": 0.12792477254001056, "eta": 0.06480892664392252, "gamma": 528.0150467537065, "max_depth": 7.0, "min_child_weight": 4237.3258777635265, "num_boost_round": 24.0, "subsample": 0.9916193744629453}, "datetime": {"datetime": "2024-01-20 13:26:46", "elapsed": 98.11612, "delta": 0.000641}}
{"target": -10.48158855204601, "params": {"colsample_bytree": 0.12792477254001056, "eta": 0.06480892664392252, "gamma": 528.0150467537065, "max_depth": 7.0, "min_child_weight": 4237.3258777635265, "num_boost_round": 25.0, "subsample": 0.9916193744629453}, "datetime": {"datetime": "2024-01-20 13:26:46", "elapsed": 98.116509, "delta": 0.000389}}
{"target": -10.481827535752032, "params": {"colsample_bytree": 0.12792477254001056, "eta": 0.06480892664392252, "gamma": 528.0150467537065, "max_depth": 7.0, "min_child_weight": 4237.3258777635265, "num_boost_round": 26.0, "subsample": 0.9916193744629453}, "datetime": {"datetime": "2024-01-20 13:26:46", "elapsed": 98.116911, "delta": 0.000402}}
{"target": -10.47603036900685, "params": {"colsample_bytree": 0.540588688258742, "eta": 0.008148797482670361, "gamma": 676.0517473319884, "max_depth": 6.0, "min_child_weight": 4277.412081945181, "num_boost_round": 1.0, "subsample": 0.5044811929546099}, "datetime": {"datetime": "2024-01-20 13:27:06", "elapsed": 118.118381, "delta": 20.00147}}
{"target": -10.475872960475863, "params": {"colsample_bytree": 0.540588688258742, "eta": 0.008148797482670361, "gamma": 676.0517473319884, "max_depth": 6.0, "min_child_weight": 4277.412081945181, "num_boost_round": 2.0, "subsample": 0.5044811929546099}, "datetime": {"datetime": "2024-01-20 13:27:06", "elapsed": 118.119007, "delta": 0.000626}}
{"target": -10.475839782296294, "params": {"colsample_bytree": 0.540588688258742, "eta": 0.008148797482670361, "gamma": 676.0517473319884, "max_depth": 6.0, "min_child_weight": 4277.412081945181, "num_boost_round": 3.0, "subsample": 0.5044811929546099}, "datetime": {"datetime": "2024-01-20 13:27:06", "elapsed": 118.119447, "delta": 0.00044}}
{"target": -10.475761916096225, "params": {"colsample_bytree": 0.540588688258742, "eta": 0.008148797482670361, "gamma": 676.0517473319884, "max_depth": 6.0, "min_child_weight": 4277.412081945181, "num_boost_round": 4.0, "subsample": 0.5044811929546099}, "datetime": {"datetime": "2024-01-20 13:27:06", "elapsed": 118.119876, "delta": 0.000429}}
{"target": -10.475645762347533, "params": {"colsample_bytree": 0.540588688258742, "eta": 0.008148797482670361, "gamma": 676.0517473319884, "max_depth": 6.0, "min_child_weight": 4277.412081945181, "num_boost_round": 5.0, "subsample": 0.5044811929546099}, "datetime": {"datetime": "2024-01-20 13:27:06", "elapsed": 118.120307, "delta": 0.000431}}
{"target": -10.475591396937496, "params": {"colsample_bytree": 0.540588688258742, "eta": 0.008148797482670361, "gamma": 676.0517473319884, "max_depth": 6.0, "min_child_weight": 4277.412081945181, "num_boost_round": 6.0, "subsample": 0.5044811929546099}, "datetime": {"datetime": "2024-01-20 13:27:06", "elapsed": 118.120725, "delta": 0.000418}}
{"target": -10.47552292431326, "params": {"colsample_bytree": 0.540588688258742, "eta": 0.008148797482670361, "gamma": 676.0517473319884, "max_depth": 6.0, "min_child_weight": 4277.412081945181, "num_boost_round": 7.0, "subsample": 0.5044811929546099}, "datetime": {"datetime": "2024-01-20 13:27:06", "elapsed": 118.121153, "delta": 0.000428}}
{"target": -10.47580289018756, "params": {"colsample_bytree": 0.6299182095741976, "eta": 0.025058152111228364, "gamma": 630.6688284643332, "max_depth": 8.0, "min_child_weight": 4353.196373862647, "num_boost_round": 1.0, "subsample": 0.9703371136468166}, "datetime": {"datetime": "2024-01-20 13:27:27", "elapsed": 139.511168, "delta": 21.390015}}
{"target": -10.47532263230054, "params": {"colsample_bytree": 0.6299182095741976, "eta": 0.025058152111228364, "gamma": 630.6688284643332, "max_depth": 8.0, "min_child_weight": 4353.196373862647, "num_boost_round": 2.0, "subsample": 0.9703371136468166}, "datetime": {"datetime": "2024-01-20 13:27:27", "elapsed": 139.513371, "delta": 0.002203}}
{"target": -10.475123857942199, "params": {"colsample_bytree": 0.6299182095741976, "eta": 0.025058152111228364, "gamma": 630.6688284643332, "max_depth": 8.0, "min_child_weight": 4353.196373862647, "num_boost_round": 3.0, "subsample": 0.9703371136468166}, "datetime": {"datetime": "2024-01-20 13:27:27", "elapsed": 139.513951, "delta": 0.00058}}
{"target": -10.474914504862898, "params": {"colsample_bytree": 0.6299182095741976, "eta": 0.025058152111228364, "gamma": 630.6688284643332, "max_depth": 8.0, "min_child_weight": 4353.196373862647, "num_boost_round": 4.0, "subsample": 0.9703371136468166}, "datetime": {"datetime": "2024-01-20 13:27:27", "elapsed": 139.514403, "delta": 0.000452}}
{"target": -10.47448984178648, "params": {"colsample_bytree": 0.6299182095741976, "eta": 0.025058152111228364, "gamma": 630.6688284643332, "max_depth": 8.0, "min_child_weight": 4353.196373862647, "num_boost_round": 5.0, "subsample": 0.9703371136468166}, "datetime": {"datetime": "2024-01-20 13:27:27", "elapsed": 139.51485, "delta": 0.000447}}
{"target": -10.474409033164246, "params": {"colsample_bytree": 0.6299182095741976, "eta": 0.025058152111228364, "gamma": 630.6688284643332, "max_depth": 8.0, "min_child_weight": 4353.196373862647, "num_boost_round": 6.0, "subsample": 0.9703371136468166}, "datetime": {"datetime": "2024-01-20 13:27:27", "elapsed": 139.51531, "delta": 0.00046}}
{"target": -10.474196546439817, "params": {"colsample_bytree": 0.6299182095741976, "eta": 0.025058152111228364, "gamma": 630.6688284643332, "max_depth": 8.0, "min_child_weight": 4353.196373862647, "num_boost_round": 7.0, "subsample": 0.9703371136468166}, "datetime": {"datetime": "2024-01-20 13:27:27", "elapsed": 139.515765, "delta": 0.000455}}
{"target": -10.47384632550628, "params": {"colsample_bytree": 0.6299182095741976, "eta": 0.025058152111228364, "gamma": 630.6688284643332, "max_depth": 8.0, "min_child_weight": 4353.196373862647, "num_boost_round": 8.0, "subsample": 0.9703371136468166}, "datetime": {"datetime": "2024-01-20 13:27:27", "elapsed": 139.516212, "delta": 0.000447}}
{"target": -10.473755411566282, "params": {"colsample_bytree": 0.6299182095741976, "eta": 0.025058152111228364, "gamma": 630.6688284643332, "max_depth": 8.0, "min_child_weight": 4353.196373862647, "num_boost_round": 9.0, "subsample": 0.9703371136468166}, "datetime": {"datetime": "2024-01-20 13:27:27", "elapsed": 139.516666, "delta": 0.000454}}
{"target": -10.475982467681302, "params": {"colsample_bytree": 0.25198969390402803, "eta": 0.01423712771962343, "gamma": 581.4650269873218, "max_depth": 9.0, "min_child_weight": 4364.188010420309, "num_boost_round": 1.0, "subsample": 0.6500089316169048}, "datetime": {"datetime": "2024-01-20 13:28:08", "elapsed": 180.162465, "delta": 40.645799}}
{"target": -10.47585177837647, "params": {"colsample_bytree": 0.25198969390402803, "eta": 0.01423712771962343, "gamma": 581.4650269873218, "max_depth": 9.0, "min_child_weight": 4364.188010420309, "num_boost_round": 2.0, "subsample": 0.6500089316169048}, "datetime": {"datetime": "2024-01-20 13:28:08", "elapsed": 180.163157, "delta": 0.000692}}
{"target": -10.475796521551292, "params": {"colsample_bytree": 0.25198969390402803, "eta": 0.01423712771962343, "gamma": 581.4650269873218, "max_depth": 9.0, "min_child_weight": 4364.188010420309, "num_boost_round": 3.0, "subsample": 0.6500089316169048}, "datetime": {"datetime": "2024-01-20 13:28:08", "elapsed": 180.163622, "delta": 0.000465}}
{"target": -10.475653879038365, "params": {"colsample_bytree": 0.25198969390402803, "eta": 0.01423712771962343, "gamma": 581.4650269873218, "max_depth": 9.0, "min_child_weight": 4364.188010420309, "num_boost_round": 4.0, "subsample": 0.6500089316169048}, "datetime": {"datetime": "2024-01-20 13:28:08", "elapsed": 180.164062, "delta": 0.00044}}
{"target": -10.475538538669571, "params": {"colsample_bytree": 0.25198969390402803, "eta": 0.01423712771962343, "gamma": 581.4650269873218, "max_depth": 9.0, "min_child_weight": 4364.188010420309, "num_boost_round": 5.0, "subsample": 0.6500089316169048}, "datetime": {"datetime": "2024-01-20 13:28:08", "elapsed": 180.164907, "delta": 0.000845}}
{"target": -10.47549793747791, "params": {"colsample_bytree": 0.25198969390402803, "eta": 0.01423712771962343, "gamma": 581.4650269873218, "max_depth": 9.0, "min_child_weight": 4364.188010420309, "num_boost_round": 6.0, "subsample": 0.6500089316169048}, "datetime": {"datetime": "2024-01-20 13:28:08", "elapsed": 180.165349, "delta": 0.000442}}
{"target": -10.475364330852642, "params": {"colsample_bytree": 0.25198969390402803, "eta": 0.01423712771962343, "gamma": 581.4650269873218, "max_depth": 9.0, "min_child_weight": 4364.188010420309, "num_boost_round": 7.0, "subsample": 0.6500089316169048}, "datetime": {"datetime": "2024-01-20 13:28:08", "elapsed": 180.165782, "delta": 0.000433}}
{"target": -10.475260830731806, "params": {"colsample_bytree": 0.25198969390402803, "eta": 0.01423712771962343, "gamma": 581.4650269873218, "max_depth": 9.0, "min_child_weight": 4364.188010420309, "num_boost_round": 8.0, "subsample": 0.6500089316169048}, "datetime": {"datetime": "2024-01-20 13:28:08", "elapsed": 180.166218, "delta": 0.000436}}
{"target": -10.47519492695739, "params": {"colsample_bytree": 0.25198969390402803, "eta": 0.01423712771962343, "gamma": 581.4650269873218, "max_depth": 9.0, "min_child_weight": 4364.188010420309, "num_boost_round": 9.0, "subsample": 0.6500089316169048}, "datetime": {"datetime": "2024-01-20 13:28:08", "elapsed": 180.166772, "delta": 0.000554}}
{"target": -10.475241364270266, "params": {"colsample_bytree": 0.25198969390402803, "eta": 0.01423712771962343, "gamma": 581.4650269873218, "max_depth": 9.0, "min_child_weight": 4364.188010420309, "num_boost_round": 10.0, "subsample": 0.6500089316169048}, "datetime": {"datetime": "2024-01-20 13:28:08", "elapsed": 180.167209, "delta": 0.000437}}
{"target": -10.475234090708929, "params": {"colsample_bytree": 0.25198969390402803, "eta": 0.01423712771962343, "gamma": 581.4650269873218, "max_depth": 9.0, "min_child_weight": 4364.188010420309, "num_boost_round": 11.0, "subsample": 0.6500089316169048}, "datetime": {"datetime": "2024-01-20 13:28:08", "elapsed": 180.167645, "delta": 0.000436}}
{"target": -10.475188877695446, "params": {"colsample_bytree": 0.25198969390402803, "eta": 0.01423712771962343, "gamma": 581.4650269873218, "max_depth": 9.0, "min_child_weight": 4364.188010420309, "num_boost_round": 12.0, "subsample": 0.6500089316169048}, "datetime": {"datetime": "2024-01-20 13:28:08", "elapsed": 180.168077, "delta": 0.000432}}
{"target": -10.475126391242895, "params": {"colsample_bytree": 0.25198969390402803, "eta": 0.01423712771962343, "gamma": 581.4650269873218, "max_depth": 9.0, "min_child_weight": 4364.188010420309, "num_boost_round": 13.0, "subsample": 0.6500089316169048}, "datetime": {"datetime": "2024-01-20 13:28:08", "elapsed": 180.168521, "delta": 0.000444}}
{"target": -10.475088320224934, "params": {"colsample_bytree": 0.25198969390402803, "eta": 0.01423712771962343, "gamma": 581.4650269873218, "max_depth": 9.0, "min_child_weight": 4364.188010420309, "num_boost_round": 14.0, "subsample": 0.6500089316169048}, "datetime": {"datetime": "2024-01-20 13:28:08", "elapsed": 180.169015, "delta": 0.000494}}
{"target": -10.475169128380006, "params": {"colsample_bytree": 0.25198969390402803, "eta": 0.01423712771962343, "gamma": 581.4650269873218, "max_depth": 9.0, "min_child_weight": 4364.188010420309, "num_boost_round": 15.0, "subsample": 0.6500089316169048}, "datetime": {"datetime": "2024-01-20 13:28:08", "elapsed": 180.169471, "delta": 0.000456}}
{"target": -10.475225366384215, "params": {"colsample_bytree": 0.25198969390402803, "eta": 0.01423712771962343, "gamma": 581.4650269873218, "max_depth": 9.0, "min_child_weight": 4364.188010420309, "num_boost_round": 16.0, "subsample": 0.6500089316169048}, "datetime": {"datetime": "2024-01-20 13:28:08", "elapsed": 180.169911, "delta": 0.00044}}
{"target": -10.475294550038486, "params": {"colsample_bytree": 0.25198969390402803, "eta": 0.01423712771962343, "gamma": 581.4650269873218, "max_depth": 9.0, "min_child_weight": 4364.188010420309, "num_boost_round": 17.0, "subsample": 0.6500089316169048}, "datetime": {"datetime": "2024-01-20 13:28:08", "elapsed": 180.170629, "delta": 0.000718}}
{"target": -10.475254861036568, "params": {"colsample_bytree": 0.25198969390402803, "eta": 0.01423712771962343, "gamma": 581.4650269873218, "max_depth": 9.0, "min_child_weight": 4364.188010420309, "num_boost_round": 18.0, "subsample": 0.6500089316169048}, "datetime": {"datetime": "2024-01-20 13:28:08", "elapsed": 180.171075, "delta": 0.000446}}
{"target": -10.47518614452505, "params": {"colsample_bytree": 0.25198969390402803, "eta": 0.01423712771962343, "gamma": 581.4650269873218, "max_depth": 9.0, "min_child_weight": 4364.188010420309, "num_boost_round": 19.0, "subsample": 0.6500089316169048}, "datetime": {"datetime": "2024-01-20 13:28:08", "elapsed": 180.171527, "delta": 0.000452}}
{"target": -10.475144699564595, "params": {"colsample_bytree": 0.25198969390402803, "eta": 0.01423712771962343, "gamma": 581.4650269873218, "max_depth": 9.0, "min_child_weight": 4364.188010420309, "num_boost_round": 20.0, "subsample": 0.6500089316169048}, "datetime": {"datetime": "2024-01-20 13:28:08", "elapsed": 180.171972, "delta": 0.000445}}
{"target": -10.4751655952308, "params": {"colsample_bytree": 0.25198969390402803, "eta": 0.01423712771962343, "gamma": 581.4650269873218, "max_depth": 9.0, "min_child_weight": 4364.188010420309, "num_boost_round": 21.0, "subsample": 0.6500089316169048}, "datetime": {"datetime": "2024-01-20 13:28:08", "elapsed": 180.172429, "delta": 0.000457}}
{"target": -10.475113596597016, "params": {"colsample_bytree": 0.25198969390402803, "eta": 0.01423712771962343, "gamma": 581.4650269873218, "max_depth": 9.0, "min_child_weight": 4364.188010420309, "num_boost_round": 22.0, "subsample": 0.6500089316169048}, "datetime": {"datetime": "2024-01-20 13:28:08", "elapsed": 180.172875, "delta": 0.000446}}
{"target": -10.475138499657946, "params": {"colsample_bytree": 0.25198969390402803, "eta": 0.01423712771962343, "gamma": 581.4650269873218, "max_depth": 9.0, "min_child_weight": 4364.188010420309, "num_boost_round": 23.0, "subsample": 0.6500089316169048}, "datetime": {"datetime": "2024-01-20 13:28:08", "elapsed": 180.17333, "delta": 0.000455}}
{"target": -10.47510174365746, "params": {"colsample_bytree": 0.25198969390402803, "eta": 0.01423712771962343, "gamma": 581.4650269873218, "max_depth": 9.0, "min_child_weight": 4364.188010420309, "num_boost_round": 24.0, "subsample": 0.6500089316169048}, "datetime": {"datetime": "2024-01-20 13:28:08", "elapsed": 180.173781, "delta": 0.000451}}
{"target": -10.475010240701906, "params": {"colsample_bytree": 0.25198969390402803, "eta": 0.01423712771962343, "gamma": 581.4650269873218, "max_depth": 9.0, "min_child_weight": 4364.188010420309, "num_boost_round": 25.0, "subsample": 0.6500089316169048}, "datetime": {"datetime": "2024-01-20 13:28:08", "elapsed": 180.174243, "delta": 0.000462}}
{"target": -10.475053992849091, "params": {"colsample_bytree": 0.25198969390402803, "eta": 0.01423712771962343, "gamma": 581.4650269873218, "max_depth": 9.0, "min_child_weight": 4364.188010420309, "num_boost_round": 26.0, "subsample": 0.6500089316169048}, "datetime": {"datetime": "2024-01-20 13:28:08", "elapsed": 180.174693, "delta": 0.00045}}
{"target": -10.475084493533966, "params": {"colsample_bytree": 0.25198969390402803, "eta": 0.01423712771962343, "gamma": 581.4650269873218, "max_depth": 9.0, "min_child_weight": 4364.188010420309, "num_boost_round": 27.0, "subsample": 0.6500089316169048}, "datetime": {"datetime": "2024-01-20 13:28:08", "elapsed": 180.175161, "delta": 0.000468}}
{"target": -10.47496689846039, "params": {"colsample_bytree": 0.25198969390402803, "eta": 0.01423712771962343, "gamma": 581.4650269873218, "max_depth": 9.0, "min_child_weight": 4364.188010420309, "num_boost_round": 28.0, "subsample": 0.6500089316169048}, "datetime": {"datetime": "2024-01-20 13:28:08", "elapsed": 180.17561, "delta": 0.000449}}
{"target": -10.475026888382427, "params": {"colsample_bytree": 0.25198969390402803, "eta": 0.01423712771962343, "gamma": 581.4650269873218, "max_depth": 9.0, "min_child_weight": 4364.188010420309, "num_boost_round": 29.0, "subsample": 0.6500089316169048}, "datetime": {"datetime": "2024-01-20 13:28:08", "elapsed": 180.176261, "delta": 0.000651}}
{"target": -10.475053238158331, "params": {"colsample_bytree": 0.25198969390402803, "eta": 0.01423712771962343, "gamma": 581.4650269873218, "max_depth": 9.0, "min_child_weight": 4364.188010420309, "num_boost_round": 30.0, "subsample": 0.6500089316169048}, "datetime": {"datetime": "2024-01-20 13:28:08", "elapsed": 180.176823, "delta": 0.000562}}
{"target": -10.475034196216324, "params": {"colsample_bytree": 0.25198969390402803, "eta": 0.01423712771962343, "gamma": 581.4650269873218, "max_depth": 9.0, "min_child_weight": 4364.188010420309, "num_boost_round": 31.0, "subsample": 0.6500089316169048}, "datetime": {"datetime": "2024-01-20 13:28:08", "elapsed": 180.177299, "delta": 0.000476}}
{"target": -10.474974035183633, "params": {"colsample_bytree": 0.25198969390402803, "eta": 0.01423712771962343, "gamma": 581.4650269873218, "max_depth": 9.0, "min_child_weight": 4364.188010420309, "num_boost_round": 32.0, "subsample": 0.6500089316169048}, "datetime": {"datetime": "2024-01-20 13:28:08", "elapsed": 180.177757, "delta": 0.000458}}
{"target": -10.476079175902811, "params": {"colsample_bytree": 0.1306470082515348, "eta": 0.09997567212112221, "gamma": 621.962258134377, "max_depth": 3.0, "min_child_weight": 4412.135602965183, "num_boost_round": 1.0, "subsample": 0.6836124734221791}, "datetime": {"datetime": "2024-01-20 13:28:41", "elapsed": 213.984665, "delta": 33.806908}}
{"target": -10.476163080407899, "params": {"colsample_bytree": 0.1306470082515348, "eta": 0.09997567212112221, "gamma": 621.962258134377, "max_depth": 3.0, "min_child_weight": 4412.135602965183, "num_boost_round": 2.0, "subsample": 0.6836124734221791}, "datetime": {"datetime": "2024-01-20 13:28:41", "elapsed": 213.986819, "delta": 0.002154}}
{"target": -10.476461809844007, "params": {"colsample_bytree": 0.1306470082515348, "eta": 0.09997567212112221, "gamma": 621.962258134377, "max_depth": 3.0, "min_child_weight": 4412.135602965183, "num_boost_round": 3.0, "subsample": 0.6836124734221791}, "datetime": {"datetime": "2024-01-20 13:28:41", "elapsed": 213.987353, "delta": 0.000534}}
{"target": -10.477300481513343, "params": {"colsample_bytree": 0.1306470082515348, "eta": 0.09997567212112221, "gamma": 621.962258134377, "max_depth": 3.0, "min_child_weight": 4412.135602965183, "num_boost_round": 4.0, "subsample": 0.6836124734221791}, "datetime": {"datetime": "2024-01-20 13:28:41", "elapsed": 213.987856, "delta": 0.000503}}
{"target": -10.47737324865893, "params": {"colsample_bytree": 0.1306470082515348, "eta": 0.09997567212112221, "gamma": 621.962258134377, "max_depth": 3.0, "min_child_weight": 4412.135602965183, "num_boost_round": 5.0, "subsample": 0.6836124734221791}, "datetime": {"datetime": "2024-01-20 13:28:41", "elapsed": 213.98836, "delta": 0.000504}}
{"target": -10.47768596294709, "params": {"colsample_bytree": 0.1306470082515348, "eta": 0.09997567212112221, "gamma": 621.962258134377, "max_depth": 3.0, "min_child_weight": 4412.135602965183, "num_boost_round": 6.0, "subsample": 0.6836124734221791}, "datetime": {"datetime": "2024-01-20 13:28:41", "elapsed": 213.988851, "delta": 0.000491}}
{"target": -10.47789155387791, "params": {"colsample_bytree": 0.1306470082515348, "eta": 0.09997567212112221, "gamma": 621.962258134377, "max_depth": 3.0, "min_child_weight": 4412.135602965183, "num_boost_round": 7.0, "subsample": 0.6836124734221791}, "datetime": {"datetime": "2024-01-20 13:28:41", "elapsed": 213.989508, "delta": 0.000657}}
{"target": -10.477617503174148, "params": {"colsample_bytree": 0.1306470082515348, "eta": 0.09997567212112221, "gamma": 621.962258134377, "max_depth": 3.0, "min_child_weight": 4412.135602965183, "num_boost_round": 8.0, "subsample": 0.6836124734221791}, "datetime": {"datetime": "2024-01-20 13:28:41", "elapsed": 213.989997, "delta": 0.000489}}
{"target": -10.47758119155925, "params": {"colsample_bytree": 0.1306470082515348, "eta": 0.09997567212112221, "gamma": 621.962258134377, "max_depth": 3.0, "min_child_weight": 4412.135602965183, "num_boost_round": 9.0, "subsample": 0.6836124734221791}, "datetime": {"datetime": "2024-01-20 13:28:41", "elapsed": 213.99083, "delta": 0.000833}}
{"target": -10.478731387194472, "params": {"colsample_bytree": 0.1306470082515348, "eta": 0.09997567212112221, "gamma": 621.962258134377, "max_depth": 3.0, "min_child_weight": 4412.135602965183, "num_boost_round": 10.0, "subsample": 0.6836124734221791}, "datetime": {"datetime": "2024-01-20 13:28:41", "elapsed": 213.99133, "delta": 0.0005}}
