{"target": -13.39807975666236, "params": {"colsample_bytree": 0.7016034179820798, "eta": 0.022610938669884735, "gamma": 585.9776274554096, "max_depth": 2.0, "min_child_weight": 4008.633363121107, "num_boost_round": 5.0, "subsample": 0.5336115127754785}, "datetime": {"datetime": "2024-01-20 14:26:55", "elapsed": 149.899051, "delta": 0.000374}}
{"target": -13.398125399161469, "params": {"colsample_bytree": 0.7016034179820798, "eta": 0.022610938669884735, "gamma": 585.9776274554096, "max_depth": 2.0, "min_child_weight": 4008.633363121107, "num_boost_round": 6.0, "subsample": 0.5336115127754785}, "datetime": {"datetime": "2024-01-20 14:26:55", "elapsed": 149.899417, "delta": 0.000366}}
{"target": -13.397718340643404, "params": {"colsample_bytree": 0.7750542547131124, "eta": 0.08636999469105339, "gamma": 660.7174729335466, "max_depth": 3.0, "min_child_weight": 3942.4969041030486, "num_boost_round": 1.0, "subsample": 0.278525177062341}, "datetime": {"datetime": "2024-01-20 14:27:14", "elapsed": 169.203559, "delta": 19.304142}}
{"target": -13.397691744089805, "params": {"colsample_bytree": 0.7750542547131124, "eta": 0.08636999469105339, "gamma": 660.7174729335466, "max_depth": 3.0, "min_child_weight": 3942.4969041030486, "num_boost_round": 2.0, "subsample": 0.278525177062341}, "datetime": {"datetime": "2024-01-20 14:27:14", "elapsed": 169.204396, "delta": 0.000837}}
{"target": -13.397717540447147, "params": {"colsample_bytree": 0.7750542547131124, "eta": 0.08636999469105339, "gamma": 660.7174729335466, "max_depth": 3.0, "min_child_weight": 3942.4969041030486, "num_boost_round": 3.0, "subsample": 0.278525177062341}, "datetime": {"datetime": "2024-01-20 14:27:14", "elapsed": 169.204804, "delta": 0.000408}}
{"target": -13.39795613954923, "params": {"colsample_bytree": 0.7750542547131124, "eta": 0.08636999469105339, "gamma": 660.7174729335466, "max_depth": 3.0, "min_child_weight": 3942.4969041030486, "num_boost_round": 4.0, "subsample": 0.278525177062341}, "datetime": {"datetime": "2024-01-20 14:27:14", "elapsed": 169.205179, "delta": 0.000375}}
{"target": -13.398161283364807, "params": {"colsample_bytree": 0.7750542547131124, "eta": 0.08636999469105339, "gamma": 660.7174729335466, "max_depth": 3.0, "min_child_weight": 3942.4969041030486, "num_boost_round": 5.0, "subsample": 0.278525177062341}, "datetime": {"datetime": "2024-01-20 14:27:14", "elapsed": 169.205558, "delta": 0.000379}}
{"target": -13.398442610470562, "params": {"colsample_bytree": 0.7750542547131124, "eta": 0.08636999469105339, "gamma": 660.7174729335466, "max_depth": 3.0, "min_child_weight": 3942.4969041030486, "num_boost_round": 6.0, "subsample": 0.278525177062341}, "datetime": {"datetime": "2024-01-20 14:27:14", "elapsed": 169.205931, "delta": 0.000373}}
{"target": -13.398750593949549, "params": {"colsample_bytree": 0.7750542547131124, "eta": 0.08636999469105339, "gamma": 660.7174729335466, "max_depth": 3.0, "min_child_weight": 3942.4969041030486, "num_boost_round": 7.0, "subsample": 0.278525177062341}, "datetime": {"datetime": "2024-01-20 14:27:14", "elapsed": 169.20642, "delta": 0.000489}}
{"target": -13.399489827624336, "params": {"colsample_bytree": 0.7750542547131124, "eta": 0.08636999469105339, "gamma": 660.7174729335466, "max_depth": 3.0, "min_child_weight": 3942.4969041030486, "num_boost_round": 8.0, "subsample": 0.278525177062341}, "datetime": {"datetime": "2024-01-20 14:27:14", "elapsed": 169.206799, "delta": 0.000379}}
{"target": -13.39950477636922, "params": {"colsample_bytree": 0.7750542547131124, "eta": 0.08636999469105339, "gamma": 660.7174729335466, "max_depth": 3.0, "min_child_weight": 3942.4969041030486, "num_boost_round": 9.0, "subsample": 0.278525177062341}, "datetime": {"datetime": "2024-01-20 14:27:14", "elapsed": 169.207166, "delta": 0.000367}}
{"target": -13.399800787855323, "params": {"colsample_bytree": 0.7750542547131124, "eta": 0.08636999469105339, "gamma": 660.7174729335466, "max_depth": 3.0, "min_child_weight": 3942.4969041030486, "num_boost_round": 10.0, "subsample": 0.278525177062341}, "datetime": {"datetime": "2024-01-20 14:27:14", "elapsed": 169.207542, "delta": 0.000376}}
{"target": -13.399923631721379, "params": {"colsample_bytree": 0.7750542547131124, "eta": 0.08636999469105339, "gamma": 660.7174729335466, "max_depth": 3.0, "min_child_weight": 3942.4969041030486, "num_boost_round": 11.0, "subsample": 0.278525177062341}, "datetime": {"datetime": "2024-01-20 14:27:14", "elapsed": 169.207912, "delta": 0.00037}}
{"target": -13.400856100150847, "params": {"colsample_bytree": 0.7750542547131124, "eta": 0.08636999469105339, "gamma": 660.7174729335466, "max_depth": 3.0, "min_child_weight": 3942.4969041030486, "num_boost_round": 12.0, "subsample": 0.278525177062341}, "datetime": {"datetime": "2024-01-20 14:27:14", "elapsed": 169.208284, "delta": 0.000372}}
{"target": -13.397454766120115, "params": {"colsample_bytree": 0.9795256198799447, "eta": 0.03093831706051301, "gamma": 515.2042462823225, "max_depth": 5.0, "min_child_weight": 3902.4583573073714, "num_boost_round": 1.0, "subsample": 0.34993920911873555}, "datetime": {"datetime": "2024-01-20 14:27:30", "elapsed": 184.732687, "delta": 15.524403}}
{"target": -13.397173624980457, "params": {"colsample_bytree": 0.9795256198799447, "eta": 0.03093831706051301, "gamma": 515.2042462823225, "max_depth": 5.0, "min_child_weight": 3902.4583573073714, "num_boost_round": 2.0, "subsample": 0.34993920911873555}, "datetime": {"datetime": "2024-01-20 14:27:30", "elapsed": 184.733708, "delta": 0.001021}}
{"target": -13.396939422490227, "params": {"colsample_bytree": 0.9795256198799447, "eta": 0.03093831706051301, "gamma": 515.2042462823225, "max_depth": 5.0, "min_child_weight": 3902.4583573073714, "num_boost_round": 3.0, "subsample": 0.34993920911873555}, "datetime": {"datetime": "2024-01-20 14:27:30", "elapsed": 184.734125, "delta": 0.000417}}
{"target": -13.39671896192609, "params": {"colsample_bytree": 0.9795256198799447, "eta": 0.03093831706051301, "gamma": 515.2042462823225, "max_depth": 5.0, "min_child_weight": 3902.4583573073714, "num_boost_round": 4.0, "subsample": 0.34993920911873555}, "datetime": {"datetime": "2024-01-20 14:27:30", "elapsed": 184.734529, "delta": 0.000404}}
{"target": -13.39771539235381, "params": {"colsample_bytree": 0.6398712651870478, "eta": 0.005232128195610188, "gamma": 499.84453475727673, "max_depth": 9.0, "min_child_weight": 3863.670933256811, "num_boost_round": 1.0, "subsample": 0.39202506052296093}, "datetime": {"datetime": "2024-01-20 14:28:42", "elapsed": 257.212643, "delta": 72.478114}}
{"target": -13.397648328195917, "params": {"colsample_bytree": 0.6398712651870478, "eta": 0.005232128195610188, "gamma": 499.84453475727673, "max_depth": 9.0, "min_child_weight": 3863.670933256811, "num_boost_round": 2.0, "subsample": 0.39202506052296093}, "datetime": {"datetime": "2024-01-20 14:28:42", "elapsed": 257.224063, "delta": 0.01142}}
{"target": -13.397590707001616, "params": {"colsample_bytree": 0.6398712651870478, "eta": 0.005232128195610188, "gamma": 499.84453475727673, "max_depth": 9.0, "min_child_weight": 3863.670933256811, "num_boost_round": 3.0, "subsample": 0.39202506052296093}, "datetime": {"datetime": "2024-01-20 14:28:42", "elapsed": 257.224538, "delta": 0.000475}}
{"target": -13.397516316354846, "params": {"colsample_bytree": 0.6398712651870478, "eta": 0.005232128195610188, "gamma": 499.84453475727673, "max_depth": 9.0, "min_child_weight": 3863.670933256811, "num_boost_round": 4.0, "subsample": 0.39202506052296093}, "datetime": {"datetime": "2024-01-20 14:28:42", "elapsed": 257.224959, "delta": 0.000421}}
{"target": -13.397385517111612, "params": {"colsample_bytree": 0.6398712651870478, "eta": 0.005232128195610188, "gamma": 499.84453475727673, "max_depth": 9.0, "min_child_weight": 3863.670933256811, "num_boost_round": 5.0, "subsample": 0.39202506052296093}, "datetime": {"datetime": "2024-01-20 14:28:42", "elapsed": 257.225374, "delta": 0.000415}}
{"target": -13.397306899522897, "params": {"colsample_bytree": 0.6398712651870478, "eta": 0.005232128195610188, "gamma": 499.84453475727673, "max_depth": 9.0, "min_child_weight": 3863.670933256811, "num_boost_round": 6.0, "subsample": 0.39202506052296093}, "datetime": {"datetime": "2024-01-20 14:28:42", "elapsed": 257.225795, "delta": 0.000421}}
{"target": -13.397300073173971, "params": {"colsample_bytree": 0.6398712651870478, "eta": 0.005232128195610188, "gamma": 499.84453475727673, "max_depth": 9.0, "min_child_weight": 3863.670933256811, "num_boost_round": 7.0, "subsample": 0.39202506052296093}, "datetime": {"datetime": "2024-01-20 14:28:42", "elapsed": 257.226184, "delta": 0.000389}}
{"target": -13.397246469309918, "params": {"colsample_bytree": 0.6398712651870478, "eta": 0.005232128195610188, "gamma": 499.84453475727673, "max_depth": 9.0, "min_child_weight": 3863.670933256811, "num_boost_round": 8.0, "subsample": 0.39202506052296093}, "datetime": {"datetime": "2024-01-20 14:28:42", "elapsed": 257.226581, "delta": 0.000397}}
{"target": -13.397213674989867, "params": {"colsample_bytree": 0.6398712651870478, "eta": 0.005232128195610188, "gamma": 499.84453475727673, "max_depth": 9.0, "min_child_weight": 3863.670933256811, "num_boost_round": 9.0, "subsample": 0.39202506052296093}, "datetime": {"datetime": "2024-01-20 14:28:42", "elapsed": 257.226972, "delta": 0.000391}}
{"target": -13.397131377490652, "params": {"colsample_bytree": 0.6398712651870478, "eta": 0.005232128195610188, "gamma": 499.84453475727673, "max_depth": 9.0, "min_child_weight": 3863.670933256811, "num_boost_round": 10.0, "subsample": 0.39202506052296093}, "datetime": {"datetime": "2024-01-20 14:28:42", "elapsed": 257.227364, "delta": 0.000392}}
{"target": -13.397101245960734, "params": {"colsample_bytree": 0.6398712651870478, "eta": 0.005232128195610188, "gamma": 499.84453475727673, "max_depth": 9.0, "min_child_weight": 3863.670933256811, "num_boost_round": 11.0, "subsample": 0.39202506052296093}, "datetime": {"datetime": "2024-01-20 14:28:42", "elapsed": 257.227863, "delta": 0.000499}}
{"target": -13.39703579575914, "params": {"colsample_bytree": 0.6398712651870478, "eta": 0.005232128195610188, "gamma": 499.84453475727673, "max_depth": 9.0, "min_child_weight": 3863.670933256811, "num_boost_round": 12.0, "subsample": 0.39202506052296093}, "datetime": {"datetime": "2024-01-20 14:28:42", "elapsed": 257.228259, "delta": 0.000396}}
{"target": -13.396959327065598, "params": {"colsample_bytree": 0.6398712651870478, "eta": 0.005232128195610188, "gamma": 499.84453475727673, "max_depth": 9.0, "min_child_weight": 3863.670933256811, "num_boost_round": 13.0, "subsample": 0.39202506052296093}, "datetime": {"datetime": "2024-01-20 14:28:42", "elapsed": 257.228656, "delta": 0.000397}}
{"target": -13.396924696733034, "params": {"colsample_bytree": 0.6398712651870478, "eta": 0.005232128195610188, "gamma": 499.84453475727673, "max_depth": 9.0, "min_child_weight": 3863.670933256811, "num_boost_round": 14.0, "subsample": 0.39202506052296093}, "datetime": {"datetime": "2024-01-20 14:28:42", "elapsed": 257.229071, "delta": 0.000415}}
{"target": -13.396897557725392, "params": {"colsample_bytree": 0.6398712651870478, "eta": 0.005232128195610188, "gamma": 499.84453475727673, "max_depth": 9.0, "min_child_weight": 3863.670933256811, "num_boost_round": 15.0, "subsample": 0.39202506052296093}, "datetime": {"datetime": "2024-01-20 14:28:42", "elapsed": 257.229439, "delta": 0.000368}}
{"target": -13.396862386778375, "params": {"colsample_bytree": 0.6398712651870478, "eta": 0.005232128195610188, "gamma": 499.84453475727673, "max_depth": 9.0, "min_child_weight": 3863.670933256811, "num_boost_round": 16.0, "subsample": 0.39202506052296093}, "datetime": {"datetime": "2024-01-20 14:28:42", "elapsed": 257.229813, "delta": 0.000374}}
{"target": -13.396840997767129, "params": {"colsample_bytree": 0.6398712651870478, "eta": 0.005232128195610188, "gamma": 499.84453475727673, "max_depth": 9.0, "min_child_weight": 3863.670933256811, "num_boost_round": 17.0, "subsample": 0.39202506052296093}, "datetime": {"datetime": "2024-01-20 14:28:42", "elapsed": 257.230179, "delta": 0.000366}}
{"target": -13.396823339166351, "params": {"colsample_bytree": 0.6398712651870478, "eta": 0.005232128195610188, "gamma": 499.84453475727673, "max_depth": 9.0, "min_child_weight": 3863.670933256811, "num_boost_round": 18.0, "subsample": 0.39202506052296093}, "datetime": {"datetime": "2024-01-20 14:28:42", "elapsed": 257.230558, "delta": 0.000379}}
{"target": -13.396769833282473, "params": {"colsample_bytree": 0.6398712651870478, "eta": 0.005232128195610188, "gamma": 499.84453475727673, "max_depth": 9.0, "min_child_weight": 3863.670933256811, "num_boost_round": 19.0, "subsample": 0.39202506052296093}, "datetime": {"datetime": "2024-01-20 14:28:42", "elapsed": 257.230935, "delta": 0.000377}}
{"target": -13.396704442250673, "params": {"colsample_bytree": 0.6398712651870478, "eta": 0.005232128195610188, "gamma": 499.84453475727673, "max_depth": 9.0, "min_child_weight": 3863.670933256811, "num_boost_round": 20.0, "subsample": 0.39202506052296093}, "datetime": {"datetime": "2024-01-20 14:28:42", "elapsed": 257.231307, "delta": 0.000372}}
{"target": -13.39667817381147, "params": {"colsample_bytree": 0.6398712651870478, "eta": 0.005232128195610188, "gamma": 499.84453475727673, "max_depth": 9.0, "min_child_weight": 3863.670933256811, "num_boost_round": 21.0, "subsample": 0.39202506052296093}, "datetime": {"datetime": "2024-01-20 14:28:42", "elapsed": 257.231683, "delta": 0.000376}}
{"target": -13.39662414227043, "params": {"colsample_bytree": 0.6398712651870478, "eta": 0.005232128195610188, "gamma": 499.84453475727673, "max_depth": 9.0, "min_child_weight": 3863.670933256811, "num_boost_round": 22.0, "subsample": 0.39202506052296093}, "datetime": {"datetime": "2024-01-20 14:28:42", "elapsed": 257.232092, "delta": 0.000409}}
{"target": -13.396578851650366, "params": {"colsample_bytree": 0.6398712651870478, "eta": 0.005232128195610188, "gamma": 499.84453475727673, "max_depth": 9.0, "min_child_weight": 3863.670933256811, "num_boost_round": 23.0, "subsample": 0.39202506052296093}, "datetime": {"datetime": "2024-01-20 14:28:42", "elapsed": 257.232488, "delta": 0.000396}}
{"target": -13.396548166623194, "params": {"colsample_bytree": 0.6398712651870478, "eta": 0.005232128195610188, "gamma": 499.84453475727673, "max_depth": 9.0, "min_child_weight": 3863.670933256811, "num_boost_round": 24.0, "subsample": 0.39202506052296093}, "datetime": {"datetime": "2024-01-20 14:28:42", "elapsed": 257.232865, "delta": 0.000377}}
{"target": -13.396538749046375, "params": {"colsample_bytree": 0.6398712651870478, "eta": 0.005232128195610188, "gamma": 499.84453475727673, "max_depth": 9.0, "min_child_weight": 3863.670933256811, "num_boost_round": 25.0, "subsample": 0.39202506052296093}, "datetime": {"datetime": "2024-01-20 14:28:42", "elapsed": 257.233238, "delta": 0.000373}}
{"target": -13.39653901929186, "params": {"colsample_bytree": 0.6398712651870478, "eta": 0.005232128195610188, "gamma": 499.84453475727673, "max_depth": 9.0, "min_child_weight": 3863.670933256811, "num_boost_round": 26.0, "subsample": 0.39202506052296093}, "datetime": {"datetime": "2024-01-20 14:28:42", "elapsed": 257.233629, "delta": 0.000391}}
{"target": -13.396527924467925, "params": {"colsample_bytree": 0.6398712651870478, "eta": 0.005232128195610188, "gamma": 499.84453475727673, "max_depth": 9.0, "min_child_weight": 3863.670933256811, "num_boost_round": 27.0, "subsample": 0.39202506052296093}, "datetime": {"datetime": "2024-01-20 14:28:42", "elapsed": 257.234013, "delta": 0.000384}}
{"target": -13.396540832150887, "params": {"colsample_bytree": 0.6398712651870478, "eta": 0.005232128195610188, "gamma": 499.84453475727673, "max_depth": 9.0, "min_child_weight": 3863.670933256811, "num_boost_round": 28.0, "subsample": 0.39202506052296093}, "datetime": {"datetime": "2024-01-20 14:28:42", "elapsed": 257.234433, "delta": 0.00042}}
{"target": -13.396508347889478, "params": {"colsample_bytree": 0.6398712651870478, "eta": 0.005232128195610188, "gamma": 499.84453475727673, "max_depth": 9.0, "min_child_weight": 3863.670933256811, "num_boost_round": 29.0, "subsample": 0.39202506052296093}, "datetime": {"datetime": "2024-01-20 14:28:42", "elapsed": 257.234823, "delta": 0.00039}}
{"target": -13.396451216974377, "params": {"colsample_bytree": 0.6398712651870478, "eta": 0.005232128195610188, "gamma": 499.84453475727673, "max_depth": 9.0, "min_child_weight": 3863.670933256811, "num_boost_round": 30.0, "subsample": 0.39202506052296093}, "datetime": {"datetime": "2024-01-20 14:28:42", "elapsed": 257.235202, "delta": 0.000379}}
{"target": -13.396445256108272, "params": {"colsample_bytree": 0.6398712651870478, "eta": 0.005232128195610188, "gamma": 499.84453475727673, "max_depth": 9.0, "min_child_weight": 3863.670933256811, "num_boost_round": 31.0, "subsample": 0.39202506052296093}, "datetime": {"datetime": "2024-01-20 14:28:42", "elapsed": 257.235627, "delta": 0.000425}}
{"target": -13.396387186011594, "params": {"colsample_bytree": 0.6398712651870478, "eta": 0.005232128195610188, "gamma": 499.84453475727673, "max_depth": 9.0, "min_child_weight": 3863.670933256811, "num_boost_round": 32.0, "subsample": 0.39202506052296093}, "datetime": {"datetime": "2024-01-20 14:28:42", "elapsed": 257.236007, "delta": 0.00038}}
{"target": -13.396352815637076, "params": {"colsample_bytree": 0.6398712651870478, "eta": 0.005232128195610188, "gamma": 499.84453475727673, "max_depth": 9.0, "min_child_weight": 3863.670933256811, "num_boost_round": 33.0, "subsample": 0.39202506052296093}, "datetime": {"datetime": "2024-01-20 14:28:42", "elapsed": 257.236389, "delta": 0.000382}}
{"target": -13.396301049801533, "params": {"colsample_bytree": 0.6398712651870478, "eta": 0.005232128195610188, "gamma": 499.84453475727673, "max_depth": 9.0, "min_child_weight": 3863.670933256811, "num_boost_round": 34.0, "subsample": 0.39202506052296093}, "datetime": {"datetime": "2024-01-20 14:28:42", "elapsed": 257.236781, "delta": 0.000392}}
{"target": -13.396295258224036, "params": {"colsample_bytree": 0.6398712651870478, "eta": 0.005232128195610188, "gamma": 499.84453475727673, "max_depth": 9.0, "min_child_weight": 3863.670933256811, "num_boost_round": 35.0, "subsample": 0.39202506052296093}, "datetime": {"datetime": "2024-01-20 14:28:42", "elapsed": 257.237163, "delta": 0.000382}}
{"target": -13.39629744169361, "params": {"colsample_bytree": 0.6398712651870478, "eta": 0.005232128195610188, "gamma": 499.84453475727673, "max_depth": 9.0, "min_child_weight": 3863.670933256811, "num_boost_round": 36.0, "subsample": 0.39202506052296093}, "datetime": {"datetime": "2024-01-20 14:28:42", "elapsed": 257.237551, "delta": 0.000388}}
{"target": -13.396234590299365, "params": {"colsample_bytree": 0.6398712651870478, "eta": 0.005232128195610188, "gamma": 499.84453475727673, "max_depth": 9.0, "min_child_weight": 3863.670933256811, "num_boost_round": 37.0, "subsample": 0.39202506052296093}, "datetime": {"datetime": "2024-01-20 14:28:42", "elapsed": 257.237934, "delta": 0.000383}}
{"target": -13.396198954382488, "params": {"colsample_bytree": 0.6398712651870478, "eta": 0.005232128195610188, "gamma": 499.84453475727673, "max_depth": 9.0, "min_child_weight": 3863.670933256811, "num_boost_round": 38.0, "subsample": 0.39202506052296093}, "datetime": {"datetime": "2024-01-20 14:28:42", "elapsed": 257.238324, "delta": 0.00039}}
{"target": -13.396168299325042, "params": {"colsample_bytree": 0.6398712651870478, "eta": 0.005232128195610188, "gamma": 499.84453475727673, "max_depth": 9.0, "min_child_weight": 3863.670933256811, "num_boost_round": 39.0, "subsample": 0.39202506052296093}, "datetime": {"datetime": "2024-01-20 14:28:42", "elapsed": 257.238732, "delta": 0.000408}}
{"target": -13.396139038347318, "params": {"colsample_bytree": 0.6398712651870478, "eta": 0.005232128195610188, "gamma": 499.84453475727673, "max_depth": 9.0, "min_child_weight": 3863.670933256811, "num_boost_round": 40.0, "subsample": 0.39202506052296093}, "datetime": {"datetime": "2024-01-20 14:28:42", "elapsed": 257.239131, "delta": 0.000399}}
{"target": -13.39612498059229, "params": {"colsample_bytree": 0.6398712651870478, "eta": 0.005232128195610188, "gamma": 499.84453475727673, "max_depth": 9.0, "min_child_weight": 3863.670933256811, "num_boost_round": 41.0, "subsample": 0.39202506052296093}, "datetime": {"datetime": "2024-01-20 14:28:42", "elapsed": 257.239628, "delta": 0.000497}}
{"target": -13.396132820174941, "params": {"colsample_bytree": 0.6398712651870478, "eta": 0.005232128195610188, "gamma": 499.84453475727673, "max_depth": 9.0, "min_child_weight": 3863.670933256811, "num_boost_round": 42.0, "subsample": 0.39202506052296093}, "datetime": {"datetime": "2024-01-20 14:28:42", "elapsed": 257.240031, "delta": 0.000403}}
{"target": -13.396143175306289, "params": {"colsample_bytree": 0.6398712651870478, "eta": 0.005232128195610188, "gamma": 499.84453475727673, "max_depth": 9.0, "min_child_weight": 3863.670933256811, "num_boost_round": 43.0, "subsample": 0.39202506052296093}, "datetime": {"datetime": "2024-01-20 14:28:42", "elapsed": 257.240425, "delta": 0.000394}}
{"target": -13.396126111905508, "params": {"colsample_bytree": 0.6398712651870478, "eta": 0.005232128195610188, "gamma": 499.84453475727673, "max_depth": 9.0, "min_child_weight": 3863.670933256811, "num_boost_round": 44.0, "subsample": 0.39202506052296093}, "datetime": {"datetime": "2024-01-20 14:28:42", "elapsed": 257.240825, "delta": 0.0004}}
{"target": -13.396085726697926, "params": {"colsample_bytree": 0.6398712651870478, "eta": 0.005232128195610188, "gamma": 499.84453475727673, "max_depth": 9.0, "min_child_weight": 3863.670933256811, "num_boost_round": 45.0, "subsample": 0.39202506052296093}, "datetime": {"datetime": "2024-01-20 14:28:42", "elapsed": 257.24122, "delta": 0.000395}}
