{"target": -10.475394000559863, "params": {"colsample_bytree": 0.22040946907541467, "eta": 0.025854652988275887, "gamma": 661.0556545955227, "max_depth": 8.0, "min_child_weight": 4338.5334424170715, "num_boost_round": 13.0, "subsample": 0.3093383612551993}, "datetime": {"datetime": "2024-01-20 13:29:59", "elapsed": 291.7228, "delta": 0.000561}}
{"target": -10.475425213755909, "params": {"colsample_bytree": 0.22040946907541467, "eta": 0.025854652988275887, "gamma": 661.0556545955227, "max_depth": 8.0, "min_child_weight": 4338.5334424170715, "num_boost_round": 14.0, "subsample": 0.3093383612551993}, "datetime": {"datetime": "2024-01-20 13:29:59", "elapsed": 291.723361, "delta": 0.000561}}
{"target": -10.475520184082317, "params": {"colsample_bytree": 0.22040946907541467, "eta": 0.025854652988275887, "gamma": 661.0556545955227, "max_depth": 8.0, "min_child_weight": 4338.5334424170715, "num_boost_round": 15.0, "subsample": 0.3093383612551993}, "datetime": {"datetime": "2024-01-20 13:29:59", "elapsed": 291.723923, "delta": 0.000562}}
{"target": -10.475651468967975, "params": {"colsample_bytree": 0.22040946907541467, "eta": 0.025854652988275887, "gamma": 661.0556545955227, "max_depth": 8.0, "min_child_weight": 4338.5334424170715, "num_boost_round": 16.0, "subsample": 0.3093383612551993}, "datetime": {"datetime": "2024-01-20 13:29:59", "elapsed": 291.724487, "delta": 0.000564}}
{"target": -10.475771502485522, "params": {"colsample_bytree": 0.22040946907541467, "eta": 0.025854652988275887, "gamma": 661.0556545955227, "max_depth": 8.0, "min_child_weight": 4338.5334424170715, "num_boost_round": 17.0, "subsample": 0.3093383612551993}, "datetime": {"datetime": "2024-01-20 13:29:59", "elapsed": 291.725066, "delta": 0.000579}}
{"target": -10.475724247886951, "params": {"colsample_bytree": 0.22040946907541467, "eta": 0.025854652988275887, "gamma": 661.0556545955227, "max_depth": 8.0, "min_child_weight": 4338.5334424170715, "num_boost_round": 18.0, "subsample": 0.3093383612551993}, "datetime": {"datetime": "2024-01-20 13:29:59", "elapsed": 291.725641, "delta": 0.000575}}
{"target": -10.47566572862122, "params": {"colsample_bytree": 0.22040946907541467, "eta": 0.025854652988275887, "gamma": 661.0556545955227, "max_depth": 8.0, "min_child_weight": 4338.5334424170715, "num_boost_round": 19.0, "subsample": 0.3093383612551993}, "datetime": {"datetime": "2024-01-20 13:29:59", "elapsed": 291.726501, "delta": 0.00086}}
{"target": -10.475625125608426, "params": {"colsample_bytree": 0.22040946907541467, "eta": 0.025854652988275887, "gamma": 661.0556545955227, "max_depth": 8.0, "min_child_weight": 4338.5334424170715, "num_boost_round": 20.0, "subsample": 0.3093383612551993}, "datetime": {"datetime": "2024-01-20 13:29:59", "elapsed": 291.727075, "delta": 0.000574}}
{"target": -10.475571712931693, "params": {"colsample_bytree": 0.22040946907541467, "eta": 0.025854652988275887, "gamma": 661.0556545955227, "max_depth": 8.0, "min_child_weight": 4338.5334424170715, "num_boost_round": 21.0, "subsample": 0.3093383612551993}, "datetime": {"datetime": "2024-01-20 13:29:59", "elapsed": 291.727647, "delta": 0.000572}}
{"target": -10.47549830703781, "params": {"colsample_bytree": 0.22040946907541467, "eta": 0.025854652988275887, "gamma": 661.0556545955227, "max_depth": 8.0, "min_child_weight": 4338.5334424170715, "num_boost_round": 22.0, "subsample": 0.3093383612551993}, "datetime": {"datetime": "2024-01-20 13:29:59", "elapsed": 291.728224, "delta": 0.000577}}
{"target": -10.475513768963326, "params": {"colsample_bytree": 0.22040946907541467, "eta": 0.025854652988275887, "gamma": 661.0556545955227, "max_depth": 8.0, "min_child_weight": 4338.5334424170715, "num_boost_round": 23.0, "subsample": 0.3093383612551993}, "datetime": {"datetime": "2024-01-20 13:29:59", "elapsed": 291.728889, "delta": 0.000665}}
{"target": -10.475407608749853, "params": {"colsample_bytree": 0.22040946907541467, "eta": 0.025854652988275887, "gamma": 661.0556545955227, "max_depth": 8.0, "min_child_weight": 4338.5334424170715, "num_boost_round": 24.0, "subsample": 0.3093383612551993}, "datetime": {"datetime": "2024-01-20 13:29:59", "elapsed": 291.729473, "delta": 0.000584}}
{"target": -10.4754057809252, "params": {"colsample_bytree": 0.22040946907541467, "eta": 0.025854652988275887, "gamma": 661.0556545955227, "max_depth": 8.0, "min_child_weight": 4338.5334424170715, "num_boost_round": 25.0, "subsample": 0.3093383612551993}, "datetime": {"datetime": "2024-01-20 13:29:59", "elapsed": 291.730052, "delta": 0.000579}}
{"target": -10.475456388953376, "params": {"colsample_bytree": 0.22040946907541467, "eta": 0.025854652988275887, "gamma": 661.0556545955227, "max_depth": 8.0, "min_child_weight": 4338.5334424170715, "num_boost_round": 26.0, "subsample": 0.3093383612551993}, "datetime": {"datetime": "2024-01-20 13:29:59", "elapsed": 291.730643, "delta": 0.000591}}
{"target": -10.475638102319419, "params": {"colsample_bytree": 0.22040946907541467, "eta": 0.025854652988275887, "gamma": 661.0556545955227, "max_depth": 8.0, "min_child_weight": 4338.5334424170715, "num_boost_round": 27.0, "subsample": 0.3093383612551993}, "datetime": {"datetime": "2024-01-20 13:29:59", "elapsed": 291.731227, "delta": 0.000584}}
{"target": -10.47553164024686, "params": {"colsample_bytree": 0.22040946907541467, "eta": 0.025854652988275887, "gamma": 661.0556545955227, "max_depth": 8.0, "min_child_weight": 4338.5334424170715, "num_boost_round": 28.0, "subsample": 0.3093383612551993}, "datetime": {"datetime": "2024-01-20 13:29:59", "elapsed": 291.7318, "delta": 0.000573}}
{"target": -10.475527572458637, "params": {"colsample_bytree": 0.22040946907541467, "eta": 0.025854652988275887, "gamma": 661.0556545955227, "max_depth": 8.0, "min_child_weight": 4338.5334424170715, "num_boost_round": 29.0, "subsample": 0.3093383612551993}, "datetime": {"datetime": "2024-01-20 13:29:59", "elapsed": 291.732388, "delta": 0.000588}}
{"target": -10.475606268361576, "params": {"colsample_bytree": 0.22040946907541467, "eta": 0.025854652988275887, "gamma": 661.0556545955227, "max_depth": 8.0, "min_child_weight": 4338.5334424170715, "num_boost_round": 30.0, "subsample": 0.3093383612551993}, "datetime": {"datetime": "2024-01-20 13:29:59", "elapsed": 291.732967, "delta": 0.000579}}
{"target": -10.47561586868439, "params": {"colsample_bytree": 0.22040946907541467, "eta": 0.025854652988275887, "gamma": 661.0556545955227, "max_depth": 8.0, "min_child_weight": 4338.5334424170715, "num_boost_round": 31.0, "subsample": 0.3093383612551993}, "datetime": {"datetime": "2024-01-20 13:29:59", "elapsed": 291.733788, "delta": 0.000821}}
{"target": -10.475734310394174, "params": {"colsample_bytree": 0.22040946907541467, "eta": 0.025854652988275887, "gamma": 661.0556545955227, "max_depth": 8.0, "min_child_weight": 4338.5334424170715, "num_boost_round": 32.0, "subsample": 0.3093383612551993}, "datetime": {"datetime": "2024-01-20 13:29:59", "elapsed": 291.734388, "delta": 0.0006}}
{"target": -10.475687342626598, "params": {"colsample_bytree": 0.22040946907541467, "eta": 0.025854652988275887, "gamma": 661.0556545955227, "max_depth": 8.0, "min_child_weight": 4338.5334424170715, "num_boost_round": 33.0, "subsample": 0.3093383612551993}, "datetime": {"datetime": "2024-01-20 13:29:59", "elapsed": 291.734977, "delta": 0.000589}}
{"target": -10.47554898403837, "params": {"colsample_bytree": 0.22040946907541467, "eta": 0.025854652988275887, "gamma": 661.0556545955227, "max_depth": 8.0, "min_child_weight": 4338.5334424170715, "num_boost_round": 34.0, "subsample": 0.3093383612551993}, "datetime": {"datetime": "2024-01-20 13:29:59", "elapsed": 291.735567, "delta": 0.00059}}
{"target": -10.475651302493976, "params": {"colsample_bytree": 0.22040946907541467, "eta": 0.025854652988275887, "gamma": 661.0556545955227, "max_depth": 8.0, "min_child_weight": 4338.5334424170715, "num_boost_round": 35.0, "subsample": 0.3093383612551993}, "datetime": {"datetime": "2024-01-20 13:29:59", "elapsed": 291.736167, "delta": 0.0006}}
{"target": -10.475656529478602, "params": {"colsample_bytree": 0.22040946907541467, "eta": 0.025854652988275887, "gamma": 661.0556545955227, "max_depth": 8.0, "min_child_weight": 4338.5334424170715, "num_boost_round": 36.0, "subsample": 0.3093383612551993}, "datetime": {"datetime": "2024-01-20 13:29:59", "elapsed": 291.736756, "delta": 0.000589}}
{"target": -10.47567519205549, "params": {"colsample_bytree": 0.22040946907541467, "eta": 0.025854652988275887, "gamma": 661.0556545955227, "max_depth": 8.0, "min_child_weight": 4338.5334424170715, "num_boost_round": 37.0, "subsample": 0.3093383612551993}, "datetime": {"datetime": "2024-01-20 13:29:59", "elapsed": 291.737494, "delta": 0.000738}}
{"target": -10.475739537769748, "params": {"colsample_bytree": 0.22040946907541467, "eta": 0.025854652988275887, "gamma": 661.0556545955227, "max_depth": 8.0, "min_child_weight": 4338.5334424170715, "num_boost_round": 38.0, "subsample": 0.3093383612551993}, "datetime": {"datetime": "2024-01-20 13:29:59", "elapsed": 291.738097, "delta": 0.000603}}
{"target": -10.475818846840061, "params": {"colsample_bytree": 0.22040946907541467, "eta": 0.025854652988275887, "gamma": 661.0556545955227, "max_depth": 8.0, "min_child_weight": 4338.5334424170715, "num_boost_round": 39.0, "subsample": 0.3093383612551993}, "datetime": {"datetime": "2024-01-20 13:29:59", "elapsed": 291.738837, "delta": 0.00074}}
{"target": -10.475936854594966, "params": {"colsample_bytree": 0.22040946907541467, "eta": 0.025854652988275887, "gamma": 661.0556545955227, "max_depth": 8.0, "min_child_weight": 4338.5334424170715, "num_boost_round": 40.0, "subsample": 0.3093383612551993}, "datetime": {"datetime": "2024-01-20 13:29:59", "elapsed": 291.739451, "delta": 0.000614}}
{"target": -10.475884378589917, "params": {"colsample_bytree": 0.22040946907541467, "eta": 0.025854652988275887, "gamma": 661.0556545955227, "max_depth": 8.0, "min_child_weight": 4338.5334424170715, "num_boost_round": 41.0, "subsample": 0.3093383612551993}, "datetime": {"datetime": "2024-01-20 13:29:59", "elapsed": 291.740052, "delta": 0.000601}}
{"target": -10.475965681942233, "params": {"colsample_bytree": 0.22040946907541467, "eta": 0.025854652988275887, "gamma": 661.0556545955227, "max_depth": 8.0, "min_child_weight": 4338.5334424170715, "num_boost_round": 42.0, "subsample": 0.3093383612551993}, "datetime": {"datetime": "2024-01-20 13:29:59", "elapsed": 291.741333, "delta": 0.001281}}
{"target": -10.476087252608323, "params": {"colsample_bytree": 0.22040946907541467, "eta": 0.025854652988275887, "gamma": 661.0556545955227, "max_depth": 8.0, "min_child_weight": 4338.5334424170715, "num_boost_round": 43.0, "subsample": 0.3093383612551993}, "datetime": {"datetime": "2024-01-20 13:29:59", "elapsed": 291.741974, "delta": 0.000641}}
{"target": -10.476119214398338, "params": {"colsample_bytree": 0.22040946907541467, "eta": 0.025854652988275887, "gamma": 661.0556545955227, "max_depth": 8.0, "min_child_weight": 4338.5334424170715, "num_boost_round": 44.0, "subsample": 0.3093383612551993}, "datetime": {"datetime": "2024-01-20 13:29:59", "elapsed": 291.742597, "delta": 0.000623}}
{"target": -10.476251067597277, "params": {"colsample_bytree": 0.22040946907541467, "eta": 0.025854652988275887, "gamma": 661.0556545955227, "max_depth": 8.0, "min_child_weight": 4338.5334424170715, "num_boost_round": 45.0, "subsample": 0.3093383612551993}, "datetime": {"datetime": "2024-01-20 13:29:59", "elapsed": 291.743216, "delta": 0.000619}}
{"target": -10.476296234159129, "params": {"colsample_bytree": 0.22040946907541467, "eta": 0.025854652988275887, "gamma": 661.0556545955227, "max_depth": 8.0, "min_child_weight": 4338.5334424170715, "num_boost_round": 46.0, "subsample": 0.3093383612551993}, "datetime": {"datetime": "2024-01-20 13:29:59", "elapsed": 291.74383, "delta": 0.000614}}
{"target": -10.475541016799848, "params": {"colsample_bytree": 0.9340976288739986, "eta": 0.0345421668701559, "gamma": 731.4674032866399, "max_depth": 7.0, "min_child_weight": 4264.599494490663, "num_boost_round": 1.0, "subsample": 0.549210297226423}, "datetime": {"datetime": "2024-01-20 13:30:22", "elapsed": 314.517712, "delta": 22.773882}}
{"target": -10.475021425762169, "params": {"colsample_bytree": 0.9340976288739986, "eta": 0.0345421668701559, "gamma": 731.4674032866399, "max_depth": 7.0, "min_child_weight": 4264.599494490663, "num_boost_round": 2.0, "subsample": 0.549210297226423}, "datetime": {"datetime": "2024-01-20 13:30:22", "elapsed": 314.520162, "delta": 0.00245}}
{"target": -10.474765850419672, "params": {"colsample_bytree": 0.9340976288739986, "eta": 0.0345421668701559, "gamma": 731.4674032866399, "max_depth": 7.0, "min_child_weight": 4264.599494490663, "num_boost_round": 3.0, "subsample": 0.549210297226423}, "datetime": {"datetime": "2024-01-20 13:30:22", "elapsed": 314.520849, "delta": 0.000687}}
{"target": -10.474336446419565, "params": {"colsample_bytree": 0.9340976288739986, "eta": 0.0345421668701559, "gamma": 731.4674032866399, "max_depth": 7.0, "min_child_weight": 4264.599494490663, "num_boost_round": 4.0, "subsample": 0.549210297226423}, "datetime": {"datetime": "2024-01-20 13:30:22", "elapsed": 314.521497, "delta": 0.000648}}
{"target": -10.473887445591757, "params": {"colsample_bytree": 0.9340976288739986, "eta": 0.0345421668701559, "gamma": 731.4674032866399, "max_depth": 7.0, "min_child_weight": 4264.599494490663, "num_boost_round": 5.0, "subsample": 0.549210297226423}, "datetime": {"datetime": "2024-01-20 13:30:22", "elapsed": 314.522266, "delta": 0.000769}}
{"target": -10.473655929976022, "params": {"colsample_bytree": 0.9340976288739986, "eta": 0.0345421668701559, "gamma": 731.4674032866399, "max_depth": 7.0, "min_child_weight": 4264.599494490663, "num_boost_round": 6.0, "subsample": 0.549210297226423}, "datetime": {"datetime": "2024-01-20 13:30:22", "elapsed": 314.522889, "delta": 0.000623}}
{"target": -10.473378633091155, "params": {"colsample_bytree": 0.9340976288739986, "eta": 0.0345421668701559, "gamma": 731.4674032866399, "max_depth": 7.0, "min_child_weight": 4264.599494490663, "num_boost_round": 7.0, "subsample": 0.549210297226423}, "datetime": {"datetime": "2024-01-20 13:30:22", "elapsed": 314.523524, "delta": 0.000635}}
{"target": -10.473124153203644, "params": {"colsample_bytree": 0.9340976288739986, "eta": 0.0345421668701559, "gamma": 731.4674032866399, "max_depth": 7.0, "min_child_weight": 4264.599494490663, "num_boost_round": 8.0, "subsample": 0.549210297226423}, "datetime": {"datetime": "2024-01-20 13:30:22", "elapsed": 314.524489, "delta": 0.000965}}
{"target": -10.473122250277136, "params": {"colsample_bytree": 0.9340976288739986, "eta": 0.0345421668701559, "gamma": 731.4674032866399, "max_depth": 7.0, "min_child_weight": 4264.599494490663, "num_boost_round": 9.0, "subsample": 0.549210297226423}, "datetime": {"datetime": "2024-01-20 13:30:22", "elapsed": 314.525132, "delta": 0.000643}}
{"target": -10.473008246457104, "params": {"colsample_bytree": 0.9340976288739986, "eta": 0.0345421668701559, "gamma": 731.4674032866399, "max_depth": 7.0, "min_child_weight": 4264.599494490663, "num_boost_round": 10.0, "subsample": 0.549210297226423}, "datetime": {"datetime": "2024-01-20 13:30:22", "elapsed": 314.525764, "delta": 0.000632}}
{"target": -10.475898161409138, "params": {"colsample_bytree": 0.7320890567149994, "eta": 0.053561110436890616, "gamma": 734.3512535488857, "max_depth": 2.0, "min_child_weight": 4302.884302473974, "num_boost_round": 1.0, "subsample": 0.38758538289332767}, "datetime": {"datetime": "2024-01-20 13:31:11", "elapsed": 363.94226, "delta": 49.416496}}
{"target": -10.475590040026361, "params": {"colsample_bytree": 0.7320890567149994, "eta": 0.053561110436890616, "gamma": 734.3512535488857, "max_depth": 2.0, "min_child_weight": 4302.884302473974, "num_boost_round": 2.0, "subsample": 0.38758538289332767}, "datetime": {"datetime": "2024-01-20 13:31:11", "elapsed": 363.943802, "delta": 0.001542}}
{"target": -10.475393366493249, "params": {"colsample_bytree": 0.7320890567149994, "eta": 0.053561110436890616, "gamma": 734.3512535488857, "max_depth": 2.0, "min_child_weight": 4302.884302473974, "num_boost_round": 3.0, "subsample": 0.38758538289332767}, "datetime": {"datetime": "2024-01-20 13:31:11", "elapsed": 363.944497, "delta": 0.000695}}
{"target": -10.475245028080565, "params": {"colsample_bytree": 0.7320890567149994, "eta": 0.053561110436890616, "gamma": 734.3512535488857, "max_depth": 2.0, "min_child_weight": 4302.884302473974, "num_boost_round": 4.0, "subsample": 0.38758538289332767}, "datetime": {"datetime": "2024-01-20 13:31:11", "elapsed": 363.945068, "delta": 0.000571}}
{"target": -10.475166569190495, "params": {"colsample_bytree": 0.7320890567149994, "eta": 0.053561110436890616, "gamma": 734.3512535488857, "max_depth": 2.0, "min_child_weight": 4302.884302473974, "num_boost_round": 5.0, "subsample": 0.38758538289332767}, "datetime": {"datetime": "2024-01-20 13:31:11", "elapsed": 363.94582, "delta": 0.000752}}
{"target": -10.475071683938737, "params": {"colsample_bytree": 0.7320890567149994, "eta": 0.053561110436890616, "gamma": 734.3512535488857, "max_depth": 2.0, "min_child_weight": 4302.884302473974, "num_boost_round": 6.0, "subsample": 0.38758538289332767}, "datetime": {"datetime": "2024-01-20 13:31:11", "elapsed": 363.946448, "delta": 0.000628}}
{"target": -10.474925898216885, "params": {"colsample_bytree": 0.7320890567149994, "eta": 0.053561110436890616, "gamma": 734.3512535488857, "max_depth": 2.0, "min_child_weight": 4302.884302473974, "num_boost_round": 7.0, "subsample": 0.38758538289332767}, "datetime": {"datetime": "2024-01-20 13:31:11", "elapsed": 363.947396, "delta": 0.000948}}
{"target": -10.475057910920615, "params": {"colsample_bytree": 0.7320890567149994, "eta": 0.053561110436890616, "gamma": 734.3512535488857, "max_depth": 2.0, "min_child_weight": 4302.884302473974, "num_boost_round": 8.0, "subsample": 0.38758538289332767}, "datetime": {"datetime": "2024-01-20 13:31:11", "elapsed": 363.948144, "delta": 0.000748}}
{"target": -10.475227429745747, "params": {"colsample_bytree": 0.7320890567149994, "eta": 0.053561110436890616, "gamma": 734.3512535488857, "max_depth": 2.0, "min_child_weight": 4302.884302473974, "num_boost_round": 9.0, "subsample": 0.38758538289332767}, "datetime": {"datetime": "2024-01-20 13:31:11", "elapsed": 363.948772, "delta": 0.000628}}
{"target": -10.475007725218603, "params": {"colsample_bytree": 0.7320890567149994, "eta": 0.053561110436890616, "gamma": 734.3512535488857, "max_depth": 2.0, "min_child_weight": 4302.884302473974, "num_boost_round": 10.0, "subsample": 0.38758538289332767}, "datetime": {"datetime": "2024-01-20 13:31:11", "elapsed": 363.949893, "delta": 0.001121}}
{"target": -10.475142674413894, "params": {"colsample_bytree": 0.7320890567149994, "eta": 0.053561110436890616, "gamma": 734.3512535488857, "max_depth": 2.0, "min_child_weight": 4302.884302473974, "num_boost_round": 11.0, "subsample": 0.38758538289332767}, "datetime": {"datetime": "2024-01-20 13:31:11", "elapsed": 363.950535, "delta": 0.000642}}
{"target": -10.475336494866724, "params": {"colsample_bytree": 0.7320890567149994, "eta": 0.053561110436890616, "gamma": 734.3512535488857, "max_depth": 2.0, "min_child_weight": 4302.884302473974, "num_boost_round": 12.0, "subsample": 0.38758538289332767}, "datetime": {"datetime": "2024-01-20 13:31:11", "elapsed": 363.951182, "delta": 0.000647}}
{"target": -10.475466016632847, "params": {"colsample_bytree": 0.7320890567149994, "eta": 0.053561110436890616, "gamma": 734.3512535488857, "max_depth": 2.0, "min_child_weight": 4302.884302473974, "num_boost_round": 13.0, "subsample": 0.38758538289332767}, "datetime": {"datetime": "2024-01-20 13:31:11", "elapsed": 363.951811, "delta": 0.000629}}
{"target": -10.475464751985674, "params": {"colsample_bytree": 0.7320890567149994, "eta": 0.053561110436890616, "gamma": 734.3512535488857, "max_depth": 2.0, "min_child_weight": 4302.884302473974, "num_boost_round": 14.0, "subsample": 0.38758538289332767}, "datetime": {"datetime": "2024-01-20 13:31:11", "elapsed": 363.952445, "delta": 0.000634}}
{"target": -10.475683705954417, "params": {"colsample_bytree": 0.7320890567149994, "eta": 0.053561110436890616, "gamma": 734.3512535488857, "max_depth": 2.0, "min_child_weight": 4302.884302473974, "num_boost_round": 15.0, "subsample": 0.38758538289332767}, "datetime": {"datetime": "2024-01-20 13:31:11", "elapsed": 363.953083, "delta": 0.000638}}
{"target": -10.475852349200194, "params": {"colsample_bytree": 0.7320890567149994, "eta": 0.053561110436890616, "gamma": 734.3512535488857, "max_depth": 2.0, "min_child_weight": 4302.884302473974, "num_boost_round": 16.0, "subsample": 0.38758538289332767}, "datetime": {"datetime": "2024-01-20 13:31:11", "elapsed": 363.953779, "delta": 0.000696}}
{"target": -10.475744227184315, "params": {"colsample_bytree": 0.7320890567149994, "eta": 0.053561110436890616, "gamma": 734.3512535488857, "max_depth": 2.0, "min_child_weight": 4302.884302473974, "num_boost_round": 17.0, "subsample": 0.38758538289332767}, "datetime": {"datetime": "2024-01-20 13:31:11", "elapsed": 363.95445, "delta": 0.000671}}
{"target": -10.475992592145339, "params": {"colsample_bytree": 0.7320890567149994, "eta": 0.053561110436890616, "gamma": 734.3512535488857, "max_depth": 2.0, "min_child_weight": 4302.884302473974, "num_boost_round": 18.0, "subsample": 0.38758538289332767}, "datetime": {"datetime": "2024-01-20 13:31:11", "elapsed": 363.955083, "delta": 0.000633}}
{"target": -10.476063165824545, "params": {"colsample_bytree": 0.7320890567149994, "eta": 0.053561110436890616, "gamma": 734.3512535488857, "max_depth": 2.0, "min_child_weight": 4302.884302473974, "num_boost_round": 19.0, "subsample": 0.38758538289332767}, "datetime": {"datetime": "2024-01-20 13:31:11", "elapsed": 363.955728, "delta": 0.000645}}
