{"target": -10.476131349389277, "params": {"colsample_bytree": 0.10319733927737126, "eta": 0.002106798649831219, "gamma": 335.5790871383437, "max_depth": 9.0, "min_child_weight": 5018.8958500009085, "num_boost_round": 13.0, "subsample": 0.3701425053665435}, "datetime": {"datetime": "2024-01-20 16:31:30", "elapsed": 11182.314442, "delta": 0.00806}}
{"target": -10.476127397160404, "params": {"colsample_bytree": 0.10319733927737126, "eta": 0.002106798649831219, "gamma": 335.5790871383437, "max_depth": 9.0, "min_child_weight": 5018.8958500009085, "num_boost_round": 14.0, "subsample": 0.3701425053665435}, "datetime": {"datetime": "2024-01-20 16:31:30", "elapsed": 11182.322306, "delta": 0.007864}}
{"target": -10.47612953850328, "params": {"colsample_bytree": 0.10319733927737126, "eta": 0.002106798649831219, "gamma": 335.5790871383437, "max_depth": 9.0, "min_child_weight": 5018.8958500009085, "num_boost_round": 15.0, "subsample": 0.3701425053665435}, "datetime": {"datetime": "2024-01-20 16:31:30", "elapsed": 11182.330224, "delta": 0.007918}}
{"target": -10.476127667604892, "params": {"colsample_bytree": 0.10319733927737126, "eta": 0.002106798649831219, "gamma": 335.5790871383437, "max_depth": 9.0, "min_child_weight": 5018.8958500009085, "num_boost_round": 16.0, "subsample": 0.3701425053665435}, "datetime": {"datetime": "2024-01-20 16:31:30", "elapsed": 11182.338256, "delta": 0.008032}}
{"target": -10.4761241806425, "params": {"colsample_bytree": 0.10319733927737126, "eta": 0.002106798649831219, "gamma": 335.5790871383437, "max_depth": 9.0, "min_child_weight": 5018.8958500009085, "num_boost_round": 17.0, "subsample": 0.3701425053665435}, "datetime": {"datetime": "2024-01-20 16:31:30", "elapsed": 11182.346534, "delta": 0.008278}}
{"target": -10.476118826609401, "params": {"colsample_bytree": 0.10319733927737126, "eta": 0.002106798649831219, "gamma": 335.5790871383437, "max_depth": 9.0, "min_child_weight": 5018.8958500009085, "num_boost_round": 18.0, "subsample": 0.3701425053665435}, "datetime": {"datetime": "2024-01-20 16:31:30", "elapsed": 11182.354776, "delta": 0.008242}}
{"target": -10.476123546526175, "params": {"colsample_bytree": 0.10319733927737126, "eta": 0.002106798649831219, "gamma": 335.5790871383437, "max_depth": 9.0, "min_child_weight": 5018.8958500009085, "num_boost_round": 19.0, "subsample": 0.3701425053665435}, "datetime": {"datetime": "2024-01-20 16:31:30", "elapsed": 11182.362523, "delta": 0.007747}}
{"target": -10.476122515213683, "params": {"colsample_bytree": 0.10319733927737126, "eta": 0.002106798649831219, "gamma": 335.5790871383437, "max_depth": 9.0, "min_child_weight": 5018.8958500009085, "num_boost_round": 20.0, "subsample": 0.3701425053665435}, "datetime": {"datetime": "2024-01-20 16:31:30", "elapsed": 11182.370243, "delta": 0.00772}}
{"target": -10.476126167861233, "params": {"colsample_bytree": 0.10319733927737126, "eta": 0.002106798649831219, "gamma": 335.5790871383437, "max_depth": 9.0, "min_child_weight": 5018.8958500009085, "num_boost_round": 21.0, "subsample": 0.3701425053665435}, "datetime": {"datetime": "2024-01-20 16:31:30", "elapsed": 11182.378165, "delta": 0.007922}}
{"target": -10.47611073059048, "params": {"colsample_bytree": 0.10319733927737126, "eta": 0.002106798649831219, "gamma": 335.5790871383437, "max_depth": 9.0, "min_child_weight": 5018.8958500009085, "num_boost_round": 22.0, "subsample": 0.3701425053665435}, "datetime": {"datetime": "2024-01-20 16:31:30", "elapsed": 11182.386116, "delta": 0.007951}}
{"target": -10.476113244895235, "params": {"colsample_bytree": 0.10319733927737126, "eta": 0.002106798649831219, "gamma": 335.5790871383437, "max_depth": 9.0, "min_child_weight": 5018.8958500009085, "num_boost_round": 23.0, "subsample": 0.3701425053665435}, "datetime": {"datetime": "2024-01-20 16:31:30", "elapsed": 11182.394672, "delta": 0.008556}}
{"target": -10.476099444616331, "params": {"colsample_bytree": 0.10319733927737126, "eta": 0.002106798649831219, "gamma": 335.5790871383437, "max_depth": 9.0, "min_child_weight": 5018.8958500009085, "num_boost_round": 24.0, "subsample": 0.3701425053665435}, "datetime": {"datetime": "2024-01-20 16:31:30", "elapsed": 11182.402639, "delta": 0.007967}}
{"target": -10.475942018783666, "params": {"colsample_bytree": 0.2136949719076221, "eta": 0.06129652911740485, "gamma": 274.5843125788064, "max_depth": 8.0, "min_child_weight": 4985.266463567125, "num_boost_round": 1.0, "subsample": 0.27226618693747345}, "datetime": {"datetime": "2024-01-20 16:34:23", "elapsed": 11355.10459, "delta": 172.701951}}
{"target": -10.475722976924763, "params": {"colsample_bytree": 0.2136949719076221, "eta": 0.06129652911740485, "gamma": 274.5843125788064, "max_depth": 8.0, "min_child_weight": 4985.266463567125, "num_boost_round": 2.0, "subsample": 0.27226618693747345}, "datetime": {"datetime": "2024-01-20 16:34:23", "elapsed": 11355.113585, "delta": 0.008995}}
{"target": -10.47558149922148, "params": {"colsample_bytree": 0.2136949719076221, "eta": 0.06129652911740485, "gamma": 274.5843125788064, "max_depth": 8.0, "min_child_weight": 4985.266463567125, "num_boost_round": 3.0, "subsample": 0.27226618693747345}, "datetime": {"datetime": "2024-01-20 16:34:23", "elapsed": 11355.120591, "delta": 0.007006}}
{"target": -10.475406741637455, "params": {"colsample_bytree": 0.2136949719076221, "eta": 0.06129652911740485, "gamma": 274.5843125788064, "max_depth": 8.0, "min_child_weight": 4985.266463567125, "num_boost_round": 4.0, "subsample": 0.27226618693747345}, "datetime": {"datetime": "2024-01-20 16:34:23", "elapsed": 11355.127279, "delta": 0.006688}}
{"target": -10.47544316406092, "params": {"colsample_bytree": 0.2136949719076221, "eta": 0.06129652911740485, "gamma": 274.5843125788064, "max_depth": 8.0, "min_child_weight": 4985.266463567125, "num_boost_round": 5.0, "subsample": 0.27226618693747345}, "datetime": {"datetime": "2024-01-20 16:34:23", "elapsed": 11355.133844, "delta": 0.006565}}
{"target": -10.475598451216769, "params": {"colsample_bytree": 0.2136949719076221, "eta": 0.06129652911740485, "gamma": 274.5843125788064, "max_depth": 8.0, "min_child_weight": 4985.266463567125, "num_boost_round": 6.0, "subsample": 0.27226618693747345}, "datetime": {"datetime": "2024-01-20 16:34:23", "elapsed": 11355.157982, "delta": 0.024138}}
{"target": -10.475674041571617, "params": {"colsample_bytree": 0.2136949719076221, "eta": 0.06129652911740485, "gamma": 274.5843125788064, "max_depth": 8.0, "min_child_weight": 4985.266463567125, "num_boost_round": 7.0, "subsample": 0.27226618693747345}, "datetime": {"datetime": "2024-01-20 16:34:23", "elapsed": 11355.164791, "delta": 0.006809}}
{"target": -10.475530557673444, "params": {"colsample_bytree": 0.2136949719076221, "eta": 0.06129652911740485, "gamma": 274.5843125788064, "max_depth": 8.0, "min_child_weight": 4985.266463567125, "num_boost_round": 8.0, "subsample": 0.27226618693747345}, "datetime": {"datetime": "2024-01-20 16:34:23", "elapsed": 11355.171488, "delta": 0.006697}}
{"target": -10.475603855672817, "params": {"colsample_bytree": 0.2136949719076221, "eta": 0.06129652911740485, "gamma": 274.5843125788064, "max_depth": 8.0, "min_child_weight": 4985.266463567125, "num_boost_round": 9.0, "subsample": 0.27226618693747345}, "datetime": {"datetime": "2024-01-20 16:34:23", "elapsed": 11355.178186, "delta": 0.006698}}
{"target": -10.475701865833356, "params": {"colsample_bytree": 0.2136949719076221, "eta": 0.06129652911740485, "gamma": 274.5843125788064, "max_depth": 8.0, "min_child_weight": 4985.266463567125, "num_boost_round": 10.0, "subsample": 0.27226618693747345}, "datetime": {"datetime": "2024-01-20 16:34:23", "elapsed": 11355.184792, "delta": 0.006606}}
{"target": -10.475851658445261, "params": {"colsample_bytree": 0.2136949719076221, "eta": 0.06129652911740485, "gamma": 274.5843125788064, "max_depth": 8.0, "min_child_weight": 4985.266463567125, "num_boost_round": 11.0, "subsample": 0.27226618693747345}, "datetime": {"datetime": "2024-01-20 16:34:23", "elapsed": 11355.191999, "delta": 0.007207}}
{"target": -10.475998125771188, "params": {"colsample_bytree": 0.2136949719076221, "eta": 0.06129652911740485, "gamma": 274.5843125788064, "max_depth": 8.0, "min_child_weight": 4985.266463567125, "num_boost_round": 12.0, "subsample": 0.27226618693747345}, "datetime": {"datetime": "2024-01-20 16:34:23", "elapsed": 11355.199003, "delta": 0.007004}}
{"target": -10.476028425460399, "params": {"colsample_bytree": 0.2136949719076221, "eta": 0.06129652911740485, "gamma": 274.5843125788064, "max_depth": 8.0, "min_child_weight": 4985.266463567125, "num_boost_round": 13.0, "subsample": 0.27226618693747345}, "datetime": {"datetime": "2024-01-20 16:34:23", "elapsed": 11355.205767, "delta": 0.006764}}
{"target": -10.476197087300958, "params": {"colsample_bytree": 0.2136949719076221, "eta": 0.06129652911740485, "gamma": 274.5843125788064, "max_depth": 8.0, "min_child_weight": 4985.266463567125, "num_boost_round": 14.0, "subsample": 0.27226618693747345}, "datetime": {"datetime": "2024-01-20 16:34:23", "elapsed": 11355.212421, "delta": 0.006654}}
{"target": -10.47649897727668, "params": {"colsample_bytree": 0.2136949719076221, "eta": 0.06129652911740485, "gamma": 274.5843125788064, "max_depth": 8.0, "min_child_weight": 4985.266463567125, "num_boost_round": 15.0, "subsample": 0.27226618693747345}, "datetime": {"datetime": "2024-01-20 16:34:23", "elapsed": 11355.219117, "delta": 0.006696}}
{"target": -10.47680449556518, "params": {"colsample_bytree": 0.2136949719076221, "eta": 0.06129652911740485, "gamma": 274.5843125788064, "max_depth": 8.0, "min_child_weight": 4985.266463567125, "num_boost_round": 16.0, "subsample": 0.27226618693747345}, "datetime": {"datetime": "2024-01-20 16:34:23", "elapsed": 11355.225781, "delta": 0.006664}}
{"target": -10.477101098324544, "params": {"colsample_bytree": 0.2136949719076221, "eta": 0.06129652911740485, "gamma": 274.5843125788064, "max_depth": 8.0, "min_child_weight": 4985.266463567125, "num_boost_round": 17.0, "subsample": 0.27226618693747345}, "datetime": {"datetime": "2024-01-20 16:34:23", "elapsed": 11355.234129, "delta": 0.008348}}
{"target": -10.477297766909349, "params": {"colsample_bytree": 0.2136949719076221, "eta": 0.06129652911740485, "gamma": 274.5843125788064, "max_depth": 8.0, "min_child_weight": 4985.266463567125, "num_boost_round": 18.0, "subsample": 0.27226618693747345}, "datetime": {"datetime": "2024-01-20 16:34:23", "elapsed": 11355.241864, "delta": 0.007735}}
{"target": -10.477307187193151, "params": {"colsample_bytree": 0.2136949719076221, "eta": 0.06129652911740485, "gamma": 274.5843125788064, "max_depth": 8.0, "min_child_weight": 4985.266463567125, "num_boost_round": 19.0, "subsample": 0.27226618693747345}, "datetime": {"datetime": "2024-01-20 16:34:23", "elapsed": 11355.249155, "delta": 0.007291}}
{"target": -10.477303894701489, "params": {"colsample_bytree": 0.2136949719076221, "eta": 0.06129652911740485, "gamma": 274.5843125788064, "max_depth": 8.0, "min_child_weight": 4985.266463567125, "num_boost_round": 20.0, "subsample": 0.27226618693747345}, "datetime": {"datetime": "2024-01-20 16:34:23", "elapsed": 11355.256247, "delta": 0.007092}}
{"target": -10.477537633690904, "params": {"colsample_bytree": 0.2136949719076221, "eta": 0.06129652911740485, "gamma": 274.5843125788064, "max_depth": 8.0, "min_child_weight": 4985.266463567125, "num_boost_round": 21.0, "subsample": 0.27226618693747345}, "datetime": {"datetime": "2024-01-20 16:34:23", "elapsed": 11355.263013, "delta": 0.006766}}
{"target": -10.477451988997291, "params": {"colsample_bytree": 0.2136949719076221, "eta": 0.06129652911740485, "gamma": 274.5843125788064, "max_depth": 8.0, "min_child_weight": 4985.266463567125, "num_boost_round": 22.0, "subsample": 0.27226618693747345}, "datetime": {"datetime": "2024-01-20 16:34:23", "elapsed": 11355.270023, "delta": 0.00701}}
{"target": -10.477521219824578, "params": {"colsample_bytree": 0.2136949719076221, "eta": 0.06129652911740485, "gamma": 274.5843125788064, "max_depth": 8.0, "min_child_weight": 4985.266463567125, "num_boost_round": 23.0, "subsample": 0.27226618693747345}, "datetime": {"datetime": "2024-01-20 16:34:23", "elapsed": 11355.277394, "delta": 0.007371}}
{"target": -10.477356549368482, "params": {"colsample_bytree": 0.2136949719076221, "eta": 0.06129652911740485, "gamma": 274.5843125788064, "max_depth": 8.0, "min_child_weight": 4985.266463567125, "num_boost_round": 24.0, "subsample": 0.27226618693747345}, "datetime": {"datetime": "2024-01-20 16:34:23", "elapsed": 11355.284455, "delta": 0.007061}}
{"target": -10.477392642543897, "params": {"colsample_bytree": 0.2136949719076221, "eta": 0.06129652911740485, "gamma": 274.5843125788064, "max_depth": 8.0, "min_child_weight": 4985.266463567125, "num_boost_round": 25.0, "subsample": 0.27226618693747345}, "datetime": {"datetime": "2024-01-20 16:34:23", "elapsed": 11355.291339, "delta": 0.006884}}
{"target": -10.477525819781086, "params": {"colsample_bytree": 0.2136949719076221, "eta": 0.06129652911740485, "gamma": 274.5843125788064, "max_depth": 8.0, "min_child_weight": 4985.266463567125, "num_boost_round": 26.0, "subsample": 0.27226618693747345}, "datetime": {"datetime": "2024-01-20 16:34:23", "elapsed": 11355.298049, "delta": 0.00671}}
{"target": -10.477816249375666, "params": {"colsample_bytree": 0.2136949719076221, "eta": 0.06129652911740485, "gamma": 274.5843125788064, "max_depth": 8.0, "min_child_weight": 4985.266463567125, "num_boost_round": 27.0, "subsample": 0.27226618693747345}, "datetime": {"datetime": "2024-01-20 16:34:23", "elapsed": 11355.304679, "delta": 0.00663}}
{"target": -10.4779194469221, "params": {"colsample_bytree": 0.2136949719076221, "eta": 0.06129652911740485, "gamma": 274.5843125788064, "max_depth": 8.0, "min_child_weight": 4985.266463567125, "num_boost_round": 28.0, "subsample": 0.27226618693747345}, "datetime": {"datetime": "2024-01-20 16:34:23", "elapsed": 11355.311638, "delta": 0.006959}}
{"target": -10.477975420052319, "params": {"colsample_bytree": 0.2136949719076221, "eta": 0.06129652911740485, "gamma": 274.5843125788064, "max_depth": 8.0, "min_child_weight": 4985.266463567125, "num_boost_round": 29.0, "subsample": 0.27226618693747345}, "datetime": {"datetime": "2024-01-20 16:34:23", "elapsed": 11355.319002, "delta": 0.007364}}
{"target": -10.478200134933077, "params": {"colsample_bytree": 0.2136949719076221, "eta": 0.06129652911740485, "gamma": 274.5843125788064, "max_depth": 8.0, "min_child_weight": 4985.266463567125, "num_boost_round": 30.0, "subsample": 0.27226618693747345}, "datetime": {"datetime": "2024-01-20 16:34:23", "elapsed": 11355.326092, "delta": 0.00709}}
{"target": -10.478199487837527, "params": {"colsample_bytree": 0.2136949719076221, "eta": 0.06129652911740485, "gamma": 274.5843125788064, "max_depth": 8.0, "min_child_weight": 4985.266463567125, "num_boost_round": 31.0, "subsample": 0.27226618693747345}, "datetime": {"datetime": "2024-01-20 16:34:23", "elapsed": 11355.332883, "delta": 0.006791}}
{"target": -10.478548750914168, "params": {"colsample_bytree": 0.2136949719076221, "eta": 0.06129652911740485, "gamma": 274.5843125788064, "max_depth": 8.0, "min_child_weight": 4985.266463567125, "num_boost_round": 32.0, "subsample": 0.27226618693747345}, "datetime": {"datetime": "2024-01-20 16:34:23", "elapsed": 11355.33972, "delta": 0.006837}}
{"target": -10.47842822737606, "params": {"colsample_bytree": 0.2136949719076221, "eta": 0.06129652911740485, "gamma": 274.5843125788064, "max_depth": 8.0, "min_child_weight": 4985.266463567125, "num_boost_round": 33.0, "subsample": 0.27226618693747345}, "datetime": {"datetime": "2024-01-20 16:34:23", "elapsed": 11355.346403, "delta": 0.006683}}
{"target": -10.478295750300052, "params": {"colsample_bytree": 0.2136949719076221, "eta": 0.06129652911740485, "gamma": 274.5843125788064, "max_depth": 8.0, "min_child_weight": 4985.266463567125, "num_boost_round": 34.0, "subsample": 0.27226618693747345}, "datetime": {"datetime": "2024-01-20 16:34:23", "elapsed": 11355.353053, "delta": 0.00665}}
{"target": -10.478668760843185, "params": {"colsample_bytree": 0.2136949719076221, "eta": 0.06129652911740485, "gamma": 274.5843125788064, "max_depth": 8.0, "min_child_weight": 4985.266463567125, "num_boost_round": 35.0, "subsample": 0.27226618693747345}, "datetime": {"datetime": "2024-01-20 16:34:23", "elapsed": 11355.360392, "delta": 0.007339}}
{"target": -10.478705742470154, "params": {"colsample_bytree": 0.2136949719076221, "eta": 0.06129652911740485, "gamma": 274.5843125788064, "max_depth": 8.0, "min_child_weight": 4985.266463567125, "num_boost_round": 36.0, "subsample": 0.27226618693747345}, "datetime": {"datetime": "2024-01-20 16:34:23", "elapsed": 11355.367547, "delta": 0.007155}}
{"target": -10.47873521783275, "params": {"colsample_bytree": 0.2136949719076221, "eta": 0.06129652911740485, "gamma": 274.5843125788064, "max_depth": 8.0, "min_child_weight": 4985.266463567125, "num_boost_round": 37.0, "subsample": 0.27226618693747345}, "datetime": {"datetime": "2024-01-20 16:34:23", "elapsed": 11355.374357, "delta": 0.00681}}
{"target": -10.478846116064982, "params": {"colsample_bytree": 0.2136949719076221, "eta": 0.06129652911740485, "gamma": 274.5843125788064, "max_depth": 8.0, "min_child_weight": 4985.266463567125, "num_boost_round": 38.0, "subsample": 0.27226618693747345}, "datetime": {"datetime": "2024-01-20 16:34:23", "elapsed": 11355.381061, "delta": 0.006704}}
{"target": -10.479342608486903, "params": {"colsample_bytree": 0.2136949719076221, "eta": 0.06129652911740485, "gamma": 274.5843125788064, "max_depth": 8.0, "min_child_weight": 4985.266463567125, "num_boost_round": 39.0, "subsample": 0.27226618693747345}, "datetime": {"datetime": "2024-01-20 16:34:23", "elapsed": 11355.387832, "delta": 0.006771}}
{"target": -10.47954293829271, "params": {"colsample_bytree": 0.2136949719076221, "eta": 0.06129652911740485, "gamma": 274.5843125788064, "max_depth": 8.0, "min_child_weight": 4985.266463567125, "num_boost_round": 40.0, "subsample": 0.27226618693747345}, "datetime": {"datetime": "2024-01-20 16:34:23", "elapsed": 11355.394544, "delta": 0.006712}}
{"target": -10.479491930605253, "params": {"colsample_bytree": 0.2136949719076221, "eta": 0.06129652911740485, "gamma": 274.5843125788064, "max_depth": 8.0, "min_child_weight": 4985.266463567125, "num_boost_round": 41.0, "subsample": 0.27226618693747345}, "datetime": {"datetime": "2024-01-20 16:34:23", "elapsed": 11355.402014, "delta": 0.00747}}
{"target": -10.479627609340422, "params": {"colsample_bytree": 0.2136949719076221, "eta": 0.06129652911740485, "gamma": 274.5843125788064, "max_depth": 8.0, "min_child_weight": 4985.266463567125, "num_boost_round": 42.0, "subsample": 0.27226618693747345}, "datetime": {"datetime": "2024-01-20 16:34:23", "elapsed": 11355.409161, "delta": 0.007147}}
{"target": -10.47983288251368, "params": {"colsample_bytree": 0.2136949719076221, "eta": 0.06129652911740485, "gamma": 274.5843125788064, "max_depth": 8.0, "min_child_weight": 4985.266463567125, "num_boost_round": 43.0, "subsample": 0.27226618693747345}, "datetime": {"datetime": "2024-01-20 16:34:23", "elapsed": 11355.416102, "delta": 0.006941}}
{"target": -10.479951019055779, "params": {"colsample_bytree": 0.2136949719076221, "eta": 0.06129652911740485, "gamma": 274.5843125788064, "max_depth": 8.0, "min_child_weight": 4985.266463567125, "num_boost_round": 44.0, "subsample": 0.27226618693747345}, "datetime": {"datetime": "2024-01-20 16:34:23", "elapsed": 11355.422661, "delta": 0.006559}}
{"target": -10.48005854200867, "params": {"colsample_bytree": 0.2136949719076221, "eta": 0.06129652911740485, "gamma": 274.5843125788064, "max_depth": 8.0, "min_child_weight": 4985.266463567125, "num_boost_round": 45.0, "subsample": 0.27226618693747345}, "datetime": {"datetime": "2024-01-20 16:34:23", "elapsed": 11355.429324, "delta": 0.006663}}
{"target": -10.480172535132398, "params": {"colsample_bytree": 0.2136949719076221, "eta": 0.06129652911740485, "gamma": 274.5843125788064, "max_depth": 8.0, "min_child_weight": 4985.266463567125, "num_boost_round": 46.0, "subsample": 0.27226618693747345}, "datetime": {"datetime": "2024-01-20 16:34:23", "elapsed": 11355.436157, "delta": 0.006833}}
{"target": -10.480196062867225, "params": {"colsample_bytree": 0.2136949719076221, "eta": 0.06129652911740485, "gamma": 274.5843125788064, "max_depth": 8.0, "min_child_weight": 4985.266463567125, "num_boost_round": 47.0, "subsample": 0.27226618693747345}, "datetime": {"datetime": "2024-01-20 16:34:23", "elapsed": 11355.443325, "delta": 0.007168}}
{"target": -10.480168035748296, "params": {"colsample_bytree": 0.2136949719076221, "eta": 0.06129652911740485, "gamma": 274.5843125788064, "max_depth": 8.0, "min_child_weight": 4985.266463567125, "num_boost_round": 48.0, "subsample": 0.27226618693747345}, "datetime": {"datetime": "2024-01-20 16:34:23", "elapsed": 11355.450347, "delta": 0.007022}}
{"target": -10.480201463513271, "params": {"colsample_bytree": 0.2136949719076221, "eta": 0.06129652911740485, "gamma": 274.5843125788064, "max_depth": 8.0, "min_child_weight": 4985.266463567125, "num_boost_round": 49.0, "subsample": 0.27226618693747345}, "datetime": {"datetime": "2024-01-20 16:34:23", "elapsed": 11355.457392, "delta": 0.007045}}
{"target": -10.480286225291199, "params": {"colsample_bytree": 0.2136949719076221, "eta": 0.06129652911740485, "gamma": 274.5843125788064, "max_depth": 8.0, "min_child_weight": 4985.266463567125, "num_boost_round": 50.0, "subsample": 0.27226618693747345}, "datetime": {"datetime": "2024-01-20 16:34:23", "elapsed": 11355.464408, "delta": 0.007016}}
{"target": -10.480464049500583, "params": {"colsample_bytree": 0.2136949719076221, "eta": 0.06129652911740485, "gamma": 274.5843125788064, "max_depth": 8.0, "min_child_weight": 4985.266463567125, "num_boost_round": 51.0, "subsample": 0.27226618693747345}, "datetime": {"datetime": "2024-01-20 16:34:23", "elapsed": 11355.471718, "delta": 0.00731}}
