{"target": -10.476083249549603, "params": {"colsample_bytree": 0.3982712199003905, "eta": 0.00869265487708802, "gamma": 384.8193597692968, "max_depth": 2.0, "min_child_weight": 4252.466813426124, "num_boost_round": 2.0, "subsample": 0.6129040320857855}, "datetime": {"datetime": "2024-01-20 13:35:27", "elapsed": 620.028675, "delta": 0.002644}}
{"target": -10.476074512828163, "params": {"colsample_bytree": 0.3982712199003905, "eta": 0.00869265487708802, "gamma": 384.8193597692968, "max_depth": 2.0, "min_child_weight": 4252.466813426124, "num_boost_round": 3.0, "subsample": 0.6129040320857855}, "datetime": {"datetime": "2024-01-20 13:35:27", "elapsed": 620.029921, "delta": 0.001246}}
{"target": -10.476030742011659, "params": {"colsample_bytree": 0.3982712199003905, "eta": 0.00869265487708802, "gamma": 384.8193597692968, "max_depth": 2.0, "min_child_weight": 4252.466813426124, "num_boost_round": 4.0, "subsample": 0.6129040320857855}, "datetime": {"datetime": "2024-01-20 13:35:27", "elapsed": 620.031, "delta": 0.001079}}
{"target": -10.47598805838535, "params": {"colsample_bytree": 0.3982712199003905, "eta": 0.00869265487708802, "gamma": 384.8193597692968, "max_depth": 2.0, "min_child_weight": 4252.466813426124, "num_boost_round": 5.0, "subsample": 0.6129040320857855}, "datetime": {"datetime": "2024-01-20 13:35:27", "elapsed": 620.032066, "delta": 0.001066}}
{"target": -10.476013557730482, "params": {"colsample_bytree": 0.3982712199003905, "eta": 0.00869265487708802, "gamma": 384.8193597692968, "max_depth": 2.0, "min_child_weight": 4252.466813426124, "num_boost_round": 6.0, "subsample": 0.6129040320857855}, "datetime": {"datetime": "2024-01-20 13:35:27", "elapsed": 620.033137, "delta": 0.001071}}
{"target": -10.476025420694638, "params": {"colsample_bytree": 0.3982712199003905, "eta": 0.00869265487708802, "gamma": 384.8193597692968, "max_depth": 2.0, "min_child_weight": 4252.466813426124, "num_boost_round": 7.0, "subsample": 0.6129040320857855}, "datetime": {"datetime": "2024-01-20 13:35:27", "elapsed": 620.03424, "delta": 0.001103}}
{"target": -10.476026038814927, "params": {"colsample_bytree": 0.3982712199003905, "eta": 0.00869265487708802, "gamma": 384.8193597692968, "max_depth": 2.0, "min_child_weight": 4252.466813426124, "num_boost_round": 8.0, "subsample": 0.6129040320857855}, "datetime": {"datetime": "2024-01-20 13:35:27", "elapsed": 620.035308, "delta": 0.001068}}
{"target": -10.476035170030883, "params": {"colsample_bytree": 0.3982712199003905, "eta": 0.00869265487708802, "gamma": 384.8193597692968, "max_depth": 2.0, "min_child_weight": 4252.466813426124, "num_boost_round": 9.0, "subsample": 0.6129040320857855}, "datetime": {"datetime": "2024-01-20 13:35:27", "elapsed": 620.036776, "delta": 0.001468}}
{"target": -10.476043371699351, "params": {"colsample_bytree": 0.3982712199003905, "eta": 0.00869265487708802, "gamma": 384.8193597692968, "max_depth": 2.0, "min_child_weight": 4252.466813426124, "num_boost_round": 10.0, "subsample": 0.6129040320857855}, "datetime": {"datetime": "2024-01-20 13:35:27", "elapsed": 620.037924, "delta": 0.001148}}
{"target": -10.476065503897317, "params": {"colsample_bytree": 0.3982712199003905, "eta": 0.00869265487708802, "gamma": 384.8193597692968, "max_depth": 2.0, "min_child_weight": 4252.466813426124, "num_boost_round": 11.0, "subsample": 0.6129040320857855}, "datetime": {"datetime": "2024-01-20 13:35:27", "elapsed": 620.038992, "delta": 0.001068}}
{"target": -10.476065505690704, "params": {"colsample_bytree": 0.3982712199003905, "eta": 0.00869265487708802, "gamma": 384.8193597692968, "max_depth": 2.0, "min_child_weight": 4252.466813426124, "num_boost_round": 12.0, "subsample": 0.6129040320857855}, "datetime": {"datetime": "2024-01-20 13:35:27", "elapsed": 620.040051, "delta": 0.001059}}
{"target": -10.476065502350764, "params": {"colsample_bytree": 0.3982712199003905, "eta": 0.00869265487708802, "gamma": 384.8193597692968, "max_depth": 2.0, "min_child_weight": 4252.466813426124, "num_boost_round": 13.0, "subsample": 0.6129040320857855}, "datetime": {"datetime": "2024-01-20 13:35:27", "elapsed": 620.041123, "delta": 0.001072}}
{"target": -10.47602304645025, "params": {"colsample_bytree": 0.3982712199003905, "eta": 0.00869265487708802, "gamma": 384.8193597692968, "max_depth": 2.0, "min_child_weight": 4252.466813426124, "num_boost_round": 14.0, "subsample": 0.6129040320857855}, "datetime": {"datetime": "2024-01-20 13:35:28", "elapsed": 620.042182, "delta": 0.001059}}
{"target": -10.476036713615382, "params": {"colsample_bytree": 0.3982712199003905, "eta": 0.00869265487708802, "gamma": 384.8193597692968, "max_depth": 2.0, "min_child_weight": 4252.466813426124, "num_boost_round": 15.0, "subsample": 0.6129040320857855}, "datetime": {"datetime": "2024-01-20 13:35:28", "elapsed": 620.043234, "delta": 0.001052}}
{"target": -10.476045804631916, "params": {"colsample_bytree": 0.3982712199003905, "eta": 0.00869265487708802, "gamma": 384.8193597692968, "max_depth": 2.0, "min_child_weight": 4252.466813426124, "num_boost_round": 16.0, "subsample": 0.6129040320857855}, "datetime": {"datetime": "2024-01-20 13:35:28", "elapsed": 620.0443, "delta": 0.001066}}
{"target": -10.476064516870402, "params": {"colsample_bytree": 0.3982712199003905, "eta": 0.00869265487708802, "gamma": 384.8193597692968, "max_depth": 2.0, "min_child_weight": 4252.466813426124, "num_boost_round": 17.0, "subsample": 0.6129040320857855}, "datetime": {"datetime": "2024-01-20 13:35:28", "elapsed": 620.045366, "delta": 0.001066}}
{"target": -10.476072493687465, "params": {"colsample_bytree": 0.3982712199003905, "eta": 0.00869265487708802, "gamma": 384.8193597692968, "max_depth": 2.0, "min_child_weight": 4252.466813426124, "num_boost_round": 18.0, "subsample": 0.6129040320857855}, "datetime": {"datetime": "2024-01-20 13:35:28", "elapsed": 620.046419, "delta": 0.001053}}
{"target": -10.476073305472571, "params": {"colsample_bytree": 0.3982712199003905, "eta": 0.00869265487708802, "gamma": 384.8193597692968, "max_depth": 2.0, "min_child_weight": 4252.466813426124, "num_boost_round": 19.0, "subsample": 0.6129040320857855}, "datetime": {"datetime": "2024-01-20 13:35:28", "elapsed": 620.047482, "delta": 0.001063}}
{"target": -10.476032657791173, "params": {"colsample_bytree": 0.3982712199003905, "eta": 0.00869265487708802, "gamma": 384.8193597692968, "max_depth": 2.0, "min_child_weight": 4252.466813426124, "num_boost_round": 20.0, "subsample": 0.6129040320857855}, "datetime": {"datetime": "2024-01-20 13:35:28", "elapsed": 620.048553, "delta": 0.001071}}
{"target": -10.476060579329289, "params": {"colsample_bytree": 0.3982712199003905, "eta": 0.00869265487708802, "gamma": 384.8193597692968, "max_depth": 2.0, "min_child_weight": 4252.466813426124, "num_boost_round": 21.0, "subsample": 0.6129040320857855}, "datetime": {"datetime": "2024-01-20 13:35:28", "elapsed": 620.049652, "delta": 0.001099}}
{"target": -10.476050927014766, "params": {"colsample_bytree": 0.3982712199003905, "eta": 0.00869265487708802, "gamma": 384.8193597692968, "max_depth": 2.0, "min_child_weight": 4252.466813426124, "num_boost_round": 22.0, "subsample": 0.6129040320857855}, "datetime": {"datetime": "2024-01-20 13:35:28", "elapsed": 620.050714, "delta": 0.001062}}
{"target": -10.476066909034763, "params": {"colsample_bytree": 0.3982712199003905, "eta": 0.00869265487708802, "gamma": 384.8193597692968, "max_depth": 2.0, "min_child_weight": 4252.466813426124, "num_boost_round": 23.0, "subsample": 0.6129040320857855}, "datetime": {"datetime": "2024-01-20 13:35:28", "elapsed": 620.051776, "delta": 0.001062}}
{"target": -10.476081922903592, "params": {"colsample_bytree": 0.3982712199003905, "eta": 0.00869265487708802, "gamma": 384.8193597692968, "max_depth": 2.0, "min_child_weight": 4252.466813426124, "num_boost_round": 24.0, "subsample": 0.6129040320857855}, "datetime": {"datetime": "2024-01-20 13:35:28", "elapsed": 620.052838, "delta": 0.001062}}
{"target": -10.476081435984284, "params": {"colsample_bytree": 0.3982712199003905, "eta": 0.00869265487708802, "gamma": 384.8193597692968, "max_depth": 2.0, "min_child_weight": 4252.466813426124, "num_boost_round": 25.0, "subsample": 0.6129040320857855}, "datetime": {"datetime": "2024-01-20 13:35:28", "elapsed": 620.053898, "delta": 0.00106}}
{"target": -10.47606713430827, "params": {"colsample_bytree": 0.3982712199003905, "eta": 0.00869265487708802, "gamma": 384.8193597692968, "max_depth": 2.0, "min_child_weight": 4252.466813426124, "num_boost_round": 26.0, "subsample": 0.6129040320857855}, "datetime": {"datetime": "2024-01-20 13:35:28", "elapsed": 620.054963, "delta": 0.001065}}
{"target": -10.476119301053581, "params": {"colsample_bytree": 0.42466669678448077, "eta": 0.017425009445514533, "gamma": 324.7269584551909, "max_depth": 2.0, "min_child_weight": 4305.009501124864, "num_boost_round": 1.0, "subsample": 0.5617339832792275}, "datetime": {"datetime": "2024-01-20 13:36:04", "elapsed": 656.488644, "delta": 36.433681}}
{"target": -10.476037761334828, "params": {"colsample_bytree": 0.42466669678448077, "eta": 0.017425009445514533, "gamma": 324.7269584551909, "max_depth": 2.0, "min_child_weight": 4305.009501124864, "num_boost_round": 2.0, "subsample": 0.5617339832792275}, "datetime": {"datetime": "2024-01-20 13:36:04", "elapsed": 656.49016, "delta": 0.001516}}
{"target": -10.476015453951698, "params": {"colsample_bytree": 0.42466669678448077, "eta": 0.017425009445514533, "gamma": 324.7269584551909, "max_depth": 2.0, "min_child_weight": 4305.009501124864, "num_boost_round": 3.0, "subsample": 0.5617339832792275}, "datetime": {"datetime": "2024-01-20 13:36:04", "elapsed": 656.491419, "delta": 0.001259}}
{"target": -10.475982686193614, "params": {"colsample_bytree": 0.42466669678448077, "eta": 0.017425009445514533, "gamma": 324.7269584551909, "max_depth": 2.0, "min_child_weight": 4305.009501124864, "num_boost_round": 4.0, "subsample": 0.5617339832792275}, "datetime": {"datetime": "2024-01-20 13:36:04", "elapsed": 656.492526, "delta": 0.001107}}
{"target": -10.475879888057328, "params": {"colsample_bytree": 0.42466669678448077, "eta": 0.017425009445514533, "gamma": 324.7269584551909, "max_depth": 2.0, "min_child_weight": 4305.009501124864, "num_boost_round": 5.0, "subsample": 0.5617339832792275}, "datetime": {"datetime": "2024-01-20 13:36:04", "elapsed": 656.493632, "delta": 0.001106}}
{"target": -10.475935781128495, "params": {"colsample_bytree": 0.42466669678448077, "eta": 0.017425009445514533, "gamma": 324.7269584551909, "max_depth": 2.0, "min_child_weight": 4305.009501124864, "num_boost_round": 6.0, "subsample": 0.5617339832792275}, "datetime": {"datetime": "2024-01-20 13:36:04", "elapsed": 656.494751, "delta": 0.001119}}
{"target": -10.475979381472872, "params": {"colsample_bytree": 0.42466669678448077, "eta": 0.017425009445514533, "gamma": 324.7269584551909, "max_depth": 2.0, "min_child_weight": 4305.009501124864, "num_boost_round": 7.0, "subsample": 0.5617339832792275}, "datetime": {"datetime": "2024-01-20 13:36:04", "elapsed": 656.49591, "delta": 0.001159}}
{"target": -10.47593535846654, "params": {"colsample_bytree": 0.42466669678448077, "eta": 0.017425009445514533, "gamma": 324.7269584551909, "max_depth": 2.0, "min_child_weight": 4305.009501124864, "num_boost_round": 8.0, "subsample": 0.5617339832792275}, "datetime": {"datetime": "2024-01-20 13:36:04", "elapsed": 656.497114, "delta": 0.001204}}
{"target": -10.475987363757735, "params": {"colsample_bytree": 0.42466669678448077, "eta": 0.017425009445514533, "gamma": 324.7269584551909, "max_depth": 2.0, "min_child_weight": 4305.009501124864, "num_boost_round": 9.0, "subsample": 0.5617339832792275}, "datetime": {"datetime": "2024-01-20 13:36:04", "elapsed": 656.498287, "delta": 0.001173}}
{"target": -10.476020013795793, "params": {"colsample_bytree": 0.42466669678448077, "eta": 0.017425009445514533, "gamma": 324.7269584551909, "max_depth": 2.0, "min_child_weight": 4305.009501124864, "num_boost_round": 10.0, "subsample": 0.5617339832792275}, "datetime": {"datetime": "2024-01-20 13:36:04", "elapsed": 656.499379, "delta": 0.001092}}
{"target": -10.476095644612265, "params": {"colsample_bytree": 0.42466669678448077, "eta": 0.017425009445514533, "gamma": 324.7269584551909, "max_depth": 2.0, "min_child_weight": 4305.009501124864, "num_boost_round": 11.0, "subsample": 0.5617339832792275}, "datetime": {"datetime": "2024-01-20 13:36:04", "elapsed": 656.500479, "delta": 0.0011}}
{"target": -10.476158858794536, "params": {"colsample_bytree": 0.42466669678448077, "eta": 0.017425009445514533, "gamma": 324.7269584551909, "max_depth": 2.0, "min_child_weight": 4305.009501124864, "num_boost_round": 12.0, "subsample": 0.5617339832792275}, "datetime": {"datetime": "2024-01-20 13:36:04", "elapsed": 656.50175, "delta": 0.001271}}
{"target": -10.476241612077754, "params": {"colsample_bytree": 0.42466669678448077, "eta": 0.017425009445514533, "gamma": 324.7269584551909, "max_depth": 2.0, "min_child_weight": 4305.009501124864, "num_boost_round": 13.0, "subsample": 0.5617339832792275}, "datetime": {"datetime": "2024-01-20 13:36:04", "elapsed": 656.502872, "delta": 0.001122}}
{"target": -10.476230713817117, "params": {"colsample_bytree": 0.42466669678448077, "eta": 0.017425009445514533, "gamma": 324.7269584551909, "max_depth": 2.0, "min_child_weight": 4305.009501124864, "num_boost_round": 14.0, "subsample": 0.5617339832792275}, "datetime": {"datetime": "2024-01-20 13:36:04", "elapsed": 656.503992, "delta": 0.00112}}
{"target": -10.476257937594966, "params": {"colsample_bytree": 0.42466669678448077, "eta": 0.017425009445514533, "gamma": 324.7269584551909, "max_depth": 2.0, "min_child_weight": 4305.009501124864, "num_boost_round": 15.0, "subsample": 0.5617339832792275}, "datetime": {"datetime": "2024-01-20 13:36:04", "elapsed": 656.505107, "delta": 0.001115}}
{"target": -10.476277035636217, "params": {"colsample_bytree": 0.42466669678448077, "eta": 0.017425009445514533, "gamma": 324.7269584551909, "max_depth": 2.0, "min_child_weight": 4305.009501124864, "num_boost_round": 16.0, "subsample": 0.5617339832792275}, "datetime": {"datetime": "2024-01-20 13:36:04", "elapsed": 656.506225, "delta": 0.001118}}
{"target": -10.476338272933642, "params": {"colsample_bytree": 0.42466669678448077, "eta": 0.017425009445514533, "gamma": 324.7269584551909, "max_depth": 2.0, "min_child_weight": 4305.009501124864, "num_boost_round": 17.0, "subsample": 0.5617339832792275}, "datetime": {"datetime": "2024-01-20 13:36:04", "elapsed": 656.507352, "delta": 0.001127}}
{"target": -10.476308762509031, "params": {"colsample_bytree": 0.42466669678448077, "eta": 0.017425009445514533, "gamma": 324.7269584551909, "max_depth": 2.0, "min_child_weight": 4305.009501124864, "num_boost_round": 18.0, "subsample": 0.5617339832792275}, "datetime": {"datetime": "2024-01-20 13:36:04", "elapsed": 656.508483, "delta": 0.001131}}
{"target": -10.476340868085686, "params": {"colsample_bytree": 0.42466669678448077, "eta": 0.017425009445514533, "gamma": 324.7269584551909, "max_depth": 2.0, "min_child_weight": 4305.009501124864, "num_boost_round": 19.0, "subsample": 0.5617339832792275}, "datetime": {"datetime": "2024-01-20 13:36:04", "elapsed": 656.509742, "delta": 0.001259}}
{"target": -10.476334756164281, "params": {"colsample_bytree": 0.42466669678448077, "eta": 0.017425009445514533, "gamma": 324.7269584551909, "max_depth": 2.0, "min_child_weight": 4305.009501124864, "num_boost_round": 20.0, "subsample": 0.5617339832792275}, "datetime": {"datetime": "2024-01-20 13:36:04", "elapsed": 656.51104, "delta": 0.001298}}
{"target": -10.47639164578724, "params": {"colsample_bytree": 0.42466669678448077, "eta": 0.017425009445514533, "gamma": 324.7269584551909, "max_depth": 2.0, "min_child_weight": 4305.009501124864, "num_boost_round": 21.0, "subsample": 0.5617339832792275}, "datetime": {"datetime": "2024-01-20 13:36:04", "elapsed": 656.512266, "delta": 0.001226}}
{"target": -10.47639457204704, "params": {"colsample_bytree": 0.42466669678448077, "eta": 0.017425009445514533, "gamma": 324.7269584551909, "max_depth": 2.0, "min_child_weight": 4305.009501124864, "num_boost_round": 22.0, "subsample": 0.5617339832792275}, "datetime": {"datetime": "2024-01-20 13:36:04", "elapsed": 656.513496, "delta": 0.00123}}
{"target": -10.476398827574204, "params": {"colsample_bytree": 0.42466669678448077, "eta": 0.017425009445514533, "gamma": 324.7269584551909, "max_depth": 2.0, "min_child_weight": 4305.009501124864, "num_boost_round": 23.0, "subsample": 0.5617339832792275}, "datetime": {"datetime": "2024-01-20 13:36:04", "elapsed": 656.514641, "delta": 0.001145}}
{"target": -10.476427288648757, "params": {"colsample_bytree": 0.42466669678448077, "eta": 0.017425009445514533, "gamma": 324.7269584551909, "max_depth": 2.0, "min_child_weight": 4305.009501124864, "num_boost_round": 24.0, "subsample": 0.5617339832792275}, "datetime": {"datetime": "2024-01-20 13:36:04", "elapsed": 656.51579, "delta": 0.001149}}
{"target": -10.476491676551625, "params": {"colsample_bytree": 0.42466669678448077, "eta": 0.017425009445514533, "gamma": 324.7269584551909, "max_depth": 2.0, "min_child_weight": 4305.009501124864, "num_boost_round": 25.0, "subsample": 0.5617339832792275}, "datetime": {"datetime": "2024-01-20 13:36:04", "elapsed": 656.516921, "delta": 0.001131}}
{"target": -10.476471637380246, "params": {"colsample_bytree": 0.42466669678448077, "eta": 0.017425009445514533, "gamma": 324.7269584551909, "max_depth": 2.0, "min_child_weight": 4305.009501124864, "num_boost_round": 26.0, "subsample": 0.5617339832792275}, "datetime": {"datetime": "2024-01-20 13:36:04", "elapsed": 656.518073, "delta": 0.001152}}
{"target": -10.476616683208057, "params": {"colsample_bytree": 0.42466669678448077, "eta": 0.017425009445514533, "gamma": 324.7269584551909, "max_depth": 2.0, "min_child_weight": 4305.009501124864, "num_boost_round": 27.0, "subsample": 0.5617339832792275}, "datetime": {"datetime": "2024-01-20 13:36:04", "elapsed": 656.519303, "delta": 0.00123}}
{"target": -10.476649537033712, "params": {"colsample_bytree": 0.42466669678448077, "eta": 0.017425009445514533, "gamma": 324.7269584551909, "max_depth": 2.0, "min_child_weight": 4305.009501124864, "num_boost_round": 28.0, "subsample": 0.5617339832792275}, "datetime": {"datetime": "2024-01-20 13:36:04", "elapsed": 656.520503, "delta": 0.0012}}
{"target": -10.476699854557925, "params": {"colsample_bytree": 0.42466669678448077, "eta": 0.017425009445514533, "gamma": 324.7269584551909, "max_depth": 2.0, "min_child_weight": 4305.009501124864, "num_boost_round": 29.0, "subsample": 0.5617339832792275}, "datetime": {"datetime": "2024-01-20 13:36:04", "elapsed": 656.521699, "delta": 0.001196}}
{"target": -10.476681291547596, "params": {"colsample_bytree": 0.42466669678448077, "eta": 0.017425009445514533, "gamma": 324.7269584551909, "max_depth": 2.0, "min_child_weight": 4305.009501124864, "num_boost_round": 30.0, "subsample": 0.5617339832792275}, "datetime": {"datetime": "2024-01-20 13:36:04", "elapsed": 656.522887, "delta": 0.001188}}
{"target": -10.47671631482833, "params": {"colsample_bytree": 0.42466669678448077, "eta": 0.017425009445514533, "gamma": 324.7269584551909, "max_depth": 2.0, "min_child_weight": 4305.009501124864, "num_boost_round": 31.0, "subsample": 0.5617339832792275}, "datetime": {"datetime": "2024-01-20 13:36:04", "elapsed": 656.524071, "delta": 0.001184}}
{"target": -10.476763691912222, "params": {"colsample_bytree": 0.42466669678448077, "eta": 0.017425009445514533, "gamma": 324.7269584551909, "max_depth": 2.0, "min_child_weight": 4305.009501124864, "num_boost_round": 32.0, "subsample": 0.5617339832792275}, "datetime": {"datetime": "2024-01-20 13:36:04", "elapsed": 656.525269, "delta": 0.001198}}
{"target": -10.476706651712549, "params": {"colsample_bytree": 0.42466669678448077, "eta": 0.017425009445514533, "gamma": 324.7269584551909, "max_depth": 2.0, "min_child_weight": 4305.009501124864, "num_boost_round": 33.0, "subsample": 0.5617339832792275}, "datetime": {"datetime": "2024-01-20 13:36:04", "elapsed": 656.526488, "delta": 0.001219}}
{"target": -10.476669482308298, "params": {"colsample_bytree": 0.42466669678448077, "eta": 0.017425009445514533, "gamma": 324.7269584551909, "max_depth": 2.0, "min_child_weight": 4305.009501124864, "num_boost_round": 34.0, "subsample": 0.5617339832792275}, "datetime": {"datetime": "2024-01-20 13:36:04", "elapsed": 656.527685, "delta": 0.001197}}
{"target": -10.476727304716114, "params": {"colsample_bytree": 0.42466669678448077, "eta": 0.017425009445514533, "gamma": 324.7269584551909, "max_depth": 2.0, "min_child_weight": 4305.009501124864, "num_boost_round": 35.0, "subsample": 0.5617339832792275}, "datetime": {"datetime": "2024-01-20 13:36:04", "elapsed": 656.528906, "delta": 0.001221}}
{"target": -10.476750857368607, "params": {"colsample_bytree": 0.42466669678448077, "eta": 0.017425009445514533, "gamma": 324.7269584551909, "max_depth": 2.0, "min_child_weight": 4305.009501124864, "num_boost_round": 36.0, "subsample": 0.5617339832792275}, "datetime": {"datetime": "2024-01-20 13:36:04", "elapsed": 656.530107, "delta": 0.001201}}
{"target": -10.476837901239906, "params": {"colsample_bytree": 0.42466669678448077, "eta": 0.017425009445514533, "gamma": 324.7269584551909, "max_depth": 2.0, "min_child_weight": 4305.009501124864, "num_boost_round": 37.0, "subsample": 0.5617339832792275}, "datetime": {"datetime": "2024-01-20 13:36:04", "elapsed": 656.531308, "delta": 0.001201}}
{"target": -10.476832154110332, "params": {"colsample_bytree": 0.42466669678448077, "eta": 0.017425009445514533, "gamma": 324.7269584551909, "max_depth": 2.0, "min_child_weight": 4305.009501124864, "num_boost_round": 38.0, "subsample": 0.5617339832792275}, "datetime": {"datetime": "2024-01-20 13:36:04", "elapsed": 656.532506, "delta": 0.001198}}
