{"target": -13.50592501965144, "params": {"colsample_bytree": 0.6554585669295439, "eta": 0.02033042822951127, "gamma": 580.9171149250791, "max_depth": 4.0, "min_child_weight": 4091.3265142515725, "num_boost_round": 117.0, "subsample": 0.8528511404875531}, "datetime": {"datetime": "2024-01-20 14:28:33", "elapsed": 266.880659, "delta": 0.000768}}
{"target": -13.505842058883822, "params": {"colsample_bytree": 0.6554585669295439, "eta": 0.02033042822951127, "gamma": 580.9171149250791, "max_depth": 4.0, "min_child_weight": 4091.3265142515725, "num_boost_round": 118.0, "subsample": 0.8528511404875531}, "datetime": {"datetime": "2024-01-20 14:28:33", "elapsed": 266.881437, "delta": 0.000778}}
{"target": -13.505747248004282, "params": {"colsample_bytree": 0.6554585669295439, "eta": 0.02033042822951127, "gamma": 580.9171149250791, "max_depth": 4.0, "min_child_weight": 4091.3265142515725, "num_boost_round": 119.0, "subsample": 0.8528511404875531}, "datetime": {"datetime": "2024-01-20 14:28:33", "elapsed": 266.882225, "delta": 0.000788}}
{"target": -13.505814830787145, "params": {"colsample_bytree": 0.6554585669295439, "eta": 0.02033042822951127, "gamma": 580.9171149250791, "max_depth": 4.0, "min_child_weight": 4091.3265142515725, "num_boost_round": 120.0, "subsample": 0.8528511404875531}, "datetime": {"datetime": "2024-01-20 14:28:33", "elapsed": 266.883009, "delta": 0.000784}}
{"target": -13.50585386151999, "params": {"colsample_bytree": 0.6554585669295439, "eta": 0.02033042822951127, "gamma": 580.9171149250791, "max_depth": 4.0, "min_child_weight": 4091.3265142515725, "num_boost_round": 121.0, "subsample": 0.8528511404875531}, "datetime": {"datetime": "2024-01-20 14:28:33", "elapsed": 266.883785, "delta": 0.000776}}
{"target": -13.505937473140596, "params": {"colsample_bytree": 0.6554585669295439, "eta": 0.02033042822951127, "gamma": 580.9171149250791, "max_depth": 4.0, "min_child_weight": 4091.3265142515725, "num_boost_round": 122.0, "subsample": 0.8528511404875531}, "datetime": {"datetime": "2024-01-20 14:28:33", "elapsed": 266.884577, "delta": 0.000792}}
{"target": -13.505913852487932, "params": {"colsample_bytree": 0.6554585669295439, "eta": 0.02033042822951127, "gamma": 580.9171149250791, "max_depth": 4.0, "min_child_weight": 4091.3265142515725, "num_boost_round": 123.0, "subsample": 0.8528511404875531}, "datetime": {"datetime": "2024-01-20 14:28:33", "elapsed": 266.885357, "delta": 0.00078}}
{"target": -13.506008572828856, "params": {"colsample_bytree": 0.6554585669295439, "eta": 0.02033042822951127, "gamma": 580.9171149250791, "max_depth": 4.0, "min_child_weight": 4091.3265142515725, "num_boost_round": 124.0, "subsample": 0.8528511404875531}, "datetime": {"datetime": "2024-01-20 14:28:33", "elapsed": 266.886138, "delta": 0.000781}}
{"target": -13.506022689248955, "params": {"colsample_bytree": 0.6554585669295439, "eta": 0.02033042822951127, "gamma": 580.9171149250791, "max_depth": 4.0, "min_child_weight": 4091.3265142515725, "num_boost_round": 125.0, "subsample": 0.8528511404875531}, "datetime": {"datetime": "2024-01-20 14:28:33", "elapsed": 266.886924, "delta": 0.000786}}
{"target": -13.497566898719052, "params": {"colsample_bytree": 0.7869957659570858, "eta": 0.05767748013881956, "gamma": 605.8165289695904, "max_depth": 6.0, "min_child_weight": 4009.4183323931, "num_boost_round": 1.0, "subsample": 0.5348219986871425}, "datetime": {"datetime": "2024-01-20 14:28:50", "elapsed": 283.577233, "delta": 16.690309}}
{"target": -13.497390373923373, "params": {"colsample_bytree": 0.7869957659570858, "eta": 0.05767748013881956, "gamma": 605.8165289695904, "max_depth": 6.0, "min_child_weight": 4009.4183323931, "num_boost_round": 2.0, "subsample": 0.5348219986871425}, "datetime": {"datetime": "2024-01-20 14:28:50", "elapsed": 283.578342, "delta": 0.001109}}
{"target": -13.497527786683564, "params": {"colsample_bytree": 0.7869957659570858, "eta": 0.05767748013881956, "gamma": 605.8165289695904, "max_depth": 6.0, "min_child_weight": 4009.4183323931, "num_boost_round": 3.0, "subsample": 0.5348219986871425}, "datetime": {"datetime": "2024-01-20 14:28:50", "elapsed": 283.579127, "delta": 0.000785}}
{"target": -13.497638736700086, "params": {"colsample_bytree": 0.7869957659570858, "eta": 0.05767748013881956, "gamma": 605.8165289695904, "max_depth": 6.0, "min_child_weight": 4009.4183323931, "num_boost_round": 4.0, "subsample": 0.5348219986871425}, "datetime": {"datetime": "2024-01-20 14:28:50", "elapsed": 283.579908, "delta": 0.000781}}
{"target": -13.497786666194294, "params": {"colsample_bytree": 0.1634611380173034, "eta": 0.06914825497518799, "gamma": 603.7278161135964, "max_depth": 4.0, "min_child_weight": 3950.895637396843, "num_boost_round": 1.0, "subsample": 0.909097136547064}, "datetime": {"datetime": "2024-01-20 14:29:07", "elapsed": 301.342764, "delta": 17.762856}}
{"target": -13.497993218526618, "params": {"colsample_bytree": 0.1634611380173034, "eta": 0.06914825497518799, "gamma": 603.7278161135964, "max_depth": 4.0, "min_child_weight": 3950.895637396843, "num_boost_round": 2.0, "subsample": 0.909097136547064}, "datetime": {"datetime": "2024-01-20 14:29:07", "elapsed": 301.343713, "delta": 0.000949}}
{"target": -13.497944971877839, "params": {"colsample_bytree": 0.1634611380173034, "eta": 0.06914825497518799, "gamma": 603.7278161135964, "max_depth": 4.0, "min_child_weight": 3950.895637396843, "num_boost_round": 3.0, "subsample": 0.909097136547064}, "datetime": {"datetime": "2024-01-20 14:29:07", "elapsed": 301.344877, "delta": 0.001164}}
{"target": -13.498315463186053, "params": {"colsample_bytree": 0.1634611380173034, "eta": 0.06914825497518799, "gamma": 603.7278161135964, "max_depth": 4.0, "min_child_weight": 3950.895637396843, "num_boost_round": 4.0, "subsample": 0.909097136547064}, "datetime": {"datetime": "2024-01-20 14:29:07", "elapsed": 301.345694, "delta": 0.000817}}
{"target": -13.49856837517986, "params": {"colsample_bytree": 0.1634611380173034, "eta": 0.06914825497518799, "gamma": 603.7278161135964, "max_depth": 4.0, "min_child_weight": 3950.895637396843, "num_boost_round": 5.0, "subsample": 0.909097136547064}, "datetime": {"datetime": "2024-01-20 14:29:07", "elapsed": 301.346492, "delta": 0.000798}}
{"target": -13.498636480151575, "params": {"colsample_bytree": 0.1634611380173034, "eta": 0.06914825497518799, "gamma": 603.7278161135964, "max_depth": 4.0, "min_child_weight": 3950.895637396843, "num_boost_round": 6.0, "subsample": 0.909097136547064}, "datetime": {"datetime": "2024-01-20 14:29:07", "elapsed": 301.347403, "delta": 0.000911}}
{"target": -13.4978544276442, "params": {"colsample_bytree": 0.6663687590736994, "eta": 0.006873250899824457, "gamma": 652.70611212752, "max_depth": 2.0, "min_child_weight": 4202.976975112829, "num_boost_round": 1.0, "subsample": 0.6151863509124926}, "datetime": {"datetime": "2024-01-20 14:29:25", "elapsed": 318.533274, "delta": 17.185871}}
{"target": -13.497837299520548, "params": {"colsample_bytree": 0.6663687590736994, "eta": 0.006873250899824457, "gamma": 652.70611212752, "max_depth": 2.0, "min_child_weight": 4202.976975112829, "num_boost_round": 2.0, "subsample": 0.6151863509124926}, "datetime": {"datetime": "2024-01-20 14:29:25", "elapsed": 318.534191, "delta": 0.000917}}
{"target": -13.497839526228987, "params": {"colsample_bytree": 0.6663687590736994, "eta": 0.006873250899824457, "gamma": 652.70611212752, "max_depth": 2.0, "min_child_weight": 4202.976975112829, "num_boost_round": 3.0, "subsample": 0.6151863509124926}, "datetime": {"datetime": "2024-01-20 14:29:25", "elapsed": 318.535471, "delta": 0.00128}}
{"target": -13.497817662119253, "params": {"colsample_bytree": 0.6663687590736994, "eta": 0.006873250899824457, "gamma": 652.70611212752, "max_depth": 2.0, "min_child_weight": 4202.976975112829, "num_boost_round": 4.0, "subsample": 0.6151863509124926}, "datetime": {"datetime": "2024-01-20 14:29:25", "elapsed": 318.536254, "delta": 0.000783}}
{"target": -13.497802775936776, "params": {"colsample_bytree": 0.6663687590736994, "eta": 0.006873250899824457, "gamma": 652.70611212752, "max_depth": 2.0, "min_child_weight": 4202.976975112829, "num_boost_round": 5.0, "subsample": 0.6151863509124926}, "datetime": {"datetime": "2024-01-20 14:29:25", "elapsed": 318.537071, "delta": 0.000817}}
{"target": -13.497786882766487, "params": {"colsample_bytree": 0.6663687590736994, "eta": 0.006873250899824457, "gamma": 652.70611212752, "max_depth": 2.0, "min_child_weight": 4202.976975112829, "num_boost_round": 6.0, "subsample": 0.6151863509124926}, "datetime": {"datetime": "2024-01-20 14:29:25", "elapsed": 318.537835, "delta": 0.000764}}
{"target": -13.497792186367999, "params": {"colsample_bytree": 0.6663687590736994, "eta": 0.006873250899824457, "gamma": 652.70611212752, "max_depth": 2.0, "min_child_weight": 4202.976975112829, "num_boost_round": 7.0, "subsample": 0.6151863509124926}, "datetime": {"datetime": "2024-01-20 14:29:25", "elapsed": 318.538742, "delta": 0.000907}}
{"target": -13.497756912597186, "params": {"colsample_bytree": 0.41197150598895815, "eta": 0.08021878164308902, "gamma": 659.8729971905542, "max_depth": 5.0, "min_child_weight": 4042.9541953423736, "num_boost_round": 1.0, "subsample": 0.3273330345833524}, "datetime": {"datetime": "2024-01-20 14:29:47", "elapsed": 340.482319, "delta": 21.943577}}
{"target": -13.497131086090743, "params": {"colsample_bytree": 0.41197150598895815, "eta": 0.08021878164308902, "gamma": 659.8729971905542, "max_depth": 5.0, "min_child_weight": 4042.9541953423736, "num_boost_round": 2.0, "subsample": 0.3273330345833524}, "datetime": {"datetime": "2024-01-20 14:29:47", "elapsed": 340.484438, "delta": 0.002119}}
{"target": -13.497178204653911, "params": {"colsample_bytree": 0.41197150598895815, "eta": 0.08021878164308902, "gamma": 659.8729971905542, "max_depth": 5.0, "min_child_weight": 4042.9541953423736, "num_boost_round": 3.0, "subsample": 0.3273330345833524}, "datetime": {"datetime": "2024-01-20 14:29:47", "elapsed": 340.485257, "delta": 0.000819}}
{"target": -13.497255986251885, "params": {"colsample_bytree": 0.41197150598895815, "eta": 0.08021878164308902, "gamma": 659.8729971905542, "max_depth": 5.0, "min_child_weight": 4042.9541953423736, "num_boost_round": 4.0, "subsample": 0.3273330345833524}, "datetime": {"datetime": "2024-01-20 14:29:47", "elapsed": 340.486059, "delta": 0.000802}}
{"target": -13.496389755308371, "params": {"colsample_bytree": 0.41197150598895815, "eta": 0.08021878164308902, "gamma": 659.8729971905542, "max_depth": 5.0, "min_child_weight": 4042.9541953423736, "num_boost_round": 5.0, "subsample": 0.3273330345833524}, "datetime": {"datetime": "2024-01-20 14:29:47", "elapsed": 340.487539, "delta": 0.00148}}
{"target": -13.496172223291008, "params": {"colsample_bytree": 0.41197150598895815, "eta": 0.08021878164308902, "gamma": 659.8729971905542, "max_depth": 5.0, "min_child_weight": 4042.9541953423736, "num_boost_round": 6.0, "subsample": 0.3273330345833524}, "datetime": {"datetime": "2024-01-20 14:29:47", "elapsed": 340.488354, "delta": 0.000815}}
{"target": -13.496060601520895, "params": {"colsample_bytree": 0.41197150598895815, "eta": 0.08021878164308902, "gamma": 659.8729971905542, "max_depth": 5.0, "min_child_weight": 4042.9541953423736, "num_boost_round": 7.0, "subsample": 0.3273330345833524}, "datetime": {"datetime": "2024-01-20 14:29:47", "elapsed": 340.489151, "delta": 0.000797}}
{"target": -13.495948846894189, "params": {"colsample_bytree": 0.41197150598895815, "eta": 0.08021878164308902, "gamma": 659.8729971905542, "max_depth": 5.0, "min_child_weight": 4042.9541953423736, "num_boost_round": 8.0, "subsample": 0.3273330345833524}, "datetime": {"datetime": "2024-01-20 14:29:47", "elapsed": 340.489965, "delta": 0.000814}}
{"target": -13.495973734342122, "params": {"colsample_bytree": 0.41197150598895815, "eta": 0.08021878164308902, "gamma": 659.8729971905542, "max_depth": 5.0, "min_child_weight": 4042.9541953423736, "num_boost_round": 9.0, "subsample": 0.3273330345833524}, "datetime": {"datetime": "2024-01-20 14:29:47", "elapsed": 340.490766, "delta": 0.000801}}
{"target": -13.495751289835093, "params": {"colsample_bytree": 0.41197150598895815, "eta": 0.08021878164308902, "gamma": 659.8729971905542, "max_depth": 5.0, "min_child_weight": 4042.9541953423736, "num_boost_round": 10.0, "subsample": 0.3273330345833524}, "datetime": {"datetime": "2024-01-20 14:29:47", "elapsed": 340.491723, "delta": 0.000957}}
{"target": -13.49561579067932, "params": {"colsample_bytree": 0.41197150598895815, "eta": 0.08021878164308902, "gamma": 659.8729971905542, "max_depth": 5.0, "min_child_weight": 4042.9541953423736, "num_boost_round": 11.0, "subsample": 0.3273330345833524}, "datetime": {"datetime": "2024-01-20 14:29:47", "elapsed": 340.49252, "delta": 0.000797}}
{"target": -13.495670372159372, "params": {"colsample_bytree": 0.41197150598895815, "eta": 0.08021878164308902, "gamma": 659.8729971905542, "max_depth": 5.0, "min_child_weight": 4042.9541953423736, "num_boost_round": 12.0, "subsample": 0.3273330345833524}, "datetime": {"datetime": "2024-01-20 14:29:47", "elapsed": 340.49333, "delta": 0.00081}}
{"target": -13.495453210099022, "params": {"colsample_bytree": 0.41197150598895815, "eta": 0.08021878164308902, "gamma": 659.8729971905542, "max_depth": 5.0, "min_child_weight": 4042.9541953423736, "num_boost_round": 13.0, "subsample": 0.3273330345833524}, "datetime": {"datetime": "2024-01-20 14:29:47", "elapsed": 340.494143, "delta": 0.000813}}
{"target": -13.495478257033552, "params": {"colsample_bytree": 0.41197150598895815, "eta": 0.08021878164308902, "gamma": 659.8729971905542, "max_depth": 5.0, "min_child_weight": 4042.9541953423736, "num_boost_round": 14.0, "subsample": 0.3273330345833524}, "datetime": {"datetime": "2024-01-20 14:29:47", "elapsed": 340.494983, "delta": 0.00084}}
{"target": -13.497730755139093, "params": {"colsample_bytree": 0.8573034291211181, "eta": 0.023439816892991433, "gamma": 653.682273942198, "max_depth": 7.0, "min_child_weight": 3995.1966272147165, "num_boost_round": 1.0, "subsample": 0.5556405200852121}, "datetime": {"datetime": "2024-01-20 14:30:12", "elapsed": 365.723585, "delta": 25.228602}}
{"target": -13.497585184765232, "params": {"colsample_bytree": 0.8573034291211181, "eta": 0.023439816892991433, "gamma": 653.682273942198, "max_depth": 7.0, "min_child_weight": 3995.1966272147165, "num_boost_round": 2.0, "subsample": 0.5556405200852121}, "datetime": {"datetime": "2024-01-20 14:30:12", "elapsed": 365.724614, "delta": 0.001029}}
{"target": -13.497519043514401, "params": {"colsample_bytree": 0.8573034291211181, "eta": 0.023439816892991433, "gamma": 653.682273942198, "max_depth": 7.0, "min_child_weight": 3995.1966272147165, "num_boost_round": 3.0, "subsample": 0.5556405200852121}, "datetime": {"datetime": "2024-01-20 14:30:12", "elapsed": 365.725533, "delta": 0.000919}}
{"target": -13.49741017482429, "params": {"colsample_bytree": 0.8573034291211181, "eta": 0.023439816892991433, "gamma": 653.682273942198, "max_depth": 7.0, "min_child_weight": 3995.1966272147165, "num_boost_round": 4.0, "subsample": 0.5556405200852121}, "datetime": {"datetime": "2024-01-20 14:30:12", "elapsed": 365.726343, "delta": 0.00081}}
{"target": -13.497228112289962, "params": {"colsample_bytree": 0.8573034291211181, "eta": 0.023439816892991433, "gamma": 653.682273942198, "max_depth": 7.0, "min_child_weight": 3995.1966272147165, "num_boost_round": 5.0, "subsample": 0.5556405200852121}, "datetime": {"datetime": "2024-01-20 14:30:12", "elapsed": 365.727147, "delta": 0.000804}}
{"target": -13.497171499029129, "params": {"colsample_bytree": 0.8573034291211181, "eta": 0.023439816892991433, "gamma": 653.682273942198, "max_depth": 7.0, "min_child_weight": 3995.1966272147165, "num_boost_round": 6.0, "subsample": 0.5556405200852121}, "datetime": {"datetime": "2024-01-20 14:30:12", "elapsed": 365.728425, "delta": 0.001278}}
{"target": -13.497218704178996, "params": {"colsample_bytree": 0.8573034291211181, "eta": 0.023439816892991433, "gamma": 653.682273942198, "max_depth": 7.0, "min_child_weight": 3995.1966272147165, "num_boost_round": 7.0, "subsample": 0.5556405200852121}, "datetime": {"datetime": "2024-01-20 14:30:12", "elapsed": 365.729249, "delta": 0.000824}}
{"target": -13.497015792799214, "params": {"colsample_bytree": 0.8573034291211181, "eta": 0.023439816892991433, "gamma": 653.682273942198, "max_depth": 7.0, "min_child_weight": 3995.1966272147165, "num_boost_round": 8.0, "subsample": 0.5556405200852121}, "datetime": {"datetime": "2024-01-20 14:30:12", "elapsed": 365.730068, "delta": 0.000819}}
{"target": -13.49707169278338, "params": {"colsample_bytree": 0.8573034291211181, "eta": 0.023439816892991433, "gamma": 653.682273942198, "max_depth": 7.0, "min_child_weight": 3995.1966272147165, "num_boost_round": 9.0, "subsample": 0.5556405200852121}, "datetime": {"datetime": "2024-01-20 14:30:12", "elapsed": 365.730878, "delta": 0.00081}}
{"target": -13.497135006249238, "params": {"colsample_bytree": 0.8573034291211181, "eta": 0.023439816892991433, "gamma": 653.682273942198, "max_depth": 7.0, "min_child_weight": 3995.1966272147165, "num_boost_round": 10.0, "subsample": 0.5556405200852121}, "datetime": {"datetime": "2024-01-20 14:30:12", "elapsed": 365.731867, "delta": 0.000989}}
{"target": -13.497104454227904, "params": {"colsample_bytree": 0.8573034291211181, "eta": 0.023439816892991433, "gamma": 653.682273942198, "max_depth": 7.0, "min_child_weight": 3995.1966272147165, "num_boost_round": 11.0, "subsample": 0.5556405200852121}, "datetime": {"datetime": "2024-01-20 14:30:12", "elapsed": 365.732872, "delta": 0.001005}}
{"target": -13.497261704273992, "params": {"colsample_bytree": 0.8573034291211181, "eta": 0.023439816892991433, "gamma": 653.682273942198, "max_depth": 7.0, "min_child_weight": 3995.1966272147165, "num_boost_round": 12.0, "subsample": 0.5556405200852121}, "datetime": {"datetime": "2024-01-20 14:30:12", "elapsed": 365.733802, "delta": 0.00093}}
{"target": -13.497266866037222, "params": {"colsample_bytree": 0.8573034291211181, "eta": 0.023439816892991433, "gamma": 653.682273942198, "max_depth": 7.0, "min_child_weight": 3995.1966272147165, "num_boost_round": 13.0, "subsample": 0.5556405200852121}, "datetime": {"datetime": "2024-01-20 14:30:12", "elapsed": 365.734754, "delta": 0.000952}}
{"target": -13.497155678002063, "params": {"colsample_bytree": 0.8573034291211181, "eta": 0.023439816892991433, "gamma": 653.682273942198, "max_depth": 7.0, "min_child_weight": 3995.1966272147165, "num_boost_round": 14.0, "subsample": 0.5556405200852121}, "datetime": {"datetime": "2024-01-20 14:30:12", "elapsed": 365.735572, "delta": 0.000818}}
{"target": -13.497141598850593, "params": {"colsample_bytree": 0.8573034291211181, "eta": 0.023439816892991433, "gamma": 653.682273942198, "max_depth": 7.0, "min_child_weight": 3995.1966272147165, "num_boost_round": 15.0, "subsample": 0.5556405200852121}, "datetime": {"datetime": "2024-01-20 14:30:12", "elapsed": 365.736389, "delta": 0.000817}}
{"target": -13.497332976672656, "params": {"colsample_bytree": 0.8573034291211181, "eta": 0.023439816892991433, "gamma": 653.682273942198, "max_depth": 7.0, "min_child_weight": 3995.1966272147165, "num_boost_round": 16.0, "subsample": 0.5556405200852121}, "datetime": {"datetime": "2024-01-20 14:30:12", "elapsed": 365.737199, "delta": 0.00081}}
{"target": -13.497289171520968, "params": {"colsample_bytree": 0.8573034291211181, "eta": 0.023439816892991433, "gamma": 653.682273942198, "max_depth": 7.0, "min_child_weight": 3995.1966272147165, "num_boost_round": 17.0, "subsample": 0.5556405200852121}, "datetime": {"datetime": "2024-01-20 14:30:12", "elapsed": 365.738015, "delta": 0.000816}}
{"target": -13.49734830904489, "params": {"colsample_bytree": 0.8573034291211181, "eta": 0.023439816892991433, "gamma": 653.682273942198, "max_depth": 7.0, "min_child_weight": 3995.1966272147165, "num_boost_round": 18.0, "subsample": 0.5556405200852121}, "datetime": {"datetime": "2024-01-20 14:30:12", "elapsed": 365.738841, "delta": 0.000826}}
{"target": -13.497802247932789, "params": {"colsample_bytree": 0.32178726156477, "eta": 0.016607368850255717, "gamma": 711.8167829270164, "max_depth": 7.0, "min_child_weight": 4017.5428872282127, "num_boost_round": 1.0, "subsample": 0.3605079730865176}, "datetime": {"datetime": "2024-01-20 14:30:44", "elapsed": 398.194318, "delta": 32.455477}}
{"target": -13.497663060069268, "params": {"colsample_bytree": 0.32178726156477, "eta": 0.016607368850255717, "gamma": 711.8167829270164, "max_depth": 7.0, "min_child_weight": 4017.5428872282127, "num_boost_round": 2.0, "subsample": 0.3605079730865176}, "datetime": {"datetime": "2024-01-20 14:30:44", "elapsed": 398.195723, "delta": 0.001405}}
{"target": -13.497642073654358, "params": {"colsample_bytree": 0.32178726156477, "eta": 0.016607368850255717, "gamma": 711.8167829270164, "max_depth": 7.0, "min_child_weight": 4017.5428872282127, "num_boost_round": 3.0, "subsample": 0.3605079730865176}, "datetime": {"datetime": "2024-01-20 14:30:44", "elapsed": 398.196903, "delta": 0.00118}}
{"target": -13.497620815435456, "params": {"colsample_bytree": 0.32178726156477, "eta": 0.016607368850255717, "gamma": 711.8167829270164, "max_depth": 7.0, "min_child_weight": 4017.5428872282127, "num_boost_round": 4.0, "subsample": 0.3605079730865176}, "datetime": {"datetime": "2024-01-20 14:30:44", "elapsed": 398.197723, "delta": 0.00082}}
{"target": -13.497408882703247, "params": {"colsample_bytree": 0.32178726156477, "eta": 0.016607368850255717, "gamma": 711.8167829270164, "max_depth": 7.0, "min_child_weight": 4017.5428872282127, "num_boost_round": 5.0, "subsample": 0.3605079730865176}, "datetime": {"datetime": "2024-01-20 14:30:44", "elapsed": 398.198545, "delta": 0.000822}}
