{"target": -10.306173585990075, "params": {"colsample_bytree": 0.4845894157244871, "eta": 0.05225674875461271, "gamma": 224.2566227279301, "max_depth": 7.0, "min_child_weight": 3829.0709639123947, "num_boost_round": 59.0, "subsample": 0.2664527888780535}, "datetime": {"datetime": "2024-01-20 15:15:06", "elapsed": 6804.042032, "delta": 0.00425}}
{"target": -10.306185928532615, "params": {"colsample_bytree": 0.4845894157244871, "eta": 0.05225674875461271, "gamma": 224.2566227279301, "max_depth": 7.0, "min_child_weight": 3829.0709639123947, "num_boost_round": 60.0, "subsample": 0.2664527888780535}, "datetime": {"datetime": "2024-01-20 15:15:06", "elapsed": 6804.046172, "delta": 0.00414}}
{"target": -10.30645448006325, "params": {"colsample_bytree": 0.4845894157244871, "eta": 0.05225674875461271, "gamma": 224.2566227279301, "max_depth": 7.0, "min_child_weight": 3829.0709639123947, "num_boost_round": 61.0, "subsample": 0.2664527888780535}, "datetime": {"datetime": "2024-01-20 15:15:06", "elapsed": 6804.050283, "delta": 0.004111}}
{"target": -10.306545705059817, "params": {"colsample_bytree": 0.4845894157244871, "eta": 0.05225674875461271, "gamma": 224.2566227279301, "max_depth": 7.0, "min_child_weight": 3829.0709639123947, "num_boost_round": 62.0, "subsample": 0.2664527888780535}, "datetime": {"datetime": "2024-01-20 15:15:06", "elapsed": 6804.054554, "delta": 0.004271}}
{"target": -10.306704213443323, "params": {"colsample_bytree": 0.4845894157244871, "eta": 0.05225674875461271, "gamma": 224.2566227279301, "max_depth": 7.0, "min_child_weight": 3829.0709639123947, "num_boost_round": 63.0, "subsample": 0.2664527888780535}, "datetime": {"datetime": "2024-01-20 15:15:06", "elapsed": 6804.05863, "delta": 0.004076}}
{"target": -10.306783876465293, "params": {"colsample_bytree": 0.4845894157244871, "eta": 0.05225674875461271, "gamma": 224.2566227279301, "max_depth": 7.0, "min_child_weight": 3829.0709639123947, "num_boost_round": 64.0, "subsample": 0.2664527888780535}, "datetime": {"datetime": "2024-01-20 15:15:06", "elapsed": 6804.062833, "delta": 0.004203}}
{"target": -10.306881318608497, "params": {"colsample_bytree": 0.4845894157244871, "eta": 0.05225674875461271, "gamma": 224.2566227279301, "max_depth": 7.0, "min_child_weight": 3829.0709639123947, "num_boost_round": 65.0, "subsample": 0.2664527888780535}, "datetime": {"datetime": "2024-01-20 15:15:06", "elapsed": 6804.067076, "delta": 0.004243}}
{"target": -10.306994661087518, "params": {"colsample_bytree": 0.4845894157244871, "eta": 0.05225674875461271, "gamma": 224.2566227279301, "max_depth": 7.0, "min_child_weight": 3829.0709639123947, "num_boost_round": 66.0, "subsample": 0.2664527888780535}, "datetime": {"datetime": "2024-01-20 15:15:06", "elapsed": 6804.071252, "delta": 0.004176}}
{"target": -10.307105509244128, "params": {"colsample_bytree": 0.4845894157244871, "eta": 0.05225674875461271, "gamma": 224.2566227279301, "max_depth": 7.0, "min_child_weight": 3829.0709639123947, "num_boost_round": 67.0, "subsample": 0.2664527888780535}, "datetime": {"datetime": "2024-01-20 15:15:06", "elapsed": 6804.07802, "delta": 0.006768}}
{"target": -10.3072701580605, "params": {"colsample_bytree": 0.4845894157244871, "eta": 0.05225674875461271, "gamma": 224.2566227279301, "max_depth": 7.0, "min_child_weight": 3829.0709639123947, "num_boost_round": 68.0, "subsample": 0.2664527888780535}, "datetime": {"datetime": "2024-01-20 15:15:06", "elapsed": 6804.082509, "delta": 0.004489}}
{"target": -10.307365832670257, "params": {"colsample_bytree": 0.4845894157244871, "eta": 0.05225674875461271, "gamma": 224.2566227279301, "max_depth": 7.0, "min_child_weight": 3829.0709639123947, "num_boost_round": 69.0, "subsample": 0.2664527888780535}, "datetime": {"datetime": "2024-01-20 15:15:06", "elapsed": 6804.087001, "delta": 0.004492}}
{"target": -10.307417792703108, "params": {"colsample_bytree": 0.4845894157244871, "eta": 0.05225674875461271, "gamma": 224.2566227279301, "max_depth": 7.0, "min_child_weight": 3829.0709639123947, "num_boost_round": 70.0, "subsample": 0.2664527888780535}, "datetime": {"datetime": "2024-01-20 15:15:06", "elapsed": 6804.091303, "delta": 0.004302}}
{"target": -10.307574861438914, "params": {"colsample_bytree": 0.4845894157244871, "eta": 0.05225674875461271, "gamma": 224.2566227279301, "max_depth": 7.0, "min_child_weight": 3829.0709639123947, "num_boost_round": 71.0, "subsample": 0.2664527888780535}, "datetime": {"datetime": "2024-01-20 15:15:06", "elapsed": 6804.09538, "delta": 0.004077}}
{"target": -10.30756330370726, "params": {"colsample_bytree": 0.4845894157244871, "eta": 0.05225674875461271, "gamma": 224.2566227279301, "max_depth": 7.0, "min_child_weight": 3829.0709639123947, "num_boost_round": 72.0, "subsample": 0.2664527888780535}, "datetime": {"datetime": "2024-01-20 15:15:06", "elapsed": 6804.099509, "delta": 0.004129}}
{"target": -10.30762841149561, "params": {"colsample_bytree": 0.4845894157244871, "eta": 0.05225674875461271, "gamma": 224.2566227279301, "max_depth": 7.0, "min_child_weight": 3829.0709639123947, "num_boost_round": 73.0, "subsample": 0.2664527888780535}, "datetime": {"datetime": "2024-01-20 15:15:06", "elapsed": 6804.103616, "delta": 0.004107}}
{"target": -10.307845570719682, "params": {"colsample_bytree": 0.4845894157244871, "eta": 0.05225674875461271, "gamma": 224.2566227279301, "max_depth": 7.0, "min_child_weight": 3829.0709639123947, "num_boost_round": 74.0, "subsample": 0.2664527888780535}, "datetime": {"datetime": "2024-01-20 15:15:06", "elapsed": 6804.108045, "delta": 0.004429}}
{"target": -10.307939837569997, "params": {"colsample_bytree": 0.4845894157244871, "eta": 0.05225674875461271, "gamma": 224.2566227279301, "max_depth": 7.0, "min_child_weight": 3829.0709639123947, "num_boost_round": 75.0, "subsample": 0.2664527888780535}, "datetime": {"datetime": "2024-01-20 15:15:06", "elapsed": 6804.112261, "delta": 0.004216}}
{"target": -10.307970515448378, "params": {"colsample_bytree": 0.4845894157244871, "eta": 0.05225674875461271, "gamma": 224.2566227279301, "max_depth": 7.0, "min_child_weight": 3829.0709639123947, "num_boost_round": 76.0, "subsample": 0.2664527888780535}, "datetime": {"datetime": "2024-01-20 15:15:06", "elapsed": 6804.116457, "delta": 0.004196}}
{"target": -10.307960478891165, "params": {"colsample_bytree": 0.4845894157244871, "eta": 0.05225674875461271, "gamma": 224.2566227279301, "max_depth": 7.0, "min_child_weight": 3829.0709639123947, "num_boost_round": 77.0, "subsample": 0.2664527888780535}, "datetime": {"datetime": "2024-01-20 15:15:06", "elapsed": 6804.120547, "delta": 0.00409}}
{"target": -10.298393955091921, "params": {"colsample_bytree": 0.5085916282823044, "eta": 0.07575083537430927, "gamma": 80.49013829280793, "max_depth": 9.0, "min_child_weight": 3856.6026680496057, "num_boost_round": 1.0, "subsample": 0.9547915027691253}, "datetime": {"datetime": "2024-01-20 15:16:06", "elapsed": 6864.399851, "delta": 60.279304}}
{"target": -10.298757797031335, "params": {"colsample_bytree": 0.5085916282823044, "eta": 0.07575083537430927, "gamma": 80.49013829280793, "max_depth": 9.0, "min_child_weight": 3856.6026680496057, "num_boost_round": 2.0, "subsample": 0.9547915027691253}, "datetime": {"datetime": "2024-01-20 15:16:06", "elapsed": 6864.41003, "delta": 0.010179}}
{"target": -10.29896161181945, "params": {"colsample_bytree": 0.5085916282823044, "eta": 0.07575083537430927, "gamma": 80.49013829280793, "max_depth": 9.0, "min_child_weight": 3856.6026680496057, "num_boost_round": 3.0, "subsample": 0.9547915027691253}, "datetime": {"datetime": "2024-01-20 15:16:06", "elapsed": 6864.415785, "delta": 0.005755}}
{"target": -10.299591592912245, "params": {"colsample_bytree": 0.5085916282823044, "eta": 0.07575083537430927, "gamma": 80.49013829280793, "max_depth": 9.0, "min_child_weight": 3856.6026680496057, "num_boost_round": 4.0, "subsample": 0.9547915027691253}, "datetime": {"datetime": "2024-01-20 15:16:06", "elapsed": 6864.423392, "delta": 0.007607}}
{"target": -10.298416013702614, "params": {"colsample_bytree": 0.46157348903898554, "eta": 0.030009110068917468, "gamma": 522.6343355182022, "max_depth": 3.0, "min_child_weight": 4666.446260655382, "num_boost_round": 1.0, "subsample": 0.6074134603215675}, "datetime": {"datetime": "2024-01-20 15:17:22", "elapsed": 6940.349522, "delta": 75.92613}}
{"target": -10.298438446886935, "params": {"colsample_bytree": 0.46157348903898554, "eta": 0.030009110068917468, "gamma": 522.6343355182022, "max_depth": 3.0, "min_child_weight": 4666.446260655382, "num_boost_round": 2.0, "subsample": 0.6074134603215675}, "datetime": {"datetime": "2024-01-20 15:17:22", "elapsed": 6940.355663, "delta": 0.006141}}
{"target": -10.298575128163737, "params": {"colsample_bytree": 0.46157348903898554, "eta": 0.030009110068917468, "gamma": 522.6343355182022, "max_depth": 3.0, "min_child_weight": 4666.446260655382, "num_boost_round": 3.0, "subsample": 0.6074134603215675}, "datetime": {"datetime": "2024-01-20 15:17:22", "elapsed": 6940.361807, "delta": 0.006144}}
{"target": -10.298687424840413, "params": {"colsample_bytree": 0.46157348903898554, "eta": 0.030009110068917468, "gamma": 522.6343355182022, "max_depth": 3.0, "min_child_weight": 4666.446260655382, "num_boost_round": 4.0, "subsample": 0.6074134603215675}, "datetime": {"datetime": "2024-01-20 15:17:22", "elapsed": 6940.367059, "delta": 0.005252}}
{"target": -10.298783495609843, "params": {"colsample_bytree": 0.46157348903898554, "eta": 0.030009110068917468, "gamma": 522.6343355182022, "max_depth": 3.0, "min_child_weight": 4666.446260655382, "num_boost_round": 5.0, "subsample": 0.6074134603215675}, "datetime": {"datetime": "2024-01-20 15:17:22", "elapsed": 6940.371865, "delta": 0.004806}}
{"target": -10.298912300843423, "params": {"colsample_bytree": 0.46157348903898554, "eta": 0.030009110068917468, "gamma": 522.6343355182022, "max_depth": 3.0, "min_child_weight": 4666.446260655382, "num_boost_round": 6.0, "subsample": 0.6074134603215675}, "datetime": {"datetime": "2024-01-20 15:17:22", "elapsed": 6940.3766, "delta": 0.004735}}
{"target": -10.299045084535976, "params": {"colsample_bytree": 0.46157348903898554, "eta": 0.030009110068917468, "gamma": 522.6343355182022, "max_depth": 3.0, "min_child_weight": 4666.446260655382, "num_boost_round": 7.0, "subsample": 0.6074134603215675}, "datetime": {"datetime": "2024-01-20 15:17:22", "elapsed": 6940.381267, "delta": 0.004667}}
{"target": -10.299108575123082, "params": {"colsample_bytree": 0.46157348903898554, "eta": 0.030009110068917468, "gamma": 522.6343355182022, "max_depth": 3.0, "min_child_weight": 4666.446260655382, "num_boost_round": 8.0, "subsample": 0.6074134603215675}, "datetime": {"datetime": "2024-01-20 15:17:22", "elapsed": 6940.385881, "delta": 0.004614}}
{"target": -10.299327999832206, "params": {"colsample_bytree": 0.46157348903898554, "eta": 0.030009110068917468, "gamma": 522.6343355182022, "max_depth": 3.0, "min_child_weight": 4666.446260655382, "num_boost_round": 9.0, "subsample": 0.6074134603215675}, "datetime": {"datetime": "2024-01-20 15:17:22", "elapsed": 6940.390569, "delta": 0.004688}}
{"target": -10.29952777098175, "params": {"colsample_bytree": 0.46157348903898554, "eta": 0.030009110068917468, "gamma": 522.6343355182022, "max_depth": 3.0, "min_child_weight": 4666.446260655382, "num_boost_round": 10.0, "subsample": 0.6074134603215675}, "datetime": {"datetime": "2024-01-20 15:17:22", "elapsed": 6940.395301, "delta": 0.004732}}
{"target": -10.299638303674582, "params": {"colsample_bytree": 0.46157348903898554, "eta": 0.030009110068917468, "gamma": 522.6343355182022, "max_depth": 3.0, "min_child_weight": 4666.446260655382, "num_boost_round": 11.0, "subsample": 0.6074134603215675}, "datetime": {"datetime": "2024-01-20 15:17:22", "elapsed": 6940.400159, "delta": 0.004858}}
{"target": -10.299978421599842, "params": {"colsample_bytree": 0.46157348903898554, "eta": 0.030009110068917468, "gamma": 522.6343355182022, "max_depth": 3.0, "min_child_weight": 4666.446260655382, "num_boost_round": 12.0, "subsample": 0.6074134603215675}, "datetime": {"datetime": "2024-01-20 15:17:22", "elapsed": 6940.404991, "delta": 0.004832}}
{"target": -10.300062191233051, "params": {"colsample_bytree": 0.46157348903898554, "eta": 0.030009110068917468, "gamma": 522.6343355182022, "max_depth": 3.0, "min_child_weight": 4666.446260655382, "num_boost_round": 13.0, "subsample": 0.6074134603215675}, "datetime": {"datetime": "2024-01-20 15:17:22", "elapsed": 6940.409988, "delta": 0.004997}}
{"target": -10.300231762903092, "params": {"colsample_bytree": 0.46157348903898554, "eta": 0.030009110068917468, "gamma": 522.6343355182022, "max_depth": 3.0, "min_child_weight": 4666.446260655382, "num_boost_round": 14.0, "subsample": 0.6074134603215675}, "datetime": {"datetime": "2024-01-20 15:17:22", "elapsed": 6940.41502, "delta": 0.005032}}
{"target": -10.300408492293428, "params": {"colsample_bytree": 0.46157348903898554, "eta": 0.030009110068917468, "gamma": 522.6343355182022, "max_depth": 3.0, "min_child_weight": 4666.446260655382, "num_boost_round": 15.0, "subsample": 0.6074134603215675}, "datetime": {"datetime": "2024-01-20 15:17:22", "elapsed": 6940.419688, "delta": 0.004668}}
{"target": -10.30053510393401, "params": {"colsample_bytree": 0.46157348903898554, "eta": 0.030009110068917468, "gamma": 522.6343355182022, "max_depth": 3.0, "min_child_weight": 4666.446260655382, "num_boost_round": 16.0, "subsample": 0.6074134603215675}, "datetime": {"datetime": "2024-01-20 15:17:22", "elapsed": 6940.424619, "delta": 0.004931}}
{"target": -10.300767832035827, "params": {"colsample_bytree": 0.46157348903898554, "eta": 0.030009110068917468, "gamma": 522.6343355182022, "max_depth": 3.0, "min_child_weight": 4666.446260655382, "num_boost_round": 17.0, "subsample": 0.6074134603215675}, "datetime": {"datetime": "2024-01-20 15:17:22", "elapsed": 6940.429315, "delta": 0.004696}}
{"target": -10.300929932479548, "params": {"colsample_bytree": 0.46157348903898554, "eta": 0.030009110068917468, "gamma": 522.6343355182022, "max_depth": 3.0, "min_child_weight": 4666.446260655382, "num_boost_round": 18.0, "subsample": 0.6074134603215675}, "datetime": {"datetime": "2024-01-20 15:17:22", "elapsed": 6940.43605, "delta": 0.006735}}
{"target": -10.30114410339354, "params": {"colsample_bytree": 0.46157348903898554, "eta": 0.030009110068917468, "gamma": 522.6343355182022, "max_depth": 3.0, "min_child_weight": 4666.446260655382, "num_boost_round": 19.0, "subsample": 0.6074134603215675}, "datetime": {"datetime": "2024-01-20 15:17:22", "elapsed": 6940.440847, "delta": 0.004797}}
{"target": -10.30117778756038, "params": {"colsample_bytree": 0.46157348903898554, "eta": 0.030009110068917468, "gamma": 522.6343355182022, "max_depth": 3.0, "min_child_weight": 4666.446260655382, "num_boost_round": 20.0, "subsample": 0.6074134603215675}, "datetime": {"datetime": "2024-01-20 15:17:22", "elapsed": 6940.446717, "delta": 0.00587}}
{"target": -10.301272973052347, "params": {"colsample_bytree": 0.46157348903898554, "eta": 0.030009110068917468, "gamma": 522.6343355182022, "max_depth": 3.0, "min_child_weight": 4666.446260655382, "num_boost_round": 21.0, "subsample": 0.6074134603215675}, "datetime": {"datetime": "2024-01-20 15:17:22", "elapsed": 6940.453032, "delta": 0.006315}}
{"target": -10.301415446642034, "params": {"colsample_bytree": 0.46157348903898554, "eta": 0.030009110068917468, "gamma": 522.6343355182022, "max_depth": 3.0, "min_child_weight": 4666.446260655382, "num_boost_round": 22.0, "subsample": 0.6074134603215675}, "datetime": {"datetime": "2024-01-20 15:17:22", "elapsed": 6940.457918, "delta": 0.004886}}
{"target": -10.301678264213393, "params": {"colsample_bytree": 0.46157348903898554, "eta": 0.030009110068917468, "gamma": 522.6343355182022, "max_depth": 3.0, "min_child_weight": 4666.446260655382, "num_boost_round": 23.0, "subsample": 0.6074134603215675}, "datetime": {"datetime": "2024-01-20 15:17:22", "elapsed": 6940.462806, "delta": 0.004888}}
{"target": -10.301682092328347, "params": {"colsample_bytree": 0.46157348903898554, "eta": 0.030009110068917468, "gamma": 522.6343355182022, "max_depth": 3.0, "min_child_weight": 4666.446260655382, "num_boost_round": 24.0, "subsample": 0.6074134603215675}, "datetime": {"datetime": "2024-01-20 15:17:22", "elapsed": 6940.467624, "delta": 0.004818}}
{"target": -10.301861780738594, "params": {"colsample_bytree": 0.46157348903898554, "eta": 0.030009110068917468, "gamma": 522.6343355182022, "max_depth": 3.0, "min_child_weight": 4666.446260655382, "num_boost_round": 25.0, "subsample": 0.6074134603215675}, "datetime": {"datetime": "2024-01-20 15:17:22", "elapsed": 6940.472395, "delta": 0.004771}}
{"target": -10.298202994891927, "params": {"colsample_bytree": 0.5695566230884881, "eta": 0.06742338568278017, "gamma": 32.5750545705833, "max_depth": 4.0, "min_child_weight": 3785.323162805624, "num_boost_round": 1.0, "subsample": 0.24588685084974407}, "datetime": {"datetime": "2024-01-20 15:18:03", "elapsed": 6981.008615, "delta": 40.53622}}
{"target": -10.298291660233723, "params": {"colsample_bytree": 0.5123732719642428, "eta": 0.04608239116781262, "gamma": 13.710634351093876, "max_depth": 8.0, "min_child_weight": 3712.0021711372488, "num_boost_round": 1.0, "subsample": 0.5854120542193386}, "datetime": {"datetime": "2024-01-20 15:19:40", "elapsed": 7078.373035, "delta": 97.36442}}
{"target": -10.298342459311868, "params": {"colsample_bytree": 0.5123732719642428, "eta": 0.04608239116781262, "gamma": 13.710634351093876, "max_depth": 8.0, "min_child_weight": 3712.0021711372488, "num_boost_round": 2.0, "subsample": 0.5854120542193386}, "datetime": {"datetime": "2024-01-20 15:19:40", "elapsed": 7078.382298, "delta": 0.009263}}
{"target": -10.298419097626152, "params": {"colsample_bytree": 0.5123732719642428, "eta": 0.04608239116781262, "gamma": 13.710634351093876, "max_depth": 8.0, "min_child_weight": 3712.0021711372488, "num_boost_round": 3.0, "subsample": 0.5854120542193386}, "datetime": {"datetime": "2024-01-20 15:19:40", "elapsed": 7078.388163, "delta": 0.005865}}
{"target": -10.298627137286577, "params": {"colsample_bytree": 0.5123732719642428, "eta": 0.04608239116781262, "gamma": 13.710634351093876, "max_depth": 8.0, "min_child_weight": 3712.0021711372488, "num_boost_round": 4.0, "subsample": 0.5854120542193386}, "datetime": {"datetime": "2024-01-20 15:19:40", "elapsed": 7078.393071, "delta": 0.004908}}
{"target": -10.299085282674056, "params": {"colsample_bytree": 0.5123732719642428, "eta": 0.04608239116781262, "gamma": 13.710634351093876, "max_depth": 8.0, "min_child_weight": 3712.0021711372488, "num_boost_round": 5.0, "subsample": 0.5854120542193386}, "datetime": {"datetime": "2024-01-20 15:19:40", "elapsed": 7078.397862, "delta": 0.004791}}
{"target": -10.299344013004752, "params": {"colsample_bytree": 0.5123732719642428, "eta": 0.04608239116781262, "gamma": 13.710634351093876, "max_depth": 8.0, "min_child_weight": 3712.0021711372488, "num_boost_round": 6.0, "subsample": 0.5854120542193386}, "datetime": {"datetime": "2024-01-20 15:19:40", "elapsed": 7078.40221, "delta": 0.004348}}
{"target": -10.299441817530536, "params": {"colsample_bytree": 0.5123732719642428, "eta": 0.04608239116781262, "gamma": 13.710634351093876, "max_depth": 8.0, "min_child_weight": 3712.0021711372488, "num_boost_round": 7.0, "subsample": 0.5854120542193386}, "datetime": {"datetime": "2024-01-20 15:19:40", "elapsed": 7078.406337, "delta": 0.004127}}
{"target": -10.29960754623474, "params": {"colsample_bytree": 0.5123732719642428, "eta": 0.04608239116781262, "gamma": 13.710634351093876, "max_depth": 8.0, "min_child_weight": 3712.0021711372488, "num_boost_round": 8.0, "subsample": 0.5854120542193386}, "datetime": {"datetime": "2024-01-20 15:19:40", "elapsed": 7078.410563, "delta": 0.004226}}
{"target": -10.300073663869757, "params": {"colsample_bytree": 0.5123732719642428, "eta": 0.04608239116781262, "gamma": 13.710634351093876, "max_depth": 8.0, "min_child_weight": 3712.0021711372488, "num_boost_round": 9.0, "subsample": 0.5854120542193386}, "datetime": {"datetime": "2024-01-20 15:19:40", "elapsed": 7078.414715, "delta": 0.004152}}
{"target": -10.300503316632312, "params": {"colsample_bytree": 0.5123732719642428, "eta": 0.04608239116781262, "gamma": 13.710634351093876, "max_depth": 8.0, "min_child_weight": 3712.0021711372488, "num_boost_round": 10.0, "subsample": 0.5854120542193386}, "datetime": {"datetime": "2024-01-20 15:19:40", "elapsed": 7078.418682, "delta": 0.003967}}
{"target": -10.300639470530953, "params": {"colsample_bytree": 0.5123732719642428, "eta": 0.04608239116781262, "gamma": 13.710634351093876, "max_depth": 8.0, "min_child_weight": 3712.0021711372488, "num_boost_round": 11.0, "subsample": 0.5854120542193386}, "datetime": {"datetime": "2024-01-20 15:19:40", "elapsed": 7078.422431, "delta": 0.003749}}
{"target": -10.30107735191187, "params": {"colsample_bytree": 0.5123732719642428, "eta": 0.04608239116781262, "gamma": 13.710634351093876, "max_depth": 8.0, "min_child_weight": 3712.0021711372488, "num_boost_round": 12.0, "subsample": 0.5854120542193386}, "datetime": {"datetime": "2024-01-20 15:19:40", "elapsed": 7078.426084, "delta": 0.003653}}
{"target": -10.301266601911953, "params": {"colsample_bytree": 0.5123732719642428, "eta": 0.04608239116781262, "gamma": 13.710634351093876, "max_depth": 8.0, "min_child_weight": 3712.0021711372488, "num_boost_round": 13.0, "subsample": 0.5854120542193386}, "datetime": {"datetime": "2024-01-20 15:19:40", "elapsed": 7078.4299, "delta": 0.003816}}
{"target": -10.301393703768333, "params": {"colsample_bytree": 0.5123732719642428, "eta": 0.04608239116781262, "gamma": 13.710634351093876, "max_depth": 8.0, "min_child_weight": 3712.0021711372488, "num_boost_round": 14.0, "subsample": 0.5854120542193386}, "datetime": {"datetime": "2024-01-20 15:19:40", "elapsed": 7078.433753, "delta": 0.003853}}
