{"target": -13.500830797696125, "params": {"colsample_bytree": 0.11658418670096772, "eta": 0.0892331745880334, "gamma": 864.1500690571154, "max_depth": 6.0, "min_child_weight": 4579.932432575523, "num_boost_round": 62.0, "subsample": 0.7258766760567364}, "datetime": {"datetime": "2024-01-20 15:17:09", "elapsed": 3182.692381, "delta": 0.004242}}
{"target": -13.501016844441633, "params": {"colsample_bytree": 0.11658418670096772, "eta": 0.0892331745880334, "gamma": 864.1500690571154, "max_depth": 6.0, "min_child_weight": 4579.932432575523, "num_boost_round": 63.0, "subsample": 0.7258766760567364}, "datetime": {"datetime": "2024-01-20 15:17:09", "elapsed": 3182.696554, "delta": 0.004173}}
{"target": -13.501042136682742, "params": {"colsample_bytree": 0.11658418670096772, "eta": 0.0892331745880334, "gamma": 864.1500690571154, "max_depth": 6.0, "min_child_weight": 4579.932432575523, "num_boost_round": 64.0, "subsample": 0.7258766760567364}, "datetime": {"datetime": "2024-01-20 15:17:09", "elapsed": 3182.700714, "delta": 0.00416}}
{"target": -13.501083414744073, "params": {"colsample_bytree": 0.11658418670096772, "eta": 0.0892331745880334, "gamma": 864.1500690571154, "max_depth": 6.0, "min_child_weight": 4579.932432575523, "num_boost_round": 65.0, "subsample": 0.7258766760567364}, "datetime": {"datetime": "2024-01-20 15:17:09", "elapsed": 3182.70491, "delta": 0.004196}}
{"target": -13.501549537429856, "params": {"colsample_bytree": 0.11658418670096772, "eta": 0.0892331745880334, "gamma": 864.1500690571154, "max_depth": 6.0, "min_child_weight": 4579.932432575523, "num_boost_round": 66.0, "subsample": 0.7258766760567364}, "datetime": {"datetime": "2024-01-20 15:17:09", "elapsed": 3182.709121, "delta": 0.004211}}
{"target": -13.501544660528097, "params": {"colsample_bytree": 0.11658418670096772, "eta": 0.0892331745880334, "gamma": 864.1500690571154, "max_depth": 6.0, "min_child_weight": 4579.932432575523, "num_boost_round": 67.0, "subsample": 0.7258766760567364}, "datetime": {"datetime": "2024-01-20 15:17:09", "elapsed": 3182.713254, "delta": 0.004133}}
{"target": -13.501504259293853, "params": {"colsample_bytree": 0.11658418670096772, "eta": 0.0892331745880334, "gamma": 864.1500690571154, "max_depth": 6.0, "min_child_weight": 4579.932432575523, "num_boost_round": 68.0, "subsample": 0.7258766760567364}, "datetime": {"datetime": "2024-01-20 15:17:09", "elapsed": 3182.71741, "delta": 0.004156}}
{"target": -13.50177910308058, "params": {"colsample_bytree": 0.11658418670096772, "eta": 0.0892331745880334, "gamma": 864.1500690571154, "max_depth": 6.0, "min_child_weight": 4579.932432575523, "num_boost_round": 69.0, "subsample": 0.7258766760567364}, "datetime": {"datetime": "2024-01-20 15:17:09", "elapsed": 3182.721586, "delta": 0.004176}}
{"target": -13.497827482962686, "params": {"colsample_bytree": 0.7841586088907334, "eta": 0.00810415133666952, "gamma": 755.7322337440218, "max_depth": 6.0, "min_child_weight": 4601.206877306238, "num_boost_round": 1.0, "subsample": 0.8314511104229948}, "datetime": {"datetime": "2024-01-20 15:18:43", "elapsed": 3277.422568, "delta": 94.700982}}
{"target": -13.497766588007245, "params": {"colsample_bytree": 0.7841586088907334, "eta": 0.00810415133666952, "gamma": 755.7322337440218, "max_depth": 6.0, "min_child_weight": 4601.206877306238, "num_boost_round": 2.0, "subsample": 0.8314511104229948}, "datetime": {"datetime": "2024-01-20 15:18:43", "elapsed": 3277.427819, "delta": 0.005251}}
{"target": -13.497739337531522, "params": {"colsample_bytree": 0.7841586088907334, "eta": 0.00810415133666952, "gamma": 755.7322337440218, "max_depth": 6.0, "min_child_weight": 4601.206877306238, "num_boost_round": 3.0, "subsample": 0.8314511104229948}, "datetime": {"datetime": "2024-01-20 15:18:43", "elapsed": 3277.433405, "delta": 0.005586}}
{"target": -13.497690123424697, "params": {"colsample_bytree": 0.7841586088907334, "eta": 0.00810415133666952, "gamma": 755.7322337440218, "max_depth": 6.0, "min_child_weight": 4601.206877306238, "num_boost_round": 4.0, "subsample": 0.8314511104229948}, "datetime": {"datetime": "2024-01-20 15:18:43", "elapsed": 3277.43997, "delta": 0.006565}}
{"target": -13.497613220797769, "params": {"colsample_bytree": 0.7841586088907334, "eta": 0.00810415133666952, "gamma": 755.7322337440218, "max_depth": 6.0, "min_child_weight": 4601.206877306238, "num_boost_round": 5.0, "subsample": 0.8314511104229948}, "datetime": {"datetime": "2024-01-20 15:18:44", "elapsed": 3277.445681, "delta": 0.005711}}
{"target": -13.497538268547718, "params": {"colsample_bytree": 0.7841586088907334, "eta": 0.00810415133666952, "gamma": 755.7322337440218, "max_depth": 6.0, "min_child_weight": 4601.206877306238, "num_boost_round": 6.0, "subsample": 0.8314511104229948}, "datetime": {"datetime": "2024-01-20 15:18:44", "elapsed": 3277.45111, "delta": 0.005429}}
{"target": -13.497516868197806, "params": {"colsample_bytree": 0.7841586088907334, "eta": 0.00810415133666952, "gamma": 755.7322337440218, "max_depth": 6.0, "min_child_weight": 4601.206877306238, "num_boost_round": 7.0, "subsample": 0.8314511104229948}, "datetime": {"datetime": "2024-01-20 15:18:44", "elapsed": 3277.455582, "delta": 0.004472}}
{"target": -13.497446720126337, "params": {"colsample_bytree": 0.7841586088907334, "eta": 0.00810415133666952, "gamma": 755.7322337440218, "max_depth": 6.0, "min_child_weight": 4601.206877306238, "num_boost_round": 8.0, "subsample": 0.8314511104229948}, "datetime": {"datetime": "2024-01-20 15:18:44", "elapsed": 3277.4599, "delta": 0.004318}}
{"target": -13.497444048207623, "params": {"colsample_bytree": 0.7841586088907334, "eta": 0.00810415133666952, "gamma": 755.7322337440218, "max_depth": 6.0, "min_child_weight": 4601.206877306238, "num_boost_round": 9.0, "subsample": 0.8314511104229948}, "datetime": {"datetime": "2024-01-20 15:18:44", "elapsed": 3277.464314, "delta": 0.004414}}
{"target": -13.497416712947834, "params": {"colsample_bytree": 0.7841586088907334, "eta": 0.00810415133666952, "gamma": 755.7322337440218, "max_depth": 6.0, "min_child_weight": 4601.206877306238, "num_boost_round": 10.0, "subsample": 0.8314511104229948}, "datetime": {"datetime": "2024-01-20 15:18:44", "elapsed": 3277.468602, "delta": 0.004288}}
{"target": -13.497382697610519, "params": {"colsample_bytree": 0.7841586088907334, "eta": 0.00810415133666952, "gamma": 755.7322337440218, "max_depth": 6.0, "min_child_weight": 4601.206877306238, "num_boost_round": 11.0, "subsample": 0.8314511104229948}, "datetime": {"datetime": "2024-01-20 15:18:44", "elapsed": 3277.472785, "delta": 0.004183}}
{"target": -13.497357016492913, "params": {"colsample_bytree": 0.7841586088907334, "eta": 0.00810415133666952, "gamma": 755.7322337440218, "max_depth": 6.0, "min_child_weight": 4601.206877306238, "num_boost_round": 12.0, "subsample": 0.8314511104229948}, "datetime": {"datetime": "2024-01-20 15:18:44", "elapsed": 3277.477037, "delta": 0.004252}}
{"target": -13.497345909922014, "params": {"colsample_bytree": 0.7841586088907334, "eta": 0.00810415133666952, "gamma": 755.7322337440218, "max_depth": 6.0, "min_child_weight": 4601.206877306238, "num_boost_round": 13.0, "subsample": 0.8314511104229948}, "datetime": {"datetime": "2024-01-20 15:18:44", "elapsed": 3277.481131, "delta": 0.004094}}
{"target": -13.497303894903185, "params": {"colsample_bytree": 0.7841586088907334, "eta": 0.00810415133666952, "gamma": 755.7322337440218, "max_depth": 6.0, "min_child_weight": 4601.206877306238, "num_boost_round": 14.0, "subsample": 0.8314511104229948}, "datetime": {"datetime": "2024-01-20 15:18:44", "elapsed": 3277.485234, "delta": 0.004103}}
{"target": -13.497286276993357, "params": {"colsample_bytree": 0.7841586088907334, "eta": 0.00810415133666952, "gamma": 755.7322337440218, "max_depth": 6.0, "min_child_weight": 4601.206877306238, "num_boost_round": 15.0, "subsample": 0.8314511104229948}, "datetime": {"datetime": "2024-01-20 15:18:44", "elapsed": 3277.489477, "delta": 0.004243}}
{"target": -13.497273467151846, "params": {"colsample_bytree": 0.7841586088907334, "eta": 0.00810415133666952, "gamma": 755.7322337440218, "max_depth": 6.0, "min_child_weight": 4601.206877306238, "num_boost_round": 16.0, "subsample": 0.8314511104229948}, "datetime": {"datetime": "2024-01-20 15:18:44", "elapsed": 3277.493617, "delta": 0.00414}}
{"target": -13.497248667708316, "params": {"colsample_bytree": 0.7841586088907334, "eta": 0.00810415133666952, "gamma": 755.7322337440218, "max_depth": 6.0, "min_child_weight": 4601.206877306238, "num_boost_round": 17.0, "subsample": 0.8314511104229948}, "datetime": {"datetime": "2024-01-20 15:18:44", "elapsed": 3277.497775, "delta": 0.004158}}
{"target": -13.49724146095957, "params": {"colsample_bytree": 0.7841586088907334, "eta": 0.00810415133666952, "gamma": 755.7322337440218, "max_depth": 6.0, "min_child_weight": 4601.206877306238, "num_boost_round": 18.0, "subsample": 0.8314511104229948}, "datetime": {"datetime": "2024-01-20 15:18:44", "elapsed": 3277.50197, "delta": 0.004195}}
{"target": -13.497240336477123, "params": {"colsample_bytree": 0.7841586088907334, "eta": 0.00810415133666952, "gamma": 755.7322337440218, "max_depth": 6.0, "min_child_weight": 4601.206877306238, "num_boost_round": 19.0, "subsample": 0.8314511104229948}, "datetime": {"datetime": "2024-01-20 15:18:44", "elapsed": 3277.506202, "delta": 0.004232}}
{"target": -13.497196373422595, "params": {"colsample_bytree": 0.7841586088907334, "eta": 0.00810415133666952, "gamma": 755.7322337440218, "max_depth": 6.0, "min_child_weight": 4601.206877306238, "num_boost_round": 20.0, "subsample": 0.8314511104229948}, "datetime": {"datetime": "2024-01-20 15:18:44", "elapsed": 3277.510335, "delta": 0.004133}}
{"target": -13.497417070692507, "params": {"colsample_bytree": 0.6089410122190095, "eta": 0.09810960918034803, "gamma": 757.5374385378383, "max_depth": 3.0, "min_child_weight": 4559.276222080838, "num_boost_round": 1.0, "subsample": 0.31906716894567666}, "datetime": {"datetime": "2024-01-20 15:21:05", "elapsed": 3419.269291, "delta": 141.758956}}
{"target": -13.496760821394073, "params": {"colsample_bytree": 0.6089410122190095, "eta": 0.09810960918034803, "gamma": 757.5374385378383, "max_depth": 3.0, "min_child_weight": 4559.276222080838, "num_boost_round": 2.0, "subsample": 0.31906716894567666}, "datetime": {"datetime": "2024-01-20 15:21:05", "elapsed": 3419.276358, "delta": 0.007067}}
{"target": -13.496365335365022, "params": {"colsample_bytree": 0.6089410122190095, "eta": 0.09810960918034803, "gamma": 757.5374385378383, "max_depth": 3.0, "min_child_weight": 4559.276222080838, "num_boost_round": 3.0, "subsample": 0.31906716894567666}, "datetime": {"datetime": "2024-01-20 15:21:05", "elapsed": 3419.281074, "delta": 0.004716}}
{"target": -13.49613403290329, "params": {"colsample_bytree": 0.6089410122190095, "eta": 0.09810960918034803, "gamma": 757.5374385378383, "max_depth": 3.0, "min_child_weight": 4559.276222080838, "num_boost_round": 4.0, "subsample": 0.31906716894567666}, "datetime": {"datetime": "2024-01-20 15:21:05", "elapsed": 3419.285568, "delta": 0.004494}}
{"target": -13.495576342491347, "params": {"colsample_bytree": 0.6089410122190095, "eta": 0.09810960918034803, "gamma": 757.5374385378383, "max_depth": 3.0, "min_child_weight": 4559.276222080838, "num_boost_round": 5.0, "subsample": 0.31906716894567666}, "datetime": {"datetime": "2024-01-20 15:21:05", "elapsed": 3419.289821, "delta": 0.004253}}
{"target": -13.495212504896076, "params": {"colsample_bytree": 0.6089410122190095, "eta": 0.09810960918034803, "gamma": 757.5374385378383, "max_depth": 3.0, "min_child_weight": 4559.276222080838, "num_boost_round": 6.0, "subsample": 0.31906716894567666}, "datetime": {"datetime": "2024-01-20 15:21:05", "elapsed": 3419.294279, "delta": 0.004458}}
{"target": -13.495145653230482, "params": {"colsample_bytree": 0.6089410122190095, "eta": 0.09810960918034803, "gamma": 757.5374385378383, "max_depth": 3.0, "min_child_weight": 4559.276222080838, "num_boost_round": 7.0, "subsample": 0.31906716894567666}, "datetime": {"datetime": "2024-01-20 15:21:05", "elapsed": 3419.298548, "delta": 0.004269}}
{"target": -13.494956449829235, "params": {"colsample_bytree": 0.6089410122190095, "eta": 0.09810960918034803, "gamma": 757.5374385378383, "max_depth": 3.0, "min_child_weight": 4559.276222080838, "num_boost_round": 8.0, "subsample": 0.31906716894567666}, "datetime": {"datetime": "2024-01-20 15:21:05", "elapsed": 3419.303108, "delta": 0.00456}}
{"target": -13.494804997237145, "params": {"colsample_bytree": 0.6089410122190095, "eta": 0.09810960918034803, "gamma": 757.5374385378383, "max_depth": 3.0, "min_child_weight": 4559.276222080838, "num_boost_round": 9.0, "subsample": 0.31906716894567666}, "datetime": {"datetime": "2024-01-20 15:21:05", "elapsed": 3419.307336, "delta": 0.004228}}
{"target": -13.494803997232088, "params": {"colsample_bytree": 0.6089410122190095, "eta": 0.09810960918034803, "gamma": 757.5374385378383, "max_depth": 3.0, "min_child_weight": 4559.276222080838, "num_boost_round": 10.0, "subsample": 0.31906716894567666}, "datetime": {"datetime": "2024-01-20 15:21:05", "elapsed": 3419.311573, "delta": 0.004237}}
{"target": -13.494826144612963, "params": {"colsample_bytree": 0.6089410122190095, "eta": 0.09810960918034803, "gamma": 757.5374385378383, "max_depth": 3.0, "min_child_weight": 4559.276222080838, "num_boost_round": 11.0, "subsample": 0.31906716894567666}, "datetime": {"datetime": "2024-01-20 15:21:05", "elapsed": 3419.316049, "delta": 0.004476}}
{"target": -13.495030135881187, "params": {"colsample_bytree": 0.6089410122190095, "eta": 0.09810960918034803, "gamma": 757.5374385378383, "max_depth": 3.0, "min_child_weight": 4559.276222080838, "num_boost_round": 12.0, "subsample": 0.31906716894567666}, "datetime": {"datetime": "2024-01-20 15:21:05", "elapsed": 3419.320433, "delta": 0.004384}}
{"target": -13.495210304347824, "params": {"colsample_bytree": 0.6089410122190095, "eta": 0.09810960918034803, "gamma": 757.5374385378383, "max_depth": 3.0, "min_child_weight": 4559.276222080838, "num_boost_round": 13.0, "subsample": 0.31906716894567666}, "datetime": {"datetime": "2024-01-20 15:21:05", "elapsed": 3419.324722, "delta": 0.004289}}
{"target": -13.495317156847557, "params": {"colsample_bytree": 0.6089410122190095, "eta": 0.09810960918034803, "gamma": 757.5374385378383, "max_depth": 3.0, "min_child_weight": 4559.276222080838, "num_boost_round": 14.0, "subsample": 0.31906716894567666}, "datetime": {"datetime": "2024-01-20 15:21:05", "elapsed": 3419.329013, "delta": 0.004291}}
{"target": -13.495328659311756, "params": {"colsample_bytree": 0.6089410122190095, "eta": 0.09810960918034803, "gamma": 757.5374385378383, "max_depth": 3.0, "min_child_weight": 4559.276222080838, "num_boost_round": 15.0, "subsample": 0.31906716894567666}, "datetime": {"datetime": "2024-01-20 15:21:05", "elapsed": 3419.333474, "delta": 0.004461}}
{"target": -13.495444504275374, "params": {"colsample_bytree": 0.6089410122190095, "eta": 0.09810960918034803, "gamma": 757.5374385378383, "max_depth": 3.0, "min_child_weight": 4559.276222080838, "num_boost_round": 16.0, "subsample": 0.31906716894567666}, "datetime": {"datetime": "2024-01-20 15:21:05", "elapsed": 3419.338011, "delta": 0.004537}}
{"target": -13.49546497253949, "params": {"colsample_bytree": 0.6089410122190095, "eta": 0.09810960918034803, "gamma": 757.5374385378383, "max_depth": 3.0, "min_child_weight": 4559.276222080838, "num_boost_round": 17.0, "subsample": 0.31906716894567666}, "datetime": {"datetime": "2024-01-20 15:21:05", "elapsed": 3419.34247, "delta": 0.004459}}
{"target": -13.495496036386246, "params": {"colsample_bytree": 0.6089410122190095, "eta": 0.09810960918034803, "gamma": 757.5374385378383, "max_depth": 3.0, "min_child_weight": 4559.276222080838, "num_boost_round": 18.0, "subsample": 0.31906716894567666}, "datetime": {"datetime": "2024-01-20 15:21:05", "elapsed": 3419.346799, "delta": 0.004329}}
{"target": -13.495579041119575, "params": {"colsample_bytree": 0.6089410122190095, "eta": 0.09810960918034803, "gamma": 757.5374385378383, "max_depth": 3.0, "min_child_weight": 4559.276222080838, "num_boost_round": 19.0, "subsample": 0.31906716894567666}, "datetime": {"datetime": "2024-01-20 15:21:05", "elapsed": 3419.351095, "delta": 0.004296}}
{"target": -13.495865826230697, "params": {"colsample_bytree": 0.6089410122190095, "eta": 0.09810960918034803, "gamma": 757.5374385378383, "max_depth": 3.0, "min_child_weight": 4559.276222080838, "num_boost_round": 20.0, "subsample": 0.31906716894567666}, "datetime": {"datetime": "2024-01-20 15:21:06", "elapsed": 3419.668897, "delta": 0.317802}}
{"target": -13.496212277177534, "params": {"colsample_bytree": 0.6089410122190095, "eta": 0.09810960918034803, "gamma": 757.5374385378383, "max_depth": 3.0, "min_child_weight": 4559.276222080838, "num_boost_round": 21.0, "subsample": 0.31906716894567666}, "datetime": {"datetime": "2024-01-20 15:21:06", "elapsed": 3419.67426, "delta": 0.005363}}
{"target": -13.496339004238159, "params": {"colsample_bytree": 0.6089410122190095, "eta": 0.09810960918034803, "gamma": 757.5374385378383, "max_depth": 3.0, "min_child_weight": 4559.276222080838, "num_boost_round": 22.0, "subsample": 0.31906716894567666}, "datetime": {"datetime": "2024-01-20 15:21:06", "elapsed": 3419.67901, "delta": 0.00475}}
{"target": -13.496375349458276, "params": {"colsample_bytree": 0.6089410122190095, "eta": 0.09810960918034803, "gamma": 757.5374385378383, "max_depth": 3.0, "min_child_weight": 4559.276222080838, "num_boost_round": 23.0, "subsample": 0.31906716894567666}, "datetime": {"datetime": "2024-01-20 15:21:06", "elapsed": 3419.684435, "delta": 0.005425}}
{"target": -13.496661226037764, "params": {"colsample_bytree": 0.6089410122190095, "eta": 0.09810960918034803, "gamma": 757.5374385378383, "max_depth": 3.0, "min_child_weight": 4559.276222080838, "num_boost_round": 24.0, "subsample": 0.31906716894567666}, "datetime": {"datetime": "2024-01-20 15:21:06", "elapsed": 3419.69136, "delta": 0.006925}}
{"target": -13.49619195774838, "params": {"colsample_bytree": 0.6089410122190095, "eta": 0.09810960918034803, "gamma": 757.5374385378383, "max_depth": 3.0, "min_child_weight": 4559.276222080838, "num_boost_round": 25.0, "subsample": 0.31906716894567666}, "datetime": {"datetime": "2024-01-20 15:21:06", "elapsed": 3419.697581, "delta": 0.006221}}
{"target": -13.49599341189105, "params": {"colsample_bytree": 0.6089410122190095, "eta": 0.09810960918034803, "gamma": 757.5374385378383, "max_depth": 3.0, "min_child_weight": 4559.276222080838, "num_boost_round": 26.0, "subsample": 0.31906716894567666}, "datetime": {"datetime": "2024-01-20 15:21:06", "elapsed": 3419.702817, "delta": 0.005236}}
{"target": -13.49598054437597, "params": {"colsample_bytree": 0.6089410122190095, "eta": 0.09810960918034803, "gamma": 757.5374385378383, "max_depth": 3.0, "min_child_weight": 4559.276222080838, "num_boost_round": 27.0, "subsample": 0.31906716894567666}, "datetime": {"datetime": "2024-01-20 15:21:06", "elapsed": 3419.70754, "delta": 0.004723}}
{"target": -13.495873143463594, "params": {"colsample_bytree": 0.6089410122190095, "eta": 0.09810960918034803, "gamma": 757.5374385378383, "max_depth": 3.0, "min_child_weight": 4559.276222080838, "num_boost_round": 28.0, "subsample": 0.31906716894567666}, "datetime": {"datetime": "2024-01-20 15:21:06", "elapsed": 3419.712206, "delta": 0.004666}}
{"target": -13.495752281383156, "params": {"colsample_bytree": 0.6089410122190095, "eta": 0.09810960918034803, "gamma": 757.5374385378383, "max_depth": 3.0, "min_child_weight": 4559.276222080838, "num_boost_round": 29.0, "subsample": 0.31906716894567666}, "datetime": {"datetime": "2024-01-20 15:21:06", "elapsed": 3419.716755, "delta": 0.004549}}
{"target": -13.495733094835849, "params": {"colsample_bytree": 0.6089410122190095, "eta": 0.09810960918034803, "gamma": 757.5374385378383, "max_depth": 3.0, "min_child_weight": 4559.276222080838, "num_boost_round": 30.0, "subsample": 0.31906716894567666}, "datetime": {"datetime": "2024-01-20 15:21:06", "elapsed": 3419.721304, "delta": 0.004549}}
{"target": -13.495443414476082, "params": {"colsample_bytree": 0.6089410122190095, "eta": 0.09810960918034803, "gamma": 757.5374385378383, "max_depth": 3.0, "min_child_weight": 4559.276222080838, "num_boost_round": 31.0, "subsample": 0.31906716894567666}, "datetime": {"datetime": "2024-01-20 15:21:06", "elapsed": 3419.725855, "delta": 0.004551}}
{"target": -13.495455871309204, "params": {"colsample_bytree": 0.6089410122190095, "eta": 0.09810960918034803, "gamma": 757.5374385378383, "max_depth": 3.0, "min_child_weight": 4559.276222080838, "num_boost_round": 32.0, "subsample": 0.31906716894567666}, "datetime": {"datetime": "2024-01-20 15:21:06", "elapsed": 3419.730542, "delta": 0.004687}}
{"target": -13.4955899921904, "params": {"colsample_bytree": 0.6089410122190095, "eta": 0.09810960918034803, "gamma": 757.5374385378383, "max_depth": 3.0, "min_child_weight": 4559.276222080838, "num_boost_round": 33.0, "subsample": 0.31906716894567666}, "datetime": {"datetime": "2024-01-20 15:21:06", "elapsed": 3419.735087, "delta": 0.004545}}
{"target": -13.49560452502027, "params": {"colsample_bytree": 0.6089410122190095, "eta": 0.09810960918034803, "gamma": 757.5374385378383, "max_depth": 3.0, "min_child_weight": 4559.276222080838, "num_boost_round": 34.0, "subsample": 0.31906716894567666}, "datetime": {"datetime": "2024-01-20 15:21:06", "elapsed": 3419.739615, "delta": 0.004528}}
{"target": -13.495493494740941, "params": {"colsample_bytree": 0.6089410122190095, "eta": 0.09810960918034803, "gamma": 757.5374385378383, "max_depth": 3.0, "min_child_weight": 4559.276222080838, "num_boost_round": 35.0, "subsample": 0.31906716894567666}, "datetime": {"datetime": "2024-01-20 15:21:06", "elapsed": 3419.744186, "delta": 0.004571}}
