{"target": -13.397637481816256, "params": {"colsample_bytree": 0.5939321535345923, "eta": 0.07152178474357823, "gamma": 602.7633760716438, "max_depth": 6.0, "min_child_weight": 4237.124338589708, "num_boost_round": 1.0, "subsample": 0.49382849013642327}, "datetime": {"datetime": "2024-01-20 14:24:25", "elapsed": 0.0, "delta": 0.0}}
{"target": -13.397379219499635, "params": {"colsample_bytree": 0.5939321535345923, "eta": 0.07152178474357823, "gamma": 602.7633760716438, "max_depth": 6.0, "min_child_weight": 4237.124338589708, "num_boost_round": 2.0, "subsample": 0.49382849013642327}, "datetime": {"datetime": "2024-01-20 14:24:48", "elapsed": 23.518692, "delta": 23.518692}}
{"target": -13.397635636331792, "params": {"colsample_bytree": 0.5939321535345923, "eta": 0.07152178474357823, "gamma": 602.7633760716438, "max_depth": 6.0, "min_child_weight": 4237.124338589708, "num_boost_round": 3.0, "subsample": 0.49382849013642327}, "datetime": {"datetime": "2024-01-20 14:24:48", "elapsed": 23.518886, "delta": 0.000194}}
{"target": -13.398052078909453, "params": {"colsample_bytree": 0.5939321535345923, "eta": 0.07152178474357823, "gamma": 602.7633760716438, "max_depth": 6.0, "min_child_weight": 4237.124338589708, "num_boost_round": 4.0, "subsample": 0.49382849013642327}, "datetime": {"datetime": "2024-01-20 14:24:48", "elapsed": 23.519024, "delta": 0.000138}}
{"target": -13.398206401328297, "params": {"colsample_bytree": 0.5939321535345923, "eta": 0.07152178474357823, "gamma": 602.7633760716438, "max_depth": 6.0, "min_child_weight": 4237.124338589708, "num_boost_round": 5.0, "subsample": 0.49382849013642327}, "datetime": {"datetime": "2024-01-20 14:24:48", "elapsed": 23.519177, "delta": 0.000153}}
{"target": -13.399084000150065, "params": {"colsample_bytree": 0.5939321535345923, "eta": 0.07152178474357823, "gamma": 602.7633760716438, "max_depth": 6.0, "min_child_weight": 4237.124338589708, "num_boost_round": 6.0, "subsample": 0.49382849013642327}, "datetime": {"datetime": "2024-01-20 14:24:48", "elapsed": 23.519441, "delta": 0.000264}}
{"target": -13.400097334412804, "params": {"colsample_bytree": 0.5939321535345923, "eta": 0.07152178474357823, "gamma": 602.7633760716438, "max_depth": 6.0, "min_child_weight": 4237.124338589708, "num_boost_round": 7.0, "subsample": 0.49382849013642327}, "datetime": {"datetime": "2024-01-20 14:24:48", "elapsed": 23.519581, "delta": 0.00014}}
{"target": -13.40061513337746, "params": {"colsample_bytree": 0.5939321535345923, "eta": 0.07152178474357823, "gamma": 602.7633760716438, "max_depth": 6.0, "min_child_weight": 4237.124338589708, "num_boost_round": 8.0, "subsample": 0.49382849013642327}, "datetime": {"datetime": "2024-01-20 14:24:48", "elapsed": 23.519732, "delta": 0.000151}}
{"target": -13.401184418893465, "params": {"colsample_bytree": 0.5939321535345923, "eta": 0.07152178474357823, "gamma": 602.7633760716438, "max_depth": 6.0, "min_child_weight": 4237.124338589708, "num_boost_round": 9.0, "subsample": 0.49382849013642327}, "datetime": {"datetime": "2024-01-20 14:24:48", "elapsed": 23.519866, "delta": 0.000134}}
{"target": -13.401711726457698, "params": {"colsample_bytree": 0.5939321535345923, "eta": 0.07152178474357823, "gamma": 602.7633760716438, "max_depth": 6.0, "min_child_weight": 4237.124338589708, "num_boost_round": 10.0, "subsample": 0.49382849013642327}, "datetime": {"datetime": "2024-01-20 14:24:48", "elapsed": 23.519989, "delta": 0.000123}}
{"target": -13.4026934646667, "params": {"colsample_bytree": 0.5939321535345923, "eta": 0.07152178474357823, "gamma": 602.7633760716438, "max_depth": 6.0, "min_child_weight": 4237.124338589708, "num_boost_round": 11.0, "subsample": 0.49382849013642327}, "datetime": {"datetime": "2024-01-20 14:24:48", "elapsed": 23.520113, "delta": 0.000124}}
{"target": -13.403476404102111, "params": {"colsample_bytree": 0.5939321535345923, "eta": 0.07152178474357823, "gamma": 602.7633760716438, "max_depth": 6.0, "min_child_weight": 4237.124338589708, "num_boost_round": 12.0, "subsample": 0.49382849013642327}, "datetime": {"datetime": "2024-01-20 14:24:48", "elapsed": 23.520233, "delta": 0.00012}}
{"target": -13.403328466378905, "params": {"colsample_bytree": 0.5939321535345923, "eta": 0.07152178474357823, "gamma": 602.7633760716438, "max_depth": 6.0, "min_child_weight": 4237.124338589708, "num_boost_round": 13.0, "subsample": 0.49382849013642327}, "datetime": {"datetime": "2024-01-20 14:24:48", "elapsed": 23.526231, "delta": 0.005998}}
{"target": -13.404115292413639, "params": {"colsample_bytree": 0.5939321535345923, "eta": 0.07152178474357823, "gamma": 602.7633760716438, "max_depth": 6.0, "min_child_weight": 4237.124338589708, "num_boost_round": 14.0, "subsample": 0.49382849013642327}, "datetime": {"datetime": "2024-01-20 14:24:48", "elapsed": 23.526364, "delta": 0.000133}}
{"target": -13.404975326042049, "params": {"colsample_bytree": 0.5939321535345923, "eta": 0.07152178474357823, "gamma": 602.7633760716438, "max_depth": 6.0, "min_child_weight": 4237.124338589708, "num_boost_round": 15.0, "subsample": 0.49382849013642327}, "datetime": {"datetime": "2024-01-20 14:24:48", "elapsed": 23.526486, "delta": 0.000122}}
{"target": -13.405364282612815, "params": {"colsample_bytree": 0.5939321535345923, "eta": 0.07152178474357823, "gamma": 602.7633760716438, "max_depth": 6.0, "min_child_weight": 4237.124338589708, "num_boost_round": 16.0, "subsample": 0.49382849013642327}, "datetime": {"datetime": "2024-01-20 14:24:48", "elapsed": 23.526614, "delta": 0.000128}}
{"target": -13.40589883770103, "params": {"colsample_bytree": 0.5939321535345923, "eta": 0.07152178474357823, "gamma": 602.7633760716438, "max_depth": 6.0, "min_child_weight": 4237.124338589708, "num_boost_round": 17.0, "subsample": 0.49382849013642327}, "datetime": {"datetime": "2024-01-20 14:24:48", "elapsed": 23.526739, "delta": 0.000125}}
{"target": -13.406898178230364, "params": {"colsample_bytree": 0.5939321535345923, "eta": 0.07152178474357823, "gamma": 602.7633760716438, "max_depth": 6.0, "min_child_weight": 4237.124338589708, "num_boost_round": 18.0, "subsample": 0.49382849013642327}, "datetime": {"datetime": "2024-01-20 14:24:48", "elapsed": 23.526862, "delta": 0.000123}}
{"target": -13.407552086153844, "params": {"colsample_bytree": 0.5939321535345923, "eta": 0.07152178474357823, "gamma": 602.7633760716438, "max_depth": 6.0, "min_child_weight": 4237.124338589708, "num_boost_round": 19.0, "subsample": 0.49382849013642327}, "datetime": {"datetime": "2024-01-20 14:24:48", "elapsed": 23.526985, "delta": 0.000123}}
{"target": -13.408154105407208, "params": {"colsample_bytree": 0.5939321535345923, "eta": 0.07152178474357823, "gamma": 602.7633760716438, "max_depth": 6.0, "min_child_weight": 4237.124338589708, "num_boost_round": 20.0, "subsample": 0.49382849013642327}, "datetime": {"datetime": "2024-01-20 14:24:48", "elapsed": 23.527111, "delta": 0.000126}}
{"target": -13.408533021041293, "params": {"colsample_bytree": 0.5939321535345923, "eta": 0.07152178474357823, "gamma": 602.7633760716438, "max_depth": 6.0, "min_child_weight": 4237.124338589708, "num_boost_round": 21.0, "subsample": 0.49382849013642327}, "datetime": {"datetime": "2024-01-20 14:24:48", "elapsed": 23.527235, "delta": 0.000124}}
{"target": -13.40923326499708, "params": {"colsample_bytree": 0.5939321535345923, "eta": 0.07152178474357823, "gamma": 602.7633760716438, "max_depth": 6.0, "min_child_weight": 4237.124338589708, "num_boost_round": 22.0, "subsample": 0.49382849013642327}, "datetime": {"datetime": "2024-01-20 14:24:48", "elapsed": 23.527386, "delta": 0.000151}}
{"target": -13.410213816648557, "params": {"colsample_bytree": 0.5939321535345923, "eta": 0.07152178474357823, "gamma": 602.7633760716438, "max_depth": 6.0, "min_child_weight": 4237.124338589708, "num_boost_round": 23.0, "subsample": 0.49382849013642327}, "datetime": {"datetime": "2024-01-20 14:24:48", "elapsed": 23.527534, "delta": 0.000148}}
{"target": -13.410761359253934, "params": {"colsample_bytree": 0.5939321535345923, "eta": 0.07152178474357823, "gamma": 602.7633760716438, "max_depth": 6.0, "min_child_weight": 4237.124338589708, "num_boost_round": 24.0, "subsample": 0.49382849013642327}, "datetime": {"datetime": "2024-01-20 14:24:48", "elapsed": 23.52787, "delta": 0.000336}}
{"target": -13.411186349016095, "params": {"colsample_bytree": 0.5939321535345923, "eta": 0.07152178474357823, "gamma": 602.7633760716438, "max_depth": 6.0, "min_child_weight": 4237.124338589708, "num_boost_round": 25.0, "subsample": 0.49382849013642327}, "datetime": {"datetime": "2024-01-20 14:24:48", "elapsed": 23.528006, "delta": 0.000136}}
{"target": -13.412010125417915, "params": {"colsample_bytree": 0.5939321535345923, "eta": 0.07152178474357823, "gamma": 602.7633760716438, "max_depth": 6.0, "min_child_weight": 4237.124338589708, "num_boost_round": 26.0, "subsample": 0.49382849013642327}, "datetime": {"datetime": "2024-01-20 14:24:48", "elapsed": 23.528137, "delta": 0.000131}}
{"target": -13.412255803801932, "params": {"colsample_bytree": 0.5939321535345923, "eta": 0.07152178474357823, "gamma": 602.7633760716438, "max_depth": 6.0, "min_child_weight": 4237.124338589708, "num_boost_round": 27.0, "subsample": 0.49382849013642327}, "datetime": {"datetime": "2024-01-20 14:24:48", "elapsed": 23.52827, "delta": 0.000133}}
{"target": -13.412845014292891, "params": {"colsample_bytree": 0.5939321535345923, "eta": 0.07152178474357823, "gamma": 602.7633760716438, "max_depth": 6.0, "min_child_weight": 4237.124338589708, "num_boost_round": 28.0, "subsample": 0.49382849013642327}, "datetime": {"datetime": "2024-01-20 14:24:48", "elapsed": 23.528401, "delta": 0.000131}}
{"target": -13.413067795525333, "params": {"colsample_bytree": 0.5939321535345923, "eta": 0.07152178474357823, "gamma": 602.7633760716438, "max_depth": 6.0, "min_child_weight": 4237.124338589708, "num_boost_round": 29.0, "subsample": 0.49382849013642327}, "datetime": {"datetime": "2024-01-20 14:24:48", "elapsed": 23.528543, "delta": 0.000142}}
{"target": -13.413472482451336, "params": {"colsample_bytree": 0.5939321535345923, "eta": 0.07152178474357823, "gamma": 602.7633760716438, "max_depth": 6.0, "min_child_weight": 4237.124338589708, "num_boost_round": 30.0, "subsample": 0.49382849013642327}, "datetime": {"datetime": "2024-01-20 14:24:48", "elapsed": 23.528684, "delta": 0.000141}}
{"target": -13.414219099652549, "params": {"colsample_bytree": 0.5939321535345923, "eta": 0.07152178474357823, "gamma": 602.7633760716438, "max_depth": 6.0, "min_child_weight": 4237.124338589708, "num_boost_round": 31.0, "subsample": 0.49382849013642327}, "datetime": {"datetime": "2024-01-20 14:24:48", "elapsed": 23.52882, "delta": 0.000136}}
{"target": -13.414968622154182, "params": {"colsample_bytree": 0.5939321535345923, "eta": 0.07152178474357823, "gamma": 602.7633760716438, "max_depth": 6.0, "min_child_weight": 4237.124338589708, "num_boost_round": 32.0, "subsample": 0.49382849013642327}, "datetime": {"datetime": "2024-01-20 14:24:48", "elapsed": 23.529083, "delta": 0.000263}}
{"target": -13.415603837670702, "params": {"colsample_bytree": 0.5939321535345923, "eta": 0.07152178474357823, "gamma": 602.7633760716438, "max_depth": 6.0, "min_child_weight": 4237.124338589708, "num_boost_round": 33.0, "subsample": 0.49382849013642327}, "datetime": {"datetime": "2024-01-20 14:24:48", "elapsed": 23.529224, "delta": 0.000141}}
{"target": -13.416378187124582, "params": {"colsample_bytree": 0.5939321535345923, "eta": 0.07152178474357823, "gamma": 602.7633760716438, "max_depth": 6.0, "min_child_weight": 4237.124338589708, "num_boost_round": 34.0, "subsample": 0.49382849013642327}, "datetime": {"datetime": "2024-01-20 14:24:48", "elapsed": 23.52937, "delta": 0.000146}}
{"target": -13.417198795140873, "params": {"colsample_bytree": 0.5939321535345923, "eta": 0.07152178474357823, "gamma": 602.7633760716438, "max_depth": 6.0, "min_child_weight": 4237.124338589708, "num_boost_round": 35.0, "subsample": 0.49382849013642327}, "datetime": {"datetime": "2024-01-20 14:24:48", "elapsed": 23.529525, "delta": 0.000155}}
{"target": -13.417870055431754, "params": {"colsample_bytree": 0.5939321535345923, "eta": 0.07152178474357823, "gamma": 602.7633760716438, "max_depth": 6.0, "min_child_weight": 4237.124338589708, "num_boost_round": 36.0, "subsample": 0.49382849013642327}, "datetime": {"datetime": "2024-01-20 14:24:48", "elapsed": 23.529678, "delta": 0.000153}}
{"target": -13.41785671601706, "params": {"colsample_bytree": 0.5939321535345923, "eta": 0.07152178474357823, "gamma": 602.7633760716438, "max_depth": 6.0, "min_child_weight": 4237.124338589708, "num_boost_round": 37.0, "subsample": 0.49382849013642327}, "datetime": {"datetime": "2024-01-20 14:24:48", "elapsed": 23.529827, "delta": 0.000149}}
{"target": -13.417915473725268, "params": {"colsample_bytree": 0.5939321535345923, "eta": 0.07152178474357823, "gamma": 602.7633760716438, "max_depth": 6.0, "min_child_weight": 4237.124338589708, "num_boost_round": 38.0, "subsample": 0.49382849013642327}, "datetime": {"datetime": "2024-01-20 14:24:48", "elapsed": 23.529977, "delta": 0.00015}}
{"target": -13.418387139344532, "params": {"colsample_bytree": 0.5939321535345923, "eta": 0.07152178474357823, "gamma": 602.7633760716438, "max_depth": 6.0, "min_child_weight": 4237.124338589708, "num_boost_round": 39.0, "subsample": 0.49382849013642327}, "datetime": {"datetime": "2024-01-20 14:24:48", "elapsed": 23.530125, "delta": 0.000148}}
{"target": -13.418679163870692, "params": {"colsample_bytree": 0.5939321535345923, "eta": 0.07152178474357823, "gamma": 602.7633760716438, "max_depth": 6.0, "min_child_weight": 4237.124338589708, "num_boost_round": 40.0, "subsample": 0.49382849013642327}, "datetime": {"datetime": "2024-01-20 14:24:48", "elapsed": 23.530276, "delta": 0.000151}}
{"target": -13.419124134768378, "params": {"colsample_bytree": 0.5939321535345923, "eta": 0.07152178474357823, "gamma": 602.7633760716438, "max_depth": 6.0, "min_child_weight": 4237.124338589708, "num_boost_round": 41.0, "subsample": 0.49382849013642327}, "datetime": {"datetime": "2024-01-20 14:24:48", "elapsed": 23.530425, "delta": 0.000149}}
{"target": -13.419748576746231, "params": {"colsample_bytree": 0.5939321535345923, "eta": 0.07152178474357823, "gamma": 602.7633760716438, "max_depth": 6.0, "min_child_weight": 4237.124338589708, "num_boost_round": 42.0, "subsample": 0.49382849013642327}, "datetime": {"datetime": "2024-01-20 14:24:48", "elapsed": 23.530586, "delta": 0.000161}}
{"target": -13.420217633339114, "params": {"colsample_bytree": 0.5939321535345923, "eta": 0.07152178474357823, "gamma": 602.7633760716438, "max_depth": 6.0, "min_child_weight": 4237.124338589708, "num_boost_round": 43.0, "subsample": 0.49382849013642327}, "datetime": {"datetime": "2024-01-20 14:24:48", "elapsed": 23.530745, "delta": 0.000159}}
{"target": -13.42040830985049, "params": {"colsample_bytree": 0.5939321535345923, "eta": 0.07152178474357823, "gamma": 602.7633760716438, "max_depth": 6.0, "min_child_weight": 4237.124338589708, "num_boost_round": 44.0, "subsample": 0.49382849013642327}, "datetime": {"datetime": "2024-01-20 14:24:48", "elapsed": 23.530899, "delta": 0.000154}}
{"target": -13.420652062058622, "params": {"colsample_bytree": 0.5939321535345923, "eta": 0.07152178474357823, "gamma": 602.7633760716438, "max_depth": 6.0, "min_child_weight": 4237.124338589708, "num_boost_round": 45.0, "subsample": 0.49382849013642327}, "datetime": {"datetime": "2024-01-20 14:24:48", "elapsed": 23.531053, "delta": 0.000154}}
{"target": -13.421184439344888, "params": {"colsample_bytree": 0.5939321535345923, "eta": 0.07152178474357823, "gamma": 602.7633760716438, "max_depth": 6.0, "min_child_weight": 4237.124338589708, "num_boost_round": 46.0, "subsample": 0.49382849013642327}, "datetime": {"datetime": "2024-01-20 14:24:48", "elapsed": 23.531206, "delta": 0.000153}}
{"target": -13.421579796623448, "params": {"colsample_bytree": 0.5939321535345923, "eta": 0.07152178474357823, "gamma": 602.7633760716438, "max_depth": 6.0, "min_child_weight": 4237.124338589708, "num_boost_round": 47.0, "subsample": 0.49382849013642327}, "datetime": {"datetime": "2024-01-20 14:24:48", "elapsed": 23.531359, "delta": 0.000153}}
{"target": -13.421977664736058, "params": {"colsample_bytree": 0.5939321535345923, "eta": 0.07152178474357823, "gamma": 602.7633760716438, "max_depth": 6.0, "min_child_weight": 4237.124338589708, "num_boost_round": 48.0, "subsample": 0.49382849013642327}, "datetime": {"datetime": "2024-01-20 14:24:48", "elapsed": 23.53152, "delta": 0.000161}}
{"target": -13.422231761752585, "params": {"colsample_bytree": 0.5939321535345923, "eta": 0.07152178474357823, "gamma": 602.7633760716438, "max_depth": 6.0, "min_child_weight": 4237.124338589708, "num_boost_round": 49.0, "subsample": 0.49382849013642327}, "datetime": {"datetime": "2024-01-20 14:24:48", "elapsed": 23.531677, "delta": 0.000157}}
{"target": -13.422489213258606, "params": {"colsample_bytree": 0.5939321535345923, "eta": 0.07152178474357823, "gamma": 602.7633760716438, "max_depth": 6.0, "min_child_weight": 4237.124338589708, "num_boost_round": 50.0, "subsample": 0.49382849013642327}, "datetime": {"datetime": "2024-01-20 14:24:48", "elapsed": 23.531835, "delta": 0.000158}}
{"target": -13.422839482756311, "params": {"colsample_bytree": 0.5939321535345923, "eta": 0.07152178474357823, "gamma": 602.7633760716438, "max_depth": 6.0, "min_child_weight": 4237.124338589708, "num_boost_round": 51.0, "subsample": 0.49382849013642327}, "datetime": {"datetime": "2024-01-20 14:24:48", "elapsed": 23.531996, "delta": 0.000161}}
{"target": -13.423110079588572, "params": {"colsample_bytree": 0.5939321535345923, "eta": 0.07152178474357823, "gamma": 602.7633760716438, "max_depth": 6.0, "min_child_weight": 4237.124338589708, "num_boost_round": 52.0, "subsample": 0.49382849013642327}, "datetime": {"datetime": "2024-01-20 14:24:48", "elapsed": 23.532157, "delta": 0.000161}}
{"target": -13.423715574121129, "params": {"colsample_bytree": 0.5939321535345923, "eta": 0.07152178474357823, "gamma": 602.7633760716438, "max_depth": 6.0, "min_child_weight": 4237.124338589708, "num_boost_round": 53.0, "subsample": 0.49382849013642327}, "datetime": {"datetime": "2024-01-20 14:24:48", "elapsed": 23.532322, "delta": 0.000165}}
{"target": -13.424097955945602, "params": {"colsample_bytree": 0.5939321535345923, "eta": 0.07152178474357823, "gamma": 602.7633760716438, "max_depth": 6.0, "min_child_weight": 4237.124338589708, "num_boost_round": 54.0, "subsample": 0.49382849013642327}, "datetime": {"datetime": "2024-01-20 14:24:48", "elapsed": 23.532484, "delta": 0.000162}}
{"target": -13.42432504521908, "params": {"colsample_bytree": 0.5939321535345923, "eta": 0.07152178474357823, "gamma": 602.7633760716438, "max_depth": 6.0, "min_child_weight": 4237.124338589708, "num_boost_round": 55.0, "subsample": 0.49382849013642327}, "datetime": {"datetime": "2024-01-20 14:24:48", "elapsed": 23.532655, "delta": 0.000171}}
{"target": -13.424725931807966, "params": {"colsample_bytree": 0.5939321535345923, "eta": 0.07152178474357823, "gamma": 602.7633760716438, "max_depth": 6.0, "min_child_weight": 4237.124338589708, "num_boost_round": 56.0, "subsample": 0.49382849013642327}, "datetime": {"datetime": "2024-01-20 14:24:48", "elapsed": 23.53282, "delta": 0.000165}}
{"target": -13.425090181767196, "params": {"colsample_bytree": 0.5939321535345923, "eta": 0.07152178474357823, "gamma": 602.7633760716438, "max_depth": 6.0, "min_child_weight": 4237.124338589708, "num_boost_round": 57.0, "subsample": 0.49382849013642327}, "datetime": {"datetime": "2024-01-20 14:24:48", "elapsed": 23.532986, "delta": 0.000166}}
{"target": -13.42547769845095, "params": {"colsample_bytree": 0.5939321535345923, "eta": 0.07152178474357823, "gamma": 602.7633760716438, "max_depth": 6.0, "min_child_weight": 4237.124338589708, "num_boost_round": 58.0, "subsample": 0.49382849013642327}, "datetime": {"datetime": "2024-01-20 14:24:48", "elapsed": 23.533152, "delta": 0.000166}}
{"target": -13.426143011728144, "params": {"colsample_bytree": 0.5939321535345923, "eta": 0.07152178474357823, "gamma": 602.7633760716438, "max_depth": 6.0, "min_child_weight": 4237.124338589708, "num_boost_round": 59.0, "subsample": 0.49382849013642327}, "datetime": {"datetime": "2024-01-20 14:24:48", "elapsed": 23.533319, "delta": 0.000167}}
{"target": -13.426885936461964, "params": {"colsample_bytree": 0.5939321535345923, "eta": 0.07152178474357823, "gamma": 602.7633760716438, "max_depth": 6.0, "min_child_weight": 4237.124338589708, "num_boost_round": 60.0, "subsample": 0.49382849013642327}, "datetime": {"datetime": "2024-01-20 14:24:48", "elapsed": 23.533494, "delta": 0.000175}}
{"target": -13.427529352434588, "params": {"colsample_bytree": 0.5939321535345923, "eta": 0.07152178474357823, "gamma": 602.7633760716438, "max_depth": 6.0, "min_child_weight": 4237.124338589708, "num_boost_round": 61.0, "subsample": 0.49382849013642327}, "datetime": {"datetime": "2024-01-20 14:24:48", "elapsed": 23.533678, "delta": 0.000184}}
{"target": -13.427727675555726, "params": {"colsample_bytree": 0.5939321535345923, "eta": 0.07152178474357823, "gamma": 602.7633760716438, "max_depth": 6.0, "min_child_weight": 4237.124338589708, "num_boost_round": 62.0, "subsample": 0.49382849013642327}, "datetime": {"datetime": "2024-01-20 14:24:48", "elapsed": 23.53388, "delta": 0.000202}}
{"target": -13.428309340286559, "params": {"colsample_bytree": 0.5939321535345923, "eta": 0.07152178474357823, "gamma": 602.7633760716438, "max_depth": 6.0, "min_child_weight": 4237.124338589708, "num_boost_round": 63.0, "subsample": 0.49382849013642327}, "datetime": {"datetime": "2024-01-20 14:24:48", "elapsed": 23.534052, "delta": 0.000172}}
