{"target": -10.47804687560825, "params": {"colsample_bytree": 0.31451337810613456, "eta": 0.02845899304197593, "gamma": 395.74287674148223, "max_depth": 7.0, "min_child_weight": 4304.881719286153, "num_boost_round": 61.0, "subsample": 0.8202958449865029}, "datetime": {"datetime": "2024-01-20 13:43:56", "elapsed": 1128.860357, "delta": 0.001751}}
{"target": -10.478013819042934, "params": {"colsample_bytree": 0.31451337810613456, "eta": 0.02845899304197593, "gamma": 395.74287674148223, "max_depth": 7.0, "min_child_weight": 4304.881719286153, "num_boost_round": 62.0, "subsample": 0.8202958449865029}, "datetime": {"datetime": "2024-01-20 13:43:56", "elapsed": 1128.862138, "delta": 0.001781}}
{"target": -10.478206168773937, "params": {"colsample_bytree": 0.31451337810613456, "eta": 0.02845899304197593, "gamma": 395.74287674148223, "max_depth": 7.0, "min_child_weight": 4304.881719286153, "num_boost_round": 63.0, "subsample": 0.8202958449865029}, "datetime": {"datetime": "2024-01-20 13:43:56", "elapsed": 1128.872476, "delta": 0.010338}}
{"target": -10.478467722161927, "params": {"colsample_bytree": 0.31451337810613456, "eta": 0.02845899304197593, "gamma": 395.74287674148223, "max_depth": 7.0, "min_child_weight": 4304.881719286153, "num_boost_round": 64.0, "subsample": 0.8202958449865029}, "datetime": {"datetime": "2024-01-20 13:43:56", "elapsed": 1128.874308, "delta": 0.001832}}
{"target": -10.478704975449023, "params": {"colsample_bytree": 0.31451337810613456, "eta": 0.02845899304197593, "gamma": 395.74287674148223, "max_depth": 7.0, "min_child_weight": 4304.881719286153, "num_boost_round": 65.0, "subsample": 0.8202958449865029}, "datetime": {"datetime": "2024-01-20 13:43:56", "elapsed": 1128.876078, "delta": 0.00177}}
{"target": -10.478705147126362, "params": {"colsample_bytree": 0.31451337810613456, "eta": 0.02845899304197593, "gamma": 395.74287674148223, "max_depth": 7.0, "min_child_weight": 4304.881719286153, "num_boost_round": 66.0, "subsample": 0.8202958449865029}, "datetime": {"datetime": "2024-01-20 13:43:56", "elapsed": 1128.878001, "delta": 0.001923}}
{"target": -10.47894451496088, "params": {"colsample_bytree": 0.31451337810613456, "eta": 0.02845899304197593, "gamma": 395.74287674148223, "max_depth": 7.0, "min_child_weight": 4304.881719286153, "num_boost_round": 67.0, "subsample": 0.8202958449865029}, "datetime": {"datetime": "2024-01-20 13:43:56", "elapsed": 1128.8797, "delta": 0.001699}}
{"target": -10.479136372155331, "params": {"colsample_bytree": 0.31451337810613456, "eta": 0.02845899304197593, "gamma": 395.74287674148223, "max_depth": 7.0, "min_child_weight": 4304.881719286153, "num_boost_round": 68.0, "subsample": 0.8202958449865029}, "datetime": {"datetime": "2024-01-20 13:43:56", "elapsed": 1128.881411, "delta": 0.001711}}
{"target": -10.475419496328737, "params": {"colsample_bytree": 0.18013531670139782, "eta": 0.09768683403116707, "gamma": 355.5293507340671, "max_depth": 5.0, "min_child_weight": 4171.906726448023, "num_boost_round": 1.0, "subsample": 0.7112246826433876}, "datetime": {"datetime": "2024-01-20 13:44:30", "elapsed": 1162.489958, "delta": 33.608547}}
{"target": -10.475132342680267, "params": {"colsample_bytree": 0.18013531670139782, "eta": 0.09768683403116707, "gamma": 355.5293507340671, "max_depth": 5.0, "min_child_weight": 4171.906726448023, "num_boost_round": 2.0, "subsample": 0.7112246826433876}, "datetime": {"datetime": "2024-01-20 13:44:30", "elapsed": 1162.49255, "delta": 0.002592}}
{"target": -10.475523981530038, "params": {"colsample_bytree": 0.18013531670139782, "eta": 0.09768683403116707, "gamma": 355.5293507340671, "max_depth": 5.0, "min_child_weight": 4171.906726448023, "num_boost_round": 3.0, "subsample": 0.7112246826433876}, "datetime": {"datetime": "2024-01-20 13:44:30", "elapsed": 1162.494301, "delta": 0.001751}}
{"target": -10.476040442587912, "params": {"colsample_bytree": 0.18013531670139782, "eta": 0.09768683403116707, "gamma": 355.5293507340671, "max_depth": 5.0, "min_child_weight": 4171.906726448023, "num_boost_round": 4.0, "subsample": 0.7112246826433876}, "datetime": {"datetime": "2024-01-20 13:44:30", "elapsed": 1162.496393, "delta": 0.002092}}
{"target": -10.475915305190687, "params": {"colsample_bytree": 0.18013531670139782, "eta": 0.09768683403116707, "gamma": 355.5293507340671, "max_depth": 5.0, "min_child_weight": 4171.906726448023, "num_boost_round": 5.0, "subsample": 0.7112246826433876}, "datetime": {"datetime": "2024-01-20 13:44:30", "elapsed": 1162.498328, "delta": 0.001935}}
{"target": -10.476115773177938, "params": {"colsample_bytree": 0.18013531670139782, "eta": 0.09768683403116707, "gamma": 355.5293507340671, "max_depth": 5.0, "min_child_weight": 4171.906726448023, "num_boost_round": 6.0, "subsample": 0.7112246826433876}, "datetime": {"datetime": "2024-01-20 13:44:30", "elapsed": 1162.500028, "delta": 0.0017}}
{"target": -10.47650158696171, "params": {"colsample_bytree": 0.18013531670139782, "eta": 0.09768683403116707, "gamma": 355.5293507340671, "max_depth": 5.0, "min_child_weight": 4171.906726448023, "num_boost_round": 7.0, "subsample": 0.7112246826433876}, "datetime": {"datetime": "2024-01-20 13:44:30", "elapsed": 1162.501711, "delta": 0.001683}}
{"target": -10.476355475992378, "params": {"colsample_bytree": 0.18013531670139782, "eta": 0.09768683403116707, "gamma": 355.5293507340671, "max_depth": 5.0, "min_child_weight": 4171.906726448023, "num_boost_round": 8.0, "subsample": 0.7112246826433876}, "datetime": {"datetime": "2024-01-20 13:44:30", "elapsed": 1162.503394, "delta": 0.001683}}
{"target": -10.476225812355752, "params": {"colsample_bytree": 0.18013531670139782, "eta": 0.09768683403116707, "gamma": 355.5293507340671, "max_depth": 5.0, "min_child_weight": 4171.906726448023, "num_boost_round": 9.0, "subsample": 0.7112246826433876}, "datetime": {"datetime": "2024-01-20 13:44:30", "elapsed": 1162.505082, "delta": 0.001688}}
{"target": -10.477156584114411, "params": {"colsample_bytree": 0.18013531670139782, "eta": 0.09768683403116707, "gamma": 355.5293507340671, "max_depth": 5.0, "min_child_weight": 4171.906726448023, "num_boost_round": 10.0, "subsample": 0.7112246826433876}, "datetime": {"datetime": "2024-01-20 13:44:30", "elapsed": 1162.506764, "delta": 0.001682}}
{"target": -10.47802737305075, "params": {"colsample_bytree": 0.18013531670139782, "eta": 0.09768683403116707, "gamma": 355.5293507340671, "max_depth": 5.0, "min_child_weight": 4171.906726448023, "num_boost_round": 11.0, "subsample": 0.7112246826433876}, "datetime": {"datetime": "2024-01-20 13:44:30", "elapsed": 1162.508427, "delta": 0.001663}}
{"target": -10.477946507720711, "params": {"colsample_bytree": 0.18013531670139782, "eta": 0.09768683403116707, "gamma": 355.5293507340671, "max_depth": 5.0, "min_child_weight": 4171.906726448023, "num_boost_round": 12.0, "subsample": 0.7112246826433876}, "datetime": {"datetime": "2024-01-20 13:44:30", "elapsed": 1162.510249, "delta": 0.001822}}
{"target": -10.478144729867363, "params": {"colsample_bytree": 0.18013531670139782, "eta": 0.09768683403116707, "gamma": 355.5293507340671, "max_depth": 5.0, "min_child_weight": 4171.906726448023, "num_boost_round": 13.0, "subsample": 0.7112246826433876}, "datetime": {"datetime": "2024-01-20 13:44:30", "elapsed": 1162.512144, "delta": 0.001895}}
{"target": -10.47829353082768, "params": {"colsample_bytree": 0.18013531670139782, "eta": 0.09768683403116707, "gamma": 355.5293507340671, "max_depth": 5.0, "min_child_weight": 4171.906726448023, "num_boost_round": 14.0, "subsample": 0.7112246826433876}, "datetime": {"datetime": "2024-01-20 13:44:30", "elapsed": 1162.513872, "delta": 0.001728}}
{"target": -10.478662800609069, "params": {"colsample_bytree": 0.18013531670139782, "eta": 0.09768683403116707, "gamma": 355.5293507340671, "max_depth": 5.0, "min_child_weight": 4171.906726448023, "num_boost_round": 15.0, "subsample": 0.7112246826433876}, "datetime": {"datetime": "2024-01-20 13:44:30", "elapsed": 1162.51565, "delta": 0.001778}}
{"target": -10.479559884797114, "params": {"colsample_bytree": 0.18013531670139782, "eta": 0.09768683403116707, "gamma": 355.5293507340671, "max_depth": 5.0, "min_child_weight": 4171.906726448023, "num_boost_round": 16.0, "subsample": 0.7112246826433876}, "datetime": {"datetime": "2024-01-20 13:44:30", "elapsed": 1162.51733, "delta": 0.00168}}
{"target": -10.480510368929568, "params": {"colsample_bytree": 0.18013531670139782, "eta": 0.09768683403116707, "gamma": 355.5293507340671, "max_depth": 5.0, "min_child_weight": 4171.906726448023, "num_boost_round": 17.0, "subsample": 0.7112246826433876}, "datetime": {"datetime": "2024-01-20 13:44:30", "elapsed": 1162.518992, "delta": 0.001662}}
{"target": -10.48074592721565, "params": {"colsample_bytree": 0.18013531670139782, "eta": 0.09768683403116707, "gamma": 355.5293507340671, "max_depth": 5.0, "min_child_weight": 4171.906726448023, "num_boost_round": 18.0, "subsample": 0.7112246826433876}, "datetime": {"datetime": "2024-01-20 13:44:30", "elapsed": 1162.52068, "delta": 0.001688}}
{"target": -10.47611141212537, "params": {"colsample_bytree": 0.9856396192995054, "eta": 0.0014534507012264324, "gamma": 817.113000221433, "max_depth": 3.0, "min_child_weight": 4407.75747228541, "num_boost_round": 1.0, "subsample": 0.19134504931006602}, "datetime": {"datetime": "2024-01-20 13:44:53", "elapsed": 1185.196759, "delta": 22.676079}}
{"target": -10.476095826594017, "params": {"colsample_bytree": 0.9856396192995054, "eta": 0.0014534507012264324, "gamma": 817.113000221433, "max_depth": 3.0, "min_child_weight": 4407.75747228541, "num_boost_round": 2.0, "subsample": 0.19134504931006602}, "datetime": {"datetime": "2024-01-20 13:44:53", "elapsed": 1185.198646, "delta": 0.001887}}
{"target": -10.47607982947656, "params": {"colsample_bytree": 0.9856396192995054, "eta": 0.0014534507012264324, "gamma": 817.113000221433, "max_depth": 3.0, "min_child_weight": 4407.75747228541, "num_boost_round": 3.0, "subsample": 0.19134504931006602}, "datetime": {"datetime": "2024-01-20 13:44:53", "elapsed": 1185.200331, "delta": 0.001685}}
{"target": -10.476066133355804, "params": {"colsample_bytree": 0.9856396192995054, "eta": 0.0014534507012264324, "gamma": 817.113000221433, "max_depth": 3.0, "min_child_weight": 4407.75747228541, "num_boost_round": 4.0, "subsample": 0.19134504931006602}, "datetime": {"datetime": "2024-01-20 13:44:53", "elapsed": 1185.20224, "delta": 0.001909}}
{"target": -10.476055982824864, "params": {"colsample_bytree": 0.9856396192995054, "eta": 0.0014534507012264324, "gamma": 817.113000221433, "max_depth": 3.0, "min_child_weight": 4407.75747228541, "num_boost_round": 5.0, "subsample": 0.19134504931006602}, "datetime": {"datetime": "2024-01-20 13:44:53", "elapsed": 1185.203906, "delta": 0.001666}}
{"target": -10.475760404711298, "params": {"colsample_bytree": 0.23911769048995674, "eta": 0.052775862500987494, "gamma": 706.9416348885125, "max_depth": 7.0, "min_child_weight": 4380.024884533647, "num_boost_round": 1.0, "subsample": 0.97133078715825}, "datetime": {"datetime": "2024-01-20 13:45:17", "elapsed": 1209.644716, "delta": 24.44081}}
{"target": -10.475580835145227, "params": {"colsample_bytree": 0.23911769048995674, "eta": 0.052775862500987494, "gamma": 706.9416348885125, "max_depth": 7.0, "min_child_weight": 4380.024884533647, "num_boost_round": 2.0, "subsample": 0.97133078715825}, "datetime": {"datetime": "2024-01-20 13:45:17", "elapsed": 1209.64736, "delta": 0.002644}}
{"target": -10.475546850916883, "params": {"colsample_bytree": 0.23911769048995674, "eta": 0.052775862500987494, "gamma": 706.9416348885125, "max_depth": 7.0, "min_child_weight": 4380.024884533647, "num_boost_round": 3.0, "subsample": 0.97133078715825}, "datetime": {"datetime": "2024-01-20 13:45:17", "elapsed": 1209.649259, "delta": 0.001899}}
{"target": -10.475472993089255, "params": {"colsample_bytree": 0.23911769048995674, "eta": 0.052775862500987494, "gamma": 706.9416348885125, "max_depth": 7.0, "min_child_weight": 4380.024884533647, "num_boost_round": 4.0, "subsample": 0.97133078715825}, "datetime": {"datetime": "2024-01-20 13:45:17", "elapsed": 1209.650957, "delta": 0.001698}}
{"target": -10.475327913741083, "params": {"colsample_bytree": 0.23911769048995674, "eta": 0.052775862500987494, "gamma": 706.9416348885125, "max_depth": 7.0, "min_child_weight": 4380.024884533647, "num_boost_round": 5.0, "subsample": 0.97133078715825}, "datetime": {"datetime": "2024-01-20 13:45:17", "elapsed": 1209.652643, "delta": 0.001686}}
{"target": -10.475417979709377, "params": {"colsample_bytree": 0.23911769048995674, "eta": 0.052775862500987494, "gamma": 706.9416348885125, "max_depth": 7.0, "min_child_weight": 4380.024884533647, "num_boost_round": 6.0, "subsample": 0.97133078715825}, "datetime": {"datetime": "2024-01-20 13:45:17", "elapsed": 1209.654295, "delta": 0.001652}}
{"target": -10.47542734300153, "params": {"colsample_bytree": 0.23911769048995674, "eta": 0.052775862500987494, "gamma": 706.9416348885125, "max_depth": 7.0, "min_child_weight": 4380.024884533647, "num_boost_round": 7.0, "subsample": 0.97133078715825}, "datetime": {"datetime": "2024-01-20 13:45:17", "elapsed": 1209.655949, "delta": 0.001654}}
{"target": -10.475589624372287, "params": {"colsample_bytree": 0.472658162687575, "eta": 0.062223277135873827, "gamma": 873.4141570274306, "max_depth": 5.0, "min_child_weight": 4387.291204728188, "num_boost_round": 1.0, "subsample": 0.8508058593690897}, "datetime": {"datetime": "2024-01-20 13:45:48", "elapsed": 1240.888498, "delta": 31.232549}}
{"target": -10.474962399282553, "params": {"colsample_bytree": 0.472658162687575, "eta": 0.062223277135873827, "gamma": 873.4141570274306, "max_depth": 5.0, "min_child_weight": 4387.291204728188, "num_boost_round": 2.0, "subsample": 0.8508058593690897}, "datetime": {"datetime": "2024-01-20 13:45:48", "elapsed": 1240.891226, "delta": 0.002728}}
{"target": -10.47499259355391, "params": {"colsample_bytree": 0.472658162687575, "eta": 0.062223277135873827, "gamma": 873.4141570274306, "max_depth": 5.0, "min_child_weight": 4387.291204728188, "num_boost_round": 3.0, "subsample": 0.8508058593690897}, "datetime": {"datetime": "2024-01-20 13:45:48", "elapsed": 1240.892942, "delta": 0.001716}}
{"target": -10.474602516949531, "params": {"colsample_bytree": 0.472658162687575, "eta": 0.062223277135873827, "gamma": 873.4141570274306, "max_depth": 5.0, "min_child_weight": 4387.291204728188, "num_boost_round": 4.0, "subsample": 0.8508058593690897}, "datetime": {"datetime": "2024-01-20 13:45:48", "elapsed": 1240.894583, "delta": 0.001641}}
{"target": -10.473996322270164, "params": {"colsample_bytree": 0.472658162687575, "eta": 0.062223277135873827, "gamma": 873.4141570274306, "max_depth": 5.0, "min_child_weight": 4387.291204728188, "num_boost_round": 5.0, "subsample": 0.8508058593690897}, "datetime": {"datetime": "2024-01-20 13:45:48", "elapsed": 1240.896229, "delta": 0.001646}}
{"target": -10.474308061727575, "params": {"colsample_bytree": 0.472658162687575, "eta": 0.062223277135873827, "gamma": 873.4141570274306, "max_depth": 5.0, "min_child_weight": 4387.291204728188, "num_boost_round": 6.0, "subsample": 0.8508058593690897}, "datetime": {"datetime": "2024-01-20 13:45:48", "elapsed": 1240.89788, "delta": 0.001651}}
{"target": -10.474334856704182, "params": {"colsample_bytree": 0.472658162687575, "eta": 0.062223277135873827, "gamma": 873.4141570274306, "max_depth": 5.0, "min_child_weight": 4387.291204728188, "num_boost_round": 7.0, "subsample": 0.8508058593690897}, "datetime": {"datetime": "2024-01-20 13:45:48", "elapsed": 1240.899516, "delta": 0.001636}}
{"target": -10.474202618384286, "params": {"colsample_bytree": 0.472658162687575, "eta": 0.062223277135873827, "gamma": 873.4141570274306, "max_depth": 5.0, "min_child_weight": 4387.291204728188, "num_boost_round": 8.0, "subsample": 0.8508058593690897}, "datetime": {"datetime": "2024-01-20 13:45:48", "elapsed": 1240.901244, "delta": 0.001728}}
{"target": -10.474358978616985, "params": {"colsample_bytree": 0.472658162687575, "eta": 0.062223277135873827, "gamma": 873.4141570274306, "max_depth": 5.0, "min_child_weight": 4387.291204728188, "num_boost_round": 9.0, "subsample": 0.8508058593690897}, "datetime": {"datetime": "2024-01-20 13:45:48", "elapsed": 1240.903508, "delta": 0.002264}}
{"target": -10.474328660677905, "params": {"colsample_bytree": 0.472658162687575, "eta": 0.062223277135873827, "gamma": 873.4141570274306, "max_depth": 5.0, "min_child_weight": 4387.291204728188, "num_boost_round": 10.0, "subsample": 0.8508058593690897}, "datetime": {"datetime": "2024-01-20 13:45:48", "elapsed": 1240.90518, "delta": 0.001672}}
{"target": -10.4745233939272, "params": {"colsample_bytree": 0.472658162687575, "eta": 0.062223277135873827, "gamma": 873.4141570274306, "max_depth": 5.0, "min_child_weight": 4387.291204728188, "num_boost_round": 11.0, "subsample": 0.8508058593690897}, "datetime": {"datetime": "2024-01-20 13:45:48", "elapsed": 1240.906818, "delta": 0.001638}}
{"target": -10.474613149627697, "params": {"colsample_bytree": 0.472658162687575, "eta": 0.062223277135873827, "gamma": 873.4141570274306, "max_depth": 5.0, "min_child_weight": 4387.291204728188, "num_boost_round": 12.0, "subsample": 0.8508058593690897}, "datetime": {"datetime": "2024-01-20 13:45:48", "elapsed": 1240.908553, "delta": 0.001735}}
{"target": -10.474962440521272, "params": {"colsample_bytree": 0.472658162687575, "eta": 0.062223277135873827, "gamma": 873.4141570274306, "max_depth": 5.0, "min_child_weight": 4387.291204728188, "num_boost_round": 13.0, "subsample": 0.8508058593690897}, "datetime": {"datetime": "2024-01-20 13:45:48", "elapsed": 1240.9103, "delta": 0.001747}}
{"target": -10.474623130435736, "params": {"colsample_bytree": 0.472658162687575, "eta": 0.062223277135873827, "gamma": 873.4141570274306, "max_depth": 5.0, "min_child_weight": 4387.291204728188, "num_boost_round": 14.0, "subsample": 0.8508058593690897}, "datetime": {"datetime": "2024-01-20 13:45:48", "elapsed": 1240.911941, "delta": 0.001641}}
{"target": -10.474995811052786, "params": {"colsample_bytree": 0.472658162687575, "eta": 0.062223277135873827, "gamma": 873.4141570274306, "max_depth": 5.0, "min_child_weight": 4387.291204728188, "num_boost_round": 15.0, "subsample": 0.8508058593690897}, "datetime": {"datetime": "2024-01-20 13:45:48", "elapsed": 1240.913586, "delta": 0.001645}}
{"target": -10.475478970772011, "params": {"colsample_bytree": 0.472658162687575, "eta": 0.062223277135873827, "gamma": 873.4141570274306, "max_depth": 5.0, "min_child_weight": 4387.291204728188, "num_boost_round": 16.0, "subsample": 0.8508058593690897}, "datetime": {"datetime": "2024-01-20 13:45:48", "elapsed": 1240.915219, "delta": 0.001633}}
{"target": -10.475933524494682, "params": {"colsample_bytree": 0.472658162687575, "eta": 0.062223277135873827, "gamma": 873.4141570274306, "max_depth": 5.0, "min_child_weight": 4387.291204728188, "num_boost_round": 17.0, "subsample": 0.8508058593690897}, "datetime": {"datetime": "2024-01-20 13:45:48", "elapsed": 1240.916909, "delta": 0.00169}}
{"target": -10.47600457156426, "params": {"colsample_bytree": 0.472658162687575, "eta": 0.062223277135873827, "gamma": 873.4141570274306, "max_depth": 5.0, "min_child_weight": 4387.291204728188, "num_boost_round": 18.0, "subsample": 0.8508058593690897}, "datetime": {"datetime": "2024-01-20 13:45:48", "elapsed": 1240.918667, "delta": 0.001758}}
{"target": -10.476050519593574, "params": {"colsample_bytree": 0.472658162687575, "eta": 0.062223277135873827, "gamma": 873.4141570274306, "max_depth": 5.0, "min_child_weight": 4387.291204728188, "num_boost_round": 19.0, "subsample": 0.8508058593690897}, "datetime": {"datetime": "2024-01-20 13:45:48", "elapsed": 1240.920328, "delta": 0.001661}}
{"target": -10.476496244077646, "params": {"colsample_bytree": 0.472658162687575, "eta": 0.062223277135873827, "gamma": 873.4141570274306, "max_depth": 5.0, "min_child_weight": 4387.291204728188, "num_boost_round": 20.0, "subsample": 0.8508058593690897}, "datetime": {"datetime": "2024-01-20 13:45:48", "elapsed": 1240.921981, "delta": 0.001653}}
{"target": -10.476218910013053, "params": {"colsample_bytree": 0.2084486236210002, "eta": 0.09361789462080361, "gamma": 751.143301406994, "max_depth": 3.0, "min_child_weight": 4448.116897618634, "num_boost_round": 1.0, "subsample": 0.1805762996144968}, "datetime": {"datetime": "2024-01-20 13:46:15", "elapsed": 1267.580652, "delta": 26.658671}}
{"target": -10.476230621323413, "params": {"colsample_bytree": 0.2084486236210002, "eta": 0.09361789462080361, "gamma": 751.143301406994, "max_depth": 3.0, "min_child_weight": 4448.116897618634, "num_boost_round": 2.0, "subsample": 0.1805762996144968}, "datetime": {"datetime": "2024-01-20 13:46:15", "elapsed": 1267.583304, "delta": 0.002652}}
{"target": -10.476065358290084, "params": {"colsample_bytree": 0.2084486236210002, "eta": 0.09361789462080361, "gamma": 751.143301406994, "max_depth": 3.0, "min_child_weight": 4448.116897618634, "num_boost_round": 3.0, "subsample": 0.1805762996144968}, "datetime": {"datetime": "2024-01-20 13:46:15", "elapsed": 1267.585259, "delta": 0.001955}}
{"target": -10.476119023447055, "params": {"colsample_bytree": 0.2084486236210002, "eta": 0.09361789462080361, "gamma": 751.143301406994, "max_depth": 3.0, "min_child_weight": 4448.116897618634, "num_boost_round": 4.0, "subsample": 0.1805762996144968}, "datetime": {"datetime": "2024-01-20 13:46:15", "elapsed": 1267.587183, "delta": 0.001924}}
{"target": -10.476296699905156, "params": {"colsample_bytree": 0.2084486236210002, "eta": 0.09361789462080361, "gamma": 751.143301406994, "max_depth": 3.0, "min_child_weight": 4448.116897618634, "num_boost_round": 5.0, "subsample": 0.1805762996144968}, "datetime": {"datetime": "2024-01-20 13:46:15", "elapsed": 1267.588935, "delta": 0.001752}}
