{"target": -10.298602233772721, "params": {"colsample_bytree": 0.16220444060813843, "eta": 0.012200690128663814, "gamma": 963.8678833787332, "max_depth": 2.0, "min_child_weight": 4298.821142014862, "num_boost_round": 18.0, "subsample": 0.7143342450392856}, "datetime": {"datetime": "2024-01-20 15:24:30", "elapsed": 7368.374431, "delta": 0.004719}}
{"target": -10.298662896301188, "params": {"colsample_bytree": 0.16220444060813843, "eta": 0.012200690128663814, "gamma": 963.8678833787332, "max_depth": 2.0, "min_child_weight": 4298.821142014862, "num_boost_round": 19.0, "subsample": 0.7143342450392856}, "datetime": {"datetime": "2024-01-20 15:24:30", "elapsed": 7368.379134, "delta": 0.004703}}
{"target": -10.298658814956283, "params": {"colsample_bytree": 0.16220444060813843, "eta": 0.012200690128663814, "gamma": 963.8678833787332, "max_depth": 2.0, "min_child_weight": 4298.821142014862, "num_boost_round": 20.0, "subsample": 0.7143342450392856}, "datetime": {"datetime": "2024-01-20 15:24:30", "elapsed": 7368.383752, "delta": 0.004618}}
{"target": -10.29869759195013, "params": {"colsample_bytree": 0.16220444060813843, "eta": 0.012200690128663814, "gamma": 963.8678833787332, "max_depth": 2.0, "min_child_weight": 4298.821142014862, "num_boost_round": 21.0, "subsample": 0.7143342450392856}, "datetime": {"datetime": "2024-01-20 15:24:30", "elapsed": 7368.38861, "delta": 0.004858}}
{"target": -10.29873113986353, "params": {"colsample_bytree": 0.16220444060813843, "eta": 0.012200690128663814, "gamma": 963.8678833787332, "max_depth": 2.0, "min_child_weight": 4298.821142014862, "num_boost_round": 22.0, "subsample": 0.7143342450392856}, "datetime": {"datetime": "2024-01-20 15:24:30", "elapsed": 7368.393247, "delta": 0.004637}}
{"target": -10.298804282327062, "params": {"colsample_bytree": 0.16220444060813843, "eta": 0.012200690128663814, "gamma": 963.8678833787332, "max_depth": 2.0, "min_child_weight": 4298.821142014862, "num_boost_round": 23.0, "subsample": 0.7143342450392856}, "datetime": {"datetime": "2024-01-20 15:24:30", "elapsed": 7368.398022, "delta": 0.004775}}
{"target": -10.298851625151503, "params": {"colsample_bytree": 0.16220444060813843, "eta": 0.012200690128663814, "gamma": 963.8678833787332, "max_depth": 2.0, "min_child_weight": 4298.821142014862, "num_boost_round": 24.0, "subsample": 0.7143342450392856}, "datetime": {"datetime": "2024-01-20 15:24:30", "elapsed": 7368.402743, "delta": 0.004721}}
{"target": -10.298824602004125, "params": {"colsample_bytree": 0.16220444060813843, "eta": 0.012200690128663814, "gamma": 963.8678833787332, "max_depth": 2.0, "min_child_weight": 4298.821142014862, "num_boost_round": 25.0, "subsample": 0.7143342450392856}, "datetime": {"datetime": "2024-01-20 15:24:30", "elapsed": 7368.407597, "delta": 0.004854}}
{"target": -10.29892421303613, "params": {"colsample_bytree": 0.16220444060813843, "eta": 0.012200690128663814, "gamma": 963.8678833787332, "max_depth": 2.0, "min_child_weight": 4298.821142014862, "num_boost_round": 26.0, "subsample": 0.7143342450392856}, "datetime": {"datetime": "2024-01-20 15:24:30", "elapsed": 7368.412437, "delta": 0.00484}}
{"target": -10.29890913093622, "params": {"colsample_bytree": 0.16220444060813843, "eta": 0.012200690128663814, "gamma": 963.8678833787332, "max_depth": 2.0, "min_child_weight": 4298.821142014862, "num_boost_round": 27.0, "subsample": 0.7143342450392856}, "datetime": {"datetime": "2024-01-20 15:24:30", "elapsed": 7368.416897, "delta": 0.00446}}
{"target": -10.298876177005575, "params": {"colsample_bytree": 0.16220444060813843, "eta": 0.012200690128663814, "gamma": 963.8678833787332, "max_depth": 2.0, "min_child_weight": 4298.821142014862, "num_boost_round": 28.0, "subsample": 0.7143342450392856}, "datetime": {"datetime": "2024-01-20 15:24:30", "elapsed": 7368.421345, "delta": 0.004448}}
{"target": -10.298903124856954, "params": {"colsample_bytree": 0.16220444060813843, "eta": 0.012200690128663814, "gamma": 963.8678833787332, "max_depth": 2.0, "min_child_weight": 4298.821142014862, "num_boost_round": 29.0, "subsample": 0.7143342450392856}, "datetime": {"datetime": "2024-01-20 15:24:30", "elapsed": 7368.425861, "delta": 0.004516}}
{"target": -10.298955542325054, "params": {"colsample_bytree": 0.16220444060813843, "eta": 0.012200690128663814, "gamma": 963.8678833787332, "max_depth": 2.0, "min_child_weight": 4298.821142014862, "num_boost_round": 30.0, "subsample": 0.7143342450392856}, "datetime": {"datetime": "2024-01-20 15:24:30", "elapsed": 7368.430764, "delta": 0.004903}}
{"target": -10.298983865356384, "params": {"colsample_bytree": 0.16220444060813843, "eta": 0.012200690128663814, "gamma": 963.8678833787332, "max_depth": 2.0, "min_child_weight": 4298.821142014862, "num_boost_round": 31.0, "subsample": 0.7143342450392856}, "datetime": {"datetime": "2024-01-20 15:24:30", "elapsed": 7368.4356, "delta": 0.004836}}
{"target": -10.299045414550601, "params": {"colsample_bytree": 0.16220444060813843, "eta": 0.012200690128663814, "gamma": 963.8678833787332, "max_depth": 2.0, "min_child_weight": 4298.821142014862, "num_boost_round": 32.0, "subsample": 0.7143342450392856}, "datetime": {"datetime": "2024-01-20 15:24:30", "elapsed": 7368.440543, "delta": 0.004943}}
{"target": -10.299141836634822, "params": {"colsample_bytree": 0.16220444060813843, "eta": 0.012200690128663814, "gamma": 963.8678833787332, "max_depth": 2.0, "min_child_weight": 4298.821142014862, "num_boost_round": 33.0, "subsample": 0.7143342450392856}, "datetime": {"datetime": "2024-01-20 15:24:30", "elapsed": 7368.447472, "delta": 0.006929}}
{"target": -10.2990994844611, "params": {"colsample_bytree": 0.16220444060813843, "eta": 0.012200690128663814, "gamma": 963.8678833787332, "max_depth": 2.0, "min_child_weight": 4298.821142014862, "num_boost_round": 34.0, "subsample": 0.7143342450392856}, "datetime": {"datetime": "2024-01-20 15:24:30", "elapsed": 7368.453828, "delta": 0.006356}}
{"target": -10.29909578459051, "params": {"colsample_bytree": 0.16220444060813843, "eta": 0.012200690128663814, "gamma": 963.8678833787332, "max_depth": 2.0, "min_child_weight": 4298.821142014862, "num_boost_round": 35.0, "subsample": 0.7143342450392856}, "datetime": {"datetime": "2024-01-20 15:24:30", "elapsed": 7368.459407, "delta": 0.005579}}
{"target": -10.299115490215705, "params": {"colsample_bytree": 0.16220444060813843, "eta": 0.012200690128663814, "gamma": 963.8678833787332, "max_depth": 2.0, "min_child_weight": 4298.821142014862, "num_boost_round": 36.0, "subsample": 0.7143342450392856}, "datetime": {"datetime": "2024-01-20 15:24:30", "elapsed": 7368.464538, "delta": 0.005131}}
{"target": -10.299207102441176, "params": {"colsample_bytree": 0.16220444060813843, "eta": 0.012200690128663814, "gamma": 963.8678833787332, "max_depth": 2.0, "min_child_weight": 4298.821142014862, "num_boost_round": 37.0, "subsample": 0.7143342450392856}, "datetime": {"datetime": "2024-01-20 15:24:30", "elapsed": 7368.469634, "delta": 0.005096}}
{"target": -10.299201514260663, "params": {"colsample_bytree": 0.16220444060813843, "eta": 0.012200690128663814, "gamma": 963.8678833787332, "max_depth": 2.0, "min_child_weight": 4298.821142014862, "num_boost_round": 38.0, "subsample": 0.7143342450392856}, "datetime": {"datetime": "2024-01-20 15:24:30", "elapsed": 7368.474671, "delta": 0.005037}}
{"target": -10.299187102304632, "params": {"colsample_bytree": 0.16220444060813843, "eta": 0.012200690128663814, "gamma": 963.8678833787332, "max_depth": 2.0, "min_child_weight": 4298.821142014862, "num_boost_round": 39.0, "subsample": 0.7143342450392856}, "datetime": {"datetime": "2024-01-20 15:24:30", "elapsed": 7368.479409, "delta": 0.004738}}
{"target": -10.29916234014004, "params": {"colsample_bytree": 0.16220444060813843, "eta": 0.012200690128663814, "gamma": 963.8678833787332, "max_depth": 2.0, "min_child_weight": 4298.821142014862, "num_boost_round": 40.0, "subsample": 0.7143342450392856}, "datetime": {"datetime": "2024-01-20 15:24:30", "elapsed": 7368.484274, "delta": 0.004865}}
{"target": -10.299163143665982, "params": {"colsample_bytree": 0.16220444060813843, "eta": 0.012200690128663814, "gamma": 963.8678833787332, "max_depth": 2.0, "min_child_weight": 4298.821142014862, "num_boost_round": 41.0, "subsample": 0.7143342450392856}, "datetime": {"datetime": "2024-01-20 15:24:30", "elapsed": 7368.489242, "delta": 0.004968}}
{"target": -10.298057780292508, "params": {"colsample_bytree": 0.48637937111683416, "eta": 0.09206572601976604, "gamma": 190.31822360977378, "max_depth": 5.0, "min_child_weight": 3782.6161111111596, "num_boost_round": 1.0, "subsample": 0.3639762708263694}, "datetime": {"datetime": "2024-01-20 15:25:37", "elapsed": 7435.492422, "delta": 67.00318}}
{"target": -10.298142021417267, "params": {"colsample_bytree": 0.48637937111683416, "eta": 0.09206572601976604, "gamma": 190.31822360977378, "max_depth": 5.0, "min_child_weight": 3782.6161111111596, "num_boost_round": 2.0, "subsample": 0.3639762708263694}, "datetime": {"datetime": "2024-01-20 15:25:37", "elapsed": 7435.500954, "delta": 0.008532}}
{"target": -10.298502985790407, "params": {"colsample_bytree": 0.48637937111683416, "eta": 0.09206572601976604, "gamma": 190.31822360977378, "max_depth": 5.0, "min_child_weight": 3782.6161111111596, "num_boost_round": 3.0, "subsample": 0.3639762708263694}, "datetime": {"datetime": "2024-01-20 15:25:37", "elapsed": 7435.510661, "delta": 0.009707}}
{"target": -10.298690442112381, "params": {"colsample_bytree": 0.48637937111683416, "eta": 0.09206572601976604, "gamma": 190.31822360977378, "max_depth": 5.0, "min_child_weight": 3782.6161111111596, "num_boost_round": 4.0, "subsample": 0.3639762708263694}, "datetime": {"datetime": "2024-01-20 15:25:37", "elapsed": 7435.518919, "delta": 0.008258}}
{"target": -10.298469856836288, "params": {"colsample_bytree": 0.18262088407729388, "eta": 0.009422752293563241, "gamma": 119.47091840909818, "max_depth": 4.0, "min_child_weight": 4396.503197797978, "num_boost_round": 1.0, "subsample": 0.4786855340934614}, "datetime": {"datetime": "2024-01-20 15:26:51", "elapsed": 7509.426119, "delta": 73.9072}}
{"target": -10.298466605402513, "params": {"colsample_bytree": 0.18262088407729388, "eta": 0.009422752293563241, "gamma": 119.47091840909818, "max_depth": 4.0, "min_child_weight": 4396.503197797978, "num_boost_round": 2.0, "subsample": 0.4786855340934614}, "datetime": {"datetime": "2024-01-20 15:26:51", "elapsed": 7509.43234, "delta": 0.006221}}
{"target": -10.29850889291762, "params": {"colsample_bytree": 0.18262088407729388, "eta": 0.009422752293563241, "gamma": 119.47091840909818, "max_depth": 4.0, "min_child_weight": 4396.503197797978, "num_boost_round": 3.0, "subsample": 0.4786855340934614}, "datetime": {"datetime": "2024-01-20 15:26:51", "elapsed": 7509.438371, "delta": 0.006031}}
{"target": -10.298506498580291, "params": {"colsample_bytree": 0.18262088407729388, "eta": 0.009422752293563241, "gamma": 119.47091840909818, "max_depth": 4.0, "min_child_weight": 4396.503197797978, "num_boost_round": 4.0, "subsample": 0.4786855340934614}, "datetime": {"datetime": "2024-01-20 15:26:51", "elapsed": 7509.445103, "delta": 0.006732}}
{"target": -10.29851865172973, "params": {"colsample_bytree": 0.18262088407729388, "eta": 0.009422752293563241, "gamma": 119.47091840909818, "max_depth": 4.0, "min_child_weight": 4396.503197797978, "num_boost_round": 5.0, "subsample": 0.4786855340934614}, "datetime": {"datetime": "2024-01-20 15:26:51", "elapsed": 7509.450748, "delta": 0.005645}}
{"target": -10.29861174174282, "params": {"colsample_bytree": 0.18262088407729388, "eta": 0.009422752293563241, "gamma": 119.47091840909818, "max_depth": 4.0, "min_child_weight": 4396.503197797978, "num_boost_round": 6.0, "subsample": 0.4786855340934614}, "datetime": {"datetime": "2024-01-20 15:26:51", "elapsed": 7509.456114, "delta": 0.005366}}
{"target": -10.29861579700934, "params": {"colsample_bytree": 0.18262088407729388, "eta": 0.009422752293563241, "gamma": 119.47091840909818, "max_depth": 4.0, "min_child_weight": 4396.503197797978, "num_boost_round": 7.0, "subsample": 0.4786855340934614}, "datetime": {"datetime": "2024-01-20 15:26:51", "elapsed": 7509.461202, "delta": 0.005088}}
{"target": -10.298638843923655, "params": {"colsample_bytree": 0.18262088407729388, "eta": 0.009422752293563241, "gamma": 119.47091840909818, "max_depth": 4.0, "min_child_weight": 4396.503197797978, "num_boost_round": 8.0, "subsample": 0.4786855340934614}, "datetime": {"datetime": "2024-01-20 15:26:51", "elapsed": 7509.466201, "delta": 0.004999}}
{"target": -10.298583474984193, "params": {"colsample_bytree": 0.18262088407729388, "eta": 0.009422752293563241, "gamma": 119.47091840909818, "max_depth": 4.0, "min_child_weight": 4396.503197797978, "num_boost_round": 9.0, "subsample": 0.4786855340934614}, "datetime": {"datetime": "2024-01-20 15:26:51", "elapsed": 7509.471525, "delta": 0.005324}}
{"target": -10.298577835734307, "params": {"colsample_bytree": 0.18262088407729388, "eta": 0.009422752293563241, "gamma": 119.47091840909818, "max_depth": 4.0, "min_child_weight": 4396.503197797978, "num_boost_round": 10.0, "subsample": 0.4786855340934614}, "datetime": {"datetime": "2024-01-20 15:26:51", "elapsed": 7509.476639, "delta": 0.005114}}
{"target": -10.298528234423024, "params": {"colsample_bytree": 0.18262088407729388, "eta": 0.009422752293563241, "gamma": 119.47091840909818, "max_depth": 4.0, "min_child_weight": 4396.503197797978, "num_boost_round": 11.0, "subsample": 0.4786855340934614}, "datetime": {"datetime": "2024-01-20 15:26:51", "elapsed": 7509.48154, "delta": 0.004901}}
{"target": -10.298524692465861, "params": {"colsample_bytree": 0.18262088407729388, "eta": 0.009422752293563241, "gamma": 119.47091840909818, "max_depth": 4.0, "min_child_weight": 4396.503197797978, "num_boost_round": 12.0, "subsample": 0.4786855340934614}, "datetime": {"datetime": "2024-01-20 15:26:51", "elapsed": 7509.486158, "delta": 0.004618}}
{"target": -10.298269555422618, "params": {"colsample_bytree": 0.3546759084821798, "eta": 0.027145718203266618, "gamma": 46.244100740079006, "max_depth": 5.0, "min_child_weight": 4374.127574093715, "num_boost_round": 1.0, "subsample": 0.6050366024902291}, "datetime": {"datetime": "2024-01-20 15:27:52", "elapsed": 7570.766189, "delta": 61.280031}}
{"target": -10.298278274920353, "params": {"colsample_bytree": 0.3546759084821798, "eta": 0.027145718203266618, "gamma": 46.244100740079006, "max_depth": 5.0, "min_child_weight": 4374.127574093715, "num_boost_round": 2.0, "subsample": 0.6050366024902291}, "datetime": {"datetime": "2024-01-20 15:27:52", "elapsed": 7570.773156, "delta": 0.006967}}
{"target": -10.298394067595284, "params": {"colsample_bytree": 0.3546759084821798, "eta": 0.027145718203266618, "gamma": 46.244100740079006, "max_depth": 5.0, "min_child_weight": 4374.127574093715, "num_boost_round": 3.0, "subsample": 0.6050366024902291}, "datetime": {"datetime": "2024-01-20 15:27:52", "elapsed": 7570.778911, "delta": 0.005755}}
{"target": -10.29842893401226, "params": {"colsample_bytree": 0.3546759084821798, "eta": 0.027145718203266618, "gamma": 46.244100740079006, "max_depth": 5.0, "min_child_weight": 4374.127574093715, "num_boost_round": 4.0, "subsample": 0.6050366024902291}, "datetime": {"datetime": "2024-01-20 15:27:53", "elapsed": 7570.784316, "delta": 0.005405}}
{"target": -10.298594658193421, "params": {"colsample_bytree": 0.3546759084821798, "eta": 0.027145718203266618, "gamma": 46.244100740079006, "max_depth": 5.0, "min_child_weight": 4374.127574093715, "num_boost_round": 5.0, "subsample": 0.6050366024902291}, "datetime": {"datetime": "2024-01-20 15:27:53", "elapsed": 7570.789564, "delta": 0.005248}}
{"target": -10.29868791468537, "params": {"colsample_bytree": 0.3546759084821798, "eta": 0.027145718203266618, "gamma": 46.244100740079006, "max_depth": 5.0, "min_child_weight": 4374.127574093715, "num_boost_round": 6.0, "subsample": 0.6050366024902291}, "datetime": {"datetime": "2024-01-20 15:27:53", "elapsed": 7570.794031, "delta": 0.004467}}
{"target": -10.298802102610278, "params": {"colsample_bytree": 0.3546759084821798, "eta": 0.027145718203266618, "gamma": 46.244100740079006, "max_depth": 5.0, "min_child_weight": 4374.127574093715, "num_boost_round": 7.0, "subsample": 0.6050366024902291}, "datetime": {"datetime": "2024-01-20 15:27:53", "elapsed": 7570.798392, "delta": 0.004361}}
{"target": -10.298841665926176, "params": {"colsample_bytree": 0.3546759084821798, "eta": 0.027145718203266618, "gamma": 46.244100740079006, "max_depth": 5.0, "min_child_weight": 4374.127574093715, "num_boost_round": 8.0, "subsample": 0.6050366024902291}, "datetime": {"datetime": "2024-01-20 15:27:53", "elapsed": 7570.803231, "delta": 0.004839}}
{"target": -10.299033143221202, "params": {"colsample_bytree": 0.3546759084821798, "eta": 0.027145718203266618, "gamma": 46.244100740079006, "max_depth": 5.0, "min_child_weight": 4374.127574093715, "num_boost_round": 9.0, "subsample": 0.6050366024902291}, "datetime": {"datetime": "2024-01-20 15:27:53", "elapsed": 7570.807571, "delta": 0.00434}}
{"target": -10.299225130305807, "params": {"colsample_bytree": 0.3546759084821798, "eta": 0.027145718203266618, "gamma": 46.244100740079006, "max_depth": 5.0, "min_child_weight": 4374.127574093715, "num_boost_round": 10.0, "subsample": 0.6050366024902291}, "datetime": {"datetime": "2024-01-20 15:27:53", "elapsed": 7570.811808, "delta": 0.004237}}
{"target": -10.299222613569654, "params": {"colsample_bytree": 0.3546759084821798, "eta": 0.027145718203266618, "gamma": 46.244100740079006, "max_depth": 5.0, "min_child_weight": 4374.127574093715, "num_boost_round": 11.0, "subsample": 0.6050366024902291}, "datetime": {"datetime": "2024-01-20 15:27:53", "elapsed": 7570.815948, "delta": 0.00414}}
{"target": -10.299243863231236, "params": {"colsample_bytree": 0.3546759084821798, "eta": 0.027145718203266618, "gamma": 46.244100740079006, "max_depth": 5.0, "min_child_weight": 4374.127574093715, "num_boost_round": 12.0, "subsample": 0.6050366024902291}, "datetime": {"datetime": "2024-01-20 15:27:53", "elapsed": 7570.820222, "delta": 0.004274}}
{"target": -10.29924351680222, "params": {"colsample_bytree": 0.3546759084821798, "eta": 0.027145718203266618, "gamma": 46.244100740079006, "max_depth": 5.0, "min_child_weight": 4374.127574093715, "num_boost_round": 13.0, "subsample": 0.6050366024902291}, "datetime": {"datetime": "2024-01-20 15:27:53", "elapsed": 7570.825057, "delta": 0.004835}}
{"target": -10.298501701179891, "params": {"colsample_bytree": 0.8379326440692404, "eta": 0.09854345047851588, "gamma": 97.32034651132093, "max_depth": 3.0, "min_child_weight": 4435.81501127761, "num_boost_round": 1.0, "subsample": 0.6247764941055958}, "datetime": {"datetime": "2024-01-20 15:30:15", "elapsed": 7713.21112, "delta": 142.386063}}
{"target": -10.298984731223019, "params": {"colsample_bytree": 0.8379326440692404, "eta": 0.09854345047851588, "gamma": 97.32034651132093, "max_depth": 3.0, "min_child_weight": 4435.81501127761, "num_boost_round": 2.0, "subsample": 0.6247764941055958}, "datetime": {"datetime": "2024-01-20 15:30:15", "elapsed": 7713.219822, "delta": 0.008702}}
{"target": -10.299678536553408, "params": {"colsample_bytree": 0.8379326440692404, "eta": 0.09854345047851588, "gamma": 97.32034651132093, "max_depth": 3.0, "min_child_weight": 4435.81501127761, "num_boost_round": 3.0, "subsample": 0.6247764941055958}, "datetime": {"datetime": "2024-01-20 15:30:15", "elapsed": 7713.225856, "delta": 0.006034}}
{"target": -10.300390749778618, "params": {"colsample_bytree": 0.8379326440692404, "eta": 0.09854345047851588, "gamma": 97.32034651132093, "max_depth": 3.0, "min_child_weight": 4435.81501127761, "num_boost_round": 4.0, "subsample": 0.6247764941055958}, "datetime": {"datetime": "2024-01-20 15:30:15", "elapsed": 7713.231661, "delta": 0.005805}}
{"target": -10.30141872750022, "params": {"colsample_bytree": 0.8379326440692404, "eta": 0.09854345047851588, "gamma": 97.32034651132093, "max_depth": 3.0, "min_child_weight": 4435.81501127761, "num_boost_round": 5.0, "subsample": 0.6247764941055958}, "datetime": {"datetime": "2024-01-20 15:30:15", "elapsed": 7713.237265, "delta": 0.005604}}
{"target": -10.302509326472212, "params": {"colsample_bytree": 0.8379326440692404, "eta": 0.09854345047851588, "gamma": 97.32034651132093, "max_depth": 3.0, "min_child_weight": 4435.81501127761, "num_boost_round": 6.0, "subsample": 0.6247764941055958}, "datetime": {"datetime": "2024-01-20 15:30:15", "elapsed": 7713.24268, "delta": 0.005415}}
{"target": -10.30319255253778, "params": {"colsample_bytree": 0.8379326440692404, "eta": 0.09854345047851588, "gamma": 97.32034651132093, "max_depth": 3.0, "min_child_weight": 4435.81501127761, "num_boost_round": 7.0, "subsample": 0.6247764941055958}, "datetime": {"datetime": "2024-01-20 15:30:15", "elapsed": 7713.2482, "delta": 0.00552}}
{"target": -10.303414737473286, "params": {"colsample_bytree": 0.8379326440692404, "eta": 0.09854345047851588, "gamma": 97.32034651132093, "max_depth": 3.0, "min_child_weight": 4435.81501127761, "num_boost_round": 8.0, "subsample": 0.6247764941055958}, "datetime": {"datetime": "2024-01-20 15:30:15", "elapsed": 7713.253646, "delta": 0.005446}}
{"target": -10.304304354237713, "params": {"colsample_bytree": 0.8379326440692404, "eta": 0.09854345047851588, "gamma": 97.32034651132093, "max_depth": 3.0, "min_child_weight": 4435.81501127761, "num_boost_round": 9.0, "subsample": 0.6247764941055958}, "datetime": {"datetime": "2024-01-20 15:30:15", "elapsed": 7713.259069, "delta": 0.005423}}
{"target": -10.3051436992583, "params": {"colsample_bytree": 0.8379326440692404, "eta": 0.09854345047851588, "gamma": 97.32034651132093, "max_depth": 3.0, "min_child_weight": 4435.81501127761, "num_boost_round": 10.0, "subsample": 0.6247764941055958}, "datetime": {"datetime": "2024-01-20 15:30:15", "elapsed": 7713.264627, "delta": 0.005558}}
