{"target": -10.474125516542612, "params": {"colsample_bytree": 0.5771991576926653, "eta": 0.0358346176670006, "gamma": 540.3712864285453, "max_depth": 8.0, "min_child_weight": 4470.679062408476, "num_boost_round": 27.0, "subsample": 0.38624336800745684}, "datetime": {"datetime": "2024-01-20 16:54:56", "elapsed": 12588.224521, "delta": 0.007209}}
{"target": -10.47431284975305, "params": {"colsample_bytree": 0.5771991576926653, "eta": 0.0358346176670006, "gamma": 540.3712864285453, "max_depth": 8.0, "min_child_weight": 4470.679062408476, "num_boost_round": 28.0, "subsample": 0.38624336800745684}, "datetime": {"datetime": "2024-01-20 16:54:56", "elapsed": 12588.231778, "delta": 0.007257}}
{"target": -10.474578878741596, "params": {"colsample_bytree": 0.5771991576926653, "eta": 0.0358346176670006, "gamma": 540.3712864285453, "max_depth": 8.0, "min_child_weight": 4470.679062408476, "num_boost_round": 29.0, "subsample": 0.38624336800745684}, "datetime": {"datetime": "2024-01-20 16:54:56", "elapsed": 12588.579313, "delta": 0.347535}}
{"target": -10.474758005300679, "params": {"colsample_bytree": 0.5771991576926653, "eta": 0.0358346176670006, "gamma": 540.3712864285453, "max_depth": 8.0, "min_child_weight": 4470.679062408476, "num_boost_round": 30.0, "subsample": 0.38624336800745684}, "datetime": {"datetime": "2024-01-20 16:54:56", "elapsed": 12588.588803, "delta": 0.00949}}
{"target": -10.474871013601415, "params": {"colsample_bytree": 0.5771991576926653, "eta": 0.0358346176670006, "gamma": 540.3712864285453, "max_depth": 8.0, "min_child_weight": 4470.679062408476, "num_boost_round": 31.0, "subsample": 0.38624336800745684}, "datetime": {"datetime": "2024-01-20 16:54:56", "elapsed": 12588.596255, "delta": 0.007452}}
{"target": -10.475121460692241, "params": {"colsample_bytree": 0.5771991576926653, "eta": 0.0358346176670006, "gamma": 540.3712864285453, "max_depth": 8.0, "min_child_weight": 4470.679062408476, "num_boost_round": 32.0, "subsample": 0.38624336800745684}, "datetime": {"datetime": "2024-01-20 16:54:56", "elapsed": 12588.603651, "delta": 0.007396}}
{"target": -10.475095116699302, "params": {"colsample_bytree": 0.5771991576926653, "eta": 0.0358346176670006, "gamma": 540.3712864285453, "max_depth": 8.0, "min_child_weight": 4470.679062408476, "num_boost_round": 33.0, "subsample": 0.38624336800745684}, "datetime": {"datetime": "2024-01-20 16:54:56", "elapsed": 12588.611471, "delta": 0.00782}}
{"target": -10.475116263093334, "params": {"colsample_bytree": 0.5771991576926653, "eta": 0.0358346176670006, "gamma": 540.3712864285453, "max_depth": 8.0, "min_child_weight": 4470.679062408476, "num_boost_round": 34.0, "subsample": 0.38624336800745684}, "datetime": {"datetime": "2024-01-20 16:54:56", "elapsed": 12588.619213, "delta": 0.007742}}
{"target": -10.475297980662766, "params": {"colsample_bytree": 0.5771991576926653, "eta": 0.0358346176670006, "gamma": 540.3712864285453, "max_depth": 8.0, "min_child_weight": 4470.679062408476, "num_boost_round": 35.0, "subsample": 0.38624336800745684}, "datetime": {"datetime": "2024-01-20 16:54:56", "elapsed": 12588.626584, "delta": 0.007371}}
{"target": -10.475427372703392, "params": {"colsample_bytree": 0.5771991576926653, "eta": 0.0358346176670006, "gamma": 540.3712864285453, "max_depth": 8.0, "min_child_weight": 4470.679062408476, "num_boost_round": 36.0, "subsample": 0.38624336800745684}, "datetime": {"datetime": "2024-01-20 16:54:56", "elapsed": 12588.635217, "delta": 0.008633}}
{"target": -10.475555023265866, "params": {"colsample_bytree": 0.5771991576926653, "eta": 0.0358346176670006, "gamma": 540.3712864285453, "max_depth": 8.0, "min_child_weight": 4470.679062408476, "num_boost_round": 37.0, "subsample": 0.38624336800745684}, "datetime": {"datetime": "2024-01-20 16:54:56", "elapsed": 12588.643165, "delta": 0.007948}}
{"target": -10.47558757743206, "params": {"colsample_bytree": 0.5771991576926653, "eta": 0.0358346176670006, "gamma": 540.3712864285453, "max_depth": 8.0, "min_child_weight": 4470.679062408476, "num_boost_round": 38.0, "subsample": 0.38624336800745684}, "datetime": {"datetime": "2024-01-20 16:54:56", "elapsed": 12588.651865, "delta": 0.0087}}
{"target": -10.475870540784124, "params": {"colsample_bytree": 0.5771991576926653, "eta": 0.0358346176670006, "gamma": 540.3712864285453, "max_depth": 8.0, "min_child_weight": 4470.679062408476, "num_boost_round": 39.0, "subsample": 0.38624336800745684}, "datetime": {"datetime": "2024-01-20 16:54:56", "elapsed": 12588.659526, "delta": 0.007661}}
{"target": -10.476088568275767, "params": {"colsample_bytree": 0.5771991576926653, "eta": 0.0358346176670006, "gamma": 540.3712864285453, "max_depth": 8.0, "min_child_weight": 4470.679062408476, "num_boost_round": 40.0, "subsample": 0.38624336800745684}, "datetime": {"datetime": "2024-01-20 16:54:56", "elapsed": 12588.667925, "delta": 0.008399}}
{"target": -10.476070912644175, "params": {"colsample_bytree": 0.5771991576926653, "eta": 0.0358346176670006, "gamma": 540.3712864285453, "max_depth": 8.0, "min_child_weight": 4470.679062408476, "num_boost_round": 41.0, "subsample": 0.38624336800745684}, "datetime": {"datetime": "2024-01-20 16:54:56", "elapsed": 12588.676435, "delta": 0.00851}}
{"target": -10.476115375613013, "params": {"colsample_bytree": 0.5771991576926653, "eta": 0.0358346176670006, "gamma": 540.3712864285453, "max_depth": 8.0, "min_child_weight": 4470.679062408476, "num_boost_round": 42.0, "subsample": 0.38624336800745684}, "datetime": {"datetime": "2024-01-20 16:54:56", "elapsed": 12588.683982, "delta": 0.007547}}
{"target": -10.476278510483654, "params": {"colsample_bytree": 0.5771991576926653, "eta": 0.0358346176670006, "gamma": 540.3712864285453, "max_depth": 8.0, "min_child_weight": 4470.679062408476, "num_boost_round": 43.0, "subsample": 0.38624336800745684}, "datetime": {"datetime": "2024-01-20 16:54:56", "elapsed": 12588.691512, "delta": 0.00753}}
{"target": -10.476333531879243, "params": {"colsample_bytree": 0.5771991576926653, "eta": 0.0358346176670006, "gamma": 540.3712864285453, "max_depth": 8.0, "min_child_weight": 4470.679062408476, "num_boost_round": 44.0, "subsample": 0.38624336800745684}, "datetime": {"datetime": "2024-01-20 16:54:56", "elapsed": 12588.698916, "delta": 0.007404}}
{"target": -10.476281509763972, "params": {"colsample_bytree": 0.5771991576926653, "eta": 0.0358346176670006, "gamma": 540.3712864285453, "max_depth": 8.0, "min_child_weight": 4470.679062408476, "num_boost_round": 45.0, "subsample": 0.38624336800745684}, "datetime": {"datetime": "2024-01-20 16:54:56", "elapsed": 12588.706646, "delta": 0.00773}}
{"target": -10.476472885147082, "params": {"colsample_bytree": 0.5771991576926653, "eta": 0.0358346176670006, "gamma": 540.3712864285453, "max_depth": 8.0, "min_child_weight": 4470.679062408476, "num_boost_round": 46.0, "subsample": 0.38624336800745684}, "datetime": {"datetime": "2024-01-20 16:54:56", "elapsed": 12588.714168, "delta": 0.007522}}
{"target": -10.476735117100848, "params": {"colsample_bytree": 0.5771991576926653, "eta": 0.0358346176670006, "gamma": 540.3712864285453, "max_depth": 8.0, "min_child_weight": 4470.679062408476, "num_boost_round": 47.0, "subsample": 0.38624336800745684}, "datetime": {"datetime": "2024-01-20 16:54:56", "elapsed": 12588.721491, "delta": 0.007323}}
{"target": -10.476883653848834, "params": {"colsample_bytree": 0.5771991576926653, "eta": 0.0358346176670006, "gamma": 540.3712864285453, "max_depth": 8.0, "min_child_weight": 4470.679062408476, "num_boost_round": 48.0, "subsample": 0.38624336800745684}, "datetime": {"datetime": "2024-01-20 16:54:56", "elapsed": 12588.728784, "delta": 0.007293}}
{"target": -10.476941594696672, "params": {"colsample_bytree": 0.5771991576926653, "eta": 0.0358346176670006, "gamma": 540.3712864285453, "max_depth": 8.0, "min_child_weight": 4470.679062408476, "num_boost_round": 49.0, "subsample": 0.38624336800745684}, "datetime": {"datetime": "2024-01-20 16:54:56", "elapsed": 12588.736575, "delta": 0.007791}}
{"target": -10.477289189076528, "params": {"colsample_bytree": 0.5771991576926653, "eta": 0.0358346176670006, "gamma": 540.3712864285453, "max_depth": 8.0, "min_child_weight": 4470.679062408476, "num_boost_round": 50.0, "subsample": 0.38624336800745684}, "datetime": {"datetime": "2024-01-20 16:54:56", "elapsed": 12588.74399, "delta": 0.007415}}
{"target": -10.477476610590381, "params": {"colsample_bytree": 0.5771991576926653, "eta": 0.0358346176670006, "gamma": 540.3712864285453, "max_depth": 8.0, "min_child_weight": 4470.679062408476, "num_boost_round": 51.0, "subsample": 0.38624336800745684}, "datetime": {"datetime": "2024-01-20 16:54:56", "elapsed": 12588.751261, "delta": 0.007271}}
{"target": -10.477632714513375, "params": {"colsample_bytree": 0.5771991576926653, "eta": 0.0358346176670006, "gamma": 540.3712864285453, "max_depth": 8.0, "min_child_weight": 4470.679062408476, "num_boost_round": 52.0, "subsample": 0.38624336800745684}, "datetime": {"datetime": "2024-01-20 16:54:56", "elapsed": 12588.758528, "delta": 0.007267}}
{"target": -10.477838342954932, "params": {"colsample_bytree": 0.5771991576926653, "eta": 0.0358346176670006, "gamma": 540.3712864285453, "max_depth": 8.0, "min_child_weight": 4470.679062408476, "num_boost_round": 53.0, "subsample": 0.38624336800745684}, "datetime": {"datetime": "2024-01-20 16:54:56", "elapsed": 12588.76622, "delta": 0.007692}}
{"target": -10.478047716236981, "params": {"colsample_bytree": 0.5771991576926653, "eta": 0.0358346176670006, "gamma": 540.3712864285453, "max_depth": 8.0, "min_child_weight": 4470.679062408476, "num_boost_round": 54.0, "subsample": 0.38624336800745684}, "datetime": {"datetime": "2024-01-20 16:54:56", "elapsed": 12588.773693, "delta": 0.007473}}
{"target": -10.478149121319738, "params": {"colsample_bytree": 0.5771991576926653, "eta": 0.0358346176670006, "gamma": 540.3712864285453, "max_depth": 8.0, "min_child_weight": 4470.679062408476, "num_boost_round": 55.0, "subsample": 0.38624336800745684}, "datetime": {"datetime": "2024-01-20 16:54:56", "elapsed": 12588.780855, "delta": 0.007162}}
{"target": -10.478323091274092, "params": {"colsample_bytree": 0.5771991576926653, "eta": 0.0358346176670006, "gamma": 540.3712864285453, "max_depth": 8.0, "min_child_weight": 4470.679062408476, "num_boost_round": 56.0, "subsample": 0.38624336800745684}, "datetime": {"datetime": "2024-01-20 16:54:56", "elapsed": 12588.78817, "delta": 0.007315}}
{"target": -10.476109752980049, "params": {"colsample_bytree": 0.11738972707292888, "eta": 0.07046247144396982, "gamma": 681.5559618817339, "max_depth": 6.0, "min_child_weight": 4704.741798263362, "num_boost_round": 1.0, "subsample": 0.5650975667456944}, "datetime": {"datetime": "2024-01-20 16:57:28", "elapsed": 12740.216295, "delta": 151.428125}}
{"target": -10.476020200929193, "params": {"colsample_bytree": 0.11738972707292888, "eta": 0.07046247144396982, "gamma": 681.5559618817339, "max_depth": 6.0, "min_child_weight": 4704.741798263362, "num_boost_round": 2.0, "subsample": 0.5650975667456944}, "datetime": {"datetime": "2024-01-20 16:57:28", "elapsed": 12740.224597, "delta": 0.008302}}
{"target": -10.476181591836111, "params": {"colsample_bytree": 0.11738972707292888, "eta": 0.07046247144396982, "gamma": 681.5559618817339, "max_depth": 6.0, "min_child_weight": 4704.741798263362, "num_boost_round": 3.0, "subsample": 0.5650975667456944}, "datetime": {"datetime": "2024-01-20 16:57:28", "elapsed": 12740.232107, "delta": 0.00751}}
{"target": -10.476697358059123, "params": {"colsample_bytree": 0.11738972707292888, "eta": 0.07046247144396982, "gamma": 681.5559618817339, "max_depth": 6.0, "min_child_weight": 4704.741798263362, "num_boost_round": 4.0, "subsample": 0.5650975667456944}, "datetime": {"datetime": "2024-01-20 16:57:28", "elapsed": 12740.239422, "delta": 0.007315}}
{"target": -10.476631733521799, "params": {"colsample_bytree": 0.11738972707292888, "eta": 0.07046247144396982, "gamma": 681.5559618817339, "max_depth": 6.0, "min_child_weight": 4704.741798263362, "num_boost_round": 5.0, "subsample": 0.5650975667456944}, "datetime": {"datetime": "2024-01-20 16:57:28", "elapsed": 12740.246431, "delta": 0.007009}}
{"target": -10.476888762454376, "params": {"colsample_bytree": 0.11738972707292888, "eta": 0.07046247144396982, "gamma": 681.5559618817339, "max_depth": 6.0, "min_child_weight": 4704.741798263362, "num_boost_round": 6.0, "subsample": 0.5650975667456944}, "datetime": {"datetime": "2024-01-20 16:57:28", "elapsed": 12740.253631, "delta": 0.0072}}
{"target": -10.47711540486602, "params": {"colsample_bytree": 0.11738972707292888, "eta": 0.07046247144396982, "gamma": 681.5559618817339, "max_depth": 6.0, "min_child_weight": 4704.741798263362, "num_boost_round": 7.0, "subsample": 0.5650975667456944}, "datetime": {"datetime": "2024-01-20 16:57:28", "elapsed": 12740.26123, "delta": 0.007599}}
{"target": -10.476997128043537, "params": {"colsample_bytree": 0.11738972707292888, "eta": 0.07046247144396982, "gamma": 681.5559618817339, "max_depth": 6.0, "min_child_weight": 4704.741798263362, "num_boost_round": 8.0, "subsample": 0.5650975667456944}, "datetime": {"datetime": "2024-01-20 16:57:28", "elapsed": 12740.268623, "delta": 0.007393}}
{"target": -10.47685736319006, "params": {"colsample_bytree": 0.11738972707292888, "eta": 0.07046247144396982, "gamma": 681.5559618817339, "max_depth": 6.0, "min_child_weight": 4704.741798263362, "num_boost_round": 9.0, "subsample": 0.5650975667456944}, "datetime": {"datetime": "2024-01-20 16:57:28", "elapsed": 12740.275849, "delta": 0.007226}}
{"target": -10.477692642959518, "params": {"colsample_bytree": 0.11738972707292888, "eta": 0.07046247144396982, "gamma": 681.5559618817339, "max_depth": 6.0, "min_child_weight": 4704.741798263362, "num_boost_round": 10.0, "subsample": 0.5650975667456944}, "datetime": {"datetime": "2024-01-20 16:57:28", "elapsed": 12740.282798, "delta": 0.006949}}
{"target": -10.478401952862715, "params": {"colsample_bytree": 0.11738972707292888, "eta": 0.07046247144396982, "gamma": 681.5559618817339, "max_depth": 6.0, "min_child_weight": 4704.741798263362, "num_boost_round": 11.0, "subsample": 0.5650975667456944}, "datetime": {"datetime": "2024-01-20 16:57:28", "elapsed": 12740.29037, "delta": 0.007572}}
{"target": -10.478412798662873, "params": {"colsample_bytree": 0.11738972707292888, "eta": 0.07046247144396982, "gamma": 681.5559618817339, "max_depth": 6.0, "min_child_weight": 4704.741798263362, "num_boost_round": 12.0, "subsample": 0.5650975667456944}, "datetime": {"datetime": "2024-01-20 16:57:28", "elapsed": 12740.297599, "delta": 0.007229}}
{"target": -10.478502854790737, "params": {"colsample_bytree": 0.11738972707292888, "eta": 0.07046247144396982, "gamma": 681.5559618817339, "max_depth": 6.0, "min_child_weight": 4704.741798263362, "num_boost_round": 13.0, "subsample": 0.5650975667456944}, "datetime": {"datetime": "2024-01-20 16:57:28", "elapsed": 12740.304611, "delta": 0.007012}}
{"target": -10.478409770622967, "params": {"colsample_bytree": 0.11738972707292888, "eta": 0.07046247144396982, "gamma": 681.5559618817339, "max_depth": 6.0, "min_child_weight": 4704.741798263362, "num_boost_round": 14.0, "subsample": 0.5650975667456944}, "datetime": {"datetime": "2024-01-20 16:57:28", "elapsed": 12740.311687, "delta": 0.007076}}
{"target": -10.478589985234525, "params": {"colsample_bytree": 0.11738972707292888, "eta": 0.07046247144396982, "gamma": 681.5559618817339, "max_depth": 6.0, "min_child_weight": 4704.741798263362, "num_boost_round": 15.0, "subsample": 0.5650975667456944}, "datetime": {"datetime": "2024-01-20 16:57:28", "elapsed": 12740.319228, "delta": 0.007541}}
{"target": -10.479102879175155, "params": {"colsample_bytree": 0.11738972707292888, "eta": 0.07046247144396982, "gamma": 681.5559618817339, "max_depth": 6.0, "min_child_weight": 4704.741798263362, "num_boost_round": 16.0, "subsample": 0.5650975667456944}, "datetime": {"datetime": "2024-01-20 16:57:28", "elapsed": 12740.326471, "delta": 0.007243}}
{"target": -10.479429439460525, "params": {"colsample_bytree": 0.11738972707292888, "eta": 0.07046247144396982, "gamma": 681.5559618817339, "max_depth": 6.0, "min_child_weight": 4704.741798263362, "num_boost_round": 17.0, "subsample": 0.5650975667456944}, "datetime": {"datetime": "2024-01-20 16:57:28", "elapsed": 12740.333542, "delta": 0.007071}}
{"target": -10.479689883001994, "params": {"colsample_bytree": 0.11738972707292888, "eta": 0.07046247144396982, "gamma": 681.5559618817339, "max_depth": 6.0, "min_child_weight": 4704.741798263362, "num_boost_round": 18.0, "subsample": 0.5650975667456944}, "datetime": {"datetime": "2024-01-20 16:57:28", "elapsed": 12740.340568, "delta": 0.007026}}
{"target": -10.47984256923945, "params": {"colsample_bytree": 0.11738972707292888, "eta": 0.07046247144396982, "gamma": 681.5559618817339, "max_depth": 6.0, "min_child_weight": 4704.741798263362, "num_boost_round": 19.0, "subsample": 0.5650975667456944}, "datetime": {"datetime": "2024-01-20 16:57:28", "elapsed": 12740.348053, "delta": 0.007485}}
{"target": -10.479856763751279, "params": {"colsample_bytree": 0.11738972707292888, "eta": 0.07046247144396982, "gamma": 681.5559618817339, "max_depth": 6.0, "min_child_weight": 4704.741798263362, "num_boost_round": 20.0, "subsample": 0.5650975667456944}, "datetime": {"datetime": "2024-01-20 16:57:28", "elapsed": 12740.355653, "delta": 0.0076}}
{"target": -10.480560114592084, "params": {"colsample_bytree": 0.11738972707292888, "eta": 0.07046247144396982, "gamma": 681.5559618817339, "max_depth": 6.0, "min_child_weight": 4704.741798263362, "num_boost_round": 21.0, "subsample": 0.5650975667456944}, "datetime": {"datetime": "2024-01-20 16:57:28", "elapsed": 12740.362754, "delta": 0.007101}}
{"target": -10.480510666778216, "params": {"colsample_bytree": 0.11738972707292888, "eta": 0.07046247144396982, "gamma": 681.5559618817339, "max_depth": 6.0, "min_child_weight": 4704.741798263362, "num_boost_round": 22.0, "subsample": 0.5650975667456944}, "datetime": {"datetime": "2024-01-20 16:57:28", "elapsed": 12740.369756, "delta": 0.007002}}
{"target": -10.480820227745756, "params": {"colsample_bytree": 0.11738972707292888, "eta": 0.07046247144396982, "gamma": 681.5559618817339, "max_depth": 6.0, "min_child_weight": 4704.741798263362, "num_boost_round": 23.0, "subsample": 0.5650975667456944}, "datetime": {"datetime": "2024-01-20 16:57:28", "elapsed": 12740.377328, "delta": 0.007572}}
{"target": -10.480487812234745, "params": {"colsample_bytree": 0.11738972707292888, "eta": 0.07046247144396982, "gamma": 681.5559618817339, "max_depth": 6.0, "min_child_weight": 4704.741798263362, "num_boost_round": 24.0, "subsample": 0.5650975667456944}, "datetime": {"datetime": "2024-01-20 16:57:28", "elapsed": 12740.384509, "delta": 0.007181}}
{"target": -10.47506576529059, "params": {"colsample_bytree": 0.9856343135029313, "eta": 0.060436303267720565, "gamma": 338.34108281500085, "max_depth": 8.0, "min_child_weight": 4978.063258617706, "num_boost_round": 1.0, "subsample": 0.43240820214321773}, "datetime": {"datetime": "2024-01-20 17:01:40", "elapsed": 12992.106642, "delta": 251.722133}}
{"target": -10.473957881920668, "params": {"colsample_bytree": 0.9856343135029313, "eta": 0.060436303267720565, "gamma": 338.34108281500085, "max_depth": 8.0, "min_child_weight": 4978.063258617706, "num_boost_round": 2.0, "subsample": 0.43240820214321773}, "datetime": {"datetime": "2024-01-20 17:01:40", "elapsed": 12992.485126, "delta": 0.378484}}
{"target": -10.473687678494883, "params": {"colsample_bytree": 0.9856343135029313, "eta": 0.060436303267720565, "gamma": 338.34108281500085, "max_depth": 8.0, "min_child_weight": 4978.063258617706, "num_boost_round": 3.0, "subsample": 0.43240820214321773}, "datetime": {"datetime": "2024-01-20 17:01:40", "elapsed": 12992.497459, "delta": 0.012333}}
{"target": -10.473186439665033, "params": {"colsample_bytree": 0.9856343135029313, "eta": 0.060436303267720565, "gamma": 338.34108281500085, "max_depth": 8.0, "min_child_weight": 4978.063258617706, "num_boost_round": 4.0, "subsample": 0.43240820214321773}, "datetime": {"datetime": "2024-01-20 17:01:40", "elapsed": 12992.507032, "delta": 0.009573}}
{"target": -10.473108917150057, "params": {"colsample_bytree": 0.9856343135029313, "eta": 0.060436303267720565, "gamma": 338.34108281500085, "max_depth": 8.0, "min_child_weight": 4978.063258617706, "num_boost_round": 5.0, "subsample": 0.43240820214321773}, "datetime": {"datetime": "2024-01-20 17:01:40", "elapsed": 12992.515878, "delta": 0.008846}}
{"target": -10.47291810950004, "params": {"colsample_bytree": 0.9856343135029313, "eta": 0.060436303267720565, "gamma": 338.34108281500085, "max_depth": 8.0, "min_child_weight": 4978.063258617706, "num_boost_round": 6.0, "subsample": 0.43240820214321773}, "datetime": {"datetime": "2024-01-20 17:01:40", "elapsed": 12992.524794, "delta": 0.008916}}
{"target": -10.472591312293787, "params": {"colsample_bytree": 0.9856343135029313, "eta": 0.060436303267720565, "gamma": 338.34108281500085, "max_depth": 8.0, "min_child_weight": 4978.063258617706, "num_boost_round": 7.0, "subsample": 0.43240820214321773}, "datetime": {"datetime": "2024-01-20 17:01:40", "elapsed": 12992.533063, "delta": 0.008269}}
{"target": -10.472683493133896, "params": {"colsample_bytree": 0.9856343135029313, "eta": 0.060436303267720565, "gamma": 338.34108281500085, "max_depth": 8.0, "min_child_weight": 4978.063258617706, "num_boost_round": 8.0, "subsample": 0.43240820214321773}, "datetime": {"datetime": "2024-01-20 17:01:40", "elapsed": 12992.540948, "delta": 0.007885}}
{"target": -10.472741809412256, "params": {"colsample_bytree": 0.9856343135029313, "eta": 0.060436303267720565, "gamma": 338.34108281500085, "max_depth": 8.0, "min_child_weight": 4978.063258617706, "num_boost_round": 9.0, "subsample": 0.43240820214321773}, "datetime": {"datetime": "2024-01-20 17:01:40", "elapsed": 12992.549013, "delta": 0.008065}}
