{"target": -15.166877725304383, "params": {"colsample_bytree": 0.11676447440084532, "eta": 0.046205715347936716, "gamma": 552.6069168089297, "max_depth": 3.0, "min_child_weight": 4254.418783170729, "num_boost_round": 10.0, "subsample": 0.17434910478283416}, "datetime": {"datetime": "2024-01-20 15:07:02", "elapsed": 2580.153091, "delta": 0.003457}}
{"target": -15.1668544764788, "params": {"colsample_bytree": 0.11676447440084532, "eta": 0.046205715347936716, "gamma": 552.6069168089297, "max_depth": 3.0, "min_child_weight": 4254.418783170729, "num_boost_round": 11.0, "subsample": 0.17434910478283416}, "datetime": {"datetime": "2024-01-20 15:07:02", "elapsed": 2580.156409, "delta": 0.003318}}
{"target": -15.166639184900763, "params": {"colsample_bytree": 0.11676447440084532, "eta": 0.046205715347936716, "gamma": 552.6069168089297, "max_depth": 3.0, "min_child_weight": 4254.418783170729, "num_boost_round": 12.0, "subsample": 0.17434910478283416}, "datetime": {"datetime": "2024-01-20 15:07:02", "elapsed": 2580.159725, "delta": 0.003316}}
{"target": -15.166829286457187, "params": {"colsample_bytree": 0.11676447440084532, "eta": 0.046205715347936716, "gamma": 552.6069168089297, "max_depth": 3.0, "min_child_weight": 4254.418783170729, "num_boost_round": 13.0, "subsample": 0.17434910478283416}, "datetime": {"datetime": "2024-01-20 15:07:02", "elapsed": 2580.167854, "delta": 0.008129}}
{"target": -15.166650109330739, "params": {"colsample_bytree": 0.11676447440084532, "eta": 0.046205715347936716, "gamma": 552.6069168089297, "max_depth": 3.0, "min_child_weight": 4254.418783170729, "num_boost_round": 14.0, "subsample": 0.17434910478283416}, "datetime": {"datetime": "2024-01-20 15:07:02", "elapsed": 2580.171264, "delta": 0.00341}}
{"target": -15.16663145462137, "params": {"colsample_bytree": 0.11676447440084532, "eta": 0.046205715347936716, "gamma": 552.6069168089297, "max_depth": 3.0, "min_child_weight": 4254.418783170729, "num_boost_round": 15.0, "subsample": 0.17434910478283416}, "datetime": {"datetime": "2024-01-20 15:07:02", "elapsed": 2580.174841, "delta": 0.003577}}
{"target": -15.166104898423743, "params": {"colsample_bytree": 0.11676447440084532, "eta": 0.046205715347936716, "gamma": 552.6069168089297, "max_depth": 3.0, "min_child_weight": 4254.418783170729, "num_boost_round": 16.0, "subsample": 0.17434910478283416}, "datetime": {"datetime": "2024-01-20 15:07:02", "elapsed": 2580.178154, "delta": 0.003313}}
{"target": -15.165964829382915, "params": {"colsample_bytree": 0.11676447440084532, "eta": 0.046205715347936716, "gamma": 552.6069168089297, "max_depth": 3.0, "min_child_weight": 4254.418783170729, "num_boost_round": 17.0, "subsample": 0.17434910478283416}, "datetime": {"datetime": "2024-01-20 15:07:02", "elapsed": 2580.181611, "delta": 0.003457}}
{"target": -15.166086965348395, "params": {"colsample_bytree": 0.11676447440084532, "eta": 0.046205715347936716, "gamma": 552.6069168089297, "max_depth": 3.0, "min_child_weight": 4254.418783170729, "num_boost_round": 18.0, "subsample": 0.17434910478283416}, "datetime": {"datetime": "2024-01-20 15:07:02", "elapsed": 2580.184904, "delta": 0.003293}}
{"target": -15.166170712678856, "params": {"colsample_bytree": 0.11676447440084532, "eta": 0.046205715347936716, "gamma": 552.6069168089297, "max_depth": 3.0, "min_child_weight": 4254.418783170729, "num_boost_round": 19.0, "subsample": 0.17434910478283416}, "datetime": {"datetime": "2024-01-20 15:07:02", "elapsed": 2580.188233, "delta": 0.003329}}
{"target": -15.166180100667471, "params": {"colsample_bytree": 0.11676447440084532, "eta": 0.046205715347936716, "gamma": 552.6069168089297, "max_depth": 3.0, "min_child_weight": 4254.418783170729, "num_boost_round": 20.0, "subsample": 0.17434910478283416}, "datetime": {"datetime": "2024-01-20 15:07:02", "elapsed": 2580.191696, "delta": 0.003463}}
{"target": -15.165711763358447, "params": {"colsample_bytree": 0.11676447440084532, "eta": 0.046205715347936716, "gamma": 552.6069168089297, "max_depth": 3.0, "min_child_weight": 4254.418783170729, "num_boost_round": 21.0, "subsample": 0.17434910478283416}, "datetime": {"datetime": "2024-01-20 15:07:02", "elapsed": 2580.195129, "delta": 0.003433}}
{"target": -15.16569882914898, "params": {"colsample_bytree": 0.11676447440084532, "eta": 0.046205715347936716, "gamma": 552.6069168089297, "max_depth": 3.0, "min_child_weight": 4254.418783170729, "num_boost_round": 22.0, "subsample": 0.17434910478283416}, "datetime": {"datetime": "2024-01-20 15:07:02", "elapsed": 2580.198705, "delta": 0.003576}}
{"target": -15.16576997468027, "params": {"colsample_bytree": 0.11676447440084532, "eta": 0.046205715347936716, "gamma": 552.6069168089297, "max_depth": 3.0, "min_child_weight": 4254.418783170729, "num_boost_round": 23.0, "subsample": 0.17434910478283416}, "datetime": {"datetime": "2024-01-20 15:07:02", "elapsed": 2580.202128, "delta": 0.003423}}
{"target": -15.165821884311356, "params": {"colsample_bytree": 0.11676447440084532, "eta": 0.046205715347936716, "gamma": 552.6069168089297, "max_depth": 3.0, "min_child_weight": 4254.418783170729, "num_boost_round": 24.0, "subsample": 0.17434910478283416}, "datetime": {"datetime": "2024-01-20 15:07:02", "elapsed": 2580.205451, "delta": 0.003323}}
{"target": -15.165881073370555, "params": {"colsample_bytree": 0.11676447440084532, "eta": 0.046205715347936716, "gamma": 552.6069168089297, "max_depth": 3.0, "min_child_weight": 4254.418783170729, "num_boost_round": 25.0, "subsample": 0.17434910478283416}, "datetime": {"datetime": "2024-01-20 15:07:02", "elapsed": 2580.208756, "delta": 0.003305}}
{"target": -15.16569364365381, "params": {"colsample_bytree": 0.11676447440084532, "eta": 0.046205715347936716, "gamma": 552.6069168089297, "max_depth": 3.0, "min_child_weight": 4254.418783170729, "num_boost_round": 26.0, "subsample": 0.17434910478283416}, "datetime": {"datetime": "2024-01-20 15:07:02", "elapsed": 2580.212162, "delta": 0.003406}}
{"target": -15.165284452528102, "params": {"colsample_bytree": 0.11676447440084532, "eta": 0.046205715347936716, "gamma": 552.6069168089297, "max_depth": 3.0, "min_child_weight": 4254.418783170729, "num_boost_round": 27.0, "subsample": 0.17434910478283416}, "datetime": {"datetime": "2024-01-20 15:07:02", "elapsed": 2580.215659, "delta": 0.003497}}
{"target": -15.165418123659736, "params": {"colsample_bytree": 0.11676447440084532, "eta": 0.046205715347936716, "gamma": 552.6069168089297, "max_depth": 3.0, "min_child_weight": 4254.418783170729, "num_boost_round": 28.0, "subsample": 0.17434910478283416}, "datetime": {"datetime": "2024-01-20 15:07:03", "elapsed": 2580.548423, "delta": 0.332764}}
{"target": -15.165353358808082, "params": {"colsample_bytree": 0.11676447440084532, "eta": 0.046205715347936716, "gamma": 552.6069168089297, "max_depth": 3.0, "min_child_weight": 4254.418783170729, "num_boost_round": 29.0, "subsample": 0.17434910478283416}, "datetime": {"datetime": "2024-01-20 15:07:03", "elapsed": 2580.55296, "delta": 0.004537}}
{"target": -15.165229182131402, "params": {"colsample_bytree": 0.11676447440084532, "eta": 0.046205715347936716, "gamma": 552.6069168089297, "max_depth": 3.0, "min_child_weight": 4254.418783170729, "num_boost_round": 30.0, "subsample": 0.17434910478283416}, "datetime": {"datetime": "2024-01-20 15:07:03", "elapsed": 2580.556829, "delta": 0.003869}}
{"target": -15.165413337108356, "params": {"colsample_bytree": 0.11676447440084532, "eta": 0.046205715347936716, "gamma": 552.6069168089297, "max_depth": 3.0, "min_child_weight": 4254.418783170729, "num_boost_round": 31.0, "subsample": 0.17434910478283416}, "datetime": {"datetime": "2024-01-20 15:07:03", "elapsed": 2580.560541, "delta": 0.003712}}
{"target": -15.16552122818317, "params": {"colsample_bytree": 0.11676447440084532, "eta": 0.046205715347936716, "gamma": 552.6069168089297, "max_depth": 3.0, "min_child_weight": 4254.418783170729, "num_boost_round": 32.0, "subsample": 0.17434910478283416}, "datetime": {"datetime": "2024-01-20 15:07:03", "elapsed": 2580.564195, "delta": 0.003654}}
{"target": -15.165417638786764, "params": {"colsample_bytree": 0.11676447440084532, "eta": 0.046205715347936716, "gamma": 552.6069168089297, "max_depth": 3.0, "min_child_weight": 4254.418783170729, "num_boost_round": 33.0, "subsample": 0.17434910478283416}, "datetime": {"datetime": "2024-01-20 15:07:03", "elapsed": 2580.56772, "delta": 0.003525}}
{"target": -15.165396899070664, "params": {"colsample_bytree": 0.11676447440084532, "eta": 0.046205715347936716, "gamma": 552.6069168089297, "max_depth": 3.0, "min_child_weight": 4254.418783170729, "num_boost_round": 34.0, "subsample": 0.17434910478283416}, "datetime": {"datetime": "2024-01-20 15:07:03", "elapsed": 2580.571326, "delta": 0.003606}}
{"target": -15.165462789088762, "params": {"colsample_bytree": 0.11676447440084532, "eta": 0.046205715347936716, "gamma": 552.6069168089297, "max_depth": 3.0, "min_child_weight": 4254.418783170729, "num_boost_round": 35.0, "subsample": 0.17434910478283416}, "datetime": {"datetime": "2024-01-20 15:07:03", "elapsed": 2580.574821, "delta": 0.003495}}
{"target": -15.165332610500474, "params": {"colsample_bytree": 0.11676447440084532, "eta": 0.046205715347936716, "gamma": 552.6069168089297, "max_depth": 3.0, "min_child_weight": 4254.418783170729, "num_boost_round": 36.0, "subsample": 0.17434910478283416}, "datetime": {"datetime": "2024-01-20 15:07:03", "elapsed": 2580.578383, "delta": 0.003562}}
{"target": -15.164607431760183, "params": {"colsample_bytree": 0.11676447440084532, "eta": 0.046205715347936716, "gamma": 552.6069168089297, "max_depth": 3.0, "min_child_weight": 4254.418783170729, "num_boost_round": 37.0, "subsample": 0.17434910478283416}, "datetime": {"datetime": "2024-01-20 15:07:03", "elapsed": 2580.581964, "delta": 0.003581}}
{"target": -15.164597594332367, "params": {"colsample_bytree": 0.11676447440084532, "eta": 0.046205715347936716, "gamma": 552.6069168089297, "max_depth": 3.0, "min_child_weight": 4254.418783170729, "num_boost_round": 38.0, "subsample": 0.17434910478283416}, "datetime": {"datetime": "2024-01-20 15:07:03", "elapsed": 2580.585552, "delta": 0.003588}}
{"target": -15.16450713761747, "params": {"colsample_bytree": 0.11676447440084532, "eta": 0.046205715347936716, "gamma": 552.6069168089297, "max_depth": 3.0, "min_child_weight": 4254.418783170729, "num_boost_round": 39.0, "subsample": 0.17434910478283416}, "datetime": {"datetime": "2024-01-20 15:07:03", "elapsed": 2580.589312, "delta": 0.00376}}
{"target": -15.16424906724548, "params": {"colsample_bytree": 0.11676447440084532, "eta": 0.046205715347936716, "gamma": 552.6069168089297, "max_depth": 3.0, "min_child_weight": 4254.418783170729, "num_boost_round": 40.0, "subsample": 0.17434910478283416}, "datetime": {"datetime": "2024-01-20 15:07:03", "elapsed": 2580.593024, "delta": 0.003712}}
{"target": -15.164349879004346, "params": {"colsample_bytree": 0.11676447440084532, "eta": 0.046205715347936716, "gamma": 552.6069168089297, "max_depth": 3.0, "min_child_weight": 4254.418783170729, "num_boost_round": 41.0, "subsample": 0.17434910478283416}, "datetime": {"datetime": "2024-01-20 15:07:03", "elapsed": 2580.596855, "delta": 0.003831}}
{"target": -15.164530585159795, "params": {"colsample_bytree": 0.11676447440084532, "eta": 0.046205715347936716, "gamma": 552.6069168089297, "max_depth": 3.0, "min_child_weight": 4254.418783170729, "num_boost_round": 42.0, "subsample": 0.17434910478283416}, "datetime": {"datetime": "2024-01-20 15:07:03", "elapsed": 2580.600584, "delta": 0.003729}}
{"target": -15.17119613435279, "params": {"colsample_bytree": 0.6504961788058375, "eta": 0.07018586952167942, "gamma": 510.07279035232335, "max_depth": 3.0, "min_child_weight": 4278.062905875288, "num_boost_round": 1.0, "subsample": 0.5038366116079045}, "datetime": {"datetime": "2024-01-20 15:07:59", "elapsed": 2637.156879, "delta": 56.556295}}
{"target": -15.169851237727473, "params": {"colsample_bytree": 0.6504961788058375, "eta": 0.07018586952167942, "gamma": 510.07279035232335, "max_depth": 3.0, "min_child_weight": 4278.062905875288, "num_boost_round": 2.0, "subsample": 0.5038366116079045}, "datetime": {"datetime": "2024-01-20 15:07:59", "elapsed": 2637.16178, "delta": 0.004901}}
{"target": -15.167816000087862, "params": {"colsample_bytree": 0.6504961788058375, "eta": 0.07018586952167942, "gamma": 510.07279035232335, "max_depth": 3.0, "min_child_weight": 4278.062905875288, "num_boost_round": 3.0, "subsample": 0.5038366116079045}, "datetime": {"datetime": "2024-01-20 15:07:59", "elapsed": 2637.165416, "delta": 0.003636}}
{"target": -15.16707169540907, "params": {"colsample_bytree": 0.6504961788058375, "eta": 0.07018586952167942, "gamma": 510.07279035232335, "max_depth": 3.0, "min_child_weight": 4278.062905875288, "num_boost_round": 4.0, "subsample": 0.5038366116079045}, "datetime": {"datetime": "2024-01-20 15:07:59", "elapsed": 2637.169193, "delta": 0.003777}}
{"target": -15.164864442412117, "params": {"colsample_bytree": 0.6504961788058375, "eta": 0.07018586952167942, "gamma": 510.07279035232335, "max_depth": 3.0, "min_child_weight": 4278.062905875288, "num_boost_round": 5.0, "subsample": 0.5038366116079045}, "datetime": {"datetime": "2024-01-20 15:07:59", "elapsed": 2637.173168, "delta": 0.003975}}
{"target": -15.164016368180278, "params": {"colsample_bytree": 0.6504961788058375, "eta": 0.07018586952167942, "gamma": 510.07279035232335, "max_depth": 3.0, "min_child_weight": 4278.062905875288, "num_boost_round": 6.0, "subsample": 0.5038366116079045}, "datetime": {"datetime": "2024-01-20 15:07:59", "elapsed": 2637.176897, "delta": 0.003729}}
{"target": -15.163380729889207, "params": {"colsample_bytree": 0.6504961788058375, "eta": 0.07018586952167942, "gamma": 510.07279035232335, "max_depth": 3.0, "min_child_weight": 4278.062905875288, "num_boost_round": 7.0, "subsample": 0.5038366116079045}, "datetime": {"datetime": "2024-01-20 15:07:59", "elapsed": 2637.180609, "delta": 0.003712}}
{"target": -15.161514840112213, "params": {"colsample_bytree": 0.6504961788058375, "eta": 0.07018586952167942, "gamma": 510.07279035232335, "max_depth": 3.0, "min_child_weight": 4278.062905875288, "num_boost_round": 8.0, "subsample": 0.5038366116079045}, "datetime": {"datetime": "2024-01-20 15:07:59", "elapsed": 2637.184285, "delta": 0.003676}}
{"target": -15.161420591959992, "params": {"colsample_bytree": 0.6504961788058375, "eta": 0.07018586952167942, "gamma": 510.07279035232335, "max_depth": 3.0, "min_child_weight": 4278.062905875288, "num_boost_round": 9.0, "subsample": 0.5038366116079045}, "datetime": {"datetime": "2024-01-20 15:07:59", "elapsed": 2637.187984, "delta": 0.003699}}
{"target": -15.161218700059875, "params": {"colsample_bytree": 0.6504961788058375, "eta": 0.07018586952167942, "gamma": 510.07279035232335, "max_depth": 3.0, "min_child_weight": 4278.062905875288, "num_boost_round": 10.0, "subsample": 0.5038366116079045}, "datetime": {"datetime": "2024-01-20 15:07:59", "elapsed": 2637.191926, "delta": 0.003942}}
{"target": -15.161809963263487, "params": {"colsample_bytree": 0.6504961788058375, "eta": 0.07018586952167942, "gamma": 510.07279035232335, "max_depth": 3.0, "min_child_weight": 4278.062905875288, "num_boost_round": 11.0, "subsample": 0.5038366116079045}, "datetime": {"datetime": "2024-01-20 15:07:59", "elapsed": 2637.195605, "delta": 0.003679}}
{"target": -15.160861360727107, "params": {"colsample_bytree": 0.6504961788058375, "eta": 0.07018586952167942, "gamma": 510.07279035232335, "max_depth": 3.0, "min_child_weight": 4278.062905875288, "num_boost_round": 12.0, "subsample": 0.5038366116079045}, "datetime": {"datetime": "2024-01-20 15:07:59", "elapsed": 2637.199181, "delta": 0.003576}}
{"target": -15.160906826010152, "params": {"colsample_bytree": 0.6504961788058375, "eta": 0.07018586952167942, "gamma": 510.07279035232335, "max_depth": 3.0, "min_child_weight": 4278.062905875288, "num_boost_round": 13.0, "subsample": 0.5038366116079045}, "datetime": {"datetime": "2024-01-20 15:07:59", "elapsed": 2637.202717, "delta": 0.003536}}
{"target": -15.159087151598701, "params": {"colsample_bytree": 0.6504961788058375, "eta": 0.07018586952167942, "gamma": 510.07279035232335, "max_depth": 3.0, "min_child_weight": 4278.062905875288, "num_boost_round": 14.0, "subsample": 0.5038366116079045}, "datetime": {"datetime": "2024-01-20 15:07:59", "elapsed": 2637.206201, "delta": 0.003484}}
{"target": -15.15892535067579, "params": {"colsample_bytree": 0.6504961788058375, "eta": 0.07018586952167942, "gamma": 510.07279035232335, "max_depth": 3.0, "min_child_weight": 4278.062905875288, "num_boost_round": 15.0, "subsample": 0.5038366116079045}, "datetime": {"datetime": "2024-01-20 15:07:59", "elapsed": 2637.209689, "delta": 0.003488}}
{"target": -15.158962430503811, "params": {"colsample_bytree": 0.6504961788058375, "eta": 0.07018586952167942, "gamma": 510.07279035232335, "max_depth": 3.0, "min_child_weight": 4278.062905875288, "num_boost_round": 16.0, "subsample": 0.5038366116079045}, "datetime": {"datetime": "2024-01-20 15:07:59", "elapsed": 2637.213271, "delta": 0.003582}}
{"target": -15.1584976618456, "params": {"colsample_bytree": 0.6504961788058375, "eta": 0.07018586952167942, "gamma": 510.07279035232335, "max_depth": 3.0, "min_child_weight": 4278.062905875288, "num_boost_round": 17.0, "subsample": 0.5038366116079045}, "datetime": {"datetime": "2024-01-20 15:07:59", "elapsed": 2637.216858, "delta": 0.003587}}
{"target": -15.158208456465431, "params": {"colsample_bytree": 0.6504961788058375, "eta": 0.07018586952167942, "gamma": 510.07279035232335, "max_depth": 3.0, "min_child_weight": 4278.062905875288, "num_boost_round": 18.0, "subsample": 0.5038366116079045}, "datetime": {"datetime": "2024-01-20 15:07:59", "elapsed": 2637.220451, "delta": 0.003593}}
{"target": -15.157933045918583, "params": {"colsample_bytree": 0.6504961788058375, "eta": 0.07018586952167942, "gamma": 510.07279035232335, "max_depth": 3.0, "min_child_weight": 4278.062905875288, "num_boost_round": 19.0, "subsample": 0.5038366116079045}, "datetime": {"datetime": "2024-01-20 15:07:59", "elapsed": 2637.224024, "delta": 0.003573}}
{"target": -15.15799143786641, "params": {"colsample_bytree": 0.6504961788058375, "eta": 0.07018586952167942, "gamma": 510.07279035232335, "max_depth": 3.0, "min_child_weight": 4278.062905875288, "num_boost_round": 20.0, "subsample": 0.5038366116079045}, "datetime": {"datetime": "2024-01-20 15:07:59", "elapsed": 2637.227587, "delta": 0.003563}}
{"target": -15.157872250359002, "params": {"colsample_bytree": 0.6504961788058375, "eta": 0.07018586952167942, "gamma": 510.07279035232335, "max_depth": 3.0, "min_child_weight": 4278.062905875288, "num_boost_round": 21.0, "subsample": 0.5038366116079045}, "datetime": {"datetime": "2024-01-20 15:07:59", "elapsed": 2637.231218, "delta": 0.003631}}
{"target": -15.157793449471466, "params": {"colsample_bytree": 0.6504961788058375, "eta": 0.07018586952167942, "gamma": 510.07279035232335, "max_depth": 3.0, "min_child_weight": 4278.062905875288, "num_boost_round": 22.0, "subsample": 0.5038366116079045}, "datetime": {"datetime": "2024-01-20 15:07:59", "elapsed": 2637.234888, "delta": 0.00367}}
{"target": -15.157558585536666, "params": {"colsample_bytree": 0.6504961788058375, "eta": 0.07018586952167942, "gamma": 510.07279035232335, "max_depth": 3.0, "min_child_weight": 4278.062905875288, "num_boost_round": 23.0, "subsample": 0.5038366116079045}, "datetime": {"datetime": "2024-01-20 15:07:59", "elapsed": 2637.238405, "delta": 0.003517}}
{"target": -15.156944995654033, "params": {"colsample_bytree": 0.6504961788058375, "eta": 0.07018586952167942, "gamma": 510.07279035232335, "max_depth": 3.0, "min_child_weight": 4278.062905875288, "num_boost_round": 24.0, "subsample": 0.5038366116079045}, "datetime": {"datetime": "2024-01-20 15:07:59", "elapsed": 2637.242131, "delta": 0.003726}}
{"target": -15.156926395102056, "params": {"colsample_bytree": 0.6504961788058375, "eta": 0.07018586952167942, "gamma": 510.07279035232335, "max_depth": 3.0, "min_child_weight": 4278.062905875288, "num_boost_round": 25.0, "subsample": 0.5038366116079045}, "datetime": {"datetime": "2024-01-20 15:07:59", "elapsed": 2637.245738, "delta": 0.003607}}
{"target": -15.157775636736785, "params": {"colsample_bytree": 0.6504961788058375, "eta": 0.07018586952167942, "gamma": 510.07279035232335, "max_depth": 3.0, "min_child_weight": 4278.062905875288, "num_boost_round": 26.0, "subsample": 0.5038366116079045}, "datetime": {"datetime": "2024-01-20 15:07:59", "elapsed": 2637.249285, "delta": 0.003547}}
{"target": -15.157426859912368, "params": {"colsample_bytree": 0.6504961788058375, "eta": 0.07018586952167942, "gamma": 510.07279035232335, "max_depth": 3.0, "min_child_weight": 4278.062905875288, "num_boost_round": 27.0, "subsample": 0.5038366116079045}, "datetime": {"datetime": "2024-01-20 15:07:59", "elapsed": 2637.252913, "delta": 0.003628}}
{"target": -15.157291572744938, "params": {"colsample_bytree": 0.6504961788058375, "eta": 0.07018586952167942, "gamma": 510.07279035232335, "max_depth": 3.0, "min_child_weight": 4278.062905875288, "num_boost_round": 28.0, "subsample": 0.5038366116079045}, "datetime": {"datetime": "2024-01-20 15:07:59", "elapsed": 2637.256482, "delta": 0.003569}}
{"target": -15.157257127225803, "params": {"colsample_bytree": 0.6504961788058375, "eta": 0.07018586952167942, "gamma": 510.07279035232335, "max_depth": 3.0, "min_child_weight": 4278.062905875288, "num_boost_round": 29.0, "subsample": 0.5038366116079045}, "datetime": {"datetime": "2024-01-20 15:07:59", "elapsed": 2637.260148, "delta": 0.003666}}
{"target": -15.157657040759716, "params": {"colsample_bytree": 0.6504961788058375, "eta": 0.07018586952167942, "gamma": 510.07279035232335, "max_depth": 3.0, "min_child_weight": 4278.062905875288, "num_boost_round": 30.0, "subsample": 0.5038366116079045}, "datetime": {"datetime": "2024-01-20 15:07:59", "elapsed": 2637.263761, "delta": 0.003613}}
