{"target": -19.159734316014642, "params": {"colsample_bytree": 0.4817990587310511, "eta": 0.06466362574084887, "gamma": 644.9707486215702, "max_depth": 9.0, "min_child_weight": 3969.8337503190373, "num_boost_round": 25.0, "subsample": 0.9527612282657915}, "datetime": {"datetime": "2024-01-20 14:27:14", "elapsed": 202.874503, "delta": 0.000483}}
{"target": -19.160708004268777, "params": {"colsample_bytree": 0.4817990587310511, "eta": 0.06466362574084887, "gamma": 644.9707486215702, "max_depth": 9.0, "min_child_weight": 3969.8337503190373, "num_boost_round": 26.0, "subsample": 0.9527612282657915}, "datetime": {"datetime": "2024-01-20 14:27:14", "elapsed": 202.874992, "delta": 0.000489}}
{"target": -19.161991392474043, "params": {"colsample_bytree": 0.4817990587310511, "eta": 0.06466362574084887, "gamma": 644.9707486215702, "max_depth": 9.0, "min_child_weight": 3969.8337503190373, "num_boost_round": 27.0, "subsample": 0.9527612282657915}, "datetime": {"datetime": "2024-01-20 14:27:14", "elapsed": 202.875469, "delta": 0.000477}}
{"target": -19.16238083517495, "params": {"colsample_bytree": 0.4817990587310511, "eta": 0.06466362574084887, "gamma": 644.9707486215702, "max_depth": 9.0, "min_child_weight": 3969.8337503190373, "num_boost_round": 28.0, "subsample": 0.9527612282657915}, "datetime": {"datetime": "2024-01-20 14:27:14", "elapsed": 202.875972, "delta": 0.000503}}
{"target": -19.16249235107221, "params": {"colsample_bytree": 0.4817990587310511, "eta": 0.06466362574084887, "gamma": 644.9707486215702, "max_depth": 9.0, "min_child_weight": 3969.8337503190373, "num_boost_round": 29.0, "subsample": 0.9527612282657915}, "datetime": {"datetime": "2024-01-20 14:27:14", "elapsed": 202.876445, "delta": 0.000473}}
{"target": -19.162759907318954, "params": {"colsample_bytree": 0.4817990587310511, "eta": 0.06466362574084887, "gamma": 644.9707486215702, "max_depth": 9.0, "min_child_weight": 3969.8337503190373, "num_boost_round": 30.0, "subsample": 0.9527612282657915}, "datetime": {"datetime": "2024-01-20 14:27:14", "elapsed": 202.876964, "delta": 0.000519}}
{"target": -19.164275498019652, "params": {"colsample_bytree": 0.4817990587310511, "eta": 0.06466362574084887, "gamma": 644.9707486215702, "max_depth": 9.0, "min_child_weight": 3969.8337503190373, "num_boost_round": 31.0, "subsample": 0.9527612282657915}, "datetime": {"datetime": "2024-01-20 14:27:14", "elapsed": 202.877447, "delta": 0.000483}}
{"target": -19.164972509019915, "params": {"colsample_bytree": 0.4817990587310511, "eta": 0.06466362574084887, "gamma": 644.9707486215702, "max_depth": 9.0, "min_child_weight": 3969.8337503190373, "num_boost_round": 32.0, "subsample": 0.9527612282657915}, "datetime": {"datetime": "2024-01-20 14:27:14", "elapsed": 202.877935, "delta": 0.000488}}
{"target": -19.16521097580958, "params": {"colsample_bytree": 0.4817990587310511, "eta": 0.06466362574084887, "gamma": 644.9707486215702, "max_depth": 9.0, "min_child_weight": 3969.8337503190373, "num_boost_round": 33.0, "subsample": 0.9527612282657915}, "datetime": {"datetime": "2024-01-20 14:27:14", "elapsed": 202.878432, "delta": 0.000497}}
{"target": -19.166365501483995, "params": {"colsample_bytree": 0.4817990587310511, "eta": 0.06466362574084887, "gamma": 644.9707486215702, "max_depth": 9.0, "min_child_weight": 3969.8337503190373, "num_boost_round": 34.0, "subsample": 0.9527612282657915}, "datetime": {"datetime": "2024-01-20 14:27:14", "elapsed": 202.878943, "delta": 0.000511}}
{"target": -19.167268861390838, "params": {"colsample_bytree": 0.4817990587310511, "eta": 0.06466362574084887, "gamma": 644.9707486215702, "max_depth": 9.0, "min_child_weight": 3969.8337503190373, "num_boost_round": 35.0, "subsample": 0.9527612282657915}, "datetime": {"datetime": "2024-01-20 14:27:14", "elapsed": 202.879442, "delta": 0.000499}}
{"target": -19.168045923229933, "params": {"colsample_bytree": 0.4817990587310511, "eta": 0.06466362574084887, "gamma": 644.9707486215702, "max_depth": 9.0, "min_child_weight": 3969.8337503190373, "num_boost_round": 36.0, "subsample": 0.9527612282657915}, "datetime": {"datetime": "2024-01-20 14:27:14", "elapsed": 202.879943, "delta": 0.000501}}
{"target": -19.168593414229345, "params": {"colsample_bytree": 0.4817990587310511, "eta": 0.06466362574084887, "gamma": 644.9707486215702, "max_depth": 9.0, "min_child_weight": 3969.8337503190373, "num_boost_round": 37.0, "subsample": 0.9527612282657915}, "datetime": {"datetime": "2024-01-20 14:27:14", "elapsed": 202.880445, "delta": 0.000502}}
{"target": -19.169594117967726, "params": {"colsample_bytree": 0.4817990587310511, "eta": 0.06466362574084887, "gamma": 644.9707486215702, "max_depth": 9.0, "min_child_weight": 3969.8337503190373, "num_boost_round": 38.0, "subsample": 0.9527612282657915}, "datetime": {"datetime": "2024-01-20 14:27:14", "elapsed": 202.880949, "delta": 0.000504}}
{"target": -19.16971779509744, "params": {"colsample_bytree": 0.4817990587310511, "eta": 0.06466362574084887, "gamma": 644.9707486215702, "max_depth": 9.0, "min_child_weight": 3969.8337503190373, "num_boost_round": 39.0, "subsample": 0.9527612282657915}, "datetime": {"datetime": "2024-01-20 14:27:14", "elapsed": 202.881451, "delta": 0.000502}}
{"target": -19.170304343955614, "params": {"colsample_bytree": 0.4817990587310511, "eta": 0.06466362574084887, "gamma": 644.9707486215702, "max_depth": 9.0, "min_child_weight": 3969.8337503190373, "num_boost_round": 40.0, "subsample": 0.9527612282657915}, "datetime": {"datetime": "2024-01-20 14:27:14", "elapsed": 202.881943, "delta": 0.000492}}
{"target": -19.170623937359622, "params": {"colsample_bytree": 0.4817990587310511, "eta": 0.06466362574084887, "gamma": 644.9707486215702, "max_depth": 9.0, "min_child_weight": 3969.8337503190373, "num_boost_round": 41.0, "subsample": 0.9527612282657915}, "datetime": {"datetime": "2024-01-20 14:27:14", "elapsed": 202.882446, "delta": 0.000503}}
{"target": -19.170844473311746, "params": {"colsample_bytree": 0.4817990587310511, "eta": 0.06466362574084887, "gamma": 644.9707486215702, "max_depth": 9.0, "min_child_weight": 3969.8337503190373, "num_boost_round": 42.0, "subsample": 0.9527612282657915}, "datetime": {"datetime": "2024-01-20 14:27:14", "elapsed": 202.88295, "delta": 0.000504}}
{"target": -19.17106363460115, "params": {"colsample_bytree": 0.4817990587310511, "eta": 0.06466362574084887, "gamma": 644.9707486215702, "max_depth": 9.0, "min_child_weight": 3969.8337503190373, "num_boost_round": 43.0, "subsample": 0.9527612282657915}, "datetime": {"datetime": "2024-01-20 14:27:14", "elapsed": 202.883442, "delta": 0.000492}}
{"target": -19.171583197952742, "params": {"colsample_bytree": 0.4817990587310511, "eta": 0.06466362574084887, "gamma": 644.9707486215702, "max_depth": 9.0, "min_child_weight": 3969.8337503190373, "num_boost_round": 44.0, "subsample": 0.9527612282657915}, "datetime": {"datetime": "2024-01-20 14:27:14", "elapsed": 202.883953, "delta": 0.000511}}
{"target": -19.17181688031654, "params": {"colsample_bytree": 0.4817990587310511, "eta": 0.06466362574084887, "gamma": 644.9707486215702, "max_depth": 9.0, "min_child_weight": 3969.8337503190373, "num_boost_round": 45.0, "subsample": 0.9527612282657915}, "datetime": {"datetime": "2024-01-20 14:27:14", "elapsed": 202.884451, "delta": 0.000498}}
{"target": -19.172227463736718, "params": {"colsample_bytree": 0.4817990587310511, "eta": 0.06466362574084887, "gamma": 644.9707486215702, "max_depth": 9.0, "min_child_weight": 3969.8337503190373, "num_boost_round": 46.0, "subsample": 0.9527612282657915}, "datetime": {"datetime": "2024-01-20 14:27:14", "elapsed": 202.884972, "delta": 0.000521}}
{"target": -19.173143112759938, "params": {"colsample_bytree": 0.4817990587310511, "eta": 0.06466362574084887, "gamma": 644.9707486215702, "max_depth": 9.0, "min_child_weight": 3969.8337503190373, "num_boost_round": 47.0, "subsample": 0.9527612282657915}, "datetime": {"datetime": "2024-01-20 14:27:14", "elapsed": 202.88548, "delta": 0.000508}}
{"target": -19.17337794166267, "params": {"colsample_bytree": 0.4817990587310511, "eta": 0.06466362574084887, "gamma": 644.9707486215702, "max_depth": 9.0, "min_child_weight": 3969.8337503190373, "num_boost_round": 48.0, "subsample": 0.9527612282657915}, "datetime": {"datetime": "2024-01-20 14:27:14", "elapsed": 202.886006, "delta": 0.000526}}
{"target": -19.17387672006182, "params": {"colsample_bytree": 0.4817990587310511, "eta": 0.06466362574084887, "gamma": 644.9707486215702, "max_depth": 9.0, "min_child_weight": 3969.8337503190373, "num_boost_round": 49.0, "subsample": 0.9527612282657915}, "datetime": {"datetime": "2024-01-20 14:27:14", "elapsed": 202.887083, "delta": 0.001077}}
{"target": -19.174295986486293, "params": {"colsample_bytree": 0.4817990587310511, "eta": 0.06466362574084887, "gamma": 644.9707486215702, "max_depth": 9.0, "min_child_weight": 3969.8337503190373, "num_boost_round": 50.0, "subsample": 0.9527612282657915}, "datetime": {"datetime": "2024-01-20 14:27:14", "elapsed": 202.887723, "delta": 0.00064}}
{"target": -19.174376186818385, "params": {"colsample_bytree": 0.4817990587310511, "eta": 0.06466362574084887, "gamma": 644.9707486215702, "max_depth": 9.0, "min_child_weight": 3969.8337503190373, "num_boost_round": 51.0, "subsample": 0.9527612282657915}, "datetime": {"datetime": "2024-01-20 14:27:14", "elapsed": 202.888292, "delta": 0.000569}}
{"target": -19.17460051492365, "params": {"colsample_bytree": 0.4817990587310511, "eta": 0.06466362574084887, "gamma": 644.9707486215702, "max_depth": 9.0, "min_child_weight": 3969.8337503190373, "num_boost_round": 52.0, "subsample": 0.9527612282657915}, "datetime": {"datetime": "2024-01-20 14:27:14", "elapsed": 202.888897, "delta": 0.000605}}
{"target": -19.175502822858505, "params": {"colsample_bytree": 0.4817990587310511, "eta": 0.06466362574084887, "gamma": 644.9707486215702, "max_depth": 9.0, "min_child_weight": 3969.8337503190373, "num_boost_round": 53.0, "subsample": 0.9527612282657915}, "datetime": {"datetime": "2024-01-20 14:27:14", "elapsed": 202.889456, "delta": 0.000559}}
{"target": -19.17587393715546, "params": {"colsample_bytree": 0.4817990587310511, "eta": 0.06466362574084887, "gamma": 644.9707486215702, "max_depth": 9.0, "min_child_weight": 3969.8337503190373, "num_boost_round": 54.0, "subsample": 0.9527612282657915}, "datetime": {"datetime": "2024-01-20 14:27:14", "elapsed": 202.890031, "delta": 0.000575}}
{"target": -19.176334127771582, "params": {"colsample_bytree": 0.4817990587310511, "eta": 0.06466362574084887, "gamma": 644.9707486215702, "max_depth": 9.0, "min_child_weight": 3969.8337503190373, "num_boost_round": 55.0, "subsample": 0.9527612282657915}, "datetime": {"datetime": "2024-01-20 14:27:14", "elapsed": 202.890514, "delta": 0.000483}}
{"target": -19.176641225438892, "params": {"colsample_bytree": 0.4817990587310511, "eta": 0.06466362574084887, "gamma": 644.9707486215702, "max_depth": 9.0, "min_child_weight": 3969.8337503190373, "num_boost_round": 56.0, "subsample": 0.9527612282657915}, "datetime": {"datetime": "2024-01-20 14:27:14", "elapsed": 202.890998, "delta": 0.000484}}
{"target": -19.17689086491965, "params": {"colsample_bytree": 0.4817990587310511, "eta": 0.06466362574084887, "gamma": 644.9707486215702, "max_depth": 9.0, "min_child_weight": 3969.8337503190373, "num_boost_round": 57.0, "subsample": 0.9527612282657915}, "datetime": {"datetime": "2024-01-20 14:27:14", "elapsed": 202.891481, "delta": 0.000483}}
{"target": -19.17717074861701, "params": {"colsample_bytree": 0.4817990587310511, "eta": 0.06466362574084887, "gamma": 644.9707486215702, "max_depth": 9.0, "min_child_weight": 3969.8337503190373, "num_boost_round": 58.0, "subsample": 0.9527612282657915}, "datetime": {"datetime": "2024-01-20 14:27:14", "elapsed": 202.891973, "delta": 0.000492}}
{"target": -19.177961021003863, "params": {"colsample_bytree": 0.4817990587310511, "eta": 0.06466362574084887, "gamma": 644.9707486215702, "max_depth": 9.0, "min_child_weight": 3969.8337503190373, "num_boost_round": 59.0, "subsample": 0.9527612282657915}, "datetime": {"datetime": "2024-01-20 14:27:14", "elapsed": 202.8925, "delta": 0.000527}}
{"target": -19.178287719182887, "params": {"colsample_bytree": 0.4817990587310511, "eta": 0.06466362574084887, "gamma": 644.9707486215702, "max_depth": 9.0, "min_child_weight": 3969.8337503190373, "num_boost_round": 60.0, "subsample": 0.9527612282657915}, "datetime": {"datetime": "2024-01-20 14:27:14", "elapsed": 202.893033, "delta": 0.000533}}
{"target": -19.178678809692574, "params": {"colsample_bytree": 0.4817990587310511, "eta": 0.06466362574084887, "gamma": 644.9707486215702, "max_depth": 9.0, "min_child_weight": 3969.8337503190373, "num_boost_round": 61.0, "subsample": 0.9527612282657915}, "datetime": {"datetime": "2024-01-20 14:27:14", "elapsed": 202.893572, "delta": 0.000539}}
{"target": -19.17877069877487, "params": {"colsample_bytree": 0.4817990587310511, "eta": 0.06466362574084887, "gamma": 644.9707486215702, "max_depth": 9.0, "min_child_weight": 3969.8337503190373, "num_boost_round": 62.0, "subsample": 0.9527612282657915}, "datetime": {"datetime": "2024-01-20 14:27:14", "elapsed": 202.894098, "delta": 0.000526}}
{"target": -19.17950446119152, "params": {"colsample_bytree": 0.4817990587310511, "eta": 0.06466362574084887, "gamma": 644.9707486215702, "max_depth": 9.0, "min_child_weight": 3969.8337503190373, "num_boost_round": 63.0, "subsample": 0.9527612282657915}, "datetime": {"datetime": "2024-01-20 14:27:14", "elapsed": 202.894622, "delta": 0.000524}}
{"target": -19.17997522749512, "params": {"colsample_bytree": 0.4817990587310511, "eta": 0.06466362574084887, "gamma": 644.9707486215702, "max_depth": 9.0, "min_child_weight": 3969.8337503190373, "num_boost_round": 64.0, "subsample": 0.9527612282657915}, "datetime": {"datetime": "2024-01-20 14:27:14", "elapsed": 202.895156, "delta": 0.000534}}
{"target": -19.18039392306585, "params": {"colsample_bytree": 0.4817990587310511, "eta": 0.06466362574084887, "gamma": 644.9707486215702, "max_depth": 9.0, "min_child_weight": 3969.8337503190373, "num_boost_round": 65.0, "subsample": 0.9527612282657915}, "datetime": {"datetime": "2024-01-20 14:27:14", "elapsed": 202.895673, "delta": 0.000517}}
{"target": -19.180983342246687, "params": {"colsample_bytree": 0.4817990587310511, "eta": 0.06466362574084887, "gamma": 644.9707486215702, "max_depth": 9.0, "min_child_weight": 3969.8337503190373, "num_boost_round": 66.0, "subsample": 0.9527612282657915}, "datetime": {"datetime": "2024-01-20 14:27:14", "elapsed": 202.896205, "delta": 0.000532}}
{"target": -19.18143997147655, "params": {"colsample_bytree": 0.4817990587310511, "eta": 0.06466362574084887, "gamma": 644.9707486215702, "max_depth": 9.0, "min_child_weight": 3969.8337503190373, "num_boost_round": 67.0, "subsample": 0.9527612282657915}, "datetime": {"datetime": "2024-01-20 14:27:14", "elapsed": 202.896748, "delta": 0.000543}}
{"target": -19.181782772031255, "params": {"colsample_bytree": 0.4817990587310511, "eta": 0.06466362574084887, "gamma": 644.9707486215702, "max_depth": 9.0, "min_child_weight": 3969.8337503190373, "num_boost_round": 68.0, "subsample": 0.9527612282657915}, "datetime": {"datetime": "2024-01-20 14:27:14", "elapsed": 202.897267, "delta": 0.000519}}
{"target": -19.182173200704316, "params": {"colsample_bytree": 0.4817990587310511, "eta": 0.06466362574084887, "gamma": 644.9707486215702, "max_depth": 9.0, "min_child_weight": 3969.8337503190373, "num_boost_round": 69.0, "subsample": 0.9527612282657915}, "datetime": {"datetime": "2024-01-20 14:27:14", "elapsed": 202.897817, "delta": 0.00055}}
{"target": -19.182442620061742, "params": {"colsample_bytree": 0.4817990587310511, "eta": 0.06466362574084887, "gamma": 644.9707486215702, "max_depth": 9.0, "min_child_weight": 3969.8337503190373, "num_boost_round": 70.0, "subsample": 0.9527612282657915}, "datetime": {"datetime": "2024-01-20 14:27:14", "elapsed": 202.898366, "delta": 0.000549}}
{"target": -19.182606937829547, "params": {"colsample_bytree": 0.4817990587310511, "eta": 0.06466362574084887, "gamma": 644.9707486215702, "max_depth": 9.0, "min_child_weight": 3969.8337503190373, "num_boost_round": 71.0, "subsample": 0.9527612282657915}, "datetime": {"datetime": "2024-01-20 14:27:14", "elapsed": 202.898905, "delta": 0.000539}}
{"target": -19.18273626258904, "params": {"colsample_bytree": 0.4817990587310511, "eta": 0.06466362574084887, "gamma": 644.9707486215702, "max_depth": 9.0, "min_child_weight": 3969.8337503190373, "num_boost_round": 72.0, "subsample": 0.9527612282657915}, "datetime": {"datetime": "2024-01-20 14:27:14", "elapsed": 202.899422, "delta": 0.000517}}
{"target": -19.183782380453245, "params": {"colsample_bytree": 0.4817990587310511, "eta": 0.06466362574084887, "gamma": 644.9707486215702, "max_depth": 9.0, "min_child_weight": 3969.8337503190373, "num_boost_round": 73.0, "subsample": 0.9527612282657915}, "datetime": {"datetime": "2024-01-20 14:27:14", "elapsed": 202.899944, "delta": 0.000522}}
{"target": -19.143178321418734, "params": {"colsample_bytree": 0.282112871310084, "eta": 0.009008222690984611, "gamma": 503.9319399810025, "max_depth": 5.0, "min_child_weight": 4089.304170082818, "num_boost_round": 1.0, "subsample": 0.292475473290863}, "datetime": {"datetime": "2024-01-20 14:27:39", "elapsed": 227.755646, "delta": 24.855702}}
{"target": -19.143176790305546, "params": {"colsample_bytree": 0.282112871310084, "eta": 0.009008222690984611, "gamma": 503.9319399810025, "max_depth": 5.0, "min_child_weight": 4089.304170082818, "num_boost_round": 2.0, "subsample": 0.292475473290863}, "datetime": {"datetime": "2024-01-20 14:27:39", "elapsed": 227.756345, "delta": 0.000699}}
{"target": -19.143178072574578, "params": {"colsample_bytree": 0.282112871310084, "eta": 0.009008222690984611, "gamma": 503.9319399810025, "max_depth": 5.0, "min_child_weight": 4089.304170082818, "num_boost_round": 3.0, "subsample": 0.292475473290863}, "datetime": {"datetime": "2024-01-20 14:27:39", "elapsed": 227.7569, "delta": 0.000555}}
{"target": -19.14312539772941, "params": {"colsample_bytree": 0.282112871310084, "eta": 0.009008222690984611, "gamma": 503.9319399810025, "max_depth": 5.0, "min_child_weight": 4089.304170082818, "num_boost_round": 4.0, "subsample": 0.292475473290863}, "datetime": {"datetime": "2024-01-20 14:27:39", "elapsed": 227.757434, "delta": 0.000534}}
{"target": -19.143128664055226, "params": {"colsample_bytree": 0.282112871310084, "eta": 0.009008222690984611, "gamma": 503.9319399810025, "max_depth": 5.0, "min_child_weight": 4089.304170082818, "num_boost_round": 5.0, "subsample": 0.292475473290863}, "datetime": {"datetime": "2024-01-20 14:27:39", "elapsed": 227.75797, "delta": 0.000536}}
{"target": -19.143081987964514, "params": {"colsample_bytree": 0.282112871310084, "eta": 0.009008222690984611, "gamma": 503.9319399810025, "max_depth": 5.0, "min_child_weight": 4089.304170082818, "num_boost_round": 6.0, "subsample": 0.292475473290863}, "datetime": {"datetime": "2024-01-20 14:27:39", "elapsed": 227.758609, "delta": 0.000639}}
{"target": -19.14307910693725, "params": {"colsample_bytree": 0.282112871310084, "eta": 0.009008222690984611, "gamma": 503.9319399810025, "max_depth": 5.0, "min_child_weight": 4089.304170082818, "num_boost_round": 7.0, "subsample": 0.292475473290863}, "datetime": {"datetime": "2024-01-20 14:27:39", "elapsed": 227.759148, "delta": 0.000539}}
{"target": -19.142997838396933, "params": {"colsample_bytree": 0.282112871310084, "eta": 0.009008222690984611, "gamma": 503.9319399810025, "max_depth": 5.0, "min_child_weight": 4089.304170082818, "num_boost_round": 8.0, "subsample": 0.292475473290863}, "datetime": {"datetime": "2024-01-20 14:27:39", "elapsed": 227.759682, "delta": 0.000534}}
{"target": -19.14302770212359, "params": {"colsample_bytree": 0.282112871310084, "eta": 0.009008222690984611, "gamma": 503.9319399810025, "max_depth": 5.0, "min_child_weight": 4089.304170082818, "num_boost_round": 9.0, "subsample": 0.292475473290863}, "datetime": {"datetime": "2024-01-20 14:27:39", "elapsed": 227.760225, "delta": 0.000543}}
{"target": -19.14299831387862, "params": {"colsample_bytree": 0.282112871310084, "eta": 0.009008222690984611, "gamma": 503.9319399810025, "max_depth": 5.0, "min_child_weight": 4089.304170082818, "num_boost_round": 10.0, "subsample": 0.292475473290863}, "datetime": {"datetime": "2024-01-20 14:27:39", "elapsed": 227.760762, "delta": 0.000537}}
{"target": -19.142935250896528, "params": {"colsample_bytree": 0.282112871310084, "eta": 0.009008222690984611, "gamma": 503.9319399810025, "max_depth": 5.0, "min_child_weight": 4089.304170082818, "num_boost_round": 11.0, "subsample": 0.292475473290863}, "datetime": {"datetime": "2024-01-20 14:27:39", "elapsed": 227.761293, "delta": 0.000531}}
{"target": -19.143004925246473, "params": {"colsample_bytree": 0.282112871310084, "eta": 0.009008222690984611, "gamma": 503.9319399810025, "max_depth": 5.0, "min_child_weight": 4089.304170082818, "num_boost_round": 12.0, "subsample": 0.292475473290863}, "datetime": {"datetime": "2024-01-20 14:27:39", "elapsed": 227.761828, "delta": 0.000535}}
{"target": -19.14304870978573, "params": {"colsample_bytree": 0.282112871310084, "eta": 0.009008222690984611, "gamma": 503.9319399810025, "max_depth": 5.0, "min_child_weight": 4089.304170082818, "num_boost_round": 13.0, "subsample": 0.292475473290863}, "datetime": {"datetime": "2024-01-20 14:27:39", "elapsed": 227.76236, "delta": 0.000532}}
{"target": -19.143033086835764, "params": {"colsample_bytree": 0.282112871310084, "eta": 0.009008222690984611, "gamma": 503.9319399810025, "max_depth": 5.0, "min_child_weight": 4089.304170082818, "num_boost_round": 14.0, "subsample": 0.292475473290863}, "datetime": {"datetime": "2024-01-20 14:27:39", "elapsed": 227.763021, "delta": 0.000661}}
