{"target": -15.170310412464456, "params": {"colsample_bytree": 0.20277258512753135, "eta": 0.010979938277174476, "gamma": 650.6663440793524, "max_depth": 2.0, "min_child_weight": 4202.059494093986, "num_boost_round": 10.0, "subsample": 0.6143463129951874}, "datetime": {"datetime": "2024-01-20 14:26:43", "elapsed": 160.990765, "delta": 0.000662}}
{"target": -15.170305450561111, "params": {"colsample_bytree": 0.20277258512753135, "eta": 0.010979938277174476, "gamma": 650.6663440793524, "max_depth": 2.0, "min_child_weight": 4202.059494093986, "num_boost_round": 11.0, "subsample": 0.6143463129951874}, "datetime": {"datetime": "2024-01-20 14:26:43", "elapsed": 160.991491, "delta": 0.000726}}
{"target": -15.170282992386305, "params": {"colsample_bytree": 0.20277258512753135, "eta": 0.010979938277174476, "gamma": 650.6663440793524, "max_depth": 2.0, "min_child_weight": 4202.059494093986, "num_boost_round": 12.0, "subsample": 0.6143463129951874}, "datetime": {"datetime": "2024-01-20 14:26:43", "elapsed": 160.992085, "delta": 0.000594}}
{"target": -15.170285666493895, "params": {"colsample_bytree": 0.20277258512753135, "eta": 0.010979938277174476, "gamma": 650.6663440793524, "max_depth": 2.0, "min_child_weight": 4202.059494093986, "num_boost_round": 13.0, "subsample": 0.6143463129951874}, "datetime": {"datetime": "2024-01-20 14:26:43", "elapsed": 160.992643, "delta": 0.000558}}
{"target": -15.17028281303677, "params": {"colsample_bytree": 0.20277258512753135, "eta": 0.010979938277174476, "gamma": 650.6663440793524, "max_depth": 2.0, "min_child_weight": 4202.059494093986, "num_boost_round": 14.0, "subsample": 0.6143463129951874}, "datetime": {"datetime": "2024-01-20 14:26:43", "elapsed": 160.993236, "delta": 0.000593}}
{"target": -15.170241109498583, "params": {"colsample_bytree": 0.20277258512753135, "eta": 0.010979938277174476, "gamma": 650.6663440793524, "max_depth": 2.0, "min_child_weight": 4202.059494093986, "num_boost_round": 15.0, "subsample": 0.6143463129951874}, "datetime": {"datetime": "2024-01-20 14:26:43", "elapsed": 160.993793, "delta": 0.000557}}
{"target": -15.169947555909316, "params": {"colsample_bytree": 0.20277258512753135, "eta": 0.010979938277174476, "gamma": 650.6663440793524, "max_depth": 2.0, "min_child_weight": 4202.059494093986, "num_boost_round": 16.0, "subsample": 0.6143463129951874}, "datetime": {"datetime": "2024-01-20 14:26:43", "elapsed": 160.994344, "delta": 0.000551}}
{"target": -15.169328682021828, "params": {"colsample_bytree": 0.20277258512753135, "eta": 0.010979938277174476, "gamma": 650.6663440793524, "max_depth": 2.0, "min_child_weight": 4202.059494093986, "num_boost_round": 17.0, "subsample": 0.6143463129951874}, "datetime": {"datetime": "2024-01-20 14:26:43", "elapsed": 160.994888, "delta": 0.000544}}
{"target": -15.169321940965048, "params": {"colsample_bytree": 0.20277258512753135, "eta": 0.010979938277174476, "gamma": 650.6663440793524, "max_depth": 2.0, "min_child_weight": 4202.059494093986, "num_boost_round": 18.0, "subsample": 0.6143463129951874}, "datetime": {"datetime": "2024-01-20 14:26:43", "elapsed": 160.995439, "delta": 0.000551}}
{"target": -15.168964909415056, "params": {"colsample_bytree": 0.20277258512753135, "eta": 0.010979938277174476, "gamma": 650.6663440793524, "max_depth": 2.0, "min_child_weight": 4202.059494093986, "num_boost_round": 19.0, "subsample": 0.6143463129951874}, "datetime": {"datetime": "2024-01-20 14:26:43", "elapsed": 160.995982, "delta": 0.000543}}
{"target": -15.168983745941908, "params": {"colsample_bytree": 0.20277258512753135, "eta": 0.010979938277174476, "gamma": 650.6663440793524, "max_depth": 2.0, "min_child_weight": 4202.059494093986, "num_boost_round": 20.0, "subsample": 0.6143463129951874}, "datetime": {"datetime": "2024-01-20 14:26:43", "elapsed": 160.996537, "delta": 0.000555}}
{"target": -15.168697531389526, "params": {"colsample_bytree": 0.20277258512753135, "eta": 0.010979938277174476, "gamma": 650.6663440793524, "max_depth": 2.0, "min_child_weight": 4202.059494093986, "num_boost_round": 21.0, "subsample": 0.6143463129951874}, "datetime": {"datetime": "2024-01-20 14:26:43", "elapsed": 160.99709, "delta": 0.000553}}
{"target": -15.168681684780928, "params": {"colsample_bytree": 0.20277258512753135, "eta": 0.010979938277174476, "gamma": 650.6663440793524, "max_depth": 2.0, "min_child_weight": 4202.059494093986, "num_boost_round": 22.0, "subsample": 0.6143463129951874}, "datetime": {"datetime": "2024-01-20 14:26:43", "elapsed": 160.99765, "delta": 0.00056}}
{"target": -15.168666732279277, "params": {"colsample_bytree": 0.20277258512753135, "eta": 0.010979938277174476, "gamma": 650.6663440793524, "max_depth": 2.0, "min_child_weight": 4202.059494093986, "num_boost_round": 23.0, "subsample": 0.6143463129951874}, "datetime": {"datetime": "2024-01-20 14:26:43", "elapsed": 160.998205, "delta": 0.000555}}
{"target": -15.168697534660268, "params": {"colsample_bytree": 0.20277258512753135, "eta": 0.010979938277174476, "gamma": 650.6663440793524, "max_depth": 2.0, "min_child_weight": 4202.059494093986, "num_boost_round": 24.0, "subsample": 0.6143463129951874}, "datetime": {"datetime": "2024-01-20 14:26:43", "elapsed": 160.998768, "delta": 0.000563}}
{"target": -15.168687262217144, "params": {"colsample_bytree": 0.20277258512753135, "eta": 0.010979938277174476, "gamma": 650.6663440793524, "max_depth": 2.0, "min_child_weight": 4202.059494093986, "num_boost_round": 25.0, "subsample": 0.6143463129951874}, "datetime": {"datetime": "2024-01-20 14:26:43", "elapsed": 160.999381, "delta": 0.000613}}
{"target": -15.168670275039858, "params": {"colsample_bytree": 0.20277258512753135, "eta": 0.010979938277174476, "gamma": 650.6663440793524, "max_depth": 2.0, "min_child_weight": 4202.059494093986, "num_boost_round": 26.0, "subsample": 0.6143463129951874}, "datetime": {"datetime": "2024-01-20 14:26:43", "elapsed": 160.999942, "delta": 0.000561}}
{"target": -15.168371152005857, "params": {"colsample_bytree": 0.20277258512753135, "eta": 0.010979938277174476, "gamma": 650.6663440793524, "max_depth": 2.0, "min_child_weight": 4202.059494093986, "num_boost_round": 27.0, "subsample": 0.6143463129951874}, "datetime": {"datetime": "2024-01-20 14:26:43", "elapsed": 161.000512, "delta": 0.00057}}
{"target": -15.168087464997651, "params": {"colsample_bytree": 0.20277258512753135, "eta": 0.010979938277174476, "gamma": 650.6663440793524, "max_depth": 2.0, "min_child_weight": 4202.059494093986, "num_boost_round": 28.0, "subsample": 0.6143463129951874}, "datetime": {"datetime": "2024-01-20 14:26:43", "elapsed": 161.001076, "delta": 0.000564}}
{"target": -15.168081693415864, "params": {"colsample_bytree": 0.20277258512753135, "eta": 0.010979938277174476, "gamma": 650.6663440793524, "max_depth": 2.0, "min_child_weight": 4202.059494093986, "num_boost_round": 29.0, "subsample": 0.6143463129951874}, "datetime": {"datetime": "2024-01-20 14:26:43", "elapsed": 161.001694, "delta": 0.000618}}
{"target": -15.167818758123852, "params": {"colsample_bytree": 0.20277258512753135, "eta": 0.010979938277174476, "gamma": 650.6663440793524, "max_depth": 2.0, "min_child_weight": 4202.059494093986, "num_boost_round": 30.0, "subsample": 0.6143463129951874}, "datetime": {"datetime": "2024-01-20 14:26:43", "elapsed": 161.002264, "delta": 0.00057}}
{"target": -15.167858907154212, "params": {"colsample_bytree": 0.20277258512753135, "eta": 0.010979938277174476, "gamma": 650.6663440793524, "max_depth": 2.0, "min_child_weight": 4202.059494093986, "num_boost_round": 31.0, "subsample": 0.6143463129951874}, "datetime": {"datetime": "2024-01-20 14:26:43", "elapsed": 161.002836, "delta": 0.000572}}
{"target": -15.167574324682427, "params": {"colsample_bytree": 0.20277258512753135, "eta": 0.010979938277174476, "gamma": 650.6663440793524, "max_depth": 2.0, "min_child_weight": 4202.059494093986, "num_boost_round": 32.0, "subsample": 0.6143463129951874}, "datetime": {"datetime": "2024-01-20 14:26:43", "elapsed": 161.003407, "delta": 0.000571}}
{"target": -15.167586756379036, "params": {"colsample_bytree": 0.20277258512753135, "eta": 0.010979938277174476, "gamma": 650.6663440793524, "max_depth": 2.0, "min_child_weight": 4202.059494093986, "num_boost_round": 33.0, "subsample": 0.6143463129951874}, "datetime": {"datetime": "2024-01-20 14:26:43", "elapsed": 161.003977, "delta": 0.00057}}
{"target": -15.169772205158967, "params": {"colsample_bytree": 0.5591538267576912, "eta": 0.09769200823298439, "gamma": 504.150230824863, "max_depth": 8.0, "min_child_weight": 4319.670154872498, "num_boost_round": 1.0, "subsample": 0.33137191058853566}, "datetime": {"datetime": "2024-01-20 14:27:10", "elapsed": 187.800586, "delta": 26.796609}}
{"target": -15.166765623543455, "params": {"colsample_bytree": 0.5591538267576912, "eta": 0.09769200823298439, "gamma": 504.150230824863, "max_depth": 8.0, "min_child_weight": 4319.670154872498, "num_boost_round": 2.0, "subsample": 0.33137191058853566}, "datetime": {"datetime": "2024-01-20 14:27:10", "elapsed": 187.801345, "delta": 0.000759}}
{"target": -15.163048681098328, "params": {"colsample_bytree": 0.5591538267576912, "eta": 0.09769200823298439, "gamma": 504.150230824863, "max_depth": 8.0, "min_child_weight": 4319.670154872498, "num_boost_round": 3.0, "subsample": 0.33137191058853566}, "datetime": {"datetime": "2024-01-20 14:27:10", "elapsed": 187.801915, "delta": 0.00057}}
{"target": -15.162750752596299, "params": {"colsample_bytree": 0.5591538267576912, "eta": 0.09769200823298439, "gamma": 504.150230824863, "max_depth": 8.0, "min_child_weight": 4319.670154872498, "num_boost_round": 4.0, "subsample": 0.33137191058853566}, "datetime": {"datetime": "2024-01-20 14:27:10", "elapsed": 187.802507, "delta": 0.000592}}
{"target": -15.159565151549362, "params": {"colsample_bytree": 0.5591538267576912, "eta": 0.09769200823298439, "gamma": 504.150230824863, "max_depth": 8.0, "min_child_weight": 4319.670154872498, "num_boost_round": 5.0, "subsample": 0.33137191058853566}, "datetime": {"datetime": "2024-01-20 14:27:10", "elapsed": 187.803098, "delta": 0.000591}}
{"target": -15.157871626649673, "params": {"colsample_bytree": 0.5591538267576912, "eta": 0.09769200823298439, "gamma": 504.150230824863, "max_depth": 8.0, "min_child_weight": 4319.670154872498, "num_boost_round": 6.0, "subsample": 0.33137191058853566}, "datetime": {"datetime": "2024-01-20 14:27:10", "elapsed": 187.80369, "delta": 0.000592}}
{"target": -15.156419046851465, "params": {"colsample_bytree": 0.5591538267576912, "eta": 0.09769200823298439, "gamma": 504.150230824863, "max_depth": 8.0, "min_child_weight": 4319.670154872498, "num_boost_round": 7.0, "subsample": 0.33137191058853566}, "datetime": {"datetime": "2024-01-20 14:27:10", "elapsed": 187.804281, "delta": 0.000591}}
{"target": -15.155277615132663, "params": {"colsample_bytree": 0.5591538267576912, "eta": 0.09769200823298439, "gamma": 504.150230824863, "max_depth": 8.0, "min_child_weight": 4319.670154872498, "num_boost_round": 8.0, "subsample": 0.33137191058853566}, "datetime": {"datetime": "2024-01-20 14:27:10", "elapsed": 187.80488, "delta": 0.000599}}
{"target": -15.155519259619677, "params": {"colsample_bytree": 0.5591538267576912, "eta": 0.09769200823298439, "gamma": 504.150230824863, "max_depth": 8.0, "min_child_weight": 4319.670154872498, "num_boost_round": 9.0, "subsample": 0.33137191058853566}, "datetime": {"datetime": "2024-01-20 14:27:10", "elapsed": 187.805467, "delta": 0.000587}}
{"target": -15.155318161824535, "params": {"colsample_bytree": 0.5591538267576912, "eta": 0.09769200823298439, "gamma": 504.150230824863, "max_depth": 8.0, "min_child_weight": 4319.670154872498, "num_boost_round": 10.0, "subsample": 0.33137191058853566}, "datetime": {"datetime": "2024-01-20 14:27:10", "elapsed": 187.80605, "delta": 0.000583}}
{"target": -15.15610920068186, "params": {"colsample_bytree": 0.5591538267576912, "eta": 0.09769200823298439, "gamma": 504.150230824863, "max_depth": 8.0, "min_child_weight": 4319.670154872498, "num_boost_round": 11.0, "subsample": 0.33137191058853566}, "datetime": {"datetime": "2024-01-20 14:27:10", "elapsed": 187.806642, "delta": 0.000592}}
{"target": -15.15486695534639, "params": {"colsample_bytree": 0.5591538267576912, "eta": 0.09769200823298439, "gamma": 504.150230824863, "max_depth": 8.0, "min_child_weight": 4319.670154872498, "num_boost_round": 12.0, "subsample": 0.33137191058853566}, "datetime": {"datetime": "2024-01-20 14:27:10", "elapsed": 187.807242, "delta": 0.0006}}
{"target": -15.155393233930312, "params": {"colsample_bytree": 0.5591538267576912, "eta": 0.09769200823298439, "gamma": 504.150230824863, "max_depth": 8.0, "min_child_weight": 4319.670154872498, "num_boost_round": 13.0, "subsample": 0.33137191058853566}, "datetime": {"datetime": "2024-01-20 14:27:10", "elapsed": 187.807847, "delta": 0.000605}}
{"target": -15.154078844199898, "params": {"colsample_bytree": 0.5591538267576912, "eta": 0.09769200823298439, "gamma": 504.150230824863, "max_depth": 8.0, "min_child_weight": 4319.670154872498, "num_boost_round": 14.0, "subsample": 0.33137191058853566}, "datetime": {"datetime": "2024-01-20 14:27:10", "elapsed": 187.808441, "delta": 0.000594}}
{"target": -15.154126624860396, "params": {"colsample_bytree": 0.5591538267576912, "eta": 0.09769200823298439, "gamma": 504.150230824863, "max_depth": 8.0, "min_child_weight": 4319.670154872498, "num_boost_round": 15.0, "subsample": 0.33137191058853566}, "datetime": {"datetime": "2024-01-20 14:27:10", "elapsed": 187.809031, "delta": 0.00059}}
{"target": -15.154585932337639, "params": {"colsample_bytree": 0.5591538267576912, "eta": 0.09769200823298439, "gamma": 504.150230824863, "max_depth": 8.0, "min_child_weight": 4319.670154872498, "num_boost_round": 16.0, "subsample": 0.33137191058853566}, "datetime": {"datetime": "2024-01-20 14:27:10", "elapsed": 187.809623, "delta": 0.000592}}
{"target": -15.154704006747796, "params": {"colsample_bytree": 0.5591538267576912, "eta": 0.09769200823298439, "gamma": 504.150230824863, "max_depth": 8.0, "min_child_weight": 4319.670154872498, "num_boost_round": 17.0, "subsample": 0.33137191058853566}, "datetime": {"datetime": "2024-01-20 14:27:10", "elapsed": 187.810227, "delta": 0.000604}}
{"target": -15.15523609312693, "params": {"colsample_bytree": 0.5591538267576912, "eta": 0.09769200823298439, "gamma": 504.150230824863, "max_depth": 8.0, "min_child_weight": 4319.670154872498, "num_boost_round": 18.0, "subsample": 0.33137191058853566}, "datetime": {"datetime": "2024-01-20 14:27:10", "elapsed": 187.810824, "delta": 0.000597}}
{"target": -15.156146352290323, "params": {"colsample_bytree": 0.5591538267576912, "eta": 0.09769200823298439, "gamma": 504.150230824863, "max_depth": 8.0, "min_child_weight": 4319.670154872498, "num_boost_round": 19.0, "subsample": 0.33137191058853566}, "datetime": {"datetime": "2024-01-20 14:27:10", "elapsed": 187.811422, "delta": 0.000598}}
{"target": -15.15641624976545, "params": {"colsample_bytree": 0.5591538267576912, "eta": 0.09769200823298439, "gamma": 504.150230824863, "max_depth": 8.0, "min_child_weight": 4319.670154872498, "num_boost_round": 20.0, "subsample": 0.33137191058853566}, "datetime": {"datetime": "2024-01-20 14:27:10", "elapsed": 187.812018, "delta": 0.000596}}
{"target": -15.156455071967427, "params": {"colsample_bytree": 0.5591538267576912, "eta": 0.09769200823298439, "gamma": 504.150230824863, "max_depth": 8.0, "min_child_weight": 4319.670154872498, "num_boost_round": 21.0, "subsample": 0.33137191058853566}, "datetime": {"datetime": "2024-01-20 14:27:10", "elapsed": 187.812622, "delta": 0.000604}}
{"target": -15.156874367921562, "params": {"colsample_bytree": 0.5591538267576912, "eta": 0.09769200823298439, "gamma": 504.150230824863, "max_depth": 8.0, "min_child_weight": 4319.670154872498, "num_boost_round": 22.0, "subsample": 0.33137191058853566}, "datetime": {"datetime": "2024-01-20 14:27:10", "elapsed": 187.813218, "delta": 0.000596}}
{"target": -15.155728907168804, "params": {"colsample_bytree": 0.5591538267576912, "eta": 0.09769200823298439, "gamma": 504.150230824863, "max_depth": 8.0, "min_child_weight": 4319.670154872498, "num_boost_round": 23.0, "subsample": 0.33137191058853566}, "datetime": {"datetime": "2024-01-20 14:27:10", "elapsed": 187.813826, "delta": 0.000608}}
{"target": -15.156358303238047, "params": {"colsample_bytree": 0.5591538267576912, "eta": 0.09769200823298439, "gamma": 504.150230824863, "max_depth": 8.0, "min_child_weight": 4319.670154872498, "num_boost_round": 24.0, "subsample": 0.33137191058853566}, "datetime": {"datetime": "2024-01-20 14:27:10", "elapsed": 187.81477, "delta": 0.000944}}
{"target": -15.15629759441034, "params": {"colsample_bytree": 0.5591538267576912, "eta": 0.09769200823298439, "gamma": 504.150230824863, "max_depth": 8.0, "min_child_weight": 4319.670154872498, "num_boost_round": 25.0, "subsample": 0.33137191058853566}, "datetime": {"datetime": "2024-01-20 14:27:10", "elapsed": 187.815414, "delta": 0.000644}}
{"target": -15.17164720420232, "params": {"colsample_bytree": 0.1825692711643802, "eta": 0.04608812452578201, "gamma": 495.46300020739386, "max_depth": 5.0, "min_child_weight": 4275.056656311981, "num_boost_round": 1.0, "subsample": 0.7740997233354927}, "datetime": {"datetime": "2024-01-20 14:27:34", "elapsed": 211.586723, "delta": 23.771309}}
{"target": -15.170701413596067, "params": {"colsample_bytree": 0.1825692711643802, "eta": 0.04608812452578201, "gamma": 495.46300020739386, "max_depth": 5.0, "min_child_weight": 4275.056656311981, "num_boost_round": 2.0, "subsample": 0.7740997233354927}, "datetime": {"datetime": "2024-01-20 14:27:34", "elapsed": 211.587515, "delta": 0.000792}}
{"target": -15.16950308093055, "params": {"colsample_bytree": 0.1825692711643802, "eta": 0.04608812452578201, "gamma": 495.46300020739386, "max_depth": 5.0, "min_child_weight": 4275.056656311981, "num_boost_round": 3.0, "subsample": 0.7740997233354927}, "datetime": {"datetime": "2024-01-20 14:27:34", "elapsed": 211.588161, "delta": 0.000646}}
{"target": -15.16974996161554, "params": {"colsample_bytree": 0.1825692711643802, "eta": 0.04608812452578201, "gamma": 495.46300020739386, "max_depth": 5.0, "min_child_weight": 4275.056656311981, "num_boost_round": 4.0, "subsample": 0.7740997233354927}, "datetime": {"datetime": "2024-01-20 14:27:34", "elapsed": 211.588849, "delta": 0.000688}}
{"target": -15.168149325715085, "params": {"colsample_bytree": 0.1825692711643802, "eta": 0.04608812452578201, "gamma": 495.46300020739386, "max_depth": 5.0, "min_child_weight": 4275.056656311981, "num_boost_round": 5.0, "subsample": 0.7740997233354927}, "datetime": {"datetime": "2024-01-20 14:27:34", "elapsed": 211.59051, "delta": 0.001661}}
{"target": -15.16692077384652, "params": {"colsample_bytree": 0.1825692711643802, "eta": 0.04608812452578201, "gamma": 495.46300020739386, "max_depth": 5.0, "min_child_weight": 4275.056656311981, "num_boost_round": 6.0, "subsample": 0.7740997233354927}, "datetime": {"datetime": "2024-01-20 14:27:34", "elapsed": 211.59129, "delta": 0.00078}}
{"target": -15.165988562219372, "params": {"colsample_bytree": 0.1825692711643802, "eta": 0.04608812452578201, "gamma": 495.46300020739386, "max_depth": 5.0, "min_child_weight": 4275.056656311981, "num_boost_round": 7.0, "subsample": 0.7740997233354927}, "datetime": {"datetime": "2024-01-20 14:27:34", "elapsed": 211.592765, "delta": 0.001475}}
{"target": -15.164833976751243, "params": {"colsample_bytree": 0.1825692711643802, "eta": 0.04608812452578201, "gamma": 495.46300020739386, "max_depth": 5.0, "min_child_weight": 4275.056656311981, "num_boost_round": 8.0, "subsample": 0.7740997233354927}, "datetime": {"datetime": "2024-01-20 14:27:34", "elapsed": 211.593722, "delta": 0.000957}}
{"target": -15.164787718791487, "params": {"colsample_bytree": 0.1825692711643802, "eta": 0.04608812452578201, "gamma": 495.46300020739386, "max_depth": 5.0, "min_child_weight": 4275.056656311981, "num_boost_round": 9.0, "subsample": 0.7740997233354927}, "datetime": {"datetime": "2024-01-20 14:27:34", "elapsed": 211.594523, "delta": 0.000801}}
{"target": -15.163933673208229, "params": {"colsample_bytree": 0.1825692711643802, "eta": 0.04608812452578201, "gamma": 495.46300020739386, "max_depth": 5.0, "min_child_weight": 4275.056656311981, "num_boost_round": 10.0, "subsample": 0.7740997233354927}, "datetime": {"datetime": "2024-01-20 14:27:34", "elapsed": 211.595261, "delta": 0.000738}}
{"target": -15.163949241626062, "params": {"colsample_bytree": 0.1825692711643802, "eta": 0.04608812452578201, "gamma": 495.46300020739386, "max_depth": 5.0, "min_child_weight": 4275.056656311981, "num_boost_round": 11.0, "subsample": 0.7740997233354927}, "datetime": {"datetime": "2024-01-20 14:27:34", "elapsed": 211.595923, "delta": 0.000662}}
{"target": -15.163791395110877, "params": {"colsample_bytree": 0.1825692711643802, "eta": 0.04608812452578201, "gamma": 495.46300020739386, "max_depth": 5.0, "min_child_weight": 4275.056656311981, "num_boost_round": 12.0, "subsample": 0.7740997233354927}, "datetime": {"datetime": "2024-01-20 14:27:34", "elapsed": 211.596541, "delta": 0.000618}}
{"target": -15.163874537178113, "params": {"colsample_bytree": 0.1825692711643802, "eta": 0.04608812452578201, "gamma": 495.46300020739386, "max_depth": 5.0, "min_child_weight": 4275.056656311981, "num_boost_round": 13.0, "subsample": 0.7740997233354927}, "datetime": {"datetime": "2024-01-20 14:27:34", "elapsed": 211.597149, "delta": 0.000608}}
{"target": -15.164026409502544, "params": {"colsample_bytree": 0.1825692711643802, "eta": 0.04608812452578201, "gamma": 495.46300020739386, "max_depth": 5.0, "min_child_weight": 4275.056656311981, "num_boost_round": 14.0, "subsample": 0.7740997233354927}, "datetime": {"datetime": "2024-01-20 14:27:34", "elapsed": 211.597756, "delta": 0.000607}}
