{"target": -13.732697913585813, "params": {"colsample_bytree": 0.19216545839921967, "eta": 0.059330665886011824, "gamma": 616.8718342237986, "max_depth": 6.0, "min_child_weight": 3823.9674785420334, "num_boost_round": 4.0, "subsample": 0.4698216978361053}, "datetime": {"datetime": "2024-01-20 14:54:02", "elapsed": 1803.282203, "delta": 0.00134}}
{"target": -13.73366686325322, "params": {"colsample_bytree": 0.19216545839921967, "eta": 0.059330665886011824, "gamma": 616.8718342237986, "max_depth": 6.0, "min_child_weight": 3823.9674785420334, "num_boost_round": 5.0, "subsample": 0.4698216978361053}, "datetime": {"datetime": "2024-01-20 14:54:02", "elapsed": 1803.283545, "delta": 0.001342}}
{"target": -13.734300831748534, "params": {"colsample_bytree": 0.19216545839921967, "eta": 0.059330665886011824, "gamma": 616.8718342237986, "max_depth": 6.0, "min_child_weight": 3823.9674785420334, "num_boost_round": 6.0, "subsample": 0.4698216978361053}, "datetime": {"datetime": "2024-01-20 14:54:02", "elapsed": 1803.285106, "delta": 0.001561}}
{"target": -13.73200334127241, "params": {"colsample_bytree": 0.8311152703350979, "eta": 0.0858208725483122, "gamma": 790.5271724026007, "max_depth": 2.0, "min_child_weight": 3862.7404828367366, "num_boost_round": 1.0, "subsample": 0.6291490929284554}, "datetime": {"datetime": "2024-01-20 14:54:16", "elapsed": 1817.807346, "delta": 14.52224}}
{"target": -13.731652528794996, "params": {"colsample_bytree": 0.429454619465498, "eta": 0.06494031285861968, "gamma": 824.9288053265112, "max_depth": 6.0, "min_child_weight": 4439.767298948338, "num_boost_round": 1.0, "subsample": 0.8993512017845746}, "datetime": {"datetime": "2024-01-20 14:54:31", "elapsed": 1832.143293, "delta": 14.335947}}
{"target": -13.731234967715999, "params": {"colsample_bytree": 0.7832127783824543, "eta": 0.011405705450929313, "gamma": 718.9479749119209, "max_depth": 8.0, "min_child_weight": 3866.8011847599855, "num_boost_round": 1.0, "subsample": 0.8727184127905362}, "datetime": {"datetime": "2024-01-20 14:54:54", "elapsed": 1855.352435, "delta": 23.209142}}
{"target": -13.731499584673239, "params": {"colsample_bytree": 0.7832127783824543, "eta": 0.011405705450929313, "gamma": 718.9479749119209, "max_depth": 8.0, "min_child_weight": 3866.8011847599855, "num_boost_round": 2.0, "subsample": 0.8727184127905362}, "datetime": {"datetime": "2024-01-20 14:54:54", "elapsed": 1855.354432, "delta": 0.001997}}
{"target": -13.731737282475383, "params": {"colsample_bytree": 0.7832127783824543, "eta": 0.011405705450929313, "gamma": 718.9479749119209, "max_depth": 8.0, "min_child_weight": 3866.8011847599855, "num_boost_round": 3.0, "subsample": 0.8727184127905362}, "datetime": {"datetime": "2024-01-20 14:54:54", "elapsed": 1855.356246, "delta": 0.001814}}
{"target": -13.731957766805595, "params": {"colsample_bytree": 0.7832127783824543, "eta": 0.011405705450929313, "gamma": 718.9479749119209, "max_depth": 8.0, "min_child_weight": 3866.8011847599855, "num_boost_round": 4.0, "subsample": 0.8727184127905362}, "datetime": {"datetime": "2024-01-20 14:54:54", "elapsed": 1855.35776, "delta": 0.001514}}
{"target": -13.732250126817847, "params": {"colsample_bytree": 0.7832127783824543, "eta": 0.011405705450929313, "gamma": 718.9479749119209, "max_depth": 8.0, "min_child_weight": 3866.8011847599855, "num_boost_round": 5.0, "subsample": 0.8727184127905362}, "datetime": {"datetime": "2024-01-20 14:54:54", "elapsed": 1855.35913, "delta": 0.00137}}
{"target": -13.732605381712268, "params": {"colsample_bytree": 0.7832127783824543, "eta": 0.011405705450929313, "gamma": 718.9479749119209, "max_depth": 8.0, "min_child_weight": 3866.8011847599855, "num_boost_round": 6.0, "subsample": 0.8727184127905362}, "datetime": {"datetime": "2024-01-20 14:54:54", "elapsed": 1855.360535, "delta": 0.001405}}
{"target": -13.732896383479122, "params": {"colsample_bytree": 0.7832127783824543, "eta": 0.011405705450929313, "gamma": 718.9479749119209, "max_depth": 8.0, "min_child_weight": 3866.8011847599855, "num_boost_round": 7.0, "subsample": 0.8727184127905362}, "datetime": {"datetime": "2024-01-20 14:54:54", "elapsed": 1855.361922, "delta": 0.001387}}
{"target": -13.733358165522562, "params": {"colsample_bytree": 0.7832127783824543, "eta": 0.011405705450929313, "gamma": 718.9479749119209, "max_depth": 8.0, "min_child_weight": 3866.8011847599855, "num_boost_round": 8.0, "subsample": 0.8727184127905362}, "datetime": {"datetime": "2024-01-20 14:54:54", "elapsed": 1855.363277, "delta": 0.001355}}
{"target": -13.733601718894842, "params": {"colsample_bytree": 0.7832127783824543, "eta": 0.011405705450929313, "gamma": 718.9479749119209, "max_depth": 8.0, "min_child_weight": 3866.8011847599855, "num_boost_round": 9.0, "subsample": 0.8727184127905362}, "datetime": {"datetime": "2024-01-20 14:54:54", "elapsed": 1855.36484, "delta": 0.001563}}
{"target": -13.7339014619278, "params": {"colsample_bytree": 0.7832127783824543, "eta": 0.011405705450929313, "gamma": 718.9479749119209, "max_depth": 8.0, "min_child_weight": 3866.8011847599855, "num_boost_round": 10.0, "subsample": 0.8727184127905362}, "datetime": {"datetime": "2024-01-20 14:54:54", "elapsed": 1855.366379, "delta": 0.001539}}
{"target": -13.734207843791046, "params": {"colsample_bytree": 0.7832127783824543, "eta": 0.011405705450929313, "gamma": 718.9479749119209, "max_depth": 8.0, "min_child_weight": 3866.8011847599855, "num_boost_round": 11.0, "subsample": 0.8727184127905362}, "datetime": {"datetime": "2024-01-20 14:54:54", "elapsed": 1855.367828, "delta": 0.001449}}
{"target": -13.734455612850121, "params": {"colsample_bytree": 0.7832127783824543, "eta": 0.011405705450929313, "gamma": 718.9479749119209, "max_depth": 8.0, "min_child_weight": 3866.8011847599855, "num_boost_round": 12.0, "subsample": 0.8727184127905362}, "datetime": {"datetime": "2024-01-20 14:54:54", "elapsed": 1855.369287, "delta": 0.001459}}
{"target": -13.734762586694945, "params": {"colsample_bytree": 0.7832127783824543, "eta": 0.011405705450929313, "gamma": 718.9479749119209, "max_depth": 8.0, "min_child_weight": 3866.8011847599855, "num_boost_round": 13.0, "subsample": 0.8727184127905362}, "datetime": {"datetime": "2024-01-20 14:54:54", "elapsed": 1855.370697, "delta": 0.00141}}
{"target": -13.73508883015244, "params": {"colsample_bytree": 0.7832127783824543, "eta": 0.011405705450929313, "gamma": 718.9479749119209, "max_depth": 8.0, "min_child_weight": 3866.8011847599855, "num_boost_round": 14.0, "subsample": 0.8727184127905362}, "datetime": {"datetime": "2024-01-20 14:54:54", "elapsed": 1855.372102, "delta": 0.001405}}
{"target": -13.735321160566224, "params": {"colsample_bytree": 0.7832127783824543, "eta": 0.011405705450929313, "gamma": 718.9479749119209, "max_depth": 8.0, "min_child_weight": 3866.8011847599855, "num_boost_round": 15.0, "subsample": 0.8727184127905362}, "datetime": {"datetime": "2024-01-20 14:54:54", "elapsed": 1855.373495, "delta": 0.001393}}
{"target": -13.735607148131457, "params": {"colsample_bytree": 0.7832127783824543, "eta": 0.011405705450929313, "gamma": 718.9479749119209, "max_depth": 8.0, "min_child_weight": 3866.8011847599855, "num_boost_round": 16.0, "subsample": 0.8727184127905362}, "datetime": {"datetime": "2024-01-20 14:54:54", "elapsed": 1855.37503, "delta": 0.001535}}
{"target": -13.7316483087534, "params": {"colsample_bytree": 0.620925413071113, "eta": 0.04485449901194479, "gamma": 657.042166362622, "max_depth": 3.0, "min_child_weight": 3852.601936434638, "num_boost_round": 1.0, "subsample": 0.7911379077925254}, "datetime": {"datetime": "2024-01-20 14:55:10", "elapsed": 1871.014489, "delta": 15.639459}}
{"target": -13.732387347168569, "params": {"colsample_bytree": 0.620925413071113, "eta": 0.04485449901194479, "gamma": 657.042166362622, "max_depth": 3.0, "min_child_weight": 3852.601936434638, "num_boost_round": 2.0, "subsample": 0.7911379077925254}, "datetime": {"datetime": "2024-01-20 14:55:10", "elapsed": 1871.017866, "delta": 0.003377}}
{"target": -13.733003890286863, "params": {"colsample_bytree": 0.620925413071113, "eta": 0.04485449901194479, "gamma": 657.042166362622, "max_depth": 3.0, "min_child_weight": 3852.601936434638, "num_boost_round": 3.0, "subsample": 0.7911379077925254}, "datetime": {"datetime": "2024-01-20 14:55:10", "elapsed": 1871.019544, "delta": 0.001678}}
{"target": -13.734144684053145, "params": {"colsample_bytree": 0.620925413071113, "eta": 0.04485449901194479, "gamma": 657.042166362622, "max_depth": 3.0, "min_child_weight": 3852.601936434638, "num_boost_round": 4.0, "subsample": 0.7911379077925254}, "datetime": {"datetime": "2024-01-20 14:55:10", "elapsed": 1871.020979, "delta": 0.001435}}
{"target": -13.731482417641047, "params": {"colsample_bytree": 0.21441769545560097, "eta": 0.07474931170608257, "gamma": 268.65372722152495, "max_depth": 7.0, "min_child_weight": 3579.3105855095196, "num_boost_round": 1.0, "subsample": 0.3526819756826791}, "datetime": {"datetime": "2024-01-20 14:55:25", "elapsed": 1886.328892, "delta": 15.307913}}
{"target": -13.731315373533144, "params": {"colsample_bytree": 0.2213496497315246, "eta": 0.031221021832788326, "gamma": 769.8779764453138, "max_depth": 5.0, "min_child_weight": 3952.486261395934, "num_boost_round": 1.0, "subsample": 0.846410230334216}, "datetime": {"datetime": "2024-01-20 14:55:42", "elapsed": 1903.205334, "delta": 16.876442}}
{"target": -13.731559059612263, "params": {"colsample_bytree": 0.2213496497315246, "eta": 0.031221021832788326, "gamma": 769.8779764453138, "max_depth": 5.0, "min_child_weight": 3952.486261395934, "num_boost_round": 2.0, "subsample": 0.846410230334216}, "datetime": {"datetime": "2024-01-20 14:55:42", "elapsed": 1903.207804, "delta": 0.00247}}
{"target": -13.731857757568697, "params": {"colsample_bytree": 0.2213496497315246, "eta": 0.031221021832788326, "gamma": 769.8779764453138, "max_depth": 5.0, "min_child_weight": 3952.486261395934, "num_boost_round": 3.0, "subsample": 0.846410230334216}, "datetime": {"datetime": "2024-01-20 14:55:42", "elapsed": 1903.209323, "delta": 0.001519}}
{"target": -13.73210423071292, "params": {"colsample_bytree": 0.2213496497315246, "eta": 0.031221021832788326, "gamma": 769.8779764453138, "max_depth": 5.0, "min_child_weight": 3952.486261395934, "num_boost_round": 4.0, "subsample": 0.846410230334216}, "datetime": {"datetime": "2024-01-20 14:55:42", "elapsed": 1903.210898, "delta": 0.001575}}
{"target": -13.732687501351867, "params": {"colsample_bytree": 0.2213496497315246, "eta": 0.031221021832788326, "gamma": 769.8779764453138, "max_depth": 5.0, "min_child_weight": 3952.486261395934, "num_boost_round": 5.0, "subsample": 0.846410230334216}, "datetime": {"datetime": "2024-01-20 14:55:42", "elapsed": 1903.212823, "delta": 0.001925}}
{"target": -13.732089388673959, "params": {"colsample_bytree": 0.3474429318435108, "eta": 0.06809470485694488, "gamma": 595.3004430917698, "max_depth": 9.0, "min_child_weight": 4580.624437092735, "num_boost_round": 1.0, "subsample": 0.23288667870848728}, "datetime": {"datetime": "2024-01-20 14:55:57", "elapsed": 1918.188897, "delta": 14.976074}}
{"target": -13.731708987184456, "params": {"colsample_bytree": 0.5397834242731695, "eta": 0.04300490737954474, "gamma": 830.8666473168032, "max_depth": 2.0, "min_child_weight": 4507.342765947131, "num_boost_round": 1.0, "subsample": 0.18686761992452477}, "datetime": {"datetime": "2024-01-20 14:56:13", "elapsed": 1933.904774, "delta": 15.715877}}
{"target": -13.732118209208355, "params": {"colsample_bytree": 0.5397834242731695, "eta": 0.04300490737954474, "gamma": 830.8666473168032, "max_depth": 2.0, "min_child_weight": 4507.342765947131, "num_boost_round": 2.0, "subsample": 0.18686761992452477}, "datetime": {"datetime": "2024-01-20 14:56:13", "elapsed": 1933.906984, "delta": 0.00221}}
{"target": -13.731635232350948, "params": {"colsample_bytree": 0.17145327792295623, "eta": 0.0892478387382583, "gamma": 311.49911783396624, "max_depth": 7.0, "min_child_weight": 3631.973328613534, "num_boost_round": 1.0, "subsample": 0.6035842198120389}, "datetime": {"datetime": "2024-01-20 14:56:28", "elapsed": 1949.694531, "delta": 15.787547}}
{"target": -13.732513446830119, "params": {"colsample_bytree": 0.17145327792295623, "eta": 0.0892478387382583, "gamma": 311.49911783396624, "max_depth": 7.0, "min_child_weight": 3631.973328613534, "num_boost_round": 2.0, "subsample": 0.6035842198120389}, "datetime": {"datetime": "2024-01-20 14:56:28", "elapsed": 1949.696506, "delta": 0.001975}}
{"target": -13.733076649487707, "params": {"colsample_bytree": 0.17145327792295623, "eta": 0.0892478387382583, "gamma": 311.49911783396624, "max_depth": 7.0, "min_child_weight": 3631.973328613534, "num_boost_round": 3.0, "subsample": 0.6035842198120389}, "datetime": {"datetime": "2024-01-20 14:56:28", "elapsed": 1949.698077, "delta": 0.001571}}
{"target": -13.733936238834419, "params": {"colsample_bytree": 0.17145327792295623, "eta": 0.0892478387382583, "gamma": 311.49911783396624, "max_depth": 7.0, "min_child_weight": 3631.973328613534, "num_boost_round": 4.0, "subsample": 0.6035842198120389}, "datetime": {"datetime": "2024-01-20 14:56:28", "elapsed": 1949.699655, "delta": 0.001578}}
{"target": -13.731446345157345, "params": {"colsample_bytree": 0.5610363875197152, "eta": 0.042753793183970816, "gamma": 878.5125070728006, "max_depth": 4.0, "min_child_weight": 4458.09317959638, "num_boost_round": 1.0, "subsample": 0.6773703456962529}, "datetime": {"datetime": "2024-01-20 14:56:45", "elapsed": 1966.713408, "delta": 17.013753}}
{"target": -13.732110940511635, "params": {"colsample_bytree": 0.5610363875197152, "eta": 0.042753793183970816, "gamma": 878.5125070728006, "max_depth": 4.0, "min_child_weight": 4458.09317959638, "num_boost_round": 2.0, "subsample": 0.6773703456962529}, "datetime": {"datetime": "2024-01-20 14:56:45", "elapsed": 1966.715044, "delta": 0.001636}}
{"target": -13.732543542720258, "params": {"colsample_bytree": 0.5610363875197152, "eta": 0.042753793183970816, "gamma": 878.5125070728006, "max_depth": 4.0, "min_child_weight": 4458.09317959638, "num_boost_round": 3.0, "subsample": 0.6773703456962529}, "datetime": {"datetime": "2024-01-20 14:56:45", "elapsed": 1966.716467, "delta": 0.001423}}
{"target": -13.733423511633049, "params": {"colsample_bytree": 0.5610363875197152, "eta": 0.042753793183970816, "gamma": 878.5125070728006, "max_depth": 4.0, "min_child_weight": 4458.09317959638, "num_boost_round": 4.0, "subsample": 0.6773703456962529}, "datetime": {"datetime": "2024-01-20 14:56:45", "elapsed": 1966.718655, "delta": 0.002188}}
{"target": -13.734042590140508, "params": {"colsample_bytree": 0.5610363875197152, "eta": 0.042753793183970816, "gamma": 878.5125070728006, "max_depth": 4.0, "min_child_weight": 4458.09317959638, "num_boost_round": 5.0, "subsample": 0.6773703456962529}, "datetime": {"datetime": "2024-01-20 14:56:45", "elapsed": 1966.720044, "delta": 0.001389}}
{"target": -13.73114402916988, "params": {"colsample_bytree": 0.6621509491837597, "eta": 0.004811305342260692, "gamma": 307.65208654511025, "max_depth": 9.0, "min_child_weight": 3522.869472492306, "num_boost_round": 1.0, "subsample": 0.5551842866440873}, "datetime": {"datetime": "2024-01-20 14:57:05", "elapsed": 1986.45959, "delta": 19.739546}}
{"target": -13.731213590949988, "params": {"colsample_bytree": 0.6621509491837597, "eta": 0.004811305342260692, "gamma": 307.65208654511025, "max_depth": 9.0, "min_child_weight": 3522.869472492306, "num_boost_round": 2.0, "subsample": 0.5551842866440873}, "datetime": {"datetime": "2024-01-20 14:57:05", "elapsed": 1986.461331, "delta": 0.001741}}
{"target": -13.731298064864763, "params": {"colsample_bytree": 0.6621509491837597, "eta": 0.004811305342260692, "gamma": 307.65208654511025, "max_depth": 9.0, "min_child_weight": 3522.869472492306, "num_boost_round": 3.0, "subsample": 0.5551842866440873}, "datetime": {"datetime": "2024-01-20 14:57:05", "elapsed": 1986.463403, "delta": 0.002072}}
{"target": -13.731358681464856, "params": {"colsample_bytree": 0.6621509491837597, "eta": 0.004811305342260692, "gamma": 307.65208654511025, "max_depth": 9.0, "min_child_weight": 3522.869472492306, "num_boost_round": 4.0, "subsample": 0.5551842866440873}, "datetime": {"datetime": "2024-01-20 14:57:05", "elapsed": 1986.464964, "delta": 0.001561}}
{"target": -13.731487643456061, "params": {"colsample_bytree": 0.6621509491837597, "eta": 0.004811305342260692, "gamma": 307.65208654511025, "max_depth": 9.0, "min_child_weight": 3522.869472492306, "num_boost_round": 5.0, "subsample": 0.5551842866440873}, "datetime": {"datetime": "2024-01-20 14:57:05", "elapsed": 1986.466803, "delta": 0.001839}}
{"target": -13.731616788429605, "params": {"colsample_bytree": 0.6621509491837597, "eta": 0.004811305342260692, "gamma": 307.65208654511025, "max_depth": 9.0, "min_child_weight": 3522.869472492306, "num_boost_round": 6.0, "subsample": 0.5551842866440873}, "datetime": {"datetime": "2024-01-20 14:57:05", "elapsed": 1986.468239, "delta": 0.001436}}
{"target": -13.73171425548789, "params": {"colsample_bytree": 0.6621509491837597, "eta": 0.004811305342260692, "gamma": 307.65208654511025, "max_depth": 9.0, "min_child_weight": 3522.869472492306, "num_boost_round": 7.0, "subsample": 0.5551842866440873}, "datetime": {"datetime": "2024-01-20 14:57:05", "elapsed": 1986.469633, "delta": 0.001394}}
{"target": -13.731837697398845, "params": {"colsample_bytree": 0.6621509491837597, "eta": 0.004811305342260692, "gamma": 307.65208654511025, "max_depth": 9.0, "min_child_weight": 3522.869472492306, "num_boost_round": 8.0, "subsample": 0.5551842866440873}, "datetime": {"datetime": "2024-01-20 14:57:05", "elapsed": 1986.471009, "delta": 0.001376}}
{"target": -13.731922622048721, "params": {"colsample_bytree": 0.6621509491837597, "eta": 0.004811305342260692, "gamma": 307.65208654511025, "max_depth": 9.0, "min_child_weight": 3522.869472492306, "num_boost_round": 9.0, "subsample": 0.5551842866440873}, "datetime": {"datetime": "2024-01-20 14:57:05", "elapsed": 1986.47238, "delta": 0.001371}}
{"target": -13.732434010771087, "params": {"colsample_bytree": 0.3477038224856927, "eta": 0.07328872901288261, "gamma": 366.99072935945367, "max_depth": 8.0, "min_child_weight": 3475.437298913493, "num_boost_round": 1.0, "subsample": 0.6243253280487246}, "datetime": {"datetime": "2024-01-20 14:57:23", "elapsed": 2004.005029, "delta": 17.532649}}
{"target": -13.733437113411313, "params": {"colsample_bytree": 0.3477038224856927, "eta": 0.07328872901288261, "gamma": 366.99072935945367, "max_depth": 8.0, "min_child_weight": 3475.437298913493, "num_boost_round": 2.0, "subsample": 0.6243253280487246}, "datetime": {"datetime": "2024-01-20 14:57:23", "elapsed": 2004.007532, "delta": 0.002503}}
{"target": -13.734163875139451, "params": {"colsample_bytree": 0.3477038224856927, "eta": 0.07328872901288261, "gamma": 366.99072935945367, "max_depth": 8.0, "min_child_weight": 3475.437298913493, "num_boost_round": 3.0, "subsample": 0.6243253280487246}, "datetime": {"datetime": "2024-01-20 14:57:23", "elapsed": 2004.009854, "delta": 0.002322}}
{"target": -13.7353300446568, "params": {"colsample_bytree": 0.3477038224856927, "eta": 0.07328872901288261, "gamma": 366.99072935945367, "max_depth": 8.0, "min_child_weight": 3475.437298913493, "num_boost_round": 4.0, "subsample": 0.6243253280487246}, "datetime": {"datetime": "2024-01-20 14:57:23", "elapsed": 2004.011323, "delta": 0.001469}}
{"target": -13.737317266688027, "params": {"colsample_bytree": 0.3477038224856927, "eta": 0.07328872901288261, "gamma": 366.99072935945367, "max_depth": 8.0, "min_child_weight": 3475.437298913493, "num_boost_round": 5.0, "subsample": 0.6243253280487246}, "datetime": {"datetime": "2024-01-20 14:57:23", "elapsed": 2004.012785, "delta": 0.001462}}
{"target": -13.73269887494364, "params": {"colsample_bytree": 0.9896398777367404, "eta": 0.0891121007708147, "gamma": 750.6383727737185, "max_depth": 5.0, "min_child_weight": 4528.721903846178, "num_boost_round": 1.0, "subsample": 0.7184024048460311}, "datetime": {"datetime": "2024-01-20 14:57:37", "elapsed": 2018.812961, "delta": 14.800176}}
{"target": -13.734436177592302, "params": {"colsample_bytree": 0.9896398777367404, "eta": 0.0891121007708147, "gamma": 750.6383727737185, "max_depth": 5.0, "min_child_weight": 4528.721903846178, "num_boost_round": 2.0, "subsample": 0.7184024048460311}, "datetime": {"datetime": "2024-01-20 14:57:37", "elapsed": 2018.81579, "delta": 0.002829}}
{"target": -13.737128027678224, "params": {"colsample_bytree": 0.9896398777367404, "eta": 0.0891121007708147, "gamma": 750.6383727737185, "max_depth": 5.0, "min_child_weight": 4528.721903846178, "num_boost_round": 3.0, "subsample": 0.7184024048460311}, "datetime": {"datetime": "2024-01-20 14:57:37", "elapsed": 2018.817407, "delta": 0.001617}}
{"target": -13.732902406431165, "params": {"colsample_bytree": 0.4635258787483151, "eta": 0.09025827343690332, "gamma": 554.7021602557442, "max_depth": 8.0, "min_child_weight": 3717.4316643804923, "num_boost_round": 1.0, "subsample": 0.21283940162896103}, "datetime": {"datetime": "2024-01-20 14:57:52", "elapsed": 2033.864192, "delta": 15.046785}}
{"target": -13.731824185043056, "params": {"colsample_bytree": 0.5192906304418992, "eta": 0.060104728900181384, "gamma": 355.1732416918778, "max_depth": 9.0, "min_child_weight": 3566.0645872489413, "num_boost_round": 1.0, "subsample": 0.11165145755454126}, "datetime": {"datetime": "2024-01-20 14:58:11", "elapsed": 2052.7911, "delta": 18.926908}}
{"target": -13.732726353818933, "params": {"colsample_bytree": 0.5192906304418992, "eta": 0.060104728900181384, "gamma": 355.1732416918778, "max_depth": 9.0, "min_child_weight": 3566.0645872489413, "num_boost_round": 2.0, "subsample": 0.11165145755454126}, "datetime": {"datetime": "2024-01-20 14:58:11", "elapsed": 2052.792751, "delta": 0.001651}}
