{"target": -10.298532105727414, "params": {"colsample_bytree": 0.6738321093536329, "eta": 0.012867475914408412, "gamma": 308.94717792201254, "max_depth": 7.0, "min_child_weight": 3919.542977325781, "num_boost_round": 2.0, "subsample": 0.7317044141728524}, "datetime": {"datetime": "2024-01-20 13:53:24", "elapsed": 1902.463132, "delta": 0.003435}}
{"target": -10.298498904320066, "params": {"colsample_bytree": 0.6738321093536329, "eta": 0.012867475914408412, "gamma": 308.94717792201254, "max_depth": 7.0, "min_child_weight": 3919.542977325781, "num_boost_round": 3.0, "subsample": 0.7317044141728524}, "datetime": {"datetime": "2024-01-20 13:53:24", "elapsed": 1902.464955, "delta": 0.001823}}
{"target": -10.298547588083174, "params": {"colsample_bytree": 0.6738321093536329, "eta": 0.012867475914408412, "gamma": 308.94717792201254, "max_depth": 7.0, "min_child_weight": 3919.542977325781, "num_boost_round": 4.0, "subsample": 0.7317044141728524}, "datetime": {"datetime": "2024-01-20 13:53:24", "elapsed": 1902.46693, "delta": 0.001975}}
{"target": -10.298562306543541, "params": {"colsample_bytree": 0.6738321093536329, "eta": 0.012867475914408412, "gamma": 308.94717792201254, "max_depth": 7.0, "min_child_weight": 3919.542977325781, "num_boost_round": 5.0, "subsample": 0.7317044141728524}, "datetime": {"datetime": "2024-01-20 13:53:24", "elapsed": 1902.468717, "delta": 0.001787}}
{"target": -10.298573966262602, "params": {"colsample_bytree": 0.6738321093536329, "eta": 0.012867475914408412, "gamma": 308.94717792201254, "max_depth": 7.0, "min_child_weight": 3919.542977325781, "num_boost_round": 6.0, "subsample": 0.7317044141728524}, "datetime": {"datetime": "2024-01-20 13:53:24", "elapsed": 1902.470604, "delta": 0.001887}}
{"target": -10.298586797958231, "params": {"colsample_bytree": 0.6738321093536329, "eta": 0.012867475914408412, "gamma": 308.94717792201254, "max_depth": 7.0, "min_child_weight": 3919.542977325781, "num_boost_round": 7.0, "subsample": 0.7317044141728524}, "datetime": {"datetime": "2024-01-20 13:53:24", "elapsed": 1902.472063, "delta": 0.001459}}
{"target": -10.298562599246495, "params": {"colsample_bytree": 0.6738321093536329, "eta": 0.012867475914408412, "gamma": 308.94717792201254, "max_depth": 7.0, "min_child_weight": 3919.542977325781, "num_boost_round": 8.0, "subsample": 0.7317044141728524}, "datetime": {"datetime": "2024-01-20 13:53:24", "elapsed": 1902.473493, "delta": 0.00143}}
{"target": -10.298622346374529, "params": {"colsample_bytree": 0.6738321093536329, "eta": 0.012867475914408412, "gamma": 308.94717792201254, "max_depth": 7.0, "min_child_weight": 3919.542977325781, "num_boost_round": 9.0, "subsample": 0.7317044141728524}, "datetime": {"datetime": "2024-01-20 13:53:24", "elapsed": 1902.474956, "delta": 0.001463}}
{"target": -10.29830509890746, "params": {"colsample_bytree": 0.25021406289717785, "eta": 0.02721837954852367, "gamma": 217.15467772977092, "max_depth": 5.0, "min_child_weight": 4200.100220781067, "num_boost_round": 1.0, "subsample": 0.35344290295333813}, "datetime": {"datetime": "2024-01-20 13:53:46", "elapsed": 1923.839834, "delta": 21.364878}}
{"target": -10.298198047607734, "params": {"colsample_bytree": 0.42883391631139844, "eta": 0.0791697882041294, "gamma": 205.13202808945286, "max_depth": 2.0, "min_child_weight": 4136.15342939573, "num_boost_round": 1.0, "subsample": 0.47876827242630826}, "datetime": {"datetime": "2024-01-20 13:54:29", "elapsed": 1967.500419, "delta": 43.660585}}
{"target": -10.298264587647864, "params": {"colsample_bytree": 0.42883391631139844, "eta": 0.0791697882041294, "gamma": 205.13202808945286, "max_depth": 2.0, "min_child_weight": 4136.15342939573, "num_boost_round": 2.0, "subsample": 0.47876827242630826}, "datetime": {"datetime": "2024-01-20 13:54:29", "elapsed": 1967.502928, "delta": 0.002509}}
{"target": -10.298586554489903, "params": {"colsample_bytree": 0.42883391631139844, "eta": 0.0791697882041294, "gamma": 205.13202808945286, "max_depth": 2.0, "min_child_weight": 4136.15342939573, "num_boost_round": 3.0, "subsample": 0.47876827242630826}, "datetime": {"datetime": "2024-01-20 13:54:29", "elapsed": 1967.50475, "delta": 0.001822}}
{"target": -10.29884778901399, "params": {"colsample_bytree": 0.42883391631139844, "eta": 0.0791697882041294, "gamma": 205.13202808945286, "max_depth": 2.0, "min_child_weight": 4136.15342939573, "num_boost_round": 4.0, "subsample": 0.47876827242630826}, "datetime": {"datetime": "2024-01-20 13:54:29", "elapsed": 1967.506217, "delta": 0.001467}}
{"target": -10.299407868605698, "params": {"colsample_bytree": 0.42883391631139844, "eta": 0.0791697882041294, "gamma": 205.13202808945286, "max_depth": 2.0, "min_child_weight": 4136.15342939573, "num_boost_round": 5.0, "subsample": 0.47876827242630826}, "datetime": {"datetime": "2024-01-20 13:54:29", "elapsed": 1967.507615, "delta": 0.001398}}
{"target": -10.300053286967106, "params": {"colsample_bytree": 0.42883391631139844, "eta": 0.0791697882041294, "gamma": 205.13202808945286, "max_depth": 2.0, "min_child_weight": 4136.15342939573, "num_boost_round": 6.0, "subsample": 0.47876827242630826}, "datetime": {"datetime": "2024-01-20 13:54:29", "elapsed": 1967.509063, "delta": 0.001448}}
{"target": -10.300654398702356, "params": {"colsample_bytree": 0.42883391631139844, "eta": 0.0791697882041294, "gamma": 205.13202808945286, "max_depth": 2.0, "min_child_weight": 4136.15342939573, "num_boost_round": 7.0, "subsample": 0.47876827242630826}, "datetime": {"datetime": "2024-01-20 13:54:29", "elapsed": 1967.510557, "delta": 0.001494}}
{"target": -10.301155834974558, "params": {"colsample_bytree": 0.42883391631139844, "eta": 0.0791697882041294, "gamma": 205.13202808945286, "max_depth": 2.0, "min_child_weight": 4136.15342939573, "num_boost_round": 8.0, "subsample": 0.47876827242630826}, "datetime": {"datetime": "2024-01-20 13:54:29", "elapsed": 1967.511918, "delta": 0.001361}}
{"target": -10.301869348935298, "params": {"colsample_bytree": 0.42883391631139844, "eta": 0.0791697882041294, "gamma": 205.13202808945286, "max_depth": 2.0, "min_child_weight": 4136.15342939573, "num_boost_round": 9.0, "subsample": 0.47876827242630826}, "datetime": {"datetime": "2024-01-20 13:54:29", "elapsed": 1967.513272, "delta": 0.001354}}
{"target": -10.302238215466486, "params": {"colsample_bytree": 0.42883391631139844, "eta": 0.0791697882041294, "gamma": 205.13202808945286, "max_depth": 2.0, "min_child_weight": 4136.15342939573, "num_boost_round": 10.0, "subsample": 0.47876827242630826}, "datetime": {"datetime": "2024-01-20 13:54:29", "elapsed": 1967.514637, "delta": 0.001365}}
{"target": -10.302446390324025, "params": {"colsample_bytree": 0.42883391631139844, "eta": 0.0791697882041294, "gamma": 205.13202808945286, "max_depth": 2.0, "min_child_weight": 4136.15342939573, "num_boost_round": 11.0, "subsample": 0.47876827242630826}, "datetime": {"datetime": "2024-01-20 13:54:29", "elapsed": 1967.516008, "delta": 0.001371}}
{"target": -10.30287596540019, "params": {"colsample_bytree": 0.42883391631139844, "eta": 0.0791697882041294, "gamma": 205.13202808945286, "max_depth": 2.0, "min_child_weight": 4136.15342939573, "num_boost_round": 12.0, "subsample": 0.47876827242630826}, "datetime": {"datetime": "2024-01-20 13:54:29", "elapsed": 1967.517361, "delta": 0.001353}}
{"target": -10.302898305800301, "params": {"colsample_bytree": 0.42883391631139844, "eta": 0.0791697882041294, "gamma": 205.13202808945286, "max_depth": 2.0, "min_child_weight": 4136.15342939573, "num_boost_round": 13.0, "subsample": 0.47876827242630826}, "datetime": {"datetime": "2024-01-20 13:54:29", "elapsed": 1967.518811, "delta": 0.00145}}
{"target": -10.303277724499038, "params": {"colsample_bytree": 0.42883391631139844, "eta": 0.0791697882041294, "gamma": 205.13202808945286, "max_depth": 2.0, "min_child_weight": 4136.15342939573, "num_boost_round": 14.0, "subsample": 0.47876827242630826}, "datetime": {"datetime": "2024-01-20 13:54:29", "elapsed": 1967.520166, "delta": 0.001355}}
{"target": -10.303947672474754, "params": {"colsample_bytree": 0.42883391631139844, "eta": 0.0791697882041294, "gamma": 205.13202808945286, "max_depth": 2.0, "min_child_weight": 4136.15342939573, "num_boost_round": 15.0, "subsample": 0.47876827242630826}, "datetime": {"datetime": "2024-01-20 13:54:29", "elapsed": 1967.521509, "delta": 0.001343}}
{"target": -10.30422301058207, "params": {"colsample_bytree": 0.42883391631139844, "eta": 0.0791697882041294, "gamma": 205.13202808945286, "max_depth": 2.0, "min_child_weight": 4136.15342939573, "num_boost_round": 16.0, "subsample": 0.47876827242630826}, "datetime": {"datetime": "2024-01-20 13:54:29", "elapsed": 1967.522912, "delta": 0.001403}}
{"target": -10.304613422501733, "params": {"colsample_bytree": 0.42883391631139844, "eta": 0.0791697882041294, "gamma": 205.13202808945286, "max_depth": 2.0, "min_child_weight": 4136.15342939573, "num_boost_round": 17.0, "subsample": 0.47876827242630826}, "datetime": {"datetime": "2024-01-20 13:54:29", "elapsed": 1967.524301, "delta": 0.001389}}
{"target": -10.30475738795553, "params": {"colsample_bytree": 0.42883391631139844, "eta": 0.0791697882041294, "gamma": 205.13202808945286, "max_depth": 2.0, "min_child_weight": 4136.15342939573, "num_boost_round": 18.0, "subsample": 0.47876827242630826}, "datetime": {"datetime": "2024-01-20 13:54:29", "elapsed": 1967.525677, "delta": 0.001376}}
{"target": -10.305113500472586, "params": {"colsample_bytree": 0.42883391631139844, "eta": 0.0791697882041294, "gamma": 205.13202808945286, "max_depth": 2.0, "min_child_weight": 4136.15342939573, "num_boost_round": 19.0, "subsample": 0.47876827242630826}, "datetime": {"datetime": "2024-01-20 13:54:29", "elapsed": 1967.527048, "delta": 0.001371}}
{"target": -10.305332180870893, "params": {"colsample_bytree": 0.42883391631139844, "eta": 0.0791697882041294, "gamma": 205.13202808945286, "max_depth": 2.0, "min_child_weight": 4136.15342939573, "num_boost_round": 20.0, "subsample": 0.47876827242630826}, "datetime": {"datetime": "2024-01-20 13:54:29", "elapsed": 1967.528474, "delta": 0.001426}}
{"target": -10.305419167871307, "params": {"colsample_bytree": 0.42883391631139844, "eta": 0.0791697882041294, "gamma": 205.13202808945286, "max_depth": 2.0, "min_child_weight": 4136.15342939573, "num_boost_round": 21.0, "subsample": 0.47876827242630826}, "datetime": {"datetime": "2024-01-20 13:54:29", "elapsed": 1967.529831, "delta": 0.001357}}
{"target": -10.30575900782361, "params": {"colsample_bytree": 0.42883391631139844, "eta": 0.0791697882041294, "gamma": 205.13202808945286, "max_depth": 2.0, "min_child_weight": 4136.15342939573, "num_boost_round": 22.0, "subsample": 0.47876827242630826}, "datetime": {"datetime": "2024-01-20 13:54:29", "elapsed": 1967.531218, "delta": 0.001387}}
{"target": -10.306221538209755, "params": {"colsample_bytree": 0.42883391631139844, "eta": 0.0791697882041294, "gamma": 205.13202808945286, "max_depth": 2.0, "min_child_weight": 4136.15342939573, "num_boost_round": 23.0, "subsample": 0.47876827242630826}, "datetime": {"datetime": "2024-01-20 13:54:29", "elapsed": 1967.532602, "delta": 0.001384}}
{"target": -10.306244622224513, "params": {"colsample_bytree": 0.42883391631139844, "eta": 0.0791697882041294, "gamma": 205.13202808945286, "max_depth": 2.0, "min_child_weight": 4136.15342939573, "num_boost_round": 24.0, "subsample": 0.47876827242630826}, "datetime": {"datetime": "2024-01-20 13:54:29", "elapsed": 1967.53395, "delta": 0.001348}}
{"target": -10.306567390157632, "params": {"colsample_bytree": 0.42883391631139844, "eta": 0.0791697882041294, "gamma": 205.13202808945286, "max_depth": 2.0, "min_child_weight": 4136.15342939573, "num_boost_round": 25.0, "subsample": 0.47876827242630826}, "datetime": {"datetime": "2024-01-20 13:54:29", "elapsed": 1967.535318, "delta": 0.001368}}
{"target": -10.306658910952535, "params": {"colsample_bytree": 0.42883391631139844, "eta": 0.0791697882041294, "gamma": 205.13202808945286, "max_depth": 2.0, "min_child_weight": 4136.15342939573, "num_boost_round": 26.0, "subsample": 0.47876827242630826}, "datetime": {"datetime": "2024-01-20 13:54:29", "elapsed": 1967.536673, "delta": 0.001355}}
{"target": -10.306384579376669, "params": {"colsample_bytree": 0.42883391631139844, "eta": 0.0791697882041294, "gamma": 205.13202808945286, "max_depth": 2.0, "min_child_weight": 4136.15342939573, "num_boost_round": 27.0, "subsample": 0.47876827242630826}, "datetime": {"datetime": "2024-01-20 13:54:29", "elapsed": 1967.538152, "delta": 0.001479}}
{"target": -10.306521090200757, "params": {"colsample_bytree": 0.42883391631139844, "eta": 0.0791697882041294, "gamma": 205.13202808945286, "max_depth": 2.0, "min_child_weight": 4136.15342939573, "num_boost_round": 28.0, "subsample": 0.47876827242630826}, "datetime": {"datetime": "2024-01-20 13:54:29", "elapsed": 1967.539633, "delta": 0.001481}}
{"target": -10.306999787531865, "params": {"colsample_bytree": 0.42883391631139844, "eta": 0.0791697882041294, "gamma": 205.13202808945286, "max_depth": 2.0, "min_child_weight": 4136.15342939573, "num_boost_round": 29.0, "subsample": 0.47876827242630826}, "datetime": {"datetime": "2024-01-20 13:54:29", "elapsed": 1967.540997, "delta": 0.001364}}
{"target": -10.298566625119387, "params": {"colsample_bytree": 0.7393578126443217, "eta": 0.020516985511862606, "gamma": 252.47805676738187, "max_depth": 6.0, "min_child_weight": 3941.110488493187, "num_boost_round": 1.0, "subsample": 0.9670186136612848}, "datetime": {"datetime": "2024-01-20 13:55:13", "elapsed": 2011.362863, "delta": 43.821866}}
{"target": -10.298618094668809, "params": {"colsample_bytree": 0.7393578126443217, "eta": 0.020516985511862606, "gamma": 252.47805676738187, "max_depth": 6.0, "min_child_weight": 3941.110488493187, "num_boost_round": 2.0, "subsample": 0.9670186136612848}, "datetime": {"datetime": "2024-01-20 13:55:13", "elapsed": 2011.369947, "delta": 0.007084}}
{"target": -10.298658874077868, "params": {"colsample_bytree": 0.7393578126443217, "eta": 0.020516985511862606, "gamma": 252.47805676738187, "max_depth": 6.0, "min_child_weight": 3941.110488493187, "num_boost_round": 3.0, "subsample": 0.9670186136612848}, "datetime": {"datetime": "2024-01-20 13:55:13", "elapsed": 2011.372554, "delta": 0.002607}}
{"target": -10.29874948339997, "params": {"colsample_bytree": 0.7393578126443217, "eta": 0.020516985511862606, "gamma": 252.47805676738187, "max_depth": 6.0, "min_child_weight": 3941.110488493187, "num_boost_round": 4.0, "subsample": 0.9670186136612848}, "datetime": {"datetime": "2024-01-20 13:55:13", "elapsed": 2011.374242, "delta": 0.001688}}
{"target": -10.298785520374667, "params": {"colsample_bytree": 0.7393578126443217, "eta": 0.020516985511862606, "gamma": 252.47805676738187, "max_depth": 6.0, "min_child_weight": 3941.110488493187, "num_boost_round": 5.0, "subsample": 0.9670186136612848}, "datetime": {"datetime": "2024-01-20 13:55:13", "elapsed": 2011.376008, "delta": 0.001766}}
{"target": -10.29885362873096, "params": {"colsample_bytree": 0.7393578126443217, "eta": 0.020516985511862606, "gamma": 252.47805676738187, "max_depth": 6.0, "min_child_weight": 3941.110488493187, "num_boost_round": 6.0, "subsample": 0.9670186136612848}, "datetime": {"datetime": "2024-01-20 13:55:13", "elapsed": 2011.377463, "delta": 0.001455}}
{"target": -10.298838437346653, "params": {"colsample_bytree": 0.7393578126443217, "eta": 0.020516985511862606, "gamma": 252.47805676738187, "max_depth": 6.0, "min_child_weight": 3941.110488493187, "num_boost_round": 7.0, "subsample": 0.9670186136612848}, "datetime": {"datetime": "2024-01-20 13:55:13", "elapsed": 2011.378872, "delta": 0.001409}}
{"target": -10.298838143186334, "params": {"colsample_bytree": 0.7393578126443217, "eta": 0.020516985511862606, "gamma": 252.47805676738187, "max_depth": 6.0, "min_child_weight": 3941.110488493187, "num_boost_round": 8.0, "subsample": 0.9670186136612848}, "datetime": {"datetime": "2024-01-20 13:55:13", "elapsed": 2011.380335, "delta": 0.001463}}
{"target": -10.298832353594587, "params": {"colsample_bytree": 0.7393578126443217, "eta": 0.020516985511862606, "gamma": 252.47805676738187, "max_depth": 6.0, "min_child_weight": 3941.110488493187, "num_boost_round": 9.0, "subsample": 0.9670186136612848}, "datetime": {"datetime": "2024-01-20 13:55:13", "elapsed": 2011.381876, "delta": 0.001541}}
{"target": -10.298852969717242, "params": {"colsample_bytree": 0.7393578126443217, "eta": 0.020516985511862606, "gamma": 252.47805676738187, "max_depth": 6.0, "min_child_weight": 3941.110488493187, "num_boost_round": 10.0, "subsample": 0.9670186136612848}, "datetime": {"datetime": "2024-01-20 13:55:13", "elapsed": 2011.383385, "delta": 0.001509}}
{"target": -10.298928679545995, "params": {"colsample_bytree": 0.7393578126443217, "eta": 0.020516985511862606, "gamma": 252.47805676738187, "max_depth": 6.0, "min_child_weight": 3941.110488493187, "num_boost_round": 11.0, "subsample": 0.9670186136612848}, "datetime": {"datetime": "2024-01-20 13:55:13", "elapsed": 2011.384863, "delta": 0.001478}}
{"target": -10.298978808128542, "params": {"colsample_bytree": 0.7393578126443217, "eta": 0.020516985511862606, "gamma": 252.47805676738187, "max_depth": 6.0, "min_child_weight": 3941.110488493187, "num_boost_round": 12.0, "subsample": 0.9670186136612848}, "datetime": {"datetime": "2024-01-20 13:55:13", "elapsed": 2011.386397, "delta": 0.001534}}
{"target": -10.29914668008838, "params": {"colsample_bytree": 0.7393578126443217, "eta": 0.020516985511862606, "gamma": 252.47805676738187, "max_depth": 6.0, "min_child_weight": 3941.110488493187, "num_boost_round": 13.0, "subsample": 0.9670186136612848}, "datetime": {"datetime": "2024-01-20 13:55:13", "elapsed": 2011.387905, "delta": 0.001508}}
{"target": -10.299345764301826, "params": {"colsample_bytree": 0.7393578126443217, "eta": 0.020516985511862606, "gamma": 252.47805676738187, "max_depth": 6.0, "min_child_weight": 3941.110488493187, "num_boost_round": 14.0, "subsample": 0.9670186136612848}, "datetime": {"datetime": "2024-01-20 13:55:13", "elapsed": 2011.389458, "delta": 0.001553}}
{"target": -10.299428316724278, "params": {"colsample_bytree": 0.7393578126443217, "eta": 0.020516985511862606, "gamma": 252.47805676738187, "max_depth": 6.0, "min_child_weight": 3941.110488493187, "num_boost_round": 15.0, "subsample": 0.9670186136612848}, "datetime": {"datetime": "2024-01-20 13:55:13", "elapsed": 2011.390986, "delta": 0.001528}}
{"target": -10.299588367158547, "params": {"colsample_bytree": 0.7393578126443217, "eta": 0.020516985511862606, "gamma": 252.47805676738187, "max_depth": 6.0, "min_child_weight": 3941.110488493187, "num_boost_round": 16.0, "subsample": 0.9670186136612848}, "datetime": {"datetime": "2024-01-20 13:55:13", "elapsed": 2011.392502, "delta": 0.001516}}
{"target": -10.299755227030118, "params": {"colsample_bytree": 0.7393578126443217, "eta": 0.020516985511862606, "gamma": 252.47805676738187, "max_depth": 6.0, "min_child_weight": 3941.110488493187, "num_boost_round": 17.0, "subsample": 0.9670186136612848}, "datetime": {"datetime": "2024-01-20 13:55:13", "elapsed": 2011.394004, "delta": 0.001502}}
{"target": -10.299814869219603, "params": {"colsample_bytree": 0.7393578126443217, "eta": 0.020516985511862606, "gamma": 252.47805676738187, "max_depth": 6.0, "min_child_weight": 3941.110488493187, "num_boost_round": 18.0, "subsample": 0.9670186136612848}, "datetime": {"datetime": "2024-01-20 13:55:13", "elapsed": 2011.395569, "delta": 0.001565}}
{"target": -10.30002749521692, "params": {"colsample_bytree": 0.7393578126443217, "eta": 0.020516985511862606, "gamma": 252.47805676738187, "max_depth": 6.0, "min_child_weight": 3941.110488493187, "num_boost_round": 19.0, "subsample": 0.9670186136612848}, "datetime": {"datetime": "2024-01-20 13:55:13", "elapsed": 2011.397092, "delta": 0.001523}}
{"target": -10.298286814308689, "params": {"colsample_bytree": 0.9347644298636729, "eta": 0.054621910520478295, "gamma": 171.53706188320515, "max_depth": 7.0, "min_child_weight": 4069.4466983699194, "num_boost_round": 1.0, "subsample": 0.39332479691586497}, "datetime": {"datetime": "2024-01-20 13:55:37", "elapsed": 2035.428206, "delta": 24.031114}}
{"target": -10.298529103679831, "params": {"colsample_bytree": 0.8903307989839422, "eta": 0.08004081292202356, "gamma": 223.96841689673695, "max_depth": 7.0, "min_child_weight": 4043.8148540593343, "num_boost_round": 1.0, "subsample": 0.6642575922120023}, "datetime": {"datetime": "2024-01-20 13:55:58", "elapsed": 2056.72745, "delta": 21.299244}}
{"target": -10.29877443878327, "params": {"colsample_bytree": 0.8903307989839422, "eta": 0.08004081292202356, "gamma": 223.96841689673695, "max_depth": 7.0, "min_child_weight": 4043.8148540593343, "num_boost_round": 2.0, "subsample": 0.6642575922120023}, "datetime": {"datetime": "2024-01-20 13:55:58", "elapsed": 2056.730426, "delta": 0.002976}}
{"target": -10.298335702537843, "params": {"colsample_bytree": 0.1986009672689828, "eta": 0.02914140457759333, "gamma": 844.8776357215798, "max_depth": 4.0, "min_child_weight": 3992.970788720614, "num_boost_round": 1.0, "subsample": 0.4019393900415835}, "datetime": {"datetime": "2024-01-20 13:56:23", "elapsed": 2081.295364, "delta": 24.564938}}
{"target": -10.29836281586462, "params": {"colsample_bytree": 0.1986009672689828, "eta": 0.02914140457759333, "gamma": 844.8776357215798, "max_depth": 4.0, "min_child_weight": 3992.970788720614, "num_boost_round": 2.0, "subsample": 0.4019393900415835}, "datetime": {"datetime": "2024-01-20 13:56:23", "elapsed": 2081.298209, "delta": 0.002845}}
{"target": -10.298491662478721, "params": {"colsample_bytree": 0.1986009672689828, "eta": 0.02914140457759333, "gamma": 844.8776357215798, "max_depth": 4.0, "min_child_weight": 3992.970788720614, "num_boost_round": 3.0, "subsample": 0.4019393900415835}, "datetime": {"datetime": "2024-01-20 13:56:23", "elapsed": 2081.300636, "delta": 0.002427}}
