{"target": -19.168225445823996, "params": {"colsample_bytree": 0.9513445815965753, "eta": 0.045678427296896036, "gamma": 559.3320257720341, "max_depth": 7.0, "min_child_weight": 4435.023991979676, "num_boost_round": 112.0, "subsample": 0.24700901583827975}, "datetime": {"datetime": "2024-01-20 15:34:53", "elapsed": 4261.234999, "delta": 0.003965}}
{"target": -19.16835060462848, "params": {"colsample_bytree": 0.9513445815965753, "eta": 0.045678427296896036, "gamma": 559.3320257720341, "max_depth": 7.0, "min_child_weight": 4435.023991979676, "num_boost_round": 113.0, "subsample": 0.24700901583827975}, "datetime": {"datetime": "2024-01-20 15:34:53", "elapsed": 4261.238943, "delta": 0.003944}}
{"target": -19.168434579319218, "params": {"colsample_bytree": 0.9513445815965753, "eta": 0.045678427296896036, "gamma": 559.3320257720341, "max_depth": 7.0, "min_child_weight": 4435.023991979676, "num_boost_round": 114.0, "subsample": 0.24700901583827975}, "datetime": {"datetime": "2024-01-20 15:34:53", "elapsed": 4261.242893, "delta": 0.00395}}
{"target": -19.16851259731362, "params": {"colsample_bytree": 0.9513445815965753, "eta": 0.045678427296896036, "gamma": 559.3320257720341, "max_depth": 7.0, "min_child_weight": 4435.023991979676, "num_boost_round": 115.0, "subsample": 0.24700901583827975}, "datetime": {"datetime": "2024-01-20 15:34:53", "elapsed": 4261.246803, "delta": 0.00391}}
{"target": -19.168835947044997, "params": {"colsample_bytree": 0.9513445815965753, "eta": 0.045678427296896036, "gamma": 559.3320257720341, "max_depth": 7.0, "min_child_weight": 4435.023991979676, "num_boost_round": 116.0, "subsample": 0.24700901583827975}, "datetime": {"datetime": "2024-01-20 15:34:53", "elapsed": 4261.250691, "delta": 0.003888}}
{"target": -19.168965543746403, "params": {"colsample_bytree": 0.9513445815965753, "eta": 0.045678427296896036, "gamma": 559.3320257720341, "max_depth": 7.0, "min_child_weight": 4435.023991979676, "num_boost_round": 117.0, "subsample": 0.24700901583827975}, "datetime": {"datetime": "2024-01-20 15:34:53", "elapsed": 4261.254625, "delta": 0.003934}}
{"target": -19.169216641404475, "params": {"colsample_bytree": 0.9513445815965753, "eta": 0.045678427296896036, "gamma": 559.3320257720341, "max_depth": 7.0, "min_child_weight": 4435.023991979676, "num_boost_round": 118.0, "subsample": 0.24700901583827975}, "datetime": {"datetime": "2024-01-20 15:34:53", "elapsed": 4261.258525, "delta": 0.0039}}
{"target": -19.169371065125304, "params": {"colsample_bytree": 0.9513445815965753, "eta": 0.045678427296896036, "gamma": 559.3320257720341, "max_depth": 7.0, "min_child_weight": 4435.023991979676, "num_boost_round": 119.0, "subsample": 0.24700901583827975}, "datetime": {"datetime": "2024-01-20 15:34:53", "elapsed": 4261.262433, "delta": 0.003908}}
{"target": -19.169414773126846, "params": {"colsample_bytree": 0.9513445815965753, "eta": 0.045678427296896036, "gamma": 559.3320257720341, "max_depth": 7.0, "min_child_weight": 4435.023991979676, "num_boost_round": 120.0, "subsample": 0.24700901583827975}, "datetime": {"datetime": "2024-01-20 15:34:53", "elapsed": 4261.266398, "delta": 0.003965}}
{"target": -19.16961586022962, "params": {"colsample_bytree": 0.9513445815965753, "eta": 0.045678427296896036, "gamma": 559.3320257720341, "max_depth": 7.0, "min_child_weight": 4435.023991979676, "num_boost_round": 121.0, "subsample": 0.24700901583827975}, "datetime": {"datetime": "2024-01-20 15:34:53", "elapsed": 4261.270298, "delta": 0.0039}}
{"target": -19.169790079795895, "params": {"colsample_bytree": 0.9513445815965753, "eta": 0.045678427296896036, "gamma": 559.3320257720341, "max_depth": 7.0, "min_child_weight": 4435.023991979676, "num_boost_round": 122.0, "subsample": 0.24700901583827975}, "datetime": {"datetime": "2024-01-20 15:34:53", "elapsed": 4261.274228, "delta": 0.00393}}
{"target": -19.169926635825497, "params": {"colsample_bytree": 0.9513445815965753, "eta": 0.045678427296896036, "gamma": 559.3320257720341, "max_depth": 7.0, "min_child_weight": 4435.023991979676, "num_boost_round": 123.0, "subsample": 0.24700901583827975}, "datetime": {"datetime": "2024-01-20 15:34:53", "elapsed": 4261.278167, "delta": 0.003939}}
{"target": -19.170145933854503, "params": {"colsample_bytree": 0.9513445815965753, "eta": 0.045678427296896036, "gamma": 559.3320257720341, "max_depth": 7.0, "min_child_weight": 4435.023991979676, "num_boost_round": 124.0, "subsample": 0.24700901583827975}, "datetime": {"datetime": "2024-01-20 15:34:53", "elapsed": 4261.282036, "delta": 0.003869}}
{"target": -19.17025801986003, "params": {"colsample_bytree": 0.9513445815965753, "eta": 0.045678427296896036, "gamma": 559.3320257720341, "max_depth": 7.0, "min_child_weight": 4435.023991979676, "num_boost_round": 125.0, "subsample": 0.24700901583827975}, "datetime": {"datetime": "2024-01-20 15:34:53", "elapsed": 4261.285956, "delta": 0.00392}}
{"target": -19.170498527315562, "params": {"colsample_bytree": 0.9513445815965753, "eta": 0.045678427296896036, "gamma": 559.3320257720341, "max_depth": 7.0, "min_child_weight": 4435.023991979676, "num_boost_round": 126.0, "subsample": 0.24700901583827975}, "datetime": {"datetime": "2024-01-20 15:34:53", "elapsed": 4261.290002, "delta": 0.004046}}
{"target": -19.170624990848452, "params": {"colsample_bytree": 0.9513445815965753, "eta": 0.045678427296896036, "gamma": 559.3320257720341, "max_depth": 7.0, "min_child_weight": 4435.023991979676, "num_boost_round": 127.0, "subsample": 0.24700901583827975}, "datetime": {"datetime": "2024-01-20 15:34:53", "elapsed": 4261.293931, "delta": 0.003929}}
{"target": -19.170871958876774, "params": {"colsample_bytree": 0.9513445815965753, "eta": 0.045678427296896036, "gamma": 559.3320257720341, "max_depth": 7.0, "min_child_weight": 4435.023991979676, "num_boost_round": 128.0, "subsample": 0.24700901583827975}, "datetime": {"datetime": "2024-01-20 15:34:53", "elapsed": 4261.297899, "delta": 0.003968}}
{"target": -19.171021444284342, "params": {"colsample_bytree": 0.9513445815965753, "eta": 0.045678427296896036, "gamma": 559.3320257720341, "max_depth": 7.0, "min_child_weight": 4435.023991979676, "num_boost_round": 129.0, "subsample": 0.24700901583827975}, "datetime": {"datetime": "2024-01-20 15:34:53", "elapsed": 4261.301878, "delta": 0.003979}}
{"target": -19.17113116098486, "params": {"colsample_bytree": 0.9513445815965753, "eta": 0.045678427296896036, "gamma": 559.3320257720341, "max_depth": 7.0, "min_child_weight": 4435.023991979676, "num_boost_round": 130.0, "subsample": 0.24700901583827975}, "datetime": {"datetime": "2024-01-20 15:34:53", "elapsed": 4261.305846, "delta": 0.003968}}
{"target": -19.171269333548807, "params": {"colsample_bytree": 0.9513445815965753, "eta": 0.045678427296896036, "gamma": 559.3320257720341, "max_depth": 7.0, "min_child_weight": 4435.023991979676, "num_boost_round": 131.0, "subsample": 0.24700901583827975}, "datetime": {"datetime": "2024-01-20 15:34:53", "elapsed": 4261.309798, "delta": 0.003952}}
{"target": -19.17137342535601, "params": {"colsample_bytree": 0.9513445815965753, "eta": 0.045678427296896036, "gamma": 559.3320257720341, "max_depth": 7.0, "min_child_weight": 4435.023991979676, "num_boost_round": 132.0, "subsample": 0.24700901583827975}, "datetime": {"datetime": "2024-01-20 15:34:53", "elapsed": 4261.313771, "delta": 0.003973}}
{"target": -19.171569105771294, "params": {"colsample_bytree": 0.9513445815965753, "eta": 0.045678427296896036, "gamma": 559.3320257720341, "max_depth": 7.0, "min_child_weight": 4435.023991979676, "num_boost_round": 133.0, "subsample": 0.24700901583827975}, "datetime": {"datetime": "2024-01-20 15:34:53", "elapsed": 4261.317698, "delta": 0.003927}}
{"target": -19.171685352133323, "params": {"colsample_bytree": 0.9513445815965753, "eta": 0.045678427296896036, "gamma": 559.3320257720341, "max_depth": 7.0, "min_child_weight": 4435.023991979676, "num_boost_round": 134.0, "subsample": 0.24700901583827975}, "datetime": {"datetime": "2024-01-20 15:34:53", "elapsed": 4261.321633, "delta": 0.003935}}
{"target": -19.171720452359384, "params": {"colsample_bytree": 0.9513445815965753, "eta": 0.045678427296896036, "gamma": 559.3320257720341, "max_depth": 7.0, "min_child_weight": 4435.023991979676, "num_boost_round": 135.0, "subsample": 0.24700901583827975}, "datetime": {"datetime": "2024-01-20 15:34:53", "elapsed": 4261.325602, "delta": 0.003969}}
{"target": -19.171733106688045, "params": {"colsample_bytree": 0.9513445815965753, "eta": 0.045678427296896036, "gamma": 559.3320257720341, "max_depth": 7.0, "min_child_weight": 4435.023991979676, "num_boost_round": 136.0, "subsample": 0.24700901583827975}, "datetime": {"datetime": "2024-01-20 15:34:53", "elapsed": 4261.330246, "delta": 0.004644}}
{"target": -19.171944000856143, "params": {"colsample_bytree": 0.9513445815965753, "eta": 0.045678427296896036, "gamma": 559.3320257720341, "max_depth": 7.0, "min_child_weight": 4435.023991979676, "num_boost_round": 137.0, "subsample": 0.24700901583827975}, "datetime": {"datetime": "2024-01-20 15:34:53", "elapsed": 4261.334542, "delta": 0.004296}}
{"target": -19.172139023323204, "params": {"colsample_bytree": 0.9513445815965753, "eta": 0.045678427296896036, "gamma": 559.3320257720341, "max_depth": 7.0, "min_child_weight": 4435.023991979676, "num_boost_round": 138.0, "subsample": 0.24700901583827975}, "datetime": {"datetime": "2024-01-20 15:34:53", "elapsed": 4261.339044, "delta": 0.004502}}
{"target": -19.172212592029013, "params": {"colsample_bytree": 0.9513445815965753, "eta": 0.045678427296896036, "gamma": 559.3320257720341, "max_depth": 7.0, "min_child_weight": 4435.023991979676, "num_boost_round": 139.0, "subsample": 0.24700901583827975}, "datetime": {"datetime": "2024-01-20 15:34:53", "elapsed": 4261.343678, "delta": 0.004634}}
{"target": -19.172249519140237, "params": {"colsample_bytree": 0.9513445815965753, "eta": 0.045678427296896036, "gamma": 559.3320257720341, "max_depth": 7.0, "min_child_weight": 4435.023991979676, "num_boost_round": 140.0, "subsample": 0.24700901583827975}, "datetime": {"datetime": "2024-01-20 15:34:53", "elapsed": 4261.347851, "delta": 0.004173}}
{"target": -19.172348235915358, "params": {"colsample_bytree": 0.9513445815965753, "eta": 0.045678427296896036, "gamma": 559.3320257720341, "max_depth": 7.0, "min_child_weight": 4435.023991979676, "num_boost_round": 141.0, "subsample": 0.24700901583827975}, "datetime": {"datetime": "2024-01-20 15:34:53", "elapsed": 4261.35209, "delta": 0.004239}}
{"target": -19.17251154911286, "params": {"colsample_bytree": 0.9513445815965753, "eta": 0.045678427296896036, "gamma": 559.3320257720341, "max_depth": 7.0, "min_child_weight": 4435.023991979676, "num_boost_round": 142.0, "subsample": 0.24700901583827975}, "datetime": {"datetime": "2024-01-20 15:34:53", "elapsed": 4261.35615, "delta": 0.00406}}
{"target": -19.172813301422636, "params": {"colsample_bytree": 0.9513445815965753, "eta": 0.045678427296896036, "gamma": 559.3320257720341, "max_depth": 7.0, "min_child_weight": 4435.023991979676, "num_boost_round": 143.0, "subsample": 0.24700901583827975}, "datetime": {"datetime": "2024-01-20 15:34:53", "elapsed": 4261.360256, "delta": 0.004106}}
{"target": -19.172955970923752, "params": {"colsample_bytree": 0.9513445815965753, "eta": 0.045678427296896036, "gamma": 559.3320257720341, "max_depth": 7.0, "min_child_weight": 4435.023991979676, "num_boost_round": 144.0, "subsample": 0.24700901583827975}, "datetime": {"datetime": "2024-01-20 15:34:53", "elapsed": 4261.364275, "delta": 0.004019}}
{"target": -19.173026799765864, "params": {"colsample_bytree": 0.9513445815965753, "eta": 0.045678427296896036, "gamma": 559.3320257720341, "max_depth": 7.0, "min_child_weight": 4435.023991979676, "num_boost_round": 145.0, "subsample": 0.24700901583827975}, "datetime": {"datetime": "2024-01-20 15:34:53", "elapsed": 4261.368238, "delta": 0.003963}}
{"target": -19.17306805529676, "params": {"colsample_bytree": 0.9513445815965753, "eta": 0.045678427296896036, "gamma": 559.3320257720341, "max_depth": 7.0, "min_child_weight": 4435.023991979676, "num_boost_round": 146.0, "subsample": 0.24700901583827975}, "datetime": {"datetime": "2024-01-20 15:34:53", "elapsed": 4261.372172, "delta": 0.003934}}
{"target": -19.173084918980116, "params": {"colsample_bytree": 0.9513445815965753, "eta": 0.045678427296896036, "gamma": 559.3320257720341, "max_depth": 7.0, "min_child_weight": 4435.023991979676, "num_boost_round": 147.0, "subsample": 0.24700901583827975}, "datetime": {"datetime": "2024-01-20 15:34:53", "elapsed": 4261.376146, "delta": 0.003974}}
{"target": -19.17308055301193, "params": {"colsample_bytree": 0.9513445815965753, "eta": 0.045678427296896036, "gamma": 559.3320257720341, "max_depth": 7.0, "min_child_weight": 4435.023991979676, "num_boost_round": 148.0, "subsample": 0.24700901583827975}, "datetime": {"datetime": "2024-01-20 15:34:53", "elapsed": 4261.380133, "delta": 0.003987}}
{"target": -19.17323312425246, "params": {"colsample_bytree": 0.9513445815965753, "eta": 0.045678427296896036, "gamma": 559.3320257720341, "max_depth": 7.0, "min_child_weight": 4435.023991979676, "num_boost_round": 149.0, "subsample": 0.24700901583827975}, "datetime": {"datetime": "2024-01-20 15:34:53", "elapsed": 4261.384127, "delta": 0.003994}}
{"target": -19.173170164784388, "params": {"colsample_bytree": 0.9513445815965753, "eta": 0.045678427296896036, "gamma": 559.3320257720341, "max_depth": 7.0, "min_child_weight": 4435.023991979676, "num_boost_round": 150.0, "subsample": 0.24700901583827975}, "datetime": {"datetime": "2024-01-20 15:34:53", "elapsed": 4261.388118, "delta": 0.003991}}
{"target": -19.173400225074392, "params": {"colsample_bytree": 0.9513445815965753, "eta": 0.045678427296896036, "gamma": 559.3320257720341, "max_depth": 7.0, "min_child_weight": 4435.023991979676, "num_boost_round": 151.0, "subsample": 0.24700901583827975}, "datetime": {"datetime": "2024-01-20 15:34:53", "elapsed": 4261.392072, "delta": 0.003954}}
{"target": -19.17349956729938, "params": {"colsample_bytree": 0.9513445815965753, "eta": 0.045678427296896036, "gamma": 559.3320257720341, "max_depth": 7.0, "min_child_weight": 4435.023991979676, "num_boost_round": 152.0, "subsample": 0.24700901583827975}, "datetime": {"datetime": "2024-01-20 15:34:53", "elapsed": 4261.396029, "delta": 0.003957}}
{"target": -19.173834102457114, "params": {"colsample_bytree": 0.9513445815965753, "eta": 0.045678427296896036, "gamma": 559.3320257720341, "max_depth": 7.0, "min_child_weight": 4435.023991979676, "num_boost_round": 153.0, "subsample": 0.24700901583827975}, "datetime": {"datetime": "2024-01-20 15:34:53", "elapsed": 4261.399994, "delta": 0.003965}}
{"target": -19.17406132865213, "params": {"colsample_bytree": 0.9513445815965753, "eta": 0.045678427296896036, "gamma": 559.3320257720341, "max_depth": 7.0, "min_child_weight": 4435.023991979676, "num_boost_round": 154.0, "subsample": 0.24700901583827975}, "datetime": {"datetime": "2024-01-20 15:34:53", "elapsed": 4261.40396, "delta": 0.003966}}
{"target": -19.17411084126124, "params": {"colsample_bytree": 0.9513445815965753, "eta": 0.045678427296896036, "gamma": 559.3320257720341, "max_depth": 7.0, "min_child_weight": 4435.023991979676, "num_boost_round": 155.0, "subsample": 0.24700901583827975}, "datetime": {"datetime": "2024-01-20 15:34:53", "elapsed": 4261.407949, "delta": 0.003989}}
{"target": -19.1742294895944, "params": {"colsample_bytree": 0.9513445815965753, "eta": 0.045678427296896036, "gamma": 559.3320257720341, "max_depth": 7.0, "min_child_weight": 4435.023991979676, "num_boost_round": 156.0, "subsample": 0.24700901583827975}, "datetime": {"datetime": "2024-01-20 15:34:53", "elapsed": 4261.411955, "delta": 0.004006}}
{"target": -19.174435208332085, "params": {"colsample_bytree": 0.9513445815965753, "eta": 0.045678427296896036, "gamma": 559.3320257720341, "max_depth": 7.0, "min_child_weight": 4435.023991979676, "num_boost_round": 157.0, "subsample": 0.24700901583827975}, "datetime": {"datetime": "2024-01-20 15:34:53", "elapsed": 4261.415899, "delta": 0.003944}}
{"target": -19.174671111199427, "params": {"colsample_bytree": 0.9513445815965753, "eta": 0.045678427296896036, "gamma": 559.3320257720341, "max_depth": 7.0, "min_child_weight": 4435.023991979676, "num_boost_round": 158.0, "subsample": 0.24700901583827975}, "datetime": {"datetime": "2024-01-20 15:34:53", "elapsed": 4261.419866, "delta": 0.003967}}
{"target": -19.174883481635003, "params": {"colsample_bytree": 0.9513445815965753, "eta": 0.045678427296896036, "gamma": 559.3320257720341, "max_depth": 7.0, "min_child_weight": 4435.023991979676, "num_boost_round": 159.0, "subsample": 0.24700901583827975}, "datetime": {"datetime": "2024-01-20 15:34:53", "elapsed": 4261.42383, "delta": 0.003964}}
{"target": -19.174954054413522, "params": {"colsample_bytree": 0.9513445815965753, "eta": 0.045678427296896036, "gamma": 559.3320257720341, "max_depth": 7.0, "min_child_weight": 4435.023991979676, "num_boost_round": 160.0, "subsample": 0.24700901583827975}, "datetime": {"datetime": "2024-01-20 15:34:53", "elapsed": 4261.427804, "delta": 0.003974}}
{"target": -19.175001355976296, "params": {"colsample_bytree": 0.9513445815965753, "eta": 0.045678427296896036, "gamma": 559.3320257720341, "max_depth": 7.0, "min_child_weight": 4435.023991979676, "num_boost_round": 161.0, "subsample": 0.24700901583827975}, "datetime": {"datetime": "2024-01-20 15:34:53", "elapsed": 4261.431774, "delta": 0.00397}}
{"target": -19.175233687814234, "params": {"colsample_bytree": 0.9513445815965753, "eta": 0.045678427296896036, "gamma": 559.3320257720341, "max_depth": 7.0, "min_child_weight": 4435.023991979676, "num_boost_round": 162.0, "subsample": 0.24700901583827975}, "datetime": {"datetime": "2024-01-20 15:34:53", "elapsed": 4261.435775, "delta": 0.004001}}
{"target": -19.17523803553891, "params": {"colsample_bytree": 0.9513445815965753, "eta": 0.045678427296896036, "gamma": 559.3320257720341, "max_depth": 7.0, "min_child_weight": 4435.023991979676, "num_boost_round": 163.0, "subsample": 0.24700901583827975}, "datetime": {"datetime": "2024-01-20 15:34:53", "elapsed": 4261.439748, "delta": 0.003973}}
{"target": -19.17532051453822, "params": {"colsample_bytree": 0.9513445815965753, "eta": 0.045678427296896036, "gamma": 559.3320257720341, "max_depth": 7.0, "min_child_weight": 4435.023991979676, "num_boost_round": 164.0, "subsample": 0.24700901583827975}, "datetime": {"datetime": "2024-01-20 15:34:53", "elapsed": 4261.443732, "delta": 0.003984}}
{"target": -19.17539672382638, "params": {"colsample_bytree": 0.9513445815965753, "eta": 0.045678427296896036, "gamma": 559.3320257720341, "max_depth": 7.0, "min_child_weight": 4435.023991979676, "num_boost_round": 165.0, "subsample": 0.24700901583827975}, "datetime": {"datetime": "2024-01-20 15:34:53", "elapsed": 4261.447728, "delta": 0.003996}}
{"target": -19.175483233918644, "params": {"colsample_bytree": 0.9513445815965753, "eta": 0.045678427296896036, "gamma": 559.3320257720341, "max_depth": 7.0, "min_child_weight": 4435.023991979676, "num_boost_round": 166.0, "subsample": 0.24700901583827975}, "datetime": {"datetime": "2024-01-20 15:34:53", "elapsed": 4261.451668, "delta": 0.00394}}
{"target": -19.175605613804677, "params": {"colsample_bytree": 0.9513445815965753, "eta": 0.045678427296896036, "gamma": 559.3320257720341, "max_depth": 7.0, "min_child_weight": 4435.023991979676, "num_boost_round": 167.0, "subsample": 0.24700901583827975}, "datetime": {"datetime": "2024-01-20 15:34:53", "elapsed": 4261.455642, "delta": 0.003974}}
{"target": -19.17568534810573, "params": {"colsample_bytree": 0.9513445815965753, "eta": 0.045678427296896036, "gamma": 559.3320257720341, "max_depth": 7.0, "min_child_weight": 4435.023991979676, "num_boost_round": 168.0, "subsample": 0.24700901583827975}, "datetime": {"datetime": "2024-01-20 15:34:53", "elapsed": 4261.459653, "delta": 0.004011}}
{"target": -19.17588116469735, "params": {"colsample_bytree": 0.9513445815965753, "eta": 0.045678427296896036, "gamma": 559.3320257720341, "max_depth": 7.0, "min_child_weight": 4435.023991979676, "num_boost_round": 169.0, "subsample": 0.24700901583827975}, "datetime": {"datetime": "2024-01-20 15:34:53", "elapsed": 4261.464392, "delta": 0.004739}}
{"target": -19.175951239518106, "params": {"colsample_bytree": 0.9513445815965753, "eta": 0.045678427296896036, "gamma": 559.3320257720341, "max_depth": 7.0, "min_child_weight": 4435.023991979676, "num_boost_round": 170.0, "subsample": 0.24700901583827975}, "datetime": {"datetime": "2024-01-20 15:34:53", "elapsed": 4261.469962, "delta": 0.00557}}
{"target": -19.17604526809695, "params": {"colsample_bytree": 0.9513445815965753, "eta": 0.045678427296896036, "gamma": 559.3320257720341, "max_depth": 7.0, "min_child_weight": 4435.023991979676, "num_boost_round": 171.0, "subsample": 0.24700901583827975}, "datetime": {"datetime": "2024-01-20 15:34:53", "elapsed": 4261.474551, "delta": 0.004589}}
{"target": -19.176141682999543, "params": {"colsample_bytree": 0.9513445815965753, "eta": 0.045678427296896036, "gamma": 559.3320257720341, "max_depth": 7.0, "min_child_weight": 4435.023991979676, "num_boost_round": 172.0, "subsample": 0.24700901583827975}, "datetime": {"datetime": "2024-01-20 15:34:53", "elapsed": 4261.479073, "delta": 0.004522}}
{"target": -19.176172118166424, "params": {"colsample_bytree": 0.9513445815965753, "eta": 0.045678427296896036, "gamma": 559.3320257720341, "max_depth": 7.0, "min_child_weight": 4435.023991979676, "num_boost_round": 173.0, "subsample": 0.24700901583827975}, "datetime": {"datetime": "2024-01-20 15:34:53", "elapsed": 4261.483238, "delta": 0.004165}}
