{"target": -10.4755793786274, "params": {"colsample_bytree": 0.2878886369421493, "eta": 0.0308104153825408, "gamma": 565.1620163233562, "max_depth": 9.0, "min_child_weight": 4488.164344680247, "num_boost_round": 2.0, "subsample": 0.5173535258497728}, "datetime": {"datetime": "2024-01-20 16:12:27", "elapsed": 10039.521472, "delta": 0.008565}}
{"target": -10.475520177206503, "params": {"colsample_bytree": 0.2878886369421493, "eta": 0.0308104153825408, "gamma": 565.1620163233562, "max_depth": 9.0, "min_child_weight": 4488.164344680247, "num_boost_round": 3.0, "subsample": 0.5173535258497728}, "datetime": {"datetime": "2024-01-20 16:12:27", "elapsed": 10039.527972, "delta": 0.0065}}
{"target": -10.475745761076825, "params": {"colsample_bytree": 0.6556482276428913, "eta": 0.04183581846622274, "gamma": 618.357644851461, "max_depth": 7.0, "min_child_weight": 4666.939149384681, "num_boost_round": 1.0, "subsample": 0.11530400610754282}, "datetime": {"datetime": "2024-01-20 16:14:54", "elapsed": 10186.201309, "delta": 146.673337}}
{"target": -10.475384942177453, "params": {"colsample_bytree": 0.6556482276428913, "eta": 0.04183581846622274, "gamma": 618.357644851461, "max_depth": 7.0, "min_child_weight": 4666.939149384681, "num_boost_round": 2.0, "subsample": 0.11530400610754282}, "datetime": {"datetime": "2024-01-20 16:14:54", "elapsed": 10186.208384, "delta": 0.007075}}
{"target": -10.475368772053477, "params": {"colsample_bytree": 0.6556482276428913, "eta": 0.04183581846622274, "gamma": 618.357644851461, "max_depth": 7.0, "min_child_weight": 4666.939149384681, "num_boost_round": 3.0, "subsample": 0.11530400610754282}, "datetime": {"datetime": "2024-01-20 16:14:54", "elapsed": 10186.214815, "delta": 0.006431}}
{"target": -10.475318973841919, "params": {"colsample_bytree": 0.6556482276428913, "eta": 0.04183581846622274, "gamma": 618.357644851461, "max_depth": 7.0, "min_child_weight": 4666.939149384681, "num_boost_round": 4.0, "subsample": 0.11530400610754282}, "datetime": {"datetime": "2024-01-20 16:14:54", "elapsed": 10186.221005, "delta": 0.00619}}
{"target": -10.475100370649837, "params": {"colsample_bytree": 0.6556482276428913, "eta": 0.04183581846622274, "gamma": 618.357644851461, "max_depth": 7.0, "min_child_weight": 4666.939149384681, "num_boost_round": 5.0, "subsample": 0.11530400610754282}, "datetime": {"datetime": "2024-01-20 16:14:54", "elapsed": 10186.227161, "delta": 0.006156}}
{"target": -10.475089402810372, "params": {"colsample_bytree": 0.6556482276428913, "eta": 0.04183581846622274, "gamma": 618.357644851461, "max_depth": 7.0, "min_child_weight": 4666.939149384681, "num_boost_round": 6.0, "subsample": 0.11530400610754282}, "datetime": {"datetime": "2024-01-20 16:14:54", "elapsed": 10186.233391, "delta": 0.00623}}
{"target": -10.475019009889053, "params": {"colsample_bytree": 0.6556482276428913, "eta": 0.04183581846622274, "gamma": 618.357644851461, "max_depth": 7.0, "min_child_weight": 4666.939149384681, "num_boost_round": 7.0, "subsample": 0.11530400610754282}, "datetime": {"datetime": "2024-01-20 16:14:54", "elapsed": 10186.239502, "delta": 0.006111}}
{"target": -10.474881630048161, "params": {"colsample_bytree": 0.6556482276428913, "eta": 0.04183581846622274, "gamma": 618.357644851461, "max_depth": 7.0, "min_child_weight": 4666.939149384681, "num_boost_round": 8.0, "subsample": 0.11530400610754282}, "datetime": {"datetime": "2024-01-20 16:14:54", "elapsed": 10186.245646, "delta": 0.006144}}
{"target": -10.474877239263263, "params": {"colsample_bytree": 0.6556482276428913, "eta": 0.04183581846622274, "gamma": 618.357644851461, "max_depth": 7.0, "min_child_weight": 4666.939149384681, "num_boost_round": 9.0, "subsample": 0.11530400610754282}, "datetime": {"datetime": "2024-01-20 16:14:54", "elapsed": 10186.251722, "delta": 0.006076}}
{"target": -10.474870511337976, "params": {"colsample_bytree": 0.6556482276428913, "eta": 0.04183581846622274, "gamma": 618.357644851461, "max_depth": 7.0, "min_child_weight": 4666.939149384681, "num_boost_round": 10.0, "subsample": 0.11530400610754282}, "datetime": {"datetime": "2024-01-20 16:14:54", "elapsed": 10186.257987, "delta": 0.006265}}
{"target": -10.474877871460903, "params": {"colsample_bytree": 0.6556482276428913, "eta": 0.04183581846622274, "gamma": 618.357644851461, "max_depth": 7.0, "min_child_weight": 4666.939149384681, "num_boost_round": 11.0, "subsample": 0.11530400610754282}, "datetime": {"datetime": "2024-01-20 16:14:54", "elapsed": 10186.264056, "delta": 0.006069}}
{"target": -10.474994545729302, "params": {"colsample_bytree": 0.6556482276428913, "eta": 0.04183581846622274, "gamma": 618.357644851461, "max_depth": 7.0, "min_child_weight": 4666.939149384681, "num_boost_round": 12.0, "subsample": 0.11530400610754282}, "datetime": {"datetime": "2024-01-20 16:14:54", "elapsed": 10186.270637, "delta": 0.006581}}
{"target": -10.475054596231928, "params": {"colsample_bytree": 0.6556482276428913, "eta": 0.04183581846622274, "gamma": 618.357644851461, "max_depth": 7.0, "min_child_weight": 4666.939149384681, "num_boost_round": 13.0, "subsample": 0.11530400610754282}, "datetime": {"datetime": "2024-01-20 16:14:54", "elapsed": 10186.277136, "delta": 0.006499}}
{"target": -10.475128012690714, "params": {"colsample_bytree": 0.6556482276428913, "eta": 0.04183581846622274, "gamma": 618.357644851461, "max_depth": 7.0, "min_child_weight": 4666.939149384681, "num_boost_round": 14.0, "subsample": 0.11530400610754282}, "datetime": {"datetime": "2024-01-20 16:14:54", "elapsed": 10186.28347, "delta": 0.006334}}
{"target": -10.475097202545953, "params": {"colsample_bytree": 0.6556482276428913, "eta": 0.04183581846622274, "gamma": 618.357644851461, "max_depth": 7.0, "min_child_weight": 4666.939149384681, "num_boost_round": 15.0, "subsample": 0.11530400610754282}, "datetime": {"datetime": "2024-01-20 16:14:54", "elapsed": 10186.289683, "delta": 0.006213}}
{"target": -10.47511528674408, "params": {"colsample_bytree": 0.6556482276428913, "eta": 0.04183581846622274, "gamma": 618.357644851461, "max_depth": 7.0, "min_child_weight": 4666.939149384681, "num_boost_round": 16.0, "subsample": 0.11530400610754282}, "datetime": {"datetime": "2024-01-20 16:14:54", "elapsed": 10186.295934, "delta": 0.006251}}
{"target": -10.475197993664295, "params": {"colsample_bytree": 0.6556482276428913, "eta": 0.04183581846622274, "gamma": 618.357644851461, "max_depth": 7.0, "min_child_weight": 4666.939149384681, "num_boost_round": 17.0, "subsample": 0.11530400610754282}, "datetime": {"datetime": "2024-01-20 16:14:54", "elapsed": 10186.302044, "delta": 0.00611}}
{"target": -10.475136908897039, "params": {"colsample_bytree": 0.6556482276428913, "eta": 0.04183581846622274, "gamma": 618.357644851461, "max_depth": 7.0, "min_child_weight": 4666.939149384681, "num_boost_round": 18.0, "subsample": 0.11530400610754282}, "datetime": {"datetime": "2024-01-20 16:14:54", "elapsed": 10186.308322, "delta": 0.006278}}
{"target": -10.475222865926657, "params": {"colsample_bytree": 0.6556482276428913, "eta": 0.04183581846622274, "gamma": 618.357644851461, "max_depth": 7.0, "min_child_weight": 4666.939149384681, "num_boost_round": 19.0, "subsample": 0.11530400610754282}, "datetime": {"datetime": "2024-01-20 16:14:54", "elapsed": 10186.314496, "delta": 0.006174}}
{"target": -10.475134947889511, "params": {"colsample_bytree": 0.6556482276428913, "eta": 0.04183581846622274, "gamma": 618.357644851461, "max_depth": 7.0, "min_child_weight": 4666.939149384681, "num_boost_round": 20.0, "subsample": 0.11530400610754282}, "datetime": {"datetime": "2024-01-20 16:14:54", "elapsed": 10186.320609, "delta": 0.006113}}
{"target": -10.475389315987588, "params": {"colsample_bytree": 0.6556482276428913, "eta": 0.04183581846622274, "gamma": 618.357644851461, "max_depth": 7.0, "min_child_weight": 4666.939149384681, "num_boost_round": 21.0, "subsample": 0.11530400610754282}, "datetime": {"datetime": "2024-01-20 16:14:54", "elapsed": 10186.326718, "delta": 0.006109}}
{"target": -10.47525983127536, "params": {"colsample_bytree": 0.6556482276428913, "eta": 0.04183581846622274, "gamma": 618.357644851461, "max_depth": 7.0, "min_child_weight": 4666.939149384681, "num_boost_round": 22.0, "subsample": 0.11530400610754282}, "datetime": {"datetime": "2024-01-20 16:14:54", "elapsed": 10186.332818, "delta": 0.0061}}
{"target": -10.475488141093226, "params": {"colsample_bytree": 0.6556482276428913, "eta": 0.04183581846622274, "gamma": 618.357644851461, "max_depth": 7.0, "min_child_weight": 4666.939149384681, "num_boost_round": 23.0, "subsample": 0.11530400610754282}, "datetime": {"datetime": "2024-01-20 16:14:54", "elapsed": 10186.338996, "delta": 0.006178}}
{"target": -10.475778941402734, "params": {"colsample_bytree": 0.6556482276428913, "eta": 0.04183581846622274, "gamma": 618.357644851461, "max_depth": 7.0, "min_child_weight": 4666.939149384681, "num_boost_round": 24.0, "subsample": 0.11530400610754282}, "datetime": {"datetime": "2024-01-20 16:14:54", "elapsed": 10186.345597, "delta": 0.006601}}
{"target": -10.476082026532442, "params": {"colsample_bytree": 0.3874331404923843, "eta": 0.028598446865443557, "gamma": 660.0677857102602, "max_depth": 3.0, "min_child_weight": 4621.224490470273, "num_boost_round": 1.0, "subsample": 0.3411017327998196}, "datetime": {"datetime": "2024-01-20 16:16:46", "elapsed": 10298.522114, "delta": 112.176517}}
{"target": -10.475996042437309, "params": {"colsample_bytree": 0.3874331404923843, "eta": 0.028598446865443557, "gamma": 660.0677857102602, "max_depth": 3.0, "min_child_weight": 4621.224490470273, "num_boost_round": 2.0, "subsample": 0.3411017327998196}, "datetime": {"datetime": "2024-01-20 16:16:46", "elapsed": 10298.529678, "delta": 0.007564}}
{"target": -10.475942778609376, "params": {"colsample_bytree": 0.3874331404923843, "eta": 0.028598446865443557, "gamma": 660.0677857102602, "max_depth": 3.0, "min_child_weight": 4621.224490470273, "num_boost_round": 3.0, "subsample": 0.3411017327998196}, "datetime": {"datetime": "2024-01-20 16:16:46", "elapsed": 10298.535931, "delta": 0.006253}}
{"target": -10.47583430263047, "params": {"colsample_bytree": 0.3874331404923843, "eta": 0.028598446865443557, "gamma": 660.0677857102602, "max_depth": 3.0, "min_child_weight": 4621.224490470273, "num_boost_round": 4.0, "subsample": 0.3411017327998196}, "datetime": {"datetime": "2024-01-20 16:16:46", "elapsed": 10298.542098, "delta": 0.006167}}
{"target": -10.475784116626862, "params": {"colsample_bytree": 0.3874331404923843, "eta": 0.028598446865443557, "gamma": 660.0677857102602, "max_depth": 3.0, "min_child_weight": 4621.224490470273, "num_boost_round": 5.0, "subsample": 0.3411017327998196}, "datetime": {"datetime": "2024-01-20 16:16:46", "elapsed": 10298.548286, "delta": 0.006188}}
{"target": -10.475825690928403, "params": {"colsample_bytree": 0.3874331404923843, "eta": 0.028598446865443557, "gamma": 660.0677857102602, "max_depth": 3.0, "min_child_weight": 4621.224490470273, "num_boost_round": 6.0, "subsample": 0.3411017327998196}, "datetime": {"datetime": "2024-01-20 16:16:46", "elapsed": 10298.554543, "delta": 0.006257}}
{"target": -10.475714030179459, "params": {"colsample_bytree": 0.3874331404923843, "eta": 0.028598446865443557, "gamma": 660.0677857102602, "max_depth": 3.0, "min_child_weight": 4621.224490470273, "num_boost_round": 7.0, "subsample": 0.3411017327998196}, "datetime": {"datetime": "2024-01-20 16:16:46", "elapsed": 10298.560783, "delta": 0.00624}}
{"target": -10.475639302964733, "params": {"colsample_bytree": 0.3874331404923843, "eta": 0.028598446865443557, "gamma": 660.0677857102602, "max_depth": 3.0, "min_child_weight": 4621.224490470273, "num_boost_round": 8.0, "subsample": 0.3411017327998196}, "datetime": {"datetime": "2024-01-20 16:16:46", "elapsed": 10298.567502, "delta": 0.006719}}
{"target": -10.475626332484389, "params": {"colsample_bytree": 0.3874331404923843, "eta": 0.028598446865443557, "gamma": 660.0677857102602, "max_depth": 3.0, "min_child_weight": 4621.224490470273, "num_boost_round": 9.0, "subsample": 0.3411017327998196}, "datetime": {"datetime": "2024-01-20 16:16:46", "elapsed": 10298.574104, "delta": 0.006602}}
{"target": -10.475597326157214, "params": {"colsample_bytree": 0.3874331404923843, "eta": 0.028598446865443557, "gamma": 660.0677857102602, "max_depth": 3.0, "min_child_weight": 4621.224490470273, "num_boost_round": 10.0, "subsample": 0.3411017327998196}, "datetime": {"datetime": "2024-01-20 16:16:46", "elapsed": 10298.580591, "delta": 0.006487}}
{"target": -10.475623446052154, "params": {"colsample_bytree": 0.3874331404923843, "eta": 0.028598446865443557, "gamma": 660.0677857102602, "max_depth": 3.0, "min_child_weight": 4621.224490470273, "num_boost_round": 11.0, "subsample": 0.3411017327998196}, "datetime": {"datetime": "2024-01-20 16:16:46", "elapsed": 10298.587044, "delta": 0.006453}}
{"target": -10.475664671164825, "params": {"colsample_bytree": 0.3874331404923843, "eta": 0.028598446865443557, "gamma": 660.0677857102602, "max_depth": 3.0, "min_child_weight": 4621.224490470273, "num_boost_round": 12.0, "subsample": 0.3411017327998196}, "datetime": {"datetime": "2024-01-20 16:16:46", "elapsed": 10298.593518, "delta": 0.006474}}
{"target": -10.475632655470813, "params": {"colsample_bytree": 0.3874331404923843, "eta": 0.028598446865443557, "gamma": 660.0677857102602, "max_depth": 3.0, "min_child_weight": 4621.224490470273, "num_boost_round": 13.0, "subsample": 0.3411017327998196}, "datetime": {"datetime": "2024-01-20 16:16:46", "elapsed": 10298.599841, "delta": 0.006323}}
{"target": -10.475577939911888, "params": {"colsample_bytree": 0.3874331404923843, "eta": 0.028598446865443557, "gamma": 660.0677857102602, "max_depth": 3.0, "min_child_weight": 4621.224490470273, "num_boost_round": 14.0, "subsample": 0.3411017327998196}, "datetime": {"datetime": "2024-01-20 16:16:46", "elapsed": 10298.606369, "delta": 0.006528}}
{"target": -10.47567188502174, "params": {"colsample_bytree": 0.3874331404923843, "eta": 0.028598446865443557, "gamma": 660.0677857102602, "max_depth": 3.0, "min_child_weight": 4621.224490470273, "num_boost_round": 15.0, "subsample": 0.3411017327998196}, "datetime": {"datetime": "2024-01-20 16:16:46", "elapsed": 10298.612706, "delta": 0.006337}}
{"target": -10.47572428993497, "params": {"colsample_bytree": 0.3874331404923843, "eta": 0.028598446865443557, "gamma": 660.0677857102602, "max_depth": 3.0, "min_child_weight": 4621.224490470273, "num_boost_round": 16.0, "subsample": 0.3411017327998196}, "datetime": {"datetime": "2024-01-20 16:16:46", "elapsed": 10298.618953, "delta": 0.006247}}
{"target": -10.475654945098126, "params": {"colsample_bytree": 0.3874331404923843, "eta": 0.028598446865443557, "gamma": 660.0677857102602, "max_depth": 3.0, "min_child_weight": 4621.224490470273, "num_boost_round": 17.0, "subsample": 0.3411017327998196}, "datetime": {"datetime": "2024-01-20 16:16:46", "elapsed": 10298.625189, "delta": 0.006236}}
{"target": -10.475757081598365, "params": {"colsample_bytree": 0.3874331404923843, "eta": 0.028598446865443557, "gamma": 660.0677857102602, "max_depth": 3.0, "min_child_weight": 4621.224490470273, "num_boost_round": 18.0, "subsample": 0.3411017327998196}, "datetime": {"datetime": "2024-01-20 16:16:46", "elapsed": 10298.631396, "delta": 0.006207}}
{"target": -10.475884088824081, "params": {"colsample_bytree": 0.3874331404923843, "eta": 0.028598446865443557, "gamma": 660.0677857102602, "max_depth": 3.0, "min_child_weight": 4621.224490470273, "num_boost_round": 19.0, "subsample": 0.3411017327998196}, "datetime": {"datetime": "2024-01-20 16:16:46", "elapsed": 10298.637563, "delta": 0.006167}}
{"target": -10.47594712752931, "params": {"colsample_bytree": 0.3874331404923843, "eta": 0.028598446865443557, "gamma": 660.0677857102602, "max_depth": 3.0, "min_child_weight": 4621.224490470273, "num_boost_round": 20.0, "subsample": 0.3411017327998196}, "datetime": {"datetime": "2024-01-20 16:16:46", "elapsed": 10298.644173, "delta": 0.00661}}
{"target": -10.476007200568812, "params": {"colsample_bytree": 0.3874331404923843, "eta": 0.028598446865443557, "gamma": 660.0677857102602, "max_depth": 3.0, "min_child_weight": 4621.224490470273, "num_boost_round": 21.0, "subsample": 0.3411017327998196}, "datetime": {"datetime": "2024-01-20 16:16:46", "elapsed": 10298.650711, "delta": 0.006538}}
{"target": -10.475840108038469, "params": {"colsample_bytree": 0.3874331404923843, "eta": 0.028598446865443557, "gamma": 660.0677857102602, "max_depth": 3.0, "min_child_weight": 4621.224490470273, "num_boost_round": 22.0, "subsample": 0.3411017327998196}, "datetime": {"datetime": "2024-01-20 16:16:46", "elapsed": 10298.657122, "delta": 0.006411}}
{"target": -10.475917288103737, "params": {"colsample_bytree": 0.3874331404923843, "eta": 0.028598446865443557, "gamma": 660.0677857102602, "max_depth": 3.0, "min_child_weight": 4621.224490470273, "num_boost_round": 23.0, "subsample": 0.3411017327998196}, "datetime": {"datetime": "2024-01-20 16:16:46", "elapsed": 10298.663418, "delta": 0.006296}}
{"target": -10.47591331822441, "params": {"colsample_bytree": 0.3874331404923843, "eta": 0.028598446865443557, "gamma": 660.0677857102602, "max_depth": 3.0, "min_child_weight": 4621.224490470273, "num_boost_round": 24.0, "subsample": 0.3411017327998196}, "datetime": {"datetime": "2024-01-20 16:16:46", "elapsed": 10298.669697, "delta": 0.006279}}
{"target": -10.475855408847606, "params": {"colsample_bytree": 0.3874331404923843, "eta": 0.028598446865443557, "gamma": 660.0677857102602, "max_depth": 3.0, "min_child_weight": 4621.224490470273, "num_boost_round": 25.0, "subsample": 0.3411017327998196}, "datetime": {"datetime": "2024-01-20 16:16:46", "elapsed": 10298.67598, "delta": 0.006283}}
{"target": -10.475854019596468, "params": {"colsample_bytree": 0.3874331404923843, "eta": 0.028598446865443557, "gamma": 660.0677857102602, "max_depth": 3.0, "min_child_weight": 4621.224490470273, "num_boost_round": 26.0, "subsample": 0.3411017327998196}, "datetime": {"datetime": "2024-01-20 16:16:46", "elapsed": 10298.682178, "delta": 0.006198}}
{"target": -10.475937333623001, "params": {"colsample_bytree": 0.3874331404923843, "eta": 0.028598446865443557, "gamma": 660.0677857102602, "max_depth": 3.0, "min_child_weight": 4621.224490470273, "num_boost_round": 27.0, "subsample": 0.3411017327998196}, "datetime": {"datetime": "2024-01-20 16:16:46", "elapsed": 10298.688429, "delta": 0.006251}}
{"target": -10.475988516784458, "params": {"colsample_bytree": 0.3874331404923843, "eta": 0.028598446865443557, "gamma": 660.0677857102602, "max_depth": 3.0, "min_child_weight": 4621.224490470273, "num_boost_round": 28.0, "subsample": 0.3411017327998196}, "datetime": {"datetime": "2024-01-20 16:16:46", "elapsed": 10298.694637, "delta": 0.006208}}
{"target": -10.476030156846495, "params": {"colsample_bytree": 0.3874331404923843, "eta": 0.028598446865443557, "gamma": 660.0677857102602, "max_depth": 3.0, "min_child_weight": 4621.224490470273, "num_boost_round": 29.0, "subsample": 0.3411017327998196}, "datetime": {"datetime": "2024-01-20 16:16:46", "elapsed": 10298.700874, "delta": 0.006237}}
{"target": -10.476095126704163, "params": {"colsample_bytree": 0.3874331404923843, "eta": 0.028598446865443557, "gamma": 660.0677857102602, "max_depth": 3.0, "min_child_weight": 4621.224490470273, "num_boost_round": 30.0, "subsample": 0.3411017327998196}, "datetime": {"datetime": "2024-01-20 16:16:46", "elapsed": 10298.706979, "delta": 0.006105}}
{"target": -10.476109731412027, "params": {"colsample_bytree": 0.3874331404923843, "eta": 0.028598446865443557, "gamma": 660.0677857102602, "max_depth": 3.0, "min_child_weight": 4621.224490470273, "num_boost_round": 31.0, "subsample": 0.3411017327998196}, "datetime": {"datetime": "2024-01-20 16:16:46", "elapsed": 10298.713149, "delta": 0.00617}}
{"target": -10.476203723853683, "params": {"colsample_bytree": 0.3874331404923843, "eta": 0.028598446865443557, "gamma": 660.0677857102602, "max_depth": 3.0, "min_child_weight": 4621.224490470273, "num_boost_round": 32.0, "subsample": 0.3411017327998196}, "datetime": {"datetime": "2024-01-20 16:16:46", "elapsed": 10298.719701, "delta": 0.006552}}
{"target": -10.476178522926105, "params": {"colsample_bytree": 0.3874331404923843, "eta": 0.028598446865443557, "gamma": 660.0677857102602, "max_depth": 3.0, "min_child_weight": 4621.224490470273, "num_boost_round": 33.0, "subsample": 0.3411017327998196}, "datetime": {"datetime": "2024-01-20 16:16:46", "elapsed": 10298.726303, "delta": 0.006602}}
{"target": -10.47613010338765, "params": {"colsample_bytree": 0.3874331404923843, "eta": 0.028598446865443557, "gamma": 660.0677857102602, "max_depth": 3.0, "min_child_weight": 4621.224490470273, "num_boost_round": 34.0, "subsample": 0.3411017327998196}, "datetime": {"datetime": "2024-01-20 16:16:46", "elapsed": 10298.732755, "delta": 0.006452}}
{"target": -10.476175286187658, "params": {"colsample_bytree": 0.3874331404923843, "eta": 0.028598446865443557, "gamma": 660.0677857102602, "max_depth": 3.0, "min_child_weight": 4621.224490470273, "num_boost_round": 35.0, "subsample": 0.3411017327998196}, "datetime": {"datetime": "2024-01-20 16:16:46", "elapsed": 10298.739163, "delta": 0.006408}}
{"target": -10.476227988410846, "params": {"colsample_bytree": 0.3874331404923843, "eta": 0.028598446865443557, "gamma": 660.0677857102602, "max_depth": 3.0, "min_child_weight": 4621.224490470273, "num_boost_round": 36.0, "subsample": 0.3411017327998196}, "datetime": {"datetime": "2024-01-20 16:16:46", "elapsed": 10298.745445, "delta": 0.006282}}
{"target": -10.476421701440813, "params": {"colsample_bytree": 0.3874331404923843, "eta": 0.028598446865443557, "gamma": 660.0677857102602, "max_depth": 3.0, "min_child_weight": 4621.224490470273, "num_boost_round": 37.0, "subsample": 0.3411017327998196}, "datetime": {"datetime": "2024-01-20 16:16:46", "elapsed": 10298.751641, "delta": 0.006196}}
