{"target": -12.358071841110743, "params": {"colsample_bytree": 0.284952767188353, "eta": 0.0020172712601784696, "gamma": 503.2295554481253, "max_depth": 8.0, "min_child_weight": 4298.166072362624, "num_boost_round": 11.0, "subsample": 0.8565184699243816}, "datetime": {"datetime": "2024-01-20 15:56:02", "elapsed": 5528.731887, "delta": 0.006088}}
{"target": -12.358019467862093, "params": {"colsample_bytree": 0.284952767188353, "eta": 0.0020172712601784696, "gamma": 503.2295554481253, "max_depth": 8.0, "min_child_weight": 4298.166072362624, "num_boost_round": 12.0, "subsample": 0.8565184699243816}, "datetime": {"datetime": "2024-01-20 15:56:02", "elapsed": 5528.738206, "delta": 0.006319}}
{"target": -12.358027048210896, "params": {"colsample_bytree": 0.284952767188353, "eta": 0.0020172712601784696, "gamma": 503.2295554481253, "max_depth": 8.0, "min_child_weight": 4298.166072362624, "num_boost_round": 13.0, "subsample": 0.8565184699243816}, "datetime": {"datetime": "2024-01-20 15:56:02", "elapsed": 5528.744003, "delta": 0.005797}}
{"target": -12.357960250926126, "params": {"colsample_bytree": 0.284952767188353, "eta": 0.0020172712601784696, "gamma": 503.2295554481253, "max_depth": 8.0, "min_child_weight": 4298.166072362624, "num_boost_round": 14.0, "subsample": 0.8565184699243816}, "datetime": {"datetime": "2024-01-20 15:56:02", "elapsed": 5528.749818, "delta": 0.005815}}
{"target": -12.357909117077718, "params": {"colsample_bytree": 0.284952767188353, "eta": 0.0020172712601784696, "gamma": 503.2295554481253, "max_depth": 8.0, "min_child_weight": 4298.166072362624, "num_boost_round": 15.0, "subsample": 0.8565184699243816}, "datetime": {"datetime": "2024-01-20 15:56:02", "elapsed": 5528.755629, "delta": 0.005811}}
{"target": -12.35783977772631, "params": {"colsample_bytree": 0.284952767188353, "eta": 0.0020172712601784696, "gamma": 503.2295554481253, "max_depth": 8.0, "min_child_weight": 4298.166072362624, "num_boost_round": 16.0, "subsample": 0.8565184699243816}, "datetime": {"datetime": "2024-01-20 15:56:02", "elapsed": 5528.761659, "delta": 0.00603}}
{"target": -12.357851436041674, "params": {"colsample_bytree": 0.284952767188353, "eta": 0.0020172712601784696, "gamma": 503.2295554481253, "max_depth": 8.0, "min_child_weight": 4298.166072362624, "num_boost_round": 17.0, "subsample": 0.8565184699243816}, "datetime": {"datetime": "2024-01-20 15:56:02", "elapsed": 5528.767825, "delta": 0.006166}}
{"target": -12.357841771709012, "params": {"colsample_bytree": 0.284952767188353, "eta": 0.0020172712601784696, "gamma": 503.2295554481253, "max_depth": 8.0, "min_child_weight": 4298.166072362624, "num_boost_round": 18.0, "subsample": 0.8565184699243816}, "datetime": {"datetime": "2024-01-20 15:56:02", "elapsed": 5528.773917, "delta": 0.006092}}
{"target": -12.357832967448775, "params": {"colsample_bytree": 0.284952767188353, "eta": 0.0020172712601784696, "gamma": 503.2295554481253, "max_depth": 8.0, "min_child_weight": 4298.166072362624, "num_boost_round": 19.0, "subsample": 0.8565184699243816}, "datetime": {"datetime": "2024-01-20 15:56:02", "elapsed": 5528.780026, "delta": 0.006109}}
{"target": -12.357776152482662, "params": {"colsample_bytree": 0.284952767188353, "eta": 0.0020172712601784696, "gamma": 503.2295554481253, "max_depth": 8.0, "min_child_weight": 4298.166072362624, "num_boost_round": 20.0, "subsample": 0.8565184699243816}, "datetime": {"datetime": "2024-01-20 15:56:02", "elapsed": 5528.786138, "delta": 0.006112}}
{"target": -12.357762006016445, "params": {"colsample_bytree": 0.284952767188353, "eta": 0.0020172712601784696, "gamma": 503.2295554481253, "max_depth": 8.0, "min_child_weight": 4298.166072362624, "num_boost_round": 21.0, "subsample": 0.8565184699243816}, "datetime": {"datetime": "2024-01-20 15:56:02", "elapsed": 5528.792256, "delta": 0.006118}}
{"target": -12.357757057691288, "params": {"colsample_bytree": 0.284952767188353, "eta": 0.0020172712601784696, "gamma": 503.2295554481253, "max_depth": 8.0, "min_child_weight": 4298.166072362624, "num_boost_round": 22.0, "subsample": 0.8565184699243816}, "datetime": {"datetime": "2024-01-20 15:56:02", "elapsed": 5528.799083, "delta": 0.006827}}
{"target": -12.357690241430621, "params": {"colsample_bytree": 0.284952767188353, "eta": 0.0020172712601784696, "gamma": 503.2295554481253, "max_depth": 8.0, "min_child_weight": 4298.166072362624, "num_boost_round": 23.0, "subsample": 0.8565184699243816}, "datetime": {"datetime": "2024-01-20 15:56:02", "elapsed": 5528.805931, "delta": 0.006848}}
{"target": -12.35769576011989, "params": {"colsample_bytree": 0.284952767188353, "eta": 0.0020172712601784696, "gamma": 503.2295554481253, "max_depth": 8.0, "min_child_weight": 4298.166072362624, "num_boost_round": 24.0, "subsample": 0.8565184699243816}, "datetime": {"datetime": "2024-01-20 15:56:02", "elapsed": 5528.812609, "delta": 0.006678}}
{"target": -12.357576002796176, "params": {"colsample_bytree": 0.284952767188353, "eta": 0.0020172712601784696, "gamma": 503.2295554481253, "max_depth": 8.0, "min_child_weight": 4298.166072362624, "num_boost_round": 25.0, "subsample": 0.8565184699243816}, "datetime": {"datetime": "2024-01-20 15:56:02", "elapsed": 5528.820786, "delta": 0.008177}}
{"target": -12.356948064120083, "params": {"colsample_bytree": 0.28230469231803856, "eta": 0.06689434538536758, "gamma": 512.9136371218016, "max_depth": 8.0, "min_child_weight": 4235.806631607383, "num_boost_round": 1.0, "subsample": 0.3374170521012195}, "datetime": {"datetime": "2024-01-20 15:57:45", "elapsed": 5632.084383, "delta": 103.263597}}
{"target": -12.355517042597482, "params": {"colsample_bytree": 0.28230469231803856, "eta": 0.06689434538536758, "gamma": 512.9136371218016, "max_depth": 8.0, "min_child_weight": 4235.806631607383, "num_boost_round": 2.0, "subsample": 0.3374170521012195}, "datetime": {"datetime": "2024-01-20 15:57:45", "elapsed": 5632.091606, "delta": 0.007223}}
{"target": -12.351881337498316, "params": {"colsample_bytree": 0.28230469231803856, "eta": 0.06689434538536758, "gamma": 512.9136371218016, "max_depth": 8.0, "min_child_weight": 4235.806631607383, "num_boost_round": 3.0, "subsample": 0.3374170521012195}, "datetime": {"datetime": "2024-01-20 15:57:45", "elapsed": 5632.097413, "delta": 0.005807}}
{"target": -12.35215168209693, "params": {"colsample_bytree": 0.28230469231803856, "eta": 0.06689434538536758, "gamma": 512.9136371218016, "max_depth": 8.0, "min_child_weight": 4235.806631607383, "num_boost_round": 4.0, "subsample": 0.3374170521012195}, "datetime": {"datetime": "2024-01-20 15:57:45", "elapsed": 5632.103024, "delta": 0.005611}}
{"target": -12.350885523571431, "params": {"colsample_bytree": 0.28230469231803856, "eta": 0.06689434538536758, "gamma": 512.9136371218016, "max_depth": 8.0, "min_child_weight": 4235.806631607383, "num_boost_round": 5.0, "subsample": 0.3374170521012195}, "datetime": {"datetime": "2024-01-20 15:57:45", "elapsed": 5632.108599, "delta": 0.005575}}
{"target": -12.34963865431071, "params": {"colsample_bytree": 0.28230469231803856, "eta": 0.06689434538536758, "gamma": 512.9136371218016, "max_depth": 8.0, "min_child_weight": 4235.806631607383, "num_boost_round": 6.0, "subsample": 0.3374170521012195}, "datetime": {"datetime": "2024-01-20 15:57:45", "elapsed": 5632.114152, "delta": 0.005553}}
{"target": -12.349638802537271, "params": {"colsample_bytree": 0.28230469231803856, "eta": 0.06689434538536758, "gamma": 512.9136371218016, "max_depth": 8.0, "min_child_weight": 4235.806631607383, "num_boost_round": 7.0, "subsample": 0.3374170521012195}, "datetime": {"datetime": "2024-01-20 15:57:45", "elapsed": 5632.119945, "delta": 0.005793}}
{"target": -12.348474804795945, "params": {"colsample_bytree": 0.28230469231803856, "eta": 0.06689434538536758, "gamma": 512.9136371218016, "max_depth": 8.0, "min_child_weight": 4235.806631607383, "num_boost_round": 8.0, "subsample": 0.3374170521012195}, "datetime": {"datetime": "2024-01-20 15:57:45", "elapsed": 5632.125693, "delta": 0.005748}}
{"target": -12.348491817974868, "params": {"colsample_bytree": 0.28230469231803856, "eta": 0.06689434538536758, "gamma": 512.9136371218016, "max_depth": 8.0, "min_child_weight": 4235.806631607383, "num_boost_round": 9.0, "subsample": 0.3374170521012195}, "datetime": {"datetime": "2024-01-20 15:57:45", "elapsed": 5632.131338, "delta": 0.005645}}
{"target": -12.348261120424457, "params": {"colsample_bytree": 0.28230469231803856, "eta": 0.06689434538536758, "gamma": 512.9136371218016, "max_depth": 8.0, "min_child_weight": 4235.806631607383, "num_boost_round": 10.0, "subsample": 0.3374170521012195}, "datetime": {"datetime": "2024-01-20 15:57:45", "elapsed": 5632.136842, "delta": 0.005504}}
{"target": -12.3476690299334, "params": {"colsample_bytree": 0.28230469231803856, "eta": 0.06689434538536758, "gamma": 512.9136371218016, "max_depth": 8.0, "min_child_weight": 4235.806631607383, "num_boost_round": 11.0, "subsample": 0.3374170521012195}, "datetime": {"datetime": "2024-01-20 15:57:46", "elapsed": 5632.474428, "delta": 0.337586}}
{"target": -12.347190986866753, "params": {"colsample_bytree": 0.28230469231803856, "eta": 0.06689434538536758, "gamma": 512.9136371218016, "max_depth": 8.0, "min_child_weight": 4235.806631607383, "num_boost_round": 12.0, "subsample": 0.3374170521012195}, "datetime": {"datetime": "2024-01-20 15:57:46", "elapsed": 5632.481912, "delta": 0.007484}}
{"target": -12.347662470567574, "params": {"colsample_bytree": 0.28230469231803856, "eta": 0.06689434538536758, "gamma": 512.9136371218016, "max_depth": 8.0, "min_child_weight": 4235.806631607383, "num_boost_round": 13.0, "subsample": 0.3374170521012195}, "datetime": {"datetime": "2024-01-20 15:57:46", "elapsed": 5632.48805, "delta": 0.006138}}
{"target": -12.346968644388353, "params": {"colsample_bytree": 0.28230469231803856, "eta": 0.06689434538536758, "gamma": 512.9136371218016, "max_depth": 8.0, "min_child_weight": 4235.806631607383, "num_boost_round": 14.0, "subsample": 0.3374170521012195}, "datetime": {"datetime": "2024-01-20 15:57:46", "elapsed": 5632.493919, "delta": 0.005869}}
{"target": -12.34598073960398, "params": {"colsample_bytree": 0.28230469231803856, "eta": 0.06689434538536758, "gamma": 512.9136371218016, "max_depth": 8.0, "min_child_weight": 4235.806631607383, "num_boost_round": 15.0, "subsample": 0.3374170521012195}, "datetime": {"datetime": "2024-01-20 15:57:46", "elapsed": 5632.499716, "delta": 0.005797}}
{"target": -12.345583721543623, "params": {"colsample_bytree": 0.28230469231803856, "eta": 0.06689434538536758, "gamma": 512.9136371218016, "max_depth": 8.0, "min_child_weight": 4235.806631607383, "num_boost_round": 16.0, "subsample": 0.3374170521012195}, "datetime": {"datetime": "2024-01-20 15:57:46", "elapsed": 5632.505539, "delta": 0.005823}}
{"target": -12.345978911505053, "params": {"colsample_bytree": 0.28230469231803856, "eta": 0.06689434538536758, "gamma": 512.9136371218016, "max_depth": 8.0, "min_child_weight": 4235.806631607383, "num_boost_round": 17.0, "subsample": 0.3374170521012195}, "datetime": {"datetime": "2024-01-20 15:57:46", "elapsed": 5632.511309, "delta": 0.00577}}
{"target": -12.345931591161875, "params": {"colsample_bytree": 0.28230469231803856, "eta": 0.06689434538536758, "gamma": 512.9136371218016, "max_depth": 8.0, "min_child_weight": 4235.806631607383, "num_boost_round": 18.0, "subsample": 0.3374170521012195}, "datetime": {"datetime": "2024-01-20 15:57:46", "elapsed": 5632.517094, "delta": 0.005785}}
{"target": -12.345664043253102, "params": {"colsample_bytree": 0.28230469231803856, "eta": 0.06689434538536758, "gamma": 512.9136371218016, "max_depth": 8.0, "min_child_weight": 4235.806631607383, "num_boost_round": 19.0, "subsample": 0.3374170521012195}, "datetime": {"datetime": "2024-01-20 15:57:46", "elapsed": 5632.522837, "delta": 0.005743}}
{"target": -12.345381928133184, "params": {"colsample_bytree": 0.28230469231803856, "eta": 0.06689434538536758, "gamma": 512.9136371218016, "max_depth": 8.0, "min_child_weight": 4235.806631607383, "num_boost_round": 20.0, "subsample": 0.3374170521012195}, "datetime": {"datetime": "2024-01-20 15:57:46", "elapsed": 5632.528583, "delta": 0.005746}}
{"target": -12.345231526663532, "params": {"colsample_bytree": 0.28230469231803856, "eta": 0.06689434538536758, "gamma": 512.9136371218016, "max_depth": 8.0, "min_child_weight": 4235.806631607383, "num_boost_round": 21.0, "subsample": 0.3374170521012195}, "datetime": {"datetime": "2024-01-20 15:57:46", "elapsed": 5632.534309, "delta": 0.005726}}
{"target": -12.345241703805968, "params": {"colsample_bytree": 0.28230469231803856, "eta": 0.06689434538536758, "gamma": 512.9136371218016, "max_depth": 8.0, "min_child_weight": 4235.806631607383, "num_boost_round": 22.0, "subsample": 0.3374170521012195}, "datetime": {"datetime": "2024-01-20 15:57:46", "elapsed": 5632.540103, "delta": 0.005794}}
{"target": -12.344220320466896, "params": {"colsample_bytree": 0.28230469231803856, "eta": 0.06689434538536758, "gamma": 512.9136371218016, "max_depth": 8.0, "min_child_weight": 4235.806631607383, "num_boost_round": 23.0, "subsample": 0.3374170521012195}, "datetime": {"datetime": "2024-01-20 15:57:46", "elapsed": 5632.545859, "delta": 0.005756}}
{"target": -12.344565891498776, "params": {"colsample_bytree": 0.28230469231803856, "eta": 0.06689434538536758, "gamma": 512.9136371218016, "max_depth": 8.0, "min_child_weight": 4235.806631607383, "num_boost_round": 24.0, "subsample": 0.3374170521012195}, "datetime": {"datetime": "2024-01-20 15:57:46", "elapsed": 5632.551588, "delta": 0.005729}}
{"target": -12.34350930973899, "params": {"colsample_bytree": 0.28230469231803856, "eta": 0.06689434538536758, "gamma": 512.9136371218016, "max_depth": 8.0, "min_child_weight": 4235.806631607383, "num_boost_round": 25.0, "subsample": 0.3374170521012195}, "datetime": {"datetime": "2024-01-20 15:57:46", "elapsed": 5632.55732, "delta": 0.005732}}
{"target": -12.343608512009638, "params": {"colsample_bytree": 0.28230469231803856, "eta": 0.06689434538536758, "gamma": 512.9136371218016, "max_depth": 8.0, "min_child_weight": 4235.806631607383, "num_boost_round": 26.0, "subsample": 0.3374170521012195}, "datetime": {"datetime": "2024-01-20 15:57:46", "elapsed": 5632.563109, "delta": 0.005789}}
{"target": -12.34385374897494, "params": {"colsample_bytree": 0.28230469231803856, "eta": 0.06689434538536758, "gamma": 512.9136371218016, "max_depth": 8.0, "min_child_weight": 4235.806631607383, "num_boost_round": 27.0, "subsample": 0.3374170521012195}, "datetime": {"datetime": "2024-01-20 15:57:46", "elapsed": 5632.568822, "delta": 0.005713}}
{"target": -12.34380351060641, "params": {"colsample_bytree": 0.28230469231803856, "eta": 0.06689434538536758, "gamma": 512.9136371218016, "max_depth": 8.0, "min_child_weight": 4235.806631607383, "num_boost_round": 28.0, "subsample": 0.3374170521012195}, "datetime": {"datetime": "2024-01-20 15:57:46", "elapsed": 5632.574559, "delta": 0.005737}}
{"target": -12.343741093432929, "params": {"colsample_bytree": 0.28230469231803856, "eta": 0.06689434538536758, "gamma": 512.9136371218016, "max_depth": 8.0, "min_child_weight": 4235.806631607383, "num_boost_round": 29.0, "subsample": 0.3374170521012195}, "datetime": {"datetime": "2024-01-20 15:57:46", "elapsed": 5632.580883, "delta": 0.006324}}
{"target": -12.343305106006522, "params": {"colsample_bytree": 0.28230469231803856, "eta": 0.06689434538536758, "gamma": 512.9136371218016, "max_depth": 8.0, "min_child_weight": 4235.806631607383, "num_boost_round": 30.0, "subsample": 0.3374170521012195}, "datetime": {"datetime": "2024-01-20 15:57:46", "elapsed": 5632.586768, "delta": 0.005885}}
{"target": -12.342135971463174, "params": {"colsample_bytree": 0.28230469231803856, "eta": 0.06689434538536758, "gamma": 512.9136371218016, "max_depth": 8.0, "min_child_weight": 4235.806631607383, "num_boost_round": 31.0, "subsample": 0.3374170521012195}, "datetime": {"datetime": "2024-01-20 15:57:46", "elapsed": 5632.592611, "delta": 0.005843}}
{"target": -12.342447071936679, "params": {"colsample_bytree": 0.28230469231803856, "eta": 0.06689434538536758, "gamma": 512.9136371218016, "max_depth": 8.0, "min_child_weight": 4235.806631607383, "num_boost_round": 32.0, "subsample": 0.3374170521012195}, "datetime": {"datetime": "2024-01-20 15:57:46", "elapsed": 5632.598432, "delta": 0.005821}}
{"target": -12.342961056307917, "params": {"colsample_bytree": 0.28230469231803856, "eta": 0.06689434538536758, "gamma": 512.9136371218016, "max_depth": 8.0, "min_child_weight": 4235.806631607383, "num_boost_round": 33.0, "subsample": 0.3374170521012195}, "datetime": {"datetime": "2024-01-20 15:57:46", "elapsed": 5632.604152, "delta": 0.00572}}
{"target": -12.342915285587932, "params": {"colsample_bytree": 0.28230469231803856, "eta": 0.06689434538536758, "gamma": 512.9136371218016, "max_depth": 8.0, "min_child_weight": 4235.806631607383, "num_boost_round": 34.0, "subsample": 0.3374170521012195}, "datetime": {"datetime": "2024-01-20 15:57:46", "elapsed": 5632.609881, "delta": 0.005729}}
{"target": -12.343402427137512, "params": {"colsample_bytree": 0.28230469231803856, "eta": 0.06689434538536758, "gamma": 512.9136371218016, "max_depth": 8.0, "min_child_weight": 4235.806631607383, "num_boost_round": 35.0, "subsample": 0.3374170521012195}, "datetime": {"datetime": "2024-01-20 15:57:46", "elapsed": 5632.61571, "delta": 0.005829}}
{"target": -12.343513841835131, "params": {"colsample_bytree": 0.28230469231803856, "eta": 0.06689434538536758, "gamma": 512.9136371218016, "max_depth": 8.0, "min_child_weight": 4235.806631607383, "num_boost_round": 36.0, "subsample": 0.3374170521012195}, "datetime": {"datetime": "2024-01-20 15:57:46", "elapsed": 5632.621505, "delta": 0.005795}}
{"target": -12.344057014657572, "params": {"colsample_bytree": 0.28230469231803856, "eta": 0.06689434538536758, "gamma": 512.9136371218016, "max_depth": 8.0, "min_child_weight": 4235.806631607383, "num_boost_round": 37.0, "subsample": 0.3374170521012195}, "datetime": {"datetime": "2024-01-20 15:57:46", "elapsed": 5632.627285, "delta": 0.00578}}
{"target": -12.343811677700772, "params": {"colsample_bytree": 0.28230469231803856, "eta": 0.06689434538536758, "gamma": 512.9136371218016, "max_depth": 8.0, "min_child_weight": 4235.806631607383, "num_boost_round": 38.0, "subsample": 0.3374170521012195}, "datetime": {"datetime": "2024-01-20 15:57:46", "elapsed": 5632.633124, "delta": 0.005839}}
{"target": -12.344004091753742, "params": {"colsample_bytree": 0.28230469231803856, "eta": 0.06689434538536758, "gamma": 512.9136371218016, "max_depth": 8.0, "min_child_weight": 4235.806631607383, "num_boost_round": 39.0, "subsample": 0.3374170521012195}, "datetime": {"datetime": "2024-01-20 15:57:46", "elapsed": 5632.6389, "delta": 0.005776}}
{"target": -12.34400112701519, "params": {"colsample_bytree": 0.28230469231803856, "eta": 0.06689434538536758, "gamma": 512.9136371218016, "max_depth": 8.0, "min_child_weight": 4235.806631607383, "num_boost_round": 40.0, "subsample": 0.3374170521012195}, "datetime": {"datetime": "2024-01-20 15:57:46", "elapsed": 5632.644686, "delta": 0.005786}}
{"target": -12.343439907045843, "params": {"colsample_bytree": 0.28230469231803856, "eta": 0.06689434538536758, "gamma": 512.9136371218016, "max_depth": 8.0, "min_child_weight": 4235.806631607383, "num_boost_round": 41.0, "subsample": 0.3374170521012195}, "datetime": {"datetime": "2024-01-20 15:57:46", "elapsed": 5632.650469, "delta": 0.005783}}
{"target": -12.342707048738198, "params": {"colsample_bytree": 0.28230469231803856, "eta": 0.06689434538536758, "gamma": 512.9136371218016, "max_depth": 8.0, "min_child_weight": 4235.806631607383, "num_boost_round": 42.0, "subsample": 0.3374170521012195}, "datetime": {"datetime": "2024-01-20 15:57:46", "elapsed": 5632.656265, "delta": 0.005796}}
{"target": -12.34278786659904, "params": {"colsample_bytree": 0.28230469231803856, "eta": 0.06689434538536758, "gamma": 512.9136371218016, "max_depth": 8.0, "min_child_weight": 4235.806631607383, "num_boost_round": 43.0, "subsample": 0.3374170521012195}, "datetime": {"datetime": "2024-01-20 15:57:46", "elapsed": 5632.662026, "delta": 0.005761}}
{"target": -12.342978293675692, "params": {"colsample_bytree": 0.28230469231803856, "eta": 0.06689434538536758, "gamma": 512.9136371218016, "max_depth": 8.0, "min_child_weight": 4235.806631607383, "num_boost_round": 44.0, "subsample": 0.3374170521012195}, "datetime": {"datetime": "2024-01-20 15:57:46", "elapsed": 5632.667838, "delta": 0.005812}}
{"target": -12.343057397905827, "params": {"colsample_bytree": 0.28230469231803856, "eta": 0.06689434538536758, "gamma": 512.9136371218016, "max_depth": 8.0, "min_child_weight": 4235.806631607383, "num_boost_round": 45.0, "subsample": 0.3374170521012195}, "datetime": {"datetime": "2024-01-20 15:57:46", "elapsed": 5632.673584, "delta": 0.005746}}
{"target": -12.343514258650295, "params": {"colsample_bytree": 0.28230469231803856, "eta": 0.06689434538536758, "gamma": 512.9136371218016, "max_depth": 8.0, "min_child_weight": 4235.806631607383, "num_boost_round": 46.0, "subsample": 0.3374170521012195}, "datetime": {"datetime": "2024-01-20 15:57:46", "elapsed": 5632.679349, "delta": 0.005765}}
{"target": -12.343532216813811, "params": {"colsample_bytree": 0.28230469231803856, "eta": 0.06689434538536758, "gamma": 512.9136371218016, "max_depth": 8.0, "min_child_weight": 4235.806631607383, "num_boost_round": 47.0, "subsample": 0.3374170521012195}, "datetime": {"datetime": "2024-01-20 15:57:46", "elapsed": 5632.685118, "delta": 0.005769}}
{"target": -12.343967246359234, "params": {"colsample_bytree": 0.28230469231803856, "eta": 0.06689434538536758, "gamma": 512.9136371218016, "max_depth": 8.0, "min_child_weight": 4235.806631607383, "num_boost_round": 48.0, "subsample": 0.3374170521012195}, "datetime": {"datetime": "2024-01-20 15:57:46", "elapsed": 5632.690927, "delta": 0.005809}}
