{"target": -13.499919859852781, "params": {"colsample_bytree": 0.5408457515277975, "eta": 0.06608925094544564, "gamma": 586.8048917885932, "max_depth": 5.0, "min_child_weight": 4330.262312205533, "num_boost_round": 24.0, "subsample": 0.5958561393057527}, "datetime": {"datetime": "2024-01-20 14:48:15", "elapsed": 1448.446819, "delta": 0.00229}}
{"target": -13.499567108281017, "params": {"colsample_bytree": 0.5408457515277975, "eta": 0.06608925094544564, "gamma": 586.8048917885932, "max_depth": 5.0, "min_child_weight": 4330.262312205533, "num_boost_round": 25.0, "subsample": 0.5958561393057527}, "datetime": {"datetime": "2024-01-20 14:48:15", "elapsed": 1448.449037, "delta": 0.002218}}
{"target": -13.49972369664383, "params": {"colsample_bytree": 0.5408457515277975, "eta": 0.06608925094544564, "gamma": 586.8048917885932, "max_depth": 5.0, "min_child_weight": 4330.262312205533, "num_boost_round": 26.0, "subsample": 0.5958561393057527}, "datetime": {"datetime": "2024-01-20 14:48:15", "elapsed": 1448.45126, "delta": 0.002223}}
{"target": -13.50010095697819, "params": {"colsample_bytree": 0.5408457515277975, "eta": 0.06608925094544564, "gamma": 586.8048917885932, "max_depth": 5.0, "min_child_weight": 4330.262312205533, "num_boost_round": 27.0, "subsample": 0.5958561393057527}, "datetime": {"datetime": "2024-01-20 14:48:15", "elapsed": 1448.453475, "delta": 0.002215}}
{"target": -13.500036906255735, "params": {"colsample_bytree": 0.5408457515277975, "eta": 0.06608925094544564, "gamma": 586.8048917885932, "max_depth": 5.0, "min_child_weight": 4330.262312205533, "num_boost_round": 28.0, "subsample": 0.5958561393057527}, "datetime": {"datetime": "2024-01-20 14:48:15", "elapsed": 1448.455705, "delta": 0.00223}}
{"target": -13.5000729962631, "params": {"colsample_bytree": 0.5408457515277975, "eta": 0.06608925094544564, "gamma": 586.8048917885932, "max_depth": 5.0, "min_child_weight": 4330.262312205533, "num_boost_round": 29.0, "subsample": 0.5958561393057527}, "datetime": {"datetime": "2024-01-20 14:48:15", "elapsed": 1448.457929, "delta": 0.002224}}
{"target": -13.500090709044192, "params": {"colsample_bytree": 0.5408457515277975, "eta": 0.06608925094544564, "gamma": 586.8048917885932, "max_depth": 5.0, "min_child_weight": 4330.262312205533, "num_boost_round": 30.0, "subsample": 0.5958561393057527}, "datetime": {"datetime": "2024-01-20 14:48:15", "elapsed": 1448.460139, "delta": 0.00221}}
{"target": -13.500147308284086, "params": {"colsample_bytree": 0.5408457515277975, "eta": 0.06608925094544564, "gamma": 586.8048917885932, "max_depth": 5.0, "min_child_weight": 4330.262312205533, "num_boost_round": 31.0, "subsample": 0.5958561393057527}, "datetime": {"datetime": "2024-01-20 14:48:15", "elapsed": 1448.462374, "delta": 0.002235}}
{"target": -13.500177564408997, "params": {"colsample_bytree": 0.5408457515277975, "eta": 0.06608925094544564, "gamma": 586.8048917885932, "max_depth": 5.0, "min_child_weight": 4330.262312205533, "num_boost_round": 32.0, "subsample": 0.5958561393057527}, "datetime": {"datetime": "2024-01-20 14:48:15", "elapsed": 1448.464592, "delta": 0.002218}}
{"target": -13.500311673575426, "params": {"colsample_bytree": 0.5408457515277975, "eta": 0.06608925094544564, "gamma": 586.8048917885932, "max_depth": 5.0, "min_child_weight": 4330.262312205533, "num_boost_round": 33.0, "subsample": 0.5958561393057527}, "datetime": {"datetime": "2024-01-20 14:48:15", "elapsed": 1448.466817, "delta": 0.002225}}
{"target": -13.500370566320031, "params": {"colsample_bytree": 0.5408457515277975, "eta": 0.06608925094544564, "gamma": 586.8048917885932, "max_depth": 5.0, "min_child_weight": 4330.262312205533, "num_boost_round": 34.0, "subsample": 0.5958561393057527}, "datetime": {"datetime": "2024-01-20 14:48:15", "elapsed": 1448.469055, "delta": 0.002238}}
{"target": -13.500296878731945, "params": {"colsample_bytree": 0.5408457515277975, "eta": 0.06608925094544564, "gamma": 586.8048917885932, "max_depth": 5.0, "min_child_weight": 4330.262312205533, "num_boost_round": 35.0, "subsample": 0.5958561393057527}, "datetime": {"datetime": "2024-01-20 14:48:15", "elapsed": 1448.471292, "delta": 0.002237}}
{"target": -13.500348039255005, "params": {"colsample_bytree": 0.5408457515277975, "eta": 0.06608925094544564, "gamma": 586.8048917885932, "max_depth": 5.0, "min_child_weight": 4330.262312205533, "num_boost_round": 36.0, "subsample": 0.5958561393057527}, "datetime": {"datetime": "2024-01-20 14:48:15", "elapsed": 1448.47405, "delta": 0.002758}}
{"target": -13.500184672136859, "params": {"colsample_bytree": 0.5408457515277975, "eta": 0.06608925094544564, "gamma": 586.8048917885932, "max_depth": 5.0, "min_child_weight": 4330.262312205533, "num_boost_round": 37.0, "subsample": 0.5958561393057527}, "datetime": {"datetime": "2024-01-20 14:48:15", "elapsed": 1448.477272, "delta": 0.003222}}
{"target": -13.500235588895217, "params": {"colsample_bytree": 0.5408457515277975, "eta": 0.06608925094544564, "gamma": 586.8048917885932, "max_depth": 5.0, "min_child_weight": 4330.262312205533, "num_boost_round": 38.0, "subsample": 0.5958561393057527}, "datetime": {"datetime": "2024-01-20 14:48:15", "elapsed": 1448.480019, "delta": 0.002747}}
{"target": -13.500300207520908, "params": {"colsample_bytree": 0.5408457515277975, "eta": 0.06608925094544564, "gamma": 586.8048917885932, "max_depth": 5.0, "min_child_weight": 4330.262312205533, "num_boost_round": 39.0, "subsample": 0.5958561393057527}, "datetime": {"datetime": "2024-01-20 14:48:15", "elapsed": 1448.482437, "delta": 0.002418}}
{"target": -13.500227286479834, "params": {"colsample_bytree": 0.5408457515277975, "eta": 0.06608925094544564, "gamma": 586.8048917885932, "max_depth": 5.0, "min_child_weight": 4330.262312205533, "num_boost_round": 40.0, "subsample": 0.5958561393057527}, "datetime": {"datetime": "2024-01-20 14:48:15", "elapsed": 1448.484714, "delta": 0.002277}}
{"target": -13.500271854330947, "params": {"colsample_bytree": 0.5408457515277975, "eta": 0.06608925094544564, "gamma": 586.8048917885932, "max_depth": 5.0, "min_child_weight": 4330.262312205533, "num_boost_round": 41.0, "subsample": 0.5958561393057527}, "datetime": {"datetime": "2024-01-20 14:48:15", "elapsed": 1448.48701, "delta": 0.002296}}
{"target": -13.500374562080236, "params": {"colsample_bytree": 0.5408457515277975, "eta": 0.06608925094544564, "gamma": 586.8048917885932, "max_depth": 5.0, "min_child_weight": 4330.262312205533, "num_boost_round": 42.0, "subsample": 0.5958561393057527}, "datetime": {"datetime": "2024-01-20 14:48:15", "elapsed": 1448.489306, "delta": 0.002296}}
{"target": -13.50068398724474, "params": {"colsample_bytree": 0.5408457515277975, "eta": 0.06608925094544564, "gamma": 586.8048917885932, "max_depth": 5.0, "min_child_weight": 4330.262312205533, "num_boost_round": 43.0, "subsample": 0.5958561393057527}, "datetime": {"datetime": "2024-01-20 14:48:15", "elapsed": 1448.491493, "delta": 0.002187}}
{"target": -13.50063403354985, "params": {"colsample_bytree": 0.5408457515277975, "eta": 0.06608925094544564, "gamma": 586.8048917885932, "max_depth": 5.0, "min_child_weight": 4330.262312205533, "num_boost_round": 44.0, "subsample": 0.5958561393057527}, "datetime": {"datetime": "2024-01-20 14:48:15", "elapsed": 1448.493674, "delta": 0.002181}}
{"target": -13.500759109669882, "params": {"colsample_bytree": 0.5408457515277975, "eta": 0.06608925094544564, "gamma": 586.8048917885932, "max_depth": 5.0, "min_child_weight": 4330.262312205533, "num_boost_round": 45.0, "subsample": 0.5958561393057527}, "datetime": {"datetime": "2024-01-20 14:48:15", "elapsed": 1448.495839, "delta": 0.002165}}
{"target": -13.500753652445548, "params": {"colsample_bytree": 0.5408457515277975, "eta": 0.06608925094544564, "gamma": 586.8048917885932, "max_depth": 5.0, "min_child_weight": 4330.262312205533, "num_boost_round": 46.0, "subsample": 0.5958561393057527}, "datetime": {"datetime": "2024-01-20 14:48:15", "elapsed": 1448.498042, "delta": 0.002203}}
{"target": -13.500639553291986, "params": {"colsample_bytree": 0.5408457515277975, "eta": 0.06608925094544564, "gamma": 586.8048917885932, "max_depth": 5.0, "min_child_weight": 4330.262312205533, "num_boost_round": 47.0, "subsample": 0.5958561393057527}, "datetime": {"datetime": "2024-01-20 14:48:15", "elapsed": 1448.500276, "delta": 0.002234}}
{"target": -13.500730104845344, "params": {"colsample_bytree": 0.5408457515277975, "eta": 0.06608925094544564, "gamma": 586.8048917885932, "max_depth": 5.0, "min_child_weight": 4330.262312205533, "num_boost_round": 48.0, "subsample": 0.5958561393057527}, "datetime": {"datetime": "2024-01-20 14:48:15", "elapsed": 1448.502501, "delta": 0.002225}}
{"target": -13.500796312100693, "params": {"colsample_bytree": 0.5408457515277975, "eta": 0.06608925094544564, "gamma": 586.8048917885932, "max_depth": 5.0, "min_child_weight": 4330.262312205533, "num_boost_round": 49.0, "subsample": 0.5958561393057527}, "datetime": {"datetime": "2024-01-20 14:48:15", "elapsed": 1448.504713, "delta": 0.002212}}
{"target": -13.500725824303686, "params": {"colsample_bytree": 0.5408457515277975, "eta": 0.06608925094544564, "gamma": 586.8048917885932, "max_depth": 5.0, "min_child_weight": 4330.262312205533, "num_boost_round": 50.0, "subsample": 0.5958561393057527}, "datetime": {"datetime": "2024-01-20 14:48:15", "elapsed": 1448.506932, "delta": 0.002219}}
{"target": -13.500993391760765, "params": {"colsample_bytree": 0.5408457515277975, "eta": 0.06608925094544564, "gamma": 586.8048917885932, "max_depth": 5.0, "min_child_weight": 4330.262312205533, "num_boost_round": 51.0, "subsample": 0.5958561393057527}, "datetime": {"datetime": "2024-01-20 14:48:15", "elapsed": 1448.509141, "delta": 0.002209}}
{"target": -13.500909775740256, "params": {"colsample_bytree": 0.5408457515277975, "eta": 0.06608925094544564, "gamma": 586.8048917885932, "max_depth": 5.0, "min_child_weight": 4330.262312205533, "num_boost_round": 52.0, "subsample": 0.5958561393057527}, "datetime": {"datetime": "2024-01-20 14:48:15", "elapsed": 1448.51136, "delta": 0.002219}}
{"target": -13.500966155426987, "params": {"colsample_bytree": 0.5408457515277975, "eta": 0.06608925094544564, "gamma": 586.8048917885932, "max_depth": 5.0, "min_child_weight": 4330.262312205533, "num_boost_round": 53.0, "subsample": 0.5958561393057527}, "datetime": {"datetime": "2024-01-20 14:48:15", "elapsed": 1448.513587, "delta": 0.002227}}
{"target": -13.500901751922022, "params": {"colsample_bytree": 0.5408457515277975, "eta": 0.06608925094544564, "gamma": 586.8048917885932, "max_depth": 5.0, "min_child_weight": 4330.262312205533, "num_boost_round": 54.0, "subsample": 0.5958561393057527}, "datetime": {"datetime": "2024-01-20 14:48:15", "elapsed": 1448.515803, "delta": 0.002216}}
{"target": -13.50114734890017, "params": {"colsample_bytree": 0.5408457515277975, "eta": 0.06608925094544564, "gamma": 586.8048917885932, "max_depth": 5.0, "min_child_weight": 4330.262312205533, "num_boost_round": 55.0, "subsample": 0.5958561393057527}, "datetime": {"datetime": "2024-01-20 14:48:15", "elapsed": 1448.51803, "delta": 0.002227}}
{"target": -13.501425528739064, "params": {"colsample_bytree": 0.5408457515277975, "eta": 0.06608925094544564, "gamma": 586.8048917885932, "max_depth": 5.0, "min_child_weight": 4330.262312205533, "num_boost_round": 56.0, "subsample": 0.5958561393057527}, "datetime": {"datetime": "2024-01-20 14:48:15", "elapsed": 1448.520239, "delta": 0.002209}}
{"target": -13.501587751569083, "params": {"colsample_bytree": 0.5408457515277975, "eta": 0.06608925094544564, "gamma": 586.8048917885932, "max_depth": 5.0, "min_child_weight": 4330.262312205533, "num_boost_round": 57.0, "subsample": 0.5958561393057527}, "datetime": {"datetime": "2024-01-20 14:48:15", "elapsed": 1448.522442, "delta": 0.002203}}
{"target": -13.501659080782126, "params": {"colsample_bytree": 0.5408457515277975, "eta": 0.06608925094544564, "gamma": 586.8048917885932, "max_depth": 5.0, "min_child_weight": 4330.262312205533, "num_boost_round": 58.0, "subsample": 0.5958561393057527}, "datetime": {"datetime": "2024-01-20 14:48:15", "elapsed": 1448.524655, "delta": 0.002213}}
{"target": -13.50159837709003, "params": {"colsample_bytree": 0.5408457515277975, "eta": 0.06608925094544564, "gamma": 586.8048917885932, "max_depth": 5.0, "min_child_weight": 4330.262312205533, "num_boost_round": 59.0, "subsample": 0.5958561393057527}, "datetime": {"datetime": "2024-01-20 14:48:15", "elapsed": 1448.526894, "delta": 0.002239}}
{"target": -13.501742466398145, "params": {"colsample_bytree": 0.5408457515277975, "eta": 0.06608925094544564, "gamma": 586.8048917885932, "max_depth": 5.0, "min_child_weight": 4330.262312205533, "num_boost_round": 60.0, "subsample": 0.5958561393057527}, "datetime": {"datetime": "2024-01-20 14:48:15", "elapsed": 1448.529117, "delta": 0.002223}}
{"target": -13.501816281621378, "params": {"colsample_bytree": 0.5408457515277975, "eta": 0.06608925094544564, "gamma": 586.8048917885932, "max_depth": 5.0, "min_child_weight": 4330.262312205533, "num_boost_round": 61.0, "subsample": 0.5958561393057527}, "datetime": {"datetime": "2024-01-20 14:48:15", "elapsed": 1448.531352, "delta": 0.002235}}
{"target": -13.502022400959259, "params": {"colsample_bytree": 0.5408457515277975, "eta": 0.06608925094544564, "gamma": 586.8048917885932, "max_depth": 5.0, "min_child_weight": 4330.262312205533, "num_boost_round": 62.0, "subsample": 0.5958561393057527}, "datetime": {"datetime": "2024-01-20 14:48:15", "elapsed": 1448.533577, "delta": 0.002225}}
{"target": -13.502122816553431, "params": {"colsample_bytree": 0.5408457515277975, "eta": 0.06608925094544564, "gamma": 586.8048917885932, "max_depth": 5.0, "min_child_weight": 4330.262312205533, "num_boost_round": 63.0, "subsample": 0.5958561393057527}, "datetime": {"datetime": "2024-01-20 14:48:15", "elapsed": 1448.535821, "delta": 0.002244}}
{"target": -13.502243449795817, "params": {"colsample_bytree": 0.5408457515277975, "eta": 0.06608925094544564, "gamma": 586.8048917885932, "max_depth": 5.0, "min_child_weight": 4330.262312205533, "num_boost_round": 64.0, "subsample": 0.5958561393057527}, "datetime": {"datetime": "2024-01-20 14:48:15", "elapsed": 1448.538075, "delta": 0.002254}}
{"target": -13.502422749099594, "params": {"colsample_bytree": 0.5408457515277975, "eta": 0.06608925094544564, "gamma": 586.8048917885932, "max_depth": 5.0, "min_child_weight": 4330.262312205533, "num_boost_round": 65.0, "subsample": 0.5958561393057527}, "datetime": {"datetime": "2024-01-20 14:48:15", "elapsed": 1448.540292, "delta": 0.002217}}
{"target": -13.502430773281528, "params": {"colsample_bytree": 0.5408457515277975, "eta": 0.06608925094544564, "gamma": 586.8048917885932, "max_depth": 5.0, "min_child_weight": 4330.262312205533, "num_boost_round": 66.0, "subsample": 0.5958561393057527}, "datetime": {"datetime": "2024-01-20 14:48:15", "elapsed": 1448.543002, "delta": 0.00271}}
{"target": -13.50258679607903, "params": {"colsample_bytree": 0.5408457515277975, "eta": 0.06608925094544564, "gamma": 586.8048917885932, "max_depth": 5.0, "min_child_weight": 4330.262312205533, "num_boost_round": 67.0, "subsample": 0.5958561393057527}, "datetime": {"datetime": "2024-01-20 14:48:15", "elapsed": 1448.545326, "delta": 0.002324}}
{"target": -13.502570732534103, "params": {"colsample_bytree": 0.5408457515277975, "eta": 0.06608925094544564, "gamma": 586.8048917885932, "max_depth": 5.0, "min_child_weight": 4330.262312205533, "num_boost_round": 68.0, "subsample": 0.5958561393057527}, "datetime": {"datetime": "2024-01-20 14:48:15", "elapsed": 1448.547612, "delta": 0.002286}}
{"target": -13.502811584774584, "params": {"colsample_bytree": 0.5408457515277975, "eta": 0.06608925094544564, "gamma": 586.8048917885932, "max_depth": 5.0, "min_child_weight": 4330.262312205533, "num_boost_round": 69.0, "subsample": 0.5958561393057527}, "datetime": {"datetime": "2024-01-20 14:48:15", "elapsed": 1448.549891, "delta": 0.002279}}
{"target": -13.502698514005779, "params": {"colsample_bytree": 0.5408457515277975, "eta": 0.06608925094544564, "gamma": 586.8048917885932, "max_depth": 5.0, "min_child_weight": 4330.262312205533, "num_boost_round": 70.0, "subsample": 0.5958561393057527}, "datetime": {"datetime": "2024-01-20 14:48:15", "elapsed": 1448.552091, "delta": 0.0022}}
{"target": -13.502686558248364, "params": {"colsample_bytree": 0.5408457515277975, "eta": 0.06608925094544564, "gamma": 586.8048917885932, "max_depth": 5.0, "min_child_weight": 4330.262312205533, "num_boost_round": 71.0, "subsample": 0.5958561393057527}, "datetime": {"datetime": "2024-01-20 14:48:15", "elapsed": 1448.55427, "delta": 0.002179}}
{"target": -13.502882697093396, "params": {"colsample_bytree": 0.5408457515277975, "eta": 0.06608925094544564, "gamma": 586.8048917885932, "max_depth": 5.0, "min_child_weight": 4330.262312205533, "num_boost_round": 72.0, "subsample": 0.5958561393057527}, "datetime": {"datetime": "2024-01-20 14:48:15", "elapsed": 1448.556495, "delta": 0.002225}}
{"target": -13.503248618475439, "params": {"colsample_bytree": 0.5408457515277975, "eta": 0.06608925094544564, "gamma": 586.8048917885932, "max_depth": 5.0, "min_child_weight": 4330.262312205533, "num_boost_round": 73.0, "subsample": 0.5958561393057527}, "datetime": {"datetime": "2024-01-20 14:48:15", "elapsed": 1448.558777, "delta": 0.002282}}
{"target": -13.503157597163892, "params": {"colsample_bytree": 0.5408457515277975, "eta": 0.06608925094544564, "gamma": 586.8048917885932, "max_depth": 5.0, "min_child_weight": 4330.262312205533, "num_boost_round": 74.0, "subsample": 0.5958561393057527}, "datetime": {"datetime": "2024-01-20 14:48:15", "elapsed": 1448.561022, "delta": 0.002245}}
{"target": -13.503272679571058, "params": {"colsample_bytree": 0.5408457515277975, "eta": 0.06608925094544564, "gamma": 586.8048917885932, "max_depth": 5.0, "min_child_weight": 4330.262312205533, "num_boost_round": 75.0, "subsample": 0.5958561393057527}, "datetime": {"datetime": "2024-01-20 14:48:15", "elapsed": 1448.563249, "delta": 0.002227}}
{"target": -13.503132095835296, "params": {"colsample_bytree": 0.5408457515277975, "eta": 0.06608925094544564, "gamma": 586.8048917885932, "max_depth": 5.0, "min_child_weight": 4330.262312205533, "num_boost_round": 76.0, "subsample": 0.5958561393057527}, "datetime": {"datetime": "2024-01-20 14:48:15", "elapsed": 1448.565498, "delta": 0.002249}}
{"target": -13.503118554747132, "params": {"colsample_bytree": 0.5408457515277975, "eta": 0.06608925094544564, "gamma": 586.8048917885932, "max_depth": 5.0, "min_child_weight": 4330.262312205533, "num_boost_round": 77.0, "subsample": 0.5958561393057527}, "datetime": {"datetime": "2024-01-20 14:48:15", "elapsed": 1448.56776, "delta": 0.002262}}
{"target": -13.502980200139115, "params": {"colsample_bytree": 0.5408457515277975, "eta": 0.06608925094544564, "gamma": 586.8048917885932, "max_depth": 5.0, "min_child_weight": 4330.262312205533, "num_boost_round": 78.0, "subsample": 0.5958561393057527}, "datetime": {"datetime": "2024-01-20 14:48:15", "elapsed": 1448.570014, "delta": 0.002254}}
{"target": -13.502979425636124, "params": {"colsample_bytree": 0.5408457515277975, "eta": 0.06608925094544564, "gamma": 586.8048917885932, "max_depth": 5.0, "min_child_weight": 4330.262312205533, "num_boost_round": 79.0, "subsample": 0.5958561393057527}, "datetime": {"datetime": "2024-01-20 14:48:15", "elapsed": 1448.572295, "delta": 0.002281}}
{"target": -13.50307120075776, "params": {"colsample_bytree": 0.5408457515277975, "eta": 0.06608925094544564, "gamma": 586.8048917885932, "max_depth": 5.0, "min_child_weight": 4330.262312205533, "num_boost_round": 80.0, "subsample": 0.5958561393057527}, "datetime": {"datetime": "2024-01-20 14:48:15", "elapsed": 1448.574537, "delta": 0.002242}}
{"target": -13.503090674410636, "params": {"colsample_bytree": 0.5408457515277975, "eta": 0.06608925094544564, "gamma": 586.8048917885932, "max_depth": 5.0, "min_child_weight": 4330.262312205533, "num_boost_round": 81.0, "subsample": 0.5958561393057527}, "datetime": {"datetime": "2024-01-20 14:48:15", "elapsed": 1448.576799, "delta": 0.002262}}
{"target": -13.503257604298739, "params": {"colsample_bytree": 0.5408457515277975, "eta": 0.06608925094544564, "gamma": 586.8048917885932, "max_depth": 5.0, "min_child_weight": 4330.262312205533, "num_boost_round": 82.0, "subsample": 0.5958561393057527}, "datetime": {"datetime": "2024-01-20 14:48:15", "elapsed": 1448.579046, "delta": 0.002247}}
{"target": -13.503370270179774, "params": {"colsample_bytree": 0.5408457515277975, "eta": 0.06608925094544564, "gamma": 586.8048917885932, "max_depth": 5.0, "min_child_weight": 4330.262312205533, "num_boost_round": 83.0, "subsample": 0.5958561393057527}, "datetime": {"datetime": "2024-01-20 14:48:15", "elapsed": 1448.581369, "delta": 0.002323}}
{"target": -13.503476109326112, "params": {"colsample_bytree": 0.5408457515277975, "eta": 0.06608925094544564, "gamma": 586.8048917885932, "max_depth": 5.0, "min_child_weight": 4330.262312205533, "num_boost_round": 84.0, "subsample": 0.5958561393057527}, "datetime": {"datetime": "2024-01-20 14:48:15", "elapsed": 1448.583611, "delta": 0.002242}}
{"target": -13.503660872188046, "params": {"colsample_bytree": 0.5408457515277975, "eta": 0.06608925094544564, "gamma": 586.8048917885932, "max_depth": 5.0, "min_child_weight": 4330.262312205533, "num_boost_round": 85.0, "subsample": 0.5958561393057527}, "datetime": {"datetime": "2024-01-20 14:48:15", "elapsed": 1448.585833, "delta": 0.002222}}
{"target": -13.503717362178604, "params": {"colsample_bytree": 0.5408457515277975, "eta": 0.06608925094544564, "gamma": 586.8048917885932, "max_depth": 5.0, "min_child_weight": 4330.262312205533, "num_boost_round": 86.0, "subsample": 0.5958561393057527}, "datetime": {"datetime": "2024-01-20 14:48:15", "elapsed": 1448.588079, "delta": 0.002246}}
