{"target": -13.499612289430296, "params": {"colsample_bytree": 0.502896317926326, "eta": 0.04977467545777071, "gamma": 646.9511731590387, "max_depth": 8.0, "min_child_weight": 4379.876336134047, "num_boost_round": 67.0, "subsample": 0.40673257629500226}, "datetime": {"datetime": "2024-01-20 14:53:49", "elapsed": 1782.547557, "delta": 0.002679}}
{"target": -13.499793924590072, "params": {"colsample_bytree": 0.502896317926326, "eta": 0.04977467545777071, "gamma": 646.9511731590387, "max_depth": 8.0, "min_child_weight": 4379.876336134047, "num_boost_round": 68.0, "subsample": 0.40673257629500226}, "datetime": {"datetime": "2024-01-20 14:53:49", "elapsed": 1782.550337, "delta": 0.00278}}
{"target": -13.49994804272183, "params": {"colsample_bytree": 0.502896317926326, "eta": 0.04977467545777071, "gamma": 646.9511731590387, "max_depth": 8.0, "min_child_weight": 4379.876336134047, "num_boost_round": 69.0, "subsample": 0.40673257629500226}, "datetime": {"datetime": "2024-01-20 14:53:49", "elapsed": 1782.553072, "delta": 0.002735}}
{"target": -13.49762751899107, "params": {"colsample_bytree": 0.9658084821060675, "eta": 0.02866388140419307, "gamma": 699.710251422589, "max_depth": 3.0, "min_child_weight": 4399.909226829131, "num_boost_round": 1.0, "subsample": 0.27833686443696704}, "datetime": {"datetime": "2024-01-20 14:55:03", "elapsed": 1857.337171, "delta": 74.784099}}
{"target": -13.49733959492402, "params": {"colsample_bytree": 0.9658084821060675, "eta": 0.02866388140419307, "gamma": 699.710251422589, "max_depth": 3.0, "min_child_weight": 4399.909226829131, "num_boost_round": 2.0, "subsample": 0.27833686443696704}, "datetime": {"datetime": "2024-01-20 14:55:03", "elapsed": 1857.340781, "delta": 0.00361}}
{"target": -13.497075238550611, "params": {"colsample_bytree": 0.9658084821060675, "eta": 0.02866388140419307, "gamma": 699.710251422589, "max_depth": 3.0, "min_child_weight": 4399.909226829131, "num_boost_round": 3.0, "subsample": 0.27833686443696704}, "datetime": {"datetime": "2024-01-20 14:55:03", "elapsed": 1857.343605, "delta": 0.002824}}
{"target": -13.496882352352321, "params": {"colsample_bytree": 0.9658084821060675, "eta": 0.02866388140419307, "gamma": 699.710251422589, "max_depth": 3.0, "min_child_weight": 4399.909226829131, "num_boost_round": 4.0, "subsample": 0.27833686443696704}, "datetime": {"datetime": "2024-01-20 14:55:03", "elapsed": 1857.346361, "delta": 0.002756}}
{"target": -13.496646046708214, "params": {"colsample_bytree": 0.9658084821060675, "eta": 0.02866388140419307, "gamma": 699.710251422589, "max_depth": 3.0, "min_child_weight": 4399.909226829131, "num_boost_round": 5.0, "subsample": 0.27833686443696704}, "datetime": {"datetime": "2024-01-20 14:55:03", "elapsed": 1857.349118, "delta": 0.002757}}
{"target": -13.496397092258889, "params": {"colsample_bytree": 0.9658084821060675, "eta": 0.02866388140419307, "gamma": 699.710251422589, "max_depth": 3.0, "min_child_weight": 4399.909226829131, "num_boost_round": 6.0, "subsample": 0.27833686443696704}, "datetime": {"datetime": "2024-01-20 14:55:03", "elapsed": 1857.352009, "delta": 0.002891}}
{"target": -13.496291317040075, "params": {"colsample_bytree": 0.9658084821060675, "eta": 0.02866388140419307, "gamma": 699.710251422589, "max_depth": 3.0, "min_child_weight": 4399.909226829131, "num_boost_round": 7.0, "subsample": 0.27833686443696704}, "datetime": {"datetime": "2024-01-20 14:55:03", "elapsed": 1857.3548, "delta": 0.002791}}
{"target": -13.496140687683493, "params": {"colsample_bytree": 0.9658084821060675, "eta": 0.02866388140419307, "gamma": 699.710251422589, "max_depth": 3.0, "min_child_weight": 4399.909226829131, "num_boost_round": 8.0, "subsample": 0.27833686443696704}, "datetime": {"datetime": "2024-01-20 14:55:03", "elapsed": 1857.357585, "delta": 0.002785}}
{"target": -13.496107913682714, "params": {"colsample_bytree": 0.9658084821060675, "eta": 0.02866388140419307, "gamma": 699.710251422589, "max_depth": 3.0, "min_child_weight": 4399.909226829131, "num_boost_round": 9.0, "subsample": 0.27833686443696704}, "datetime": {"datetime": "2024-01-20 14:55:03", "elapsed": 1857.360339, "delta": 0.002754}}
{"target": -13.496048797865978, "params": {"colsample_bytree": 0.9658084821060675, "eta": 0.02866388140419307, "gamma": 699.710251422589, "max_depth": 3.0, "min_child_weight": 4399.909226829131, "num_boost_round": 10.0, "subsample": 0.27833686443696704}, "datetime": {"datetime": "2024-01-20 14:55:03", "elapsed": 1857.363079, "delta": 0.00274}}
{"target": -13.495973692206608, "params": {"colsample_bytree": 0.9658084821060675, "eta": 0.02866388140419307, "gamma": 699.710251422589, "max_depth": 3.0, "min_child_weight": 4399.909226829131, "num_boost_round": 11.0, "subsample": 0.27833686443696704}, "datetime": {"datetime": "2024-01-20 14:55:03", "elapsed": 1857.365806, "delta": 0.002727}}
{"target": -13.495883529691968, "params": {"colsample_bytree": 0.9658084821060675, "eta": 0.02866388140419307, "gamma": 699.710251422589, "max_depth": 3.0, "min_child_weight": 4399.909226829131, "num_boost_round": 12.0, "subsample": 0.27833686443696704}, "datetime": {"datetime": "2024-01-20 14:55:03", "elapsed": 1857.368542, "delta": 0.002736}}
{"target": -13.495848974262156, "params": {"colsample_bytree": 0.9658084821060675, "eta": 0.02866388140419307, "gamma": 699.710251422589, "max_depth": 3.0, "min_child_weight": 4399.909226829131, "num_boost_round": 13.0, "subsample": 0.27833686443696704}, "datetime": {"datetime": "2024-01-20 14:55:03", "elapsed": 1857.371282, "delta": 0.00274}}
{"target": -13.49571942285884, "params": {"colsample_bytree": 0.9658084821060675, "eta": 0.02866388140419307, "gamma": 699.710251422589, "max_depth": 3.0, "min_child_weight": 4399.909226829131, "num_boost_round": 14.0, "subsample": 0.27833686443696704}, "datetime": {"datetime": "2024-01-20 14:55:03", "elapsed": 1857.374226, "delta": 0.002944}}
{"target": -13.495715585389867, "params": {"colsample_bytree": 0.9658084821060675, "eta": 0.02866388140419307, "gamma": 699.710251422589, "max_depth": 3.0, "min_child_weight": 4399.909226829131, "num_boost_round": 15.0, "subsample": 0.27833686443696704}, "datetime": {"datetime": "2024-01-20 14:55:03", "elapsed": 1857.377027, "delta": 0.002801}}
{"target": -13.495645937411739, "params": {"colsample_bytree": 0.9658084821060675, "eta": 0.02866388140419307, "gamma": 699.710251422589, "max_depth": 3.0, "min_child_weight": 4399.909226829131, "num_boost_round": 16.0, "subsample": 0.27833686443696704}, "datetime": {"datetime": "2024-01-20 14:55:03", "elapsed": 1857.379832, "delta": 0.002805}}
{"target": -13.495556106726806, "params": {"colsample_bytree": 0.9658084821060675, "eta": 0.02866388140419307, "gamma": 699.710251422589, "max_depth": 3.0, "min_child_weight": 4399.909226829131, "num_boost_round": 17.0, "subsample": 0.27833686443696704}, "datetime": {"datetime": "2024-01-20 14:55:03", "elapsed": 1857.383219, "delta": 0.003387}}
{"target": -13.495403610715076, "params": {"colsample_bytree": 0.9658084821060675, "eta": 0.02866388140419307, "gamma": 699.710251422589, "max_depth": 3.0, "min_child_weight": 4399.909226829131, "num_boost_round": 18.0, "subsample": 0.27833686443696704}, "datetime": {"datetime": "2024-01-20 14:55:03", "elapsed": 1857.386552, "delta": 0.003333}}
{"target": -13.495279860715018, "params": {"colsample_bytree": 0.9658084821060675, "eta": 0.02866388140419307, "gamma": 699.710251422589, "max_depth": 3.0, "min_child_weight": 4399.909226829131, "num_boost_round": 19.0, "subsample": 0.27833686443696704}, "datetime": {"datetime": "2024-01-20 14:55:03", "elapsed": 1857.38975, "delta": 0.003198}}
{"target": -13.495297728378066, "params": {"colsample_bytree": 0.9658084821060675, "eta": 0.02866388140419307, "gamma": 699.710251422589, "max_depth": 3.0, "min_child_weight": 4399.909226829131, "num_boost_round": 20.0, "subsample": 0.27833686443696704}, "datetime": {"datetime": "2024-01-20 14:55:03", "elapsed": 1857.393217, "delta": 0.003467}}
{"target": -13.4951999085811, "params": {"colsample_bytree": 0.9658084821060675, "eta": 0.02866388140419307, "gamma": 699.710251422589, "max_depth": 3.0, "min_child_weight": 4399.909226829131, "num_boost_round": 21.0, "subsample": 0.27833686443696704}, "datetime": {"datetime": "2024-01-20 14:55:03", "elapsed": 1857.3972, "delta": 0.003983}}
{"target": -13.495159447081232, "params": {"colsample_bytree": 0.9658084821060675, "eta": 0.02866388140419307, "gamma": 699.710251422589, "max_depth": 3.0, "min_child_weight": 4399.909226829131, "num_boost_round": 22.0, "subsample": 0.27833686443696704}, "datetime": {"datetime": "2024-01-20 14:55:03", "elapsed": 1857.400387, "delta": 0.003187}}
{"target": -13.495028588823805, "params": {"colsample_bytree": 0.9658084821060675, "eta": 0.02866388140419307, "gamma": 699.710251422589, "max_depth": 3.0, "min_child_weight": 4399.909226829131, "num_boost_round": 23.0, "subsample": 0.27833686443696704}, "datetime": {"datetime": "2024-01-20 14:55:03", "elapsed": 1857.403245, "delta": 0.002858}}
{"target": -13.495044695805905, "params": {"colsample_bytree": 0.9658084821060675, "eta": 0.02866388140419307, "gamma": 699.710251422589, "max_depth": 3.0, "min_child_weight": 4399.909226829131, "num_boost_round": 24.0, "subsample": 0.27833686443696704}, "datetime": {"datetime": "2024-01-20 14:55:03", "elapsed": 1857.406013, "delta": 0.002768}}
{"target": -13.494892214839268, "params": {"colsample_bytree": 0.9658084821060675, "eta": 0.02866388140419307, "gamma": 699.710251422589, "max_depth": 3.0, "min_child_weight": 4399.909226829131, "num_boost_round": 25.0, "subsample": 0.27833686443696704}, "datetime": {"datetime": "2024-01-20 14:55:03", "elapsed": 1857.408773, "delta": 0.00276}}
{"target": -13.494773184167913, "params": {"colsample_bytree": 0.9658084821060675, "eta": 0.02866388140419307, "gamma": 699.710251422589, "max_depth": 3.0, "min_child_weight": 4399.909226829131, "num_boost_round": 26.0, "subsample": 0.27833686443696704}, "datetime": {"datetime": "2024-01-20 14:55:03", "elapsed": 1857.411536, "delta": 0.002763}}
{"target": -13.494797863925324, "params": {"colsample_bytree": 0.9658084821060675, "eta": 0.02866388140419307, "gamma": 699.710251422589, "max_depth": 3.0, "min_child_weight": 4399.909226829131, "num_boost_round": 27.0, "subsample": 0.27833686443696704}, "datetime": {"datetime": "2024-01-20 14:55:03", "elapsed": 1857.4144, "delta": 0.002864}}
{"target": -13.494813505314397, "params": {"colsample_bytree": 0.9658084821060675, "eta": 0.02866388140419307, "gamma": 699.710251422589, "max_depth": 3.0, "min_child_weight": 4399.909226829131, "num_boost_round": 28.0, "subsample": 0.27833686443696704}, "datetime": {"datetime": "2024-01-20 14:55:03", "elapsed": 1857.417333, "delta": 0.002933}}
{"target": -13.494711520757802, "params": {"colsample_bytree": 0.9658084821060675, "eta": 0.02866388140419307, "gamma": 699.710251422589, "max_depth": 3.0, "min_child_weight": 4399.909226829131, "num_boost_round": 29.0, "subsample": 0.27833686443696704}, "datetime": {"datetime": "2024-01-20 14:55:03", "elapsed": 1857.420214, "delta": 0.002881}}
{"target": -13.494684950740464, "params": {"colsample_bytree": 0.9658084821060675, "eta": 0.02866388140419307, "gamma": 699.710251422589, "max_depth": 3.0, "min_child_weight": 4399.909226829131, "num_boost_round": 30.0, "subsample": 0.27833686443696704}, "datetime": {"datetime": "2024-01-20 14:55:03", "elapsed": 1857.423063, "delta": 0.002849}}
{"target": -13.494613198259412, "params": {"colsample_bytree": 0.9658084821060675, "eta": 0.02866388140419307, "gamma": 699.710251422589, "max_depth": 3.0, "min_child_weight": 4399.909226829131, "num_boost_round": 31.0, "subsample": 0.27833686443696704}, "datetime": {"datetime": "2024-01-20 14:55:03", "elapsed": 1857.425835, "delta": 0.002772}}
{"target": -13.494609651431176, "params": {"colsample_bytree": 0.9658084821060675, "eta": 0.02866388140419307, "gamma": 699.710251422589, "max_depth": 3.0, "min_child_weight": 4399.909226829131, "num_boost_round": 32.0, "subsample": 0.27833686443696704}, "datetime": {"datetime": "2024-01-20 14:55:03", "elapsed": 1857.42859, "delta": 0.002755}}
{"target": -13.49454564795942, "params": {"colsample_bytree": 0.9658084821060675, "eta": 0.02866388140419307, "gamma": 699.710251422589, "max_depth": 3.0, "min_child_weight": 4399.909226829131, "num_boost_round": 33.0, "subsample": 0.27833686443696704}, "datetime": {"datetime": "2024-01-20 14:55:03", "elapsed": 1857.431357, "delta": 0.002767}}
{"target": -13.494507289914024, "params": {"colsample_bytree": 0.9658084821060675, "eta": 0.02866388140419307, "gamma": 699.710251422589, "max_depth": 3.0, "min_child_weight": 4399.909226829131, "num_boost_round": 34.0, "subsample": 0.27833686443696704}, "datetime": {"datetime": "2024-01-20 14:55:03", "elapsed": 1857.434191, "delta": 0.002834}}
{"target": -13.494534560736655, "params": {"colsample_bytree": 0.9658084821060675, "eta": 0.02866388140419307, "gamma": 699.710251422589, "max_depth": 3.0, "min_child_weight": 4399.909226829131, "num_boost_round": 35.0, "subsample": 0.27833686443696704}, "datetime": {"datetime": "2024-01-20 14:55:03", "elapsed": 1857.436998, "delta": 0.002807}}
{"target": -13.494519897547226, "params": {"colsample_bytree": 0.9658084821060675, "eta": 0.02866388140419307, "gamma": 699.710251422589, "max_depth": 3.0, "min_child_weight": 4399.909226829131, "num_boost_round": 36.0, "subsample": 0.27833686443696704}, "datetime": {"datetime": "2024-01-20 14:55:03", "elapsed": 1857.439785, "delta": 0.002787}}
{"target": -13.494550728941844, "params": {"colsample_bytree": 0.9658084821060675, "eta": 0.02866388140419307, "gamma": 699.710251422589, "max_depth": 3.0, "min_child_weight": 4399.909226829131, "num_boost_round": 37.0, "subsample": 0.27833686443696704}, "datetime": {"datetime": "2024-01-20 14:55:04", "elapsed": 1857.442585, "delta": 0.0028}}
{"target": -13.494412691594821, "params": {"colsample_bytree": 0.9658084821060675, "eta": 0.02866388140419307, "gamma": 699.710251422589, "max_depth": 3.0, "min_child_weight": 4399.909226829131, "num_boost_round": 38.0, "subsample": 0.27833686443696704}, "datetime": {"datetime": "2024-01-20 14:55:04", "elapsed": 1857.445392, "delta": 0.002807}}
{"target": -13.494374656282911, "params": {"colsample_bytree": 0.9658084821060675, "eta": 0.02866388140419307, "gamma": 699.710251422589, "max_depth": 3.0, "min_child_weight": 4399.909226829131, "num_boost_round": 39.0, "subsample": 0.27833686443696704}, "datetime": {"datetime": "2024-01-20 14:55:04", "elapsed": 1857.448214, "delta": 0.002822}}
{"target": -13.494323434614179, "params": {"colsample_bytree": 0.9658084821060675, "eta": 0.02866388140419307, "gamma": 699.710251422589, "max_depth": 3.0, "min_child_weight": 4399.909226829131, "num_boost_round": 40.0, "subsample": 0.27833686443696704}, "datetime": {"datetime": "2024-01-20 14:55:04", "elapsed": 1857.450995, "delta": 0.002781}}
{"target": -13.49432870717108, "params": {"colsample_bytree": 0.9658084821060675, "eta": 0.02866388140419307, "gamma": 699.710251422589, "max_depth": 3.0, "min_child_weight": 4399.909226829131, "num_boost_round": 41.0, "subsample": 0.27833686443696704}, "datetime": {"datetime": "2024-01-20 14:55:04", "elapsed": 1857.453796, "delta": 0.002801}}
{"target": -13.49444786144433, "params": {"colsample_bytree": 0.9658084821060675, "eta": 0.02866388140419307, "gamma": 699.710251422589, "max_depth": 3.0, "min_child_weight": 4399.909226829131, "num_boost_round": 42.0, "subsample": 0.27833686443696704}, "datetime": {"datetime": "2024-01-20 14:55:04", "elapsed": 1857.456602, "delta": 0.002806}}
{"target": -13.494421085977951, "params": {"colsample_bytree": 0.9658084821060675, "eta": 0.02866388140419307, "gamma": 699.710251422589, "max_depth": 3.0, "min_child_weight": 4399.909226829131, "num_boost_round": 43.0, "subsample": 0.27833686443696704}, "datetime": {"datetime": "2024-01-20 14:55:04", "elapsed": 1857.459402, "delta": 0.0028}}
{"target": -13.49443556775234, "params": {"colsample_bytree": 0.9658084821060675, "eta": 0.02866388140419307, "gamma": 699.710251422589, "max_depth": 3.0, "min_child_weight": 4399.909226829131, "num_boost_round": 44.0, "subsample": 0.27833686443696704}, "datetime": {"datetime": "2024-01-20 14:55:04", "elapsed": 1857.462206, "delta": 0.002804}}
{"target": -13.494419027694754, "params": {"colsample_bytree": 0.9658084821060675, "eta": 0.02866388140419307, "gamma": 699.710251422589, "max_depth": 3.0, "min_child_weight": 4399.909226829131, "num_boost_round": 45.0, "subsample": 0.27833686443696704}, "datetime": {"datetime": "2024-01-20 14:55:04", "elapsed": 1857.465011, "delta": 0.002805}}
{"target": -13.494430655771493, "params": {"colsample_bytree": 0.9658084821060675, "eta": 0.02866388140419307, "gamma": 699.710251422589, "max_depth": 3.0, "min_child_weight": 4399.909226829131, "num_boost_round": 46.0, "subsample": 0.27833686443696704}, "datetime": {"datetime": "2024-01-20 14:55:04", "elapsed": 1857.467803, "delta": 0.002792}}
{"target": -13.494444301251082, "params": {"colsample_bytree": 0.9658084821060675, "eta": 0.02866388140419307, "gamma": 699.710251422589, "max_depth": 3.0, "min_child_weight": 4399.909226829131, "num_boost_round": 47.0, "subsample": 0.27833686443696704}, "datetime": {"datetime": "2024-01-20 14:55:04", "elapsed": 1857.47062, "delta": 0.002817}}
{"target": -13.49446230531747, "params": {"colsample_bytree": 0.9658084821060675, "eta": 0.02866388140419307, "gamma": 699.710251422589, "max_depth": 3.0, "min_child_weight": 4399.909226829131, "num_boost_round": 48.0, "subsample": 0.27833686443696704}, "datetime": {"datetime": "2024-01-20 14:55:04", "elapsed": 1857.473419, "delta": 0.002799}}
{"target": -13.494430768923644, "params": {"colsample_bytree": 0.9658084821060675, "eta": 0.02866388140419307, "gamma": 699.710251422589, "max_depth": 3.0, "min_child_weight": 4399.909226829131, "num_boost_round": 49.0, "subsample": 0.27833686443696704}, "datetime": {"datetime": "2024-01-20 14:55:04", "elapsed": 1857.476234, "delta": 0.002815}}
{"target": -13.494351217864168, "params": {"colsample_bytree": 0.9658084821060675, "eta": 0.02866388140419307, "gamma": 699.710251422589, "max_depth": 3.0, "min_child_weight": 4399.909226829131, "num_boost_round": 50.0, "subsample": 0.27833686443696704}, "datetime": {"datetime": "2024-01-20 14:55:04", "elapsed": 1857.479029, "delta": 0.002795}}
{"target": -13.494339775308125, "params": {"colsample_bytree": 0.9658084821060675, "eta": 0.02866388140419307, "gamma": 699.710251422589, "max_depth": 3.0, "min_child_weight": 4399.909226829131, "num_boost_round": 51.0, "subsample": 0.27833686443696704}, "datetime": {"datetime": "2024-01-20 14:55:04", "elapsed": 1857.48185, "delta": 0.002821}}
{"target": -13.49426058849609, "params": {"colsample_bytree": 0.9658084821060675, "eta": 0.02866388140419307, "gamma": 699.710251422589, "max_depth": 3.0, "min_child_weight": 4399.909226829131, "num_boost_round": 52.0, "subsample": 0.27833686443696704}, "datetime": {"datetime": "2024-01-20 14:55:04", "elapsed": 1857.484652, "delta": 0.002802}}
{"target": -13.494190803770648, "params": {"colsample_bytree": 0.9658084821060675, "eta": 0.02866388140419307, "gamma": 699.710251422589, "max_depth": 3.0, "min_child_weight": 4399.909226829131, "num_boost_round": 53.0, "subsample": 0.27833686443696704}, "datetime": {"datetime": "2024-01-20 14:55:04", "elapsed": 1857.488001, "delta": 0.003349}}
{"target": -13.494175484302263, "params": {"colsample_bytree": 0.9658084821060675, "eta": 0.02866388140419307, "gamma": 699.710251422589, "max_depth": 3.0, "min_child_weight": 4399.909226829131, "num_boost_round": 54.0, "subsample": 0.27833686443696704}, "datetime": {"datetime": "2024-01-20 14:55:04", "elapsed": 1857.491254, "delta": 0.003253}}
{"target": -13.49414923922885, "params": {"colsample_bytree": 0.9658084821060675, "eta": 0.02866388140419307, "gamma": 699.710251422589, "max_depth": 3.0, "min_child_weight": 4399.909226829131, "num_boost_round": 55.0, "subsample": 0.27833686443696704}, "datetime": {"datetime": "2024-01-20 14:55:04", "elapsed": 1857.494726, "delta": 0.003472}}
{"target": -13.494114304074785, "params": {"colsample_bytree": 0.9658084821060675, "eta": 0.02866388140419307, "gamma": 699.710251422589, "max_depth": 3.0, "min_child_weight": 4399.909226829131, "num_boost_round": 56.0, "subsample": 0.27833686443696704}, "datetime": {"datetime": "2024-01-20 14:55:04", "elapsed": 1857.498061, "delta": 0.003335}}
{"target": -13.494111878518197, "params": {"colsample_bytree": 0.9658084821060675, "eta": 0.02866388140419307, "gamma": 699.710251422589, "max_depth": 3.0, "min_child_weight": 4399.909226829131, "num_boost_round": 57.0, "subsample": 0.27833686443696704}, "datetime": {"datetime": "2024-01-20 14:55:04", "elapsed": 1857.501012, "delta": 0.002951}}
{"target": -13.494073509418289, "params": {"colsample_bytree": 0.9658084821060675, "eta": 0.02866388140419307, "gamma": 699.710251422589, "max_depth": 3.0, "min_child_weight": 4399.909226829131, "num_boost_round": 58.0, "subsample": 0.27833686443696704}, "datetime": {"datetime": "2024-01-20 14:55:04", "elapsed": 1857.503928, "delta": 0.002916}}
{"target": -13.494115608612226, "params": {"colsample_bytree": 0.9658084821060675, "eta": 0.02866388140419307, "gamma": 699.710251422589, "max_depth": 3.0, "min_child_weight": 4399.909226829131, "num_boost_round": 59.0, "subsample": 0.27833686443696704}, "datetime": {"datetime": "2024-01-20 14:55:04", "elapsed": 1857.506838, "delta": 0.00291}}
{"target": -13.494223299071194, "params": {"colsample_bytree": 0.9658084821060675, "eta": 0.02866388140419307, "gamma": 699.710251422589, "max_depth": 3.0, "min_child_weight": 4399.909226829131, "num_boost_round": 60.0, "subsample": 0.27833686443696704}, "datetime": {"datetime": "2024-01-20 14:55:04", "elapsed": 1857.509689, "delta": 0.002851}}
