{"target": -10.301254681109217, "params": {"colsample_bytree": 0.28635484658787774, "eta": 0.05119610340703835, "gamma": 697.8952213781719, "max_depth": 2.0, "min_child_weight": 4722.166933642901, "num_boost_round": 17.0, "subsample": 0.6024815758734153}, "datetime": {"datetime": "2024-01-20 14:54:04", "elapsed": 5542.297203, "delta": 0.002858}}
{"target": -10.301436151873007, "params": {"colsample_bytree": 0.28635484658787774, "eta": 0.05119610340703835, "gamma": 697.8952213781719, "max_depth": 2.0, "min_child_weight": 4722.166933642901, "num_boost_round": 18.0, "subsample": 0.6024815758734153}, "datetime": {"datetime": "2024-01-20 14:54:04", "elapsed": 5542.300092, "delta": 0.002889}}
{"target": -10.30175623528895, "params": {"colsample_bytree": 0.28635484658787774, "eta": 0.05119610340703835, "gamma": 697.8952213781719, "max_depth": 2.0, "min_child_weight": 4722.166933642901, "num_boost_round": 19.0, "subsample": 0.6024815758734153}, "datetime": {"datetime": "2024-01-20 14:54:04", "elapsed": 5542.302958, "delta": 0.002866}}
{"target": -10.301804899606253, "params": {"colsample_bytree": 0.28635484658787774, "eta": 0.05119610340703835, "gamma": 697.8952213781719, "max_depth": 2.0, "min_child_weight": 4722.166933642901, "num_boost_round": 20.0, "subsample": 0.6024815758734153}, "datetime": {"datetime": "2024-01-20 14:54:04", "elapsed": 5542.305788, "delta": 0.00283}}
{"target": -10.302063807960408, "params": {"colsample_bytree": 0.28635484658787774, "eta": 0.05119610340703835, "gamma": 697.8952213781719, "max_depth": 2.0, "min_child_weight": 4722.166933642901, "num_boost_round": 21.0, "subsample": 0.6024815758734153}, "datetime": {"datetime": "2024-01-20 14:54:04", "elapsed": 5542.308884, "delta": 0.003096}}
{"target": -10.30226012832301, "params": {"colsample_bytree": 0.28635484658787774, "eta": 0.05119610340703835, "gamma": 697.8952213781719, "max_depth": 2.0, "min_child_weight": 4722.166933642901, "num_boost_round": 22.0, "subsample": 0.6024815758734153}, "datetime": {"datetime": "2024-01-20 14:54:04", "elapsed": 5542.31173, "delta": 0.002846}}
{"target": -10.30254653971647, "params": {"colsample_bytree": 0.28635484658787774, "eta": 0.05119610340703835, "gamma": 697.8952213781719, "max_depth": 2.0, "min_child_weight": 4722.166933642901, "num_boost_round": 23.0, "subsample": 0.6024815758734153}, "datetime": {"datetime": "2024-01-20 14:54:04", "elapsed": 5542.31452, "delta": 0.00279}}
{"target": -10.302667388445485, "params": {"colsample_bytree": 0.28635484658787774, "eta": 0.05119610340703835, "gamma": 697.8952213781719, "max_depth": 2.0, "min_child_weight": 4722.166933642901, "num_boost_round": 24.0, "subsample": 0.6024815758734153}, "datetime": {"datetime": "2024-01-20 14:54:04", "elapsed": 5542.317356, "delta": 0.002836}}
{"target": -10.302767304738373, "params": {"colsample_bytree": 0.28635484658787774, "eta": 0.05119610340703835, "gamma": 697.8952213781719, "max_depth": 2.0, "min_child_weight": 4722.166933642901, "num_boost_round": 25.0, "subsample": 0.6024815758734153}, "datetime": {"datetime": "2024-01-20 14:54:04", "elapsed": 5542.320229, "delta": 0.002873}}
{"target": -10.303008248312711, "params": {"colsample_bytree": 0.28635484658787774, "eta": 0.05119610340703835, "gamma": 697.8952213781719, "max_depth": 2.0, "min_child_weight": 4722.166933642901, "num_boost_round": 26.0, "subsample": 0.6024815758734153}, "datetime": {"datetime": "2024-01-20 14:54:04", "elapsed": 5542.323117, "delta": 0.002888}}
{"target": -10.303020943921446, "params": {"colsample_bytree": 0.28635484658787774, "eta": 0.05119610340703835, "gamma": 697.8952213781719, "max_depth": 2.0, "min_child_weight": 4722.166933642901, "num_boost_round": 27.0, "subsample": 0.6024815758734153}, "datetime": {"datetime": "2024-01-20 14:54:04", "elapsed": 5542.325943, "delta": 0.002826}}
{"target": -10.303087032717798, "params": {"colsample_bytree": 0.28635484658787774, "eta": 0.05119610340703835, "gamma": 697.8952213781719, "max_depth": 2.0, "min_child_weight": 4722.166933642901, "num_boost_round": 28.0, "subsample": 0.6024815758734153}, "datetime": {"datetime": "2024-01-20 14:54:04", "elapsed": 5542.329358, "delta": 0.003415}}
{"target": -10.30329554764673, "params": {"colsample_bytree": 0.28635484658787774, "eta": 0.05119610340703835, "gamma": 697.8952213781719, "max_depth": 2.0, "min_child_weight": 4722.166933642901, "num_boost_round": 29.0, "subsample": 0.6024815758734153}, "datetime": {"datetime": "2024-01-20 14:54:04", "elapsed": 5542.332315, "delta": 0.002957}}
{"target": -10.30341377258664, "params": {"colsample_bytree": 0.28635484658787774, "eta": 0.05119610340703835, "gamma": 697.8952213781719, "max_depth": 2.0, "min_child_weight": 4722.166933642901, "num_boost_round": 30.0, "subsample": 0.6024815758734153}, "datetime": {"datetime": "2024-01-20 14:54:04", "elapsed": 5542.335158, "delta": 0.002843}}
{"target": -10.303500905972433, "params": {"colsample_bytree": 0.28635484658787774, "eta": 0.05119610340703835, "gamma": 697.8952213781719, "max_depth": 2.0, "min_child_weight": 4722.166933642901, "num_boost_round": 31.0, "subsample": 0.6024815758734153}, "datetime": {"datetime": "2024-01-20 14:54:04", "elapsed": 5542.338217, "delta": 0.003059}}
{"target": -10.303621295446478, "params": {"colsample_bytree": 0.28635484658787774, "eta": 0.05119610340703835, "gamma": 697.8952213781719, "max_depth": 2.0, "min_child_weight": 4722.166933642901, "num_boost_round": 32.0, "subsample": 0.6024815758734153}, "datetime": {"datetime": "2024-01-20 14:54:04", "elapsed": 5542.34173, "delta": 0.003513}}
{"target": -10.303962114136318, "params": {"colsample_bytree": 0.28635484658787774, "eta": 0.05119610340703835, "gamma": 697.8952213781719, "max_depth": 2.0, "min_child_weight": 4722.166933642901, "num_boost_round": 33.0, "subsample": 0.6024815758734153}, "datetime": {"datetime": "2024-01-20 14:54:04", "elapsed": 5542.344759, "delta": 0.003029}}
{"target": -10.303809808171629, "params": {"colsample_bytree": 0.28635484658787774, "eta": 0.05119610340703835, "gamma": 697.8952213781719, "max_depth": 2.0, "min_child_weight": 4722.166933642901, "num_boost_round": 34.0, "subsample": 0.6024815758734153}, "datetime": {"datetime": "2024-01-20 14:54:04", "elapsed": 5542.347587, "delta": 0.002828}}
{"target": -10.303926020181741, "params": {"colsample_bytree": 0.28635484658787774, "eta": 0.05119610340703835, "gamma": 697.8952213781719, "max_depth": 2.0, "min_child_weight": 4722.166933642901, "num_boost_round": 35.0, "subsample": 0.6024815758734153}, "datetime": {"datetime": "2024-01-20 14:54:04", "elapsed": 5542.350727, "delta": 0.00314}}
{"target": -10.304304030677361, "params": {"colsample_bytree": 0.28635484658787774, "eta": 0.05119610340703835, "gamma": 697.8952213781719, "max_depth": 2.0, "min_child_weight": 4722.166933642901, "num_boost_round": 36.0, "subsample": 0.6024815758734153}, "datetime": {"datetime": "2024-01-20 14:54:04", "elapsed": 5542.35354, "delta": 0.002813}}
{"target": -10.3044418813198, "params": {"colsample_bytree": 0.28635484658787774, "eta": 0.05119610340703835, "gamma": 697.8952213781719, "max_depth": 2.0, "min_child_weight": 4722.166933642901, "num_boost_round": 37.0, "subsample": 0.6024815758734153}, "datetime": {"datetime": "2024-01-20 14:54:04", "elapsed": 5542.356338, "delta": 0.002798}}
{"target": -10.304575105755104, "params": {"colsample_bytree": 0.28635484658787774, "eta": 0.05119610340703835, "gamma": 697.8952213781719, "max_depth": 2.0, "min_child_weight": 4722.166933642901, "num_boost_round": 38.0, "subsample": 0.6024815758734153}, "datetime": {"datetime": "2024-01-20 14:54:04", "elapsed": 5542.359179, "delta": 0.002841}}
{"target": -10.304725816558816, "params": {"colsample_bytree": 0.28635484658787774, "eta": 0.05119610340703835, "gamma": 697.8952213781719, "max_depth": 2.0, "min_child_weight": 4722.166933642901, "num_boost_round": 39.0, "subsample": 0.6024815758734153}, "datetime": {"datetime": "2024-01-20 14:54:04", "elapsed": 5542.362043, "delta": 0.002864}}
{"target": -10.304774608866328, "params": {"colsample_bytree": 0.28635484658787774, "eta": 0.05119610340703835, "gamma": 697.8952213781719, "max_depth": 2.0, "min_child_weight": 4722.166933642901, "num_boost_round": 40.0, "subsample": 0.6024815758734153}, "datetime": {"datetime": "2024-01-20 14:54:04", "elapsed": 5542.365015, "delta": 0.002972}}
{"target": -10.304755022770145, "params": {"colsample_bytree": 0.28635484658787774, "eta": 0.05119610340703835, "gamma": 697.8952213781719, "max_depth": 2.0, "min_child_weight": 4722.166933642901, "num_boost_round": 41.0, "subsample": 0.6024815758734153}, "datetime": {"datetime": "2024-01-20 14:54:04", "elapsed": 5542.36791, "delta": 0.002895}}
{"target": -10.30478662232941, "params": {"colsample_bytree": 0.28635484658787774, "eta": 0.05119610340703835, "gamma": 697.8952213781719, "max_depth": 2.0, "min_child_weight": 4722.166933642901, "num_boost_round": 42.0, "subsample": 0.6024815758734153}, "datetime": {"datetime": "2024-01-20 14:54:04", "elapsed": 5542.370805, "delta": 0.002895}}
{"target": -10.305068058505325, "params": {"colsample_bytree": 0.28635484658787774, "eta": 0.05119610340703835, "gamma": 697.8952213781719, "max_depth": 2.0, "min_child_weight": 4722.166933642901, "num_boost_round": 43.0, "subsample": 0.6024815758734153}, "datetime": {"datetime": "2024-01-20 14:54:04", "elapsed": 5542.373746, "delta": 0.002941}}
{"target": -10.305135057040147, "params": {"colsample_bytree": 0.28635484658787774, "eta": 0.05119610340703835, "gamma": 697.8952213781719, "max_depth": 2.0, "min_child_weight": 4722.166933642901, "num_boost_round": 44.0, "subsample": 0.6024815758734153}, "datetime": {"datetime": "2024-01-20 14:54:04", "elapsed": 5542.376684, "delta": 0.002938}}
{"target": -10.305263119178413, "params": {"colsample_bytree": 0.28635484658787774, "eta": 0.05119610340703835, "gamma": 697.8952213781719, "max_depth": 2.0, "min_child_weight": 4722.166933642901, "num_boost_round": 45.0, "subsample": 0.6024815758734153}, "datetime": {"datetime": "2024-01-20 14:54:04", "elapsed": 5542.379652, "delta": 0.002968}}
{"target": -10.305203711132206, "params": {"colsample_bytree": 0.28635484658787774, "eta": 0.05119610340703835, "gamma": 697.8952213781719, "max_depth": 2.0, "min_child_weight": 4722.166933642901, "num_boost_round": 46.0, "subsample": 0.6024815758734153}, "datetime": {"datetime": "2024-01-20 14:54:04", "elapsed": 5542.382512, "delta": 0.00286}}
{"target": -10.305438637151983, "params": {"colsample_bytree": 0.28635484658787774, "eta": 0.05119610340703835, "gamma": 697.8952213781719, "max_depth": 2.0, "min_child_weight": 4722.166933642901, "num_boost_round": 47.0, "subsample": 0.6024815758734153}, "datetime": {"datetime": "2024-01-20 14:54:04", "elapsed": 5542.385391, "delta": 0.002879}}
{"target": -10.305419738442707, "params": {"colsample_bytree": 0.28635484658787774, "eta": 0.05119610340703835, "gamma": 697.8952213781719, "max_depth": 2.0, "min_child_weight": 4722.166933642901, "num_boost_round": 48.0, "subsample": 0.6024815758734153}, "datetime": {"datetime": "2024-01-20 14:54:04", "elapsed": 5542.388374, "delta": 0.002983}}
{"target": -10.305504009587832, "params": {"colsample_bytree": 0.28635484658787774, "eta": 0.05119610340703835, "gamma": 697.8952213781719, "max_depth": 2.0, "min_child_weight": 4722.166933642901, "num_boost_round": 49.0, "subsample": 0.6024815758734153}, "datetime": {"datetime": "2024-01-20 14:54:04", "elapsed": 5542.391295, "delta": 0.002921}}
{"target": -10.305658030563219, "params": {"colsample_bytree": 0.28635484658787774, "eta": 0.05119610340703835, "gamma": 697.8952213781719, "max_depth": 2.0, "min_child_weight": 4722.166933642901, "num_boost_round": 50.0, "subsample": 0.6024815758734153}, "datetime": {"datetime": "2024-01-20 14:54:04", "elapsed": 5542.39421, "delta": 0.002915}}
{"target": -10.305918461938383, "params": {"colsample_bytree": 0.28635484658787774, "eta": 0.05119610340703835, "gamma": 697.8952213781719, "max_depth": 2.0, "min_child_weight": 4722.166933642901, "num_boost_round": 51.0, "subsample": 0.6024815758734153}, "datetime": {"datetime": "2024-01-20 14:54:04", "elapsed": 5542.397109, "delta": 0.002899}}
{"target": -10.306140226531921, "params": {"colsample_bytree": 0.28635484658787774, "eta": 0.05119610340703835, "gamma": 697.8952213781719, "max_depth": 2.0, "min_child_weight": 4722.166933642901, "num_boost_round": 52.0, "subsample": 0.6024815758734153}, "datetime": {"datetime": "2024-01-20 14:54:04", "elapsed": 5542.400002, "delta": 0.002893}}
{"target": -10.306146891499958, "params": {"colsample_bytree": 0.28635484658787774, "eta": 0.05119610340703835, "gamma": 697.8952213781719, "max_depth": 2.0, "min_child_weight": 4722.166933642901, "num_boost_round": 53.0, "subsample": 0.6024815758734153}, "datetime": {"datetime": "2024-01-20 14:54:04", "elapsed": 5542.402935, "delta": 0.002933}}
{"target": -10.306155274889296, "params": {"colsample_bytree": 0.28635484658787774, "eta": 0.05119610340703835, "gamma": 697.8952213781719, "max_depth": 2.0, "min_child_weight": 4722.166933642901, "num_boost_round": 54.0, "subsample": 0.6024815758734153}, "datetime": {"datetime": "2024-01-20 14:54:04", "elapsed": 5542.405888, "delta": 0.002953}}
{"target": -10.306382376977067, "params": {"colsample_bytree": 0.28635484658787774, "eta": 0.05119610340703835, "gamma": 697.8952213781719, "max_depth": 2.0, "min_child_weight": 4722.166933642901, "num_boost_round": 55.0, "subsample": 0.6024815758734153}, "datetime": {"datetime": "2024-01-20 14:54:04", "elapsed": 5542.408803, "delta": 0.002915}}
{"target": -10.30651791048375, "params": {"colsample_bytree": 0.28635484658787774, "eta": 0.05119610340703835, "gamma": 697.8952213781719, "max_depth": 2.0, "min_child_weight": 4722.166933642901, "num_boost_round": 56.0, "subsample": 0.6024815758734153}, "datetime": {"datetime": "2024-01-20 14:54:04", "elapsed": 5542.411731, "delta": 0.002928}}
{"target": -10.306654197913085, "params": {"colsample_bytree": 0.28635484658787774, "eta": 0.05119610340703835, "gamma": 697.8952213781719, "max_depth": 2.0, "min_child_weight": 4722.166933642901, "num_boost_round": 57.0, "subsample": 0.6024815758734153}, "datetime": {"datetime": "2024-01-20 14:54:04", "elapsed": 5542.414749, "delta": 0.003018}}
{"target": -10.306641967550918, "params": {"colsample_bytree": 0.28635484658787774, "eta": 0.05119610340703835, "gamma": 697.8952213781719, "max_depth": 2.0, "min_child_weight": 4722.166933642901, "num_boost_round": 58.0, "subsample": 0.6024815758734153}, "datetime": {"datetime": "2024-01-20 14:54:04", "elapsed": 5542.417712, "delta": 0.002963}}
{"target": -10.298414203334413, "params": {"colsample_bytree": 0.5131731014507396, "eta": 0.00823623439380283, "gamma": 773.7555988157642, "max_depth": 7.0, "min_child_weight": 4551.6429580997155, "num_boost_round": 1.0, "subsample": 0.22416947682392216}, "datetime": {"datetime": "2024-01-20 14:55:45", "elapsed": 5642.801884, "delta": 100.384172}}
{"target": -10.298403660512346, "params": {"colsample_bytree": 0.5131731014507396, "eta": 0.00823623439380283, "gamma": 773.7555988157642, "max_depth": 7.0, "min_child_weight": 4551.6429580997155, "num_boost_round": 2.0, "subsample": 0.22416947682392216}, "datetime": {"datetime": "2024-01-20 14:55:45", "elapsed": 5642.809946, "delta": 0.008062}}
{"target": -10.298395095147322, "params": {"colsample_bytree": 0.5131731014507396, "eta": 0.00823623439380283, "gamma": 773.7555988157642, "max_depth": 7.0, "min_child_weight": 4551.6429580997155, "num_boost_round": 3.0, "subsample": 0.22416947682392216}, "datetime": {"datetime": "2024-01-20 14:55:45", "elapsed": 5642.813989, "delta": 0.004043}}
{"target": -10.298396060573975, "params": {"colsample_bytree": 0.5131731014507396, "eta": 0.00823623439380283, "gamma": 773.7555988157642, "max_depth": 7.0, "min_child_weight": 4551.6429580997155, "num_boost_round": 4.0, "subsample": 0.22416947682392216}, "datetime": {"datetime": "2024-01-20 14:55:45", "elapsed": 5642.817685, "delta": 0.003696}}
{"target": -10.298379429657725, "params": {"colsample_bytree": 0.5131731014507396, "eta": 0.00823623439380283, "gamma": 773.7555988157642, "max_depth": 7.0, "min_child_weight": 4551.6429580997155, "num_boost_round": 5.0, "subsample": 0.22416947682392216}, "datetime": {"datetime": "2024-01-20 14:55:45", "elapsed": 5642.821046, "delta": 0.003361}}
{"target": -10.298342603317124, "params": {"colsample_bytree": 0.5131731014507396, "eta": 0.00823623439380283, "gamma": 773.7555988157642, "max_depth": 7.0, "min_child_weight": 4551.6429580997155, "num_boost_round": 6.0, "subsample": 0.22416947682392216}, "datetime": {"datetime": "2024-01-20 14:55:45", "elapsed": 5642.824334, "delta": 0.003288}}
{"target": -10.29830050095207, "params": {"colsample_bytree": 0.5131731014507396, "eta": 0.00823623439380283, "gamma": 773.7555988157642, "max_depth": 7.0, "min_child_weight": 4551.6429580997155, "num_boost_round": 7.0, "subsample": 0.22416947682392216}, "datetime": {"datetime": "2024-01-20 14:55:45", "elapsed": 5642.827499, "delta": 0.003165}}
{"target": -10.298242776080908, "params": {"colsample_bytree": 0.5131731014507396, "eta": 0.00823623439380283, "gamma": 773.7555988157642, "max_depth": 7.0, "min_child_weight": 4551.6429580997155, "num_boost_round": 8.0, "subsample": 0.22416947682392216}, "datetime": {"datetime": "2024-01-20 14:55:45", "elapsed": 5642.831687, "delta": 0.004188}}
{"target": -10.298189298188264, "params": {"colsample_bytree": 0.5131731014507396, "eta": 0.00823623439380283, "gamma": 773.7555988157642, "max_depth": 7.0, "min_child_weight": 4551.6429580997155, "num_boost_round": 9.0, "subsample": 0.22416947682392216}, "datetime": {"datetime": "2024-01-20 14:55:45", "elapsed": 5642.834846, "delta": 0.003159}}
{"target": -10.298153991365943, "params": {"colsample_bytree": 0.5131731014507396, "eta": 0.00823623439380283, "gamma": 773.7555988157642, "max_depth": 7.0, "min_child_weight": 4551.6429580997155, "num_boost_round": 10.0, "subsample": 0.22416947682392216}, "datetime": {"datetime": "2024-01-20 14:55:45", "elapsed": 5642.838357, "delta": 0.003511}}
{"target": -10.298101763906711, "params": {"colsample_bytree": 0.5131731014507396, "eta": 0.00823623439380283, "gamma": 773.7555988157642, "max_depth": 7.0, "min_child_weight": 4551.6429580997155, "num_boost_round": 11.0, "subsample": 0.22416947682392216}, "datetime": {"datetime": "2024-01-20 14:55:45", "elapsed": 5642.842589, "delta": 0.004232}}
{"target": -10.298109164272544, "params": {"colsample_bytree": 0.5131731014507396, "eta": 0.00823623439380283, "gamma": 773.7555988157642, "max_depth": 7.0, "min_child_weight": 4551.6429580997155, "num_boost_round": 12.0, "subsample": 0.22416947682392216}, "datetime": {"datetime": "2024-01-20 14:55:45", "elapsed": 5642.845985, "delta": 0.003396}}
{"target": -10.297997927070721, "params": {"colsample_bytree": 0.5131731014507396, "eta": 0.00823623439380283, "gamma": 773.7555988157642, "max_depth": 7.0, "min_child_weight": 4551.6429580997155, "num_boost_round": 13.0, "subsample": 0.22416947682392216}, "datetime": {"datetime": "2024-01-20 14:55:45", "elapsed": 5642.849478, "delta": 0.003493}}
{"target": -10.297967308886317, "params": {"colsample_bytree": 0.5131731014507396, "eta": 0.00823623439380283, "gamma": 773.7555988157642, "max_depth": 7.0, "min_child_weight": 4551.6429580997155, "num_boost_round": 14.0, "subsample": 0.22416947682392216}, "datetime": {"datetime": "2024-01-20 14:55:45", "elapsed": 5642.852634, "delta": 0.003156}}
{"target": -10.297952765860117, "params": {"colsample_bytree": 0.5131731014507396, "eta": 0.00823623439380283, "gamma": 773.7555988157642, "max_depth": 7.0, "min_child_weight": 4551.6429580997155, "num_boost_round": 15.0, "subsample": 0.22416947682392216}, "datetime": {"datetime": "2024-01-20 14:55:45", "elapsed": 5642.855861, "delta": 0.003227}}
{"target": -10.297914273418105, "params": {"colsample_bytree": 0.5131731014507396, "eta": 0.00823623439380283, "gamma": 773.7555988157642, "max_depth": 7.0, "min_child_weight": 4551.6429580997155, "num_boost_round": 16.0, "subsample": 0.22416947682392216}, "datetime": {"datetime": "2024-01-20 14:55:45", "elapsed": 5642.858979, "delta": 0.003118}}
{"target": -10.297868648359387, "params": {"colsample_bytree": 0.5131731014507396, "eta": 0.00823623439380283, "gamma": 773.7555988157642, "max_depth": 7.0, "min_child_weight": 4551.6429580997155, "num_boost_round": 17.0, "subsample": 0.22416947682392216}, "datetime": {"datetime": "2024-01-20 14:55:45", "elapsed": 5642.862176, "delta": 0.003197}}
{"target": -10.297846199282123, "params": {"colsample_bytree": 0.5131731014507396, "eta": 0.00823623439380283, "gamma": 773.7555988157642, "max_depth": 7.0, "min_child_weight": 4551.6429580997155, "num_boost_round": 18.0, "subsample": 0.22416947682392216}, "datetime": {"datetime": "2024-01-20 14:55:45", "elapsed": 5642.86536, "delta": 0.003184}}
{"target": -10.2978136561715, "params": {"colsample_bytree": 0.5131731014507396, "eta": 0.00823623439380283, "gamma": 773.7555988157642, "max_depth": 7.0, "min_child_weight": 4551.6429580997155, "num_boost_round": 19.0, "subsample": 0.22416947682392216}, "datetime": {"datetime": "2024-01-20 14:55:45", "elapsed": 5642.86917, "delta": 0.00381}}
{"target": -10.297725239819618, "params": {"colsample_bytree": 0.5131731014507396, "eta": 0.00823623439380283, "gamma": 773.7555988157642, "max_depth": 7.0, "min_child_weight": 4551.6429580997155, "num_boost_round": 20.0, "subsample": 0.22416947682392216}, "datetime": {"datetime": "2024-01-20 14:55:45", "elapsed": 5642.872458, "delta": 0.003288}}
{"target": -10.297727194992147, "params": {"colsample_bytree": 0.5131731014507396, "eta": 0.00823623439380283, "gamma": 773.7555988157642, "max_depth": 7.0, "min_child_weight": 4551.6429580997155, "num_boost_round": 21.0, "subsample": 0.22416947682392216}, "datetime": {"datetime": "2024-01-20 14:55:45", "elapsed": 5642.875851, "delta": 0.003393}}
