{"target": -10.298746542194738, "params": {"colsample_bytree": 0.3823449560092188, "eta": 0.016733347966352504, "gamma": 924.6218220543192, "max_depth": 7.0, "min_child_weight": 4256.545265508664, "num_boost_round": 28.0, "subsample": 0.4380358190099112}, "datetime": {"datetime": "2024-01-20 14:42:02", "elapsed": 4820.061997, "delta": 0.003164}}
{"target": -10.29889953235959, "params": {"colsample_bytree": 0.3823449560092188, "eta": 0.016733347966352504, "gamma": 924.6218220543192, "max_depth": 7.0, "min_child_weight": 4256.545265508664, "num_boost_round": 29.0, "subsample": 0.4380358190099112}, "datetime": {"datetime": "2024-01-20 14:42:02", "elapsed": 4820.065456, "delta": 0.003459}}
{"target": -10.298974731661424, "params": {"colsample_bytree": 0.3823449560092188, "eta": 0.016733347966352504, "gamma": 924.6218220543192, "max_depth": 7.0, "min_child_weight": 4256.545265508664, "num_boost_round": 30.0, "subsample": 0.4380358190099112}, "datetime": {"datetime": "2024-01-20 14:42:02", "elapsed": 4820.068894, "delta": 0.003438}}
{"target": -10.299026796145853, "params": {"colsample_bytree": 0.3823449560092188, "eta": 0.016733347966352504, "gamma": 924.6218220543192, "max_depth": 7.0, "min_child_weight": 4256.545265508664, "num_boost_round": 31.0, "subsample": 0.4380358190099112}, "datetime": {"datetime": "2024-01-20 14:42:02", "elapsed": 4820.07229, "delta": 0.003396}}
{"target": -10.29908874848526, "params": {"colsample_bytree": 0.3823449560092188, "eta": 0.016733347966352504, "gamma": 924.6218220543192, "max_depth": 7.0, "min_child_weight": 4256.545265508664, "num_boost_round": 32.0, "subsample": 0.4380358190099112}, "datetime": {"datetime": "2024-01-20 14:42:02", "elapsed": 4820.075308, "delta": 0.003018}}
{"target": -10.299191683978682, "params": {"colsample_bytree": 0.3823449560092188, "eta": 0.016733347966352504, "gamma": 924.6218220543192, "max_depth": 7.0, "min_child_weight": 4256.545265508664, "num_boost_round": 33.0, "subsample": 0.4380358190099112}, "datetime": {"datetime": "2024-01-20 14:42:02", "elapsed": 4820.078232, "delta": 0.002924}}
{"target": -10.299136394811615, "params": {"colsample_bytree": 0.3823449560092188, "eta": 0.016733347966352504, "gamma": 924.6218220543192, "max_depth": 7.0, "min_child_weight": 4256.545265508664, "num_boost_round": 34.0, "subsample": 0.4380358190099112}, "datetime": {"datetime": "2024-01-20 14:42:02", "elapsed": 4820.08123, "delta": 0.002998}}
{"target": -10.299211962296955, "params": {"colsample_bytree": 0.3823449560092188, "eta": 0.016733347966352504, "gamma": 924.6218220543192, "max_depth": 7.0, "min_child_weight": 4256.545265508664, "num_boost_round": 35.0, "subsample": 0.4380358190099112}, "datetime": {"datetime": "2024-01-20 14:42:02", "elapsed": 4820.084136, "delta": 0.002906}}
{"target": -10.298594589816954, "params": {"colsample_bytree": 0.6644001212691093, "eta": 0.09612706001290215, "gamma": 461.9920161331965, "max_depth": 2.0, "min_child_weight": 4560.309063056618, "num_boost_round": 1.0, "subsample": 0.5073661321708145}, "datetime": {"datetime": "2024-01-20 14:42:41", "elapsed": 4859.052946, "delta": 38.96881}}
{"target": -10.299157216720078, "params": {"colsample_bytree": 0.6644001212691093, "eta": 0.09612706001290215, "gamma": 461.9920161331965, "max_depth": 2.0, "min_child_weight": 4560.309063056618, "num_boost_round": 2.0, "subsample": 0.5073661321708145}, "datetime": {"datetime": "2024-01-20 14:42:41", "elapsed": 4859.05842, "delta": 0.005474}}
{"target": -10.299527838705265, "params": {"colsample_bytree": 0.6644001212691093, "eta": 0.09612706001290215, "gamma": 461.9920161331965, "max_depth": 2.0, "min_child_weight": 4560.309063056618, "num_boost_round": 3.0, "subsample": 0.5073661321708145}, "datetime": {"datetime": "2024-01-20 14:42:41", "elapsed": 4859.062999, "delta": 0.004579}}
{"target": -10.300233484881671, "params": {"colsample_bytree": 0.6644001212691093, "eta": 0.09612706001290215, "gamma": 461.9920161331965, "max_depth": 2.0, "min_child_weight": 4560.309063056618, "num_boost_round": 4.0, "subsample": 0.5073661321708145}, "datetime": {"datetime": "2024-01-20 14:42:41", "elapsed": 4859.066693, "delta": 0.003694}}
{"target": -10.301143018262323, "params": {"colsample_bytree": 0.6644001212691093, "eta": 0.09612706001290215, "gamma": 461.9920161331965, "max_depth": 2.0, "min_child_weight": 4560.309063056618, "num_boost_round": 5.0, "subsample": 0.5073661321708145}, "datetime": {"datetime": "2024-01-20 14:42:41", "elapsed": 4859.070178, "delta": 0.003485}}
{"target": -10.302014444803927, "params": {"colsample_bytree": 0.6644001212691093, "eta": 0.09612706001290215, "gamma": 461.9920161331965, "max_depth": 2.0, "min_child_weight": 4560.309063056618, "num_boost_round": 6.0, "subsample": 0.5073661321708145}, "datetime": {"datetime": "2024-01-20 14:42:41", "elapsed": 4859.074161, "delta": 0.003983}}
{"target": -10.302524181017212, "params": {"colsample_bytree": 0.6644001212691093, "eta": 0.09612706001290215, "gamma": 461.9920161331965, "max_depth": 2.0, "min_child_weight": 4560.309063056618, "num_boost_round": 7.0, "subsample": 0.5073661321708145}, "datetime": {"datetime": "2024-01-20 14:42:41", "elapsed": 4859.078196, "delta": 0.004035}}
{"target": -10.303066054630927, "params": {"colsample_bytree": 0.6644001212691093, "eta": 0.09612706001290215, "gamma": 461.9920161331965, "max_depth": 2.0, "min_child_weight": 4560.309063056618, "num_boost_round": 8.0, "subsample": 0.5073661321708145}, "datetime": {"datetime": "2024-01-20 14:42:41", "elapsed": 4859.08259, "delta": 0.004394}}
{"target": -10.304017585965504, "params": {"colsample_bytree": 0.6644001212691093, "eta": 0.09612706001290215, "gamma": 461.9920161331965, "max_depth": 2.0, "min_child_weight": 4560.309063056618, "num_boost_round": 9.0, "subsample": 0.5073661321708145}, "datetime": {"datetime": "2024-01-20 14:42:41", "elapsed": 4859.085943, "delta": 0.003353}}
{"target": -10.304354064228523, "params": {"colsample_bytree": 0.6644001212691093, "eta": 0.09612706001290215, "gamma": 461.9920161331965, "max_depth": 2.0, "min_child_weight": 4560.309063056618, "num_boost_round": 10.0, "subsample": 0.5073661321708145}, "datetime": {"datetime": "2024-01-20 14:42:41", "elapsed": 4859.089611, "delta": 0.003668}}
{"target": -10.304586864583452, "params": {"colsample_bytree": 0.6644001212691093, "eta": 0.09612706001290215, "gamma": 461.9920161331965, "max_depth": 2.0, "min_child_weight": 4560.309063056618, "num_boost_round": 11.0, "subsample": 0.5073661321708145}, "datetime": {"datetime": "2024-01-20 14:42:41", "elapsed": 4859.092756, "delta": 0.003145}}
{"target": -10.305261966259812, "params": {"colsample_bytree": 0.6644001212691093, "eta": 0.09612706001290215, "gamma": 461.9920161331965, "max_depth": 2.0, "min_child_weight": 4560.309063056618, "num_boost_round": 12.0, "subsample": 0.5073661321708145}, "datetime": {"datetime": "2024-01-20 14:42:41", "elapsed": 4859.095927, "delta": 0.003171}}
{"target": -10.305437279208515, "params": {"colsample_bytree": 0.6644001212691093, "eta": 0.09612706001290215, "gamma": 461.9920161331965, "max_depth": 2.0, "min_child_weight": 4560.309063056618, "num_boost_round": 13.0, "subsample": 0.5073661321708145}, "datetime": {"datetime": "2024-01-20 14:42:41", "elapsed": 4859.099234, "delta": 0.003307}}
{"target": -10.298475593215223, "params": {"colsample_bytree": 0.6303858189478516, "eta": 0.08001578265153562, "gamma": 652.2523394827415, "max_depth": 2.0, "min_child_weight": 4578.888318325692, "num_boost_round": 1.0, "subsample": 0.3939823562292246}, "datetime": {"datetime": "2024-01-20 14:43:08", "elapsed": 4885.986684, "delta": 26.88745}}
{"target": -10.29845345524366, "params": {"colsample_bytree": 0.5322482225009789, "eta": 0.01757808455217399, "gamma": 190.87732841970583, "max_depth": 9.0, "min_child_weight": 3904.4893249185684, "num_boost_round": 1.0, "subsample": 0.9622542905279776}, "datetime": {"datetime": "2024-01-20 14:43:56", "elapsed": 4934.01402, "delta": 48.027336}}
{"target": -10.298508773815751, "params": {"colsample_bytree": 0.5322482225009789, "eta": 0.01757808455217399, "gamma": 190.87732841970583, "max_depth": 9.0, "min_child_weight": 3904.4893249185684, "num_boost_round": 2.0, "subsample": 0.9622542905279776}, "datetime": {"datetime": "2024-01-20 14:43:56", "elapsed": 4934.020085, "delta": 0.006065}}
{"target": -10.298507616847552, "params": {"colsample_bytree": 0.5322482225009789, "eta": 0.01757808455217399, "gamma": 190.87732841970583, "max_depth": 9.0, "min_child_weight": 3904.4893249185684, "num_boost_round": 3.0, "subsample": 0.9622542905279776}, "datetime": {"datetime": "2024-01-20 14:43:56", "elapsed": 4934.023412, "delta": 0.003327}}
{"target": -10.29861123638652, "params": {"colsample_bytree": 0.5322482225009789, "eta": 0.01757808455217399, "gamma": 190.87732841970583, "max_depth": 9.0, "min_child_weight": 3904.4893249185684, "num_boost_round": 4.0, "subsample": 0.9622542905279776}, "datetime": {"datetime": "2024-01-20 14:43:56", "elapsed": 4934.026451, "delta": 0.003039}}
{"target": -10.298655872624852, "params": {"colsample_bytree": 0.5322482225009789, "eta": 0.01757808455217399, "gamma": 190.87732841970583, "max_depth": 9.0, "min_child_weight": 3904.4893249185684, "num_boost_round": 5.0, "subsample": 0.9622542905279776}, "datetime": {"datetime": "2024-01-20 14:43:56", "elapsed": 4934.029375, "delta": 0.002924}}
{"target": -10.298697040652367, "params": {"colsample_bytree": 0.5322482225009789, "eta": 0.01757808455217399, "gamma": 190.87732841970583, "max_depth": 9.0, "min_child_weight": 3904.4893249185684, "num_boost_round": 6.0, "subsample": 0.9622542905279776}, "datetime": {"datetime": "2024-01-20 14:43:56", "elapsed": 4934.032184, "delta": 0.002809}}
{"target": -10.298642852984987, "params": {"colsample_bytree": 0.5322482225009789, "eta": 0.01757808455217399, "gamma": 190.87732841970583, "max_depth": 9.0, "min_child_weight": 3904.4893249185684, "num_boost_round": 7.0, "subsample": 0.9622542905279776}, "datetime": {"datetime": "2024-01-20 14:43:56", "elapsed": 4934.034933, "delta": 0.002749}}
{"target": -10.298647160605245, "params": {"colsample_bytree": 0.5322482225009789, "eta": 0.01757808455217399, "gamma": 190.87732841970583, "max_depth": 9.0, "min_child_weight": 3904.4893249185684, "num_boost_round": 8.0, "subsample": 0.9622542905279776}, "datetime": {"datetime": "2024-01-20 14:43:56", "elapsed": 4934.038046, "delta": 0.003113}}
{"target": -10.298711858978692, "params": {"colsample_bytree": 0.5322482225009789, "eta": 0.01757808455217399, "gamma": 190.87732841970583, "max_depth": 9.0, "min_child_weight": 3904.4893249185684, "num_boost_round": 9.0, "subsample": 0.9622542905279776}, "datetime": {"datetime": "2024-01-20 14:43:56", "elapsed": 4934.040955, "delta": 0.002909}}
{"target": -10.298803685708389, "params": {"colsample_bytree": 0.5322482225009789, "eta": 0.01757808455217399, "gamma": 190.87732841970583, "max_depth": 9.0, "min_child_weight": 3904.4893249185684, "num_boost_round": 10.0, "subsample": 0.9622542905279776}, "datetime": {"datetime": "2024-01-20 14:43:56", "elapsed": 4934.043781, "delta": 0.002826}}
{"target": -10.298823814538128, "params": {"colsample_bytree": 0.5322482225009789, "eta": 0.01757808455217399, "gamma": 190.87732841970583, "max_depth": 9.0, "min_child_weight": 3904.4893249185684, "num_boost_round": 11.0, "subsample": 0.9622542905279776}, "datetime": {"datetime": "2024-01-20 14:43:56", "elapsed": 4934.046596, "delta": 0.002815}}
{"target": -10.298942640302446, "params": {"colsample_bytree": 0.5322482225009789, "eta": 0.01757808455217399, "gamma": 190.87732841970583, "max_depth": 9.0, "min_child_weight": 3904.4893249185684, "num_boost_round": 12.0, "subsample": 0.9622542905279776}, "datetime": {"datetime": "2024-01-20 14:43:56", "elapsed": 4934.04944, "delta": 0.002844}}
{"target": -10.298921739942795, "params": {"colsample_bytree": 0.5322482225009789, "eta": 0.01757808455217399, "gamma": 190.87732841970583, "max_depth": 9.0, "min_child_weight": 3904.4893249185684, "num_boost_round": 13.0, "subsample": 0.9622542905279776}, "datetime": {"datetime": "2024-01-20 14:43:56", "elapsed": 4934.052168, "delta": 0.002728}}
{"target": -10.298977839669707, "params": {"colsample_bytree": 0.5322482225009789, "eta": 0.01757808455217399, "gamma": 190.87732841970583, "max_depth": 9.0, "min_child_weight": 3904.4893249185684, "num_boost_round": 14.0, "subsample": 0.9622542905279776}, "datetime": {"datetime": "2024-01-20 14:43:56", "elapsed": 4934.054948, "delta": 0.00278}}
{"target": -10.298513469419547, "params": {"colsample_bytree": 0.38691052665170556, "eta": 0.0014369910165162518, "gamma": 853.8577249432901, "max_depth": 4.0, "min_child_weight": 4253.284182398619, "num_boost_round": 1.0, "subsample": 0.9406017933759324}, "datetime": {"datetime": "2024-01-20 14:45:20", "elapsed": 5017.908777, "delta": 83.853829}}
{"target": -10.298515034177054, "params": {"colsample_bytree": 0.38691052665170556, "eta": 0.0014369910165162518, "gamma": 853.8577249432901, "max_depth": 4.0, "min_child_weight": 4253.284182398619, "num_boost_round": 2.0, "subsample": 0.9406017933759324}, "datetime": {"datetime": "2024-01-20 14:45:20", "elapsed": 5017.914277, "delta": 0.0055}}
{"target": -10.298518582653518, "params": {"colsample_bytree": 0.38691052665170556, "eta": 0.0014369910165162518, "gamma": 853.8577249432901, "max_depth": 4.0, "min_child_weight": 4253.284182398619, "num_boost_round": 3.0, "subsample": 0.9406017933759324}, "datetime": {"datetime": "2024-01-20 14:45:20", "elapsed": 5017.918022, "delta": 0.003745}}
{"target": -10.2985295990134, "params": {"colsample_bytree": 0.38691052665170556, "eta": 0.0014369910165162518, "gamma": 853.8577249432901, "max_depth": 4.0, "min_child_weight": 4253.284182398619, "num_boost_round": 4.0, "subsample": 0.9406017933759324}, "datetime": {"datetime": "2024-01-20 14:45:20", "elapsed": 5017.921136, "delta": 0.003114}}
{"target": -10.298533260993306, "params": {"colsample_bytree": 0.38691052665170556, "eta": 0.0014369910165162518, "gamma": 853.8577249432901, "max_depth": 4.0, "min_child_weight": 4253.284182398619, "num_boost_round": 5.0, "subsample": 0.9406017933759324}, "datetime": {"datetime": "2024-01-20 14:45:20", "elapsed": 5017.924203, "delta": 0.003067}}
{"target": -10.298535101826308, "params": {"colsample_bytree": 0.38691052665170556, "eta": 0.0014369910165162518, "gamma": 853.8577249432901, "max_depth": 4.0, "min_child_weight": 4253.284182398619, "num_boost_round": 6.0, "subsample": 0.9406017933759324}, "datetime": {"datetime": "2024-01-20 14:45:20", "elapsed": 5017.92737, "delta": 0.003167}}
{"target": -10.298533817426854, "params": {"colsample_bytree": 0.38691052665170556, "eta": 0.0014369910165162518, "gamma": 853.8577249432901, "max_depth": 4.0, "min_child_weight": 4253.284182398619, "num_boost_round": 7.0, "subsample": 0.9406017933759324}, "datetime": {"datetime": "2024-01-20 14:45:20", "elapsed": 5017.930497, "delta": 0.003127}}
{"target": -10.298530302291232, "params": {"colsample_bytree": 0.38691052665170556, "eta": 0.0014369910165162518, "gamma": 853.8577249432901, "max_depth": 4.0, "min_child_weight": 4253.284182398619, "num_boost_round": 8.0, "subsample": 0.9406017933759324}, "datetime": {"datetime": "2024-01-20 14:45:20", "elapsed": 5017.933534, "delta": 0.003037}}
{"target": -10.298530140673178, "params": {"colsample_bytree": 0.38691052665170556, "eta": 0.0014369910165162518, "gamma": 853.8577249432901, "max_depth": 4.0, "min_child_weight": 4253.284182398619, "num_boost_round": 9.0, "subsample": 0.9406017933759324}, "datetime": {"datetime": "2024-01-20 14:45:20", "elapsed": 5017.936704, "delta": 0.00317}}
{"target": -10.298532325543817, "params": {"colsample_bytree": 0.38691052665170556, "eta": 0.0014369910165162518, "gamma": 853.8577249432901, "max_depth": 4.0, "min_child_weight": 4253.284182398619, "num_boost_round": 10.0, "subsample": 0.9406017933759324}, "datetime": {"datetime": "2024-01-20 14:45:20", "elapsed": 5017.939803, "delta": 0.003099}}
{"target": -10.298531091747876, "params": {"colsample_bytree": 0.38691052665170556, "eta": 0.0014369910165162518, "gamma": 853.8577249432901, "max_depth": 4.0, "min_child_weight": 4253.284182398619, "num_boost_round": 11.0, "subsample": 0.9406017933759324}, "datetime": {"datetime": "2024-01-20 14:45:20", "elapsed": 5017.942763, "delta": 0.00296}}
{"target": -10.298541263656883, "params": {"colsample_bytree": 0.38691052665170556, "eta": 0.0014369910165162518, "gamma": 853.8577249432901, "max_depth": 4.0, "min_child_weight": 4253.284182398619, "num_boost_round": 12.0, "subsample": 0.9406017933759324}, "datetime": {"datetime": "2024-01-20 14:45:20", "elapsed": 5017.945966, "delta": 0.003203}}
{"target": -10.298534891040045, "params": {"colsample_bytree": 0.38691052665170556, "eta": 0.0014369910165162518, "gamma": 853.8577249432901, "max_depth": 4.0, "min_child_weight": 4253.284182398619, "num_boost_round": 13.0, "subsample": 0.9406017933759324}, "datetime": {"datetime": "2024-01-20 14:45:20", "elapsed": 5017.949292, "delta": 0.003326}}
{"target": -10.298537561504276, "params": {"colsample_bytree": 0.38691052665170556, "eta": 0.0014369910165162518, "gamma": 853.8577249432901, "max_depth": 4.0, "min_child_weight": 4253.284182398619, "num_boost_round": 14.0, "subsample": 0.9406017933759324}, "datetime": {"datetime": "2024-01-20 14:45:20", "elapsed": 5017.952045, "delta": 0.002753}}
{"target": -10.298539640683698, "params": {"colsample_bytree": 0.38691052665170556, "eta": 0.0014369910165162518, "gamma": 853.8577249432901, "max_depth": 4.0, "min_child_weight": 4253.284182398619, "num_boost_round": 15.0, "subsample": 0.9406017933759324}, "datetime": {"datetime": "2024-01-20 14:45:20", "elapsed": 5017.954801, "delta": 0.002756}}
{"target": -10.298536606993354, "params": {"colsample_bytree": 0.38691052665170556, "eta": 0.0014369910165162518, "gamma": 853.8577249432901, "max_depth": 4.0, "min_child_weight": 4253.284182398619, "num_boost_round": 16.0, "subsample": 0.9406017933759324}, "datetime": {"datetime": "2024-01-20 14:45:20", "elapsed": 5017.957602, "delta": 0.002801}}
{"target": -10.29854018886195, "params": {"colsample_bytree": 0.38691052665170556, "eta": 0.0014369910165162518, "gamma": 853.8577249432901, "max_depth": 4.0, "min_child_weight": 4253.284182398619, "num_boost_round": 17.0, "subsample": 0.9406017933759324}, "datetime": {"datetime": "2024-01-20 14:45:20", "elapsed": 5017.960394, "delta": 0.002792}}
{"target": -10.298551810495885, "params": {"colsample_bytree": 0.38691052665170556, "eta": 0.0014369910165162518, "gamma": 853.8577249432901, "max_depth": 4.0, "min_child_weight": 4253.284182398619, "num_boost_round": 18.0, "subsample": 0.9406017933759324}, "datetime": {"datetime": "2024-01-20 14:45:20", "elapsed": 5017.963345, "delta": 0.002951}}
{"target": -10.29855062837839, "params": {"colsample_bytree": 0.38691052665170556, "eta": 0.0014369910165162518, "gamma": 853.8577249432901, "max_depth": 4.0, "min_child_weight": 4253.284182398619, "num_boost_round": 19.0, "subsample": 0.9406017933759324}, "datetime": {"datetime": "2024-01-20 14:45:20", "elapsed": 5017.96628, "delta": 0.002935}}
{"target": -10.298550897639005, "params": {"colsample_bytree": 0.38691052665170556, "eta": 0.0014369910165162518, "gamma": 853.8577249432901, "max_depth": 4.0, "min_child_weight": 4253.284182398619, "num_boost_round": 20.0, "subsample": 0.9406017933759324}, "datetime": {"datetime": "2024-01-20 14:45:20", "elapsed": 5017.969261, "delta": 0.002981}}
{"target": -10.298554698000348, "params": {"colsample_bytree": 0.38691052665170556, "eta": 0.0014369910165162518, "gamma": 853.8577249432901, "max_depth": 4.0, "min_child_weight": 4253.284182398619, "num_boost_round": 21.0, "subsample": 0.9406017933759324}, "datetime": {"datetime": "2024-01-20 14:45:20", "elapsed": 5017.972092, "delta": 0.002831}}
{"target": -10.298567868921426, "params": {"colsample_bytree": 0.38691052665170556, "eta": 0.0014369910165162518, "gamma": 853.8577249432901, "max_depth": 4.0, "min_child_weight": 4253.284182398619, "num_boost_round": 22.0, "subsample": 0.9406017933759324}, "datetime": {"datetime": "2024-01-20 14:45:20", "elapsed": 5017.974812, "delta": 0.00272}}
{"target": -10.298579938227675, "params": {"colsample_bytree": 0.38691052665170556, "eta": 0.0014369910165162518, "gamma": 853.8577249432901, "max_depth": 4.0, "min_child_weight": 4253.284182398619, "num_boost_round": 23.0, "subsample": 0.9406017933759324}, "datetime": {"datetime": "2024-01-20 14:45:20", "elapsed": 5017.977522, "delta": 0.00271}}
{"target": -10.298578877673968, "params": {"colsample_bytree": 0.38691052665170556, "eta": 0.0014369910165162518, "gamma": 853.8577249432901, "max_depth": 4.0, "min_child_weight": 4253.284182398619, "num_boost_round": 24.0, "subsample": 0.9406017933759324}, "datetime": {"datetime": "2024-01-20 14:45:20", "elapsed": 5017.980206, "delta": 0.002684}}
{"target": -10.298583308045696, "params": {"colsample_bytree": 0.38691052665170556, "eta": 0.0014369910165162518, "gamma": 853.8577249432901, "max_depth": 4.0, "min_child_weight": 4253.284182398619, "num_boost_round": 25.0, "subsample": 0.9406017933759324}, "datetime": {"datetime": "2024-01-20 14:45:20", "elapsed": 5017.982887, "delta": 0.002681}}
{"target": -10.298593677372192, "params": {"colsample_bytree": 0.38691052665170556, "eta": 0.0014369910165162518, "gamma": 853.8577249432901, "max_depth": 4.0, "min_child_weight": 4253.284182398619, "num_boost_round": 26.0, "subsample": 0.9406017933759324}, "datetime": {"datetime": "2024-01-20 14:45:20", "elapsed": 5017.98564, "delta": 0.002753}}
{"target": -10.29858737421089, "params": {"colsample_bytree": 0.38691052665170556, "eta": 0.0014369910165162518, "gamma": 853.8577249432901, "max_depth": 4.0, "min_child_weight": 4253.284182398619, "num_boost_round": 27.0, "subsample": 0.9406017933759324}, "datetime": {"datetime": "2024-01-20 14:45:20", "elapsed": 5017.988391, "delta": 0.002751}}
