{"target": -10.475926965210384, "params": {"colsample_bytree": 0.9217845120591411, "eta": 0.0038317606342045474, "gamma": 391.52757126780614, "max_depth": 4.0, "min_child_weight": 4778.966618980739, "num_boost_round": 4.0, "subsample": 0.6537933208371578}, "datetime": {"datetime": "2024-01-20 15:41:37", "elapsed": 8189.635747, "delta": 0.005717}}
{"target": -10.47589030276645, "params": {"colsample_bytree": 0.9217845120591411, "eta": 0.0038317606342045474, "gamma": 391.52757126780614, "max_depth": 4.0, "min_child_weight": 4778.966618980739, "num_boost_round": 5.0, "subsample": 0.6537933208371578}, "datetime": {"datetime": "2024-01-20 15:41:37", "elapsed": 8189.641344, "delta": 0.005597}}
{"target": -10.475856958860371, "params": {"colsample_bytree": 0.9217845120591411, "eta": 0.0038317606342045474, "gamma": 391.52757126780614, "max_depth": 4.0, "min_child_weight": 4778.966618980739, "num_boost_round": 6.0, "subsample": 0.6537933208371578}, "datetime": {"datetime": "2024-01-20 15:41:37", "elapsed": 8189.647068, "delta": 0.005724}}
{"target": -10.475816866638109, "params": {"colsample_bytree": 0.9217845120591411, "eta": 0.0038317606342045474, "gamma": 391.52757126780614, "max_depth": 4.0, "min_child_weight": 4778.966618980739, "num_boost_round": 7.0, "subsample": 0.6537933208371578}, "datetime": {"datetime": "2024-01-20 15:41:37", "elapsed": 8189.652815, "delta": 0.005747}}
{"target": -10.475759118505476, "params": {"colsample_bytree": 0.9217845120591411, "eta": 0.0038317606342045474, "gamma": 391.52757126780614, "max_depth": 4.0, "min_child_weight": 4778.966618980739, "num_boost_round": 8.0, "subsample": 0.6537933208371578}, "datetime": {"datetime": "2024-01-20 15:41:37", "elapsed": 8189.659044, "delta": 0.006229}}
{"target": -10.47572995015679, "params": {"colsample_bytree": 0.9217845120591411, "eta": 0.0038317606342045474, "gamma": 391.52757126780614, "max_depth": 4.0, "min_child_weight": 4778.966618980739, "num_boost_round": 9.0, "subsample": 0.6537933208371578}, "datetime": {"datetime": "2024-01-20 15:41:37", "elapsed": 8189.664644, "delta": 0.0056}}
{"target": -10.475681040897292, "params": {"colsample_bytree": 0.9217845120591411, "eta": 0.0038317606342045474, "gamma": 391.52757126780614, "max_depth": 4.0, "min_child_weight": 4778.966618980739, "num_boost_round": 10.0, "subsample": 0.6537933208371578}, "datetime": {"datetime": "2024-01-20 15:41:37", "elapsed": 8189.670152, "delta": 0.005508}}
{"target": -10.47563992488206, "params": {"colsample_bytree": 0.9217845120591411, "eta": 0.0038317606342045474, "gamma": 391.52757126780614, "max_depth": 4.0, "min_child_weight": 4778.966618980739, "num_boost_round": 11.0, "subsample": 0.6537933208371578}, "datetime": {"datetime": "2024-01-20 15:41:37", "elapsed": 8189.675815, "delta": 0.005663}}
{"target": -10.475613398528717, "params": {"colsample_bytree": 0.9217845120591411, "eta": 0.0038317606342045474, "gamma": 391.52757126780614, "max_depth": 4.0, "min_child_weight": 4778.966618980739, "num_boost_round": 12.0, "subsample": 0.6537933208371578}, "datetime": {"datetime": "2024-01-20 15:41:37", "elapsed": 8189.681291, "delta": 0.005476}}
{"target": -10.475579235118087, "params": {"colsample_bytree": 0.9217845120591411, "eta": 0.0038317606342045474, "gamma": 391.52757126780614, "max_depth": 4.0, "min_child_weight": 4778.966618980739, "num_boost_round": 13.0, "subsample": 0.6537933208371578}, "datetime": {"datetime": "2024-01-20 15:41:37", "elapsed": 8189.686818, "delta": 0.005527}}
{"target": -10.475526888359932, "params": {"colsample_bytree": 0.9217845120591411, "eta": 0.0038317606342045474, "gamma": 391.52757126780614, "max_depth": 4.0, "min_child_weight": 4778.966618980739, "num_boost_round": 14.0, "subsample": 0.6537933208371578}, "datetime": {"datetime": "2024-01-20 15:41:37", "elapsed": 8189.692319, "delta": 0.005501}}
{"target": -10.475499650572427, "params": {"colsample_bytree": 0.9217845120591411, "eta": 0.0038317606342045474, "gamma": 391.52757126780614, "max_depth": 4.0, "min_child_weight": 4778.966618980739, "num_boost_round": 15.0, "subsample": 0.6537933208371578}, "datetime": {"datetime": "2024-01-20 15:41:37", "elapsed": 8189.697907, "delta": 0.005588}}
{"target": -10.475460978370757, "params": {"colsample_bytree": 0.9217845120591411, "eta": 0.0038317606342045474, "gamma": 391.52757126780614, "max_depth": 4.0, "min_child_weight": 4778.966618980739, "num_boost_round": 16.0, "subsample": 0.6537933208371578}, "datetime": {"datetime": "2024-01-20 15:41:37", "elapsed": 8189.703426, "delta": 0.005519}}
{"target": -10.475422073329103, "params": {"colsample_bytree": 0.9217845120591411, "eta": 0.0038317606342045474, "gamma": 391.52757126780614, "max_depth": 4.0, "min_child_weight": 4778.966618980739, "num_boost_round": 17.0, "subsample": 0.6537933208371578}, "datetime": {"datetime": "2024-01-20 15:41:37", "elapsed": 8189.709105, "delta": 0.005679}}
{"target": -10.47538742166098, "params": {"colsample_bytree": 0.9217845120591411, "eta": 0.0038317606342045474, "gamma": 391.52757126780614, "max_depth": 4.0, "min_child_weight": 4778.966618980739, "num_boost_round": 18.0, "subsample": 0.6537933208371578}, "datetime": {"datetime": "2024-01-20 15:41:37", "elapsed": 8189.714888, "delta": 0.005783}}
{"target": -10.475325922857577, "params": {"colsample_bytree": 0.9217845120591411, "eta": 0.0038317606342045474, "gamma": 391.52757126780614, "max_depth": 4.0, "min_child_weight": 4778.966618980739, "num_boost_round": 19.0, "subsample": 0.6537933208371578}, "datetime": {"datetime": "2024-01-20 15:41:37", "elapsed": 8189.72071, "delta": 0.005822}}
{"target": -10.475308381034601, "params": {"colsample_bytree": 0.9217845120591411, "eta": 0.0038317606342045474, "gamma": 391.52757126780614, "max_depth": 4.0, "min_child_weight": 4778.966618980739, "num_boost_round": 20.0, "subsample": 0.6537933208371578}, "datetime": {"datetime": "2024-01-20 15:41:37", "elapsed": 8189.726631, "delta": 0.005921}}
{"target": -10.475259327050068, "params": {"colsample_bytree": 0.9217845120591411, "eta": 0.0038317606342045474, "gamma": 391.52757126780614, "max_depth": 4.0, "min_child_weight": 4778.966618980739, "num_boost_round": 21.0, "subsample": 0.6537933208371578}, "datetime": {"datetime": "2024-01-20 15:41:37", "elapsed": 8189.732168, "delta": 0.005537}}
{"target": -10.475229959486333, "params": {"colsample_bytree": 0.9217845120591411, "eta": 0.0038317606342045474, "gamma": 391.52757126780614, "max_depth": 4.0, "min_child_weight": 4778.966618980739, "num_boost_round": 22.0, "subsample": 0.6537933208371578}, "datetime": {"datetime": "2024-01-20 15:41:37", "elapsed": 8189.737715, "delta": 0.005547}}
{"target": -10.47519107097212, "params": {"colsample_bytree": 0.9217845120591411, "eta": 0.0038317606342045474, "gamma": 391.52757126780614, "max_depth": 4.0, "min_child_weight": 4778.966618980739, "num_boost_round": 23.0, "subsample": 0.6537933208371578}, "datetime": {"datetime": "2024-01-20 15:41:37", "elapsed": 8189.743214, "delta": 0.005499}}
{"target": -10.47515706444893, "params": {"colsample_bytree": 0.9217845120591411, "eta": 0.0038317606342045474, "gamma": 391.52757126780614, "max_depth": 4.0, "min_child_weight": 4778.966618980739, "num_boost_round": 24.0, "subsample": 0.6537933208371578}, "datetime": {"datetime": "2024-01-20 15:41:37", "elapsed": 8189.7488, "delta": 0.005586}}
{"target": -10.475124035056448, "params": {"colsample_bytree": 0.9217845120591411, "eta": 0.0038317606342045474, "gamma": 391.52757126780614, "max_depth": 4.0, "min_child_weight": 4778.966618980739, "num_boost_round": 25.0, "subsample": 0.6537933208371578}, "datetime": {"datetime": "2024-01-20 15:41:37", "elapsed": 8189.754265, "delta": 0.005465}}
{"target": -10.475101970807849, "params": {"colsample_bytree": 0.9217845120591411, "eta": 0.0038317606342045474, "gamma": 391.52757126780614, "max_depth": 4.0, "min_child_weight": 4778.966618980739, "num_boost_round": 26.0, "subsample": 0.6537933208371578}, "datetime": {"datetime": "2024-01-20 15:41:37", "elapsed": 8189.759988, "delta": 0.005723}}
{"target": -10.475066493306795, "params": {"colsample_bytree": 0.9217845120591411, "eta": 0.0038317606342045474, "gamma": 391.52757126780614, "max_depth": 4.0, "min_child_weight": 4778.966618980739, "num_boost_round": 27.0, "subsample": 0.6537933208371578}, "datetime": {"datetime": "2024-01-20 15:41:37", "elapsed": 8189.765637, "delta": 0.005649}}
{"target": -10.475044385385951, "params": {"colsample_bytree": 0.9217845120591411, "eta": 0.0038317606342045474, "gamma": 391.52757126780614, "max_depth": 4.0, "min_child_weight": 4778.966618980739, "num_boost_round": 28.0, "subsample": 0.6537933208371578}, "datetime": {"datetime": "2024-01-20 15:41:37", "elapsed": 8189.771241, "delta": 0.005604}}
{"target": -10.475041809574154, "params": {"colsample_bytree": 0.9217845120591411, "eta": 0.0038317606342045474, "gamma": 391.52757126780614, "max_depth": 4.0, "min_child_weight": 4778.966618980739, "num_boost_round": 29.0, "subsample": 0.6537933208371578}, "datetime": {"datetime": "2024-01-20 15:41:37", "elapsed": 8189.776978, "delta": 0.005737}}
{"target": -10.475158031479843, "params": {"colsample_bytree": 0.9777486699315997, "eta": 0.07315496980439666, "gamma": 319.91318700384875, "max_depth": 5.0, "min_child_weight": 4795.022191755621, "num_boost_round": 1.0, "subsample": 0.14507254065803657}, "datetime": {"datetime": "2024-01-20 15:42:58", "elapsed": 8270.452381, "delta": 80.675403}}
{"target": -10.474754801971148, "params": {"colsample_bytree": 0.9777486699315997, "eta": 0.07315496980439666, "gamma": 319.91318700384875, "max_depth": 5.0, "min_child_weight": 4795.022191755621, "num_boost_round": 2.0, "subsample": 0.14507254065803657}, "datetime": {"datetime": "2024-01-20 15:42:58", "elapsed": 8270.45879, "delta": 0.006409}}
{"target": -10.47441979874144, "params": {"colsample_bytree": 0.9777486699315997, "eta": 0.07315496980439666, "gamma": 319.91318700384875, "max_depth": 5.0, "min_child_weight": 4795.022191755621, "num_boost_round": 3.0, "subsample": 0.14507254065803657}, "datetime": {"datetime": "2024-01-20 15:42:58", "elapsed": 8270.464863, "delta": 0.006073}}
{"target": -10.474362780184123, "params": {"colsample_bytree": 0.9777486699315997, "eta": 0.07315496980439666, "gamma": 319.91318700384875, "max_depth": 5.0, "min_child_weight": 4795.022191755621, "num_boost_round": 4.0, "subsample": 0.14507254065803657}, "datetime": {"datetime": "2024-01-20 15:42:58", "elapsed": 8270.470489, "delta": 0.005626}}
{"target": -10.47434580673836, "params": {"colsample_bytree": 0.9777486699315997, "eta": 0.07315496980439666, "gamma": 319.91318700384875, "max_depth": 5.0, "min_child_weight": 4795.022191755621, "num_boost_round": 5.0, "subsample": 0.14507254065803657}, "datetime": {"datetime": "2024-01-20 15:42:58", "elapsed": 8270.47595, "delta": 0.005461}}
{"target": -10.474053243257876, "params": {"colsample_bytree": 0.9777486699315997, "eta": 0.07315496980439666, "gamma": 319.91318700384875, "max_depth": 5.0, "min_child_weight": 4795.022191755621, "num_boost_round": 6.0, "subsample": 0.14507254065803657}, "datetime": {"datetime": "2024-01-20 15:42:58", "elapsed": 8270.481373, "delta": 0.005423}}
{"target": -10.474087861203685, "params": {"colsample_bytree": 0.9777486699315997, "eta": 0.07315496980439666, "gamma": 319.91318700384875, "max_depth": 5.0, "min_child_weight": 4795.022191755621, "num_boost_round": 7.0, "subsample": 0.14507254065803657}, "datetime": {"datetime": "2024-01-20 15:42:58", "elapsed": 8270.486919, "delta": 0.005546}}
{"target": -10.474273323082015, "params": {"colsample_bytree": 0.9777486699315997, "eta": 0.07315496980439666, "gamma": 319.91318700384875, "max_depth": 5.0, "min_child_weight": 4795.022191755621, "num_boost_round": 8.0, "subsample": 0.14507254065803657}, "datetime": {"datetime": "2024-01-20 15:42:58", "elapsed": 8270.492497, "delta": 0.005578}}
{"target": -10.474302410003414, "params": {"colsample_bytree": 0.9777486699315997, "eta": 0.07315496980439666, "gamma": 319.91318700384875, "max_depth": 5.0, "min_child_weight": 4795.022191755621, "num_boost_round": 9.0, "subsample": 0.14507254065803657}, "datetime": {"datetime": "2024-01-20 15:42:58", "elapsed": 8270.498236, "delta": 0.005739}}
{"target": -10.474332404538501, "params": {"colsample_bytree": 0.9777486699315997, "eta": 0.07315496980439666, "gamma": 319.91318700384875, "max_depth": 5.0, "min_child_weight": 4795.022191755621, "num_boost_round": 10.0, "subsample": 0.14507254065803657}, "datetime": {"datetime": "2024-01-20 15:42:58", "elapsed": 8270.504041, "delta": 0.005805}}
{"target": -10.47440168753679, "params": {"colsample_bytree": 0.9777486699315997, "eta": 0.07315496980439666, "gamma": 319.91318700384875, "max_depth": 5.0, "min_child_weight": 4795.022191755621, "num_boost_round": 11.0, "subsample": 0.14507254065803657}, "datetime": {"datetime": "2024-01-20 15:42:58", "elapsed": 8270.509491, "delta": 0.00545}}
{"target": -10.474688023898786, "params": {"colsample_bytree": 0.9777486699315997, "eta": 0.07315496980439666, "gamma": 319.91318700384875, "max_depth": 5.0, "min_child_weight": 4795.022191755621, "num_boost_round": 12.0, "subsample": 0.14507254065803657}, "datetime": {"datetime": "2024-01-20 15:42:58", "elapsed": 8270.51493, "delta": 0.005439}}
{"target": -10.474612342672163, "params": {"colsample_bytree": 0.9777486699315997, "eta": 0.07315496980439666, "gamma": 319.91318700384875, "max_depth": 5.0, "min_child_weight": 4795.022191755621, "num_boost_round": 13.0, "subsample": 0.14507254065803657}, "datetime": {"datetime": "2024-01-20 15:42:58", "elapsed": 8270.520387, "delta": 0.005457}}
{"target": -10.47481737513068, "params": {"colsample_bytree": 0.9777486699315997, "eta": 0.07315496980439666, "gamma": 319.91318700384875, "max_depth": 5.0, "min_child_weight": 4795.022191755621, "num_boost_round": 14.0, "subsample": 0.14507254065803657}, "datetime": {"datetime": "2024-01-20 15:42:58", "elapsed": 8270.525823, "delta": 0.005436}}
{"target": -10.474592413114795, "params": {"colsample_bytree": 0.9777486699315997, "eta": 0.07315496980439666, "gamma": 319.91318700384875, "max_depth": 5.0, "min_child_weight": 4795.022191755621, "num_boost_round": 15.0, "subsample": 0.14507254065803657}, "datetime": {"datetime": "2024-01-20 15:42:58", "elapsed": 8270.531244, "delta": 0.005421}}
{"target": -10.474743353598734, "params": {"colsample_bytree": 0.9777486699315997, "eta": 0.07315496980439666, "gamma": 319.91318700384875, "max_depth": 5.0, "min_child_weight": 4795.022191755621, "num_boost_round": 16.0, "subsample": 0.14507254065803657}, "datetime": {"datetime": "2024-01-20 15:42:58", "elapsed": 8270.536695, "delta": 0.005451}}
{"target": -10.474900948964644, "params": {"colsample_bytree": 0.9777486699315997, "eta": 0.07315496980439666, "gamma": 319.91318700384875, "max_depth": 5.0, "min_child_weight": 4795.022191755621, "num_boost_round": 17.0, "subsample": 0.14507254065803657}, "datetime": {"datetime": "2024-01-20 15:42:58", "elapsed": 8270.542172, "delta": 0.005477}}
{"target": -10.476116060403655, "params": {"colsample_bytree": 0.35201825739833525, "eta": 0.0041440149686933206, "gamma": 462.53741217906696, "max_depth": 2.0, "min_child_weight": 4746.13336040852, "num_boost_round": 1.0, "subsample": 0.3130848117183667}, "datetime": {"datetime": "2024-01-20 15:45:07", "elapsed": 8399.681359, "delta": 129.139187}}
{"target": -10.476098047517649, "params": {"colsample_bytree": 0.35201825739833525, "eta": 0.0041440149686933206, "gamma": 462.53741217906696, "max_depth": 2.0, "min_child_weight": 4746.13336040852, "num_boost_round": 2.0, "subsample": 0.3130848117183667}, "datetime": {"datetime": "2024-01-20 15:45:07", "elapsed": 8399.68869, "delta": 0.007331}}
{"target": -10.476083388306002, "params": {"colsample_bytree": 0.35201825739833525, "eta": 0.0041440149686933206, "gamma": 462.53741217906696, "max_depth": 2.0, "min_child_weight": 4746.13336040852, "num_boost_round": 3.0, "subsample": 0.3130848117183667}, "datetime": {"datetime": "2024-01-20 15:45:07", "elapsed": 8399.694738, "delta": 0.006048}}
{"target": -10.476065806733146, "params": {"colsample_bytree": 0.35201825739833525, "eta": 0.0041440149686933206, "gamma": 462.53741217906696, "max_depth": 2.0, "min_child_weight": 4746.13336040852, "num_boost_round": 4.0, "subsample": 0.3130848117183667}, "datetime": {"datetime": "2024-01-20 15:45:07", "elapsed": 8399.700453, "delta": 0.005715}}
{"target": -10.476044427657488, "params": {"colsample_bytree": 0.35201825739833525, "eta": 0.0041440149686933206, "gamma": 462.53741217906696, "max_depth": 2.0, "min_child_weight": 4746.13336040852, "num_boost_round": 5.0, "subsample": 0.3130848117183667}, "datetime": {"datetime": "2024-01-20 15:45:07", "elapsed": 8399.706164, "delta": 0.005711}}
{"target": -10.47603331677229, "params": {"colsample_bytree": 0.35201825739833525, "eta": 0.0041440149686933206, "gamma": 462.53741217906696, "max_depth": 2.0, "min_child_weight": 4746.13336040852, "num_boost_round": 6.0, "subsample": 0.3130848117183667}, "datetime": {"datetime": "2024-01-20 15:45:07", "elapsed": 8399.71195, "delta": 0.005786}}
{"target": -10.47601130801873, "params": {"colsample_bytree": 0.35201825739833525, "eta": 0.0041440149686933206, "gamma": 462.53741217906696, "max_depth": 2.0, "min_child_weight": 4746.13336040852, "num_boost_round": 7.0, "subsample": 0.3130848117183667}, "datetime": {"datetime": "2024-01-20 15:45:07", "elapsed": 8399.717895, "delta": 0.005945}}
{"target": -10.476009818940813, "params": {"colsample_bytree": 0.35201825739833525, "eta": 0.0041440149686933206, "gamma": 462.53741217906696, "max_depth": 2.0, "min_child_weight": 4746.13336040852, "num_boost_round": 8.0, "subsample": 0.3130848117183667}, "datetime": {"datetime": "2024-01-20 15:45:07", "elapsed": 8399.723867, "delta": 0.005972}}
{"target": -10.476003204495242, "params": {"colsample_bytree": 0.35201825739833525, "eta": 0.0041440149686933206, "gamma": 462.53741217906696, "max_depth": 2.0, "min_child_weight": 4746.13336040852, "num_boost_round": 9.0, "subsample": 0.3130848117183667}, "datetime": {"datetime": "2024-01-20 15:45:07", "elapsed": 8399.729423, "delta": 0.005556}}
{"target": -10.476003242523229, "params": {"colsample_bytree": 0.35201825739833525, "eta": 0.0041440149686933206, "gamma": 462.53741217906696, "max_depth": 2.0, "min_child_weight": 4746.13336040852, "num_boost_round": 10.0, "subsample": 0.3130848117183667}, "datetime": {"datetime": "2024-01-20 15:45:07", "elapsed": 8399.734951, "delta": 0.005528}}
{"target": -10.475996861902278, "params": {"colsample_bytree": 0.35201825739833525, "eta": 0.0041440149686933206, "gamma": 462.53741217906696, "max_depth": 2.0, "min_child_weight": 4746.13336040852, "num_boost_round": 11.0, "subsample": 0.3130848117183667}, "datetime": {"datetime": "2024-01-20 15:45:07", "elapsed": 8399.740557, "delta": 0.005606}}
{"target": -10.475987912415352, "params": {"colsample_bytree": 0.35201825739833525, "eta": 0.0041440149686933206, "gamma": 462.53741217906696, "max_depth": 2.0, "min_child_weight": 4746.13336040852, "num_boost_round": 12.0, "subsample": 0.3130848117183667}, "datetime": {"datetime": "2024-01-20 15:45:07", "elapsed": 8399.746179, "delta": 0.005622}}
{"target": -10.475979953557406, "params": {"colsample_bytree": 0.35201825739833525, "eta": 0.0041440149686933206, "gamma": 462.53741217906696, "max_depth": 2.0, "min_child_weight": 4746.13336040852, "num_boost_round": 13.0, "subsample": 0.3130848117183667}, "datetime": {"datetime": "2024-01-20 15:45:07", "elapsed": 8399.751835, "delta": 0.005656}}
{"target": -10.475990729214125, "params": {"colsample_bytree": 0.35201825739833525, "eta": 0.0041440149686933206, "gamma": 462.53741217906696, "max_depth": 2.0, "min_child_weight": 4746.13336040852, "num_boost_round": 14.0, "subsample": 0.3130848117183667}, "datetime": {"datetime": "2024-01-20 15:45:07", "elapsed": 8399.757567, "delta": 0.005732}}
{"target": -10.475991083524448, "params": {"colsample_bytree": 0.35201825739833525, "eta": 0.0041440149686933206, "gamma": 462.53741217906696, "max_depth": 2.0, "min_child_weight": 4746.13336040852, "num_boost_round": 15.0, "subsample": 0.3130848117183667}, "datetime": {"datetime": "2024-01-20 15:45:07", "elapsed": 8399.763139, "delta": 0.005572}}
{"target": -10.475974582562063, "params": {"colsample_bytree": 0.35201825739833525, "eta": 0.0041440149686933206, "gamma": 462.53741217906696, "max_depth": 2.0, "min_child_weight": 4746.13336040852, "num_boost_round": 16.0, "subsample": 0.3130848117183667}, "datetime": {"datetime": "2024-01-20 15:45:07", "elapsed": 8399.768833, "delta": 0.005694}}
{"target": -10.476026436248732, "params": {"colsample_bytree": 0.40852449219076037, "eta": 0.01729112969121812, "gamma": 483.9173885554959, "max_depth": 5.0, "min_child_weight": 4815.871967635635, "num_boost_round": 1.0, "subsample": 0.3097537339122454}, "datetime": {"datetime": "2024-01-20 15:46:30", "elapsed": 8482.99775, "delta": 83.228917}}
{"target": -10.475929897907799, "params": {"colsample_bytree": 0.40852449219076037, "eta": 0.01729112969121812, "gamma": 483.9173885554959, "max_depth": 5.0, "min_child_weight": 4815.871967635635, "num_boost_round": 2.0, "subsample": 0.3097537339122454}, "datetime": {"datetime": "2024-01-20 15:46:30", "elapsed": 8483.004196, "delta": 0.006446}}
{"target": -10.475866077888398, "params": {"colsample_bytree": 0.40852449219076037, "eta": 0.01729112969121812, "gamma": 483.9173885554959, "max_depth": 5.0, "min_child_weight": 4815.871967635635, "num_boost_round": 3.0, "subsample": 0.3097537339122454}, "datetime": {"datetime": "2024-01-20 15:46:30", "elapsed": 8483.009813, "delta": 0.005617}}
{"target": -10.475740681175715, "params": {"colsample_bytree": 0.40852449219076037, "eta": 0.01729112969121812, "gamma": 483.9173885554959, "max_depth": 5.0, "min_child_weight": 4815.871967635635, "num_boost_round": 4.0, "subsample": 0.3097537339122454}, "datetime": {"datetime": "2024-01-20 15:46:30", "elapsed": 8483.020799, "delta": 0.010986}}
