{"target": -10.475067871747058, "params": {"colsample_bytree": 0.8446768118428157, "eta": 0.032291806637359484, "gamma": 323.670670409818, "max_depth": 4.0, "min_child_weight": 4743.320702635988, "num_boost_round": 23.0, "subsample": 0.7926688386935506}, "datetime": {"datetime": "2024-01-20 15:34:41", "elapsed": 7773.068805, "delta": 0.00527}}
{"target": -10.475240922662891, "params": {"colsample_bytree": 0.8446768118428157, "eta": 0.032291806637359484, "gamma": 323.670670409818, "max_depth": 4.0, "min_child_weight": 4743.320702635988, "num_boost_round": 24.0, "subsample": 0.7926688386935506}, "datetime": {"datetime": "2024-01-20 15:34:41", "elapsed": 7773.074077, "delta": 0.005272}}
{"target": -10.475292096035385, "params": {"colsample_bytree": 0.8446768118428157, "eta": 0.032291806637359484, "gamma": 323.670670409818, "max_depth": 4.0, "min_child_weight": 4743.320702635988, "num_boost_round": 25.0, "subsample": 0.7926688386935506}, "datetime": {"datetime": "2024-01-20 15:34:41", "elapsed": 7773.079325, "delta": 0.005248}}
{"target": -10.475503001249848, "params": {"colsample_bytree": 0.8446768118428157, "eta": 0.032291806637359484, "gamma": 323.670670409818, "max_depth": 4.0, "min_child_weight": 4743.320702635988, "num_boost_round": 26.0, "subsample": 0.7926688386935506}, "datetime": {"datetime": "2024-01-20 15:34:41", "elapsed": 7773.084648, "delta": 0.005323}}
{"target": -10.475720800588688, "params": {"colsample_bytree": 0.8446768118428157, "eta": 0.032291806637359484, "gamma": 323.670670409818, "max_depth": 4.0, "min_child_weight": 4743.320702635988, "num_boost_round": 27.0, "subsample": 0.7926688386935506}, "datetime": {"datetime": "2024-01-20 15:34:41", "elapsed": 7773.089932, "delta": 0.005284}}
{"target": -10.476061719275759, "params": {"colsample_bytree": 0.8446768118428157, "eta": 0.032291806637359484, "gamma": 323.670670409818, "max_depth": 4.0, "min_child_weight": 4743.320702635988, "num_boost_round": 28.0, "subsample": 0.7926688386935506}, "datetime": {"datetime": "2024-01-20 15:34:41", "elapsed": 7773.095262, "delta": 0.00533}}
{"target": -10.476194044361943, "params": {"colsample_bytree": 0.8446768118428157, "eta": 0.032291806637359484, "gamma": 323.670670409818, "max_depth": 4.0, "min_child_weight": 4743.320702635988, "num_boost_round": 29.0, "subsample": 0.7926688386935506}, "datetime": {"datetime": "2024-01-20 15:34:41", "elapsed": 7773.100547, "delta": 0.005285}}
{"target": -10.476251355179535, "params": {"colsample_bytree": 0.8446768118428157, "eta": 0.032291806637359484, "gamma": 323.670670409818, "max_depth": 4.0, "min_child_weight": 4743.320702635988, "num_boost_round": 30.0, "subsample": 0.7926688386935506}, "datetime": {"datetime": "2024-01-20 15:34:41", "elapsed": 7773.10593, "delta": 0.005383}}
{"target": -10.47632971636206, "params": {"colsample_bytree": 0.8446768118428157, "eta": 0.032291806637359484, "gamma": 323.670670409818, "max_depth": 4.0, "min_child_weight": 4743.320702635988, "num_boost_round": 31.0, "subsample": 0.7926688386935506}, "datetime": {"datetime": "2024-01-20 15:34:41", "elapsed": 7773.111392, "delta": 0.005462}}
{"target": -10.476459234911513, "params": {"colsample_bytree": 0.8446768118428157, "eta": 0.032291806637359484, "gamma": 323.670670409818, "max_depth": 4.0, "min_child_weight": 4743.320702635988, "num_boost_round": 32.0, "subsample": 0.7926688386935506}, "datetime": {"datetime": "2024-01-20 15:34:41", "elapsed": 7773.116893, "delta": 0.005501}}
{"target": -10.476520533403665, "params": {"colsample_bytree": 0.8446768118428157, "eta": 0.032291806637359484, "gamma": 323.670670409818, "max_depth": 4.0, "min_child_weight": 4743.320702635988, "num_boost_round": 33.0, "subsample": 0.7926688386935506}, "datetime": {"datetime": "2024-01-20 15:34:41", "elapsed": 7773.122475, "delta": 0.005582}}
{"target": -10.476570595290575, "params": {"colsample_bytree": 0.8446768118428157, "eta": 0.032291806637359484, "gamma": 323.670670409818, "max_depth": 4.0, "min_child_weight": 4743.320702635988, "num_boost_round": 34.0, "subsample": 0.7926688386935506}, "datetime": {"datetime": "2024-01-20 15:34:41", "elapsed": 7773.12827, "delta": 0.005795}}
{"target": -10.476780225533336, "params": {"colsample_bytree": 0.8446768118428157, "eta": 0.032291806637359484, "gamma": 323.670670409818, "max_depth": 4.0, "min_child_weight": 4743.320702635988, "num_boost_round": 35.0, "subsample": 0.7926688386935506}, "datetime": {"datetime": "2024-01-20 15:34:41", "elapsed": 7773.134476, "delta": 0.006206}}
{"target": -10.476917852330747, "params": {"colsample_bytree": 0.8446768118428157, "eta": 0.032291806637359484, "gamma": 323.670670409818, "max_depth": 4.0, "min_child_weight": 4743.320702635988, "num_boost_round": 36.0, "subsample": 0.7926688386935506}, "datetime": {"datetime": "2024-01-20 15:34:41", "elapsed": 7773.139887, "delta": 0.005411}}
{"target": -10.476897056927616, "params": {"colsample_bytree": 0.8446768118428157, "eta": 0.032291806637359484, "gamma": 323.670670409818, "max_depth": 4.0, "min_child_weight": 4743.320702635988, "num_boost_round": 37.0, "subsample": 0.7926688386935506}, "datetime": {"datetime": "2024-01-20 15:34:41", "elapsed": 7773.145311, "delta": 0.005424}}
{"target": -10.477195208436516, "params": {"colsample_bytree": 0.8446768118428157, "eta": 0.032291806637359484, "gamma": 323.670670409818, "max_depth": 4.0, "min_child_weight": 4743.320702635988, "num_boost_round": 38.0, "subsample": 0.7926688386935506}, "datetime": {"datetime": "2024-01-20 15:34:41", "elapsed": 7773.150686, "delta": 0.005375}}
{"target": -10.477187091468078, "params": {"colsample_bytree": 0.8446768118428157, "eta": 0.032291806637359484, "gamma": 323.670670409818, "max_depth": 4.0, "min_child_weight": 4743.320702635988, "num_boost_round": 39.0, "subsample": 0.7926688386935506}, "datetime": {"datetime": "2024-01-20 15:34:41", "elapsed": 7773.155915, "delta": 0.005229}}
{"target": -10.477238673030165, "params": {"colsample_bytree": 0.8446768118428157, "eta": 0.032291806637359484, "gamma": 323.670670409818, "max_depth": 4.0, "min_child_weight": 4743.320702635988, "num_boost_round": 40.0, "subsample": 0.7926688386935506}, "datetime": {"datetime": "2024-01-20 15:34:41", "elapsed": 7773.161223, "delta": 0.005308}}
{"target": -10.477410520129618, "params": {"colsample_bytree": 0.8446768118428157, "eta": 0.032291806637359484, "gamma": 323.670670409818, "max_depth": 4.0, "min_child_weight": 4743.320702635988, "num_boost_round": 41.0, "subsample": 0.7926688386935506}, "datetime": {"datetime": "2024-01-20 15:34:41", "elapsed": 7773.166534, "delta": 0.005311}}
{"target": -10.477508924379963, "params": {"colsample_bytree": 0.8446768118428157, "eta": 0.032291806637359484, "gamma": 323.670670409818, "max_depth": 4.0, "min_child_weight": 4743.320702635988, "num_boost_round": 42.0, "subsample": 0.7926688386935506}, "datetime": {"datetime": "2024-01-20 15:34:41", "elapsed": 7773.171892, "delta": 0.005358}}
{"target": -10.477653290892736, "params": {"colsample_bytree": 0.8446768118428157, "eta": 0.032291806637359484, "gamma": 323.670670409818, "max_depth": 4.0, "min_child_weight": 4743.320702635988, "num_boost_round": 43.0, "subsample": 0.7926688386935506}, "datetime": {"datetime": "2024-01-20 15:34:41", "elapsed": 7773.17732, "delta": 0.005428}}
{"target": -10.47550788594597, "params": {"colsample_bytree": 0.42129392855856485, "eta": 0.09318342245470324, "gamma": 346.5518275233681, "max_depth": 5.0, "min_child_weight": 4701.225042236979, "num_boost_round": 1.0, "subsample": 0.5877492859030905}, "datetime": {"datetime": "2024-01-20 15:36:05", "elapsed": 7857.75785, "delta": 84.58053}}
{"target": -10.474799624613372, "params": {"colsample_bytree": 0.42129392855856485, "eta": 0.09318342245470324, "gamma": 346.5518275233681, "max_depth": 5.0, "min_child_weight": 4701.225042236979, "num_boost_round": 2.0, "subsample": 0.5877492859030905}, "datetime": {"datetime": "2024-01-20 15:36:05", "elapsed": 7857.764446, "delta": 0.006596}}
{"target": -10.475148101214753, "params": {"colsample_bytree": 0.42129392855856485, "eta": 0.09318342245470324, "gamma": 346.5518275233681, "max_depth": 5.0, "min_child_weight": 4701.225042236979, "num_boost_round": 3.0, "subsample": 0.5877492859030905}, "datetime": {"datetime": "2024-01-20 15:36:05", "elapsed": 7857.769887, "delta": 0.005441}}
{"target": -10.474892852246782, "params": {"colsample_bytree": 0.42129392855856485, "eta": 0.09318342245470324, "gamma": 346.5518275233681, "max_depth": 5.0, "min_child_weight": 4701.225042236979, "num_boost_round": 4.0, "subsample": 0.5877492859030905}, "datetime": {"datetime": "2024-01-20 15:36:05", "elapsed": 7857.775445, "delta": 0.005558}}
{"target": -10.474284877422903, "params": {"colsample_bytree": 0.42129392855856485, "eta": 0.09318342245470324, "gamma": 346.5518275233681, "max_depth": 5.0, "min_child_weight": 4701.225042236979, "num_boost_round": 5.0, "subsample": 0.5877492859030905}, "datetime": {"datetime": "2024-01-20 15:36:05", "elapsed": 7857.781183, "delta": 0.005738}}
{"target": -10.47448617809426, "params": {"colsample_bytree": 0.42129392855856485, "eta": 0.09318342245470324, "gamma": 346.5518275233681, "max_depth": 5.0, "min_child_weight": 4701.225042236979, "num_boost_round": 6.0, "subsample": 0.5877492859030905}, "datetime": {"datetime": "2024-01-20 15:36:05", "elapsed": 7857.786993, "delta": 0.00581}}
{"target": -10.47453161528362, "params": {"colsample_bytree": 0.42129392855856485, "eta": 0.09318342245470324, "gamma": 346.5518275233681, "max_depth": 5.0, "min_child_weight": 4701.225042236979, "num_boost_round": 7.0, "subsample": 0.5877492859030905}, "datetime": {"datetime": "2024-01-20 15:36:05", "elapsed": 7857.792231, "delta": 0.005238}}
{"target": -10.474507425669607, "params": {"colsample_bytree": 0.42129392855856485, "eta": 0.09318342245470324, "gamma": 346.5518275233681, "max_depth": 5.0, "min_child_weight": 4701.225042236979, "num_boost_round": 8.0, "subsample": 0.5877492859030905}, "datetime": {"datetime": "2024-01-20 15:36:05", "elapsed": 7857.7976, "delta": 0.005369}}
{"target": -10.474983001496714, "params": {"colsample_bytree": 0.42129392855856485, "eta": 0.09318342245470324, "gamma": 346.5518275233681, "max_depth": 5.0, "min_child_weight": 4701.225042236979, "num_boost_round": 9.0, "subsample": 0.5877492859030905}, "datetime": {"datetime": "2024-01-20 15:36:05", "elapsed": 7857.802883, "delta": 0.005283}}
{"target": -10.474964953097656, "params": {"colsample_bytree": 0.42129392855856485, "eta": 0.09318342245470324, "gamma": 346.5518275233681, "max_depth": 5.0, "min_child_weight": 4701.225042236979, "num_boost_round": 10.0, "subsample": 0.5877492859030905}, "datetime": {"datetime": "2024-01-20 15:36:05", "elapsed": 7857.808345, "delta": 0.005462}}
{"target": -10.475389688238323, "params": {"colsample_bytree": 0.42129392855856485, "eta": 0.09318342245470324, "gamma": 346.5518275233681, "max_depth": 5.0, "min_child_weight": 4701.225042236979, "num_boost_round": 11.0, "subsample": 0.5877492859030905}, "datetime": {"datetime": "2024-01-20 15:36:05", "elapsed": 7857.813699, "delta": 0.005354}}
{"target": -10.47578507848761, "params": {"colsample_bytree": 0.42129392855856485, "eta": 0.09318342245470324, "gamma": 346.5518275233681, "max_depth": 5.0, "min_child_weight": 4701.225042236979, "num_boost_round": 12.0, "subsample": 0.5877492859030905}, "datetime": {"datetime": "2024-01-20 15:36:05", "elapsed": 7857.819116, "delta": 0.005417}}
{"target": -10.476413920527285, "params": {"colsample_bytree": 0.42129392855856485, "eta": 0.09318342245470324, "gamma": 346.5518275233681, "max_depth": 5.0, "min_child_weight": 4701.225042236979, "num_boost_round": 13.0, "subsample": 0.5877492859030905}, "datetime": {"datetime": "2024-01-20 15:36:05", "elapsed": 7857.824412, "delta": 0.005296}}
{"target": -10.476744951679853, "params": {"colsample_bytree": 0.42129392855856485, "eta": 0.09318342245470324, "gamma": 346.5518275233681, "max_depth": 5.0, "min_child_weight": 4701.225042236979, "num_boost_round": 14.0, "subsample": 0.5877492859030905}, "datetime": {"datetime": "2024-01-20 15:36:05", "elapsed": 7857.829808, "delta": 0.005396}}
{"target": -10.476947708363994, "params": {"colsample_bytree": 0.42129392855856485, "eta": 0.09318342245470324, "gamma": 346.5518275233681, "max_depth": 5.0, "min_child_weight": 4701.225042236979, "num_boost_round": 15.0, "subsample": 0.5877492859030905}, "datetime": {"datetime": "2024-01-20 15:36:05", "elapsed": 7857.835323, "delta": 0.005515}}
{"target": -10.477494347378368, "params": {"colsample_bytree": 0.42129392855856485, "eta": 0.09318342245470324, "gamma": 346.5518275233681, "max_depth": 5.0, "min_child_weight": 4701.225042236979, "num_boost_round": 16.0, "subsample": 0.5877492859030905}, "datetime": {"datetime": "2024-01-20 15:36:05", "elapsed": 7857.840878, "delta": 0.005555}}
{"target": -10.475758461379872, "params": {"colsample_bytree": 0.2522885478506519, "eta": 0.07741105332423595, "gamma": 263.3256137639712, "max_depth": 6.0, "min_child_weight": 4736.687012002991, "num_boost_round": 1.0, "subsample": 0.2308884334978505}, "datetime": {"datetime": "2024-01-20 15:38:05", "elapsed": 7977.994157, "delta": 120.153279}}
{"target": -10.47561768223969, "params": {"colsample_bytree": 0.2522885478506519, "eta": 0.07741105332423595, "gamma": 263.3256137639712, "max_depth": 6.0, "min_child_weight": 4736.687012002991, "num_boost_round": 2.0, "subsample": 0.2308884334978505}, "datetime": {"datetime": "2024-01-20 15:38:05", "elapsed": 7978.000981, "delta": 0.006824}}
{"target": -10.475320035787373, "params": {"colsample_bytree": 0.2522885478506519, "eta": 0.07741105332423595, "gamma": 263.3256137639712, "max_depth": 6.0, "min_child_weight": 4736.687012002991, "num_boost_round": 3.0, "subsample": 0.2308884334978505}, "datetime": {"datetime": "2024-01-20 15:38:05", "elapsed": 7978.006351, "delta": 0.00537}}
{"target": -10.475008492367856, "params": {"colsample_bytree": 0.2522885478506519, "eta": 0.07741105332423595, "gamma": 263.3256137639712, "max_depth": 6.0, "min_child_weight": 4736.687012002991, "num_boost_round": 4.0, "subsample": 0.2308884334978505}, "datetime": {"datetime": "2024-01-20 15:38:05", "elapsed": 7978.011647, "delta": 0.005296}}
{"target": -10.475066637880385, "params": {"colsample_bytree": 0.2522885478506519, "eta": 0.07741105332423595, "gamma": 263.3256137639712, "max_depth": 6.0, "min_child_weight": 4736.687012002991, "num_boost_round": 5.0, "subsample": 0.2308884334978505}, "datetime": {"datetime": "2024-01-20 15:38:05", "elapsed": 7978.017219, "delta": 0.005572}}
{"target": -10.47515369310803, "params": {"colsample_bytree": 0.2522885478506519, "eta": 0.07741105332423595, "gamma": 263.3256137639712, "max_depth": 6.0, "min_child_weight": 4736.687012002991, "num_boost_round": 6.0, "subsample": 0.2308884334978505}, "datetime": {"datetime": "2024-01-20 15:38:05", "elapsed": 7978.022555, "delta": 0.005336}}
{"target": -10.47493679570572, "params": {"colsample_bytree": 0.2522885478506519, "eta": 0.07741105332423595, "gamma": 263.3256137639712, "max_depth": 6.0, "min_child_weight": 4736.687012002991, "num_boost_round": 7.0, "subsample": 0.2308884334978505}, "datetime": {"datetime": "2024-01-20 15:38:05", "elapsed": 7978.027896, "delta": 0.005341}}
{"target": -10.47498036264679, "params": {"colsample_bytree": 0.2522885478506519, "eta": 0.07741105332423595, "gamma": 263.3256137639712, "max_depth": 6.0, "min_child_weight": 4736.687012002991, "num_boost_round": 8.0, "subsample": 0.2308884334978505}, "datetime": {"datetime": "2024-01-20 15:38:05", "elapsed": 7978.033187, "delta": 0.005291}}
{"target": -10.47513363241655, "params": {"colsample_bytree": 0.2522885478506519, "eta": 0.07741105332423595, "gamma": 263.3256137639712, "max_depth": 6.0, "min_child_weight": 4736.687012002991, "num_boost_round": 9.0, "subsample": 0.2308884334978505}, "datetime": {"datetime": "2024-01-20 15:38:05", "elapsed": 7978.038578, "delta": 0.005391}}
{"target": -10.475422615393603, "params": {"colsample_bytree": 0.2522885478506519, "eta": 0.07741105332423595, "gamma": 263.3256137639712, "max_depth": 6.0, "min_child_weight": 4736.687012002991, "num_boost_round": 10.0, "subsample": 0.2308884334978505}, "datetime": {"datetime": "2024-01-20 15:38:06", "elapsed": 7978.043954, "delta": 0.005376}}
{"target": -10.47559921470856, "params": {"colsample_bytree": 0.2522885478506519, "eta": 0.07741105332423595, "gamma": 263.3256137639712, "max_depth": 6.0, "min_child_weight": 4736.687012002991, "num_boost_round": 11.0, "subsample": 0.2308884334978505}, "datetime": {"datetime": "2024-01-20 15:38:06", "elapsed": 7978.049489, "delta": 0.005535}}
{"target": -10.475802194134223, "params": {"colsample_bytree": 0.2522885478506519, "eta": 0.07741105332423595, "gamma": 263.3256137639712, "max_depth": 6.0, "min_child_weight": 4736.687012002991, "num_boost_round": 12.0, "subsample": 0.2308884334978505}, "datetime": {"datetime": "2024-01-20 15:38:06", "elapsed": 7978.055132, "delta": 0.005643}}
{"target": -10.47584662089944, "params": {"colsample_bytree": 0.2522885478506519, "eta": 0.07741105332423595, "gamma": 263.3256137639712, "max_depth": 6.0, "min_child_weight": 4736.687012002991, "num_boost_round": 13.0, "subsample": 0.2308884334978505}, "datetime": {"datetime": "2024-01-20 15:38:06", "elapsed": 7978.060937, "delta": 0.005805}}
{"target": -10.475934055445755, "params": {"colsample_bytree": 0.2522885478506519, "eta": 0.07741105332423595, "gamma": 263.3256137639712, "max_depth": 6.0, "min_child_weight": 4736.687012002991, "num_boost_round": 14.0, "subsample": 0.2308884334978505}, "datetime": {"datetime": "2024-01-20 15:38:06", "elapsed": 7978.066225, "delta": 0.005288}}
{"target": -10.476255791399836, "params": {"colsample_bytree": 0.2522885478506519, "eta": 0.07741105332423595, "gamma": 263.3256137639712, "max_depth": 6.0, "min_child_weight": 4736.687012002991, "num_boost_round": 15.0, "subsample": 0.2308884334978505}, "datetime": {"datetime": "2024-01-20 15:38:06", "elapsed": 7978.071566, "delta": 0.005341}}
{"target": -10.47652290999281, "params": {"colsample_bytree": 0.2522885478506519, "eta": 0.07741105332423595, "gamma": 263.3256137639712, "max_depth": 6.0, "min_child_weight": 4736.687012002991, "num_boost_round": 16.0, "subsample": 0.2308884334978505}, "datetime": {"datetime": "2024-01-20 15:38:06", "elapsed": 7978.07692, "delta": 0.005354}}
{"target": -10.476768558679979, "params": {"colsample_bytree": 0.2522885478506519, "eta": 0.07741105332423595, "gamma": 263.3256137639712, "max_depth": 6.0, "min_child_weight": 4736.687012002991, "num_boost_round": 17.0, "subsample": 0.2308884334978505}, "datetime": {"datetime": "2024-01-20 15:38:06", "elapsed": 7978.082275, "delta": 0.005355}}
{"target": -10.476835330301117, "params": {"colsample_bytree": 0.2522885478506519, "eta": 0.07741105332423595, "gamma": 263.3256137639712, "max_depth": 6.0, "min_child_weight": 4736.687012002991, "num_boost_round": 18.0, "subsample": 0.2308884334978505}, "datetime": {"datetime": "2024-01-20 15:38:06", "elapsed": 7978.087646, "delta": 0.005371}}
{"target": -10.476923505921448, "params": {"colsample_bytree": 0.2522885478506519, "eta": 0.07741105332423595, "gamma": 263.3256137639712, "max_depth": 6.0, "min_child_weight": 4736.687012002991, "num_boost_round": 19.0, "subsample": 0.2308884334978505}, "datetime": {"datetime": "2024-01-20 15:38:06", "elapsed": 7978.093054, "delta": 0.005408}}
{"target": -10.477064458063818, "params": {"colsample_bytree": 0.2522885478506519, "eta": 0.07741105332423595, "gamma": 263.3256137639712, "max_depth": 6.0, "min_child_weight": 4736.687012002991, "num_boost_round": 20.0, "subsample": 0.2308884334978505}, "datetime": {"datetime": "2024-01-20 15:38:06", "elapsed": 7978.098425, "delta": 0.005371}}
{"target": -10.477407440155202, "params": {"colsample_bytree": 0.2522885478506519, "eta": 0.07741105332423595, "gamma": 263.3256137639712, "max_depth": 6.0, "min_child_weight": 4736.687012002991, "num_boost_round": 21.0, "subsample": 0.2308884334978505}, "datetime": {"datetime": "2024-01-20 15:38:06", "elapsed": 7978.103762, "delta": 0.005337}}
{"target": -10.477496079523167, "params": {"colsample_bytree": 0.2522885478506519, "eta": 0.07741105332423595, "gamma": 263.3256137639712, "max_depth": 6.0, "min_child_weight": 4736.687012002991, "num_boost_round": 22.0, "subsample": 0.2308884334978505}, "datetime": {"datetime": "2024-01-20 15:38:06", "elapsed": 7978.109262, "delta": 0.0055}}
{"target": -10.477714472371964, "params": {"colsample_bytree": 0.2522885478506519, "eta": 0.07741105332423595, "gamma": 263.3256137639712, "max_depth": 6.0, "min_child_weight": 4736.687012002991, "num_boost_round": 23.0, "subsample": 0.2308884334978505}, "datetime": {"datetime": "2024-01-20 15:38:06", "elapsed": 7978.114831, "delta": 0.005569}}
{"target": -10.477582051271494, "params": {"colsample_bytree": 0.2522885478506519, "eta": 0.07741105332423595, "gamma": 263.3256137639712, "max_depth": 6.0, "min_child_weight": 4736.687012002991, "num_boost_round": 24.0, "subsample": 0.2308884334978505}, "datetime": {"datetime": "2024-01-20 15:38:06", "elapsed": 7978.120524, "delta": 0.005693}}
{"target": -10.47756188965641, "params": {"colsample_bytree": 0.2522885478506519, "eta": 0.07741105332423595, "gamma": 263.3256137639712, "max_depth": 6.0, "min_child_weight": 4736.687012002991, "num_boost_round": 25.0, "subsample": 0.2308884334978505}, "datetime": {"datetime": "2024-01-20 15:38:06", "elapsed": 7978.126336, "delta": 0.005812}}
{"target": -10.477534970757638, "params": {"colsample_bytree": 0.2522885478506519, "eta": 0.07741105332423595, "gamma": 263.3256137639712, "max_depth": 6.0, "min_child_weight": 4736.687012002991, "num_boost_round": 26.0, "subsample": 0.2308884334978505}, "datetime": {"datetime": "2024-01-20 15:38:06", "elapsed": 7978.456081, "delta": 0.329745}}
