{"target": -15.157409182737862, "params": {"colsample_bytree": 0.413742395998953, "eta": 0.061742298483298444, "gamma": 555.809452872141, "max_depth": 7.0, "min_child_weight": 4082.0245813013107, "num_boost_round": 16.0, "subsample": 0.44182048742913194}, "datetime": {"datetime": "2024-01-20 17:08:54", "elapsed": 9891.500356, "delta": 0.006912}}
{"target": -15.156372307019772, "params": {"colsample_bytree": 0.413742395998953, "eta": 0.061742298483298444, "gamma": 555.809452872141, "max_depth": 7.0, "min_child_weight": 4082.0245813013107, "num_boost_round": 17.0, "subsample": 0.44182048742913194}, "datetime": {"datetime": "2024-01-20 17:08:54", "elapsed": 9891.507263, "delta": 0.006907}}
{"target": -15.156727463946726, "params": {"colsample_bytree": 0.413742395998953, "eta": 0.061742298483298444, "gamma": 555.809452872141, "max_depth": 7.0, "min_child_weight": 4082.0245813013107, "num_boost_round": 18.0, "subsample": 0.44182048742913194}, "datetime": {"datetime": "2024-01-20 17:08:54", "elapsed": 9891.514669, "delta": 0.007406}}
{"target": -15.156561615430492, "params": {"colsample_bytree": 0.413742395998953, "eta": 0.061742298483298444, "gamma": 555.809452872141, "max_depth": 7.0, "min_child_weight": 4082.0245813013107, "num_boost_round": 19.0, "subsample": 0.44182048742913194}, "datetime": {"datetime": "2024-01-20 17:08:54", "elapsed": 9891.521791, "delta": 0.007122}}
{"target": -15.156844403160854, "params": {"colsample_bytree": 0.413742395998953, "eta": 0.061742298483298444, "gamma": 555.809452872141, "max_depth": 7.0, "min_child_weight": 4082.0245813013107, "num_boost_round": 20.0, "subsample": 0.44182048742913194}, "datetime": {"datetime": "2024-01-20 17:08:54", "elapsed": 9891.528708, "delta": 0.006917}}
{"target": -15.156633107351126, "params": {"colsample_bytree": 0.413742395998953, "eta": 0.061742298483298444, "gamma": 555.809452872141, "max_depth": 7.0, "min_child_weight": 4082.0245813013107, "num_boost_round": 21.0, "subsample": 0.44182048742913194}, "datetime": {"datetime": "2024-01-20 17:08:54", "elapsed": 9891.535578, "delta": 0.00687}}
{"target": -15.171172526110867, "params": {"colsample_bytree": 0.40970122006524934, "eta": 0.05905465480667875, "gamma": 584.4566560147188, "max_depth": 4.0, "min_child_weight": 4221.19016838722, "num_boost_round": 1.0, "subsample": 0.2849294422031319}, "datetime": {"datetime": "2024-01-20 17:12:22", "elapsed": 10100.137652, "delta": 208.602074}}
{"target": -15.169135785502014, "params": {"colsample_bytree": 0.40970122006524934, "eta": 0.05905465480667875, "gamma": 584.4566560147188, "max_depth": 4.0, "min_child_weight": 4221.19016838722, "num_boost_round": 2.0, "subsample": 0.2849294422031319}, "datetime": {"datetime": "2024-01-20 17:12:22", "elapsed": 10100.146805, "delta": 0.009153}}
{"target": -15.167393390392467, "params": {"colsample_bytree": 0.40970122006524934, "eta": 0.05905465480667875, "gamma": 584.4566560147188, "max_depth": 4.0, "min_child_weight": 4221.19016838722, "num_boost_round": 3.0, "subsample": 0.2849294422031319}, "datetime": {"datetime": "2024-01-20 17:12:22", "elapsed": 10100.15597, "delta": 0.009165}}
{"target": -15.167085487287483, "params": {"colsample_bytree": 0.40970122006524934, "eta": 0.05905465480667875, "gamma": 584.4566560147188, "max_depth": 4.0, "min_child_weight": 4221.19016838722, "num_boost_round": 4.0, "subsample": 0.2849294422031319}, "datetime": {"datetime": "2024-01-20 17:12:22", "elapsed": 10100.165579, "delta": 0.009609}}
{"target": -15.16468052391852, "params": {"colsample_bytree": 0.40970122006524934, "eta": 0.05905465480667875, "gamma": 584.4566560147188, "max_depth": 4.0, "min_child_weight": 4221.19016838722, "num_boost_round": 5.0, "subsample": 0.2849294422031319}, "datetime": {"datetime": "2024-01-20 17:12:22", "elapsed": 10100.174248, "delta": 0.008669}}
{"target": -15.163097327876114, "params": {"colsample_bytree": 0.40970122006524934, "eta": 0.05905465480667875, "gamma": 584.4566560147188, "max_depth": 4.0, "min_child_weight": 4221.19016838722, "num_boost_round": 6.0, "subsample": 0.2849294422031319}, "datetime": {"datetime": "2024-01-20 17:12:22", "elapsed": 10100.183132, "delta": 0.008884}}
{"target": -15.1621724450132, "params": {"colsample_bytree": 0.40970122006524934, "eta": 0.05905465480667875, "gamma": 584.4566560147188, "max_depth": 4.0, "min_child_weight": 4221.19016838722, "num_boost_round": 7.0, "subsample": 0.2849294422031319}, "datetime": {"datetime": "2024-01-20 17:12:22", "elapsed": 10100.192098, "delta": 0.008966}}
{"target": -15.160770547202993, "params": {"colsample_bytree": 0.40970122006524934, "eta": 0.05905465480667875, "gamma": 584.4566560147188, "max_depth": 4.0, "min_child_weight": 4221.19016838722, "num_boost_round": 8.0, "subsample": 0.2849294422031319}, "datetime": {"datetime": "2024-01-20 17:12:22", "elapsed": 10100.2004, "delta": 0.008302}}
{"target": -15.160174044951546, "params": {"colsample_bytree": 0.40970122006524934, "eta": 0.05905465480667875, "gamma": 584.4566560147188, "max_depth": 4.0, "min_child_weight": 4221.19016838722, "num_boost_round": 9.0, "subsample": 0.2849294422031319}, "datetime": {"datetime": "2024-01-20 17:12:22", "elapsed": 10100.207848, "delta": 0.007448}}
{"target": -15.159586056852316, "params": {"colsample_bytree": 0.40970122006524934, "eta": 0.05905465480667875, "gamma": 584.4566560147188, "max_depth": 4.0, "min_child_weight": 4221.19016838722, "num_boost_round": 10.0, "subsample": 0.2849294422031319}, "datetime": {"datetime": "2024-01-20 17:12:22", "elapsed": 10100.214843, "delta": 0.006995}}
{"target": -15.15928544522018, "params": {"colsample_bytree": 0.40970122006524934, "eta": 0.05905465480667875, "gamma": 584.4566560147188, "max_depth": 4.0, "min_child_weight": 4221.19016838722, "num_boost_round": 11.0, "subsample": 0.2849294422031319}, "datetime": {"datetime": "2024-01-20 17:12:22", "elapsed": 10100.221812, "delta": 0.006969}}
{"target": -15.159476781350172, "params": {"colsample_bytree": 0.40970122006524934, "eta": 0.05905465480667875, "gamma": 584.4566560147188, "max_depth": 4.0, "min_child_weight": 4221.19016838722, "num_boost_round": 12.0, "subsample": 0.2849294422031319}, "datetime": {"datetime": "2024-01-20 17:12:22", "elapsed": 10100.229236, "delta": 0.007424}}
{"target": -15.159112950032423, "params": {"colsample_bytree": 0.40970122006524934, "eta": 0.05905465480667875, "gamma": 584.4566560147188, "max_depth": 4.0, "min_child_weight": 4221.19016838722, "num_boost_round": 13.0, "subsample": 0.2849294422031319}, "datetime": {"datetime": "2024-01-20 17:12:22", "elapsed": 10100.236489, "delta": 0.007253}}
{"target": -15.15779293859261, "params": {"colsample_bytree": 0.40970122006524934, "eta": 0.05905465480667875, "gamma": 584.4566560147188, "max_depth": 4.0, "min_child_weight": 4221.19016838722, "num_boost_round": 14.0, "subsample": 0.2849294422031319}, "datetime": {"datetime": "2024-01-20 17:12:22", "elapsed": 10100.24461, "delta": 0.008121}}
{"target": -15.157117058621488, "params": {"colsample_bytree": 0.40970122006524934, "eta": 0.05905465480667875, "gamma": 584.4566560147188, "max_depth": 4.0, "min_child_weight": 4221.19016838722, "num_boost_round": 15.0, "subsample": 0.2849294422031319}, "datetime": {"datetime": "2024-01-20 17:12:22", "elapsed": 10100.25258, "delta": 0.00797}}
{"target": -15.157300325468128, "params": {"colsample_bytree": 0.40970122006524934, "eta": 0.05905465480667875, "gamma": 584.4566560147188, "max_depth": 4.0, "min_child_weight": 4221.19016838722, "num_boost_round": 16.0, "subsample": 0.2849294422031319}, "datetime": {"datetime": "2024-01-20 17:12:22", "elapsed": 10100.262557, "delta": 0.009977}}
{"target": -15.156116727221118, "params": {"colsample_bytree": 0.40970122006524934, "eta": 0.05905465480667875, "gamma": 584.4566560147188, "max_depth": 4.0, "min_child_weight": 4221.19016838722, "num_boost_round": 17.0, "subsample": 0.2849294422031319}, "datetime": {"datetime": "2024-01-20 17:12:22", "elapsed": 10100.271802, "delta": 0.009245}}
{"target": -15.156302219014076, "params": {"colsample_bytree": 0.40970122006524934, "eta": 0.05905465480667875, "gamma": 584.4566560147188, "max_depth": 4.0, "min_child_weight": 4221.19016838722, "num_boost_round": 18.0, "subsample": 0.2849294422031319}, "datetime": {"datetime": "2024-01-20 17:12:22", "elapsed": 10100.280512, "delta": 0.00871}}
{"target": -15.1553586057621, "params": {"colsample_bytree": 0.40970122006524934, "eta": 0.05905465480667875, "gamma": 584.4566560147188, "max_depth": 4.0, "min_child_weight": 4221.19016838722, "num_boost_round": 19.0, "subsample": 0.2849294422031319}, "datetime": {"datetime": "2024-01-20 17:12:22", "elapsed": 10100.288942, "delta": 0.00843}}
{"target": -15.155057928255228, "params": {"colsample_bytree": 0.40970122006524934, "eta": 0.05905465480667875, "gamma": 584.4566560147188, "max_depth": 4.0, "min_child_weight": 4221.19016838722, "num_boost_round": 20.0, "subsample": 0.2849294422031319}, "datetime": {"datetime": "2024-01-20 17:12:22", "elapsed": 10100.297985, "delta": 0.009043}}
{"target": -15.154709659427876, "params": {"colsample_bytree": 0.40970122006524934, "eta": 0.05905465480667875, "gamma": 584.4566560147188, "max_depth": 4.0, "min_child_weight": 4221.19016838722, "num_boost_round": 21.0, "subsample": 0.2849294422031319}, "datetime": {"datetime": "2024-01-20 17:12:22", "elapsed": 10100.306181, "delta": 0.008196}}
{"target": -15.172532261567637, "params": {"colsample_bytree": 0.2904019805676633, "eta": 0.02106195134224781, "gamma": 569.845129935892, "max_depth": 5.0, "min_child_weight": 4061.42061011851, "num_boost_round": 1.0, "subsample": 0.6194326830582881}, "datetime": {"datetime": "2024-01-20 17:14:19", "elapsed": 10216.72256, "delta": 116.416379}}
{"target": -15.171914222655836, "params": {"colsample_bytree": 0.2904019805676633, "eta": 0.02106195134224781, "gamma": 569.845129935892, "max_depth": 5.0, "min_child_weight": 4061.42061011851, "num_boost_round": 2.0, "subsample": 0.6194326830582881}, "datetime": {"datetime": "2024-01-20 17:14:19", "elapsed": 10216.729881, "delta": 0.007321}}
{"target": -15.171220510145885, "params": {"colsample_bytree": 0.2904019805676633, "eta": 0.02106195134224781, "gamma": 569.845129935892, "max_depth": 5.0, "min_child_weight": 4061.42061011851, "num_boost_round": 3.0, "subsample": 0.6194326830582881}, "datetime": {"datetime": "2024-01-20 17:14:19", "elapsed": 10216.73676, "delta": 0.006879}}
{"target": -15.171126607685316, "params": {"colsample_bytree": 0.2904019805676633, "eta": 0.02106195134224781, "gamma": 569.845129935892, "max_depth": 5.0, "min_child_weight": 4061.42061011851, "num_boost_round": 4.0, "subsample": 0.6194326830582881}, "datetime": {"datetime": "2024-01-20 17:14:19", "elapsed": 10216.745134, "delta": 0.008374}}
{"target": -15.169876906156297, "params": {"colsample_bytree": 0.2904019805676633, "eta": 0.02106195134224781, "gamma": 569.845129935892, "max_depth": 5.0, "min_child_weight": 4061.42061011851, "num_boost_round": 5.0, "subsample": 0.6194326830582881}, "datetime": {"datetime": "2024-01-20 17:14:19", "elapsed": 10216.75231, "delta": 0.007176}}
{"target": -15.169156748775288, "params": {"colsample_bytree": 0.2904019805676633, "eta": 0.02106195134224781, "gamma": 569.845129935892, "max_depth": 5.0, "min_child_weight": 4061.42061011851, "num_boost_round": 6.0, "subsample": 0.6194326830582881}, "datetime": {"datetime": "2024-01-20 17:14:19", "elapsed": 10216.75924, "delta": 0.00693}}
{"target": -15.168675864236096, "params": {"colsample_bytree": 0.2904019805676633, "eta": 0.02106195134224781, "gamma": 569.845129935892, "max_depth": 5.0, "min_child_weight": 4061.42061011851, "num_boost_round": 7.0, "subsample": 0.6194326830582881}, "datetime": {"datetime": "2024-01-20 17:14:19", "elapsed": 10216.766103, "delta": 0.006863}}
{"target": -15.16793882090581, "params": {"colsample_bytree": 0.2904019805676633, "eta": 0.02106195134224781, "gamma": 569.845129935892, "max_depth": 5.0, "min_child_weight": 4061.42061011851, "num_boost_round": 8.0, "subsample": 0.6194326830582881}, "datetime": {"datetime": "2024-01-20 17:14:19", "elapsed": 10216.773528, "delta": 0.007425}}
{"target": -15.167737787248392, "params": {"colsample_bytree": 0.2904019805676633, "eta": 0.02106195134224781, "gamma": 569.845129935892, "max_depth": 5.0, "min_child_weight": 4061.42061011851, "num_boost_round": 9.0, "subsample": 0.6194326830582881}, "datetime": {"datetime": "2024-01-20 17:14:19", "elapsed": 10216.780637, "delta": 0.007109}}
{"target": -15.16721997113806, "params": {"colsample_bytree": 0.2904019805676633, "eta": 0.02106195134224781, "gamma": 569.845129935892, "max_depth": 5.0, "min_child_weight": 4061.42061011851, "num_boost_round": 10.0, "subsample": 0.6194326830582881}, "datetime": {"datetime": "2024-01-20 17:14:19", "elapsed": 10216.787534, "delta": 0.006897}}
{"target": -15.167149469000682, "params": {"colsample_bytree": 0.2904019805676633, "eta": 0.02106195134224781, "gamma": 569.845129935892, "max_depth": 5.0, "min_child_weight": 4061.42061011851, "num_boost_round": 11.0, "subsample": 0.6194326830582881}, "datetime": {"datetime": "2024-01-20 17:14:19", "elapsed": 10216.794686, "delta": 0.007152}}
{"target": -15.167166734961068, "params": {"colsample_bytree": 0.2904019805676633, "eta": 0.02106195134224781, "gamma": 569.845129935892, "max_depth": 5.0, "min_child_weight": 4061.42061011851, "num_boost_round": 12.0, "subsample": 0.6194326830582881}, "datetime": {"datetime": "2024-01-20 17:14:19", "elapsed": 10216.802224, "delta": 0.007538}}
{"target": -15.167111694970806, "params": {"colsample_bytree": 0.2904019805676633, "eta": 0.02106195134224781, "gamma": 569.845129935892, "max_depth": 5.0, "min_child_weight": 4061.42061011851, "num_boost_round": 13.0, "subsample": 0.6194326830582881}, "datetime": {"datetime": "2024-01-20 17:14:19", "elapsed": 10216.809348, "delta": 0.007124}}
{"target": -15.166496335909667, "params": {"colsample_bytree": 0.2904019805676633, "eta": 0.02106195134224781, "gamma": 569.845129935892, "max_depth": 5.0, "min_child_weight": 4061.42061011851, "num_boost_round": 14.0, "subsample": 0.6194326830582881}, "datetime": {"datetime": "2024-01-20 17:14:19", "elapsed": 10216.816163, "delta": 0.006815}}
{"target": -15.166385915478681, "params": {"colsample_bytree": 0.2904019805676633, "eta": 0.02106195134224781, "gamma": 569.845129935892, "max_depth": 5.0, "min_child_weight": 4061.42061011851, "num_boost_round": 15.0, "subsample": 0.6194326830582881}, "datetime": {"datetime": "2024-01-20 17:14:19", "elapsed": 10216.823065, "delta": 0.006902}}
{"target": -15.166040762052923, "params": {"colsample_bytree": 0.2904019805676633, "eta": 0.02106195134224781, "gamma": 569.845129935892, "max_depth": 5.0, "min_child_weight": 4061.42061011851, "num_boost_round": 16.0, "subsample": 0.6194326830582881}, "datetime": {"datetime": "2024-01-20 17:14:19", "elapsed": 10216.830545, "delta": 0.00748}}
{"target": -15.16515218590494, "params": {"colsample_bytree": 0.2904019805676633, "eta": 0.02106195134224781, "gamma": 569.845129935892, "max_depth": 5.0, "min_child_weight": 4061.42061011851, "num_boost_round": 17.0, "subsample": 0.6194326830582881}, "datetime": {"datetime": "2024-01-20 17:14:19", "elapsed": 10216.837597, "delta": 0.007052}}
{"target": -15.165098423433278, "params": {"colsample_bytree": 0.2904019805676633, "eta": 0.02106195134224781, "gamma": 569.845129935892, "max_depth": 5.0, "min_child_weight": 4061.42061011851, "num_boost_round": 18.0, "subsample": 0.6194326830582881}, "datetime": {"datetime": "2024-01-20 17:14:19", "elapsed": 10216.844767, "delta": 0.00717}}
{"target": -15.164532940369067, "params": {"colsample_bytree": 0.2904019805676633, "eta": 0.02106195134224781, "gamma": 569.845129935892, "max_depth": 5.0, "min_child_weight": 4061.42061011851, "num_boost_round": 19.0, "subsample": 0.6194326830582881}, "datetime": {"datetime": "2024-01-20 17:14:19", "elapsed": 10216.851724, "delta": 0.006957}}
{"target": -15.164595355370725, "params": {"colsample_bytree": 0.2904019805676633, "eta": 0.02106195134224781, "gamma": 569.845129935892, "max_depth": 5.0, "min_child_weight": 4061.42061011851, "num_boost_round": 20.0, "subsample": 0.6194326830582881}, "datetime": {"datetime": "2024-01-20 17:14:19", "elapsed": 10216.859022, "delta": 0.007298}}
{"target": -15.164252815474455, "params": {"colsample_bytree": 0.2904019805676633, "eta": 0.02106195134224781, "gamma": 569.845129935892, "max_depth": 5.0, "min_child_weight": 4061.42061011851, "num_boost_round": 21.0, "subsample": 0.6194326830582881}, "datetime": {"datetime": "2024-01-20 17:14:19", "elapsed": 10216.866432, "delta": 0.00741}}
{"target": -15.164179926012611, "params": {"colsample_bytree": 0.2904019805676633, "eta": 0.02106195134224781, "gamma": 569.845129935892, "max_depth": 5.0, "min_child_weight": 4061.42061011851, "num_boost_round": 22.0, "subsample": 0.6194326830582881}, "datetime": {"datetime": "2024-01-20 17:14:19", "elapsed": 10216.876509, "delta": 0.010077}}
{"target": -15.16405055068568, "params": {"colsample_bytree": 0.2904019805676633, "eta": 0.02106195134224781, "gamma": 569.845129935892, "max_depth": 5.0, "min_child_weight": 4061.42061011851, "num_boost_round": 23.0, "subsample": 0.6194326830582881}, "datetime": {"datetime": "2024-01-20 17:14:19", "elapsed": 10216.88569, "delta": 0.009181}}
{"target": -15.163628395044705, "params": {"colsample_bytree": 0.2904019805676633, "eta": 0.02106195134224781, "gamma": 569.845129935892, "max_depth": 5.0, "min_child_weight": 4061.42061011851, "num_boost_round": 24.0, "subsample": 0.6194326830582881}, "datetime": {"datetime": "2024-01-20 17:14:19", "elapsed": 10216.893466, "delta": 0.007776}}
{"target": -15.163636514339807, "params": {"colsample_bytree": 0.2904019805676633, "eta": 0.02106195134224781, "gamma": 569.845129935892, "max_depth": 5.0, "min_child_weight": 4061.42061011851, "num_boost_round": 25.0, "subsample": 0.6194326830582881}, "datetime": {"datetime": "2024-01-20 17:14:19", "elapsed": 10216.900828, "delta": 0.007362}}
{"target": -15.1631697224494, "params": {"colsample_bytree": 0.2904019805676633, "eta": 0.02106195134224781, "gamma": 569.845129935892, "max_depth": 5.0, "min_child_weight": 4061.42061011851, "num_boost_round": 26.0, "subsample": 0.6194326830582881}, "datetime": {"datetime": "2024-01-20 17:14:19", "elapsed": 10216.908146, "delta": 0.007318}}
{"target": -15.162770349489243, "params": {"colsample_bytree": 0.2904019805676633, "eta": 0.02106195134224781, "gamma": 569.845129935892, "max_depth": 5.0, "min_child_weight": 4061.42061011851, "num_boost_round": 27.0, "subsample": 0.6194326830582881}, "datetime": {"datetime": "2024-01-20 17:14:19", "elapsed": 10216.916677, "delta": 0.008531}}
{"target": -15.162405376478048, "params": {"colsample_bytree": 0.2904019805676633, "eta": 0.02106195134224781, "gamma": 569.845129935892, "max_depth": 5.0, "min_child_weight": 4061.42061011851, "num_boost_round": 28.0, "subsample": 0.6194326830582881}, "datetime": {"datetime": "2024-01-20 17:14:19", "elapsed": 10216.927533, "delta": 0.010856}}
{"target": -15.16235822816342, "params": {"colsample_bytree": 0.2904019805676633, "eta": 0.02106195134224781, "gamma": 569.845129935892, "max_depth": 5.0, "min_child_weight": 4061.42061011851, "num_boost_round": 29.0, "subsample": 0.6194326830582881}, "datetime": {"datetime": "2024-01-20 17:14:19", "elapsed": 10216.935761, "delta": 0.008228}}
{"target": -15.161872810070236, "params": {"colsample_bytree": 0.2904019805676633, "eta": 0.02106195134224781, "gamma": 569.845129935892, "max_depth": 5.0, "min_child_weight": 4061.42061011851, "num_boost_round": 30.0, "subsample": 0.6194326830582881}, "datetime": {"datetime": "2024-01-20 17:14:19", "elapsed": 10216.942788, "delta": 0.007027}}
{"target": -15.162032520420585, "params": {"colsample_bytree": 0.2904019805676633, "eta": 0.02106195134224781, "gamma": 569.845129935892, "max_depth": 5.0, "min_child_weight": 4061.42061011851, "num_boost_round": 31.0, "subsample": 0.6194326830582881}, "datetime": {"datetime": "2024-01-20 17:14:19", "elapsed": 10216.949865, "delta": 0.007077}}
{"target": -15.161741001543458, "params": {"colsample_bytree": 0.2904019805676633, "eta": 0.02106195134224781, "gamma": 569.845129935892, "max_depth": 5.0, "min_child_weight": 4061.42061011851, "num_boost_round": 32.0, "subsample": 0.6194326830582881}, "datetime": {"datetime": "2024-01-20 17:14:19", "elapsed": 10216.957524, "delta": 0.007659}}
{"target": -15.161652631435738, "params": {"colsample_bytree": 0.2904019805676633, "eta": 0.02106195134224781, "gamma": 569.845129935892, "max_depth": 5.0, "min_child_weight": 4061.42061011851, "num_boost_round": 33.0, "subsample": 0.6194326830582881}, "datetime": {"datetime": "2024-01-20 17:14:19", "elapsed": 10216.965931, "delta": 0.008407}}
{"target": -15.16186107574076, "params": {"colsample_bytree": 0.2904019805676633, "eta": 0.02106195134224781, "gamma": 569.845129935892, "max_depth": 5.0, "min_child_weight": 4061.42061011851, "num_boost_round": 34.0, "subsample": 0.6194326830582881}, "datetime": {"datetime": "2024-01-20 17:14:19", "elapsed": 10216.976097, "delta": 0.010166}}
{"target": -15.170720720718549, "params": {"colsample_bytree": 0.21753796110974571, "eta": 0.07908188919283012, "gamma": 653.9398500578463, "max_depth": 2.0, "min_child_weight": 4140.251212522524, "num_boost_round": 1.0, "subsample": 0.8044665898394896}, "datetime": {"datetime": "2024-01-20 17:16:45", "elapsed": 10363.313677, "delta": 146.33758}}
{"target": -15.168847852557677, "params": {"colsample_bytree": 0.21753796110974571, "eta": 0.07908188919283012, "gamma": 653.9398500578463, "max_depth": 2.0, "min_child_weight": 4140.251212522524, "num_boost_round": 2.0, "subsample": 0.8044665898394896}, "datetime": {"datetime": "2024-01-20 17:16:45", "elapsed": 10363.323491, "delta": 0.009814}}
