{"target": -19.14474751362832, "params": {"colsample_bytree": 0.5319551100965813, "eta": 0.08455125375437991, "gamma": 57.9912729353429, "max_depth": 2.0, "min_child_weight": 3460.795191754768, "num_boost_round": 18.0, "subsample": 0.29195737499323443}, "datetime": {"datetime": "2024-01-20 17:12:56", "elapsed": 10144.887508, "delta": 0.005865}}
{"target": -19.14497002728627, "params": {"colsample_bytree": 0.5319551100965813, "eta": 0.08455125375437991, "gamma": 57.9912729353429, "max_depth": 2.0, "min_child_weight": 3460.795191754768, "num_boost_round": 19.0, "subsample": 0.29195737499323443}, "datetime": {"datetime": "2024-01-20 17:12:56", "elapsed": 10144.893254, "delta": 0.005746}}
{"target": -19.144884080845628, "params": {"colsample_bytree": 0.5319551100965813, "eta": 0.08455125375437991, "gamma": 57.9912729353429, "max_depth": 2.0, "min_child_weight": 3460.795191754768, "num_boost_round": 20.0, "subsample": 0.29195737499323443}, "datetime": {"datetime": "2024-01-20 17:12:56", "elapsed": 10144.899087, "delta": 0.005833}}
{"target": -19.145336930889037, "params": {"colsample_bytree": 0.5319551100965813, "eta": 0.08455125375437991, "gamma": 57.9912729353429, "max_depth": 2.0, "min_child_weight": 3460.795191754768, "num_boost_round": 21.0, "subsample": 0.29195737499323443}, "datetime": {"datetime": "2024-01-20 17:12:56", "elapsed": 10144.904929, "delta": 0.005842}}
{"target": -19.145387313142905, "params": {"colsample_bytree": 0.5319551100965813, "eta": 0.08455125375437991, "gamma": 57.9912729353429, "max_depth": 2.0, "min_child_weight": 3460.795191754768, "num_boost_round": 22.0, "subsample": 0.29195737499323443}, "datetime": {"datetime": "2024-01-20 17:12:56", "elapsed": 10144.910764, "delta": 0.005835}}
{"target": -19.14500479139371, "params": {"colsample_bytree": 0.5319551100965813, "eta": 0.08455125375437991, "gamma": 57.9912729353429, "max_depth": 2.0, "min_child_weight": 3460.795191754768, "num_boost_round": 23.0, "subsample": 0.29195737499323443}, "datetime": {"datetime": "2024-01-20 17:12:56", "elapsed": 10144.916776, "delta": 0.006012}}
{"target": -19.145186199942316, "params": {"colsample_bytree": 0.5319551100965813, "eta": 0.08455125375437991, "gamma": 57.9912729353429, "max_depth": 2.0, "min_child_weight": 3460.795191754768, "num_boost_round": 24.0, "subsample": 0.29195737499323443}, "datetime": {"datetime": "2024-01-20 17:12:56", "elapsed": 10144.922595, "delta": 0.005819}}
{"target": -19.145630912449644, "params": {"colsample_bytree": 0.5319551100965813, "eta": 0.08455125375437991, "gamma": 57.9912729353429, "max_depth": 2.0, "min_child_weight": 3460.795191754768, "num_boost_round": 25.0, "subsample": 0.29195737499323443}, "datetime": {"datetime": "2024-01-20 17:12:56", "elapsed": 10144.928847, "delta": 0.006252}}
{"target": -19.143376992548404, "params": {"colsample_bytree": 0.8241989460534087, "eta": 0.06525872525171988, "gamma": 29.06328915883649, "max_depth": 9.0, "min_child_weight": 3393.789166368506, "num_boost_round": 1.0, "subsample": 0.15099093575021005}, "datetime": {"datetime": "2024-01-20 17:15:10", "elapsed": 10278.42602, "delta": 133.497173}}
{"target": -19.14294212707184, "params": {"colsample_bytree": 0.8241989460534087, "eta": 0.06525872525171988, "gamma": 29.06328915883649, "max_depth": 9.0, "min_child_weight": 3393.789166368506, "num_boost_round": 2.0, "subsample": 0.15099093575021005}, "datetime": {"datetime": "2024-01-20 17:15:10", "elapsed": 10278.433693, "delta": 0.007673}}
{"target": -19.142793740466125, "params": {"colsample_bytree": 0.8241989460534087, "eta": 0.06525872525171988, "gamma": 29.06328915883649, "max_depth": 9.0, "min_child_weight": 3393.789166368506, "num_boost_round": 3.0, "subsample": 0.15099093575021005}, "datetime": {"datetime": "2024-01-20 17:15:10", "elapsed": 10278.441036, "delta": 0.007343}}
{"target": -19.142475513320747, "params": {"colsample_bytree": 0.8241989460534087, "eta": 0.06525872525171988, "gamma": 29.06328915883649, "max_depth": 9.0, "min_child_weight": 3393.789166368506, "num_boost_round": 4.0, "subsample": 0.15099093575021005}, "datetime": {"datetime": "2024-01-20 17:15:10", "elapsed": 10278.44797, "delta": 0.006934}}
{"target": -19.14248147590528, "params": {"colsample_bytree": 0.8241989460534087, "eta": 0.06525872525171988, "gamma": 29.06328915883649, "max_depth": 9.0, "min_child_weight": 3393.789166368506, "num_boost_round": 5.0, "subsample": 0.15099093575021005}, "datetime": {"datetime": "2024-01-20 17:15:10", "elapsed": 10278.454758, "delta": 0.006788}}
{"target": -19.142742604539055, "params": {"colsample_bytree": 0.8241989460534087, "eta": 0.06525872525171988, "gamma": 29.06328915883649, "max_depth": 9.0, "min_child_weight": 3393.789166368506, "num_boost_round": 6.0, "subsample": 0.15099093575021005}, "datetime": {"datetime": "2024-01-20 17:15:10", "elapsed": 10278.461554, "delta": 0.006796}}
{"target": -19.142457227266803, "params": {"colsample_bytree": 0.8241989460534087, "eta": 0.06525872525171988, "gamma": 29.06328915883649, "max_depth": 9.0, "min_child_weight": 3393.789166368506, "num_boost_round": 7.0, "subsample": 0.15099093575021005}, "datetime": {"datetime": "2024-01-20 17:15:10", "elapsed": 10278.468575, "delta": 0.007021}}
{"target": -19.142756236841535, "params": {"colsample_bytree": 0.8241989460534087, "eta": 0.06525872525171988, "gamma": 29.06328915883649, "max_depth": 9.0, "min_child_weight": 3393.789166368506, "num_boost_round": 8.0, "subsample": 0.15099093575021005}, "datetime": {"datetime": "2024-01-20 17:15:10", "elapsed": 10278.476016, "delta": 0.007441}}
{"target": -19.142991756846857, "params": {"colsample_bytree": 0.8241989460534087, "eta": 0.06525872525171988, "gamma": 29.06328915883649, "max_depth": 9.0, "min_child_weight": 3393.789166368506, "num_boost_round": 9.0, "subsample": 0.15099093575021005}, "datetime": {"datetime": "2024-01-20 17:15:10", "elapsed": 10278.482706, "delta": 0.00669}}
{"target": -19.143415519614972, "params": {"colsample_bytree": 0.8241989460534087, "eta": 0.06525872525171988, "gamma": 29.06328915883649, "max_depth": 9.0, "min_child_weight": 3393.789166368506, "num_boost_round": 10.0, "subsample": 0.15099093575021005}, "datetime": {"datetime": "2024-01-20 17:15:10", "elapsed": 10278.514987, "delta": 0.032281}}
{"target": -19.14376749963435, "params": {"colsample_bytree": 0.8241989460534087, "eta": 0.06525872525171988, "gamma": 29.06328915883649, "max_depth": 9.0, "min_child_weight": 3393.789166368506, "num_boost_round": 11.0, "subsample": 0.15099093575021005}, "datetime": {"datetime": "2024-01-20 17:15:10", "elapsed": 10278.522306, "delta": 0.007319}}
{"target": -19.14410539116922, "params": {"colsample_bytree": 0.8241989460534087, "eta": 0.06525872525171988, "gamma": 29.06328915883649, "max_depth": 9.0, "min_child_weight": 3393.789166368506, "num_boost_round": 12.0, "subsample": 0.15099093575021005}, "datetime": {"datetime": "2024-01-20 17:15:10", "elapsed": 10278.52904, "delta": 0.006734}}
{"target": -19.144727425441694, "params": {"colsample_bytree": 0.8241989460534087, "eta": 0.06525872525171988, "gamma": 29.06328915883649, "max_depth": 9.0, "min_child_weight": 3393.789166368506, "num_boost_round": 13.0, "subsample": 0.15099093575021005}, "datetime": {"datetime": "2024-01-20 17:15:10", "elapsed": 10278.536246, "delta": 0.007206}}
{"target": -19.1454171950869, "params": {"colsample_bytree": 0.8241989460534087, "eta": 0.06525872525171988, "gamma": 29.06328915883649, "max_depth": 9.0, "min_child_weight": 3393.789166368506, "num_boost_round": 14.0, "subsample": 0.15099093575021005}, "datetime": {"datetime": "2024-01-20 17:15:10", "elapsed": 10278.543221, "delta": 0.006975}}
{"target": -19.145684256167957, "params": {"colsample_bytree": 0.8241989460534087, "eta": 0.06525872525171988, "gamma": 29.06328915883649, "max_depth": 9.0, "min_child_weight": 3393.789166368506, "num_boost_round": 15.0, "subsample": 0.15099093575021005}, "datetime": {"datetime": "2024-01-20 17:15:10", "elapsed": 10278.550023, "delta": 0.006802}}
{"target": -19.146185041109682, "params": {"colsample_bytree": 0.8241989460534087, "eta": 0.06525872525171988, "gamma": 29.06328915883649, "max_depth": 9.0, "min_child_weight": 3393.789166368506, "num_boost_round": 16.0, "subsample": 0.15099093575021005}, "datetime": {"datetime": "2024-01-20 17:15:10", "elapsed": 10278.556608, "delta": 0.006585}}
{"target": -19.146525466672244, "params": {"colsample_bytree": 0.8241989460534087, "eta": 0.06525872525171988, "gamma": 29.06328915883649, "max_depth": 9.0, "min_child_weight": 3393.789166368506, "num_boost_round": 17.0, "subsample": 0.15099093575021005}, "datetime": {"datetime": "2024-01-20 17:15:10", "elapsed": 10278.563235, "delta": 0.006627}}
{"target": -19.14653128566291, "params": {"colsample_bytree": 0.8241989460534087, "eta": 0.06525872525171988, "gamma": 29.06328915883649, "max_depth": 9.0, "min_child_weight": 3393.789166368506, "num_boost_round": 18.0, "subsample": 0.15099093575021005}, "datetime": {"datetime": "2024-01-20 17:15:10", "elapsed": 10278.569924, "delta": 0.006689}}
{"target": -19.147035861247943, "params": {"colsample_bytree": 0.8241989460534087, "eta": 0.06525872525171988, "gamma": 29.06328915883649, "max_depth": 9.0, "min_child_weight": 3393.789166368506, "num_boost_round": 19.0, "subsample": 0.15099093575021005}, "datetime": {"datetime": "2024-01-20 17:15:10", "elapsed": 10278.576405, "delta": 0.006481}}
{"target": -19.147487662848814, "params": {"colsample_bytree": 0.8241989460534087, "eta": 0.06525872525171988, "gamma": 29.06328915883649, "max_depth": 9.0, "min_child_weight": 3393.789166368506, "num_boost_round": 20.0, "subsample": 0.15099093575021005}, "datetime": {"datetime": "2024-01-20 17:15:10", "elapsed": 10278.582898, "delta": 0.006493}}
{"target": -19.14791322173067, "params": {"colsample_bytree": 0.8241989460534087, "eta": 0.06525872525171988, "gamma": 29.06328915883649, "max_depth": 9.0, "min_child_weight": 3393.789166368506, "num_boost_round": 21.0, "subsample": 0.15099093575021005}, "datetime": {"datetime": "2024-01-20 17:15:10", "elapsed": 10278.589304, "delta": 0.006406}}
{"target": -19.14875221748484, "params": {"colsample_bytree": 0.8241989460534087, "eta": 0.06525872525171988, "gamma": 29.06328915883649, "max_depth": 9.0, "min_child_weight": 3393.789166368506, "num_boost_round": 22.0, "subsample": 0.15099093575021005}, "datetime": {"datetime": "2024-01-20 17:15:10", "elapsed": 10278.595904, "delta": 0.0066}}
{"target": -19.149065221876704, "params": {"colsample_bytree": 0.8241989460534087, "eta": 0.06525872525171988, "gamma": 29.06328915883649, "max_depth": 9.0, "min_child_weight": 3393.789166368506, "num_boost_round": 23.0, "subsample": 0.15099093575021005}, "datetime": {"datetime": "2024-01-20 17:15:10", "elapsed": 10278.602409, "delta": 0.006505}}
{"target": -19.1494151960436, "params": {"colsample_bytree": 0.8241989460534087, "eta": 0.06525872525171988, "gamma": 29.06328915883649, "max_depth": 9.0, "min_child_weight": 3393.789166368506, "num_boost_round": 24.0, "subsample": 0.15099093575021005}, "datetime": {"datetime": "2024-01-20 17:15:10", "elapsed": 10278.60879, "delta": 0.006381}}
{"target": -19.15037180048912, "params": {"colsample_bytree": 0.8241989460534087, "eta": 0.06525872525171988, "gamma": 29.06328915883649, "max_depth": 9.0, "min_child_weight": 3393.789166368506, "num_boost_round": 25.0, "subsample": 0.15099093575021005}, "datetime": {"datetime": "2024-01-20 17:15:10", "elapsed": 10278.615706, "delta": 0.006916}}
{"target": -19.150806080522372, "params": {"colsample_bytree": 0.8241989460534087, "eta": 0.06525872525171988, "gamma": 29.06328915883649, "max_depth": 9.0, "min_child_weight": 3393.789166368506, "num_boost_round": 26.0, "subsample": 0.15099093575021005}, "datetime": {"datetime": "2024-01-20 17:15:10", "elapsed": 10278.622352, "delta": 0.006646}}
{"target": -19.150832306840915, "params": {"colsample_bytree": 0.8241989460534087, "eta": 0.06525872525171988, "gamma": 29.06328915883649, "max_depth": 9.0, "min_child_weight": 3393.789166368506, "num_boost_round": 27.0, "subsample": 0.15099093575021005}, "datetime": {"datetime": "2024-01-20 17:15:10", "elapsed": 10278.628888, "delta": 0.006536}}
{"target": -19.151322463073697, "params": {"colsample_bytree": 0.8241989460534087, "eta": 0.06525872525171988, "gamma": 29.06328915883649, "max_depth": 9.0, "min_child_weight": 3393.789166368506, "num_boost_round": 28.0, "subsample": 0.15099093575021005}, "datetime": {"datetime": "2024-01-20 17:15:10", "elapsed": 10278.635237, "delta": 0.006349}}
{"target": -19.151740347726786, "params": {"colsample_bytree": 0.8241989460534087, "eta": 0.06525872525171988, "gamma": 29.06328915883649, "max_depth": 9.0, "min_child_weight": 3393.789166368506, "num_boost_round": 29.0, "subsample": 0.15099093575021005}, "datetime": {"datetime": "2024-01-20 17:15:10", "elapsed": 10278.641596, "delta": 0.006359}}
{"target": -19.152660247030777, "params": {"colsample_bytree": 0.8241989460534087, "eta": 0.06525872525171988, "gamma": 29.06328915883649, "max_depth": 9.0, "min_child_weight": 3393.789166368506, "num_boost_round": 30.0, "subsample": 0.15099093575021005}, "datetime": {"datetime": "2024-01-20 17:15:10", "elapsed": 10278.647811, "delta": 0.006215}}
{"target": -19.15313275418762, "params": {"colsample_bytree": 0.8241989460534087, "eta": 0.06525872525171988, "gamma": 29.06328915883649, "max_depth": 9.0, "min_child_weight": 3393.789166368506, "num_boost_round": 31.0, "subsample": 0.15099093575021005}, "datetime": {"datetime": "2024-01-20 17:15:10", "elapsed": 10278.653984, "delta": 0.006173}}
{"target": -19.143668436754872, "params": {"colsample_bytree": 0.6506744439881159, "eta": 0.05842216553948982, "gamma": 964.9765324128371, "max_depth": 6.0, "min_child_weight": 4256.827877664313, "num_boost_round": 1.0, "subsample": 0.5575199981948895}, "datetime": {"datetime": "2024-01-20 17:16:22", "elapsed": 10350.833833, "delta": 72.179849}}
{"target": -19.14348948723584, "params": {"colsample_bytree": 0.6506744439881159, "eta": 0.05842216553948982, "gamma": 964.9765324128371, "max_depth": 6.0, "min_child_weight": 4256.827877664313, "num_boost_round": 2.0, "subsample": 0.5575199981948895}, "datetime": {"datetime": "2024-01-20 17:16:23", "elapsed": 10351.225076, "delta": 0.391243}}
{"target": -19.143441574933238, "params": {"colsample_bytree": 0.5517310355377549, "eta": 0.06512779880603481, "gamma": 822.3267150873786, "max_depth": 3.0, "min_child_weight": 4315.4915758138195, "num_boost_round": 1.0, "subsample": 0.5796787573182913}, "datetime": {"datetime": "2024-01-20 17:19:21", "elapsed": 10529.709682, "delta": 178.484606}}
{"target": -19.143340662854758, "params": {"colsample_bytree": 0.5517310355377549, "eta": 0.06512779880603481, "gamma": 822.3267150873786, "max_depth": 3.0, "min_child_weight": 4315.4915758138195, "num_boost_round": 2.0, "subsample": 0.5796787573182913}, "datetime": {"datetime": "2024-01-20 17:19:21", "elapsed": 10529.718762, "delta": 0.00908}}
{"target": -19.143178383748758, "params": {"colsample_bytree": 0.5517310355377549, "eta": 0.06512779880603481, "gamma": 822.3267150873786, "max_depth": 3.0, "min_child_weight": 4315.4915758138195, "num_boost_round": 3.0, "subsample": 0.5796787573182913}, "datetime": {"datetime": "2024-01-20 17:19:21", "elapsed": 10529.725877, "delta": 0.007115}}
{"target": -19.142764017126982, "params": {"colsample_bytree": 0.5517310355377549, "eta": 0.06512779880603481, "gamma": 822.3267150873786, "max_depth": 3.0, "min_child_weight": 4315.4915758138195, "num_boost_round": 4.0, "subsample": 0.5796787573182913}, "datetime": {"datetime": "2024-01-20 17:19:21", "elapsed": 10529.732543, "delta": 0.006666}}
{"target": -19.142762719618847, "params": {"colsample_bytree": 0.5517310355377549, "eta": 0.06512779880603481, "gamma": 822.3267150873786, "max_depth": 3.0, "min_child_weight": 4315.4915758138195, "num_boost_round": 5.0, "subsample": 0.5796787573182913}, "datetime": {"datetime": "2024-01-20 17:19:21", "elapsed": 10529.739493, "delta": 0.00695}}
{"target": -19.14228185186431, "params": {"colsample_bytree": 0.5517310355377549, "eta": 0.06512779880603481, "gamma": 822.3267150873786, "max_depth": 3.0, "min_child_weight": 4315.4915758138195, "num_boost_round": 6.0, "subsample": 0.5796787573182913}, "datetime": {"datetime": "2024-01-20 17:19:21", "elapsed": 10529.74628, "delta": 0.006787}}
{"target": -19.142476926681177, "params": {"colsample_bytree": 0.5517310355377549, "eta": 0.06512779880603481, "gamma": 822.3267150873786, "max_depth": 3.0, "min_child_weight": 4315.4915758138195, "num_boost_round": 7.0, "subsample": 0.5796787573182913}, "datetime": {"datetime": "2024-01-20 17:19:21", "elapsed": 10529.753492, "delta": 0.007212}}
{"target": -19.14297924261737, "params": {"colsample_bytree": 0.5517310355377549, "eta": 0.06512779880603481, "gamma": 822.3267150873786, "max_depth": 3.0, "min_child_weight": 4315.4915758138195, "num_boost_round": 8.0, "subsample": 0.5796787573182913}, "datetime": {"datetime": "2024-01-20 17:19:21", "elapsed": 10529.761033, "delta": 0.007541}}
{"target": -19.143090852860283, "params": {"colsample_bytree": 0.5517310355377549, "eta": 0.06512779880603481, "gamma": 822.3267150873786, "max_depth": 3.0, "min_child_weight": 4315.4915758138195, "num_boost_round": 9.0, "subsample": 0.5796787573182913}, "datetime": {"datetime": "2024-01-20 17:19:21", "elapsed": 10529.767871, "delta": 0.006838}}
{"target": -19.143369212665178, "params": {"colsample_bytree": 0.5517310355377549, "eta": 0.06512779880603481, "gamma": 822.3267150873786, "max_depth": 3.0, "min_child_weight": 4315.4915758138195, "num_boost_round": 10.0, "subsample": 0.5796787573182913}, "datetime": {"datetime": "2024-01-20 17:19:21", "elapsed": 10529.774919, "delta": 0.007048}}
{"target": -19.143320838176116, "params": {"colsample_bytree": 0.5517310355377549, "eta": 0.06512779880603481, "gamma": 822.3267150873786, "max_depth": 3.0, "min_child_weight": 4315.4915758138195, "num_boost_round": 11.0, "subsample": 0.5796787573182913}, "datetime": {"datetime": "2024-01-20 17:19:21", "elapsed": 10529.781672, "delta": 0.006753}}
{"target": -19.143409873287613, "params": {"colsample_bytree": 0.5517310355377549, "eta": 0.06512779880603481, "gamma": 822.3267150873786, "max_depth": 3.0, "min_child_weight": 4315.4915758138195, "num_boost_round": 12.0, "subsample": 0.5796787573182913}, "datetime": {"datetime": "2024-01-20 17:19:21", "elapsed": 10529.808047, "delta": 0.026375}}
{"target": -19.143997565341888, "params": {"colsample_bytree": 0.5517310355377549, "eta": 0.06512779880603481, "gamma": 822.3267150873786, "max_depth": 3.0, "min_child_weight": 4315.4915758138195, "num_boost_round": 13.0, "subsample": 0.5796787573182913}, "datetime": {"datetime": "2024-01-20 17:19:21", "elapsed": 10529.815885, "delta": 0.007838}}
{"target": -19.144951653765744, "params": {"colsample_bytree": 0.5517310355377549, "eta": 0.06512779880603481, "gamma": 822.3267150873786, "max_depth": 3.0, "min_child_weight": 4315.4915758138195, "num_boost_round": 14.0, "subsample": 0.5796787573182913}, "datetime": {"datetime": "2024-01-20 17:19:21", "elapsed": 10529.822791, "delta": 0.006906}}
{"target": -19.145592522753873, "params": {"colsample_bytree": 0.5517310355377549, "eta": 0.06512779880603481, "gamma": 822.3267150873786, "max_depth": 3.0, "min_child_weight": 4315.4915758138195, "num_boost_round": 15.0, "subsample": 0.5796787573182913}, "datetime": {"datetime": "2024-01-20 17:19:21", "elapsed": 10529.829863, "delta": 0.007072}}
{"target": -19.145590547896006, "params": {"colsample_bytree": 0.5517310355377549, "eta": 0.06512779880603481, "gamma": 822.3267150873786, "max_depth": 3.0, "min_child_weight": 4315.4915758138195, "num_boost_round": 16.0, "subsample": 0.5796787573182913}, "datetime": {"datetime": "2024-01-20 17:19:21", "elapsed": 10529.83676, "delta": 0.006897}}
{"target": -19.145655622608757, "params": {"colsample_bytree": 0.5517310355377549, "eta": 0.06512779880603481, "gamma": 822.3267150873786, "max_depth": 3.0, "min_child_weight": 4315.4915758138195, "num_boost_round": 17.0, "subsample": 0.5796787573182913}, "datetime": {"datetime": "2024-01-20 17:19:21", "elapsed": 10529.847962, "delta": 0.011202}}
{"target": -19.146324809882692, "params": {"colsample_bytree": 0.5517310355377549, "eta": 0.06512779880603481, "gamma": 822.3267150873786, "max_depth": 3.0, "min_child_weight": 4315.4915758138195, "num_boost_round": 18.0, "subsample": 0.5796787573182913}, "datetime": {"datetime": "2024-01-20 17:19:21", "elapsed": 10529.855839, "delta": 0.007877}}
{"target": -19.146544133877285, "params": {"colsample_bytree": 0.5517310355377549, "eta": 0.06512779880603481, "gamma": 822.3267150873786, "max_depth": 3.0, "min_child_weight": 4315.4915758138195, "num_boost_round": 19.0, "subsample": 0.5796787573182913}, "datetime": {"datetime": "2024-01-20 17:19:21", "elapsed": 10529.863923, "delta": 0.008084}}
{"target": -19.146434113190065, "params": {"colsample_bytree": 0.5517310355377549, "eta": 0.06512779880603481, "gamma": 822.3267150873786, "max_depth": 3.0, "min_child_weight": 4315.4915758138195, "num_boost_round": 20.0, "subsample": 0.5796787573182913}, "datetime": {"datetime": "2024-01-20 17:19:21", "elapsed": 10529.883908, "delta": 0.019985}}
{"target": -19.14721542486423, "params": {"colsample_bytree": 0.5517310355377549, "eta": 0.06512779880603481, "gamma": 822.3267150873786, "max_depth": 3.0, "min_child_weight": 4315.4915758138195, "num_boost_round": 21.0, "subsample": 0.5796787573182913}, "datetime": {"datetime": "2024-01-20 17:19:21", "elapsed": 10529.897655, "delta": 0.013747}}
{"target": -19.147633864232553, "params": {"colsample_bytree": 0.5517310355377549, "eta": 0.06512779880603481, "gamma": 822.3267150873786, "max_depth": 3.0, "min_child_weight": 4315.4915758138195, "num_boost_round": 22.0, "subsample": 0.5796787573182913}, "datetime": {"datetime": "2024-01-20 17:19:21", "elapsed": 10529.904755, "delta": 0.0071}}
