{"target": -13.499770333999283, "params": {"colsample_bytree": 0.8895711334826372, "eta": 0.056993300383946, "gamma": 806.0070611300231, "max_depth": 2.0, "min_child_weight": 4547.813936304902, "num_boost_round": 46.0, "subsample": 0.5530791843132864}, "datetime": {"datetime": "2024-01-20 15:40:02", "elapsed": 4556.249486, "delta": 0.005279}}
{"target": -13.49983543455287, "params": {"colsample_bytree": 0.8895711334826372, "eta": 0.056993300383946, "gamma": 806.0070611300231, "max_depth": 2.0, "min_child_weight": 4547.813936304902, "num_boost_round": 47.0, "subsample": 0.5530791843132864}, "datetime": {"datetime": "2024-01-20 15:40:02", "elapsed": 4556.254932, "delta": 0.005446}}
{"target": -13.499861283028888, "params": {"colsample_bytree": 0.8895711334826372, "eta": 0.056993300383946, "gamma": 806.0070611300231, "max_depth": 2.0, "min_child_weight": 4547.813936304902, "num_boost_round": 48.0, "subsample": 0.5530791843132864}, "datetime": {"datetime": "2024-01-20 15:40:02", "elapsed": 4556.260425, "delta": 0.005493}}
{"target": -13.499817541843365, "params": {"colsample_bytree": 0.8895711334826372, "eta": 0.056993300383946, "gamma": 806.0070611300231, "max_depth": 2.0, "min_child_weight": 4547.813936304902, "num_boost_round": 49.0, "subsample": 0.5530791843132864}, "datetime": {"datetime": "2024-01-20 15:40:02", "elapsed": 4556.266052, "delta": 0.005627}}
{"target": -13.499643467578668, "params": {"colsample_bytree": 0.8895711334826372, "eta": 0.056993300383946, "gamma": 806.0070611300231, "max_depth": 2.0, "min_child_weight": 4547.813936304902, "num_boost_round": 50.0, "subsample": 0.5530791843132864}, "datetime": {"datetime": "2024-01-20 15:40:02", "elapsed": 4556.271233, "delta": 0.005181}}
{"target": -13.49959861089803, "params": {"colsample_bytree": 0.8895711334826372, "eta": 0.056993300383946, "gamma": 806.0070611300231, "max_depth": 2.0, "min_child_weight": 4547.813936304902, "num_boost_round": 51.0, "subsample": 0.5530791843132864}, "datetime": {"datetime": "2024-01-20 15:40:02", "elapsed": 4556.27654, "delta": 0.005307}}
{"target": -13.49965331434152, "params": {"colsample_bytree": 0.8895711334826372, "eta": 0.056993300383946, "gamma": 806.0070611300231, "max_depth": 2.0, "min_child_weight": 4547.813936304902, "num_boost_round": 52.0, "subsample": 0.5530791843132864}, "datetime": {"datetime": "2024-01-20 15:40:02", "elapsed": 4556.281731, "delta": 0.005191}}
{"target": -13.499699698934016, "params": {"colsample_bytree": 0.8895711334826372, "eta": 0.056993300383946, "gamma": 806.0070611300231, "max_depth": 2.0, "min_child_weight": 4547.813936304902, "num_boost_round": 53.0, "subsample": 0.5530791843132864}, "datetime": {"datetime": "2024-01-20 15:40:02", "elapsed": 4556.287015, "delta": 0.005284}}
{"target": -13.499598820740783, "params": {"colsample_bytree": 0.8895711334826372, "eta": 0.056993300383946, "gamma": 806.0070611300231, "max_depth": 2.0, "min_child_weight": 4547.813936304902, "num_boost_round": 54.0, "subsample": 0.5530791843132864}, "datetime": {"datetime": "2024-01-20 15:40:02", "elapsed": 4556.292429, "delta": 0.005414}}
{"target": -13.499616382151622, "params": {"colsample_bytree": 0.8895711334826372, "eta": 0.056993300383946, "gamma": 806.0070611300231, "max_depth": 2.0, "min_child_weight": 4547.813936304902, "num_boost_round": 55.0, "subsample": 0.5530791843132864}, "datetime": {"datetime": "2024-01-20 15:40:02", "elapsed": 4556.297731, "delta": 0.005302}}
{"target": -13.499821917451879, "params": {"colsample_bytree": 0.8895711334826372, "eta": 0.056993300383946, "gamma": 806.0070611300231, "max_depth": 2.0, "min_child_weight": 4547.813936304902, "num_boost_round": 56.0, "subsample": 0.5530791843132864}, "datetime": {"datetime": "2024-01-20 15:40:02", "elapsed": 4556.302956, "delta": 0.005225}}
{"target": -13.499936798519286, "params": {"colsample_bytree": 0.8895711334826372, "eta": 0.056993300383946, "gamma": 806.0070611300231, "max_depth": 2.0, "min_child_weight": 4547.813936304902, "num_boost_round": 57.0, "subsample": 0.5530791843132864}, "datetime": {"datetime": "2024-01-20 15:40:02", "elapsed": 4556.30816, "delta": 0.005204}}
{"target": -13.499860621209134, "params": {"colsample_bytree": 0.8895711334826372, "eta": 0.056993300383946, "gamma": 806.0070611300231, "max_depth": 2.0, "min_child_weight": 4547.813936304902, "num_boost_round": 58.0, "subsample": 0.5530791843132864}, "datetime": {"datetime": "2024-01-20 15:40:02", "elapsed": 4556.313528, "delta": 0.005368}}
{"target": -13.499951703930419, "params": {"colsample_bytree": 0.8895711334826372, "eta": 0.056993300383946, "gamma": 806.0070611300231, "max_depth": 2.0, "min_child_weight": 4547.813936304902, "num_boost_round": 59.0, "subsample": 0.5530791843132864}, "datetime": {"datetime": "2024-01-20 15:40:02", "elapsed": 4556.318958, "delta": 0.00543}}
{"target": -13.499831744567004, "params": {"colsample_bytree": 0.8895711334826372, "eta": 0.056993300383946, "gamma": 806.0070611300231, "max_depth": 2.0, "min_child_weight": 4547.813936304902, "num_boost_round": 60.0, "subsample": 0.5530791843132864}, "datetime": {"datetime": "2024-01-20 15:40:02", "elapsed": 4556.324427, "delta": 0.005469}}
{"target": -13.499822658120854, "params": {"colsample_bytree": 0.8895711334826372, "eta": 0.056993300383946, "gamma": 806.0070611300231, "max_depth": 2.0, "min_child_weight": 4547.813936304902, "num_boost_round": 61.0, "subsample": 0.5530791843132864}, "datetime": {"datetime": "2024-01-20 15:40:02", "elapsed": 4556.330006, "delta": 0.005579}}
{"target": -13.499855663164205, "params": {"colsample_bytree": 0.8895711334826372, "eta": 0.056993300383946, "gamma": 806.0070611300231, "max_depth": 2.0, "min_child_weight": 4547.813936304902, "num_boost_round": 62.0, "subsample": 0.5530791843132864}, "datetime": {"datetime": "2024-01-20 15:40:02", "elapsed": 4556.335582, "delta": 0.005576}}
{"target": -13.499908130970248, "params": {"colsample_bytree": 0.8895711334826372, "eta": 0.056993300383946, "gamma": 806.0070611300231, "max_depth": 2.0, "min_child_weight": 4547.813936304902, "num_boost_round": 63.0, "subsample": 0.5530791843132864}, "datetime": {"datetime": "2024-01-20 15:40:02", "elapsed": 4556.340948, "delta": 0.005366}}
{"target": -13.499940214921164, "params": {"colsample_bytree": 0.8895711334826372, "eta": 0.056993300383946, "gamma": 806.0070611300231, "max_depth": 2.0, "min_child_weight": 4547.813936304902, "num_boost_round": 64.0, "subsample": 0.5530791843132864}, "datetime": {"datetime": "2024-01-20 15:40:02", "elapsed": 4556.346246, "delta": 0.005298}}
{"target": -13.499938972735972, "params": {"colsample_bytree": 0.8895711334826372, "eta": 0.056993300383946, "gamma": 806.0070611300231, "max_depth": 2.0, "min_child_weight": 4547.813936304902, "num_boost_round": 65.0, "subsample": 0.5530791843132864}, "datetime": {"datetime": "2024-01-20 15:40:02", "elapsed": 4556.351415, "delta": 0.005169}}
{"target": -13.499918981361187, "params": {"colsample_bytree": 0.8895711334826372, "eta": 0.056993300383946, "gamma": 806.0070611300231, "max_depth": 2.0, "min_child_weight": 4547.813936304902, "num_boost_round": 66.0, "subsample": 0.5530791843132864}, "datetime": {"datetime": "2024-01-20 15:40:02", "elapsed": 4556.356798, "delta": 0.005383}}
{"target": -13.499916412483708, "params": {"colsample_bytree": 0.8895711334826372, "eta": 0.056993300383946, "gamma": 806.0070611300231, "max_depth": 2.0, "min_child_weight": 4547.813936304902, "num_boost_round": 67.0, "subsample": 0.5530791843132864}, "datetime": {"datetime": "2024-01-20 15:40:02", "elapsed": 4556.362045, "delta": 0.005247}}
{"target": -13.49994731739818, "params": {"colsample_bytree": 0.8895711334826372, "eta": 0.056993300383946, "gamma": 806.0070611300231, "max_depth": 2.0, "min_child_weight": 4547.813936304902, "num_boost_round": 68.0, "subsample": 0.5530791843132864}, "datetime": {"datetime": "2024-01-20 15:40:02", "elapsed": 4556.367289, "delta": 0.005244}}
{"target": -13.499950376229426, "params": {"colsample_bytree": 0.8895711334826372, "eta": 0.056993300383946, "gamma": 806.0070611300231, "max_depth": 2.0, "min_child_weight": 4547.813936304902, "num_boost_round": 69.0, "subsample": 0.5530791843132864}, "datetime": {"datetime": "2024-01-20 15:40:02", "elapsed": 4556.372608, "delta": 0.005319}}
{"target": -13.499909146752167, "params": {"colsample_bytree": 0.8895711334826372, "eta": 0.056993300383946, "gamma": 806.0070611300231, "max_depth": 2.0, "min_child_weight": 4547.813936304902, "num_boost_round": 70.0, "subsample": 0.5530791843132864}, "datetime": {"datetime": "2024-01-20 15:40:02", "elapsed": 4556.377928, "delta": 0.00532}}
{"target": -13.500106408567762, "params": {"colsample_bytree": 0.8895711334826372, "eta": 0.056993300383946, "gamma": 806.0070611300231, "max_depth": 2.0, "min_child_weight": 4547.813936304902, "num_boost_round": 71.0, "subsample": 0.5530791843132864}, "datetime": {"datetime": "2024-01-20 15:40:02", "elapsed": 4556.383282, "delta": 0.005354}}
{"target": -13.50017891487526, "params": {"colsample_bytree": 0.8895711334826372, "eta": 0.056993300383946, "gamma": 806.0070611300231, "max_depth": 2.0, "min_child_weight": 4547.813936304902, "num_boost_round": 72.0, "subsample": 0.5530791843132864}, "datetime": {"datetime": "2024-01-20 15:40:02", "elapsed": 4556.388898, "delta": 0.005616}}
{"target": -13.500183929856, "params": {"colsample_bytree": 0.8895711334826372, "eta": 0.056993300383946, "gamma": 806.0070611300231, "max_depth": 2.0, "min_child_weight": 4547.813936304902, "num_boost_round": 73.0, "subsample": 0.5530791843132864}, "datetime": {"datetime": "2024-01-20 15:40:02", "elapsed": 4556.394622, "delta": 0.005724}}
{"target": -13.500317555202034, "params": {"colsample_bytree": 0.8895711334826372, "eta": 0.056993300383946, "gamma": 806.0070611300231, "max_depth": 2.0, "min_child_weight": 4547.813936304902, "num_boost_round": 74.0, "subsample": 0.5530791843132864}, "datetime": {"datetime": "2024-01-20 15:40:02", "elapsed": 4556.399875, "delta": 0.005253}}
{"target": -13.500392099957338, "params": {"colsample_bytree": 0.8895711334826372, "eta": 0.056993300383946, "gamma": 806.0070611300231, "max_depth": 2.0, "min_child_weight": 4547.813936304902, "num_boost_round": 75.0, "subsample": 0.5530791843132864}, "datetime": {"datetime": "2024-01-20 15:40:02", "elapsed": 4556.405259, "delta": 0.005384}}
{"target": -13.50014837698398, "params": {"colsample_bytree": 0.8895711334826372, "eta": 0.056993300383946, "gamma": 806.0070611300231, "max_depth": 2.0, "min_child_weight": 4547.813936304902, "num_boost_round": 76.0, "subsample": 0.5530791843132864}, "datetime": {"datetime": "2024-01-20 15:40:02", "elapsed": 4556.410466, "delta": 0.005207}}
{"target": -13.500224944990155, "params": {"colsample_bytree": 0.8895711334826372, "eta": 0.056993300383946, "gamma": 806.0070611300231, "max_depth": 2.0, "min_child_weight": 4547.813936304902, "num_boost_round": 77.0, "subsample": 0.5530791843132864}, "datetime": {"datetime": "2024-01-20 15:40:02", "elapsed": 4556.415945, "delta": 0.005479}}
{"target": -13.50010640142639, "params": {"colsample_bytree": 0.8895711334826372, "eta": 0.056993300383946, "gamma": 806.0070611300231, "max_depth": 2.0, "min_child_weight": 4547.813936304902, "num_boost_round": 78.0, "subsample": 0.5530791843132864}, "datetime": {"datetime": "2024-01-20 15:40:02", "elapsed": 4556.421399, "delta": 0.005454}}
{"target": -13.500122399658217, "params": {"colsample_bytree": 0.8895711334826372, "eta": 0.056993300383946, "gamma": 806.0070611300231, "max_depth": 2.0, "min_child_weight": 4547.813936304902, "num_boost_round": 79.0, "subsample": 0.5530791843132864}, "datetime": {"datetime": "2024-01-20 15:40:02", "elapsed": 4556.426726, "delta": 0.005327}}
{"target": -13.500153647159271, "params": {"colsample_bytree": 0.8895711334826372, "eta": 0.056993300383946, "gamma": 806.0070611300231, "max_depth": 2.0, "min_child_weight": 4547.813936304902, "num_boost_round": 80.0, "subsample": 0.5530791843132864}, "datetime": {"datetime": "2024-01-20 15:40:02", "elapsed": 4556.431966, "delta": 0.00524}}
{"target": -13.500190747429931, "params": {"colsample_bytree": 0.8895711334826372, "eta": 0.056993300383946, "gamma": 806.0070611300231, "max_depth": 2.0, "min_child_weight": 4547.813936304902, "num_boost_round": 81.0, "subsample": 0.5530791843132864}, "datetime": {"datetime": "2024-01-20 15:40:02", "elapsed": 4556.437212, "delta": 0.005246}}
{"target": -13.50009154372204, "params": {"colsample_bytree": 0.8895711334826372, "eta": 0.056993300383946, "gamma": 806.0070611300231, "max_depth": 2.0, "min_child_weight": 4547.813936304902, "num_boost_round": 82.0, "subsample": 0.5530791843132864}, "datetime": {"datetime": "2024-01-20 15:40:03", "elapsed": 4556.445146, "delta": 0.007934}}
{"target": -13.500029673607973, "params": {"colsample_bytree": 0.8895711334826372, "eta": 0.056993300383946, "gamma": 806.0070611300231, "max_depth": 2.0, "min_child_weight": 4547.813936304902, "num_boost_round": 83.0, "subsample": 0.5530791843132864}, "datetime": {"datetime": "2024-01-20 15:40:03", "elapsed": 4556.453079, "delta": 0.007933}}
{"target": -13.50000000553295, "params": {"colsample_bytree": 0.8895711334826372, "eta": 0.056993300383946, "gamma": 806.0070611300231, "max_depth": 2.0, "min_child_weight": 4547.813936304902, "num_boost_round": 84.0, "subsample": 0.5530791843132864}, "datetime": {"datetime": "2024-01-20 15:40:03", "elapsed": 4556.759412, "delta": 0.306333}}
{"target": -13.500105026047741, "params": {"colsample_bytree": 0.8895711334826372, "eta": 0.056993300383946, "gamma": 806.0070611300231, "max_depth": 2.0, "min_child_weight": 4547.813936304902, "num_boost_round": 85.0, "subsample": 0.5530791843132864}, "datetime": {"datetime": "2024-01-20 15:40:03", "elapsed": 4556.765929, "delta": 0.006517}}
{"target": -13.500110803638364, "params": {"colsample_bytree": 0.8895711334826372, "eta": 0.056993300383946, "gamma": 806.0070611300231, "max_depth": 2.0, "min_child_weight": 4547.813936304902, "num_boost_round": 86.0, "subsample": 0.5530791843132864}, "datetime": {"datetime": "2024-01-20 15:40:03", "elapsed": 4556.771621, "delta": 0.005692}}
{"target": -13.500170990269016, "params": {"colsample_bytree": 0.8895711334826372, "eta": 0.056993300383946, "gamma": 806.0070611300231, "max_depth": 2.0, "min_child_weight": 4547.813936304902, "num_boost_round": 87.0, "subsample": 0.5530791843132864}, "datetime": {"datetime": "2024-01-20 15:40:03", "elapsed": 4556.777078, "delta": 0.005457}}
{"target": -13.500055446282408, "params": {"colsample_bytree": 0.8895711334826372, "eta": 0.056993300383946, "gamma": 806.0070611300231, "max_depth": 2.0, "min_child_weight": 4547.813936304902, "num_boost_round": 88.0, "subsample": 0.5530791843132864}, "datetime": {"datetime": "2024-01-20 15:40:03", "elapsed": 4556.782472, "delta": 0.005394}}
{"target": -13.49999648081966, "params": {"colsample_bytree": 0.8895711334826372, "eta": 0.056993300383946, "gamma": 806.0070611300231, "max_depth": 2.0, "min_child_weight": 4547.813936304902, "num_boost_round": 89.0, "subsample": 0.5530791843132864}, "datetime": {"datetime": "2024-01-20 15:40:03", "elapsed": 4556.787881, "delta": 0.005409}}
{"target": -13.500009867063087, "params": {"colsample_bytree": 0.8895711334826372, "eta": 0.056993300383946, "gamma": 806.0070611300231, "max_depth": 2.0, "min_child_weight": 4547.813936304902, "num_boost_round": 90.0, "subsample": 0.5530791843132864}, "datetime": {"datetime": "2024-01-20 15:40:03", "elapsed": 4556.794092, "delta": 0.006211}}
{"target": -13.497556094156511, "params": {"colsample_bytree": 0.8331016328612872, "eta": 0.08060402438967795, "gamma": 457.6829757647769, "max_depth": 5.0, "min_child_weight": 4014.161515217342, "num_boost_round": 1.0, "subsample": 0.6252027886487164}, "datetime": {"datetime": "2024-01-20 15:42:10", "elapsed": 4683.515258, "delta": 126.721166}}
{"target": -13.49725695579166, "params": {"colsample_bytree": 0.8331016328612872, "eta": 0.08060402438967795, "gamma": 457.6829757647769, "max_depth": 5.0, "min_child_weight": 4014.161515217342, "num_boost_round": 2.0, "subsample": 0.6252027886487164}, "datetime": {"datetime": "2024-01-20 15:42:10", "elapsed": 4683.521355, "delta": 0.006097}}
{"target": -13.497756434478667, "params": {"colsample_bytree": 0.5218161599253782, "eta": 0.019528372242606572, "gamma": 415.40842046355607, "max_depth": 9.0, "min_child_weight": 4032.458294525236, "num_boost_round": 1.0, "subsample": 0.9230983456467036}, "datetime": {"datetime": "2024-01-20 15:43:30", "elapsed": 4764.102039, "delta": 80.580684}}
{"target": -13.49772726232717, "params": {"colsample_bytree": 0.5218161599253782, "eta": 0.019528372242606572, "gamma": 415.40842046355607, "max_depth": 9.0, "min_child_weight": 4032.458294525236, "num_boost_round": 2.0, "subsample": 0.9230983456467036}, "datetime": {"datetime": "2024-01-20 15:43:30", "elapsed": 4764.108084, "delta": 0.006045}}
{"target": -13.49780160041259, "params": {"colsample_bytree": 0.5218161599253782, "eta": 0.019528372242606572, "gamma": 415.40842046355607, "max_depth": 9.0, "min_child_weight": 4032.458294525236, "num_boost_round": 3.0, "subsample": 0.9230983456467036}, "datetime": {"datetime": "2024-01-20 15:43:30", "elapsed": 4764.11386, "delta": 0.005776}}
{"target": -13.498002289081711, "params": {"colsample_bytree": 0.5218161599253782, "eta": 0.019528372242606572, "gamma": 415.40842046355607, "max_depth": 9.0, "min_child_weight": 4032.458294525236, "num_boost_round": 4.0, "subsample": 0.9230983456467036}, "datetime": {"datetime": "2024-01-20 15:43:30", "elapsed": 4764.119518, "delta": 0.005658}}
{"target": -13.497905782243189, "params": {"colsample_bytree": 0.5218161599253782, "eta": 0.019528372242606572, "gamma": 415.40842046355607, "max_depth": 9.0, "min_child_weight": 4032.458294525236, "num_boost_round": 5.0, "subsample": 0.9230983456467036}, "datetime": {"datetime": "2024-01-20 15:43:30", "elapsed": 4764.125187, "delta": 0.005669}}
{"target": -13.497929268114984, "params": {"colsample_bytree": 0.5218161599253782, "eta": 0.019528372242606572, "gamma": 415.40842046355607, "max_depth": 9.0, "min_child_weight": 4032.458294525236, "num_boost_round": 6.0, "subsample": 0.9230983456467036}, "datetime": {"datetime": "2024-01-20 15:43:30", "elapsed": 4764.130453, "delta": 0.005266}}
{"target": -13.497919909732039, "params": {"colsample_bytree": 0.5218161599253782, "eta": 0.019528372242606572, "gamma": 415.40842046355607, "max_depth": 9.0, "min_child_weight": 4032.458294525236, "num_boost_round": 7.0, "subsample": 0.9230983456467036}, "datetime": {"datetime": "2024-01-20 15:43:30", "elapsed": 4764.136006, "delta": 0.005553}}
{"target": -13.497890311073503, "params": {"colsample_bytree": 0.5218161599253782, "eta": 0.019528372242606572, "gamma": 415.40842046355607, "max_depth": 9.0, "min_child_weight": 4032.458294525236, "num_boost_round": 8.0, "subsample": 0.9230983456467036}, "datetime": {"datetime": "2024-01-20 15:43:30", "elapsed": 4764.141455, "delta": 0.005449}}
{"target": -13.497820129111396, "params": {"colsample_bytree": 0.5218161599253782, "eta": 0.019528372242606572, "gamma": 415.40842046355607, "max_depth": 9.0, "min_child_weight": 4032.458294525236, "num_boost_round": 9.0, "subsample": 0.9230983456467036}, "datetime": {"datetime": "2024-01-20 15:43:30", "elapsed": 4764.146938, "delta": 0.005483}}
{"target": -13.497826657265318, "params": {"colsample_bytree": 0.5218161599253782, "eta": 0.019528372242606572, "gamma": 415.40842046355607, "max_depth": 9.0, "min_child_weight": 4032.458294525236, "num_boost_round": 10.0, "subsample": 0.9230983456467036}, "datetime": {"datetime": "2024-01-20 15:43:30", "elapsed": 4764.152344, "delta": 0.005406}}
{"target": -13.497874649595921, "params": {"colsample_bytree": 0.5218161599253782, "eta": 0.019528372242606572, "gamma": 415.40842046355607, "max_depth": 9.0, "min_child_weight": 4032.458294525236, "num_boost_round": 11.0, "subsample": 0.9230983456467036}, "datetime": {"datetime": "2024-01-20 15:43:30", "elapsed": 4764.157637, "delta": 0.005293}}
{"target": -13.498005487882143, "params": {"colsample_bytree": 0.5218161599253782, "eta": 0.019528372242606572, "gamma": 415.40842046355607, "max_depth": 9.0, "min_child_weight": 4032.458294525236, "num_boost_round": 12.0, "subsample": 0.9230983456467036}, "datetime": {"datetime": "2024-01-20 15:43:30", "elapsed": 4764.162913, "delta": 0.005276}}
{"target": -13.497863371191944, "params": {"colsample_bytree": 0.5218161599253782, "eta": 0.019528372242606572, "gamma": 415.40842046355607, "max_depth": 9.0, "min_child_weight": 4032.458294525236, "num_boost_round": 13.0, "subsample": 0.9230983456467036}, "datetime": {"datetime": "2024-01-20 15:43:30", "elapsed": 4764.168202, "delta": 0.005289}}
{"target": -13.49791411297004, "params": {"colsample_bytree": 0.5218161599253782, "eta": 0.019528372242606572, "gamma": 415.40842046355607, "max_depth": 9.0, "min_child_weight": 4032.458294525236, "num_boost_round": 14.0, "subsample": 0.9230983456467036}, "datetime": {"datetime": "2024-01-20 15:43:30", "elapsed": 4764.173925, "delta": 0.005723}}
{"target": -13.497808216700227, "params": {"colsample_bytree": 0.5218161599253782, "eta": 0.019528372242606572, "gamma": 415.40842046355607, "max_depth": 9.0, "min_child_weight": 4032.458294525236, "num_boost_round": 15.0, "subsample": 0.9230983456467036}, "datetime": {"datetime": "2024-01-20 15:43:30", "elapsed": 4764.179574, "delta": 0.005649}}
{"target": -13.497979984697867, "params": {"colsample_bytree": 0.5218161599253782, "eta": 0.019528372242606572, "gamma": 415.40842046355607, "max_depth": 9.0, "min_child_weight": 4032.458294525236, "num_boost_round": 16.0, "subsample": 0.9230983456467036}, "datetime": {"datetime": "2024-01-20 15:43:30", "elapsed": 4764.185193, "delta": 0.005619}}
