{"target": -10.298590571930383, "params": {"colsample_bytree": 0.8087366774380105, "eta": 0.08259930919267915, "gamma": 619.0168478802103, "max_depth": 9.0, "min_child_weight": 4536.187715067515, "num_boost_round": 5.0, "subsample": 0.27364048613135983}, "datetime": {"datetime": "2024-01-20 14:37:55", "elapsed": 4572.859463, "delta": 0.002799}}
{"target": -10.299091452054704, "params": {"colsample_bytree": 0.8087366774380105, "eta": 0.08259930919267915, "gamma": 619.0168478802103, "max_depth": 9.0, "min_child_weight": 4536.187715067515, "num_boost_round": 6.0, "subsample": 0.27364048613135983}, "datetime": {"datetime": "2024-01-20 14:37:55", "elapsed": 4572.862281, "delta": 0.002818}}
{"target": -10.299344605890486, "params": {"colsample_bytree": 0.8087366774380105, "eta": 0.08259930919267915, "gamma": 619.0168478802103, "max_depth": 9.0, "min_child_weight": 4536.187715067515, "num_boost_round": 7.0, "subsample": 0.27364048613135983}, "datetime": {"datetime": "2024-01-20 14:37:55", "elapsed": 4572.865065, "delta": 0.002784}}
{"target": -10.299450311742184, "params": {"colsample_bytree": 0.8087366774380105, "eta": 0.08259930919267915, "gamma": 619.0168478802103, "max_depth": 9.0, "min_child_weight": 4536.187715067515, "num_boost_round": 8.0, "subsample": 0.27364048613135983}, "datetime": {"datetime": "2024-01-20 14:37:55", "elapsed": 4572.867748, "delta": 0.002683}}
{"target": -10.299470262617575, "params": {"colsample_bytree": 0.8087366774380105, "eta": 0.08259930919267915, "gamma": 619.0168478802103, "max_depth": 9.0, "min_child_weight": 4536.187715067515, "num_boost_round": 9.0, "subsample": 0.27364048613135983}, "datetime": {"datetime": "2024-01-20 14:37:55", "elapsed": 4572.870414, "delta": 0.002666}}
{"target": -10.299635427928624, "params": {"colsample_bytree": 0.8087366774380105, "eta": 0.08259930919267915, "gamma": 619.0168478802103, "max_depth": 9.0, "min_child_weight": 4536.187715067515, "num_boost_round": 10.0, "subsample": 0.27364048613135983}, "datetime": {"datetime": "2024-01-20 14:37:55", "elapsed": 4572.873018, "delta": 0.002604}}
{"target": -10.299890833356757, "params": {"colsample_bytree": 0.8087366774380105, "eta": 0.08259930919267915, "gamma": 619.0168478802103, "max_depth": 9.0, "min_child_weight": 4536.187715067515, "num_boost_round": 11.0, "subsample": 0.27364048613135983}, "datetime": {"datetime": "2024-01-20 14:37:55", "elapsed": 4572.875675, "delta": 0.002657}}
{"target": -10.298062955078894, "params": {"colsample_bytree": 0.733287002115754, "eta": 0.03931173652939261, "gamma": 513.8112981584824, "max_depth": 6.0, "min_child_weight": 4609.543627495138, "num_boost_round": 1.0, "subsample": 0.23761294930880061}, "datetime": {"datetime": "2024-01-20 14:39:07", "elapsed": 4645.198979, "delta": 72.323304}}
{"target": -10.297926288386861, "params": {"colsample_bytree": 0.733287002115754, "eta": 0.03931173652939261, "gamma": 513.8112981584824, "max_depth": 6.0, "min_child_weight": 4609.543627495138, "num_boost_round": 2.0, "subsample": 0.23761294930880061}, "datetime": {"datetime": "2024-01-20 14:39:07", "elapsed": 4645.204452, "delta": 0.005473}}
{"target": -10.29777224356473, "params": {"colsample_bytree": 0.733287002115754, "eta": 0.03931173652939261, "gamma": 513.8112981584824, "max_depth": 6.0, "min_child_weight": 4609.543627495138, "num_boost_round": 3.0, "subsample": 0.23761294930880061}, "datetime": {"datetime": "2024-01-20 14:39:07", "elapsed": 4645.207689, "delta": 0.003237}}
{"target": -10.297713221255755, "params": {"colsample_bytree": 0.733287002115754, "eta": 0.03931173652939261, "gamma": 513.8112981584824, "max_depth": 6.0, "min_child_weight": 4609.543627495138, "num_boost_round": 4.0, "subsample": 0.23761294930880061}, "datetime": {"datetime": "2024-01-20 14:39:07", "elapsed": 4645.211017, "delta": 0.003328}}
{"target": -10.297672305285298, "params": {"colsample_bytree": 0.733287002115754, "eta": 0.03931173652939261, "gamma": 513.8112981584824, "max_depth": 6.0, "min_child_weight": 4609.543627495138, "num_boost_round": 5.0, "subsample": 0.23761294930880061}, "datetime": {"datetime": "2024-01-20 14:39:07", "elapsed": 4645.213956, "delta": 0.002939}}
{"target": -10.297714824278627, "params": {"colsample_bytree": 0.733287002115754, "eta": 0.03931173652939261, "gamma": 513.8112981584824, "max_depth": 6.0, "min_child_weight": 4609.543627495138, "num_boost_round": 6.0, "subsample": 0.23761294930880061}, "datetime": {"datetime": "2024-01-20 14:39:07", "elapsed": 4645.216893, "delta": 0.002937}}
{"target": -10.29765744079905, "params": {"colsample_bytree": 0.733287002115754, "eta": 0.03931173652939261, "gamma": 513.8112981584824, "max_depth": 6.0, "min_child_weight": 4609.543627495138, "num_boost_round": 7.0, "subsample": 0.23761294930880061}, "datetime": {"datetime": "2024-01-20 14:39:07", "elapsed": 4645.219748, "delta": 0.002855}}
{"target": -10.297639301441857, "params": {"colsample_bytree": 0.733287002115754, "eta": 0.03931173652939261, "gamma": 513.8112981584824, "max_depth": 6.0, "min_child_weight": 4609.543627495138, "num_boost_round": 8.0, "subsample": 0.23761294930880061}, "datetime": {"datetime": "2024-01-20 14:39:07", "elapsed": 4645.222585, "delta": 0.002837}}
{"target": -10.29759610458145, "params": {"colsample_bytree": 0.733287002115754, "eta": 0.03931173652939261, "gamma": 513.8112981584824, "max_depth": 6.0, "min_child_weight": 4609.543627495138, "num_boost_round": 9.0, "subsample": 0.23761294930880061}, "datetime": {"datetime": "2024-01-20 14:39:07", "elapsed": 4645.225254, "delta": 0.002669}}
{"target": -10.297447269434821, "params": {"colsample_bytree": 0.733287002115754, "eta": 0.03931173652939261, "gamma": 513.8112981584824, "max_depth": 6.0, "min_child_weight": 4609.543627495138, "num_boost_round": 10.0, "subsample": 0.23761294930880061}, "datetime": {"datetime": "2024-01-20 14:39:07", "elapsed": 4645.228157, "delta": 0.002903}}
{"target": -10.29743930057674, "params": {"colsample_bytree": 0.733287002115754, "eta": 0.03931173652939261, "gamma": 513.8112981584824, "max_depth": 6.0, "min_child_weight": 4609.543627495138, "num_boost_round": 11.0, "subsample": 0.23761294930880061}, "datetime": {"datetime": "2024-01-20 14:39:07", "elapsed": 4645.230881, "delta": 0.002724}}
{"target": -10.29760004602775, "params": {"colsample_bytree": 0.733287002115754, "eta": 0.03931173652939261, "gamma": 513.8112981584824, "max_depth": 6.0, "min_child_weight": 4609.543627495138, "num_boost_round": 12.0, "subsample": 0.23761294930880061}, "datetime": {"datetime": "2024-01-20 14:39:07", "elapsed": 4645.233539, "delta": 0.002658}}
{"target": -10.297444489090223, "params": {"colsample_bytree": 0.733287002115754, "eta": 0.03931173652939261, "gamma": 513.8112981584824, "max_depth": 6.0, "min_child_weight": 4609.543627495138, "num_boost_round": 13.0, "subsample": 0.23761294930880061}, "datetime": {"datetime": "2024-01-20 14:39:07", "elapsed": 4645.236626, "delta": 0.003087}}
{"target": -10.297444178894814, "params": {"colsample_bytree": 0.733287002115754, "eta": 0.03931173652939261, "gamma": 513.8112981584824, "max_depth": 6.0, "min_child_weight": 4609.543627495138, "num_boost_round": 14.0, "subsample": 0.23761294930880061}, "datetime": {"datetime": "2024-01-20 14:39:07", "elapsed": 4645.239944, "delta": 0.003318}}
{"target": -10.297583727066128, "params": {"colsample_bytree": 0.733287002115754, "eta": 0.03931173652939261, "gamma": 513.8112981584824, "max_depth": 6.0, "min_child_weight": 4609.543627495138, "num_boost_round": 15.0, "subsample": 0.23761294930880061}, "datetime": {"datetime": "2024-01-20 14:39:07", "elapsed": 4645.242626, "delta": 0.002682}}
{"target": -10.297467700998908, "params": {"colsample_bytree": 0.733287002115754, "eta": 0.03931173652939261, "gamma": 513.8112981584824, "max_depth": 6.0, "min_child_weight": 4609.543627495138, "num_boost_round": 16.0, "subsample": 0.23761294930880061}, "datetime": {"datetime": "2024-01-20 14:39:07", "elapsed": 4645.245258, "delta": 0.002632}}
{"target": -10.297641426588934, "params": {"colsample_bytree": 0.733287002115754, "eta": 0.03931173652939261, "gamma": 513.8112981584824, "max_depth": 6.0, "min_child_weight": 4609.543627495138, "num_boost_round": 17.0, "subsample": 0.23761294930880061}, "datetime": {"datetime": "2024-01-20 14:39:07", "elapsed": 4645.247818, "delta": 0.00256}}
{"target": -10.297537458097203, "params": {"colsample_bytree": 0.733287002115754, "eta": 0.03931173652939261, "gamma": 513.8112981584824, "max_depth": 6.0, "min_child_weight": 4609.543627495138, "num_boost_round": 18.0, "subsample": 0.23761294930880061}, "datetime": {"datetime": "2024-01-20 14:39:07", "elapsed": 4645.25036, "delta": 0.002542}}
{"target": -10.297702727593336, "params": {"colsample_bytree": 0.733287002115754, "eta": 0.03931173652939261, "gamma": 513.8112981584824, "max_depth": 6.0, "min_child_weight": 4609.543627495138, "num_boost_round": 19.0, "subsample": 0.23761294930880061}, "datetime": {"datetime": "2024-01-20 14:39:07", "elapsed": 4645.253003, "delta": 0.002643}}
{"target": -10.297715829001081, "params": {"colsample_bytree": 0.733287002115754, "eta": 0.03931173652939261, "gamma": 513.8112981584824, "max_depth": 6.0, "min_child_weight": 4609.543627495138, "num_boost_round": 20.0, "subsample": 0.23761294930880061}, "datetime": {"datetime": "2024-01-20 14:39:07", "elapsed": 4645.255506, "delta": 0.002503}}
{"target": -10.297589926727898, "params": {"colsample_bytree": 0.733287002115754, "eta": 0.03931173652939261, "gamma": 513.8112981584824, "max_depth": 6.0, "min_child_weight": 4609.543627495138, "num_boost_round": 21.0, "subsample": 0.23761294930880061}, "datetime": {"datetime": "2024-01-20 14:39:07", "elapsed": 4645.258129, "delta": 0.002623}}
{"target": -10.297516424264822, "params": {"colsample_bytree": 0.733287002115754, "eta": 0.03931173652939261, "gamma": 513.8112981584824, "max_depth": 6.0, "min_child_weight": 4609.543627495138, "num_boost_round": 22.0, "subsample": 0.23761294930880061}, "datetime": {"datetime": "2024-01-20 14:39:07", "elapsed": 4645.260787, "delta": 0.002658}}
{"target": -10.297659903914315, "params": {"colsample_bytree": 0.733287002115754, "eta": 0.03931173652939261, "gamma": 513.8112981584824, "max_depth": 6.0, "min_child_weight": 4609.543627495138, "num_boost_round": 23.0, "subsample": 0.23761294930880061}, "datetime": {"datetime": "2024-01-20 14:39:07", "elapsed": 4645.263529, "delta": 0.002742}}
{"target": -10.29769536049201, "params": {"colsample_bytree": 0.733287002115754, "eta": 0.03931173652939261, "gamma": 513.8112981584824, "max_depth": 6.0, "min_child_weight": 4609.543627495138, "num_boost_round": 24.0, "subsample": 0.23761294930880061}, "datetime": {"datetime": "2024-01-20 14:39:07", "elapsed": 4645.266197, "delta": 0.002668}}
{"target": -10.297742685966089, "params": {"colsample_bytree": 0.733287002115754, "eta": 0.03931173652939261, "gamma": 513.8112981584824, "max_depth": 6.0, "min_child_weight": 4609.543627495138, "num_boost_round": 25.0, "subsample": 0.23761294930880061}, "datetime": {"datetime": "2024-01-20 14:39:07", "elapsed": 4645.268986, "delta": 0.002789}}
{"target": -10.29794964646906, "params": {"colsample_bytree": 0.733287002115754, "eta": 0.03931173652939261, "gamma": 513.8112981584824, "max_depth": 6.0, "min_child_weight": 4609.543627495138, "num_boost_round": 26.0, "subsample": 0.23761294930880061}, "datetime": {"datetime": "2024-01-20 14:39:07", "elapsed": 4645.271444, "delta": 0.002458}}
{"target": -10.298016059189216, "params": {"colsample_bytree": 0.733287002115754, "eta": 0.03931173652939261, "gamma": 513.8112981584824, "max_depth": 6.0, "min_child_weight": 4609.543627495138, "num_boost_round": 27.0, "subsample": 0.23761294930880061}, "datetime": {"datetime": "2024-01-20 14:39:07", "elapsed": 4645.273915, "delta": 0.002471}}
{"target": -10.29809676671211, "params": {"colsample_bytree": 0.733287002115754, "eta": 0.03931173652939261, "gamma": 513.8112981584824, "max_depth": 6.0, "min_child_weight": 4609.543627495138, "num_boost_round": 28.0, "subsample": 0.23761294930880061}, "datetime": {"datetime": "2024-01-20 14:39:07", "elapsed": 4645.276505, "delta": 0.00259}}
{"target": -10.298348469012481, "params": {"colsample_bytree": 0.733287002115754, "eta": 0.03931173652939261, "gamma": 513.8112981584824, "max_depth": 6.0, "min_child_weight": 4609.543627495138, "num_boost_round": 29.0, "subsample": 0.23761294930880061}, "datetime": {"datetime": "2024-01-20 14:39:07", "elapsed": 4645.278957, "delta": 0.002452}}
{"target": -10.298583325248321, "params": {"colsample_bytree": 0.733287002115754, "eta": 0.03931173652939261, "gamma": 513.8112981584824, "max_depth": 6.0, "min_child_weight": 4609.543627495138, "num_boost_round": 30.0, "subsample": 0.23761294930880061}, "datetime": {"datetime": "2024-01-20 14:39:07", "elapsed": 4645.281411, "delta": 0.002454}}
{"target": -10.298724911829131, "params": {"colsample_bytree": 0.733287002115754, "eta": 0.03931173652939261, "gamma": 513.8112981584824, "max_depth": 6.0, "min_child_weight": 4609.543627495138, "num_boost_round": 31.0, "subsample": 0.23761294930880061}, "datetime": {"datetime": "2024-01-20 14:39:07", "elapsed": 4645.283964, "delta": 0.002553}}
{"target": -10.298885777171344, "params": {"colsample_bytree": 0.733287002115754, "eta": 0.03931173652939261, "gamma": 513.8112981584824, "max_depth": 6.0, "min_child_weight": 4609.543627495138, "num_boost_round": 32.0, "subsample": 0.23761294930880061}, "datetime": {"datetime": "2024-01-20 14:39:07", "elapsed": 4645.28634, "delta": 0.002376}}
{"target": -10.298986405123916, "params": {"colsample_bytree": 0.733287002115754, "eta": 0.03931173652939261, "gamma": 513.8112981584824, "max_depth": 6.0, "min_child_weight": 4609.543627495138, "num_boost_round": 33.0, "subsample": 0.23761294930880061}, "datetime": {"datetime": "2024-01-20 14:39:07", "elapsed": 4645.288968, "delta": 0.002628}}
{"target": -10.299063122485641, "params": {"colsample_bytree": 0.733287002115754, "eta": 0.03931173652939261, "gamma": 513.8112981584824, "max_depth": 6.0, "min_child_weight": 4609.543627495138, "num_boost_round": 34.0, "subsample": 0.23761294930880061}, "datetime": {"datetime": "2024-01-20 14:39:07", "elapsed": 4645.291736, "delta": 0.002768}}
{"target": -10.299011240257748, "params": {"colsample_bytree": 0.733287002115754, "eta": 0.03931173652939261, "gamma": 513.8112981584824, "max_depth": 6.0, "min_child_weight": 4609.543627495138, "num_boost_round": 35.0, "subsample": 0.23761294930880061}, "datetime": {"datetime": "2024-01-20 14:39:07", "elapsed": 4645.294314, "delta": 0.002578}}
{"target": -10.299217717289359, "params": {"colsample_bytree": 0.733287002115754, "eta": 0.03931173652939261, "gamma": 513.8112981584824, "max_depth": 6.0, "min_child_weight": 4609.543627495138, "num_boost_round": 36.0, "subsample": 0.23761294930880061}, "datetime": {"datetime": "2024-01-20 14:39:07", "elapsed": 4645.296998, "delta": 0.002684}}
{"target": -10.299229790504139, "params": {"colsample_bytree": 0.733287002115754, "eta": 0.03931173652939261, "gamma": 513.8112981584824, "max_depth": 6.0, "min_child_weight": 4609.543627495138, "num_boost_round": 37.0, "subsample": 0.23761294930880061}, "datetime": {"datetime": "2024-01-20 14:39:07", "elapsed": 4645.299774, "delta": 0.002776}}
{"target": -10.299217142713568, "params": {"colsample_bytree": 0.733287002115754, "eta": 0.03931173652939261, "gamma": 513.8112981584824, "max_depth": 6.0, "min_child_weight": 4609.543627495138, "num_boost_round": 38.0, "subsample": 0.23761294930880061}, "datetime": {"datetime": "2024-01-20 14:39:07", "elapsed": 4645.302584, "delta": 0.00281}}
{"target": -10.299157414578406, "params": {"colsample_bytree": 0.733287002115754, "eta": 0.03931173652939261, "gamma": 513.8112981584824, "max_depth": 6.0, "min_child_weight": 4609.543627495138, "num_boost_round": 39.0, "subsample": 0.23761294930880061}, "datetime": {"datetime": "2024-01-20 14:39:07", "elapsed": 4645.305295, "delta": 0.002711}}
{"target": -10.299311790123367, "params": {"colsample_bytree": 0.733287002115754, "eta": 0.03931173652939261, "gamma": 513.8112981584824, "max_depth": 6.0, "min_child_weight": 4609.543627495138, "num_boost_round": 40.0, "subsample": 0.23761294930880061}, "datetime": {"datetime": "2024-01-20 14:39:07", "elapsed": 4645.308103, "delta": 0.002808}}
{"target": -10.299263515014204, "params": {"colsample_bytree": 0.733287002115754, "eta": 0.03931173652939261, "gamma": 513.8112981584824, "max_depth": 6.0, "min_child_weight": 4609.543627495138, "num_boost_round": 41.0, "subsample": 0.23761294930880061}, "datetime": {"datetime": "2024-01-20 14:39:07", "elapsed": 4645.310903, "delta": 0.0028}}
{"target": -10.299345583568961, "params": {"colsample_bytree": 0.733287002115754, "eta": 0.03931173652939261, "gamma": 513.8112981584824, "max_depth": 6.0, "min_child_weight": 4609.543627495138, "num_boost_round": 42.0, "subsample": 0.23761294930880061}, "datetime": {"datetime": "2024-01-20 14:39:07", "elapsed": 4645.313741, "delta": 0.002838}}
{"target": -10.2995022826534, "params": {"colsample_bytree": 0.733287002115754, "eta": 0.03931173652939261, "gamma": 513.8112981584824, "max_depth": 6.0, "min_child_weight": 4609.543627495138, "num_boost_round": 43.0, "subsample": 0.23761294930880061}, "datetime": {"datetime": "2024-01-20 14:39:07", "elapsed": 4645.316601, "delta": 0.00286}}
{"target": -10.299598825588578, "params": {"colsample_bytree": 0.733287002115754, "eta": 0.03931173652939261, "gamma": 513.8112981584824, "max_depth": 6.0, "min_child_weight": 4609.543627495138, "num_boost_round": 44.0, "subsample": 0.23761294930880061}, "datetime": {"datetime": "2024-01-20 14:39:07", "elapsed": 4645.319539, "delta": 0.002938}}
{"target": -10.299491208277415, "params": {"colsample_bytree": 0.733287002115754, "eta": 0.03931173652939261, "gamma": 513.8112981584824, "max_depth": 6.0, "min_child_weight": 4609.543627495138, "num_boost_round": 45.0, "subsample": 0.23761294930880061}, "datetime": {"datetime": "2024-01-20 14:39:07", "elapsed": 4645.322603, "delta": 0.003064}}
{"target": -10.299863924742297, "params": {"colsample_bytree": 0.733287002115754, "eta": 0.03931173652939261, "gamma": 513.8112981584824, "max_depth": 6.0, "min_child_weight": 4609.543627495138, "num_boost_round": 46.0, "subsample": 0.23761294930880061}, "datetime": {"datetime": "2024-01-20 14:39:07", "elapsed": 4645.325597, "delta": 0.002994}}
{"target": -10.298331455032724, "params": {"colsample_bytree": 0.44875480640247556, "eta": 0.05795510827546156, "gamma": 571.0336276398433, "max_depth": 2.0, "min_child_weight": 4580.386727585876, "num_boost_round": 1.0, "subsample": 0.7124053336593507}, "datetime": {"datetime": "2024-01-20 14:40:05", "elapsed": 4703.530676, "delta": 58.205079}}
{"target": -10.298384084056655, "params": {"colsample_bytree": 0.44875480640247556, "eta": 0.05795510827546156, "gamma": 571.0336276398433, "max_depth": 2.0, "min_child_weight": 4580.386727585876, "num_boost_round": 2.0, "subsample": 0.7124053336593507}, "datetime": {"datetime": "2024-01-20 14:40:05", "elapsed": 4703.535769, "delta": 0.005093}}
{"target": -10.298583478596928, "params": {"colsample_bytree": 0.44875480640247556, "eta": 0.05795510827546156, "gamma": 571.0336276398433, "max_depth": 2.0, "min_child_weight": 4580.386727585876, "num_boost_round": 3.0, "subsample": 0.7124053336593507}, "datetime": {"datetime": "2024-01-20 14:40:05", "elapsed": 4703.539096, "delta": 0.003327}}
{"target": -10.298749377104567, "params": {"colsample_bytree": 0.44875480640247556, "eta": 0.05795510827546156, "gamma": 571.0336276398433, "max_depth": 2.0, "min_child_weight": 4580.386727585876, "num_boost_round": 4.0, "subsample": 0.7124053336593507}, "datetime": {"datetime": "2024-01-20 14:40:05", "elapsed": 4703.542145, "delta": 0.003049}}
{"target": -10.299107102032774, "params": {"colsample_bytree": 0.44875480640247556, "eta": 0.05795510827546156, "gamma": 571.0336276398433, "max_depth": 2.0, "min_child_weight": 4580.386727585876, "num_boost_round": 5.0, "subsample": 0.7124053336593507}, "datetime": {"datetime": "2024-01-20 14:40:05", "elapsed": 4703.544726, "delta": 0.002581}}
{"target": -10.299493723429551, "params": {"colsample_bytree": 0.44875480640247556, "eta": 0.05795510827546156, "gamma": 571.0336276398433, "max_depth": 2.0, "min_child_weight": 4580.386727585876, "num_boost_round": 6.0, "subsample": 0.7124053336593507}, "datetime": {"datetime": "2024-01-20 14:40:05", "elapsed": 4703.547274, "delta": 0.002548}}
{"target": -10.300003104833234, "params": {"colsample_bytree": 0.44875480640247556, "eta": 0.05795510827546156, "gamma": 571.0336276398433, "max_depth": 2.0, "min_child_weight": 4580.386727585876, "num_boost_round": 7.0, "subsample": 0.7124053336593507}, "datetime": {"datetime": "2024-01-20 14:40:05", "elapsed": 4703.549793, "delta": 0.002519}}
{"target": -10.300317992359458, "params": {"colsample_bytree": 0.44875480640247556, "eta": 0.05795510827546156, "gamma": 571.0336276398433, "max_depth": 2.0, "min_child_weight": 4580.386727585876, "num_boost_round": 8.0, "subsample": 0.7124053336593507}, "datetime": {"datetime": "2024-01-20 14:40:05", "elapsed": 4703.552232, "delta": 0.002439}}
{"target": -10.300942797163795, "params": {"colsample_bytree": 0.44875480640247556, "eta": 0.05795510827546156, "gamma": 571.0336276398433, "max_depth": 2.0, "min_child_weight": 4580.386727585876, "num_boost_round": 9.0, "subsample": 0.7124053336593507}, "datetime": {"datetime": "2024-01-20 14:40:05", "elapsed": 4703.554633, "delta": 0.002401}}
{"target": -10.301330120622616, "params": {"colsample_bytree": 0.44875480640247556, "eta": 0.05795510827546156, "gamma": 571.0336276398433, "max_depth": 2.0, "min_child_weight": 4580.386727585876, "num_boost_round": 10.0, "subsample": 0.7124053336593507}, "datetime": {"datetime": "2024-01-20 14:40:05", "elapsed": 4703.557087, "delta": 0.002454}}
