{"target": -15.156693169768607, "params": {"colsample_bytree": 0.16375575678586018, "eta": 0.07470165384932119, "gamma": 517.2494027331303, "max_depth": 7.0, "min_child_weight": 4173.687564526755, "num_boost_round": 21.0, "subsample": 0.2403883724503753}, "datetime": {"datetime": "2024-01-20 16:10:30", "elapsed": 6387.605572, "delta": 0.006932}}
{"target": -15.156785082343507, "params": {"colsample_bytree": 0.16375575678586018, "eta": 0.07470165384932119, "gamma": 517.2494027331303, "max_depth": 7.0, "min_child_weight": 4173.687564526755, "num_boost_round": 22.0, "subsample": 0.2403883724503753}, "datetime": {"datetime": "2024-01-20 16:10:30", "elapsed": 6387.6162, "delta": 0.010628}}
{"target": -15.156915224767534, "params": {"colsample_bytree": 0.16375575678586018, "eta": 0.07470165384932119, "gamma": 517.2494027331303, "max_depth": 7.0, "min_child_weight": 4173.687564526755, "num_boost_round": 23.0, "subsample": 0.2403883724503753}, "datetime": {"datetime": "2024-01-20 16:10:30", "elapsed": 6387.62228, "delta": 0.00608}}
{"target": -15.15689809105806, "params": {"colsample_bytree": 0.16375575678586018, "eta": 0.07470165384932119, "gamma": 517.2494027331303, "max_depth": 7.0, "min_child_weight": 4173.687564526755, "num_boost_round": 24.0, "subsample": 0.2403883724503753}, "datetime": {"datetime": "2024-01-20 16:10:30", "elapsed": 6387.629177, "delta": 0.006897}}
{"target": -15.157015839420978, "params": {"colsample_bytree": 0.16375575678586018, "eta": 0.07470165384932119, "gamma": 517.2494027331303, "max_depth": 7.0, "min_child_weight": 4173.687564526755, "num_boost_round": 25.0, "subsample": 0.2403883724503753}, "datetime": {"datetime": "2024-01-20 16:10:30", "elapsed": 6387.636156, "delta": 0.006979}}
{"target": -15.156849999940874, "params": {"colsample_bytree": 0.16375575678586018, "eta": 0.07470165384932119, "gamma": 517.2494027331303, "max_depth": 7.0, "min_child_weight": 4173.687564526755, "num_boost_round": 26.0, "subsample": 0.2403883724503753}, "datetime": {"datetime": "2024-01-20 16:10:30", "elapsed": 6387.642637, "delta": 0.006481}}
{"target": -15.156267796889557, "params": {"colsample_bytree": 0.16375575678586018, "eta": 0.07470165384932119, "gamma": 517.2494027331303, "max_depth": 7.0, "min_child_weight": 4173.687564526755, "num_boost_round": 27.0, "subsample": 0.2403883724503753}, "datetime": {"datetime": "2024-01-20 16:10:30", "elapsed": 6387.649649, "delta": 0.007012}}
{"target": -15.156425776099933, "params": {"colsample_bytree": 0.16375575678586018, "eta": 0.07470165384932119, "gamma": 517.2494027331303, "max_depth": 7.0, "min_child_weight": 4173.687564526755, "num_boost_round": 28.0, "subsample": 0.2403883724503753}, "datetime": {"datetime": "2024-01-20 16:10:30", "elapsed": 6387.65745, "delta": 0.007801}}
{"target": -15.156375140720534, "params": {"colsample_bytree": 0.16375575678586018, "eta": 0.07470165384932119, "gamma": 517.2494027331303, "max_depth": 7.0, "min_child_weight": 4173.687564526755, "num_boost_round": 29.0, "subsample": 0.2403883724503753}, "datetime": {"datetime": "2024-01-20 16:10:30", "elapsed": 6387.664442, "delta": 0.006992}}
{"target": -15.156403272952865, "params": {"colsample_bytree": 0.16375575678586018, "eta": 0.07470165384932119, "gamma": 517.2494027331303, "max_depth": 7.0, "min_child_weight": 4173.687564526755, "num_boost_round": 30.0, "subsample": 0.2403883724503753}, "datetime": {"datetime": "2024-01-20 16:10:30", "elapsed": 6387.670649, "delta": 0.006207}}
{"target": -15.157207954060379, "params": {"colsample_bytree": 0.16375575678586018, "eta": 0.07470165384932119, "gamma": 517.2494027331303, "max_depth": 7.0, "min_child_weight": 4173.687564526755, "num_boost_round": 31.0, "subsample": 0.2403883724503753}, "datetime": {"datetime": "2024-01-20 16:10:30", "elapsed": 6387.676525, "delta": 0.005876}}
{"target": -15.15746167528372, "params": {"colsample_bytree": 0.16375575678586018, "eta": 0.07470165384932119, "gamma": 517.2494027331303, "max_depth": 7.0, "min_child_weight": 4173.687564526755, "num_boost_round": 32.0, "subsample": 0.2403883724503753}, "datetime": {"datetime": "2024-01-20 16:10:30", "elapsed": 6387.682216, "delta": 0.005691}}
{"target": -15.157070483171488, "params": {"colsample_bytree": 0.16375575678586018, "eta": 0.07470165384932119, "gamma": 517.2494027331303, "max_depth": 7.0, "min_child_weight": 4173.687564526755, "num_boost_round": 33.0, "subsample": 0.2403883724503753}, "datetime": {"datetime": "2024-01-20 16:10:30", "elapsed": 6387.688163, "delta": 0.005947}}
{"target": -15.156973718912795, "params": {"colsample_bytree": 0.16375575678586018, "eta": 0.07470165384932119, "gamma": 517.2494027331303, "max_depth": 7.0, "min_child_weight": 4173.687564526755, "num_boost_round": 34.0, "subsample": 0.2403883724503753}, "datetime": {"datetime": "2024-01-20 16:10:30", "elapsed": 6387.693897, "delta": 0.005734}}
{"target": -15.156076836443047, "params": {"colsample_bytree": 0.16375575678586018, "eta": 0.07470165384932119, "gamma": 517.2494027331303, "max_depth": 7.0, "min_child_weight": 4173.687564526755, "num_boost_round": 35.0, "subsample": 0.2403883724503753}, "datetime": {"datetime": "2024-01-20 16:10:30", "elapsed": 6387.699593, "delta": 0.005696}}
{"target": -15.156093949357036, "params": {"colsample_bytree": 0.16375575678586018, "eta": 0.07470165384932119, "gamma": 517.2494027331303, "max_depth": 7.0, "min_child_weight": 4173.687564526755, "num_boost_round": 36.0, "subsample": 0.2403883724503753}, "datetime": {"datetime": "2024-01-20 16:10:30", "elapsed": 6387.705312, "delta": 0.005719}}
{"target": -15.155253730873, "params": {"colsample_bytree": 0.16375575678586018, "eta": 0.07470165384932119, "gamma": 517.2494027331303, "max_depth": 7.0, "min_child_weight": 4173.687564526755, "num_boost_round": 37.0, "subsample": 0.2403883724503753}, "datetime": {"datetime": "2024-01-20 16:10:30", "elapsed": 6387.711243, "delta": 0.005931}}
{"target": -15.155328191987781, "params": {"colsample_bytree": 0.16375575678586018, "eta": 0.07470165384932119, "gamma": 517.2494027331303, "max_depth": 7.0, "min_child_weight": 4173.687564526755, "num_boost_round": 38.0, "subsample": 0.2403883724503753}, "datetime": {"datetime": "2024-01-20 16:10:30", "elapsed": 6387.717514, "delta": 0.006271}}
{"target": -15.155336823574924, "params": {"colsample_bytree": 0.16375575678586018, "eta": 0.07470165384932119, "gamma": 517.2494027331303, "max_depth": 7.0, "min_child_weight": 4173.687564526755, "num_boost_round": 39.0, "subsample": 0.2403883724503753}, "datetime": {"datetime": "2024-01-20 16:10:30", "elapsed": 6387.723743, "delta": 0.006229}}
{"target": -15.155123416324027, "params": {"colsample_bytree": 0.16375575678586018, "eta": 0.07470165384932119, "gamma": 517.2494027331303, "max_depth": 7.0, "min_child_weight": 4173.687564526755, "num_boost_round": 40.0, "subsample": 0.2403883724503753}, "datetime": {"datetime": "2024-01-20 16:10:30", "elapsed": 6387.729743, "delta": 0.006}}
{"target": -15.171754048059945, "params": {"colsample_bytree": 0.20086345988158733, "eta": 0.04146747870105187, "gamma": 432.97632759034286, "max_depth": 6.0, "min_child_weight": 4378.2679369609705, "num_boost_round": 1.0, "subsample": 0.8455283001164943}, "datetime": {"datetime": "2024-01-20 16:12:03", "elapsed": 6480.817657, "delta": 93.087914}}
{"target": -15.170733293049306, "params": {"colsample_bytree": 0.20086345988158733, "eta": 0.04146747870105187, "gamma": 432.97632759034286, "max_depth": 6.0, "min_child_weight": 4378.2679369609705, "num_boost_round": 2.0, "subsample": 0.8455283001164943}, "datetime": {"datetime": "2024-01-20 16:12:03", "elapsed": 6480.824232, "delta": 0.006575}}
{"target": -15.16954154360927, "params": {"colsample_bytree": 0.20086345988158733, "eta": 0.04146747870105187, "gamma": 432.97632759034286, "max_depth": 6.0, "min_child_weight": 4378.2679369609705, "num_boost_round": 3.0, "subsample": 0.8455283001164943}, "datetime": {"datetime": "2024-01-20 16:12:03", "elapsed": 6480.830207, "delta": 0.005975}}
{"target": -15.169426171307954, "params": {"colsample_bytree": 0.20086345988158733, "eta": 0.04146747870105187, "gamma": 432.97632759034286, "max_depth": 6.0, "min_child_weight": 4378.2679369609705, "num_boost_round": 4.0, "subsample": 0.8455283001164943}, "datetime": {"datetime": "2024-01-20 16:12:03", "elapsed": 6480.83605, "delta": 0.005843}}
{"target": -15.167881150842149, "params": {"colsample_bytree": 0.20086345988158733, "eta": 0.04146747870105187, "gamma": 432.97632759034286, "max_depth": 6.0, "min_child_weight": 4378.2679369609705, "num_boost_round": 5.0, "subsample": 0.8455283001164943}, "datetime": {"datetime": "2024-01-20 16:12:03", "elapsed": 6480.841998, "delta": 0.005948}}
{"target": -15.16670926339589, "params": {"colsample_bytree": 0.20086345988158733, "eta": 0.04146747870105187, "gamma": 432.97632759034286, "max_depth": 6.0, "min_child_weight": 4378.2679369609705, "num_boost_round": 6.0, "subsample": 0.8455283001164943}, "datetime": {"datetime": "2024-01-20 16:12:03", "elapsed": 6480.847696, "delta": 0.005698}}
{"target": -15.165657613256236, "params": {"colsample_bytree": 0.20086345988158733, "eta": 0.04146747870105187, "gamma": 432.97632759034286, "max_depth": 6.0, "min_child_weight": 4378.2679369609705, "num_boost_round": 7.0, "subsample": 0.8455283001164943}, "datetime": {"datetime": "2024-01-20 16:12:03", "elapsed": 6480.853564, "delta": 0.005868}}
{"target": -15.164555256638707, "params": {"colsample_bytree": 0.20086345988158733, "eta": 0.04146747870105187, "gamma": 432.97632759034286, "max_depth": 6.0, "min_child_weight": 4378.2679369609705, "num_boost_round": 8.0, "subsample": 0.8455283001164943}, "datetime": {"datetime": "2024-01-20 16:12:03", "elapsed": 6480.859761, "delta": 0.006197}}
{"target": -15.164408019529894, "params": {"colsample_bytree": 0.20086345988158733, "eta": 0.04146747870105187, "gamma": 432.97632759034286, "max_depth": 6.0, "min_child_weight": 4378.2679369609705, "num_boost_round": 9.0, "subsample": 0.8455283001164943}, "datetime": {"datetime": "2024-01-20 16:12:03", "elapsed": 6480.865919, "delta": 0.006158}}
{"target": -15.163571708540147, "params": {"colsample_bytree": 0.20086345988158733, "eta": 0.04146747870105187, "gamma": 432.97632759034286, "max_depth": 6.0, "min_child_weight": 4378.2679369609705, "num_boost_round": 10.0, "subsample": 0.8455283001164943}, "datetime": {"datetime": "2024-01-20 16:12:03", "elapsed": 6480.871891, "delta": 0.005972}}
{"target": -15.163643740399277, "params": {"colsample_bytree": 0.20086345988158733, "eta": 0.04146747870105187, "gamma": 432.97632759034286, "max_depth": 6.0, "min_child_weight": 4378.2679369609705, "num_boost_round": 11.0, "subsample": 0.8455283001164943}, "datetime": {"datetime": "2024-01-20 16:12:03", "elapsed": 6480.877775, "delta": 0.005884}}
{"target": -15.16353110097697, "params": {"colsample_bytree": 0.20086345988158733, "eta": 0.04146747870105187, "gamma": 432.97632759034286, "max_depth": 6.0, "min_child_weight": 4378.2679369609705, "num_boost_round": 12.0, "subsample": 0.8455283001164943}, "datetime": {"datetime": "2024-01-20 16:12:03", "elapsed": 6480.88388, "delta": 0.006105}}
{"target": -15.163682224035163, "params": {"colsample_bytree": 0.20086345988158733, "eta": 0.04146747870105187, "gamma": 432.97632759034286, "max_depth": 6.0, "min_child_weight": 4378.2679369609705, "num_boost_round": 13.0, "subsample": 0.8455283001164943}, "datetime": {"datetime": "2024-01-20 16:12:03", "elapsed": 6480.88983, "delta": 0.00595}}
{"target": -15.163909976818365, "params": {"colsample_bytree": 0.20086345988158733, "eta": 0.04146747870105187, "gamma": 432.97632759034286, "max_depth": 6.0, "min_child_weight": 4378.2679369609705, "num_boost_round": 14.0, "subsample": 0.8455283001164943}, "datetime": {"datetime": "2024-01-20 16:12:03", "elapsed": 6480.895965, "delta": 0.006135}}
{"target": -15.163716069711949, "params": {"colsample_bytree": 0.20086345988158733, "eta": 0.04146747870105187, "gamma": 432.97632759034286, "max_depth": 6.0, "min_child_weight": 4378.2679369609705, "num_boost_round": 15.0, "subsample": 0.8455283001164943}, "datetime": {"datetime": "2024-01-20 16:12:03", "elapsed": 6480.902938, "delta": 0.006973}}
{"target": -15.162979356902285, "params": {"colsample_bytree": 0.20086345988158733, "eta": 0.04146747870105187, "gamma": 432.97632759034286, "max_depth": 6.0, "min_child_weight": 4378.2679369609705, "num_boost_round": 16.0, "subsample": 0.8455283001164943}, "datetime": {"datetime": "2024-01-20 16:12:03", "elapsed": 6480.909857, "delta": 0.006919}}
{"target": -15.161350584189467, "params": {"colsample_bytree": 0.20086345988158733, "eta": 0.04146747870105187, "gamma": 432.97632759034286, "max_depth": 6.0, "min_child_weight": 4378.2679369609705, "num_boost_round": 17.0, "subsample": 0.8455283001164943}, "datetime": {"datetime": "2024-01-20 16:12:03", "elapsed": 6480.916591, "delta": 0.006734}}
{"target": -15.161267667082864, "params": {"colsample_bytree": 0.20086345988158733, "eta": 0.04146747870105187, "gamma": 432.97632759034286, "max_depth": 6.0, "min_child_weight": 4378.2679369609705, "num_boost_round": 18.0, "subsample": 0.8455283001164943}, "datetime": {"datetime": "2024-01-20 16:12:03", "elapsed": 6480.923667, "delta": 0.007076}}
{"target": -15.160372630099253, "params": {"colsample_bytree": 0.20086345988158733, "eta": 0.04146747870105187, "gamma": 432.97632759034286, "max_depth": 6.0, "min_child_weight": 4378.2679369609705, "num_boost_round": 19.0, "subsample": 0.8455283001164943}, "datetime": {"datetime": "2024-01-20 16:12:03", "elapsed": 6480.93088, "delta": 0.007213}}
{"target": -15.160441389271629, "params": {"colsample_bytree": 0.20086345988158733, "eta": 0.04146747870105187, "gamma": 432.97632759034286, "max_depth": 6.0, "min_child_weight": 4378.2679369609705, "num_boost_round": 20.0, "subsample": 0.8455283001164943}, "datetime": {"datetime": "2024-01-20 16:12:03", "elapsed": 6480.93813, "delta": 0.00725}}
{"target": -15.159999023553862, "params": {"colsample_bytree": 0.20086345988158733, "eta": 0.04146747870105187, "gamma": 432.97632759034286, "max_depth": 6.0, "min_child_weight": 4378.2679369609705, "num_boost_round": 21.0, "subsample": 0.8455283001164943}, "datetime": {"datetime": "2024-01-20 16:12:03", "elapsed": 6480.944509, "delta": 0.006379}}
{"target": -15.160066066770344, "params": {"colsample_bytree": 0.20086345988158733, "eta": 0.04146747870105187, "gamma": 432.97632759034286, "max_depth": 6.0, "min_child_weight": 4378.2679369609705, "num_boost_round": 22.0, "subsample": 0.8455283001164943}, "datetime": {"datetime": "2024-01-20 16:12:03", "elapsed": 6480.950441, "delta": 0.005932}}
{"target": -15.160039355189735, "params": {"colsample_bytree": 0.20086345988158733, "eta": 0.04146747870105187, "gamma": 432.97632759034286, "max_depth": 6.0, "min_child_weight": 4378.2679369609705, "num_boost_round": 23.0, "subsample": 0.8455283001164943}, "datetime": {"datetime": "2024-01-20 16:12:03", "elapsed": 6480.956243, "delta": 0.005802}}
{"target": -15.160286889360195, "params": {"colsample_bytree": 0.20086345988158733, "eta": 0.04146747870105187, "gamma": 432.97632759034286, "max_depth": 6.0, "min_child_weight": 4378.2679369609705, "num_boost_round": 24.0, "subsample": 0.8455283001164943}, "datetime": {"datetime": "2024-01-20 16:12:03", "elapsed": 6480.961976, "delta": 0.005733}}
{"target": -15.16030613548265, "params": {"colsample_bytree": 0.20086345988158733, "eta": 0.04146747870105187, "gamma": 432.97632759034286, "max_depth": 6.0, "min_child_weight": 4378.2679369609705, "num_boost_round": 25.0, "subsample": 0.8455283001164943}, "datetime": {"datetime": "2024-01-20 16:12:03", "elapsed": 6480.967664, "delta": 0.005688}}
{"target": -15.16028395546353, "params": {"colsample_bytree": 0.20086345988158733, "eta": 0.04146747870105187, "gamma": 432.97632759034286, "max_depth": 6.0, "min_child_weight": 4378.2679369609705, "num_boost_round": 26.0, "subsample": 0.8455283001164943}, "datetime": {"datetime": "2024-01-20 16:12:03", "elapsed": 6480.973358, "delta": 0.005694}}
{"target": -15.159560070421398, "params": {"colsample_bytree": 0.20086345988158733, "eta": 0.04146747870105187, "gamma": 432.97632759034286, "max_depth": 6.0, "min_child_weight": 4378.2679369609705, "num_boost_round": 27.0, "subsample": 0.8455283001164943}, "datetime": {"datetime": "2024-01-20 16:12:03", "elapsed": 6480.979364, "delta": 0.006006}}
{"target": -15.159060247402094, "params": {"colsample_bytree": 0.20086345988158733, "eta": 0.04146747870105187, "gamma": 432.97632759034286, "max_depth": 6.0, "min_child_weight": 4378.2679369609705, "num_boost_round": 28.0, "subsample": 0.8455283001164943}, "datetime": {"datetime": "2024-01-20 16:12:03", "elapsed": 6480.985732, "delta": 0.006368}}
{"target": -15.159071732337939, "params": {"colsample_bytree": 0.20086345988158733, "eta": 0.04146747870105187, "gamma": 432.97632759034286, "max_depth": 6.0, "min_child_weight": 4378.2679369609705, "num_boost_round": 29.0, "subsample": 0.8455283001164943}, "datetime": {"datetime": "2024-01-20 16:12:03", "elapsed": 6480.992089, "delta": 0.006357}}
{"target": -15.158095943308044, "params": {"colsample_bytree": 0.20086345988158733, "eta": 0.04146747870105187, "gamma": 432.97632759034286, "max_depth": 6.0, "min_child_weight": 4378.2679369609705, "num_boost_round": 30.0, "subsample": 0.8455283001164943}, "datetime": {"datetime": "2024-01-20 16:12:03", "elapsed": 6480.998133, "delta": 0.006044}}
{"target": -15.158652045184471, "params": {"colsample_bytree": 0.20086345988158733, "eta": 0.04146747870105187, "gamma": 432.97632759034286, "max_depth": 6.0, "min_child_weight": 4378.2679369609705, "num_boost_round": 31.0, "subsample": 0.8455283001164943}, "datetime": {"datetime": "2024-01-20 16:12:03", "elapsed": 6481.003985, "delta": 0.005852}}
{"target": -15.158440448053982, "params": {"colsample_bytree": 0.20086345988158733, "eta": 0.04146747870105187, "gamma": 432.97632759034286, "max_depth": 6.0, "min_child_weight": 4378.2679369609705, "num_boost_round": 32.0, "subsample": 0.8455283001164943}, "datetime": {"datetime": "2024-01-20 16:12:03", "elapsed": 6481.010705, "delta": 0.00672}}
{"target": -15.158402264783682, "params": {"colsample_bytree": 0.20086345988158733, "eta": 0.04146747870105187, "gamma": 432.97632759034286, "max_depth": 6.0, "min_child_weight": 4378.2679369609705, "num_boost_round": 33.0, "subsample": 0.8455283001164943}, "datetime": {"datetime": "2024-01-20 16:12:03", "elapsed": 6481.017808, "delta": 0.007103}}
{"target": -15.158373978666717, "params": {"colsample_bytree": 0.20086345988158733, "eta": 0.04146747870105187, "gamma": 432.97632759034286, "max_depth": 6.0, "min_child_weight": 4378.2679369609705, "num_boost_round": 34.0, "subsample": 0.8455283001164943}, "datetime": {"datetime": "2024-01-20 16:12:03", "elapsed": 6481.024819, "delta": 0.007011}}
{"target": -15.158128483547532, "params": {"colsample_bytree": 0.20086345988158733, "eta": 0.04146747870105187, "gamma": 432.97632759034286, "max_depth": 6.0, "min_child_weight": 4378.2679369609705, "num_boost_round": 35.0, "subsample": 0.8455283001164943}, "datetime": {"datetime": "2024-01-20 16:12:03", "elapsed": 6481.031501, "delta": 0.006682}}
{"target": -15.15809970881302, "params": {"colsample_bytree": 0.20086345988158733, "eta": 0.04146747870105187, "gamma": 432.97632759034286, "max_depth": 6.0, "min_child_weight": 4378.2679369609705, "num_boost_round": 36.0, "subsample": 0.8455283001164943}, "datetime": {"datetime": "2024-01-20 16:12:03", "elapsed": 6481.037586, "delta": 0.006085}}
{"target": -15.15722870989767, "params": {"colsample_bytree": 0.20086345988158733, "eta": 0.04146747870105187, "gamma": 432.97632759034286, "max_depth": 6.0, "min_child_weight": 4378.2679369609705, "num_boost_round": 37.0, "subsample": 0.8455283001164943}, "datetime": {"datetime": "2024-01-20 16:12:03", "elapsed": 6481.043524, "delta": 0.005938}}
{"target": -15.157301470960778, "params": {"colsample_bytree": 0.20086345988158733, "eta": 0.04146747870105187, "gamma": 432.97632759034286, "max_depth": 6.0, "min_child_weight": 4378.2679369609705, "num_boost_round": 38.0, "subsample": 0.8455283001164943}, "datetime": {"datetime": "2024-01-20 16:12:03", "elapsed": 6481.049638, "delta": 0.006114}}
{"target": -15.157402304262, "params": {"colsample_bytree": 0.20086345988158733, "eta": 0.04146747870105187, "gamma": 432.97632759034286, "max_depth": 6.0, "min_child_weight": 4378.2679369609705, "num_boost_round": 39.0, "subsample": 0.8455283001164943}, "datetime": {"datetime": "2024-01-20 16:12:03", "elapsed": 6481.055471, "delta": 0.005833}}
{"target": -15.171724497601797, "params": {"colsample_bytree": 0.1996042439396892, "eta": 0.04021781156689202, "gamma": 472.7241039714316, "max_depth": 8.0, "min_child_weight": 4307.701184707059, "num_boost_round": 1.0, "subsample": 0.7996809849488367}, "datetime": {"datetime": "2024-01-20 16:14:09", "elapsed": 6606.571729, "delta": 125.516258}}
{"target": -15.1708285410609, "params": {"colsample_bytree": 0.1996042439396892, "eta": 0.04021781156689202, "gamma": 472.7241039714316, "max_depth": 8.0, "min_child_weight": 4307.701184707059, "num_boost_round": 2.0, "subsample": 0.7996809849488367}, "datetime": {"datetime": "2024-01-20 16:14:09", "elapsed": 6606.579267, "delta": 0.007538}}
{"target": -15.169613739572071, "params": {"colsample_bytree": 0.1996042439396892, "eta": 0.04021781156689202, "gamma": 472.7241039714316, "max_depth": 8.0, "min_child_weight": 4307.701184707059, "num_boost_round": 3.0, "subsample": 0.7996809849488367}, "datetime": {"datetime": "2024-01-20 16:14:09", "elapsed": 6606.585531, "delta": 0.006264}}
{"target": -15.169539905383978, "params": {"colsample_bytree": 0.1996042439396892, "eta": 0.04021781156689202, "gamma": 472.7241039714316, "max_depth": 8.0, "min_child_weight": 4307.701184707059, "num_boost_round": 4.0, "subsample": 0.7996809849488367}, "datetime": {"datetime": "2024-01-20 16:14:09", "elapsed": 6606.592029, "delta": 0.006498}}
