{"target": -13.73278753133177, "params": {"colsample_bytree": 0.5700862085417518, "eta": 0.08998155768175589, "gamma": 757.9485604267677, "max_depth": 8.0, "min_child_weight": 3848.3003214047835, "num_boost_round": 1.0, "subsample": 0.2200991309030696}, "datetime": {"datetime": "2024-01-20 16:34:39", "elapsed": 7839.89954, "delta": 30.843534}}
{"target": -13.734287201106769, "params": {"colsample_bytree": 0.5700862085417518, "eta": 0.08998155768175589, "gamma": 757.9485604267677, "max_depth": 8.0, "min_child_weight": 3848.3003214047835, "num_boost_round": 2.0, "subsample": 0.2200991309030696}, "datetime": {"datetime": "2024-01-20 16:34:39", "elapsed": 7839.903783, "delta": 0.004243}}
{"target": -13.73593027271383, "params": {"colsample_bytree": 0.5700862085417518, "eta": 0.08998155768175589, "gamma": 757.9485604267677, "max_depth": 8.0, "min_child_weight": 3848.3003214047835, "num_boost_round": 3.0, "subsample": 0.2200991309030696}, "datetime": {"datetime": "2024-01-20 16:34:39", "elapsed": 7839.9068, "delta": 0.003017}}
{"target": -13.731057324817968, "params": {"colsample_bytree": 0.62255038142232, "eta": 0.0023708474453602215, "gamma": 415.4971042961496, "max_depth": 3.0, "min_child_weight": 3414.216988198099, "num_boost_round": 1.0, "subsample": 0.3709129737851967}, "datetime": {"datetime": "2024-01-20 16:35:06", "elapsed": 7867.843492, "delta": 27.936692}}
{"target": -13.731260212853172, "params": {"colsample_bytree": 0.25124955009356587, "eta": 0.020669966198134406, "gamma": 373.71238438996204, "max_depth": 9.0, "min_child_weight": 4357.922083430054, "num_boost_round": 1.0, "subsample": 0.20897570577040392}, "datetime": {"datetime": "2024-01-20 16:35:33", "elapsed": 7894.681995, "delta": 26.838503}}
{"target": -13.732230307025377, "params": {"colsample_bytree": 0.8243878885802401, "eta": 0.08517536622749985, "gamma": 152.05492644241136, "max_depth": 3.0, "min_child_weight": 4600.278352352853, "num_boost_round": 1.0, "subsample": 0.7229764680869892}, "datetime": {"datetime": "2024-01-20 16:36:00", "elapsed": 7921.526735, "delta": 26.84474}}
{"target": -13.73367495017309, "params": {"colsample_bytree": 0.8243878885802401, "eta": 0.08517536622749985, "gamma": 152.05492644241136, "max_depth": 3.0, "min_child_weight": 4600.278352352853, "num_boost_round": 2.0, "subsample": 0.7229764680869892}, "datetime": {"datetime": "2024-01-20 16:36:00", "elapsed": 7921.532267, "delta": 0.005532}}
{"target": -13.734873501875324, "params": {"colsample_bytree": 0.8243878885802401, "eta": 0.08517536622749985, "gamma": 152.05492644241136, "max_depth": 3.0, "min_child_weight": 4600.278352352853, "num_boost_round": 3.0, "subsample": 0.7229764680869892}, "datetime": {"datetime": "2024-01-20 16:36:00", "elapsed": 7921.536535, "delta": 0.004268}}
{"target": -13.73661738611174, "params": {"colsample_bytree": 0.8243878885802401, "eta": 0.08517536622749985, "gamma": 152.05492644241136, "max_depth": 3.0, "min_child_weight": 4600.278352352853, "num_boost_round": 4.0, "subsample": 0.7229764680869892}, "datetime": {"datetime": "2024-01-20 16:36:00", "elapsed": 7921.540877, "delta": 0.004342}}
{"target": -13.738592673095736, "params": {"colsample_bytree": 0.8243878885802401, "eta": 0.08517536622749985, "gamma": 152.05492644241136, "max_depth": 3.0, "min_child_weight": 4600.278352352853, "num_boost_round": 5.0, "subsample": 0.7229764680869892}, "datetime": {"datetime": "2024-01-20 16:36:00", "elapsed": 7921.545236, "delta": 0.004359}}
{"target": -13.731140934424594, "params": {"colsample_bytree": 0.16652707711065234, "eta": 0.020016309346392255, "gamma": 552.8459620394887, "max_depth": 6.0, "min_child_weight": 4002.4220069029466, "num_boost_round": 1.0, "subsample": 0.7578444448352669}, "datetime": {"datetime": "2024-01-20 16:36:26", "elapsed": 7947.467571, "delta": 25.922335}}
{"target": -13.731330733313754, "params": {"colsample_bytree": 0.7392658664456374, "eta": 0.017201436251273405, "gamma": 471.7667420653002, "max_depth": 8.0, "min_child_weight": 3887.0350575092843, "num_boost_round": 1.0, "subsample": 0.9799865778084941}, "datetime": {"datetime": "2024-01-20 16:36:54", "elapsed": 7975.722422, "delta": 28.254851}}
{"target": -13.731747194921326, "params": {"colsample_bytree": 0.7392658664456374, "eta": 0.017201436251273405, "gamma": 471.7667420653002, "max_depth": 8.0, "min_child_weight": 3887.0350575092843, "num_boost_round": 2.0, "subsample": 0.9799865778084941}, "datetime": {"datetime": "2024-01-20 16:36:54", "elapsed": 7975.728464, "delta": 0.006042}}
{"target": -13.732010893821643, "params": {"colsample_bytree": 0.7392658664456374, "eta": 0.017201436251273405, "gamma": 471.7667420653002, "max_depth": 8.0, "min_child_weight": 3887.0350575092843, "num_boost_round": 3.0, "subsample": 0.9799865778084941}, "datetime": {"datetime": "2024-01-20 16:36:54", "elapsed": 7975.732306, "delta": 0.003842}}
{"target": -13.732832995652245, "params": {"colsample_bytree": 0.7414082404449239, "eta": 0.09051536756159645, "gamma": 278.5026918974521, "max_depth": 6.0, "min_child_weight": 4687.590527719284, "num_boost_round": 1.0, "subsample": 0.7755119890134089}, "datetime": {"datetime": "2024-01-20 16:37:26", "elapsed": 8007.310717, "delta": 31.578411}}
{"target": -13.735677253013128, "params": {"colsample_bytree": 0.7414082404449239, "eta": 0.09051536756159645, "gamma": 278.5026918974521, "max_depth": 6.0, "min_child_weight": 4687.590527719284, "num_boost_round": 2.0, "subsample": 0.7755119890134089}, "datetime": {"datetime": "2024-01-20 16:37:26", "elapsed": 8007.314716, "delta": 0.003999}}
{"target": -13.731358554028393, "params": {"colsample_bytree": 0.11666832975277418, "eta": 0.09893945126471217, "gamma": 750.522455677429, "max_depth": 2.0, "min_child_weight": 4485.771570944703, "num_boost_round": 1.0, "subsample": 0.6533235775959549}, "datetime": {"datetime": "2024-01-20 16:37:56", "elapsed": 8036.988999, "delta": 29.674283}}
{"target": -13.731141130565309, "params": {"colsample_bytree": 0.2430346493365936, "eta": 0.029064195317934458, "gamma": 136.73835726887117, "max_depth": 6.0, "min_child_weight": 4330.787647967971, "num_boost_round": 1.0, "subsample": 0.4451131635333835}, "datetime": {"datetime": "2024-01-20 16:38:32", "elapsed": 8073.142691, "delta": 36.153692}}
{"target": -13.731371483739036, "params": {"colsample_bytree": 0.2430346493365936, "eta": 0.029064195317934458, "gamma": 136.73835726887117, "max_depth": 6.0, "min_child_weight": 4330.787647967971, "num_boost_round": 2.0, "subsample": 0.4451131635333835}, "datetime": {"datetime": "2024-01-20 16:38:32", "elapsed": 8073.146953, "delta": 0.004262}}
{"target": -13.731530539624133, "params": {"colsample_bytree": 0.2430346493365936, "eta": 0.029064195317934458, "gamma": 136.73835726887117, "max_depth": 6.0, "min_child_weight": 4330.787647967971, "num_boost_round": 3.0, "subsample": 0.4451131635333835}, "datetime": {"datetime": "2024-01-20 16:38:32", "elapsed": 8073.150347, "delta": 0.003394}}
{"target": -13.731018181274468, "params": {"colsample_bytree": 0.283237802943915, "eta": 0.00011854197058769136, "gamma": 763.3163533429438, "max_depth": 4.0, "min_child_weight": 4446.957609003061, "num_boost_round": 1.0, "subsample": 0.9083525323421605}, "datetime": {"datetime": "2024-01-20 16:39:05", "elapsed": 8106.079596, "delta": 32.929249}}
{"target": -13.731018890961856, "params": {"colsample_bytree": 0.283237802943915, "eta": 0.00011854197058769136, "gamma": 763.3163533429438, "max_depth": 4.0, "min_child_weight": 4446.957609003061, "num_boost_round": 2.0, "subsample": 0.9083525323421605}, "datetime": {"datetime": "2024-01-20 16:39:05", "elapsed": 8106.083649, "delta": 0.004053}}
{"target": -13.731019835565519, "params": {"colsample_bytree": 0.283237802943915, "eta": 0.00011854197058769136, "gamma": 763.3163533429438, "max_depth": 4.0, "min_child_weight": 4446.957609003061, "num_boost_round": 3.0, "subsample": 0.9083525323421605}, "datetime": {"datetime": "2024-01-20 16:39:05", "elapsed": 8106.087376, "delta": 0.003727}}
{"target": -13.73102059226484, "params": {"colsample_bytree": 0.283237802943915, "eta": 0.00011854197058769136, "gamma": 763.3163533429438, "max_depth": 4.0, "min_child_weight": 4446.957609003061, "num_boost_round": 4.0, "subsample": 0.9083525323421605}, "datetime": {"datetime": "2024-01-20 16:39:05", "elapsed": 8106.090713, "delta": 0.003337}}
{"target": -13.731022337376583, "params": {"colsample_bytree": 0.283237802943915, "eta": 0.00011854197058769136, "gamma": 763.3163533429438, "max_depth": 4.0, "min_child_weight": 4446.957609003061, "num_boost_round": 5.0, "subsample": 0.9083525323421605}, "datetime": {"datetime": "2024-01-20 16:39:05", "elapsed": 8106.093815, "delta": 0.003102}}
{"target": -13.732046221850307, "params": {"colsample_bytree": 0.5448695030323267, "eta": 0.06618889094776946, "gamma": 253.63784619820973, "max_depth": 5.0, "min_child_weight": 4820.335648711609, "num_boost_round": 1.0, "subsample": 0.9847612359714948}, "datetime": {"datetime": "2024-01-20 16:39:34", "elapsed": 8135.224397, "delta": 29.130582}}
{"target": -13.733259504052434, "params": {"colsample_bytree": 0.5448695030323267, "eta": 0.06618889094776946, "gamma": 253.63784619820973, "max_depth": 5.0, "min_child_weight": 4820.335648711609, "num_boost_round": 2.0, "subsample": 0.9847612359714948}, "datetime": {"datetime": "2024-01-20 16:39:34", "elapsed": 8135.22852, "delta": 0.004123}}
{"target": -13.734580709979845, "params": {"colsample_bytree": 0.5448695030323267, "eta": 0.06618889094776946, "gamma": 253.63784619820973, "max_depth": 5.0, "min_child_weight": 4820.335648711609, "num_boost_round": 3.0, "subsample": 0.9847612359714948}, "datetime": {"datetime": "2024-01-20 16:39:34", "elapsed": 8135.232586, "delta": 0.004066}}
{"target": -13.735840956234611, "params": {"colsample_bytree": 0.5448695030323267, "eta": 0.06618889094776946, "gamma": 253.63784619820973, "max_depth": 5.0, "min_child_weight": 4820.335648711609, "num_boost_round": 4.0, "subsample": 0.9847612359714948}, "datetime": {"datetime": "2024-01-20 16:39:34", "elapsed": 8135.23608, "delta": 0.003494}}
{"target": -13.737669628504111, "params": {"colsample_bytree": 0.5448695030323267, "eta": 0.06618889094776946, "gamma": 253.63784619820973, "max_depth": 5.0, "min_child_weight": 4820.335648711609, "num_boost_round": 5.0, "subsample": 0.9847612359714948}, "datetime": {"datetime": "2024-01-20 16:39:34", "elapsed": 8135.23935, "delta": 0.00327}}
{"target": -13.731512316357142, "params": {"colsample_bytree": 0.7841234451589921, "eta": 0.04010217864218486, "gamma": 791.5597255023193, "max_depth": 4.0, "min_child_weight": 4465.556700105794, "num_boost_round": 1.0, "subsample": 0.15879888191036295}, "datetime": {"datetime": "2024-01-20 16:40:10", "elapsed": 8171.378864, "delta": 36.139514}}
{"target": -13.732011209927512, "params": {"colsample_bytree": 0.7841234451589921, "eta": 0.04010217864218486, "gamma": 791.5597255023193, "max_depth": 4.0, "min_child_weight": 4465.556700105794, "num_boost_round": 2.0, "subsample": 0.15879888191036295}, "datetime": {"datetime": "2024-01-20 16:40:10", "elapsed": 8171.382711, "delta": 0.003847}}
{"target": -13.732937196842997, "params": {"colsample_bytree": 0.47646931845919127, "eta": 0.0864128804397871, "gamma": 557.3831249805027, "max_depth": 7.0, "min_child_weight": 4577.512576686437, "num_boost_round": 1.0, "subsample": 0.3057401207630499}, "datetime": {"datetime": "2024-01-20 16:40:50", "elapsed": 8211.214869, "delta": 39.832158}}
{"target": -13.73397482724893, "params": {"colsample_bytree": 0.47646931845919127, "eta": 0.0864128804397871, "gamma": 557.3831249805027, "max_depth": 7.0, "min_child_weight": 4577.512576686437, "num_boost_round": 2.0, "subsample": 0.3057401207630499}, "datetime": {"datetime": "2024-01-20 16:40:50", "elapsed": 8211.220152, "delta": 0.005283}}
{"target": -13.735220176042974, "params": {"colsample_bytree": 0.47646931845919127, "eta": 0.0864128804397871, "gamma": 557.3831249805027, "max_depth": 7.0, "min_child_weight": 4577.512576686437, "num_boost_round": 3.0, "subsample": 0.3057401207630499}, "datetime": {"datetime": "2024-01-20 16:40:50", "elapsed": 8211.224215, "delta": 0.004063}}
{"target": -13.736672634712871, "params": {"colsample_bytree": 0.47646931845919127, "eta": 0.0864128804397871, "gamma": 557.3831249805027, "max_depth": 7.0, "min_child_weight": 4577.512576686437, "num_boost_round": 4.0, "subsample": 0.3057401207630499}, "datetime": {"datetime": "2024-01-20 16:40:50", "elapsed": 8211.227569, "delta": 0.003354}}
{"target": -13.738878580827393, "params": {"colsample_bytree": 0.47646931845919127, "eta": 0.0864128804397871, "gamma": 557.3831249805027, "max_depth": 7.0, "min_child_weight": 4577.512576686437, "num_boost_round": 5.0, "subsample": 0.3057401207630499}, "datetime": {"datetime": "2024-01-20 16:40:50", "elapsed": 8211.231044, "delta": 0.003475}}
{"target": -13.741382565065665, "params": {"colsample_bytree": 0.47646931845919127, "eta": 0.0864128804397871, "gamma": 557.3831249805027, "max_depth": 7.0, "min_child_weight": 4577.512576686437, "num_boost_round": 6.0, "subsample": 0.3057401207630499}, "datetime": {"datetime": "2024-01-20 16:40:50", "elapsed": 8211.234591, "delta": 0.003547}}
{"target": -13.742937311426177, "params": {"colsample_bytree": 0.47646931845919127, "eta": 0.0864128804397871, "gamma": 557.3831249805027, "max_depth": 7.0, "min_child_weight": 4577.512576686437, "num_boost_round": 7.0, "subsample": 0.3057401207630499}, "datetime": {"datetime": "2024-01-20 16:40:50", "elapsed": 8211.238053, "delta": 0.003462}}
{"target": -13.745186209354872, "params": {"colsample_bytree": 0.47646931845919127, "eta": 0.0864128804397871, "gamma": 557.3831249805027, "max_depth": 7.0, "min_child_weight": 4577.512576686437, "num_boost_round": 8.0, "subsample": 0.3057401207630499}, "datetime": {"datetime": "2024-01-20 16:40:50", "elapsed": 8211.241464, "delta": 0.003411}}
{"target": -13.746802200372496, "params": {"colsample_bytree": 0.47646931845919127, "eta": 0.0864128804397871, "gamma": 557.3831249805027, "max_depth": 7.0, "min_child_weight": 4577.512576686437, "num_boost_round": 9.0, "subsample": 0.3057401207630499}, "datetime": {"datetime": "2024-01-20 16:40:50", "elapsed": 8211.244706, "delta": 0.003242}}
{"target": -13.74808091985036, "params": {"colsample_bytree": 0.47646931845919127, "eta": 0.0864128804397871, "gamma": 557.3831249805027, "max_depth": 7.0, "min_child_weight": 4577.512576686437, "num_boost_round": 10.0, "subsample": 0.3057401207630499}, "datetime": {"datetime": "2024-01-20 16:40:50", "elapsed": 8211.247915, "delta": 0.003209}}
{"target": -13.749843087561812, "params": {"colsample_bytree": 0.47646931845919127, "eta": 0.0864128804397871, "gamma": 557.3831249805027, "max_depth": 7.0, "min_child_weight": 4577.512576686437, "num_boost_round": 11.0, "subsample": 0.3057401207630499}, "datetime": {"datetime": "2024-01-20 16:40:50", "elapsed": 8211.251335, "delta": 0.00342}}
{"target": -13.752173272541857, "params": {"colsample_bytree": 0.47646931845919127, "eta": 0.0864128804397871, "gamma": 557.3831249805027, "max_depth": 7.0, "min_child_weight": 4577.512576686437, "num_boost_round": 12.0, "subsample": 0.3057401207630499}, "datetime": {"datetime": "2024-01-20 16:40:50", "elapsed": 8211.254603, "delta": 0.003268}}
{"target": -13.753232927314622, "params": {"colsample_bytree": 0.47646931845919127, "eta": 0.0864128804397871, "gamma": 557.3831249805027, "max_depth": 7.0, "min_child_weight": 4577.512576686437, "num_boost_round": 13.0, "subsample": 0.3057401207630499}, "datetime": {"datetime": "2024-01-20 16:40:50", "elapsed": 8211.257824, "delta": 0.003221}}
{"target": -13.75483542385852, "params": {"colsample_bytree": 0.47646931845919127, "eta": 0.0864128804397871, "gamma": 557.3831249805027, "max_depth": 7.0, "min_child_weight": 4577.512576686437, "num_boost_round": 14.0, "subsample": 0.3057401207630499}, "datetime": {"datetime": "2024-01-20 16:40:50", "elapsed": 8211.261138, "delta": 0.003314}}
{"target": -13.756253684336514, "params": {"colsample_bytree": 0.47646931845919127, "eta": 0.0864128804397871, "gamma": 557.3831249805027, "max_depth": 7.0, "min_child_weight": 4577.512576686437, "num_boost_round": 15.0, "subsample": 0.3057401207630499}, "datetime": {"datetime": "2024-01-20 16:40:50", "elapsed": 8211.264332, "delta": 0.003194}}
{"target": -13.757223049714526, "params": {"colsample_bytree": 0.47646931845919127, "eta": 0.0864128804397871, "gamma": 557.3831249805027, "max_depth": 7.0, "min_child_weight": 4577.512576686437, "num_boost_round": 16.0, "subsample": 0.3057401207630499}, "datetime": {"datetime": "2024-01-20 16:40:50", "elapsed": 8211.267489, "delta": 0.003157}}
{"target": -13.758403899556324, "params": {"colsample_bytree": 0.47646931845919127, "eta": 0.0864128804397871, "gamma": 557.3831249805027, "max_depth": 7.0, "min_child_weight": 4577.512576686437, "num_boost_round": 17.0, "subsample": 0.3057401207630499}, "datetime": {"datetime": "2024-01-20 16:40:50", "elapsed": 8211.270594, "delta": 0.003105}}
{"target": -13.75920900889987, "params": {"colsample_bytree": 0.47646931845919127, "eta": 0.0864128804397871, "gamma": 557.3831249805027, "max_depth": 7.0, "min_child_weight": 4577.512576686437, "num_boost_round": 18.0, "subsample": 0.3057401207630499}, "datetime": {"datetime": "2024-01-20 16:40:50", "elapsed": 8211.273637, "delta": 0.003043}}
{"target": -13.76007415960907, "params": {"colsample_bytree": 0.47646931845919127, "eta": 0.0864128804397871, "gamma": 557.3831249805027, "max_depth": 7.0, "min_child_weight": 4577.512576686437, "num_boost_round": 19.0, "subsample": 0.3057401207630499}, "datetime": {"datetime": "2024-01-20 16:40:50", "elapsed": 8211.276633, "delta": 0.002996}}
{"target": -13.761546252243537, "params": {"colsample_bytree": 0.47646931845919127, "eta": 0.0864128804397871, "gamma": 557.3831249805027, "max_depth": 7.0, "min_child_weight": 4577.512576686437, "num_boost_round": 20.0, "subsample": 0.3057401207630499}, "datetime": {"datetime": "2024-01-20 16:40:50", "elapsed": 8211.279653, "delta": 0.00302}}
{"target": -13.7625171165386, "params": {"colsample_bytree": 0.47646931845919127, "eta": 0.0864128804397871, "gamma": 557.3831249805027, "max_depth": 7.0, "min_child_weight": 4577.512576686437, "num_boost_round": 21.0, "subsample": 0.3057401207630499}, "datetime": {"datetime": "2024-01-20 16:40:50", "elapsed": 8211.282737, "delta": 0.003084}}
{"target": -13.7632661029789, "params": {"colsample_bytree": 0.47646931845919127, "eta": 0.0864128804397871, "gamma": 557.3831249805027, "max_depth": 7.0, "min_child_weight": 4577.512576686437, "num_boost_round": 22.0, "subsample": 0.3057401207630499}, "datetime": {"datetime": "2024-01-20 16:40:50", "elapsed": 8211.285846, "delta": 0.003109}}
{"target": -13.764275800843583, "params": {"colsample_bytree": 0.47646931845919127, "eta": 0.0864128804397871, "gamma": 557.3831249805027, "max_depth": 7.0, "min_child_weight": 4577.512576686437, "num_boost_round": 23.0, "subsample": 0.3057401207630499}, "datetime": {"datetime": "2024-01-20 16:40:50", "elapsed": 8211.288785, "delta": 0.002939}}
{"target": -13.765702430816813, "params": {"colsample_bytree": 0.47646931845919127, "eta": 0.0864128804397871, "gamma": 557.3831249805027, "max_depth": 7.0, "min_child_weight": 4577.512576686437, "num_boost_round": 24.0, "subsample": 0.3057401207630499}, "datetime": {"datetime": "2024-01-20 16:40:50", "elapsed": 8211.291798, "delta": 0.003013}}
{"target": -13.767060422187972, "params": {"colsample_bytree": 0.47646931845919127, "eta": 0.0864128804397871, "gamma": 557.3831249805027, "max_depth": 7.0, "min_child_weight": 4577.512576686437, "num_boost_round": 25.0, "subsample": 0.3057401207630499}, "datetime": {"datetime": "2024-01-20 16:40:50", "elapsed": 8211.294699, "delta": 0.002901}}
{"target": -13.768099667345368, "params": {"colsample_bytree": 0.47646931845919127, "eta": 0.0864128804397871, "gamma": 557.3831249805027, "max_depth": 7.0, "min_child_weight": 4577.512576686437, "num_boost_round": 26.0, "subsample": 0.3057401207630499}, "datetime": {"datetime": "2024-01-20 16:40:50", "elapsed": 8211.297649, "delta": 0.00295}}
{"target": -13.769367699272042, "params": {"colsample_bytree": 0.47646931845919127, "eta": 0.0864128804397871, "gamma": 557.3831249805027, "max_depth": 7.0, "min_child_weight": 4577.512576686437, "num_boost_round": 27.0, "subsample": 0.3057401207630499}, "datetime": {"datetime": "2024-01-20 16:40:50", "elapsed": 8211.300678, "delta": 0.003029}}
{"target": -13.769919208322758, "params": {"colsample_bytree": 0.47646931845919127, "eta": 0.0864128804397871, "gamma": 557.3831249805027, "max_depth": 7.0, "min_child_weight": 4577.512576686437, "num_boost_round": 28.0, "subsample": 0.3057401207630499}, "datetime": {"datetime": "2024-01-20 16:40:50", "elapsed": 8211.303621, "delta": 0.002943}}
{"target": -13.770430903190778, "params": {"colsample_bytree": 0.47646931845919127, "eta": 0.0864128804397871, "gamma": 557.3831249805027, "max_depth": 7.0, "min_child_weight": 4577.512576686437, "num_boost_round": 29.0, "subsample": 0.3057401207630499}, "datetime": {"datetime": "2024-01-20 16:40:50", "elapsed": 8211.306553, "delta": 0.002932}}
{"target": -13.771122053615937, "params": {"colsample_bytree": 0.47646931845919127, "eta": 0.0864128804397871, "gamma": 557.3831249805027, "max_depth": 7.0, "min_child_weight": 4577.512576686437, "num_boost_round": 30.0, "subsample": 0.3057401207630499}, "datetime": {"datetime": "2024-01-20 16:40:50", "elapsed": 8211.309475, "delta": 0.002922}}
{"target": -13.771441716309793, "params": {"colsample_bytree": 0.47646931845919127, "eta": 0.0864128804397871, "gamma": 557.3831249805027, "max_depth": 7.0, "min_child_weight": 4577.512576686437, "num_boost_round": 31.0, "subsample": 0.3057401207630499}, "datetime": {"datetime": "2024-01-20 16:40:50", "elapsed": 8211.312434, "delta": 0.002959}}
