{"target": -13.497145496922538, "params": {"colsample_bytree": 0.6494554715749562, "eta": 0.00783977978158051, "gamma": 587.1672847918268, "max_depth": 5.0, "min_child_weight": 3823.7341416723257, "num_boost_round": 10.0, "subsample": 0.38966156011451547}, "datetime": {"datetime": "2024-01-20 17:17:22", "elapsed": 10395.76448, "delta": 0.007235}}
{"target": -13.497091934640267, "params": {"colsample_bytree": 0.6494554715749562, "eta": 0.00783977978158051, "gamma": 587.1672847918268, "max_depth": 5.0, "min_child_weight": 3823.7341416723257, "num_boost_round": 11.0, "subsample": 0.38966156011451547}, "datetime": {"datetime": "2024-01-20 17:17:22", "elapsed": 10395.771666, "delta": 0.007186}}
{"target": -13.49704522838607, "params": {"colsample_bytree": 0.6494554715749562, "eta": 0.00783977978158051, "gamma": 587.1672847918268, "max_depth": 5.0, "min_child_weight": 3823.7341416723257, "num_boost_round": 12.0, "subsample": 0.38966156011451547}, "datetime": {"datetime": "2024-01-20 17:17:22", "elapsed": 10395.778883, "delta": 0.007217}}
{"target": -13.49700077268739, "params": {"colsample_bytree": 0.6494554715749562, "eta": 0.00783977978158051, "gamma": 587.1672847918268, "max_depth": 5.0, "min_child_weight": 3823.7341416723257, "num_boost_round": 13.0, "subsample": 0.38966156011451547}, "datetime": {"datetime": "2024-01-20 17:17:22", "elapsed": 10395.786252, "delta": 0.007369}}
{"target": -13.496940024939338, "params": {"colsample_bytree": 0.6494554715749562, "eta": 0.00783977978158051, "gamma": 587.1672847918268, "max_depth": 5.0, "min_child_weight": 3823.7341416723257, "num_boost_round": 14.0, "subsample": 0.38966156011451547}, "datetime": {"datetime": "2024-01-20 17:17:22", "elapsed": 10395.793604, "delta": 0.007352}}
{"target": -13.496901310763775, "params": {"colsample_bytree": 0.6494554715749562, "eta": 0.00783977978158051, "gamma": 587.1672847918268, "max_depth": 5.0, "min_child_weight": 3823.7341416723257, "num_boost_round": 15.0, "subsample": 0.38966156011451547}, "datetime": {"datetime": "2024-01-20 17:17:22", "elapsed": 10395.800768, "delta": 0.007164}}
{"target": -13.496871038055877, "params": {"colsample_bytree": 0.6494554715749562, "eta": 0.00783977978158051, "gamma": 587.1672847918268, "max_depth": 5.0, "min_child_weight": 3823.7341416723257, "num_boost_round": 16.0, "subsample": 0.38966156011451547}, "datetime": {"datetime": "2024-01-20 17:17:22", "elapsed": 10395.807945, "delta": 0.007177}}
{"target": -13.496783702711912, "params": {"colsample_bytree": 0.6494554715749562, "eta": 0.00783977978158051, "gamma": 587.1672847918268, "max_depth": 5.0, "min_child_weight": 3823.7341416723257, "num_boost_round": 17.0, "subsample": 0.38966156011451547}, "datetime": {"datetime": "2024-01-20 17:17:22", "elapsed": 10395.815503, "delta": 0.007558}}
{"target": -13.496716587233124, "params": {"colsample_bytree": 0.6494554715749562, "eta": 0.00783977978158051, "gamma": 587.1672847918268, "max_depth": 5.0, "min_child_weight": 3823.7341416723257, "num_boost_round": 18.0, "subsample": 0.38966156011451547}, "datetime": {"datetime": "2024-01-20 17:17:22", "elapsed": 10395.822687, "delta": 0.007184}}
{"target": -13.496667024601914, "params": {"colsample_bytree": 0.6494554715749562, "eta": 0.00783977978158051, "gamma": 587.1672847918268, "max_depth": 5.0, "min_child_weight": 3823.7341416723257, "num_boost_round": 19.0, "subsample": 0.38966156011451547}, "datetime": {"datetime": "2024-01-20 17:17:22", "elapsed": 10395.830094, "delta": 0.007407}}
{"target": -13.497261550569997, "params": {"colsample_bytree": 0.8675101754246191, "eta": 0.03770333775392794, "gamma": 644.7123317823006, "max_depth": 7.0, "min_child_weight": 3819.210259675382, "num_boost_round": 1.0, "subsample": 0.4153266812992149}, "datetime": {"datetime": "2024-01-20 17:19:56", "elapsed": 10549.501597, "delta": 153.671503}}
{"target": -13.496989664072409, "params": {"colsample_bytree": 0.8675101754246191, "eta": 0.03770333775392794, "gamma": 644.7123317823006, "max_depth": 7.0, "min_child_weight": 3819.210259675382, "num_boost_round": 2.0, "subsample": 0.4153266812992149}, "datetime": {"datetime": "2024-01-20 17:19:56", "elapsed": 10549.510094, "delta": 0.008497}}
{"target": -13.496774960934623, "params": {"colsample_bytree": 0.8675101754246191, "eta": 0.03770333775392794, "gamma": 644.7123317823006, "max_depth": 7.0, "min_child_weight": 3819.210259675382, "num_boost_round": 3.0, "subsample": 0.4153266812992149}, "datetime": {"datetime": "2024-01-20 17:19:56", "elapsed": 10549.517399, "delta": 0.007305}}
{"target": -13.496567441312035, "params": {"colsample_bytree": 0.8675101754246191, "eta": 0.03770333775392794, "gamma": 644.7123317823006, "max_depth": 7.0, "min_child_weight": 3819.210259675382, "num_boost_round": 4.0, "subsample": 0.4153266812992149}, "datetime": {"datetime": "2024-01-20 17:19:56", "elapsed": 10549.524529, "delta": 0.00713}}
{"target": -13.49627953470225, "params": {"colsample_bytree": 0.8675101754246191, "eta": 0.03770333775392794, "gamma": 644.7123317823006, "max_depth": 7.0, "min_child_weight": 3819.210259675382, "num_boost_round": 5.0, "subsample": 0.4153266812992149}, "datetime": {"datetime": "2024-01-20 17:19:56", "elapsed": 10549.532274, "delta": 0.007745}}
{"target": -13.496140835681555, "params": {"colsample_bytree": 0.8675101754246191, "eta": 0.03770333775392794, "gamma": 644.7123317823006, "max_depth": 7.0, "min_child_weight": 3819.210259675382, "num_boost_round": 6.0, "subsample": 0.4153266812992149}, "datetime": {"datetime": "2024-01-20 17:19:56", "elapsed": 10549.539799, "delta": 0.007525}}
{"target": -13.49610183325343, "params": {"colsample_bytree": 0.8675101754246191, "eta": 0.03770333775392794, "gamma": 644.7123317823006, "max_depth": 7.0, "min_child_weight": 3819.210259675382, "num_boost_round": 7.0, "subsample": 0.4153266812992149}, "datetime": {"datetime": "2024-01-20 17:19:56", "elapsed": 10549.547082, "delta": 0.007283}}
{"target": -13.495775081826036, "params": {"colsample_bytree": 0.8675101754246191, "eta": 0.03770333775392794, "gamma": 644.7123317823006, "max_depth": 7.0, "min_child_weight": 3819.210259675382, "num_boost_round": 8.0, "subsample": 0.4153266812992149}, "datetime": {"datetime": "2024-01-20 17:19:56", "elapsed": 10549.554811, "delta": 0.007729}}
{"target": -13.495908407581453, "params": {"colsample_bytree": 0.8675101754246191, "eta": 0.03770333775392794, "gamma": 644.7123317823006, "max_depth": 7.0, "min_child_weight": 3819.210259675382, "num_boost_round": 9.0, "subsample": 0.4153266812992149}, "datetime": {"datetime": "2024-01-20 17:19:56", "elapsed": 10549.562207, "delta": 0.007396}}
{"target": -13.49596298595717, "params": {"colsample_bytree": 0.8675101754246191, "eta": 0.03770333775392794, "gamma": 644.7123317823006, "max_depth": 7.0, "min_child_weight": 3819.210259675382, "num_boost_round": 10.0, "subsample": 0.4153266812992149}, "datetime": {"datetime": "2024-01-20 17:19:56", "elapsed": 10549.569512, "delta": 0.007305}}
{"target": -13.496112449345418, "params": {"colsample_bytree": 0.8675101754246191, "eta": 0.03770333775392794, "gamma": 644.7123317823006, "max_depth": 7.0, "min_child_weight": 3819.210259675382, "num_boost_round": 11.0, "subsample": 0.4153266812992149}, "datetime": {"datetime": "2024-01-20 17:19:56", "elapsed": 10549.5768, "delta": 0.007288}}
{"target": -13.49619739471592, "params": {"colsample_bytree": 0.8675101754246191, "eta": 0.03770333775392794, "gamma": 644.7123317823006, "max_depth": 7.0, "min_child_weight": 3819.210259675382, "num_boost_round": 12.0, "subsample": 0.4153266812992149}, "datetime": {"datetime": "2024-01-20 17:19:56", "elapsed": 10549.584671, "delta": 0.007871}}
{"target": -13.497800888310362, "params": {"colsample_bytree": 0.6698749207637802, "eta": 0.02511442641407933, "gamma": 838.7992568183157, "max_depth": 2.0, "min_child_weight": 4756.741386054801, "num_boost_round": 1.0, "subsample": 0.9371218107215843}, "datetime": {"datetime": "2024-01-20 17:22:59", "elapsed": 10732.457044, "delta": 182.872373}}
{"target": -13.497744409866447, "params": {"colsample_bytree": 0.6698749207637802, "eta": 0.02511442641407933, "gamma": 838.7992568183157, "max_depth": 2.0, "min_child_weight": 4756.741386054801, "num_boost_round": 2.0, "subsample": 0.9371218107215843}, "datetime": {"datetime": "2024-01-20 17:22:59", "elapsed": 10732.464635, "delta": 0.007591}}
{"target": -13.497767666184918, "params": {"colsample_bytree": 0.6698749207637802, "eta": 0.02511442641407933, "gamma": 838.7992568183157, "max_depth": 2.0, "min_child_weight": 4756.741386054801, "num_boost_round": 3.0, "subsample": 0.9371218107215843}, "datetime": {"datetime": "2024-01-20 17:22:59", "elapsed": 10732.471909, "delta": 0.007274}}
{"target": -13.497739118786816, "params": {"colsample_bytree": 0.6698749207637802, "eta": 0.02511442641407933, "gamma": 838.7992568183157, "max_depth": 2.0, "min_child_weight": 4756.741386054801, "num_boost_round": 4.0, "subsample": 0.9371218107215843}, "datetime": {"datetime": "2024-01-20 17:22:59", "elapsed": 10732.479141, "delta": 0.007232}}
{"target": -13.497749065122417, "params": {"colsample_bytree": 0.6698749207637802, "eta": 0.02511442641407933, "gamma": 838.7992568183157, "max_depth": 2.0, "min_child_weight": 4756.741386054801, "num_boost_round": 5.0, "subsample": 0.9371218107215843}, "datetime": {"datetime": "2024-01-20 17:22:59", "elapsed": 10732.486145, "delta": 0.007004}}
{"target": -13.497742569417156, "params": {"colsample_bytree": 0.6698749207637802, "eta": 0.02511442641407933, "gamma": 838.7992568183157, "max_depth": 2.0, "min_child_weight": 4756.741386054801, "num_boost_round": 6.0, "subsample": 0.9371218107215843}, "datetime": {"datetime": "2024-01-20 17:22:59", "elapsed": 10732.493298, "delta": 0.007153}}
{"target": -13.49783057563796, "params": {"colsample_bytree": 0.6698749207637802, "eta": 0.02511442641407933, "gamma": 838.7992568183157, "max_depth": 2.0, "min_child_weight": 4756.741386054801, "num_boost_round": 7.0, "subsample": 0.9371218107215843}, "datetime": {"datetime": "2024-01-20 17:22:59", "elapsed": 10732.500251, "delta": 0.006953}}
{"target": -13.497836602840747, "params": {"colsample_bytree": 0.6698749207637802, "eta": 0.02511442641407933, "gamma": 838.7992568183157, "max_depth": 2.0, "min_child_weight": 4756.741386054801, "num_boost_round": 8.0, "subsample": 0.9371218107215843}, "datetime": {"datetime": "2024-01-20 17:22:59", "elapsed": 10732.507487, "delta": 0.007236}}
{"target": -13.497868505534727, "params": {"colsample_bytree": 0.6698749207637802, "eta": 0.02511442641407933, "gamma": 838.7992568183157, "max_depth": 2.0, "min_child_weight": 4756.741386054801, "num_boost_round": 9.0, "subsample": 0.9371218107215843}, "datetime": {"datetime": "2024-01-20 17:22:59", "elapsed": 10732.515008, "delta": 0.007521}}
{"target": -13.497909769408007, "params": {"colsample_bytree": 0.6698749207637802, "eta": 0.02511442641407933, "gamma": 838.7992568183157, "max_depth": 2.0, "min_child_weight": 4756.741386054801, "num_boost_round": 10.0, "subsample": 0.9371218107215843}, "datetime": {"datetime": "2024-01-20 17:22:59", "elapsed": 10732.525748, "delta": 0.01074}}
{"target": -13.497746673936287, "params": {"colsample_bytree": 0.17360607392176092, "eta": 0.05920349815018227, "gamma": 610.7519796723656, "max_depth": 6.0, "min_child_weight": 3787.6630852295675, "num_boost_round": 1.0, "subsample": 0.8683151531367612}, "datetime": {"datetime": "2024-01-20 17:25:16", "elapsed": 10869.581969, "delta": 137.056221}}
{"target": -13.497854824499754, "params": {"colsample_bytree": 0.17360607392176092, "eta": 0.05920349815018227, "gamma": 610.7519796723656, "max_depth": 6.0, "min_child_weight": 3787.6630852295675, "num_boost_round": 2.0, "subsample": 0.8683151531367612}, "datetime": {"datetime": "2024-01-20 17:25:16", "elapsed": 10869.590756, "delta": 0.008787}}
{"target": -13.497661148636663, "params": {"colsample_bytree": 0.17360607392176092, "eta": 0.05920349815018227, "gamma": 610.7519796723656, "max_depth": 6.0, "min_child_weight": 3787.6630852295675, "num_boost_round": 3.0, "subsample": 0.8683151531367612}, "datetime": {"datetime": "2024-01-20 17:25:16", "elapsed": 10869.602186, "delta": 0.01143}}
{"target": -13.49785663769785, "params": {"colsample_bytree": 0.17360607392176092, "eta": 0.05920349815018227, "gamma": 610.7519796723656, "max_depth": 6.0, "min_child_weight": 3787.6630852295675, "num_boost_round": 4.0, "subsample": 0.8683151531367612}, "datetime": {"datetime": "2024-01-20 17:25:16", "elapsed": 10869.614731, "delta": 0.012545}}
{"target": -13.497980466983602, "params": {"colsample_bytree": 0.17360607392176092, "eta": 0.05920349815018227, "gamma": 610.7519796723656, "max_depth": 6.0, "min_child_weight": 3787.6630852295675, "num_boost_round": 5.0, "subsample": 0.8683151531367612}, "datetime": {"datetime": "2024-01-20 17:25:16", "elapsed": 10869.6232, "delta": 0.008469}}
{"target": -13.498031892145725, "params": {"colsample_bytree": 0.17360607392176092, "eta": 0.05920349815018227, "gamma": 610.7519796723656, "max_depth": 6.0, "min_child_weight": 3787.6630852295675, "num_boost_round": 6.0, "subsample": 0.8683151531367612}, "datetime": {"datetime": "2024-01-20 17:25:16", "elapsed": 10869.631307, "delta": 0.008107}}
{"target": -13.498279251538612, "params": {"colsample_bytree": 0.17360607392176092, "eta": 0.05920349815018227, "gamma": 610.7519796723656, "max_depth": 6.0, "min_child_weight": 3787.6630852295675, "num_boost_round": 7.0, "subsample": 0.8683151531367612}, "datetime": {"datetime": "2024-01-20 17:25:16", "elapsed": 10869.638802, "delta": 0.007495}}
{"target": -13.498374856969308, "params": {"colsample_bytree": 0.17360607392176092, "eta": 0.05920349815018227, "gamma": 610.7519796723656, "max_depth": 6.0, "min_child_weight": 3787.6630852295675, "num_boost_round": 8.0, "subsample": 0.8683151531367612}, "datetime": {"datetime": "2024-01-20 17:25:16", "elapsed": 10869.645921, "delta": 0.007119}}
{"target": -13.497838093777798, "params": {"colsample_bytree": 0.44902327746250614, "eta": 0.09879155049615772, "gamma": 893.7944374067737, "max_depth": 2.0, "min_child_weight": 4760.164795171731, "num_boost_round": 1.0, "subsample": 0.23832861789879978}, "datetime": {"datetime": "2024-01-20 17:28:44", "elapsed": 11078.205257, "delta": 208.559336}}
{"target": -13.497010134872312, "params": {"colsample_bytree": 0.44902327746250614, "eta": 0.09879155049615772, "gamma": 893.7944374067737, "max_depth": 2.0, "min_child_weight": 4760.164795171731, "num_boost_round": 2.0, "subsample": 0.23832861789879978}, "datetime": {"datetime": "2024-01-20 17:28:44", "elapsed": 11078.213694, "delta": 0.008437}}
{"target": -13.496772854290139, "params": {"colsample_bytree": 0.44902327746250614, "eta": 0.09879155049615772, "gamma": 893.7944374067737, "max_depth": 2.0, "min_child_weight": 4760.164795171731, "num_boost_round": 3.0, "subsample": 0.23832861789879978}, "datetime": {"datetime": "2024-01-20 17:28:44", "elapsed": 11078.221413, "delta": 0.007719}}
{"target": -13.496710498752432, "params": {"colsample_bytree": 0.44902327746250614, "eta": 0.09879155049615772, "gamma": 893.7944374067737, "max_depth": 2.0, "min_child_weight": 4760.164795171731, "num_boost_round": 4.0, "subsample": 0.23832861789879978}, "datetime": {"datetime": "2024-01-20 17:28:44", "elapsed": 11078.228807, "delta": 0.007394}}
{"target": -13.496039961777178, "params": {"colsample_bytree": 0.44902327746250614, "eta": 0.09879155049615772, "gamma": 893.7944374067737, "max_depth": 2.0, "min_child_weight": 4760.164795171731, "num_boost_round": 5.0, "subsample": 0.23832861789879978}, "datetime": {"datetime": "2024-01-20 17:28:44", "elapsed": 11078.236418, "delta": 0.007611}}
{"target": -13.495745423864227, "params": {"colsample_bytree": 0.44902327746250614, "eta": 0.09879155049615772, "gamma": 893.7944374067737, "max_depth": 2.0, "min_child_weight": 4760.164795171731, "num_boost_round": 6.0, "subsample": 0.23832861789879978}, "datetime": {"datetime": "2024-01-20 17:28:44", "elapsed": 11078.243797, "delta": 0.007379}}
{"target": -13.495685349224885, "params": {"colsample_bytree": 0.44902327746250614, "eta": 0.09879155049615772, "gamma": 893.7944374067737, "max_depth": 2.0, "min_child_weight": 4760.164795171731, "num_boost_round": 7.0, "subsample": 0.23832861789879978}, "datetime": {"datetime": "2024-01-20 17:28:44", "elapsed": 11078.251304, "delta": 0.007507}}
{"target": -13.495316473270275, "params": {"colsample_bytree": 0.44902327746250614, "eta": 0.09879155049615772, "gamma": 893.7944374067737, "max_depth": 2.0, "min_child_weight": 4760.164795171731, "num_boost_round": 8.0, "subsample": 0.23832861789879978}, "datetime": {"datetime": "2024-01-20 17:28:44", "elapsed": 11078.258387, "delta": 0.007083}}
{"target": -13.495227932281486, "params": {"colsample_bytree": 0.44902327746250614, "eta": 0.09879155049615772, "gamma": 893.7944374067737, "max_depth": 2.0, "min_child_weight": 4760.164795171731, "num_boost_round": 9.0, "subsample": 0.23832861789879978}, "datetime": {"datetime": "2024-01-20 17:28:44", "elapsed": 11078.265434, "delta": 0.007047}}
{"target": -13.495214656147052, "params": {"colsample_bytree": 0.44902327746250614, "eta": 0.09879155049615772, "gamma": 893.7944374067737, "max_depth": 2.0, "min_child_weight": 4760.164795171731, "num_boost_round": 10.0, "subsample": 0.23832861789879978}, "datetime": {"datetime": "2024-01-20 17:28:44", "elapsed": 11078.272996, "delta": 0.007562}}
{"target": -13.495219046739958, "params": {"colsample_bytree": 0.44902327746250614, "eta": 0.09879155049615772, "gamma": 893.7944374067737, "max_depth": 2.0, "min_child_weight": 4760.164795171731, "num_boost_round": 11.0, "subsample": 0.23832861789879978}, "datetime": {"datetime": "2024-01-20 17:28:44", "elapsed": 11078.280088, "delta": 0.007092}}
{"target": -13.49507364093092, "params": {"colsample_bytree": 0.44902327746250614, "eta": 0.09879155049615772, "gamma": 893.7944374067737, "max_depth": 2.0, "min_child_weight": 4760.164795171731, "num_boost_round": 12.0, "subsample": 0.23832861789879978}, "datetime": {"datetime": "2024-01-20 17:28:44", "elapsed": 11078.287185, "delta": 0.007097}}
{"target": -13.495108093026067, "params": {"colsample_bytree": 0.44902327746250614, "eta": 0.09879155049615772, "gamma": 893.7944374067737, "max_depth": 2.0, "min_child_weight": 4760.164795171731, "num_boost_round": 13.0, "subsample": 0.23832861789879978}, "datetime": {"datetime": "2024-01-20 17:28:44", "elapsed": 11078.294682, "delta": 0.007497}}
{"target": -13.495046812797877, "params": {"colsample_bytree": 0.44902327746250614, "eta": 0.09879155049615772, "gamma": 893.7944374067737, "max_depth": 2.0, "min_child_weight": 4760.164795171731, "num_boost_round": 14.0, "subsample": 0.23832861789879978}, "datetime": {"datetime": "2024-01-20 17:28:44", "elapsed": 11078.306218, "delta": 0.011536}}
{"target": -13.494995269697643, "params": {"colsample_bytree": 0.44902327746250614, "eta": 0.09879155049615772, "gamma": 893.7944374067737, "max_depth": 2.0, "min_child_weight": 4760.164795171731, "num_boost_round": 15.0, "subsample": 0.23832861789879978}, "datetime": {"datetime": "2024-01-20 17:28:44", "elapsed": 11078.317219, "delta": 0.011001}}
{"target": -13.494870530207507, "params": {"colsample_bytree": 0.44902327746250614, "eta": 0.09879155049615772, "gamma": 893.7944374067737, "max_depth": 2.0, "min_child_weight": 4760.164795171731, "num_boost_round": 16.0, "subsample": 0.23832861789879978}, "datetime": {"datetime": "2024-01-20 17:28:44", "elapsed": 11078.325563, "delta": 0.008344}}
{"target": -13.494808580684476, "params": {"colsample_bytree": 0.44902327746250614, "eta": 0.09879155049615772, "gamma": 893.7944374067737, "max_depth": 2.0, "min_child_weight": 4760.164795171731, "num_boost_round": 17.0, "subsample": 0.23832861789879978}, "datetime": {"datetime": "2024-01-20 17:28:44", "elapsed": 11078.333059, "delta": 0.007496}}
{"target": -13.494789001223111, "params": {"colsample_bytree": 0.44902327746250614, "eta": 0.09879155049615772, "gamma": 893.7944374067737, "max_depth": 2.0, "min_child_weight": 4760.164795171731, "num_boost_round": 18.0, "subsample": 0.23832861789879978}, "datetime": {"datetime": "2024-01-20 17:28:44", "elapsed": 11078.340469, "delta": 0.00741}}
{"target": -13.494779832538637, "params": {"colsample_bytree": 0.44902327746250614, "eta": 0.09879155049615772, "gamma": 893.7944374067737, "max_depth": 2.0, "min_child_weight": 4760.164795171731, "num_boost_round": 19.0, "subsample": 0.23832861789879978}, "datetime": {"datetime": "2024-01-20 17:28:44", "elapsed": 11078.34801, "delta": 0.007541}}
{"target": -13.494931894819484, "params": {"colsample_bytree": 0.44902327746250614, "eta": 0.09879155049615772, "gamma": 893.7944374067737, "max_depth": 2.0, "min_child_weight": 4760.164795171731, "num_boost_round": 20.0, "subsample": 0.23832861789879978}, "datetime": {"datetime": "2024-01-20 17:28:44", "elapsed": 11078.355078, "delta": 0.007068}}
{"target": -13.49500605126653, "params": {"colsample_bytree": 0.44902327746250614, "eta": 0.09879155049615772, "gamma": 893.7944374067737, "max_depth": 2.0, "min_child_weight": 4760.164795171731, "num_boost_round": 21.0, "subsample": 0.23832861789879978}, "datetime": {"datetime": "2024-01-20 17:28:44", "elapsed": 11078.362122, "delta": 0.007044}}
{"target": -13.495016192988983, "params": {"colsample_bytree": 0.44902327746250614, "eta": 0.09879155049615772, "gamma": 893.7944374067737, "max_depth": 2.0, "min_child_weight": 4760.164795171731, "num_boost_round": 22.0, "subsample": 0.23832861789879978}, "datetime": {"datetime": "2024-01-20 17:28:45", "elapsed": 11078.68496, "delta": 0.322838}}
{"target": -13.494821681072747, "params": {"colsample_bytree": 0.44902327746250614, "eta": 0.09879155049615772, "gamma": 893.7944374067737, "max_depth": 2.0, "min_child_weight": 4760.164795171731, "num_boost_round": 23.0, "subsample": 0.23832861789879978}, "datetime": {"datetime": "2024-01-20 17:28:45", "elapsed": 11078.694336, "delta": 0.009376}}
