{"target": -12.347299915156448, "params": {"colsample_bytree": 0.7416551857515208, "eta": 0.0048247121495258475, "gamma": 500.4593182721926, "max_depth": 3.0, "min_child_weight": 4212.4338590288735, "num_boost_round": 82.0, "subsample": 0.5727449598570484}, "datetime": {"datetime": "2024-01-20 16:41:01", "elapsed": 8228.048353, "delta": 0.009221}}
{"target": -12.347153900935433, "params": {"colsample_bytree": 0.7416551857515208, "eta": 0.0048247121495258475, "gamma": 500.4593182721926, "max_depth": 3.0, "min_child_weight": 4212.4338590288735, "num_boost_round": 83.0, "subsample": 0.5727449598570484}, "datetime": {"datetime": "2024-01-20 16:41:01", "elapsed": 8228.056206, "delta": 0.007853}}
{"target": -12.347103116808501, "params": {"colsample_bytree": 0.7416551857515208, "eta": 0.0048247121495258475, "gamma": 500.4593182721926, "max_depth": 3.0, "min_child_weight": 4212.4338590288735, "num_boost_round": 84.0, "subsample": 0.5727449598570484}, "datetime": {"datetime": "2024-01-20 16:41:01", "elapsed": 8228.06336, "delta": 0.007154}}
{"target": -12.346977143161869, "params": {"colsample_bytree": 0.7416551857515208, "eta": 0.0048247121495258475, "gamma": 500.4593182721926, "max_depth": 3.0, "min_child_weight": 4212.4338590288735, "num_boost_round": 85.0, "subsample": 0.5727449598570484}, "datetime": {"datetime": "2024-01-20 16:41:01", "elapsed": 8228.070246, "delta": 0.006886}}
{"target": -12.346925747019075, "params": {"colsample_bytree": 0.7416551857515208, "eta": 0.0048247121495258475, "gamma": 500.4593182721926, "max_depth": 3.0, "min_child_weight": 4212.4338590288735, "num_boost_round": 86.0, "subsample": 0.5727449598570484}, "datetime": {"datetime": "2024-01-20 16:41:01", "elapsed": 8228.077052, "delta": 0.006806}}
{"target": -12.346982775512743, "params": {"colsample_bytree": 0.7416551857515208, "eta": 0.0048247121495258475, "gamma": 500.4593182721926, "max_depth": 3.0, "min_child_weight": 4212.4338590288735, "num_boost_round": 87.0, "subsample": 0.5727449598570484}, "datetime": {"datetime": "2024-01-20 16:41:01", "elapsed": 8228.084199, "delta": 0.007147}}
{"target": -12.346925343802573, "params": {"colsample_bytree": 0.7416551857515208, "eta": 0.0048247121495258475, "gamma": 500.4593182721926, "max_depth": 3.0, "min_child_weight": 4212.4338590288735, "num_boost_round": 88.0, "subsample": 0.5727449598570484}, "datetime": {"datetime": "2024-01-20 16:41:01", "elapsed": 8228.091257, "delta": 0.007058}}
{"target": -12.346782604674047, "params": {"colsample_bytree": 0.7416551857515208, "eta": 0.0048247121495258475, "gamma": 500.4593182721926, "max_depth": 3.0, "min_child_weight": 4212.4338590288735, "num_boost_round": 89.0, "subsample": 0.5727449598570484}, "datetime": {"datetime": "2024-01-20 16:41:01", "elapsed": 8228.098158, "delta": 0.006901}}
{"target": -12.346794697223075, "params": {"colsample_bytree": 0.7416551857515208, "eta": 0.0048247121495258475, "gamma": 500.4593182721926, "max_depth": 3.0, "min_child_weight": 4212.4338590288735, "num_boost_round": 90.0, "subsample": 0.5727449598570484}, "datetime": {"datetime": "2024-01-20 16:41:01", "elapsed": 8228.105013, "delta": 0.006855}}
{"target": -12.346654065174874, "params": {"colsample_bytree": 0.7416551857515208, "eta": 0.0048247121495258475, "gamma": 500.4593182721926, "max_depth": 3.0, "min_child_weight": 4212.4338590288735, "num_boost_round": 91.0, "subsample": 0.5727449598570484}, "datetime": {"datetime": "2024-01-20 16:41:01", "elapsed": 8228.111852, "delta": 0.006839}}
{"target": -12.346602157876829, "params": {"colsample_bytree": 0.7416551857515208, "eta": 0.0048247121495258475, "gamma": 500.4593182721926, "max_depth": 3.0, "min_child_weight": 4212.4338590288735, "num_boost_round": 92.0, "subsample": 0.5727449598570484}, "datetime": {"datetime": "2024-01-20 16:41:01", "elapsed": 8228.11937, "delta": 0.007518}}
{"target": -12.34649453891521, "params": {"colsample_bytree": 0.7416551857515208, "eta": 0.0048247121495258475, "gamma": 500.4593182721926, "max_depth": 3.0, "min_child_weight": 4212.4338590288735, "num_boost_round": 93.0, "subsample": 0.5727449598570484}, "datetime": {"datetime": "2024-01-20 16:41:01", "elapsed": 8228.127016, "delta": 0.007646}}
{"target": -12.346375632685334, "params": {"colsample_bytree": 0.7416551857515208, "eta": 0.0048247121495258475, "gamma": 500.4593182721926, "max_depth": 3.0, "min_child_weight": 4212.4338590288735, "num_boost_round": 94.0, "subsample": 0.5727449598570484}, "datetime": {"datetime": "2024-01-20 16:41:01", "elapsed": 8228.134986, "delta": 0.00797}}
{"target": -12.346331842386938, "params": {"colsample_bytree": 0.7416551857515208, "eta": 0.0048247121495258475, "gamma": 500.4593182721926, "max_depth": 3.0, "min_child_weight": 4212.4338590288735, "num_boost_round": 95.0, "subsample": 0.5727449598570484}, "datetime": {"datetime": "2024-01-20 16:41:01", "elapsed": 8228.142344, "delta": 0.007358}}
{"target": -12.346200052314686, "params": {"colsample_bytree": 0.7416551857515208, "eta": 0.0048247121495258475, "gamma": 500.4593182721926, "max_depth": 3.0, "min_child_weight": 4212.4338590288735, "num_boost_round": 96.0, "subsample": 0.5727449598570484}, "datetime": {"datetime": "2024-01-20 16:41:01", "elapsed": 8228.149539, "delta": 0.007195}}
{"target": -12.346065347860126, "params": {"colsample_bytree": 0.7416551857515208, "eta": 0.0048247121495258475, "gamma": 500.4593182721926, "max_depth": 3.0, "min_child_weight": 4212.4338590288735, "num_boost_round": 97.0, "subsample": 0.5727449598570484}, "datetime": {"datetime": "2024-01-20 16:41:01", "elapsed": 8228.15668, "delta": 0.007141}}
{"target": -12.346009457189776, "params": {"colsample_bytree": 0.7416551857515208, "eta": 0.0048247121495258475, "gamma": 500.4593182721926, "max_depth": 3.0, "min_child_weight": 4212.4338590288735, "num_boost_round": 98.0, "subsample": 0.5727449598570484}, "datetime": {"datetime": "2024-01-20 16:41:01", "elapsed": 8228.164139, "delta": 0.007459}}
{"target": -12.34587850009179, "params": {"colsample_bytree": 0.7416551857515208, "eta": 0.0048247121495258475, "gamma": 500.4593182721926, "max_depth": 3.0, "min_child_weight": 4212.4338590288735, "num_boost_round": 99.0, "subsample": 0.5727449598570484}, "datetime": {"datetime": "2024-01-20 16:41:01", "elapsed": 8228.171331, "delta": 0.007192}}
{"target": -12.345765112472893, "params": {"colsample_bytree": 0.7416551857515208, "eta": 0.0048247121495258475, "gamma": 500.4593182721926, "max_depth": 3.0, "min_child_weight": 4212.4338590288735, "num_boost_round": 100.0, "subsample": 0.5727449598570484}, "datetime": {"datetime": "2024-01-20 16:41:01", "elapsed": 8228.178404, "delta": 0.007073}}
{"target": -12.345653655120135, "params": {"colsample_bytree": 0.7416551857515208, "eta": 0.0048247121495258475, "gamma": 500.4593182721926, "max_depth": 3.0, "min_child_weight": 4212.4338590288735, "num_boost_round": 101.0, "subsample": 0.5727449598570484}, "datetime": {"datetime": "2024-01-20 16:41:01", "elapsed": 8228.185342, "delta": 0.006938}}
{"target": -12.345527979341323, "params": {"colsample_bytree": 0.7416551857515208, "eta": 0.0048247121495258475, "gamma": 500.4593182721926, "max_depth": 3.0, "min_child_weight": 4212.4338590288735, "num_boost_round": 102.0, "subsample": 0.5727449598570484}, "datetime": {"datetime": "2024-01-20 16:41:01", "elapsed": 8228.193018, "delta": 0.007676}}
{"target": -12.345405042189551, "params": {"colsample_bytree": 0.7416551857515208, "eta": 0.0048247121495258475, "gamma": 500.4593182721926, "max_depth": 3.0, "min_child_weight": 4212.4338590288735, "num_boost_round": 103.0, "subsample": 0.5727449598570484}, "datetime": {"datetime": "2024-01-20 16:41:01", "elapsed": 8228.20017, "delta": 0.007152}}
{"target": -12.34529322540472, "params": {"colsample_bytree": 0.7416551857515208, "eta": 0.0048247121495258475, "gamma": 500.4593182721926, "max_depth": 3.0, "min_child_weight": 4212.4338590288735, "num_boost_round": 104.0, "subsample": 0.5727449598570484}, "datetime": {"datetime": "2024-01-20 16:41:01", "elapsed": 8228.207617, "delta": 0.007447}}
{"target": -12.345239201700743, "params": {"colsample_bytree": 0.7416551857515208, "eta": 0.0048247121495258475, "gamma": 500.4593182721926, "max_depth": 3.0, "min_child_weight": 4212.4338590288735, "num_boost_round": 105.0, "subsample": 0.5727449598570484}, "datetime": {"datetime": "2024-01-20 16:41:01", "elapsed": 8228.214853, "delta": 0.007236}}
{"target": -12.345191982185968, "params": {"colsample_bytree": 0.7416551857515208, "eta": 0.0048247121495258475, "gamma": 500.4593182721926, "max_depth": 3.0, "min_child_weight": 4212.4338590288735, "num_boost_round": 106.0, "subsample": 0.5727449598570484}, "datetime": {"datetime": "2024-01-20 16:41:01", "elapsed": 8228.221901, "delta": 0.007048}}
{"target": -12.345092190426067, "params": {"colsample_bytree": 0.7416551857515208, "eta": 0.0048247121495258475, "gamma": 500.4593182721926, "max_depth": 3.0, "min_child_weight": 4212.4338590288735, "num_boost_round": 107.0, "subsample": 0.5727449598570484}, "datetime": {"datetime": "2024-01-20 16:41:01", "elapsed": 8228.228805, "delta": 0.006904}}
{"target": -12.345040283704389, "params": {"colsample_bytree": 0.7416551857515208, "eta": 0.0048247121495258475, "gamma": 500.4593182721926, "max_depth": 3.0, "min_child_weight": 4212.4338590288735, "num_boost_round": 108.0, "subsample": 0.5727449598570484}, "datetime": {"datetime": "2024-01-20 16:41:01", "elapsed": 8228.235753, "delta": 0.006948}}
{"target": -12.34499276375896, "params": {"colsample_bytree": 0.7416551857515208, "eta": 0.0048247121495258475, "gamma": 500.4593182721926, "max_depth": 3.0, "min_child_weight": 4212.4338590288735, "num_boost_round": 109.0, "subsample": 0.5727449598570484}, "datetime": {"datetime": "2024-01-20 16:41:01", "elapsed": 8228.243386, "delta": 0.007633}}
{"target": -12.345014917047077, "params": {"colsample_bytree": 0.7416551857515208, "eta": 0.0048247121495258475, "gamma": 500.4593182721926, "max_depth": 3.0, "min_child_weight": 4212.4338590288735, "num_boost_round": 110.0, "subsample": 0.5727449598570484}, "datetime": {"datetime": "2024-01-20 16:41:01", "elapsed": 8228.251007, "delta": 0.007621}}
{"target": -12.344908301755463, "params": {"colsample_bytree": 0.7416551857515208, "eta": 0.0048247121495258475, "gamma": 500.4593182721926, "max_depth": 3.0, "min_child_weight": 4212.4338590288735, "num_boost_round": 111.0, "subsample": 0.5727449598570484}, "datetime": {"datetime": "2024-01-20 16:41:01", "elapsed": 8228.258283, "delta": 0.007276}}
{"target": -12.344796152006213, "params": {"colsample_bytree": 0.7416551857515208, "eta": 0.0048247121495258475, "gamma": 500.4593182721926, "max_depth": 3.0, "min_child_weight": 4212.4338590288735, "num_boost_round": 112.0, "subsample": 0.5727449598570484}, "datetime": {"datetime": "2024-01-20 16:41:01", "elapsed": 8228.265254, "delta": 0.006971}}
{"target": -12.344749608129105, "params": {"colsample_bytree": 0.7416551857515208, "eta": 0.0048247121495258475, "gamma": 500.4593182721926, "max_depth": 3.0, "min_child_weight": 4212.4338590288735, "num_boost_round": 113.0, "subsample": 0.5727449598570484}, "datetime": {"datetime": "2024-01-20 16:41:01", "elapsed": 8228.272809, "delta": 0.007555}}
{"target": -12.344664812703408, "params": {"colsample_bytree": 0.7416551857515208, "eta": 0.0048247121495258475, "gamma": 500.4593182721926, "max_depth": 3.0, "min_child_weight": 4212.4338590288735, "num_boost_round": 114.0, "subsample": 0.5727449598570484}, "datetime": {"datetime": "2024-01-20 16:41:02", "elapsed": 8228.280804, "delta": 0.007995}}
{"target": -12.355782935384957, "params": {"colsample_bytree": 0.4418498479822146, "eta": 0.09725454685878912, "gamma": 500.128252568566, "max_depth": 3.0, "min_child_weight": 4253.805465907338, "num_boost_round": 1.0, "subsample": 0.9736337213589688}, "datetime": {"datetime": "2024-01-20 16:44:01", "elapsed": 8407.462064, "delta": 179.18126}}
{"target": -12.353685196652384, "params": {"colsample_bytree": 0.4418498479822146, "eta": 0.09725454685878912, "gamma": 500.128252568566, "max_depth": 3.0, "min_child_weight": 4253.805465907338, "num_boost_round": 2.0, "subsample": 0.9736337213589688}, "datetime": {"datetime": "2024-01-20 16:44:01", "elapsed": 8407.470928, "delta": 0.008864}}
{"target": -12.349696237159272, "params": {"colsample_bytree": 0.4418498479822146, "eta": 0.09725454685878912, "gamma": 500.128252568566, "max_depth": 3.0, "min_child_weight": 4253.805465907338, "num_boost_round": 3.0, "subsample": 0.9736337213589688}, "datetime": {"datetime": "2024-01-20 16:44:01", "elapsed": 8407.479977, "delta": 0.009049}}
{"target": -12.350695264669856, "params": {"colsample_bytree": 0.4418498479822146, "eta": 0.09725454685878912, "gamma": 500.128252568566, "max_depth": 3.0, "min_child_weight": 4253.805465907338, "num_boost_round": 4.0, "subsample": 0.9736337213589688}, "datetime": {"datetime": "2024-01-20 16:44:01", "elapsed": 8407.48867, "delta": 0.008693}}
{"target": -12.347192429524556, "params": {"colsample_bytree": 0.4418498479822146, "eta": 0.09725454685878912, "gamma": 500.128252568566, "max_depth": 3.0, "min_child_weight": 4253.805465907338, "num_boost_round": 5.0, "subsample": 0.9736337213589688}, "datetime": {"datetime": "2024-01-20 16:44:01", "elapsed": 8407.499463, "delta": 0.010793}}
{"target": -12.344807298310684, "params": {"colsample_bytree": 0.4418498479822146, "eta": 0.09725454685878912, "gamma": 500.128252568566, "max_depth": 3.0, "min_child_weight": 4253.805465907338, "num_boost_round": 6.0, "subsample": 0.9736337213589688}, "datetime": {"datetime": "2024-01-20 16:44:01", "elapsed": 8407.51093, "delta": 0.011467}}
{"target": -12.345573858065755, "params": {"colsample_bytree": 0.4418498479822146, "eta": 0.09725454685878912, "gamma": 500.128252568566, "max_depth": 3.0, "min_child_weight": 4253.805465907338, "num_boost_round": 7.0, "subsample": 0.9736337213589688}, "datetime": {"datetime": "2024-01-20 16:44:01", "elapsed": 8407.522315, "delta": 0.011385}}
{"target": -12.344850683374837, "params": {"colsample_bytree": 0.4418498479822146, "eta": 0.09725454685878912, "gamma": 500.128252568566, "max_depth": 3.0, "min_child_weight": 4253.805465907338, "num_boost_round": 8.0, "subsample": 0.9736337213589688}, "datetime": {"datetime": "2024-01-20 16:44:01", "elapsed": 8407.530876, "delta": 0.008561}}
{"target": -12.345162636925192, "params": {"colsample_bytree": 0.4418498479822146, "eta": 0.09725454685878912, "gamma": 500.128252568566, "max_depth": 3.0, "min_child_weight": 4253.805465907338, "num_boost_round": 9.0, "subsample": 0.9736337213589688}, "datetime": {"datetime": "2024-01-20 16:44:01", "elapsed": 8407.538774, "delta": 0.007898}}
{"target": -12.344696353814115, "params": {"colsample_bytree": 0.4418498479822146, "eta": 0.09725454685878912, "gamma": 500.128252568566, "max_depth": 3.0, "min_child_weight": 4253.805465907338, "num_boost_round": 10.0, "subsample": 0.9736337213589688}, "datetime": {"datetime": "2024-01-20 16:44:01", "elapsed": 8407.547167, "delta": 0.008393}}
{"target": -12.343882909430242, "params": {"colsample_bytree": 0.4418498479822146, "eta": 0.09725454685878912, "gamma": 500.128252568566, "max_depth": 3.0, "min_child_weight": 4253.805465907338, "num_boost_round": 11.0, "subsample": 0.9736337213589688}, "datetime": {"datetime": "2024-01-20 16:44:01", "elapsed": 8407.556417, "delta": 0.00925}}
{"target": -12.343899458394558, "params": {"colsample_bytree": 0.4418498479822146, "eta": 0.09725454685878912, "gamma": 500.128252568566, "max_depth": 3.0, "min_child_weight": 4253.805465907338, "num_boost_round": 12.0, "subsample": 0.9736337213589688}, "datetime": {"datetime": "2024-01-20 16:44:01", "elapsed": 8407.565245, "delta": 0.008828}}
{"target": -12.344909048517634, "params": {"colsample_bytree": 0.4418498479822146, "eta": 0.09725454685878912, "gamma": 500.128252568566, "max_depth": 3.0, "min_child_weight": 4253.805465907338, "num_boost_round": 13.0, "subsample": 0.9736337213589688}, "datetime": {"datetime": "2024-01-20 16:44:01", "elapsed": 8407.573788, "delta": 0.008543}}
{"target": -12.344125877185412, "params": {"colsample_bytree": 0.4418498479822146, "eta": 0.09725454685878912, "gamma": 500.128252568566, "max_depth": 3.0, "min_child_weight": 4253.805465907338, "num_boost_round": 14.0, "subsample": 0.9736337213589688}, "datetime": {"datetime": "2024-01-20 16:44:01", "elapsed": 8407.582577, "delta": 0.008789}}
{"target": -12.343362118669363, "params": {"colsample_bytree": 0.4418498479822146, "eta": 0.09725454685878912, "gamma": 500.128252568566, "max_depth": 3.0, "min_child_weight": 4253.805465907338, "num_boost_round": 15.0, "subsample": 0.9736337213589688}, "datetime": {"datetime": "2024-01-20 16:44:01", "elapsed": 8407.59142, "delta": 0.008843}}
{"target": -12.34319268458307, "params": {"colsample_bytree": 0.4418498479822146, "eta": 0.09725454685878912, "gamma": 500.128252568566, "max_depth": 3.0, "min_child_weight": 4253.805465907338, "num_boost_round": 16.0, "subsample": 0.9736337213589688}, "datetime": {"datetime": "2024-01-20 16:44:01", "elapsed": 8407.600468, "delta": 0.009048}}
{"target": -12.343676257904288, "params": {"colsample_bytree": 0.4418498479822146, "eta": 0.09725454685878912, "gamma": 500.128252568566, "max_depth": 3.0, "min_child_weight": 4253.805465907338, "num_boost_round": 17.0, "subsample": 0.9736337213589688}, "datetime": {"datetime": "2024-01-20 16:44:01", "elapsed": 8407.609788, "delta": 0.00932}}
{"target": -12.343713035477604, "params": {"colsample_bytree": 0.4418498479822146, "eta": 0.09725454685878912, "gamma": 500.128252568566, "max_depth": 3.0, "min_child_weight": 4253.805465907338, "num_boost_round": 18.0, "subsample": 0.9736337213589688}, "datetime": {"datetime": "2024-01-20 16:44:01", "elapsed": 8407.620083, "delta": 0.010295}}
{"target": -12.343654605140015, "params": {"colsample_bytree": 0.4418498479822146, "eta": 0.09725454685878912, "gamma": 500.128252568566, "max_depth": 3.0, "min_child_weight": 4253.805465907338, "num_boost_round": 19.0, "subsample": 0.9736337213589688}, "datetime": {"datetime": "2024-01-20 16:44:01", "elapsed": 8407.632547, "delta": 0.012464}}
{"target": -12.34390201525974, "params": {"colsample_bytree": 0.4418498479822146, "eta": 0.09725454685878912, "gamma": 500.128252568566, "max_depth": 3.0, "min_child_weight": 4253.805465907338, "num_boost_round": 20.0, "subsample": 0.9736337213589688}, "datetime": {"datetime": "2024-01-20 16:44:01", "elapsed": 8407.641961, "delta": 0.009414}}
{"target": -12.344705521487562, "params": {"colsample_bytree": 0.4418498479822146, "eta": 0.09725454685878912, "gamma": 500.128252568566, "max_depth": 3.0, "min_child_weight": 4253.805465907338, "num_boost_round": 21.0, "subsample": 0.9736337213589688}, "datetime": {"datetime": "2024-01-20 16:44:01", "elapsed": 8407.649759, "delta": 0.007798}}
{"target": -12.345185034740883, "params": {"colsample_bytree": 0.4418498479822146, "eta": 0.09725454685878912, "gamma": 500.128252568566, "max_depth": 3.0, "min_child_weight": 4253.805465907338, "num_boost_round": 22.0, "subsample": 0.9736337213589688}, "datetime": {"datetime": "2024-01-20 16:44:01", "elapsed": 8407.657737, "delta": 0.007978}}
{"target": -12.344791399146402, "params": {"colsample_bytree": 0.4418498479822146, "eta": 0.09725454685878912, "gamma": 500.128252568566, "max_depth": 3.0, "min_child_weight": 4253.805465907338, "num_boost_round": 23.0, "subsample": 0.9736337213589688}, "datetime": {"datetime": "2024-01-20 16:44:01", "elapsed": 8407.666024, "delta": 0.008287}}
{"target": -12.345661920393358, "params": {"colsample_bytree": 0.4418498479822146, "eta": 0.09725454685878912, "gamma": 500.128252568566, "max_depth": 3.0, "min_child_weight": 4253.805465907338, "num_boost_round": 24.0, "subsample": 0.9736337213589688}, "datetime": {"datetime": "2024-01-20 16:44:01", "elapsed": 8407.674635, "delta": 0.008611}}
{"target": -12.345176538656236, "params": {"colsample_bytree": 0.4418498479822146, "eta": 0.09725454685878912, "gamma": 500.128252568566, "max_depth": 3.0, "min_child_weight": 4253.805465907338, "num_boost_round": 25.0, "subsample": 0.9736337213589688}, "datetime": {"datetime": "2024-01-20 16:44:01", "elapsed": 8407.682956, "delta": 0.008321}}
{"target": -12.34557070903588, "params": {"colsample_bytree": 0.4418498479822146, "eta": 0.09725454685878912, "gamma": 500.128252568566, "max_depth": 3.0, "min_child_weight": 4253.805465907338, "num_boost_round": 26.0, "subsample": 0.9736337213589688}, "datetime": {"datetime": "2024-01-20 16:44:01", "elapsed": 8407.691543, "delta": 0.008587}}
{"target": -12.346026490818364, "params": {"colsample_bytree": 0.4418498479822146, "eta": 0.09725454685878912, "gamma": 500.128252568566, "max_depth": 3.0, "min_child_weight": 4253.805465907338, "num_boost_round": 27.0, "subsample": 0.9736337213589688}, "datetime": {"datetime": "2024-01-20 16:44:01", "elapsed": 8407.700817, "delta": 0.009274}}
{"target": -12.345945871852711, "params": {"colsample_bytree": 0.4418498479822146, "eta": 0.09725454685878912, "gamma": 500.128252568566, "max_depth": 3.0, "min_child_weight": 4253.805465907338, "num_boost_round": 28.0, "subsample": 0.9736337213589688}, "datetime": {"datetime": "2024-01-20 16:44:01", "elapsed": 8407.709394, "delta": 0.008577}}
{"target": -12.345741021463855, "params": {"colsample_bytree": 0.4418498479822146, "eta": 0.09725454685878912, "gamma": 500.128252568566, "max_depth": 3.0, "min_child_weight": 4253.805465907338, "num_boost_round": 29.0, "subsample": 0.9736337213589688}, "datetime": {"datetime": "2024-01-20 16:44:01", "elapsed": 8407.718164, "delta": 0.00877}}
{"target": -12.345625445448169, "params": {"colsample_bytree": 0.4418498479822146, "eta": 0.09725454685878912, "gamma": 500.128252568566, "max_depth": 3.0, "min_child_weight": 4253.805465907338, "num_boost_round": 30.0, "subsample": 0.9736337213589688}, "datetime": {"datetime": "2024-01-20 16:44:01", "elapsed": 8407.72706, "delta": 0.008896}}
