{"target": -12.342694982257996, "params": {"colsample_bytree": 0.8842730465914018, "eta": 0.0446626045548152, "gamma": 544.8894608140728, "max_depth": 2.0, "min_child_weight": 4225.230519081447, "num_boost_round": 43.0, "subsample": 0.16711686994018424}, "datetime": {"datetime": "2024-01-20 14:43:13", "elapsed": 1159.956622, "delta": 0.002339}}
{"target": -12.34296538291019, "params": {"colsample_bytree": 0.8842730465914018, "eta": 0.0446626045548152, "gamma": 544.8894608140728, "max_depth": 2.0, "min_child_weight": 4225.230519081447, "num_boost_round": 44.0, "subsample": 0.16711686994018424}, "datetime": {"datetime": "2024-01-20 14:43:13", "elapsed": 1159.958899, "delta": 0.002277}}
{"target": -12.342961794798013, "params": {"colsample_bytree": 0.8842730465914018, "eta": 0.0446626045548152, "gamma": 544.8894608140728, "max_depth": 2.0, "min_child_weight": 4225.230519081447, "num_boost_round": 45.0, "subsample": 0.16711686994018424}, "datetime": {"datetime": "2024-01-20 14:43:13", "elapsed": 1159.961183, "delta": 0.002284}}
{"target": -12.343136243744816, "params": {"colsample_bytree": 0.8842730465914018, "eta": 0.0446626045548152, "gamma": 544.8894608140728, "max_depth": 2.0, "min_child_weight": 4225.230519081447, "num_boost_round": 46.0, "subsample": 0.16711686994018424}, "datetime": {"datetime": "2024-01-20 14:43:13", "elapsed": 1159.963517, "delta": 0.002334}}
{"target": -12.343143651701986, "params": {"colsample_bytree": 0.8842730465914018, "eta": 0.0446626045548152, "gamma": 544.8894608140728, "max_depth": 2.0, "min_child_weight": 4225.230519081447, "num_boost_round": 47.0, "subsample": 0.16711686994018424}, "datetime": {"datetime": "2024-01-20 14:43:13", "elapsed": 1159.965796, "delta": 0.002279}}
{"target": -12.343120668378958, "params": {"colsample_bytree": 0.8842730465914018, "eta": 0.0446626045548152, "gamma": 544.8894608140728, "max_depth": 2.0, "min_child_weight": 4225.230519081447, "num_boost_round": 48.0, "subsample": 0.16711686994018424}, "datetime": {"datetime": "2024-01-20 14:43:13", "elapsed": 1159.968063, "delta": 0.002267}}
{"target": -12.34319633368828, "params": {"colsample_bytree": 0.8842730465914018, "eta": 0.0446626045548152, "gamma": 544.8894608140728, "max_depth": 2.0, "min_child_weight": 4225.230519081447, "num_boost_round": 49.0, "subsample": 0.16711686994018424}, "datetime": {"datetime": "2024-01-20 14:43:13", "elapsed": 1159.970406, "delta": 0.002343}}
{"target": -12.343294905072607, "params": {"colsample_bytree": 0.8842730465914018, "eta": 0.0446626045548152, "gamma": 544.8894608140728, "max_depth": 2.0, "min_child_weight": 4225.230519081447, "num_boost_round": 50.0, "subsample": 0.16711686994018424}, "datetime": {"datetime": "2024-01-20 14:43:13", "elapsed": 1159.972692, "delta": 0.002286}}
{"target": -12.343473747994688, "params": {"colsample_bytree": 0.8842730465914018, "eta": 0.0446626045548152, "gamma": 544.8894608140728, "max_depth": 2.0, "min_child_weight": 4225.230519081447, "num_boost_round": 51.0, "subsample": 0.16711686994018424}, "datetime": {"datetime": "2024-01-20 14:43:13", "elapsed": 1159.974984, "delta": 0.002292}}
{"target": -12.343588653217752, "params": {"colsample_bytree": 0.8842730465914018, "eta": 0.0446626045548152, "gamma": 544.8894608140728, "max_depth": 2.0, "min_child_weight": 4225.230519081447, "num_boost_round": 52.0, "subsample": 0.16711686994018424}, "datetime": {"datetime": "2024-01-20 14:43:13", "elapsed": 1159.977328, "delta": 0.002344}}
{"target": -12.34373050893019, "params": {"colsample_bytree": 0.8842730465914018, "eta": 0.0446626045548152, "gamma": 544.8894608140728, "max_depth": 2.0, "min_child_weight": 4225.230519081447, "num_boost_round": 53.0, "subsample": 0.16711686994018424}, "datetime": {"datetime": "2024-01-20 14:43:13", "elapsed": 1159.979598, "delta": 0.00227}}
{"target": -12.343703124613329, "params": {"colsample_bytree": 0.8842730465914018, "eta": 0.0446626045548152, "gamma": 544.8894608140728, "max_depth": 2.0, "min_child_weight": 4225.230519081447, "num_boost_round": 54.0, "subsample": 0.16711686994018424}, "datetime": {"datetime": "2024-01-20 14:43:13", "elapsed": 1159.981902, "delta": 0.002304}}
{"target": -12.343761007042806, "params": {"colsample_bytree": 0.8842730465914018, "eta": 0.0446626045548152, "gamma": 544.8894608140728, "max_depth": 2.0, "min_child_weight": 4225.230519081447, "num_boost_round": 55.0, "subsample": 0.16711686994018424}, "datetime": {"datetime": "2024-01-20 14:43:13", "elapsed": 1159.984735, "delta": 0.002833}}
{"target": -12.343757809506581, "params": {"colsample_bytree": 0.8842730465914018, "eta": 0.0446626045548152, "gamma": 544.8894608140728, "max_depth": 2.0, "min_child_weight": 4225.230519081447, "num_boost_round": 56.0, "subsample": 0.16711686994018424}, "datetime": {"datetime": "2024-01-20 14:43:13", "elapsed": 1159.987245, "delta": 0.00251}}
{"target": -12.34380102283274, "params": {"colsample_bytree": 0.8842730465914018, "eta": 0.0446626045548152, "gamma": 544.8894608140728, "max_depth": 2.0, "min_child_weight": 4225.230519081447, "num_boost_round": 57.0, "subsample": 0.16711686994018424}, "datetime": {"datetime": "2024-01-20 14:43:13", "elapsed": 1159.989648, "delta": 0.002403}}
{"target": -12.343902275194552, "params": {"colsample_bytree": 0.8842730465914018, "eta": 0.0446626045548152, "gamma": 544.8894608140728, "max_depth": 2.0, "min_child_weight": 4225.230519081447, "num_boost_round": 58.0, "subsample": 0.16711686994018424}, "datetime": {"datetime": "2024-01-20 14:43:13", "elapsed": 1159.992134, "delta": 0.002486}}
{"target": -12.343767932307642, "params": {"colsample_bytree": 0.8842730465914018, "eta": 0.0446626045548152, "gamma": 544.8894608140728, "max_depth": 2.0, "min_child_weight": 4225.230519081447, "num_boost_round": 59.0, "subsample": 0.16711686994018424}, "datetime": {"datetime": "2024-01-20 14:43:13", "elapsed": 1159.994436, "delta": 0.002302}}
{"target": -12.343994833116497, "params": {"colsample_bytree": 0.8842730465914018, "eta": 0.0446626045548152, "gamma": 544.8894608140728, "max_depth": 2.0, "min_child_weight": 4225.230519081447, "num_boost_round": 60.0, "subsample": 0.16711686994018424}, "datetime": {"datetime": "2024-01-20 14:43:13", "elapsed": 1159.996748, "delta": 0.002312}}
{"target": -12.344115567793189, "params": {"colsample_bytree": 0.8842730465914018, "eta": 0.0446626045548152, "gamma": 544.8894608140728, "max_depth": 2.0, "min_child_weight": 4225.230519081447, "num_boost_round": 61.0, "subsample": 0.16711686994018424}, "datetime": {"datetime": "2024-01-20 14:43:13", "elapsed": 1159.999175, "delta": 0.002427}}
{"target": -12.343890392763152, "params": {"colsample_bytree": 0.8842730465914018, "eta": 0.0446626045548152, "gamma": 544.8894608140728, "max_depth": 2.0, "min_child_weight": 4225.230519081447, "num_boost_round": 62.0, "subsample": 0.16711686994018424}, "datetime": {"datetime": "2024-01-20 14:43:13", "elapsed": 1160.001514, "delta": 0.002339}}
{"target": -12.343985572493924, "params": {"colsample_bytree": 0.8842730465914018, "eta": 0.0446626045548152, "gamma": 544.8894608140728, "max_depth": 2.0, "min_child_weight": 4225.230519081447, "num_boost_round": 63.0, "subsample": 0.16711686994018424}, "datetime": {"datetime": "2024-01-20 14:43:13", "elapsed": 1160.003865, "delta": 0.002351}}
{"target": -12.344189177032698, "params": {"colsample_bytree": 0.8842730465914018, "eta": 0.0446626045548152, "gamma": 544.8894608140728, "max_depth": 2.0, "min_child_weight": 4225.230519081447, "num_boost_round": 64.0, "subsample": 0.16711686994018424}, "datetime": {"datetime": "2024-01-20 14:43:13", "elapsed": 1160.006219, "delta": 0.002354}}
{"target": -12.357015237517036, "params": {"colsample_bytree": 0.7100189299053891, "eta": 0.06407222571445592, "gamma": 583.2104613464735, "max_depth": 3.0, "min_child_weight": 4192.7909094173665, "num_boost_round": 1.0, "subsample": 0.17363389020238099}, "datetime": {"datetime": "2024-01-20 14:43:41", "elapsed": 1187.935408, "delta": 27.929189}}
{"target": -12.354835184008293, "params": {"colsample_bytree": 0.7100189299053891, "eta": 0.06407222571445592, "gamma": 583.2104613464735, "max_depth": 3.0, "min_child_weight": 4192.7909094173665, "num_boost_round": 2.0, "subsample": 0.17363389020238099}, "datetime": {"datetime": "2024-01-20 14:43:41", "elapsed": 1187.938402, "delta": 0.002994}}
{"target": -12.352838585050845, "params": {"colsample_bytree": 0.7100189299053891, "eta": 0.06407222571445592, "gamma": 583.2104613464735, "max_depth": 3.0, "min_child_weight": 4192.7909094173665, "num_boost_round": 3.0, "subsample": 0.17363389020238099}, "datetime": {"datetime": "2024-01-20 14:43:41", "elapsed": 1187.941353, "delta": 0.002951}}
{"target": -12.35288251821325, "params": {"colsample_bytree": 0.7100189299053891, "eta": 0.06407222571445592, "gamma": 583.2104613464735, "max_depth": 3.0, "min_child_weight": 4192.7909094173665, "num_boost_round": 4.0, "subsample": 0.17363389020238099}, "datetime": {"datetime": "2024-01-20 14:43:41", "elapsed": 1187.943543, "delta": 0.00219}}
{"target": -12.351114149101228, "params": {"colsample_bytree": 0.7100189299053891, "eta": 0.06407222571445592, "gamma": 583.2104613464735, "max_depth": 3.0, "min_child_weight": 4192.7909094173665, "num_boost_round": 5.0, "subsample": 0.17363389020238099}, "datetime": {"datetime": "2024-01-20 14:43:41", "elapsed": 1187.94566, "delta": 0.002117}}
{"target": -12.349804475357702, "params": {"colsample_bytree": 0.7100189299053891, "eta": 0.06407222571445592, "gamma": 583.2104613464735, "max_depth": 3.0, "min_child_weight": 4192.7909094173665, "num_boost_round": 6.0, "subsample": 0.17363389020238099}, "datetime": {"datetime": "2024-01-20 14:43:41", "elapsed": 1187.947768, "delta": 0.002108}}
{"target": -12.348957799731636, "params": {"colsample_bytree": 0.7100189299053891, "eta": 0.06407222571445592, "gamma": 583.2104613464735, "max_depth": 3.0, "min_child_weight": 4192.7909094173665, "num_boost_round": 7.0, "subsample": 0.17363389020238099}, "datetime": {"datetime": "2024-01-20 14:43:41", "elapsed": 1187.94986, "delta": 0.002092}}
{"target": -12.348498652183832, "params": {"colsample_bytree": 0.7100189299053891, "eta": 0.06407222571445592, "gamma": 583.2104613464735, "max_depth": 3.0, "min_child_weight": 4192.7909094173665, "num_boost_round": 8.0, "subsample": 0.17363389020238099}, "datetime": {"datetime": "2024-01-20 14:43:41", "elapsed": 1187.95193, "delta": 0.00207}}
{"target": -12.347308873188194, "params": {"colsample_bytree": 0.7100189299053891, "eta": 0.06407222571445592, "gamma": 583.2104613464735, "max_depth": 3.0, "min_child_weight": 4192.7909094173665, "num_boost_round": 9.0, "subsample": 0.17363389020238099}, "datetime": {"datetime": "2024-01-20 14:43:41", "elapsed": 1187.954011, "delta": 0.002081}}
{"target": -12.346441383183596, "params": {"colsample_bytree": 0.7100189299053891, "eta": 0.06407222571445592, "gamma": 583.2104613464735, "max_depth": 3.0, "min_child_weight": 4192.7909094173665, "num_boost_round": 10.0, "subsample": 0.17363389020238099}, "datetime": {"datetime": "2024-01-20 14:43:41", "elapsed": 1187.956101, "delta": 0.00209}}
{"target": -12.345973159189258, "params": {"colsample_bytree": 0.7100189299053891, "eta": 0.06407222571445592, "gamma": 583.2104613464735, "max_depth": 3.0, "min_child_weight": 4192.7909094173665, "num_boost_round": 11.0, "subsample": 0.17363389020238099}, "datetime": {"datetime": "2024-01-20 14:43:41", "elapsed": 1187.958292, "delta": 0.002191}}
{"target": -12.345486562169935, "params": {"colsample_bytree": 0.7100189299053891, "eta": 0.06407222571445592, "gamma": 583.2104613464735, "max_depth": 3.0, "min_child_weight": 4192.7909094173665, "num_boost_round": 12.0, "subsample": 0.17363389020238099}, "datetime": {"datetime": "2024-01-20 14:43:41", "elapsed": 1187.960368, "delta": 0.002076}}
{"target": -12.345316249918497, "params": {"colsample_bytree": 0.7100189299053891, "eta": 0.06407222571445592, "gamma": 583.2104613464735, "max_depth": 3.0, "min_child_weight": 4192.7909094173665, "num_boost_round": 13.0, "subsample": 0.17363389020238099}, "datetime": {"datetime": "2024-01-20 14:43:41", "elapsed": 1187.962517, "delta": 0.002149}}
{"target": -12.34516886292408, "params": {"colsample_bytree": 0.7100189299053891, "eta": 0.06407222571445592, "gamma": 583.2104613464735, "max_depth": 3.0, "min_child_weight": 4192.7909094173665, "num_boost_round": 14.0, "subsample": 0.17363389020238099}, "datetime": {"datetime": "2024-01-20 14:43:41", "elapsed": 1187.964581, "delta": 0.002064}}
{"target": -12.344311145028307, "params": {"colsample_bytree": 0.7100189299053891, "eta": 0.06407222571445592, "gamma": 583.2104613464735, "max_depth": 3.0, "min_child_weight": 4192.7909094173665, "num_boost_round": 15.0, "subsample": 0.17363389020238099}, "datetime": {"datetime": "2024-01-20 14:43:41", "elapsed": 1187.966661, "delta": 0.00208}}
{"target": -12.344132836793658, "params": {"colsample_bytree": 0.7100189299053891, "eta": 0.06407222571445592, "gamma": 583.2104613464735, "max_depth": 3.0, "min_child_weight": 4192.7909094173665, "num_boost_round": 16.0, "subsample": 0.17363389020238099}, "datetime": {"datetime": "2024-01-20 14:43:41", "elapsed": 1187.968726, "delta": 0.002065}}
{"target": -12.344179552105597, "params": {"colsample_bytree": 0.7100189299053891, "eta": 0.06407222571445592, "gamma": 583.2104613464735, "max_depth": 3.0, "min_child_weight": 4192.7909094173665, "num_boost_round": 17.0, "subsample": 0.17363389020238099}, "datetime": {"datetime": "2024-01-20 14:43:41", "elapsed": 1187.970779, "delta": 0.002053}}
{"target": -12.344113914115347, "params": {"colsample_bytree": 0.7100189299053891, "eta": 0.06407222571445592, "gamma": 583.2104613464735, "max_depth": 3.0, "min_child_weight": 4192.7909094173665, "num_boost_round": 18.0, "subsample": 0.17363389020238099}, "datetime": {"datetime": "2024-01-20 14:43:41", "elapsed": 1187.972889, "delta": 0.00211}}
{"target": -12.343981643720301, "params": {"colsample_bytree": 0.7100189299053891, "eta": 0.06407222571445592, "gamma": 583.2104613464735, "max_depth": 3.0, "min_child_weight": 4192.7909094173665, "num_boost_round": 19.0, "subsample": 0.17363389020238099}, "datetime": {"datetime": "2024-01-20 14:43:41", "elapsed": 1187.974958, "delta": 0.002069}}
{"target": -12.343706125883665, "params": {"colsample_bytree": 0.7100189299053891, "eta": 0.06407222571445592, "gamma": 583.2104613464735, "max_depth": 3.0, "min_child_weight": 4192.7909094173665, "num_boost_round": 20.0, "subsample": 0.17363389020238099}, "datetime": {"datetime": "2024-01-20 14:43:41", "elapsed": 1187.977031, "delta": 0.002073}}
{"target": -12.343902055499534, "params": {"colsample_bytree": 0.7100189299053891, "eta": 0.06407222571445592, "gamma": 583.2104613464735, "max_depth": 3.0, "min_child_weight": 4192.7909094173665, "num_boost_round": 21.0, "subsample": 0.17363389020238099}, "datetime": {"datetime": "2024-01-20 14:43:41", "elapsed": 1187.979208, "delta": 0.002177}}
{"target": -12.343920676104755, "params": {"colsample_bytree": 0.7100189299053891, "eta": 0.06407222571445592, "gamma": 583.2104613464735, "max_depth": 3.0, "min_child_weight": 4192.7909094173665, "num_boost_round": 22.0, "subsample": 0.17363389020238099}, "datetime": {"datetime": "2024-01-20 14:43:41", "elapsed": 1187.981316, "delta": 0.002108}}
{"target": -12.343803563298621, "params": {"colsample_bytree": 0.7100189299053891, "eta": 0.06407222571445592, "gamma": 583.2104613464735, "max_depth": 3.0, "min_child_weight": 4192.7909094173665, "num_boost_round": 23.0, "subsample": 0.17363389020238099}, "datetime": {"datetime": "2024-01-20 14:43:41", "elapsed": 1187.983413, "delta": 0.002097}}
{"target": -12.343998100561162, "params": {"colsample_bytree": 0.7100189299053891, "eta": 0.06407222571445592, "gamma": 583.2104613464735, "max_depth": 3.0, "min_child_weight": 4192.7909094173665, "num_boost_round": 24.0, "subsample": 0.17363389020238099}, "datetime": {"datetime": "2024-01-20 14:43:41", "elapsed": 1187.985484, "delta": 0.002071}}
{"target": -12.344181108730922, "params": {"colsample_bytree": 0.7100189299053891, "eta": 0.06407222571445592, "gamma": 583.2104613464735, "max_depth": 3.0, "min_child_weight": 4192.7909094173665, "num_boost_round": 25.0, "subsample": 0.17363389020238099}, "datetime": {"datetime": "2024-01-20 14:43:41", "elapsed": 1187.987548, "delta": 0.002064}}
{"target": -12.343824849715993, "params": {"colsample_bytree": 0.7100189299053891, "eta": 0.06407222571445592, "gamma": 583.2104613464735, "max_depth": 3.0, "min_child_weight": 4192.7909094173665, "num_boost_round": 26.0, "subsample": 0.17363389020238099}, "datetime": {"datetime": "2024-01-20 14:43:41", "elapsed": 1187.989599, "delta": 0.002051}}
{"target": -12.343798173175957, "params": {"colsample_bytree": 0.7100189299053891, "eta": 0.06407222571445592, "gamma": 583.2104613464735, "max_depth": 3.0, "min_child_weight": 4192.7909094173665, "num_boost_round": 27.0, "subsample": 0.17363389020238099}, "datetime": {"datetime": "2024-01-20 14:43:41", "elapsed": 1187.991653, "delta": 0.002054}}
{"target": -12.34338465123652, "params": {"colsample_bytree": 0.7100189299053891, "eta": 0.06407222571445592, "gamma": 583.2104613464735, "max_depth": 3.0, "min_child_weight": 4192.7909094173665, "num_boost_round": 28.0, "subsample": 0.17363389020238099}, "datetime": {"datetime": "2024-01-20 14:43:41", "elapsed": 1187.99374, "delta": 0.002087}}
{"target": -12.343597291313527, "params": {"colsample_bytree": 0.7100189299053891, "eta": 0.06407222571445592, "gamma": 583.2104613464735, "max_depth": 3.0, "min_child_weight": 4192.7909094173665, "num_boost_round": 29.0, "subsample": 0.17363389020238099}, "datetime": {"datetime": "2024-01-20 14:43:41", "elapsed": 1187.995804, "delta": 0.002064}}
{"target": -12.356379116744419, "params": {"colsample_bytree": 0.3531675067289165, "eta": 0.07380415298128999, "gamma": 549.470175010317, "max_depth": 3.0, "min_child_weight": 4226.023337206931, "num_boost_round": 1.0, "subsample": 0.6932645958658061}, "datetime": {"datetime": "2024-01-20 14:44:30", "elapsed": 1236.283652, "delta": 48.287848}}
{"target": -12.354602457604706, "params": {"colsample_bytree": 0.3531675067289165, "eta": 0.07380415298128999, "gamma": 549.470175010317, "max_depth": 3.0, "min_child_weight": 4226.023337206931, "num_boost_round": 2.0, "subsample": 0.6932645958658061}, "datetime": {"datetime": "2024-01-20 14:44:30", "elapsed": 1236.287217, "delta": 0.003565}}
{"target": -12.351114044577441, "params": {"colsample_bytree": 0.3531675067289165, "eta": 0.07380415298128999, "gamma": 549.470175010317, "max_depth": 3.0, "min_child_weight": 4226.023337206931, "num_boost_round": 3.0, "subsample": 0.6932645958658061}, "datetime": {"datetime": "2024-01-20 14:44:30", "elapsed": 1236.289479, "delta": 0.002262}}
{"target": -12.351716331833224, "params": {"colsample_bytree": 0.3531675067289165, "eta": 0.07380415298128999, "gamma": 549.470175010317, "max_depth": 3.0, "min_child_weight": 4226.023337206931, "num_boost_round": 4.0, "subsample": 0.6932645958658061}, "datetime": {"datetime": "2024-01-20 14:44:30", "elapsed": 1236.29178, "delta": 0.002301}}
{"target": -12.350405133012703, "params": {"colsample_bytree": 0.3531675067289165, "eta": 0.07380415298128999, "gamma": 549.470175010317, "max_depth": 3.0, "min_child_weight": 4226.023337206931, "num_boost_round": 5.0, "subsample": 0.6932645958658061}, "datetime": {"datetime": "2024-01-20 14:44:30", "elapsed": 1236.293994, "delta": 0.002214}}
{"target": -12.349245001194282, "params": {"colsample_bytree": 0.3531675067289165, "eta": 0.07380415298128999, "gamma": 549.470175010317, "max_depth": 3.0, "min_child_weight": 4226.023337206931, "num_boost_round": 6.0, "subsample": 0.6932645958658061}, "datetime": {"datetime": "2024-01-20 14:44:30", "elapsed": 1236.296234, "delta": 0.00224}}
{"target": -12.34981826013564, "params": {"colsample_bytree": 0.3531675067289165, "eta": 0.07380415298128999, "gamma": 549.470175010317, "max_depth": 3.0, "min_child_weight": 4226.023337206931, "num_boost_round": 7.0, "subsample": 0.6932645958658061}, "datetime": {"datetime": "2024-01-20 14:44:30", "elapsed": 1236.299052, "delta": 0.002818}}
{"target": -12.34834625990536, "params": {"colsample_bytree": 0.3531675067289165, "eta": 0.07380415298128999, "gamma": 549.470175010317, "max_depth": 3.0, "min_child_weight": 4226.023337206931, "num_boost_round": 8.0, "subsample": 0.6932645958658061}, "datetime": {"datetime": "2024-01-20 14:44:30", "elapsed": 1236.302024, "delta": 0.002972}}
{"target": -12.3484082717827, "params": {"colsample_bytree": 0.3531675067289165, "eta": 0.07380415298128999, "gamma": 549.470175010317, "max_depth": 3.0, "min_child_weight": 4226.023337206931, "num_boost_round": 9.0, "subsample": 0.6932645958658061}, "datetime": {"datetime": "2024-01-20 14:44:30", "elapsed": 1236.304529, "delta": 0.002505}}
{"target": -12.347843186590794, "params": {"colsample_bytree": 0.3531675067289165, "eta": 0.07380415298128999, "gamma": 549.470175010317, "max_depth": 3.0, "min_child_weight": 4226.023337206931, "num_boost_round": 10.0, "subsample": 0.6932645958658061}, "datetime": {"datetime": "2024-01-20 14:44:30", "elapsed": 1236.306733, "delta": 0.002204}}
{"target": -12.34716856316609, "params": {"colsample_bytree": 0.3531675067289165, "eta": 0.07380415298128999, "gamma": 549.470175010317, "max_depth": 3.0, "min_child_weight": 4226.023337206931, "num_boost_round": 11.0, "subsample": 0.6932645958658061}, "datetime": {"datetime": "2024-01-20 14:44:30", "elapsed": 1236.308901, "delta": 0.002168}}
{"target": -12.346998338685461, "params": {"colsample_bytree": 0.3531675067289165, "eta": 0.07380415298128999, "gamma": 549.470175010317, "max_depth": 3.0, "min_child_weight": 4226.023337206931, "num_boost_round": 12.0, "subsample": 0.6932645958658061}, "datetime": {"datetime": "2024-01-20 14:44:30", "elapsed": 1236.311105, "delta": 0.002204}}
