{"target": -10.481354719680757, "params": {"colsample_bytree": 0.14306572356606861, "eta": 0.040888444201428495, "gamma": 778.2820497821166, "max_depth": 8.0, "min_child_weight": 4341.459463041891, "num_boost_round": 57.0, "subsample": 0.5410253077896117}, "datetime": {"datetime": "2024-01-20 13:34:17", "elapsed": 549.078419, "delta": 0.001009}}
{"target": -10.48164090679413, "params": {"colsample_bytree": 0.14306572356606861, "eta": 0.040888444201428495, "gamma": 778.2820497821166, "max_depth": 8.0, "min_child_weight": 4341.459463041891, "num_boost_round": 58.0, "subsample": 0.5410253077896117}, "datetime": {"datetime": "2024-01-20 13:34:17", "elapsed": 549.079416, "delta": 0.000997}}
{"target": -10.481799936066466, "params": {"colsample_bytree": 0.14306572356606861, "eta": 0.040888444201428495, "gamma": 778.2820497821166, "max_depth": 8.0, "min_child_weight": 4341.459463041891, "num_boost_round": 59.0, "subsample": 0.5410253077896117}, "datetime": {"datetime": "2024-01-20 13:34:17", "elapsed": 549.080356, "delta": 0.00094}}
{"target": -10.481894011103247, "params": {"colsample_bytree": 0.14306572356606861, "eta": 0.040888444201428495, "gamma": 778.2820497821166, "max_depth": 8.0, "min_child_weight": 4341.459463041891, "num_boost_round": 60.0, "subsample": 0.5410253077896117}, "datetime": {"datetime": "2024-01-20 13:34:17", "elapsed": 549.081279, "delta": 0.000923}}
{"target": -10.481752121720096, "params": {"colsample_bytree": 0.14306572356606861, "eta": 0.040888444201428495, "gamma": 778.2820497821166, "max_depth": 8.0, "min_child_weight": 4341.459463041891, "num_boost_round": 61.0, "subsample": 0.5410253077896117}, "datetime": {"datetime": "2024-01-20 13:34:17", "elapsed": 549.082197, "delta": 0.000918}}
{"target": -10.481801811373446, "params": {"colsample_bytree": 0.14306572356606861, "eta": 0.040888444201428495, "gamma": 778.2820497821166, "max_depth": 8.0, "min_child_weight": 4341.459463041891, "num_boost_round": 62.0, "subsample": 0.5410253077896117}, "datetime": {"datetime": "2024-01-20 13:34:17", "elapsed": 549.083116, "delta": 0.000919}}
{"target": -10.482023618037374, "params": {"colsample_bytree": 0.14306572356606861, "eta": 0.040888444201428495, "gamma": 778.2820497821166, "max_depth": 8.0, "min_child_weight": 4341.459463041891, "num_boost_round": 63.0, "subsample": 0.5410253077896117}, "datetime": {"datetime": "2024-01-20 13:34:17", "elapsed": 549.084106, "delta": 0.00099}}
{"target": -10.482293909887611, "params": {"colsample_bytree": 0.14306572356606861, "eta": 0.040888444201428495, "gamma": 778.2820497821166, "max_depth": 8.0, "min_child_weight": 4341.459463041891, "num_boost_round": 64.0, "subsample": 0.5410253077896117}, "datetime": {"datetime": "2024-01-20 13:34:17", "elapsed": 549.08507, "delta": 0.000964}}
{"target": -10.48227922852805, "params": {"colsample_bytree": 0.14306572356606861, "eta": 0.040888444201428495, "gamma": 778.2820497821166, "max_depth": 8.0, "min_child_weight": 4341.459463041891, "num_boost_round": 65.0, "subsample": 0.5410253077896117}, "datetime": {"datetime": "2024-01-20 13:34:17", "elapsed": 549.086063, "delta": 0.000993}}
{"target": -10.48247185124347, "params": {"colsample_bytree": 0.14306572356606861, "eta": 0.040888444201428495, "gamma": 778.2820497821166, "max_depth": 8.0, "min_child_weight": 4341.459463041891, "num_boost_round": 66.0, "subsample": 0.5410253077896117}, "datetime": {"datetime": "2024-01-20 13:34:17", "elapsed": 549.087037, "delta": 0.000974}}
{"target": -10.482595677115956, "params": {"colsample_bytree": 0.14306572356606861, "eta": 0.040888444201428495, "gamma": 778.2820497821166, "max_depth": 8.0, "min_child_weight": 4341.459463041891, "num_boost_round": 67.0, "subsample": 0.5410253077896117}, "datetime": {"datetime": "2024-01-20 13:34:17", "elapsed": 549.088001, "delta": 0.000964}}
{"target": -10.482600169418575, "params": {"colsample_bytree": 0.14306572356606861, "eta": 0.040888444201428495, "gamma": 778.2820497821166, "max_depth": 8.0, "min_child_weight": 4341.459463041891, "num_boost_round": 68.0, "subsample": 0.5410253077896117}, "datetime": {"datetime": "2024-01-20 13:34:17", "elapsed": 549.088992, "delta": 0.000991}}
{"target": -10.482658517295153, "params": {"colsample_bytree": 0.14306572356606861, "eta": 0.040888444201428495, "gamma": 778.2820497821166, "max_depth": 8.0, "min_child_weight": 4341.459463041891, "num_boost_round": 69.0, "subsample": 0.5410253077896117}, "datetime": {"datetime": "2024-01-20 13:34:17", "elapsed": 549.089978, "delta": 0.000986}}
{"target": -10.482875685521442, "params": {"colsample_bytree": 0.14306572356606861, "eta": 0.040888444201428495, "gamma": 778.2820497821166, "max_depth": 8.0, "min_child_weight": 4341.459463041891, "num_boost_round": 70.0, "subsample": 0.5410253077896117}, "datetime": {"datetime": "2024-01-20 13:34:17", "elapsed": 549.090963, "delta": 0.000985}}
{"target": -10.48322151110287, "params": {"colsample_bytree": 0.14306572356606861, "eta": 0.040888444201428495, "gamma": 778.2820497821166, "max_depth": 8.0, "min_child_weight": 4341.459463041891, "num_boost_round": 71.0, "subsample": 0.5410253077896117}, "datetime": {"datetime": "2024-01-20 13:34:17", "elapsed": 549.091938, "delta": 0.000975}}
{"target": -10.483380698058895, "params": {"colsample_bytree": 0.14306572356606861, "eta": 0.040888444201428495, "gamma": 778.2820497821166, "max_depth": 8.0, "min_child_weight": 4341.459463041891, "num_boost_round": 72.0, "subsample": 0.5410253077896117}, "datetime": {"datetime": "2024-01-20 13:34:17", "elapsed": 549.092911, "delta": 0.000973}}
{"target": -10.483509471518367, "params": {"colsample_bytree": 0.14306572356606861, "eta": 0.040888444201428495, "gamma": 778.2820497821166, "max_depth": 8.0, "min_child_weight": 4341.459463041891, "num_boost_round": 73.0, "subsample": 0.5410253077896117}, "datetime": {"datetime": "2024-01-20 13:34:17", "elapsed": 549.093882, "delta": 0.000971}}
{"target": -10.483517658677616, "params": {"colsample_bytree": 0.14306572356606861, "eta": 0.040888444201428495, "gamma": 778.2820497821166, "max_depth": 8.0, "min_child_weight": 4341.459463041891, "num_boost_round": 74.0, "subsample": 0.5410253077896117}, "datetime": {"datetime": "2024-01-20 13:34:17", "elapsed": 549.094868, "delta": 0.000986}}
{"target": -10.483701095197851, "params": {"colsample_bytree": 0.14306572356606861, "eta": 0.040888444201428495, "gamma": 778.2820497821166, "max_depth": 8.0, "min_child_weight": 4341.459463041891, "num_boost_round": 75.0, "subsample": 0.5410253077896117}, "datetime": {"datetime": "2024-01-20 13:34:17", "elapsed": 549.095836, "delta": 0.000968}}
{"target": -10.48372354332146, "params": {"colsample_bytree": 0.14306572356606861, "eta": 0.040888444201428495, "gamma": 778.2820497821166, "max_depth": 8.0, "min_child_weight": 4341.459463041891, "num_boost_round": 76.0, "subsample": 0.5410253077896117}, "datetime": {"datetime": "2024-01-20 13:34:17", "elapsed": 549.096812, "delta": 0.000976}}
{"target": -10.483804529780887, "params": {"colsample_bytree": 0.14306572356606861, "eta": 0.040888444201428495, "gamma": 778.2820497821166, "max_depth": 8.0, "min_child_weight": 4341.459463041891, "num_boost_round": 77.0, "subsample": 0.5410253077896117}, "datetime": {"datetime": "2024-01-20 13:34:17", "elapsed": 549.097784, "delta": 0.000972}}
{"target": -10.48389126463166, "params": {"colsample_bytree": 0.14306572356606861, "eta": 0.040888444201428495, "gamma": 778.2820497821166, "max_depth": 8.0, "min_child_weight": 4341.459463041891, "num_boost_round": 78.0, "subsample": 0.5410253077896117}, "datetime": {"datetime": "2024-01-20 13:34:17", "elapsed": 549.098761, "delta": 0.000977}}
{"target": -10.483900796386383, "params": {"colsample_bytree": 0.14306572356606861, "eta": 0.040888444201428495, "gamma": 778.2820497821166, "max_depth": 8.0, "min_child_weight": 4341.459463041891, "num_boost_round": 79.0, "subsample": 0.5410253077896117}, "datetime": {"datetime": "2024-01-20 13:34:17", "elapsed": 549.099725, "delta": 0.000964}}
{"target": -10.48402859928879, "params": {"colsample_bytree": 0.14306572356606861, "eta": 0.040888444201428495, "gamma": 778.2820497821166, "max_depth": 8.0, "min_child_weight": 4341.459463041891, "num_boost_round": 80.0, "subsample": 0.5410253077896117}, "datetime": {"datetime": "2024-01-20 13:34:17", "elapsed": 549.100697, "delta": 0.000972}}
{"target": -10.484154652323134, "params": {"colsample_bytree": 0.14306572356606861, "eta": 0.040888444201428495, "gamma": 778.2820497821166, "max_depth": 8.0, "min_child_weight": 4341.459463041891, "num_boost_round": 81.0, "subsample": 0.5410253077896117}, "datetime": {"datetime": "2024-01-20 13:34:17", "elapsed": 549.101654, "delta": 0.000957}}
{"target": -10.48417438120637, "params": {"colsample_bytree": 0.14306572356606861, "eta": 0.040888444201428495, "gamma": 778.2820497821166, "max_depth": 8.0, "min_child_weight": 4341.459463041891, "num_boost_round": 82.0, "subsample": 0.5410253077896117}, "datetime": {"datetime": "2024-01-20 13:34:17", "elapsed": 549.102621, "delta": 0.000967}}
{"target": -10.484218158468678, "params": {"colsample_bytree": 0.14306572356606861, "eta": 0.040888444201428495, "gamma": 778.2820497821166, "max_depth": 8.0, "min_child_weight": 4341.459463041891, "num_boost_round": 83.0, "subsample": 0.5410253077896117}, "datetime": {"datetime": "2024-01-20 13:34:17", "elapsed": 549.103611, "delta": 0.00099}}
{"target": -10.484288117042166, "params": {"colsample_bytree": 0.14306572356606861, "eta": 0.040888444201428495, "gamma": 778.2820497821166, "max_depth": 8.0, "min_child_weight": 4341.459463041891, "num_boost_round": 84.0, "subsample": 0.5410253077896117}, "datetime": {"datetime": "2024-01-20 13:34:17", "elapsed": 549.10462, "delta": 0.001009}}
{"target": -10.484380200446154, "params": {"colsample_bytree": 0.14306572356606861, "eta": 0.040888444201428495, "gamma": 778.2820497821166, "max_depth": 8.0, "min_child_weight": 4341.459463041891, "num_boost_round": 85.0, "subsample": 0.5410253077896117}, "datetime": {"datetime": "2024-01-20 13:34:17", "elapsed": 549.1056, "delta": 0.00098}}
{"target": -10.484538552489672, "params": {"colsample_bytree": 0.14306572356606861, "eta": 0.040888444201428495, "gamma": 778.2820497821166, "max_depth": 8.0, "min_child_weight": 4341.459463041891, "num_boost_round": 86.0, "subsample": 0.5410253077896117}, "datetime": {"datetime": "2024-01-20 13:34:17", "elapsed": 549.106591, "delta": 0.000991}}
{"target": -10.484585207032886, "params": {"colsample_bytree": 0.14306572356606861, "eta": 0.040888444201428495, "gamma": 778.2820497821166, "max_depth": 8.0, "min_child_weight": 4341.459463041891, "num_boost_round": 87.0, "subsample": 0.5410253077896117}, "datetime": {"datetime": "2024-01-20 13:34:17", "elapsed": 549.107562, "delta": 0.000971}}
{"target": -10.484697764715932, "params": {"colsample_bytree": 0.14306572356606861, "eta": 0.040888444201428495, "gamma": 778.2820497821166, "max_depth": 8.0, "min_child_weight": 4341.459463041891, "num_boost_round": 88.0, "subsample": 0.5410253077896117}, "datetime": {"datetime": "2024-01-20 13:34:17", "elapsed": 549.108543, "delta": 0.000981}}
{"target": -10.484831804089273, "params": {"colsample_bytree": 0.14306572356606861, "eta": 0.040888444201428495, "gamma": 778.2820497821166, "max_depth": 8.0, "min_child_weight": 4341.459463041891, "num_boost_round": 89.0, "subsample": 0.5410253077896117}, "datetime": {"datetime": "2024-01-20 13:34:17", "elapsed": 549.109537, "delta": 0.000994}}
{"target": -10.484857954502633, "params": {"colsample_bytree": 0.14306572356606861, "eta": 0.040888444201428495, "gamma": 778.2820497821166, "max_depth": 8.0, "min_child_weight": 4341.459463041891, "num_boost_round": 90.0, "subsample": 0.5410253077896117}, "datetime": {"datetime": "2024-01-20 13:34:17", "elapsed": 549.110527, "delta": 0.00099}}
{"target": -10.48499715165276, "params": {"colsample_bytree": 0.14306572356606861, "eta": 0.040888444201428495, "gamma": 778.2820497821166, "max_depth": 8.0, "min_child_weight": 4341.459463041891, "num_boost_round": 91.0, "subsample": 0.5410253077896117}, "datetime": {"datetime": "2024-01-20 13:34:17", "elapsed": 549.111517, "delta": 0.00099}}
{"target": -10.485215299105796, "params": {"colsample_bytree": 0.14306572356606861, "eta": 0.040888444201428495, "gamma": 778.2820497821166, "max_depth": 8.0, "min_child_weight": 4341.459463041891, "num_boost_round": 92.0, "subsample": 0.5410253077896117}, "datetime": {"datetime": "2024-01-20 13:34:17", "elapsed": 549.112523, "delta": 0.001006}}
{"target": -10.485424985669178, "params": {"colsample_bytree": 0.14306572356606861, "eta": 0.040888444201428495, "gamma": 778.2820497821166, "max_depth": 8.0, "min_child_weight": 4341.459463041891, "num_boost_round": 93.0, "subsample": 0.5410253077896117}, "datetime": {"datetime": "2024-01-20 13:34:17", "elapsed": 549.114198, "delta": 0.001675}}
{"target": -10.485593864941974, "params": {"colsample_bytree": 0.14306572356606861, "eta": 0.040888444201428495, "gamma": 778.2820497821166, "max_depth": 8.0, "min_child_weight": 4341.459463041891, "num_boost_round": 94.0, "subsample": 0.5410253077896117}, "datetime": {"datetime": "2024-01-20 13:34:17", "elapsed": 549.115462, "delta": 0.001264}}
{"target": -10.48563290855514, "params": {"colsample_bytree": 0.14306572356606861, "eta": 0.040888444201428495, "gamma": 778.2820497821166, "max_depth": 8.0, "min_child_weight": 4341.459463041891, "num_boost_round": 95.0, "subsample": 0.5410253077896117}, "datetime": {"datetime": "2024-01-20 13:34:17", "elapsed": 549.116501, "delta": 0.001039}}
{"target": -10.485673830252676, "params": {"colsample_bytree": 0.14306572356606861, "eta": 0.040888444201428495, "gamma": 778.2820497821166, "max_depth": 8.0, "min_child_weight": 4341.459463041891, "num_boost_round": 96.0, "subsample": 0.5410253077896117}, "datetime": {"datetime": "2024-01-20 13:34:17", "elapsed": 549.117539, "delta": 0.001038}}
{"target": -10.48576121528753, "params": {"colsample_bytree": 0.14306572356606861, "eta": 0.040888444201428495, "gamma": 778.2820497821166, "max_depth": 8.0, "min_child_weight": 4341.459463041891, "num_boost_round": 97.0, "subsample": 0.5410253077896117}, "datetime": {"datetime": "2024-01-20 13:34:17", "elapsed": 549.118488, "delta": 0.000949}}
{"target": -10.485719415480757, "params": {"colsample_bytree": 0.14306572356606861, "eta": 0.040888444201428495, "gamma": 778.2820497821166, "max_depth": 8.0, "min_child_weight": 4341.459463041891, "num_boost_round": 98.0, "subsample": 0.5410253077896117}, "datetime": {"datetime": "2024-01-20 13:34:17", "elapsed": 549.119439, "delta": 0.000951}}
{"target": -10.485821845604622, "params": {"colsample_bytree": 0.14306572356606861, "eta": 0.040888444201428495, "gamma": 778.2820497821166, "max_depth": 8.0, "min_child_weight": 4341.459463041891, "num_boost_round": 99.0, "subsample": 0.5410253077896117}, "datetime": {"datetime": "2024-01-20 13:34:17", "elapsed": 549.120384, "delta": 0.000945}}
{"target": -10.485940515336551, "params": {"colsample_bytree": 0.14306572356606861, "eta": 0.040888444201428495, "gamma": 778.2820497821166, "max_depth": 8.0, "min_child_weight": 4341.459463041891, "num_boost_round": 100.0, "subsample": 0.5410253077896117}, "datetime": {"datetime": "2024-01-20 13:34:17", "elapsed": 549.121335, "delta": 0.000951}}
{"target": -10.486084231826972, "params": {"colsample_bytree": 0.14306572356606861, "eta": 0.040888444201428495, "gamma": 778.2820497821166, "max_depth": 8.0, "min_child_weight": 4341.459463041891, "num_boost_round": 101.0, "subsample": 0.5410253077896117}, "datetime": {"datetime": "2024-01-20 13:34:17", "elapsed": 549.122286, "delta": 0.000951}}
{"target": -10.486287893771433, "params": {"colsample_bytree": 0.14306572356606861, "eta": 0.040888444201428495, "gamma": 778.2820497821166, "max_depth": 8.0, "min_child_weight": 4341.459463041891, "num_boost_round": 102.0, "subsample": 0.5410253077896117}, "datetime": {"datetime": "2024-01-20 13:34:17", "elapsed": 549.123242, "delta": 0.000956}}
{"target": -10.486406846800424, "params": {"colsample_bytree": 0.14306572356606861, "eta": 0.040888444201428495, "gamma": 778.2820497821166, "max_depth": 8.0, "min_child_weight": 4341.459463041891, "num_boost_round": 103.0, "subsample": 0.5410253077896117}, "datetime": {"datetime": "2024-01-20 13:34:17", "elapsed": 549.124183, "delta": 0.000941}}
{"target": -10.486529439225972, "params": {"colsample_bytree": 0.14306572356606861, "eta": 0.040888444201428495, "gamma": 778.2820497821166, "max_depth": 8.0, "min_child_weight": 4341.459463041891, "num_boost_round": 104.0, "subsample": 0.5410253077896117}, "datetime": {"datetime": "2024-01-20 13:34:17", "elapsed": 549.125414, "delta": 0.001231}}
{"target": -10.486699067213337, "params": {"colsample_bytree": 0.14306572356606861, "eta": 0.040888444201428495, "gamma": 778.2820497821166, "max_depth": 8.0, "min_child_weight": 4341.459463041891, "num_boost_round": 105.0, "subsample": 0.5410253077896117}, "datetime": {"datetime": "2024-01-20 13:34:17", "elapsed": 549.126379, "delta": 0.000965}}
{"target": -10.486897735532544, "params": {"colsample_bytree": 0.14306572356606861, "eta": 0.040888444201428495, "gamma": 778.2820497821166, "max_depth": 8.0, "min_child_weight": 4341.459463041891, "num_boost_round": 106.0, "subsample": 0.5410253077896117}, "datetime": {"datetime": "2024-01-20 13:34:17", "elapsed": 549.127339, "delta": 0.00096}}
{"target": -10.486861962022473, "params": {"colsample_bytree": 0.14306572356606861, "eta": 0.040888444201428495, "gamma": 778.2820497821166, "max_depth": 8.0, "min_child_weight": 4341.459463041891, "num_boost_round": 107.0, "subsample": 0.5410253077896117}, "datetime": {"datetime": "2024-01-20 13:34:17", "elapsed": 549.128306, "delta": 0.000967}}
{"target": -10.487106847701195, "params": {"colsample_bytree": 0.14306572356606861, "eta": 0.040888444201428495, "gamma": 778.2820497821166, "max_depth": 8.0, "min_child_weight": 4341.459463041891, "num_boost_round": 108.0, "subsample": 0.5410253077896117}, "datetime": {"datetime": "2024-01-20 13:34:17", "elapsed": 549.129304, "delta": 0.000998}}
{"target": -10.4871702291332, "params": {"colsample_bytree": 0.14306572356606861, "eta": 0.040888444201428495, "gamma": 778.2820497821166, "max_depth": 8.0, "min_child_weight": 4341.459463041891, "num_boost_round": 109.0, "subsample": 0.5410253077896117}, "datetime": {"datetime": "2024-01-20 13:34:17", "elapsed": 549.130275, "delta": 0.000971}}
{"target": -10.487141294704424, "params": {"colsample_bytree": 0.14306572356606861, "eta": 0.040888444201428495, "gamma": 778.2820497821166, "max_depth": 8.0, "min_child_weight": 4341.459463041891, "num_boost_round": 110.0, "subsample": 0.5410253077896117}, "datetime": {"datetime": "2024-01-20 13:34:17", "elapsed": 549.131244, "delta": 0.000969}}
{"target": -10.48727612738295, "params": {"colsample_bytree": 0.14306572356606861, "eta": 0.040888444201428495, "gamma": 778.2820497821166, "max_depth": 8.0, "min_child_weight": 4341.459463041891, "num_boost_round": 111.0, "subsample": 0.5410253077896117}, "datetime": {"datetime": "2024-01-20 13:34:17", "elapsed": 549.132206, "delta": 0.000962}}
{"target": -10.487410210982357, "params": {"colsample_bytree": 0.14306572356606861, "eta": 0.040888444201428495, "gamma": 778.2820497821166, "max_depth": 8.0, "min_child_weight": 4341.459463041891, "num_boost_round": 112.0, "subsample": 0.5410253077896117}, "datetime": {"datetime": "2024-01-20 13:34:17", "elapsed": 549.133164, "delta": 0.000958}}
{"target": -10.487403354133143, "params": {"colsample_bytree": 0.14306572356606861, "eta": 0.040888444201428495, "gamma": 778.2820497821166, "max_depth": 8.0, "min_child_weight": 4341.459463041891, "num_boost_round": 113.0, "subsample": 0.5410253077896117}, "datetime": {"datetime": "2024-01-20 13:34:17", "elapsed": 549.134126, "delta": 0.000962}}
{"target": -10.487592143503104, "params": {"colsample_bytree": 0.14306572356606861, "eta": 0.040888444201428495, "gamma": 778.2820497821166, "max_depth": 8.0, "min_child_weight": 4341.459463041891, "num_boost_round": 114.0, "subsample": 0.5410253077896117}, "datetime": {"datetime": "2024-01-20 13:34:17", "elapsed": 549.135078, "delta": 0.000952}}
{"target": -10.487719515155831, "params": {"colsample_bytree": 0.14306572356606861, "eta": 0.040888444201428495, "gamma": 778.2820497821166, "max_depth": 8.0, "min_child_weight": 4341.459463041891, "num_boost_round": 115.0, "subsample": 0.5410253077896117}, "datetime": {"datetime": "2024-01-20 13:34:17", "elapsed": 549.13604, "delta": 0.000962}}
{"target": -10.487838649734702, "params": {"colsample_bytree": 0.14306572356606861, "eta": 0.040888444201428495, "gamma": 778.2820497821166, "max_depth": 8.0, "min_child_weight": 4341.459463041891, "num_boost_round": 116.0, "subsample": 0.5410253077896117}, "datetime": {"datetime": "2024-01-20 13:34:17", "elapsed": 549.137081, "delta": 0.001041}}
{"target": -10.487807184885906, "params": {"colsample_bytree": 0.14306572356606861, "eta": 0.040888444201428495, "gamma": 778.2820497821166, "max_depth": 8.0, "min_child_weight": 4341.459463041891, "num_boost_round": 117.0, "subsample": 0.5410253077896117}, "datetime": {"datetime": "2024-01-20 13:34:17", "elapsed": 549.138121, "delta": 0.00104}}
{"target": -10.487968538049568, "params": {"colsample_bytree": 0.14306572356606861, "eta": 0.040888444201428495, "gamma": 778.2820497821166, "max_depth": 8.0, "min_child_weight": 4341.459463041891, "num_boost_round": 118.0, "subsample": 0.5410253077896117}, "datetime": {"datetime": "2024-01-20 13:34:17", "elapsed": 549.139208, "delta": 0.001087}}
{"target": -10.488172985159508, "params": {"colsample_bytree": 0.14306572356606861, "eta": 0.040888444201428495, "gamma": 778.2820497821166, "max_depth": 8.0, "min_child_weight": 4341.459463041891, "num_boost_round": 119.0, "subsample": 0.5410253077896117}, "datetime": {"datetime": "2024-01-20 13:34:17", "elapsed": 549.140187, "delta": 0.000979}}
