{"target": -12.358500027226466, "params": {"colsample_bytree": 0.17717864544090384, "eta": 0.002760277301857663, "gamma": 609.7560852109737, "max_depth": 9.0, "min_child_weight": 4197.57880344527, "num_boost_round": 7.0, "subsample": 0.8926901907208009}, "datetime": {"datetime": "2024-01-20 14:36:48", "elapsed": 774.961455, "delta": 0.001571}}
{"target": -12.358407116773812, "params": {"colsample_bytree": 0.17717864544090384, "eta": 0.002760277301857663, "gamma": 609.7560852109737, "max_depth": 9.0, "min_child_weight": 4197.57880344527, "num_boost_round": 8.0, "subsample": 0.8926901907208009}, "datetime": {"datetime": "2024-01-20 14:36:48", "elapsed": 774.962918, "delta": 0.001463}}
{"target": -12.358406451282853, "params": {"colsample_bytree": 0.17717864544090384, "eta": 0.002760277301857663, "gamma": 609.7560852109737, "max_depth": 9.0, "min_child_weight": 4197.57880344527, "num_boost_round": 9.0, "subsample": 0.8926901907208009}, "datetime": {"datetime": "2024-01-20 14:36:48", "elapsed": 774.964384, "delta": 0.001466}}
{"target": -12.358344048011112, "params": {"colsample_bytree": 0.17717864544090384, "eta": 0.002760277301857663, "gamma": 609.7560852109737, "max_depth": 9.0, "min_child_weight": 4197.57880344527, "num_boost_round": 10.0, "subsample": 0.8926901907208009}, "datetime": {"datetime": "2024-01-20 14:36:48", "elapsed": 774.965864, "delta": 0.00148}}
{"target": -12.358267590517553, "params": {"colsample_bytree": 0.17717864544090384, "eta": 0.002760277301857663, "gamma": 609.7560852109737, "max_depth": 9.0, "min_child_weight": 4197.57880344527, "num_boost_round": 11.0, "subsample": 0.8926901907208009}, "datetime": {"datetime": "2024-01-20 14:36:48", "elapsed": 774.967341, "delta": 0.001477}}
{"target": -12.358256097952053, "params": {"colsample_bytree": 0.17717864544090384, "eta": 0.002760277301857663, "gamma": 609.7560852109737, "max_depth": 9.0, "min_child_weight": 4197.57880344527, "num_boost_round": 12.0, "subsample": 0.8926901907208009}, "datetime": {"datetime": "2024-01-20 14:36:48", "elapsed": 774.968801, "delta": 0.00146}}
{"target": -12.358275215296132, "params": {"colsample_bytree": 0.17717864544090384, "eta": 0.002760277301857663, "gamma": 609.7560852109737, "max_depth": 9.0, "min_child_weight": 4197.57880344527, "num_boost_round": 13.0, "subsample": 0.8926901907208009}, "datetime": {"datetime": "2024-01-20 14:36:48", "elapsed": 774.970266, "delta": 0.001465}}
{"target": -12.358270560534288, "params": {"colsample_bytree": 0.17717864544090384, "eta": 0.002760277301857663, "gamma": 609.7560852109737, "max_depth": 9.0, "min_child_weight": 4197.57880344527, "num_boost_round": 14.0, "subsample": 0.8926901907208009}, "datetime": {"datetime": "2024-01-20 14:36:48", "elapsed": 774.971739, "delta": 0.001473}}
{"target": -12.358205085496342, "params": {"colsample_bytree": 0.17717864544090384, "eta": 0.002760277301857663, "gamma": 609.7560852109737, "max_depth": 9.0, "min_child_weight": 4197.57880344527, "num_boost_round": 15.0, "subsample": 0.8926901907208009}, "datetime": {"datetime": "2024-01-20 14:36:48", "elapsed": 774.973205, "delta": 0.001466}}
{"target": -12.358193270347517, "params": {"colsample_bytree": 0.17717864544090384, "eta": 0.002760277301857663, "gamma": 609.7560852109737, "max_depth": 9.0, "min_child_weight": 4197.57880344527, "num_boost_round": 16.0, "subsample": 0.8926901907208009}, "datetime": {"datetime": "2024-01-20 14:36:48", "elapsed": 774.974682, "delta": 0.001477}}
{"target": -12.358200230626704, "params": {"colsample_bytree": 0.17717864544090384, "eta": 0.002760277301857663, "gamma": 609.7560852109737, "max_depth": 9.0, "min_child_weight": 4197.57880344527, "num_boost_round": 17.0, "subsample": 0.8926901907208009}, "datetime": {"datetime": "2024-01-20 14:36:48", "elapsed": 774.976161, "delta": 0.001479}}
{"target": -12.358197928421347, "params": {"colsample_bytree": 0.17717864544090384, "eta": 0.002760277301857663, "gamma": 609.7560852109737, "max_depth": 9.0, "min_child_weight": 4197.57880344527, "num_boost_round": 18.0, "subsample": 0.8926901907208009}, "datetime": {"datetime": "2024-01-20 14:36:48", "elapsed": 774.977747, "delta": 0.001586}}
{"target": -12.358181654715366, "params": {"colsample_bytree": 0.17717864544090384, "eta": 0.002760277301857663, "gamma": 609.7560852109737, "max_depth": 9.0, "min_child_weight": 4197.57880344527, "num_boost_round": 19.0, "subsample": 0.8926901907208009}, "datetime": {"datetime": "2024-01-20 14:36:48", "elapsed": 774.979224, "delta": 0.001477}}
{"target": -12.35818057712069, "params": {"colsample_bytree": 0.17717864544090384, "eta": 0.002760277301857663, "gamma": 609.7560852109737, "max_depth": 9.0, "min_child_weight": 4197.57880344527, "num_boost_round": 20.0, "subsample": 0.8926901907208009}, "datetime": {"datetime": "2024-01-20 14:36:48", "elapsed": 774.980717, "delta": 0.001493}}
{"target": -12.358167976307346, "params": {"colsample_bytree": 0.17717864544090384, "eta": 0.002760277301857663, "gamma": 609.7560852109737, "max_depth": 9.0, "min_child_weight": 4197.57880344527, "num_boost_round": 21.0, "subsample": 0.8926901907208009}, "datetime": {"datetime": "2024-01-20 14:36:48", "elapsed": 774.982303, "delta": 0.001586}}
{"target": -12.35816461977328, "params": {"colsample_bytree": 0.17717864544090384, "eta": 0.002760277301857663, "gamma": 609.7560852109737, "max_depth": 9.0, "min_child_weight": 4197.57880344527, "num_boost_round": 22.0, "subsample": 0.8926901907208009}, "datetime": {"datetime": "2024-01-20 14:36:48", "elapsed": 774.983805, "delta": 0.001502}}
{"target": -12.35815532354335, "params": {"colsample_bytree": 0.17717864544090384, "eta": 0.002760277301857663, "gamma": 609.7560852109737, "max_depth": 9.0, "min_child_weight": 4197.57880344527, "num_boost_round": 23.0, "subsample": 0.8926901907208009}, "datetime": {"datetime": "2024-01-20 14:36:48", "elapsed": 774.985331, "delta": 0.001526}}
{"target": -12.358162101656823, "params": {"colsample_bytree": 0.17717864544090384, "eta": 0.002760277301857663, "gamma": 609.7560852109737, "max_depth": 9.0, "min_child_weight": 4197.57880344527, "num_boost_round": 24.0, "subsample": 0.8926901907208009}, "datetime": {"datetime": "2024-01-20 14:36:48", "elapsed": 774.986838, "delta": 0.001507}}
{"target": -12.358088382984675, "params": {"colsample_bytree": 0.17717864544090384, "eta": 0.002760277301857663, "gamma": 609.7560852109737, "max_depth": 9.0, "min_child_weight": 4197.57880344527, "num_boost_round": 25.0, "subsample": 0.8926901907208009}, "datetime": {"datetime": "2024-01-20 14:36:48", "elapsed": 774.988351, "delta": 0.001513}}
{"target": -12.358083061496341, "params": {"colsample_bytree": 0.17717864544090384, "eta": 0.002760277301857663, "gamma": 609.7560852109737, "max_depth": 9.0, "min_child_weight": 4197.57880344527, "num_boost_round": 26.0, "subsample": 0.8926901907208009}, "datetime": {"datetime": "2024-01-20 14:36:48", "elapsed": 774.989858, "delta": 0.001507}}
{"target": -12.358091637965295, "params": {"colsample_bytree": 0.17717864544090384, "eta": 0.002760277301857663, "gamma": 609.7560852109737, "max_depth": 9.0, "min_child_weight": 4197.57880344527, "num_boost_round": 27.0, "subsample": 0.8926901907208009}, "datetime": {"datetime": "2024-01-20 14:36:48", "elapsed": 774.991357, "delta": 0.001499}}
{"target": -12.358093936925492, "params": {"colsample_bytree": 0.17717864544090384, "eta": 0.002760277301857663, "gamma": 609.7560852109737, "max_depth": 9.0, "min_child_weight": 4197.57880344527, "num_boost_round": 28.0, "subsample": 0.8926901907208009}, "datetime": {"datetime": "2024-01-20 14:36:48", "elapsed": 774.992857, "delta": 0.0015}}
{"target": -12.358077222796215, "params": {"colsample_bytree": 0.17717864544090384, "eta": 0.002760277301857663, "gamma": 609.7560852109737, "max_depth": 9.0, "min_child_weight": 4197.57880344527, "num_boost_round": 29.0, "subsample": 0.8926901907208009}, "datetime": {"datetime": "2024-01-20 14:36:48", "elapsed": 774.994394, "delta": 0.001537}}
{"target": -12.357988664582566, "params": {"colsample_bytree": 0.17717864544090384, "eta": 0.002760277301857663, "gamma": 609.7560852109737, "max_depth": 9.0, "min_child_weight": 4197.57880344527, "num_boost_round": 30.0, "subsample": 0.8926901907208009}, "datetime": {"datetime": "2024-01-20 14:36:48", "elapsed": 774.995881, "delta": 0.001487}}
{"target": -12.357818601574579, "params": {"colsample_bytree": 0.17717864544090384, "eta": 0.002760277301857663, "gamma": 609.7560852109737, "max_depth": 9.0, "min_child_weight": 4197.57880344527, "num_boost_round": 31.0, "subsample": 0.8926901907208009}, "datetime": {"datetime": "2024-01-20 14:36:48", "elapsed": 774.997483, "delta": 0.001602}}
{"target": -12.357822585586868, "params": {"colsample_bytree": 0.17717864544090384, "eta": 0.002760277301857663, "gamma": 609.7560852109737, "max_depth": 9.0, "min_child_weight": 4197.57880344527, "num_boost_round": 32.0, "subsample": 0.8926901907208009}, "datetime": {"datetime": "2024-01-20 14:36:48", "elapsed": 774.998978, "delta": 0.001495}}
{"target": -12.35796456728426, "params": {"colsample_bytree": 0.26575882191064226, "eta": 0.026795620389789252, "gamma": 558.6025824189713, "max_depth": 6.0, "min_child_weight": 4199.862490248227, "num_boost_round": 1.0, "subsample": 0.439621115506619}, "datetime": {"datetime": "2024-01-20 14:37:14", "elapsed": 800.361843, "delta": 25.362865}}
{"target": -12.357419718759461, "params": {"colsample_bytree": 0.26575882191064226, "eta": 0.026795620389789252, "gamma": 558.6025824189713, "max_depth": 6.0, "min_child_weight": 4199.862490248227, "num_boost_round": 2.0, "subsample": 0.439621115506619}, "datetime": {"datetime": "2024-01-20 14:37:14", "elapsed": 800.364234, "delta": 0.002391}}
{"target": -12.355783836995046, "params": {"colsample_bytree": 0.26575882191064226, "eta": 0.026795620389789252, "gamma": 558.6025824189713, "max_depth": 6.0, "min_child_weight": 4199.862490248227, "num_boost_round": 3.0, "subsample": 0.439621115506619}, "datetime": {"datetime": "2024-01-20 14:37:14", "elapsed": 800.365875, "delta": 0.001641}}
{"target": -12.35585405804887, "params": {"colsample_bytree": 0.26575882191064226, "eta": 0.026795620389789252, "gamma": 558.6025824189713, "max_depth": 6.0, "min_child_weight": 4199.862490248227, "num_boost_round": 4.0, "subsample": 0.439621115506619}, "datetime": {"datetime": "2024-01-20 14:37:14", "elapsed": 800.367579, "delta": 0.001704}}
{"target": -12.355819662400847, "params": {"colsample_bytree": 0.26575882191064226, "eta": 0.026795620389789252, "gamma": 558.6025824189713, "max_depth": 6.0, "min_child_weight": 4199.862490248227, "num_boost_round": 5.0, "subsample": 0.439621115506619}, "datetime": {"datetime": "2024-01-20 14:37:14", "elapsed": 800.369156, "delta": 0.001577}}
{"target": -12.355074710525148, "params": {"colsample_bytree": 0.26575882191064226, "eta": 0.026795620389789252, "gamma": 558.6025824189713, "max_depth": 6.0, "min_child_weight": 4199.862490248227, "num_boost_round": 6.0, "subsample": 0.439621115506619}, "datetime": {"datetime": "2024-01-20 14:37:14", "elapsed": 800.370689, "delta": 0.001533}}
{"target": -12.355118423008115, "params": {"colsample_bytree": 0.26575882191064226, "eta": 0.026795620389789252, "gamma": 558.6025824189713, "max_depth": 6.0, "min_child_weight": 4199.862490248227, "num_boost_round": 7.0, "subsample": 0.439621115506619}, "datetime": {"datetime": "2024-01-20 14:37:14", "elapsed": 800.3722, "delta": 0.001511}}
{"target": -12.354437509082246, "params": {"colsample_bytree": 0.26575882191064226, "eta": 0.026795620389789252, "gamma": 558.6025824189713, "max_depth": 6.0, "min_child_weight": 4199.862490248227, "num_boost_round": 8.0, "subsample": 0.439621115506619}, "datetime": {"datetime": "2024-01-20 14:37:14", "elapsed": 800.373753, "delta": 0.001553}}
{"target": -12.354444168420152, "params": {"colsample_bytree": 0.26575882191064226, "eta": 0.026795620389789252, "gamma": 558.6025824189713, "max_depth": 6.0, "min_child_weight": 4199.862490248227, "num_boost_round": 9.0, "subsample": 0.439621115506619}, "datetime": {"datetime": "2024-01-20 14:37:14", "elapsed": 800.375272, "delta": 0.001519}}
{"target": -12.354062617106258, "params": {"colsample_bytree": 0.26575882191064226, "eta": 0.026795620389789252, "gamma": 558.6025824189713, "max_depth": 6.0, "min_child_weight": 4199.862490248227, "num_boost_round": 10.0, "subsample": 0.439621115506619}, "datetime": {"datetime": "2024-01-20 14:37:14", "elapsed": 800.37679, "delta": 0.001518}}
{"target": -12.35358291520592, "params": {"colsample_bytree": 0.26575882191064226, "eta": 0.026795620389789252, "gamma": 558.6025824189713, "max_depth": 6.0, "min_child_weight": 4199.862490248227, "num_boost_round": 11.0, "subsample": 0.439621115506619}, "datetime": {"datetime": "2024-01-20 14:37:14", "elapsed": 800.378444, "delta": 0.001654}}
{"target": -12.353088602256976, "params": {"colsample_bytree": 0.26575882191064226, "eta": 0.026795620389789252, "gamma": 558.6025824189713, "max_depth": 6.0, "min_child_weight": 4199.862490248227, "num_boost_round": 12.0, "subsample": 0.439621115506619}, "datetime": {"datetime": "2024-01-20 14:37:14", "elapsed": 800.380001, "delta": 0.001557}}
{"target": -12.353142974035308, "params": {"colsample_bytree": 0.26575882191064226, "eta": 0.026795620389789252, "gamma": 558.6025824189713, "max_depth": 6.0, "min_child_weight": 4199.862490248227, "num_boost_round": 13.0, "subsample": 0.439621115506619}, "datetime": {"datetime": "2024-01-20 14:37:14", "elapsed": 800.381562, "delta": 0.001561}}
{"target": -12.353135275227768, "params": {"colsample_bytree": 0.26575882191064226, "eta": 0.026795620389789252, "gamma": 558.6025824189713, "max_depth": 6.0, "min_child_weight": 4199.862490248227, "num_boost_round": 14.0, "subsample": 0.439621115506619}, "datetime": {"datetime": "2024-01-20 14:37:14", "elapsed": 800.383094, "delta": 0.001532}}
{"target": -12.352521288943006, "params": {"colsample_bytree": 0.26575882191064226, "eta": 0.026795620389789252, "gamma": 558.6025824189713, "max_depth": 6.0, "min_child_weight": 4199.862490248227, "num_boost_round": 15.0, "subsample": 0.439621115506619}, "datetime": {"datetime": "2024-01-20 14:37:14", "elapsed": 800.384634, "delta": 0.00154}}
{"target": -12.352035846913147, "params": {"colsample_bytree": 0.26575882191064226, "eta": 0.026795620389789252, "gamma": 558.6025824189713, "max_depth": 6.0, "min_child_weight": 4199.862490248227, "num_boost_round": 16.0, "subsample": 0.439621115506619}, "datetime": {"datetime": "2024-01-20 14:37:14", "elapsed": 800.386209, "delta": 0.001575}}
{"target": -12.352121486686315, "params": {"colsample_bytree": 0.26575882191064226, "eta": 0.026795620389789252, "gamma": 558.6025824189713, "max_depth": 6.0, "min_child_weight": 4199.862490248227, "num_boost_round": 17.0, "subsample": 0.439621115506619}, "datetime": {"datetime": "2024-01-20 14:37:14", "elapsed": 800.387731, "delta": 0.001522}}
{"target": -12.352122005600073, "params": {"colsample_bytree": 0.26575882191064226, "eta": 0.026795620389789252, "gamma": 558.6025824189713, "max_depth": 6.0, "min_child_weight": 4199.862490248227, "num_boost_round": 18.0, "subsample": 0.439621115506619}, "datetime": {"datetime": "2024-01-20 14:37:14", "elapsed": 800.389268, "delta": 0.001537}}
{"target": -12.352003366503816, "params": {"colsample_bytree": 0.26575882191064226, "eta": 0.026795620389789252, "gamma": 558.6025824189713, "max_depth": 6.0, "min_child_weight": 4199.862490248227, "num_boost_round": 19.0, "subsample": 0.439621115506619}, "datetime": {"datetime": "2024-01-20 14:37:14", "elapsed": 800.390817, "delta": 0.001549}}
{"target": -12.35195934141791, "params": {"colsample_bytree": 0.26575882191064226, "eta": 0.026795620389789252, "gamma": 558.6025824189713, "max_depth": 6.0, "min_child_weight": 4199.862490248227, "num_boost_round": 20.0, "subsample": 0.439621115506619}, "datetime": {"datetime": "2024-01-20 14:37:14", "elapsed": 800.392374, "delta": 0.001557}}
{"target": -12.351830277009073, "params": {"colsample_bytree": 0.26575882191064226, "eta": 0.026795620389789252, "gamma": 558.6025824189713, "max_depth": 6.0, "min_child_weight": 4199.862490248227, "num_boost_round": 21.0, "subsample": 0.439621115506619}, "datetime": {"datetime": "2024-01-20 14:37:14", "elapsed": 800.393908, "delta": 0.001534}}
{"target": -12.351812266005211, "params": {"colsample_bytree": 0.26575882191064226, "eta": 0.026795620389789252, "gamma": 558.6025824189713, "max_depth": 6.0, "min_child_weight": 4199.862490248227, "num_boost_round": 22.0, "subsample": 0.439621115506619}, "datetime": {"datetime": "2024-01-20 14:37:14", "elapsed": 800.395447, "delta": 0.001539}}
{"target": -12.358154120844997, "params": {"colsample_bytree": 0.4927872173966955, "eta": 0.01715043979276766, "gamma": 562.8215489258666, "max_depth": 5.0, "min_child_weight": 4242.267772998672, "num_boost_round": 1.0, "subsample": 0.9320559253012867}, "datetime": {"datetime": "2024-01-20 14:37:47", "elapsed": 833.523455, "delta": 33.128008}}
{"target": -12.357748765501402, "params": {"colsample_bytree": 0.4927872173966955, "eta": 0.01715043979276766, "gamma": 562.8215489258666, "max_depth": 5.0, "min_child_weight": 4242.267772998672, "num_boost_round": 2.0, "subsample": 0.9320559253012867}, "datetime": {"datetime": "2024-01-20 14:37:47", "elapsed": 833.52646, "delta": 0.003005}}
{"target": -12.35675044079682, "params": {"colsample_bytree": 0.4927872173966955, "eta": 0.01715043979276766, "gamma": 562.8215489258666, "max_depth": 5.0, "min_child_weight": 4242.267772998672, "num_boost_round": 3.0, "subsample": 0.9320559253012867}, "datetime": {"datetime": "2024-01-20 14:37:47", "elapsed": 833.528165, "delta": 0.001705}}
{"target": -12.356826081685732, "params": {"colsample_bytree": 0.4927872173966955, "eta": 0.01715043979276766, "gamma": 562.8215489258666, "max_depth": 5.0, "min_child_weight": 4242.267772998672, "num_boost_round": 4.0, "subsample": 0.9320559253012867}, "datetime": {"datetime": "2024-01-20 14:37:47", "elapsed": 833.52985, "delta": 0.001685}}
{"target": -12.355862449702268, "params": {"colsample_bytree": 0.4927872173966955, "eta": 0.01715043979276766, "gamma": 562.8215489258666, "max_depth": 5.0, "min_child_weight": 4242.267772998672, "num_boost_round": 5.0, "subsample": 0.9320559253012867}, "datetime": {"datetime": "2024-01-20 14:37:47", "elapsed": 833.531398, "delta": 0.001548}}
{"target": -12.355014444978595, "params": {"colsample_bytree": 0.4927872173966955, "eta": 0.01715043979276766, "gamma": 562.8215489258666, "max_depth": 5.0, "min_child_weight": 4242.267772998672, "num_boost_round": 6.0, "subsample": 0.9320559253012867}, "datetime": {"datetime": "2024-01-20 14:37:47", "elapsed": 833.532969, "delta": 0.001571}}
{"target": -12.354592067943535, "params": {"colsample_bytree": 0.4927872173966955, "eta": 0.01715043979276766, "gamma": 562.8215489258666, "max_depth": 5.0, "min_child_weight": 4242.267772998672, "num_boost_round": 7.0, "subsample": 0.9320559253012867}, "datetime": {"datetime": "2024-01-20 14:37:47", "elapsed": 833.534551, "delta": 0.001582}}
{"target": -12.354156262145978, "params": {"colsample_bytree": 0.4927872173966955, "eta": 0.01715043979276766, "gamma": 562.8215489258666, "max_depth": 5.0, "min_child_weight": 4242.267772998672, "num_boost_round": 8.0, "subsample": 0.9320559253012867}, "datetime": {"datetime": "2024-01-20 14:37:47", "elapsed": 833.536128, "delta": 0.001577}}
{"target": -12.354215121190938, "params": {"colsample_bytree": 0.4927872173966955, "eta": 0.01715043979276766, "gamma": 562.8215489258666, "max_depth": 5.0, "min_child_weight": 4242.267772998672, "num_boost_round": 9.0, "subsample": 0.9320559253012867}, "datetime": {"datetime": "2024-01-20 14:37:47", "elapsed": 833.537799, "delta": 0.001671}}
{"target": -12.353469208947375, "params": {"colsample_bytree": 0.4927872173966955, "eta": 0.01715043979276766, "gamma": 562.8215489258666, "max_depth": 5.0, "min_child_weight": 4242.267772998672, "num_boost_round": 10.0, "subsample": 0.9320559253012867}, "datetime": {"datetime": "2024-01-20 14:37:47", "elapsed": 833.539473, "delta": 0.001674}}
{"target": -12.353034614068335, "params": {"colsample_bytree": 0.4927872173966955, "eta": 0.01715043979276766, "gamma": 562.8215489258666, "max_depth": 5.0, "min_child_weight": 4242.267772998672, "num_boost_round": 11.0, "subsample": 0.9320559253012867}, "datetime": {"datetime": "2024-01-20 14:37:47", "elapsed": 833.541046, "delta": 0.001573}}
{"target": -12.352695040937952, "params": {"colsample_bytree": 0.4927872173966955, "eta": 0.01715043979276766, "gamma": 562.8215489258666, "max_depth": 5.0, "min_child_weight": 4242.267772998672, "num_boost_round": 12.0, "subsample": 0.9320559253012867}, "datetime": {"datetime": "2024-01-20 14:37:47", "elapsed": 833.542661, "delta": 0.001615}}
{"target": -12.352769126415883, "params": {"colsample_bytree": 0.4927872173966955, "eta": 0.01715043979276766, "gamma": 562.8215489258666, "max_depth": 5.0, "min_child_weight": 4242.267772998672, "num_boost_round": 13.0, "subsample": 0.9320559253012867}, "datetime": {"datetime": "2024-01-20 14:37:47", "elapsed": 833.544206, "delta": 0.001545}}
{"target": -12.3524257494736, "params": {"colsample_bytree": 0.4927872173966955, "eta": 0.01715043979276766, "gamma": 562.8215489258666, "max_depth": 5.0, "min_child_weight": 4242.267772998672, "num_boost_round": 14.0, "subsample": 0.9320559253012867}, "datetime": {"datetime": "2024-01-20 14:37:47", "elapsed": 833.545784, "delta": 0.001578}}
{"target": -12.352033119943458, "params": {"colsample_bytree": 0.4927872173966955, "eta": 0.01715043979276766, "gamma": 562.8215489258666, "max_depth": 5.0, "min_child_weight": 4242.267772998672, "num_boost_round": 15.0, "subsample": 0.9320559253012867}, "datetime": {"datetime": "2024-01-20 14:37:47", "elapsed": 833.547334, "delta": 0.00155}}
