{"target": -10.301737013642636, "params": {"colsample_bytree": 0.6157953295145201, "eta": 0.05770683500467628, "gamma": 790.4138443923538, "max_depth": 5.0, "min_child_weight": 4509.860774391265, "num_boost_round": 11.0, "subsample": 0.6933493451728382}, "datetime": {"datetime": "2024-01-20 15:00:24", "elapsed": 5921.908771, "delta": 0.005604}}
{"target": -10.302123923047464, "params": {"colsample_bytree": 0.6157953295145201, "eta": 0.05770683500467628, "gamma": 790.4138443923538, "max_depth": 5.0, "min_child_weight": 4509.860774391265, "num_boost_round": 12.0, "subsample": 0.6933493451728382}, "datetime": {"datetime": "2024-01-20 15:00:24", "elapsed": 5921.913974, "delta": 0.005203}}
{"target": -10.30254593713139, "params": {"colsample_bytree": 0.6157953295145201, "eta": 0.05770683500467628, "gamma": 790.4138443923538, "max_depth": 5.0, "min_child_weight": 4509.860774391265, "num_boost_round": 13.0, "subsample": 0.6933493451728382}, "datetime": {"datetime": "2024-01-20 15:00:24", "elapsed": 5921.919218, "delta": 0.005244}}
{"target": -10.302886234836006, "params": {"colsample_bytree": 0.6157953295145201, "eta": 0.05770683500467628, "gamma": 790.4138443923538, "max_depth": 5.0, "min_child_weight": 4509.860774391265, "num_boost_round": 14.0, "subsample": 0.6933493451728382}, "datetime": {"datetime": "2024-01-20 15:00:24", "elapsed": 5921.924403, "delta": 0.005185}}
{"target": -10.303397981672886, "params": {"colsample_bytree": 0.6157953295145201, "eta": 0.05770683500467628, "gamma": 790.4138443923538, "max_depth": 5.0, "min_child_weight": 4509.860774391265, "num_boost_round": 15.0, "subsample": 0.6933493451728382}, "datetime": {"datetime": "2024-01-20 15:00:24", "elapsed": 5921.929442, "delta": 0.005039}}
{"target": -10.30367475381634, "params": {"colsample_bytree": 0.6157953295145201, "eta": 0.05770683500467628, "gamma": 790.4138443923538, "max_depth": 5.0, "min_child_weight": 4509.860774391265, "num_boost_round": 16.0, "subsample": 0.6933493451728382}, "datetime": {"datetime": "2024-01-20 15:00:24", "elapsed": 5921.934204, "delta": 0.004762}}
{"target": -10.30417972587085, "params": {"colsample_bytree": 0.6157953295145201, "eta": 0.05770683500467628, "gamma": 790.4138443923538, "max_depth": 5.0, "min_child_weight": 4509.860774391265, "num_boost_round": 17.0, "subsample": 0.6933493451728382}, "datetime": {"datetime": "2024-01-20 15:00:24", "elapsed": 5921.939134, "delta": 0.00493}}
{"target": -10.3042557902123, "params": {"colsample_bytree": 0.6157953295145201, "eta": 0.05770683500467628, "gamma": 790.4138443923538, "max_depth": 5.0, "min_child_weight": 4509.860774391265, "num_boost_round": 18.0, "subsample": 0.6933493451728382}, "datetime": {"datetime": "2024-01-20 15:00:24", "elapsed": 5921.944049, "delta": 0.004915}}
{"target": -10.304881619188283, "params": {"colsample_bytree": 0.6157953295145201, "eta": 0.05770683500467628, "gamma": 790.4138443923538, "max_depth": 5.0, "min_child_weight": 4509.860774391265, "num_boost_round": 19.0, "subsample": 0.6933493451728382}, "datetime": {"datetime": "2024-01-20 15:00:24", "elapsed": 5921.950956, "delta": 0.006907}}
{"target": -10.305258049975768, "params": {"colsample_bytree": 0.6157953295145201, "eta": 0.05770683500467628, "gamma": 790.4138443923538, "max_depth": 5.0, "min_child_weight": 4509.860774391265, "num_boost_round": 20.0, "subsample": 0.6933493451728382}, "datetime": {"datetime": "2024-01-20 15:00:24", "elapsed": 5921.956134, "delta": 0.005178}}
{"target": -10.305530970528832, "params": {"colsample_bytree": 0.6157953295145201, "eta": 0.05770683500467628, "gamma": 790.4138443923538, "max_depth": 5.0, "min_child_weight": 4509.860774391265, "num_boost_round": 21.0, "subsample": 0.6933493451728382}, "datetime": {"datetime": "2024-01-20 15:00:24", "elapsed": 5921.962641, "delta": 0.006507}}
{"target": -10.305699639104105, "params": {"colsample_bytree": 0.6157953295145201, "eta": 0.05770683500467628, "gamma": 790.4138443923538, "max_depth": 5.0, "min_child_weight": 4509.860774391265, "num_boost_round": 22.0, "subsample": 0.6933493451728382}, "datetime": {"datetime": "2024-01-20 15:00:24", "elapsed": 5921.968585, "delta": 0.005944}}
{"target": -10.305982240314801, "params": {"colsample_bytree": 0.6157953295145201, "eta": 0.05770683500467628, "gamma": 790.4138443923538, "max_depth": 5.0, "min_child_weight": 4509.860774391265, "num_boost_round": 23.0, "subsample": 0.6933493451728382}, "datetime": {"datetime": "2024-01-20 15:00:24", "elapsed": 5921.974583, "delta": 0.005998}}
{"target": -10.30609300501611, "params": {"colsample_bytree": 0.6157953295145201, "eta": 0.05770683500467628, "gamma": 790.4138443923538, "max_depth": 5.0, "min_child_weight": 4509.860774391265, "num_boost_round": 24.0, "subsample": 0.6933493451728382}, "datetime": {"datetime": "2024-01-20 15:00:24", "elapsed": 5921.979765, "delta": 0.005182}}
{"target": -10.306235714597229, "params": {"colsample_bytree": 0.6157953295145201, "eta": 0.05770683500467628, "gamma": 790.4138443923538, "max_depth": 5.0, "min_child_weight": 4509.860774391265, "num_boost_round": 25.0, "subsample": 0.6933493451728382}, "datetime": {"datetime": "2024-01-20 15:00:24", "elapsed": 5921.984616, "delta": 0.004851}}
{"target": -10.306474273031782, "params": {"colsample_bytree": 0.6157953295145201, "eta": 0.05770683500467628, "gamma": 790.4138443923538, "max_depth": 5.0, "min_child_weight": 4509.860774391265, "num_boost_round": 26.0, "subsample": 0.6933493451728382}, "datetime": {"datetime": "2024-01-20 15:00:24", "elapsed": 5921.989356, "delta": 0.00474}}
{"target": -10.306574873913021, "params": {"colsample_bytree": 0.6157953295145201, "eta": 0.05770683500467628, "gamma": 790.4138443923538, "max_depth": 5.0, "min_child_weight": 4509.860774391265, "num_boost_round": 27.0, "subsample": 0.6933493451728382}, "datetime": {"datetime": "2024-01-20 15:00:24", "elapsed": 5921.993914, "delta": 0.004558}}
{"target": -10.306777721515093, "params": {"colsample_bytree": 0.6157953295145201, "eta": 0.05770683500467628, "gamma": 790.4138443923538, "max_depth": 5.0, "min_child_weight": 4509.860774391265, "num_boost_round": 28.0, "subsample": 0.6933493451728382}, "datetime": {"datetime": "2024-01-20 15:00:24", "elapsed": 5921.998614, "delta": 0.0047}}
{"target": -10.307281539031838, "params": {"colsample_bytree": 0.6157953295145201, "eta": 0.05770683500467628, "gamma": 790.4138443923538, "max_depth": 5.0, "min_child_weight": 4509.860774391265, "num_boost_round": 29.0, "subsample": 0.6933493451728382}, "datetime": {"datetime": "2024-01-20 15:00:24", "elapsed": 5922.003558, "delta": 0.004944}}
{"target": -10.307649100127398, "params": {"colsample_bytree": 0.6157953295145201, "eta": 0.05770683500467628, "gamma": 790.4138443923538, "max_depth": 5.0, "min_child_weight": 4509.860774391265, "num_boost_round": 30.0, "subsample": 0.6933493451728382}, "datetime": {"datetime": "2024-01-20 15:00:24", "elapsed": 5922.008459, "delta": 0.004901}}
{"target": -10.307896225456577, "params": {"colsample_bytree": 0.6157953295145201, "eta": 0.05770683500467628, "gamma": 790.4138443923538, "max_depth": 5.0, "min_child_weight": 4509.860774391265, "num_boost_round": 31.0, "subsample": 0.6933493451728382}, "datetime": {"datetime": "2024-01-20 15:00:24", "elapsed": 5922.013217, "delta": 0.004758}}
{"target": -10.308199833715271, "params": {"colsample_bytree": 0.6157953295145201, "eta": 0.05770683500467628, "gamma": 790.4138443923538, "max_depth": 5.0, "min_child_weight": 4509.860774391265, "num_boost_round": 32.0, "subsample": 0.6933493451728382}, "datetime": {"datetime": "2024-01-20 15:00:24", "elapsed": 5922.017969, "delta": 0.004752}}
{"target": -10.308692957341231, "params": {"colsample_bytree": 0.6157953295145201, "eta": 0.05770683500467628, "gamma": 790.4138443923538, "max_depth": 5.0, "min_child_weight": 4509.860774391265, "num_boost_round": 33.0, "subsample": 0.6933493451728382}, "datetime": {"datetime": "2024-01-20 15:00:24", "elapsed": 5922.022704, "delta": 0.004735}}
{"target": -10.308728180299722, "params": {"colsample_bytree": 0.6157953295145201, "eta": 0.05770683500467628, "gamma": 790.4138443923538, "max_depth": 5.0, "min_child_weight": 4509.860774391265, "num_boost_round": 34.0, "subsample": 0.6933493451728382}, "datetime": {"datetime": "2024-01-20 15:00:24", "elapsed": 5922.027336, "delta": 0.004632}}
{"target": -10.309067859339233, "params": {"colsample_bytree": 0.6157953295145201, "eta": 0.05770683500467628, "gamma": 790.4138443923538, "max_depth": 5.0, "min_child_weight": 4509.860774391265, "num_boost_round": 35.0, "subsample": 0.6933493451728382}, "datetime": {"datetime": "2024-01-20 15:00:24", "elapsed": 5922.031771, "delta": 0.004435}}
{"target": -10.309512953961615, "params": {"colsample_bytree": 0.6157953295145201, "eta": 0.05770683500467628, "gamma": 790.4138443923538, "max_depth": 5.0, "min_child_weight": 4509.860774391265, "num_boost_round": 36.0, "subsample": 0.6933493451728382}, "datetime": {"datetime": "2024-01-20 15:00:24", "elapsed": 5922.036496, "delta": 0.004725}}
{"target": -10.309688190278155, "params": {"colsample_bytree": 0.6157953295145201, "eta": 0.05770683500467628, "gamma": 790.4138443923538, "max_depth": 5.0, "min_child_weight": 4509.860774391265, "num_boost_round": 37.0, "subsample": 0.6933493451728382}, "datetime": {"datetime": "2024-01-20 15:00:24", "elapsed": 5922.041421, "delta": 0.004925}}
{"target": -10.309839391929803, "params": {"colsample_bytree": 0.6157953295145201, "eta": 0.05770683500467628, "gamma": 790.4138443923538, "max_depth": 5.0, "min_child_weight": 4509.860774391265, "num_boost_round": 38.0, "subsample": 0.6933493451728382}, "datetime": {"datetime": "2024-01-20 15:00:24", "elapsed": 5922.046144, "delta": 0.004723}}
{"target": -10.31041074193696, "params": {"colsample_bytree": 0.6157953295145201, "eta": 0.05770683500467628, "gamma": 790.4138443923538, "max_depth": 5.0, "min_child_weight": 4509.860774391265, "num_boost_round": 39.0, "subsample": 0.6933493451728382}, "datetime": {"datetime": "2024-01-20 15:00:24", "elapsed": 5922.05071, "delta": 0.004566}}
{"target": -10.3104483163808, "params": {"colsample_bytree": 0.6157953295145201, "eta": 0.05770683500467628, "gamma": 790.4138443923538, "max_depth": 5.0, "min_child_weight": 4509.860774391265, "num_boost_round": 40.0, "subsample": 0.6933493451728382}, "datetime": {"datetime": "2024-01-20 15:00:24", "elapsed": 5922.057496, "delta": 0.006786}}
{"target": -10.310592422459038, "params": {"colsample_bytree": 0.6157953295145201, "eta": 0.05770683500467628, "gamma": 790.4138443923538, "max_depth": 5.0, "min_child_weight": 4509.860774391265, "num_boost_round": 41.0, "subsample": 0.6933493451728382}, "datetime": {"datetime": "2024-01-20 15:00:24", "elapsed": 5922.063223, "delta": 0.005727}}
{"target": -10.310788211067617, "params": {"colsample_bytree": 0.6157953295145201, "eta": 0.05770683500467628, "gamma": 790.4138443923538, "max_depth": 5.0, "min_child_weight": 4509.860774391265, "num_boost_round": 42.0, "subsample": 0.6933493451728382}, "datetime": {"datetime": "2024-01-20 15:00:24", "elapsed": 5922.068614, "delta": 0.005391}}
{"target": -10.31107672165324, "params": {"colsample_bytree": 0.6157953295145201, "eta": 0.05770683500467628, "gamma": 790.4138443923538, "max_depth": 5.0, "min_child_weight": 4509.860774391265, "num_boost_round": 43.0, "subsample": 0.6933493451728382}, "datetime": {"datetime": "2024-01-20 15:00:24", "elapsed": 5922.073651, "delta": 0.005037}}
{"target": -10.311432872980046, "params": {"colsample_bytree": 0.6157953295145201, "eta": 0.05770683500467628, "gamma": 790.4138443923538, "max_depth": 5.0, "min_child_weight": 4509.860774391265, "num_boost_round": 44.0, "subsample": 0.6933493451728382}, "datetime": {"datetime": "2024-01-20 15:00:24", "elapsed": 5922.078606, "delta": 0.004955}}
{"target": -10.311799919757743, "params": {"colsample_bytree": 0.6157953295145201, "eta": 0.05770683500467628, "gamma": 790.4138443923538, "max_depth": 5.0, "min_child_weight": 4509.860774391265, "num_boost_round": 45.0, "subsample": 0.6933493451728382}, "datetime": {"datetime": "2024-01-20 15:00:24", "elapsed": 5922.083884, "delta": 0.005278}}
{"target": -10.311937402556133, "params": {"colsample_bytree": 0.6157953295145201, "eta": 0.05770683500467628, "gamma": 790.4138443923538, "max_depth": 5.0, "min_child_weight": 4509.860774391265, "num_boost_round": 46.0, "subsample": 0.6933493451728382}, "datetime": {"datetime": "2024-01-20 15:00:24", "elapsed": 5922.089549, "delta": 0.005665}}
{"target": -10.312275371445434, "params": {"colsample_bytree": 0.6157953295145201, "eta": 0.05770683500467628, "gamma": 790.4138443923538, "max_depth": 5.0, "min_child_weight": 4509.860774391265, "num_boost_round": 47.0, "subsample": 0.6933493451728382}, "datetime": {"datetime": "2024-01-20 15:00:24", "elapsed": 5922.094614, "delta": 0.005065}}
{"target": -10.31237257428274, "params": {"colsample_bytree": 0.6157953295145201, "eta": 0.05770683500467628, "gamma": 790.4138443923538, "max_depth": 5.0, "min_child_weight": 4509.860774391265, "num_boost_round": 48.0, "subsample": 0.6933493451728382}, "datetime": {"datetime": "2024-01-20 15:00:24", "elapsed": 5922.099368, "delta": 0.004754}}
{"target": -10.312475706266587, "params": {"colsample_bytree": 0.6157953295145201, "eta": 0.05770683500467628, "gamma": 790.4138443923538, "max_depth": 5.0, "min_child_weight": 4509.860774391265, "num_boost_round": 49.0, "subsample": 0.6933493451728382}, "datetime": {"datetime": "2024-01-20 15:00:24", "elapsed": 5922.104468, "delta": 0.0051}}
{"target": -10.312491701933649, "params": {"colsample_bytree": 0.6157953295145201, "eta": 0.05770683500467628, "gamma": 790.4138443923538, "max_depth": 5.0, "min_child_weight": 4509.860774391265, "num_boost_round": 50.0, "subsample": 0.6933493451728382}, "datetime": {"datetime": "2024-01-20 15:00:24", "elapsed": 5922.109829, "delta": 0.005361}}
{"target": -10.313081368786944, "params": {"colsample_bytree": 0.6157953295145201, "eta": 0.05770683500467628, "gamma": 790.4138443923538, "max_depth": 5.0, "min_child_weight": 4509.860774391265, "num_boost_round": 51.0, "subsample": 0.6933493451728382}, "datetime": {"datetime": "2024-01-20 15:00:24", "elapsed": 5922.114802, "delta": 0.004973}}
{"target": -10.313382882039647, "params": {"colsample_bytree": 0.6157953295145201, "eta": 0.05770683500467628, "gamma": 790.4138443923538, "max_depth": 5.0, "min_child_weight": 4509.860774391265, "num_boost_round": 52.0, "subsample": 0.6933493451728382}, "datetime": {"datetime": "2024-01-20 15:00:24", "elapsed": 5922.119726, "delta": 0.004924}}
{"target": -10.313392235373263, "params": {"colsample_bytree": 0.6157953295145201, "eta": 0.05770683500467628, "gamma": 790.4138443923538, "max_depth": 5.0, "min_child_weight": 4509.860774391265, "num_boost_round": 53.0, "subsample": 0.6933493451728382}, "datetime": {"datetime": "2024-01-20 15:00:24", "elapsed": 5922.124802, "delta": 0.005076}}
{"target": -10.313658884152904, "params": {"colsample_bytree": 0.6157953295145201, "eta": 0.05770683500467628, "gamma": 790.4138443923538, "max_depth": 5.0, "min_child_weight": 4509.860774391265, "num_boost_round": 54.0, "subsample": 0.6933493451728382}, "datetime": {"datetime": "2024-01-20 15:00:24", "elapsed": 5922.129959, "delta": 0.005157}}
{"target": -10.313892582863636, "params": {"colsample_bytree": 0.6157953295145201, "eta": 0.05770683500467628, "gamma": 790.4138443923538, "max_depth": 5.0, "min_child_weight": 4509.860774391265, "num_boost_round": 55.0, "subsample": 0.6933493451728382}, "datetime": {"datetime": "2024-01-20 15:00:24", "elapsed": 5922.135131, "delta": 0.005172}}
{"target": -10.313932628688626, "params": {"colsample_bytree": 0.6157953295145201, "eta": 0.05770683500467628, "gamma": 790.4138443923538, "max_depth": 5.0, "min_child_weight": 4509.860774391265, "num_boost_round": 56.0, "subsample": 0.6933493451728382}, "datetime": {"datetime": "2024-01-20 15:00:24", "elapsed": 5922.14033, "delta": 0.005199}}
{"target": -10.31423687272465, "params": {"colsample_bytree": 0.6157953295145201, "eta": 0.05770683500467628, "gamma": 790.4138443923538, "max_depth": 5.0, "min_child_weight": 4509.860774391265, "num_boost_round": 57.0, "subsample": 0.6933493451728382}, "datetime": {"datetime": "2024-01-20 15:00:24", "elapsed": 5922.145424, "delta": 0.005094}}
{"target": -10.314396253214657, "params": {"colsample_bytree": 0.6157953295145201, "eta": 0.05770683500467628, "gamma": 790.4138443923538, "max_depth": 5.0, "min_child_weight": 4509.860774391265, "num_boost_round": 58.0, "subsample": 0.6933493451728382}, "datetime": {"datetime": "2024-01-20 15:00:24", "elapsed": 5922.150405, "delta": 0.004981}}
{"target": -10.314612436216567, "params": {"colsample_bytree": 0.6157953295145201, "eta": 0.05770683500467628, "gamma": 790.4138443923538, "max_depth": 5.0, "min_child_weight": 4509.860774391265, "num_boost_round": 59.0, "subsample": 0.6933493451728382}, "datetime": {"datetime": "2024-01-20 15:00:24", "elapsed": 5922.155005, "delta": 0.0046}}
{"target": -10.314620327241183, "params": {"colsample_bytree": 0.6157953295145201, "eta": 0.05770683500467628, "gamma": 790.4138443923538, "max_depth": 5.0, "min_child_weight": 4509.860774391265, "num_boost_round": 60.0, "subsample": 0.6933493451728382}, "datetime": {"datetime": "2024-01-20 15:00:24", "elapsed": 5922.159383, "delta": 0.004378}}
{"target": -10.315142539071918, "params": {"colsample_bytree": 0.6157953295145201, "eta": 0.05770683500467628, "gamma": 790.4138443923538, "max_depth": 5.0, "min_child_weight": 4509.860774391265, "num_boost_round": 61.0, "subsample": 0.6933493451728382}, "datetime": {"datetime": "2024-01-20 15:00:24", "elapsed": 5922.163668, "delta": 0.004285}}
{"target": -10.31552925343636, "params": {"colsample_bytree": 0.6157953295145201, "eta": 0.05770683500467628, "gamma": 790.4138443923538, "max_depth": 5.0, "min_child_weight": 4509.860774391265, "num_boost_round": 62.0, "subsample": 0.6933493451728382}, "datetime": {"datetime": "2024-01-20 15:00:24", "elapsed": 5922.168098, "delta": 0.00443}}
{"target": -10.315484706216143, "params": {"colsample_bytree": 0.6157953295145201, "eta": 0.05770683500467628, "gamma": 790.4138443923538, "max_depth": 5.0, "min_child_weight": 4509.860774391265, "num_boost_round": 63.0, "subsample": 0.6933493451728382}, "datetime": {"datetime": "2024-01-20 15:00:24", "elapsed": 5922.172657, "delta": 0.004559}}
{"target": -10.315823594624067, "params": {"colsample_bytree": 0.6157953295145201, "eta": 0.05770683500467628, "gamma": 790.4138443923538, "max_depth": 5.0, "min_child_weight": 4509.860774391265, "num_boost_round": 64.0, "subsample": 0.6933493451728382}, "datetime": {"datetime": "2024-01-20 15:00:24", "elapsed": 5922.177624, "delta": 0.004967}}
{"target": -10.315966925913312, "params": {"colsample_bytree": 0.6157953295145201, "eta": 0.05770683500467628, "gamma": 790.4138443923538, "max_depth": 5.0, "min_child_weight": 4509.860774391265, "num_boost_round": 65.0, "subsample": 0.6933493451728382}, "datetime": {"datetime": "2024-01-20 15:00:24", "elapsed": 5922.182614, "delta": 0.00499}}
{"target": -10.316102724147736, "params": {"colsample_bytree": 0.6157953295145201, "eta": 0.05770683500467628, "gamma": 790.4138443923538, "max_depth": 5.0, "min_child_weight": 4509.860774391265, "num_boost_round": 66.0, "subsample": 0.6933493451728382}, "datetime": {"datetime": "2024-01-20 15:00:24", "elapsed": 5922.19032, "delta": 0.007706}}
{"target": -10.316415531671595, "params": {"colsample_bytree": 0.6157953295145201, "eta": 0.05770683500467628, "gamma": 790.4138443923538, "max_depth": 5.0, "min_child_weight": 4509.860774391265, "num_boost_round": 67.0, "subsample": 0.6933493451728382}, "datetime": {"datetime": "2024-01-20 15:00:24", "elapsed": 5922.195979, "delta": 0.005659}}
{"target": -10.316625431409287, "params": {"colsample_bytree": 0.6157953295145201, "eta": 0.05770683500467628, "gamma": 790.4138443923538, "max_depth": 5.0, "min_child_weight": 4509.860774391265, "num_boost_round": 68.0, "subsample": 0.6933493451728382}, "datetime": {"datetime": "2024-01-20 15:00:24", "elapsed": 5922.202317, "delta": 0.006338}}
{"target": -10.316955205664591, "params": {"colsample_bytree": 0.6157953295145201, "eta": 0.05770683500467628, "gamma": 790.4138443923538, "max_depth": 5.0, "min_child_weight": 4509.860774391265, "num_boost_round": 69.0, "subsample": 0.6933493451728382}, "datetime": {"datetime": "2024-01-20 15:00:24", "elapsed": 5922.20773, "delta": 0.005413}}
{"target": -10.29852036699975, "params": {"colsample_bytree": 0.8013475275262009, "eta": 0.0013208636845136376, "gamma": 263.5350885770592, "max_depth": 2.0, "min_child_weight": 3865.229444606803, "num_boost_round": 1.0, "subsample": 0.45617614838537734}, "datetime": {"datetime": "2024-01-20 15:01:17", "elapsed": 5975.437565, "delta": 53.229835}}
{"target": -10.298522643680567, "params": {"colsample_bytree": 0.8013475275262009, "eta": 0.0013208636845136376, "gamma": 263.5350885770592, "max_depth": 2.0, "min_child_weight": 3865.229444606803, "num_boost_round": 2.0, "subsample": 0.45617614838537734}, "datetime": {"datetime": "2024-01-20 15:01:17", "elapsed": 5975.445909, "delta": 0.008344}}
{"target": -10.298525169323053, "params": {"colsample_bytree": 0.8013475275262009, "eta": 0.0013208636845136376, "gamma": 263.5350885770592, "max_depth": 2.0, "min_child_weight": 3865.229444606803, "num_boost_round": 3.0, "subsample": 0.45617614838537734}, "datetime": {"datetime": "2024-01-20 15:01:17", "elapsed": 5975.450646, "delta": 0.004737}}
{"target": -10.298529436288064, "params": {"colsample_bytree": 0.8013475275262009, "eta": 0.0013208636845136376, "gamma": 263.5350885770592, "max_depth": 2.0, "min_child_weight": 3865.229444606803, "num_boost_round": 4.0, "subsample": 0.45617614838537734}, "datetime": {"datetime": "2024-01-20 15:01:17", "elapsed": 5975.45499, "delta": 0.004344}}
