{"target": -13.731238828355602, "params": {"colsample_bytree": 0.6663687590736994, "eta": 0.006873250899824457, "gamma": 652.70611212752, "max_depth": 2.0, "min_child_weight": 4202.976975112829, "num_boost_round": 3.0, "subsample": 0.6151863509124926}, "datetime": {"datetime": "2024-01-20 14:26:42", "elapsed": 163.801892, "delta": 0.000426}}
{"target": -13.731305490575286, "params": {"colsample_bytree": 0.6663687590736994, "eta": 0.006873250899824457, "gamma": 652.70611212752, "max_depth": 2.0, "min_child_weight": 4202.976975112829, "num_boost_round": 4.0, "subsample": 0.6151863509124926}, "datetime": {"datetime": "2024-01-20 14:26:42", "elapsed": 163.802277, "delta": 0.000385}}
{"target": -13.73137046025625, "params": {"colsample_bytree": 0.6663687590736994, "eta": 0.006873250899824457, "gamma": 652.70611212752, "max_depth": 2.0, "min_child_weight": 4202.976975112829, "num_boost_round": 5.0, "subsample": 0.6151863509124926}, "datetime": {"datetime": "2024-01-20 14:26:42", "elapsed": 163.802671, "delta": 0.000394}}
{"target": -13.731475077074824, "params": {"colsample_bytree": 0.6663687590736994, "eta": 0.006873250899824457, "gamma": 652.70611212752, "max_depth": 2.0, "min_child_weight": 4202.976975112829, "num_boost_round": 6.0, "subsample": 0.6151863509124926}, "datetime": {"datetime": "2024-01-20 14:26:42", "elapsed": 163.803495, "delta": 0.000824}}
{"target": -13.73157700107017, "params": {"colsample_bytree": 0.6663687590736994, "eta": 0.006873250899824457, "gamma": 652.70611212752, "max_depth": 2.0, "min_child_weight": 4202.976975112829, "num_boost_round": 7.0, "subsample": 0.6151863509124926}, "datetime": {"datetime": "2024-01-20 14:26:42", "elapsed": 163.80411, "delta": 0.000615}}
{"target": -13.731995184651872, "params": {"colsample_bytree": 0.7088882662159723, "eta": 0.0532290723480427, "gamma": 496.41090827482515, "max_depth": 4.0, "min_child_weight": 4392.806912125768, "num_boost_round": 1.0, "subsample": 0.25131171955727716}, "datetime": {"datetime": "2024-01-20 14:26:56", "elapsed": 177.054956, "delta": 13.250846}}
{"target": -13.7328222979874, "params": {"colsample_bytree": 0.7088882662159723, "eta": 0.0532290723480427, "gamma": 496.41090827482515, "max_depth": 4.0, "min_child_weight": 4392.806912125768, "num_boost_round": 2.0, "subsample": 0.25131171955727716}, "datetime": {"datetime": "2024-01-20 14:26:56", "elapsed": 177.055503, "delta": 0.000547}}
{"target": -13.733780317579921, "params": {"colsample_bytree": 0.7088882662159723, "eta": 0.0532290723480427, "gamma": 496.41090827482515, "max_depth": 4.0, "min_child_weight": 4392.806912125768, "num_boost_round": 3.0, "subsample": 0.25131171955727716}, "datetime": {"datetime": "2024-01-20 14:26:56", "elapsed": 177.05593, "delta": 0.000427}}
{"target": -13.731087593407771, "params": {"colsample_bytree": 0.12429025523392295, "eta": 0.020562611962932666, "gamma": 693.2024245187523, "max_depth": 9.0, "min_child_weight": 4116.810243627501, "num_boost_round": 1.0, "subsample": 0.9636346208578394}, "datetime": {"datetime": "2024-01-20 14:27:09", "elapsed": 189.903371, "delta": 12.847441}}
{"target": -13.731149078088468, "params": {"colsample_bytree": 0.3014253636898158, "eta": 0.01703221549604184, "gamma": 509.6618261199025, "max_depth": 2.0, "min_child_weight": 4469.015044059776, "num_boost_round": 1.0, "subsample": 0.7896261278514476}, "datetime": {"datetime": "2024-01-20 14:27:21", "elapsed": 202.417217, "delta": 12.513846}}
{"target": -13.731241582933661, "params": {"colsample_bytree": 0.12785153913245847, "eta": 0.05296791787922802, "gamma": 427.23850937732965, "max_depth": 4.0, "min_child_weight": 4434.19851838155, "num_boost_round": 1.0, "subsample": 0.6908680004512286}, "datetime": {"datetime": "2024-01-20 14:27:42", "elapsed": 222.89586, "delta": 20.478643}}
{"target": -13.731608819489928, "params": {"colsample_bytree": 0.12785153913245847, "eta": 0.05296791787922802, "gamma": 427.23850937732965, "max_depth": 4.0, "min_child_weight": 4434.19851838155, "num_boost_round": 2.0, "subsample": 0.6908680004512286}, "datetime": {"datetime": "2024-01-20 14:27:42", "elapsed": 222.896383, "delta": 0.000523}}
{"target": -13.731878752665843, "params": {"colsample_bytree": 0.12785153913245847, "eta": 0.05296791787922802, "gamma": 427.23850937732965, "max_depth": 4.0, "min_child_weight": 4434.19851838155, "num_boost_round": 3.0, "subsample": 0.6908680004512286}, "datetime": {"datetime": "2024-01-20 14:27:42", "elapsed": 222.896804, "delta": 0.000421}}
{"target": -13.732161193178454, "params": {"colsample_bytree": 0.12785153913245847, "eta": 0.05296791787922802, "gamma": 427.23850937732965, "max_depth": 4.0, "min_child_weight": 4434.19851838155, "num_boost_round": 4.0, "subsample": 0.6908680004512286}, "datetime": {"datetime": "2024-01-20 14:27:42", "elapsed": 222.897211, "delta": 0.000407}}
{"target": -13.732486781018403, "params": {"colsample_bytree": 0.12785153913245847, "eta": 0.05296791787922802, "gamma": 427.23850937732965, "max_depth": 4.0, "min_child_weight": 4434.19851838155, "num_boost_round": 5.0, "subsample": 0.6908680004512286}, "datetime": {"datetime": "2024-01-20 14:27:42", "elapsed": 222.897622, "delta": 0.000411}}
{"target": -13.733119406744974, "params": {"colsample_bytree": 0.12785153913245847, "eta": 0.05296791787922802, "gamma": 427.23850937732965, "max_depth": 4.0, "min_child_weight": 4434.19851838155, "num_boost_round": 6.0, "subsample": 0.6908680004512286}, "datetime": {"datetime": "2024-01-20 14:27:42", "elapsed": 222.898418, "delta": 0.000796}}
{"target": -13.733793027555189, "params": {"colsample_bytree": 0.12785153913245847, "eta": 0.05296791787922802, "gamma": 427.23850937732965, "max_depth": 4.0, "min_child_weight": 4434.19851838155, "num_boost_round": 7.0, "subsample": 0.6908680004512286}, "datetime": {"datetime": "2024-01-20 14:27:42", "elapsed": 222.898934, "delta": 0.000516}}
{"target": -13.733961063888538, "params": {"colsample_bytree": 0.12785153913245847, "eta": 0.05296791787922802, "gamma": 427.23850937732965, "max_depth": 4.0, "min_child_weight": 4434.19851838155, "num_boost_round": 8.0, "subsample": 0.6908680004512286}, "datetime": {"datetime": "2024-01-20 14:27:42", "elapsed": 222.899333, "delta": 0.000399}}
{"target": -13.734363354103492, "params": {"colsample_bytree": 0.12785153913245847, "eta": 0.05296791787922802, "gamma": 427.23850937732965, "max_depth": 4.0, "min_child_weight": 4434.19851838155, "num_boost_round": 9.0, "subsample": 0.6908680004512286}, "datetime": {"datetime": "2024-01-20 14:27:42", "elapsed": 222.899739, "delta": 0.000406}}
{"target": -13.735008368370625, "params": {"colsample_bytree": 0.12785153913245847, "eta": 0.05296791787922802, "gamma": 427.23850937732965, "max_depth": 4.0, "min_child_weight": 4434.19851838155, "num_boost_round": 10.0, "subsample": 0.6908680004512286}, "datetime": {"datetime": "2024-01-20 14:27:42", "elapsed": 222.900137, "delta": 0.000398}}
{"target": -13.735209293909683, "params": {"colsample_bytree": 0.12785153913245847, "eta": 0.05296791787922802, "gamma": 427.23850937732965, "max_depth": 4.0, "min_child_weight": 4434.19851838155, "num_boost_round": 11.0, "subsample": 0.6908680004512286}, "datetime": {"datetime": "2024-01-20 14:27:42", "elapsed": 222.900541, "delta": 0.000404}}
{"target": -13.73529701365976, "params": {"colsample_bytree": 0.12785153913245847, "eta": 0.05296791787922802, "gamma": 427.23850937732965, "max_depth": 4.0, "min_child_weight": 4434.19851838155, "num_boost_round": 12.0, "subsample": 0.6908680004512286}, "datetime": {"datetime": "2024-01-20 14:27:42", "elapsed": 222.901082, "delta": 0.000541}}
{"target": -13.735463489568446, "params": {"colsample_bytree": 0.12785153913245847, "eta": 0.05296791787922802, "gamma": 427.23850937732965, "max_depth": 4.0, "min_child_weight": 4434.19851838155, "num_boost_round": 13.0, "subsample": 0.6908680004512286}, "datetime": {"datetime": "2024-01-20 14:27:42", "elapsed": 222.901483, "delta": 0.000401}}
{"target": -13.735982902238417, "params": {"colsample_bytree": 0.12785153913245847, "eta": 0.05296791787922802, "gamma": 427.23850937732965, "max_depth": 4.0, "min_child_weight": 4434.19851838155, "num_boost_round": 14.0, "subsample": 0.6908680004512286}, "datetime": {"datetime": "2024-01-20 14:27:42", "elapsed": 222.901887, "delta": 0.000404}}
{"target": -13.73595241935574, "params": {"colsample_bytree": 0.12785153913245847, "eta": 0.05296791787922802, "gamma": 427.23850937732965, "max_depth": 4.0, "min_child_weight": 4434.19851838155, "num_boost_round": 15.0, "subsample": 0.6908680004512286}, "datetime": {"datetime": "2024-01-20 14:27:42", "elapsed": 222.902289, "delta": 0.000402}}
{"target": -13.736113871224676, "params": {"colsample_bytree": 0.12785153913245847, "eta": 0.05296791787922802, "gamma": 427.23850937732965, "max_depth": 4.0, "min_child_weight": 4434.19851838155, "num_boost_round": 16.0, "subsample": 0.6908680004512286}, "datetime": {"datetime": "2024-01-20 14:27:42", "elapsed": 222.902692, "delta": 0.000403}}
{"target": -13.736698323471966, "params": {"colsample_bytree": 0.12785153913245847, "eta": 0.05296791787922802, "gamma": 427.23850937732965, "max_depth": 4.0, "min_child_weight": 4434.19851838155, "num_boost_round": 17.0, "subsample": 0.6908680004512286}, "datetime": {"datetime": "2024-01-20 14:27:42", "elapsed": 222.903091, "delta": 0.000399}}
{"target": -13.736943556517824, "params": {"colsample_bytree": 0.12785153913245847, "eta": 0.05296791787922802, "gamma": 427.23850937732965, "max_depth": 4.0, "min_child_weight": 4434.19851838155, "num_boost_round": 18.0, "subsample": 0.6908680004512286}, "datetime": {"datetime": "2024-01-20 14:27:42", "elapsed": 222.903495, "delta": 0.000404}}
{"target": -13.731024611843704, "params": {"colsample_bytree": 0.12441394231292525, "eta": 0.0015203333541014136, "gamma": 455.7211482515531, "max_depth": 7.0, "min_child_weight": 4536.278332815699, "num_boost_round": 1.0, "subsample": 0.9292211780231427}, "datetime": {"datetime": "2024-01-20 14:27:55", "elapsed": 236.80077, "delta": 13.897275}}
{"target": -13.731035117080573, "params": {"colsample_bytree": 0.12441394231292525, "eta": 0.0015203333541014136, "gamma": 455.7211482515531, "max_depth": 7.0, "min_child_weight": 4536.278332815699, "num_boost_round": 2.0, "subsample": 0.9292211780231427}, "datetime": {"datetime": "2024-01-20 14:27:55", "elapsed": 236.801715, "delta": 0.000945}}
{"target": -13.731035773333128, "params": {"colsample_bytree": 0.12441394231292525, "eta": 0.0015203333541014136, "gamma": 455.7211482515531, "max_depth": 7.0, "min_child_weight": 4536.278332815699, "num_boost_round": 3.0, "subsample": 0.9292211780231427}, "datetime": {"datetime": "2024-01-20 14:27:55", "elapsed": 236.802293, "delta": 0.000578}}
{"target": -13.732806262252234, "params": {"colsample_bytree": 0.5564261118194784, "eta": 0.08921230206686302, "gamma": 358.7091712593461, "max_depth": 8.0, "min_child_weight": 4486.995059333955, "num_boost_round": 1.0, "subsample": 0.7717473931986346}, "datetime": {"datetime": "2024-01-20 14:28:17", "elapsed": 258.578055, "delta": 21.775762}}
{"target": -13.734748720427596, "params": {"colsample_bytree": 0.5564261118194784, "eta": 0.08921230206686302, "gamma": 358.7091712593461, "max_depth": 8.0, "min_child_weight": 4486.995059333955, "num_boost_round": 2.0, "subsample": 0.7717473931986346}, "datetime": {"datetime": "2024-01-20 14:28:17", "elapsed": 258.578895, "delta": 0.00084}}
{"target": -13.736889930652204, "params": {"colsample_bytree": 0.5564261118194784, "eta": 0.08921230206686302, "gamma": 358.7091712593461, "max_depth": 8.0, "min_child_weight": 4486.995059333955, "num_boost_round": 3.0, "subsample": 0.7717473931986346}, "datetime": {"datetime": "2024-01-20 14:28:17", "elapsed": 258.579587, "delta": 0.000692}}
{"target": -13.739195450996636, "params": {"colsample_bytree": 0.5564261118194784, "eta": 0.08921230206686302, "gamma": 358.7091712593461, "max_depth": 8.0, "min_child_weight": 4486.995059333955, "num_boost_round": 4.0, "subsample": 0.7717473931986346}, "datetime": {"datetime": "2024-01-20 14:28:17", "elapsed": 258.580035, "delta": 0.000448}}
{"target": -13.741912768334686, "params": {"colsample_bytree": 0.5564261118194784, "eta": 0.08921230206686302, "gamma": 358.7091712593461, "max_depth": 8.0, "min_child_weight": 4486.995059333955, "num_boost_round": 5.0, "subsample": 0.7717473931986346}, "datetime": {"datetime": "2024-01-20 14:28:17", "elapsed": 258.580463, "delta": 0.000428}}
{"target": -13.745196707215682, "params": {"colsample_bytree": 0.5564261118194784, "eta": 0.08921230206686302, "gamma": 358.7091712593461, "max_depth": 8.0, "min_child_weight": 4486.995059333955, "num_boost_round": 6.0, "subsample": 0.7717473931986346}, "datetime": {"datetime": "2024-01-20 14:28:17", "elapsed": 258.580894, "delta": 0.000431}}
{"target": -13.747137026055825, "params": {"colsample_bytree": 0.5564261118194784, "eta": 0.08921230206686302, "gamma": 358.7091712593461, "max_depth": 8.0, "min_child_weight": 4486.995059333955, "num_boost_round": 7.0, "subsample": 0.7717473931986346}, "datetime": {"datetime": "2024-01-20 14:28:17", "elapsed": 258.581319, "delta": 0.000425}}
{"target": -13.749477196845277, "params": {"colsample_bytree": 0.5564261118194784, "eta": 0.08921230206686302, "gamma": 358.7091712593461, "max_depth": 8.0, "min_child_weight": 4486.995059333955, "num_boost_round": 8.0, "subsample": 0.7717473931986346}, "datetime": {"datetime": "2024-01-20 14:28:17", "elapsed": 258.581863, "delta": 0.000544}}
{"target": -13.751640111354597, "params": {"colsample_bytree": 0.5564261118194784, "eta": 0.08921230206686302, "gamma": 358.7091712593461, "max_depth": 8.0, "min_child_weight": 4486.995059333955, "num_boost_round": 9.0, "subsample": 0.7717473931986346}, "datetime": {"datetime": "2024-01-20 14:28:17", "elapsed": 258.582288, "delta": 0.000425}}
{"target": -13.754036947409435, "params": {"colsample_bytree": 0.5564261118194784, "eta": 0.08921230206686302, "gamma": 358.7091712593461, "max_depth": 8.0, "min_child_weight": 4486.995059333955, "num_boost_round": 10.0, "subsample": 0.7717473931986346}, "datetime": {"datetime": "2024-01-20 14:28:17", "elapsed": 258.582713, "delta": 0.000425}}
{"target": -13.755935665590247, "params": {"colsample_bytree": 0.5564261118194784, "eta": 0.08921230206686302, "gamma": 358.7091712593461, "max_depth": 8.0, "min_child_weight": 4486.995059333955, "num_boost_round": 11.0, "subsample": 0.7717473931986346}, "datetime": {"datetime": "2024-01-20 14:28:17", "elapsed": 258.58314, "delta": 0.000427}}
{"target": -13.759095449751669, "params": {"colsample_bytree": 0.5564261118194784, "eta": 0.08921230206686302, "gamma": 358.7091712593461, "max_depth": 8.0, "min_child_weight": 4486.995059333955, "num_boost_round": 12.0, "subsample": 0.7717473931986346}, "datetime": {"datetime": "2024-01-20 14:28:17", "elapsed": 258.583584, "delta": 0.000444}}
{"target": -13.761147886024386, "params": {"colsample_bytree": 0.5564261118194784, "eta": 0.08921230206686302, "gamma": 358.7091712593461, "max_depth": 8.0, "min_child_weight": 4486.995059333955, "num_boost_round": 13.0, "subsample": 0.7717473931986346}, "datetime": {"datetime": "2024-01-20 14:28:17", "elapsed": 258.584123, "delta": 0.000539}}
{"target": -13.763604844124256, "params": {"colsample_bytree": 0.5564261118194784, "eta": 0.08921230206686302, "gamma": 358.7091712593461, "max_depth": 8.0, "min_child_weight": 4486.995059333955, "num_boost_round": 14.0, "subsample": 0.7717473931986346}, "datetime": {"datetime": "2024-01-20 14:28:17", "elapsed": 258.58456, "delta": 0.000437}}
{"target": -13.765157333084801, "params": {"colsample_bytree": 0.5564261118194784, "eta": 0.08921230206686302, "gamma": 358.7091712593461, "max_depth": 8.0, "min_child_weight": 4486.995059333955, "num_boost_round": 15.0, "subsample": 0.7717473931986346}, "datetime": {"datetime": "2024-01-20 14:28:17", "elapsed": 258.58499, "delta": 0.00043}}
{"target": -13.767072024512624, "params": {"colsample_bytree": 0.5564261118194784, "eta": 0.08921230206686302, "gamma": 358.7091712593461, "max_depth": 8.0, "min_child_weight": 4486.995059333955, "num_boost_round": 16.0, "subsample": 0.7717473931986346}, "datetime": {"datetime": "2024-01-20 14:28:17", "elapsed": 258.585541, "delta": 0.000551}}
{"target": -13.769353645045792, "params": {"colsample_bytree": 0.5564261118194784, "eta": 0.08921230206686302, "gamma": 358.7091712593461, "max_depth": 8.0, "min_child_weight": 4486.995059333955, "num_boost_round": 17.0, "subsample": 0.7717473931986346}, "datetime": {"datetime": "2024-01-20 14:28:17", "elapsed": 258.58613, "delta": 0.000589}}
{"target": -13.731616672730295, "params": {"colsample_bytree": 0.6387038132757878, "eta": 0.026349005357531895, "gamma": 498.4209317239403, "max_depth": 8.0, "min_child_weight": 4492.904415657527, "num_boost_round": 1.0, "subsample": 0.6892553694510879}, "datetime": {"datetime": "2024-01-20 14:28:51", "elapsed": 292.022136, "delta": 33.436006}}
{"target": -13.732168640295427, "params": {"colsample_bytree": 0.6387038132757878, "eta": 0.026349005357531895, "gamma": 498.4209317239403, "max_depth": 8.0, "min_child_weight": 4492.904415657527, "num_boost_round": 2.0, "subsample": 0.6892553694510879}, "datetime": {"datetime": "2024-01-20 14:28:51", "elapsed": 292.023008, "delta": 0.000872}}
{"target": -13.732815522337354, "params": {"colsample_bytree": 0.6387038132757878, "eta": 0.026349005357531895, "gamma": 498.4209317239403, "max_depth": 8.0, "min_child_weight": 4492.904415657527, "num_boost_round": 3.0, "subsample": 0.6892553694510879}, "datetime": {"datetime": "2024-01-20 14:28:51", "elapsed": 292.023476, "delta": 0.000468}}
{"target": -13.733389491586392, "params": {"colsample_bytree": 0.6387038132757878, "eta": 0.026349005357531895, "gamma": 498.4209317239403, "max_depth": 8.0, "min_child_weight": 4492.904415657527, "num_boost_round": 4.0, "subsample": 0.6892553694510879}, "datetime": {"datetime": "2024-01-20 14:28:51", "elapsed": 292.024019, "delta": 0.000543}}
{"target": -13.73408449649895, "params": {"colsample_bytree": 0.6387038132757878, "eta": 0.026349005357531895, "gamma": 498.4209317239403, "max_depth": 8.0, "min_child_weight": 4492.904415657527, "num_boost_round": 5.0, "subsample": 0.6892553694510879}, "datetime": {"datetime": "2024-01-20 14:28:51", "elapsed": 292.024465, "delta": 0.000446}}
{"target": -13.734835378569596, "params": {"colsample_bytree": 0.6387038132757878, "eta": 0.026349005357531895, "gamma": 498.4209317239403, "max_depth": 8.0, "min_child_weight": 4492.904415657527, "num_boost_round": 6.0, "subsample": 0.6892553694510879}, "datetime": {"datetime": "2024-01-20 14:28:51", "elapsed": 292.024912, "delta": 0.000447}}
{"target": -13.735610579788489, "params": {"colsample_bytree": 0.6387038132757878, "eta": 0.026349005357531895, "gamma": 498.4209317239403, "max_depth": 8.0, "min_child_weight": 4492.904415657527, "num_boost_round": 7.0, "subsample": 0.6892553694510879}, "datetime": {"datetime": "2024-01-20 14:28:51", "elapsed": 292.025563, "delta": 0.000651}}
{"target": -13.736548729621703, "params": {"colsample_bytree": 0.6387038132757878, "eta": 0.026349005357531895, "gamma": 498.4209317239403, "max_depth": 8.0, "min_child_weight": 4492.904415657527, "num_boost_round": 8.0, "subsample": 0.6892553694510879}, "datetime": {"datetime": "2024-01-20 14:28:51", "elapsed": 292.026012, "delta": 0.000449}}
{"target": -13.737174299020545, "params": {"colsample_bytree": 0.6387038132757878, "eta": 0.026349005357531895, "gamma": 498.4209317239403, "max_depth": 8.0, "min_child_weight": 4492.904415657527, "num_boost_round": 9.0, "subsample": 0.6892553694510879}, "datetime": {"datetime": "2024-01-20 14:28:51", "elapsed": 292.026458, "delta": 0.000446}}
{"target": -13.737914073198242, "params": {"colsample_bytree": 0.6387038132757878, "eta": 0.026349005357531895, "gamma": 498.4209317239403, "max_depth": 8.0, "min_child_weight": 4492.904415657527, "num_boost_round": 10.0, "subsample": 0.6892553694510879}, "datetime": {"datetime": "2024-01-20 14:28:51", "elapsed": 292.026909, "delta": 0.000451}}
{"target": -13.738515255401147, "params": {"colsample_bytree": 0.6387038132757878, "eta": 0.026349005357531895, "gamma": 498.4209317239403, "max_depth": 8.0, "min_child_weight": 4492.904415657527, "num_boost_round": 11.0, "subsample": 0.6892553694510879}, "datetime": {"datetime": "2024-01-20 14:28:51", "elapsed": 292.027365, "delta": 0.000456}}
{"target": -13.739352760359242, "params": {"colsample_bytree": 0.6387038132757878, "eta": 0.026349005357531895, "gamma": 498.4209317239403, "max_depth": 8.0, "min_child_weight": 4492.904415657527, "num_boost_round": 12.0, "subsample": 0.6892553694510879}, "datetime": {"datetime": "2024-01-20 14:28:51", "elapsed": 292.027828, "delta": 0.000463}}
{"target": -13.740019979487755, "params": {"colsample_bytree": 0.6387038132757878, "eta": 0.026349005357531895, "gamma": 498.4209317239403, "max_depth": 8.0, "min_child_weight": 4492.904415657527, "num_boost_round": 13.0, "subsample": 0.6892553694510879}, "datetime": {"datetime": "2024-01-20 14:28:51", "elapsed": 292.028278, "delta": 0.00045}}
{"target": -13.740692769084577, "params": {"colsample_bytree": 0.6387038132757878, "eta": 0.026349005357531895, "gamma": 498.4209317239403, "max_depth": 8.0, "min_child_weight": 4492.904415657527, "num_boost_round": 14.0, "subsample": 0.6892553694510879}, "datetime": {"datetime": "2024-01-20 14:28:51", "elapsed": 292.028741, "delta": 0.000463}}
{"target": -13.74148771358087, "params": {"colsample_bytree": 0.6387038132757878, "eta": 0.026349005357531895, "gamma": 498.4209317239403, "max_depth": 8.0, "min_child_weight": 4492.904415657527, "num_boost_round": 15.0, "subsample": 0.6892553694510879}, "datetime": {"datetime": "2024-01-20 14:28:51", "elapsed": 292.029203, "delta": 0.000462}}
