{"target": -19.1683544072917, "params": {"colsample_bytree": 0.5939321535345923, "eta": 0.07152178474357823, "gamma": 602.7633760716438, "max_depth": 6.0, "min_child_weight": 4237.124338589708, "num_boost_round": 64.0, "subsample": 0.49382849013642327}, "datetime": {"datetime": "2024-01-20 14:23:52", "elapsed": 0.022032, "delta": 0.000198}}
{"target": -19.168540203952183, "params": {"colsample_bytree": 0.5939321535345923, "eta": 0.07152178474357823, "gamma": 602.7633760716438, "max_depth": 6.0, "min_child_weight": 4237.124338589708, "num_boost_round": 65.0, "subsample": 0.49382849013642327}, "datetime": {"datetime": "2024-01-20 14:23:52", "elapsed": 0.022231, "delta": 0.000199}}
{"target": -19.16867706289304, "params": {"colsample_bytree": 0.5939321535345923, "eta": 0.07152178474357823, "gamma": 602.7633760716438, "max_depth": 6.0, "min_child_weight": 4237.124338589708, "num_boost_round": 66.0, "subsample": 0.49382849013642327}, "datetime": {"datetime": "2024-01-20 14:23:52", "elapsed": 0.022439, "delta": 0.000208}}
{"target": -19.169045659086606, "params": {"colsample_bytree": 0.5939321535345923, "eta": 0.07152178474357823, "gamma": 602.7633760716438, "max_depth": 6.0, "min_child_weight": 4237.124338589708, "num_boost_round": 67.0, "subsample": 0.49382849013642327}, "datetime": {"datetime": "2024-01-20 14:23:52", "elapsed": 0.022696, "delta": 0.000257}}
{"target": -19.16923972528244, "params": {"colsample_bytree": 0.5939321535345923, "eta": 0.07152178474357823, "gamma": 602.7633760716438, "max_depth": 6.0, "min_child_weight": 4237.124338589708, "num_boost_round": 68.0, "subsample": 0.49382849013642327}, "datetime": {"datetime": "2024-01-20 14:23:52", "elapsed": 0.022908, "delta": 0.000212}}
{"target": -19.16944021171153, "params": {"colsample_bytree": 0.5939321535345923, "eta": 0.07152178474357823, "gamma": 602.7633760716438, "max_depth": 6.0, "min_child_weight": 4237.124338589708, "num_boost_round": 69.0, "subsample": 0.49382849013642327}, "datetime": {"datetime": "2024-01-20 14:23:52", "elapsed": 0.023115, "delta": 0.000207}}
{"target": -19.169434023946515, "params": {"colsample_bytree": 0.5939321535345923, "eta": 0.07152178474357823, "gamma": 602.7633760716438, "max_depth": 6.0, "min_child_weight": 4237.124338589708, "num_boost_round": 70.0, "subsample": 0.49382849013642327}, "datetime": {"datetime": "2024-01-20 14:23:52", "elapsed": 0.023321, "delta": 0.000206}}
{"target": -19.169627217625667, "params": {"colsample_bytree": 0.5939321535345923, "eta": 0.07152178474357823, "gamma": 602.7633760716438, "max_depth": 6.0, "min_child_weight": 4237.124338589708, "num_boost_round": 71.0, "subsample": 0.49382849013642327}, "datetime": {"datetime": "2024-01-20 14:23:52", "elapsed": 0.023526, "delta": 0.000205}}
{"target": -19.16987773883548, "params": {"colsample_bytree": 0.5939321535345923, "eta": 0.07152178474357823, "gamma": 602.7633760716438, "max_depth": 6.0, "min_child_weight": 4237.124338589708, "num_boost_round": 72.0, "subsample": 0.49382849013642327}, "datetime": {"datetime": "2024-01-20 14:23:52", "elapsed": 0.023738, "delta": 0.000212}}
{"target": -19.17065462368692, "params": {"colsample_bytree": 0.5939321535345923, "eta": 0.07152178474357823, "gamma": 602.7633760716438, "max_depth": 6.0, "min_child_weight": 4237.124338589708, "num_boost_round": 73.0, "subsample": 0.49382849013642327}, "datetime": {"datetime": "2024-01-20 14:23:52", "elapsed": 0.023953, "delta": 0.000215}}
{"target": -19.171071807810243, "params": {"colsample_bytree": 0.5939321535345923, "eta": 0.07152178474357823, "gamma": 602.7633760716438, "max_depth": 6.0, "min_child_weight": 4237.124338589708, "num_boost_round": 74.0, "subsample": 0.49382849013642327}, "datetime": {"datetime": "2024-01-20 14:23:52", "elapsed": 0.024166, "delta": 0.000213}}
{"target": -19.171465539334875, "params": {"colsample_bytree": 0.5939321535345923, "eta": 0.07152178474357823, "gamma": 602.7633760716438, "max_depth": 6.0, "min_child_weight": 4237.124338589708, "num_boost_round": 75.0, "subsample": 0.49382849013642327}, "datetime": {"datetime": "2024-01-20 14:23:52", "elapsed": 0.024379, "delta": 0.000213}}
{"target": -19.171451551219228, "params": {"colsample_bytree": 0.5939321535345923, "eta": 0.07152178474357823, "gamma": 602.7633760716438, "max_depth": 6.0, "min_child_weight": 4237.124338589708, "num_boost_round": 76.0, "subsample": 0.49382849013642327}, "datetime": {"datetime": "2024-01-20 14:23:52", "elapsed": 0.024592, "delta": 0.000213}}
{"target": -19.172052272334803, "params": {"colsample_bytree": 0.5939321535345923, "eta": 0.07152178474357823, "gamma": 602.7633760716438, "max_depth": 6.0, "min_child_weight": 4237.124338589708, "num_boost_round": 77.0, "subsample": 0.49382849013642327}, "datetime": {"datetime": "2024-01-20 14:23:52", "elapsed": 0.024812, "delta": 0.00022}}
{"target": -19.172374555556093, "params": {"colsample_bytree": 0.5939321535345923, "eta": 0.07152178474357823, "gamma": 602.7633760716438, "max_depth": 6.0, "min_child_weight": 4237.124338589708, "num_boost_round": 78.0, "subsample": 0.49382849013642327}, "datetime": {"datetime": "2024-01-20 14:23:52", "elapsed": 0.02503, "delta": 0.000218}}
{"target": -19.172780178947292, "params": {"colsample_bytree": 0.5939321535345923, "eta": 0.07152178474357823, "gamma": 602.7633760716438, "max_depth": 6.0, "min_child_weight": 4237.124338589708, "num_boost_round": 79.0, "subsample": 0.49382849013642327}, "datetime": {"datetime": "2024-01-20 14:23:52", "elapsed": 0.025247, "delta": 0.000217}}
{"target": -19.172910222593337, "params": {"colsample_bytree": 0.5939321535345923, "eta": 0.07152178474357823, "gamma": 602.7633760716438, "max_depth": 6.0, "min_child_weight": 4237.124338589708, "num_boost_round": 80.0, "subsample": 0.49382849013642327}, "datetime": {"datetime": "2024-01-20 14:23:52", "elapsed": 0.025465, "delta": 0.000218}}
{"target": -19.17288101900034, "params": {"colsample_bytree": 0.5939321535345923, "eta": 0.07152178474357823, "gamma": 602.7633760716438, "max_depth": 6.0, "min_child_weight": 4237.124338589708, "num_boost_round": 81.0, "subsample": 0.49382849013642327}, "datetime": {"datetime": "2024-01-20 14:23:52", "elapsed": 0.025689, "delta": 0.000224}}
{"target": -19.173034415981157, "params": {"colsample_bytree": 0.5939321535345923, "eta": 0.07152178474357823, "gamma": 602.7633760716438, "max_depth": 6.0, "min_child_weight": 4237.124338589708, "num_boost_round": 82.0, "subsample": 0.49382849013642327}, "datetime": {"datetime": "2024-01-20 14:23:52", "elapsed": 0.026007, "delta": 0.000318}}
{"target": -19.173458888682223, "params": {"colsample_bytree": 0.5939321535345923, "eta": 0.07152178474357823, "gamma": 602.7633760716438, "max_depth": 6.0, "min_child_weight": 4237.124338589708, "num_boost_round": 83.0, "subsample": 0.49382849013642327}, "datetime": {"datetime": "2024-01-20 14:23:52", "elapsed": 0.026236, "delta": 0.000229}}
{"target": -19.173644900613414, "params": {"colsample_bytree": 0.5939321535345923, "eta": 0.07152178474357823, "gamma": 602.7633760716438, "max_depth": 6.0, "min_child_weight": 4237.124338589708, "num_boost_round": 84.0, "subsample": 0.49382849013642327}, "datetime": {"datetime": "2024-01-20 14:23:52", "elapsed": 0.026466, "delta": 0.00023}}
{"target": -19.173812271336875, "params": {"colsample_bytree": 0.5939321535345923, "eta": 0.07152178474357823, "gamma": 602.7633760716438, "max_depth": 6.0, "min_child_weight": 4237.124338589708, "num_boost_round": 85.0, "subsample": 0.49382849013642327}, "datetime": {"datetime": "2024-01-20 14:23:52", "elapsed": 0.026698, "delta": 0.000232}}
{"target": -19.173884105521275, "params": {"colsample_bytree": 0.5939321535345923, "eta": 0.07152178474357823, "gamma": 602.7633760716438, "max_depth": 6.0, "min_child_weight": 4237.124338589708, "num_boost_round": 86.0, "subsample": 0.49382849013642327}, "datetime": {"datetime": "2024-01-20 14:23:52", "elapsed": 0.026947, "delta": 0.000249}}
{"target": -19.174057659727268, "params": {"colsample_bytree": 0.5939321535345923, "eta": 0.07152178474357823, "gamma": 602.7633760716438, "max_depth": 6.0, "min_child_weight": 4237.124338589708, "num_boost_round": 87.0, "subsample": 0.49382849013642327}, "datetime": {"datetime": "2024-01-20 14:23:52", "elapsed": 0.027179, "delta": 0.000232}}
{"target": -19.174727512915155, "params": {"colsample_bytree": 0.5939321535345923, "eta": 0.07152178474357823, "gamma": 602.7633760716438, "max_depth": 6.0, "min_child_weight": 4237.124338589708, "num_boost_round": 88.0, "subsample": 0.49382849013642327}, "datetime": {"datetime": "2024-01-20 14:23:52", "elapsed": 0.027409, "delta": 0.00023}}
{"target": -19.174820784502526, "params": {"colsample_bytree": 0.5939321535345923, "eta": 0.07152178474357823, "gamma": 602.7633760716438, "max_depth": 6.0, "min_child_weight": 4237.124338589708, "num_boost_round": 89.0, "subsample": 0.49382849013642327}, "datetime": {"datetime": "2024-01-20 14:23:52", "elapsed": 0.027642, "delta": 0.000233}}
{"target": -19.175092764446873, "params": {"colsample_bytree": 0.5939321535345923, "eta": 0.07152178474357823, "gamma": 602.7633760716438, "max_depth": 6.0, "min_child_weight": 4237.124338589708, "num_boost_round": 90.0, "subsample": 0.49382849013642327}, "datetime": {"datetime": "2024-01-20 14:23:52", "elapsed": 0.027883, "delta": 0.000241}}
{"target": -19.175148293505966, "params": {"colsample_bytree": 0.5939321535345923, "eta": 0.07152178474357823, "gamma": 602.7633760716438, "max_depth": 6.0, "min_child_weight": 4237.124338589708, "num_boost_round": 91.0, "subsample": 0.49382849013642327}, "datetime": {"datetime": "2024-01-20 14:23:52", "elapsed": 0.02812, "delta": 0.000237}}
{"target": -19.17526029086433, "params": {"colsample_bytree": 0.5939321535345923, "eta": 0.07152178474357823, "gamma": 602.7633760716438, "max_depth": 6.0, "min_child_weight": 4237.124338589708, "num_boost_round": 92.0, "subsample": 0.49382849013642327}, "datetime": {"datetime": "2024-01-20 14:23:52", "elapsed": 0.028356, "delta": 0.000236}}
{"target": -19.175508191622114, "params": {"colsample_bytree": 0.5939321535345923, "eta": 0.07152178474357823, "gamma": 602.7633760716438, "max_depth": 6.0, "min_child_weight": 4237.124338589708, "num_boost_round": 93.0, "subsample": 0.49382849013642327}, "datetime": {"datetime": "2024-01-20 14:23:52", "elapsed": 0.028595, "delta": 0.000239}}
{"target": -19.176007543466888, "params": {"colsample_bytree": 0.5939321535345923, "eta": 0.07152178474357823, "gamma": 602.7633760716438, "max_depth": 6.0, "min_child_weight": 4237.124338589708, "num_boost_round": 94.0, "subsample": 0.49382849013642327}, "datetime": {"datetime": "2024-01-20 14:23:52", "elapsed": 0.02884, "delta": 0.000245}}
{"target": -19.176299944704596, "params": {"colsample_bytree": 0.5939321535345923, "eta": 0.07152178474357823, "gamma": 602.7633760716438, "max_depth": 6.0, "min_child_weight": 4237.124338589708, "num_boost_round": 95.0, "subsample": 0.49382849013642327}, "datetime": {"datetime": "2024-01-20 14:23:52", "elapsed": 0.029084, "delta": 0.000244}}
{"target": -19.176566116694858, "params": {"colsample_bytree": 0.5939321535345923, "eta": 0.07152178474357823, "gamma": 602.7633760716438, "max_depth": 6.0, "min_child_weight": 4237.124338589708, "num_boost_round": 96.0, "subsample": 0.49382849013642327}, "datetime": {"datetime": "2024-01-20 14:23:52", "elapsed": 0.029325, "delta": 0.000241}}
{"target": -19.176747836166385, "params": {"colsample_bytree": 0.5939321535345923, "eta": 0.07152178474357823, "gamma": 602.7633760716438, "max_depth": 6.0, "min_child_weight": 4237.124338589708, "num_boost_round": 97.0, "subsample": 0.49382849013642327}, "datetime": {"datetime": "2024-01-20 14:23:52", "elapsed": 0.029567, "delta": 0.000242}}
{"target": -19.177043090413058, "params": {"colsample_bytree": 0.5939321535345923, "eta": 0.07152178474357823, "gamma": 602.7633760716438, "max_depth": 6.0, "min_child_weight": 4237.124338589708, "num_boost_round": 98.0, "subsample": 0.49382849013642327}, "datetime": {"datetime": "2024-01-20 14:23:52", "elapsed": 0.029819, "delta": 0.000252}}
{"target": -19.177048168621628, "params": {"colsample_bytree": 0.5939321535345923, "eta": 0.07152178474357823, "gamma": 602.7633760716438, "max_depth": 6.0, "min_child_weight": 4237.124338589708, "num_boost_round": 99.0, "subsample": 0.49382849013642327}, "datetime": {"datetime": "2024-01-20 14:23:52", "elapsed": 0.030064, "delta": 0.000245}}
{"target": -19.17703899043903, "params": {"colsample_bytree": 0.5939321535345923, "eta": 0.07152178474357823, "gamma": 602.7633760716438, "max_depth": 6.0, "min_child_weight": 4237.124338589708, "num_boost_round": 100.0, "subsample": 0.49382849013642327}, "datetime": {"datetime": "2024-01-20 14:23:52", "elapsed": 0.03031, "delta": 0.000246}}
{"target": -19.17724218259572, "params": {"colsample_bytree": 0.5939321535345923, "eta": 0.07152178474357823, "gamma": 602.7633760716438, "max_depth": 6.0, "min_child_weight": 4237.124338589708, "num_boost_round": 101.0, "subsample": 0.49382849013642327}, "datetime": {"datetime": "2024-01-20 14:23:52", "elapsed": 0.030556, "delta": 0.000246}}
{"target": -19.177437543929223, "params": {"colsample_bytree": 0.5939321535345923, "eta": 0.07152178474357823, "gamma": 602.7633760716438, "max_depth": 6.0, "min_child_weight": 4237.124338589708, "num_boost_round": 102.0, "subsample": 0.49382849013642327}, "datetime": {"datetime": "2024-01-20 14:23:52", "elapsed": 0.03084, "delta": 0.000284}}
{"target": -19.1775121880385, "params": {"colsample_bytree": 0.5939321535345923, "eta": 0.07152178474357823, "gamma": 602.7633760716438, "max_depth": 6.0, "min_child_weight": 4237.124338589708, "num_boost_round": 103.0, "subsample": 0.49382849013642327}, "datetime": {"datetime": "2024-01-20 14:23:52", "elapsed": 0.031106, "delta": 0.000266}}
{"target": -19.177757277464703, "params": {"colsample_bytree": 0.5939321535345923, "eta": 0.07152178474357823, "gamma": 602.7633760716438, "max_depth": 6.0, "min_child_weight": 4237.124338589708, "num_boost_round": 104.0, "subsample": 0.49382849013642327}, "datetime": {"datetime": "2024-01-20 14:23:52", "elapsed": 0.031365, "delta": 0.000259}}
{"target": -19.17778471939092, "params": {"colsample_bytree": 0.5939321535345923, "eta": 0.07152178474357823, "gamma": 602.7633760716438, "max_depth": 6.0, "min_child_weight": 4237.124338589708, "num_boost_round": 105.0, "subsample": 0.49382849013642327}, "datetime": {"datetime": "2024-01-20 14:23:52", "elapsed": 0.031618, "delta": 0.000253}}
{"target": -19.178000994637827, "params": {"colsample_bytree": 0.5939321535345923, "eta": 0.07152178474357823, "gamma": 602.7633760716438, "max_depth": 6.0, "min_child_weight": 4237.124338589708, "num_boost_round": 106.0, "subsample": 0.49382849013642327}, "datetime": {"datetime": "2024-01-20 14:23:52", "elapsed": 0.031909, "delta": 0.000291}}
{"target": -19.178478759302344, "params": {"colsample_bytree": 0.5939321535345923, "eta": 0.07152178474357823, "gamma": 602.7633760716438, "max_depth": 6.0, "min_child_weight": 4237.124338589708, "num_boost_round": 107.0, "subsample": 0.49382849013642327}, "datetime": {"datetime": "2024-01-20 14:23:52", "elapsed": 0.032176, "delta": 0.000267}}
{"target": -19.178701291390333, "params": {"colsample_bytree": 0.5939321535345923, "eta": 0.07152178474357823, "gamma": 602.7633760716438, "max_depth": 6.0, "min_child_weight": 4237.124338589708, "num_boost_round": 108.0, "subsample": 0.49382849013642327}, "datetime": {"datetime": "2024-01-20 14:23:52", "elapsed": 0.03244, "delta": 0.000264}}
{"target": -19.179229143205617, "params": {"colsample_bytree": 0.5939321535345923, "eta": 0.07152178474357823, "gamma": 602.7633760716438, "max_depth": 6.0, "min_child_weight": 4237.124338589708, "num_boost_round": 109.0, "subsample": 0.49382849013642327}, "datetime": {"datetime": "2024-01-20 14:23:52", "elapsed": 0.032702, "delta": 0.000262}}
{"target": -19.179153286010685, "params": {"colsample_bytree": 0.5939321535345923, "eta": 0.07152178474357823, "gamma": 602.7633760716438, "max_depth": 6.0, "min_child_weight": 4237.124338589708, "num_boost_round": 110.0, "subsample": 0.49382849013642327}, "datetime": {"datetime": "2024-01-20 14:23:52", "elapsed": 0.032976, "delta": 0.000274}}
{"target": -19.179114764176823, "params": {"colsample_bytree": 0.5939321535345923, "eta": 0.07152178474357823, "gamma": 602.7633760716438, "max_depth": 6.0, "min_child_weight": 4237.124338589708, "num_boost_round": 111.0, "subsample": 0.49382849013642327}, "datetime": {"datetime": "2024-01-20 14:23:52", "elapsed": 0.033241, "delta": 0.000265}}
{"target": -19.179161303240868, "params": {"colsample_bytree": 0.5939321535345923, "eta": 0.07152178474357823, "gamma": 602.7633760716438, "max_depth": 6.0, "min_child_weight": 4237.124338589708, "num_boost_round": 112.0, "subsample": 0.49382849013642327}, "datetime": {"datetime": "2024-01-20 14:23:52", "elapsed": 0.033506, "delta": 0.000265}}
{"target": -19.179613942412665, "params": {"colsample_bytree": 0.5939321535345923, "eta": 0.07152178474357823, "gamma": 602.7633760716438, "max_depth": 6.0, "min_child_weight": 4237.124338589708, "num_boost_round": 113.0, "subsample": 0.49382849013642327}, "datetime": {"datetime": "2024-01-20 14:23:52", "elapsed": 0.033776, "delta": 0.00027}}
{"target": -19.179908734501247, "params": {"colsample_bytree": 0.5939321535345923, "eta": 0.07152178474357823, "gamma": 602.7633760716438, "max_depth": 6.0, "min_child_weight": 4237.124338589708, "num_boost_round": 114.0, "subsample": 0.49382849013642327}, "datetime": {"datetime": "2024-01-20 14:23:52", "elapsed": 0.034042, "delta": 0.000266}}
{"target": -19.180008597241567, "params": {"colsample_bytree": 0.5939321535345923, "eta": 0.07152178474357823, "gamma": 602.7633760716438, "max_depth": 6.0, "min_child_weight": 4237.124338589708, "num_boost_round": 115.0, "subsample": 0.49382849013642327}, "datetime": {"datetime": "2024-01-20 14:23:52", "elapsed": 0.034308, "delta": 0.000266}}
{"target": -19.1804129191643, "params": {"colsample_bytree": 0.5939321535345923, "eta": 0.07152178474357823, "gamma": 602.7633760716438, "max_depth": 6.0, "min_child_weight": 4237.124338589708, "num_boost_round": 116.0, "subsample": 0.49382849013642327}, "datetime": {"datetime": "2024-01-20 14:23:52", "elapsed": 0.03458, "delta": 0.000272}}
{"target": -19.18053994209803, "params": {"colsample_bytree": 0.5939321535345923, "eta": 0.07152178474357823, "gamma": 602.7633760716438, "max_depth": 6.0, "min_child_weight": 4237.124338589708, "num_boost_round": 117.0, "subsample": 0.49382849013642327}, "datetime": {"datetime": "2024-01-20 14:23:52", "elapsed": 0.034872, "delta": 0.000292}}
{"target": -19.180616444694685, "params": {"colsample_bytree": 0.5939321535345923, "eta": 0.07152178474357823, "gamma": 602.7633760716438, "max_depth": 6.0, "min_child_weight": 4237.124338589708, "num_boost_round": 118.0, "subsample": 0.49382849013642327}, "datetime": {"datetime": "2024-01-20 14:23:52", "elapsed": 0.035155, "delta": 0.000283}}
{"target": -19.180984468373346, "params": {"colsample_bytree": 0.5939321535345923, "eta": 0.07152178474357823, "gamma": 602.7633760716438, "max_depth": 6.0, "min_child_weight": 4237.124338589708, "num_boost_round": 119.0, "subsample": 0.49382849013642327}, "datetime": {"datetime": "2024-01-20 14:23:52", "elapsed": 0.035433, "delta": 0.000278}}
{"target": -19.181172278063812, "params": {"colsample_bytree": 0.5939321535345923, "eta": 0.07152178474357823, "gamma": 602.7633760716438, "max_depth": 6.0, "min_child_weight": 4237.124338589708, "num_boost_round": 120.0, "subsample": 0.49382849013642327}, "datetime": {"datetime": "2024-01-20 14:23:52", "elapsed": 0.035709, "delta": 0.000276}}
{"target": -19.18133889028787, "params": {"colsample_bytree": 0.5939321535345923, "eta": 0.07152178474357823, "gamma": 602.7633760716438, "max_depth": 6.0, "min_child_weight": 4237.124338589708, "num_boost_round": 121.0, "subsample": 0.49382849013642327}, "datetime": {"datetime": "2024-01-20 14:23:52", "elapsed": 0.035992, "delta": 0.000283}}
{"target": -19.18164899654092, "params": {"colsample_bytree": 0.5939321535345923, "eta": 0.07152178474357823, "gamma": 602.7633760716438, "max_depth": 6.0, "min_child_weight": 4237.124338589708, "num_boost_round": 122.0, "subsample": 0.49382849013642327}, "datetime": {"datetime": "2024-01-20 14:23:52", "elapsed": 0.036312, "delta": 0.00032}}
{"target": -19.18180507817383, "params": {"colsample_bytree": 0.5939321535345923, "eta": 0.07152178474357823, "gamma": 602.7633760716438, "max_depth": 6.0, "min_child_weight": 4237.124338589708, "num_boost_round": 123.0, "subsample": 0.49382849013642327}, "datetime": {"datetime": "2024-01-20 14:23:52", "elapsed": 0.036594, "delta": 0.000282}}
{"target": -19.181957759835253, "params": {"colsample_bytree": 0.5939321535345923, "eta": 0.07152178474357823, "gamma": 602.7633760716438, "max_depth": 6.0, "min_child_weight": 4237.124338589708, "num_boost_round": 124.0, "subsample": 0.49382849013642327}, "datetime": {"datetime": "2024-01-20 14:23:52", "elapsed": 0.036885, "delta": 0.000291}}
{"target": -19.182272834982356, "params": {"colsample_bytree": 0.5939321535345923, "eta": 0.07152178474357823, "gamma": 602.7633760716438, "max_depth": 6.0, "min_child_weight": 4237.124338589708, "num_boost_round": 125.0, "subsample": 0.49382849013642327}, "datetime": {"datetime": "2024-01-20 14:23:52", "elapsed": 0.037172, "delta": 0.000287}}
{"target": -19.182513850686945, "params": {"colsample_bytree": 0.5939321535345923, "eta": 0.07152178474357823, "gamma": 602.7633760716438, "max_depth": 6.0, "min_child_weight": 4237.124338589708, "num_boost_round": 126.0, "subsample": 0.49382849013642327}, "datetime": {"datetime": "2024-01-20 14:23:52", "elapsed": 0.037455, "delta": 0.000283}}
