{"target": -13.731724079781168, "params": {"colsample_bytree": 0.7690632879440968, "eta": 0.032811835122837696, "gamma": 141.86701494640496, "max_depth": 3.0, "min_child_weight": 3483.7803694493837, "num_boost_round": 2.0, "subsample": 0.993207245266455}, "datetime": {"datetime": "2024-01-20 15:34:32", "elapsed": 4233.040336, "delta": 0.003234}}
{"target": -13.731937872844147, "params": {"colsample_bytree": 0.396224212326146, "eta": 0.07623862742680153, "gamma": 403.95568350990476, "max_depth": 6.0, "min_child_weight": 4246.00023197571, "num_boost_round": 1.0, "subsample": 0.3816739343559896}, "datetime": {"datetime": "2024-01-20 15:34:49", "elapsed": 4250.321574, "delta": 17.281238}}
{"target": -13.73266364239071, "params": {"colsample_bytree": 0.396224212326146, "eta": 0.07623862742680153, "gamma": 403.95568350990476, "max_depth": 6.0, "min_child_weight": 4246.00023197571, "num_boost_round": 2.0, "subsample": 0.3816739343559896}, "datetime": {"datetime": "2024-01-20 15:34:49", "elapsed": 4250.330544, "delta": 0.00897}}
{"target": -13.733705364143711, "params": {"colsample_bytree": 0.396224212326146, "eta": 0.07623862742680153, "gamma": 403.95568350990476, "max_depth": 6.0, "min_child_weight": 4246.00023197571, "num_boost_round": 3.0, "subsample": 0.3816739343559896}, "datetime": {"datetime": "2024-01-20 15:34:49", "elapsed": 4250.33298, "delta": 0.002436}}
{"target": -13.732237606862991, "params": {"colsample_bytree": 0.5028188458159716, "eta": 0.0756803396518273, "gamma": 570.1433323678696, "max_depth": 3.0, "min_child_weight": 3649.1992641149986, "num_boost_round": 1.0, "subsample": 0.7017279914358178}, "datetime": {"datetime": "2024-01-20 15:35:09", "elapsed": 4270.522014, "delta": 20.189034}}
{"target": -13.73309502007262, "params": {"colsample_bytree": 0.5028188458159716, "eta": 0.0756803396518273, "gamma": 570.1433323678696, "max_depth": 3.0, "min_child_weight": 3649.1992641149986, "num_boost_round": 2.0, "subsample": 0.7017279914358178}, "datetime": {"datetime": "2024-01-20 15:35:09", "elapsed": 4270.52557, "delta": 0.003556}}
{"target": -13.731498199248193, "params": {"colsample_bytree": 0.2843580390905988, "eta": 0.08388497115778717, "gamma": 497.4012442770621, "max_depth": 9.0, "min_child_weight": 4123.489158934349, "num_boost_round": 1.0, "subsample": 0.497624808719642}, "datetime": {"datetime": "2024-01-20 15:35:31", "elapsed": 4292.704106, "delta": 22.178536}}
{"target": -13.732067944178375, "params": {"colsample_bytree": 0.2843580390905988, "eta": 0.08388497115778717, "gamma": 497.4012442770621, "max_depth": 9.0, "min_child_weight": 4123.489158934349, "num_boost_round": 2.0, "subsample": 0.497624808719642}, "datetime": {"datetime": "2024-01-20 15:35:31", "elapsed": 4292.707669, "delta": 0.003563}}
{"target": -13.732187592063216, "params": {"colsample_bytree": 0.3418851777148181, "eta": 0.0887546067118839, "gamma": 343.68584562574176, "max_depth": 5.0, "min_child_weight": 4707.072819125455, "num_boost_round": 1.0, "subsample": 0.8588804538628898}, "datetime": {"datetime": "2024-01-20 15:35:49", "elapsed": 4310.025325, "delta": 17.317656}}
{"target": -13.732885100582156, "params": {"colsample_bytree": 0.8892170183912604, "eta": 0.08709319944475724, "gamma": 326.0124413474832, "max_depth": 7.0, "min_child_weight": 4777.470867671594, "num_boost_round": 1.0, "subsample": 0.7506279722418493}, "datetime": {"datetime": "2024-01-20 15:36:14", "elapsed": 4335.570452, "delta": 25.545127}}
{"target": -13.73568456372184, "params": {"colsample_bytree": 0.8892170183912604, "eta": 0.08709319944475724, "gamma": 326.0124413474832, "max_depth": 7.0, "min_child_weight": 4777.470867671594, "num_boost_round": 2.0, "subsample": 0.7506279722418493}, "datetime": {"datetime": "2024-01-20 15:36:14", "elapsed": 4335.573542, "delta": 0.00309}}
{"target": -13.738609188805938, "params": {"colsample_bytree": 0.8892170183912604, "eta": 0.08709319944475724, "gamma": 326.0124413474832, "max_depth": 7.0, "min_child_weight": 4777.470867671594, "num_boost_round": 3.0, "subsample": 0.7506279722418493}, "datetime": {"datetime": "2024-01-20 15:36:14", "elapsed": 4335.576878, "delta": 0.003336}}
{"target": -13.740769679149365, "params": {"colsample_bytree": 0.8892170183912604, "eta": 0.08709319944475724, "gamma": 326.0124413474832, "max_depth": 7.0, "min_child_weight": 4777.470867671594, "num_boost_round": 4.0, "subsample": 0.7506279722418493}, "datetime": {"datetime": "2024-01-20 15:36:14", "elapsed": 4335.579161, "delta": 0.002283}}
{"target": -13.743549479111831, "params": {"colsample_bytree": 0.8892170183912604, "eta": 0.08709319944475724, "gamma": 326.0124413474832, "max_depth": 7.0, "min_child_weight": 4777.470867671594, "num_boost_round": 5.0, "subsample": 0.7506279722418493}, "datetime": {"datetime": "2024-01-20 15:36:14", "elapsed": 4335.581354, "delta": 0.002193}}
{"target": -13.748065684208747, "params": {"colsample_bytree": 0.8892170183912604, "eta": 0.08709319944475724, "gamma": 326.0124413474832, "max_depth": 7.0, "min_child_weight": 4777.470867671594, "num_boost_round": 6.0, "subsample": 0.7506279722418493}, "datetime": {"datetime": "2024-01-20 15:36:14", "elapsed": 4335.583723, "delta": 0.002369}}
{"target": -13.751059898601184, "params": {"colsample_bytree": 0.8892170183912604, "eta": 0.08709319944475724, "gamma": 326.0124413474832, "max_depth": 7.0, "min_child_weight": 4777.470867671594, "num_boost_round": 7.0, "subsample": 0.7506279722418493}, "datetime": {"datetime": "2024-01-20 15:36:14", "elapsed": 4335.586049, "delta": 0.002326}}
{"target": -13.753668862753651, "params": {"colsample_bytree": 0.8892170183912604, "eta": 0.08709319944475724, "gamma": 326.0124413474832, "max_depth": 7.0, "min_child_weight": 4777.470867671594, "num_boost_round": 8.0, "subsample": 0.7506279722418493}, "datetime": {"datetime": "2024-01-20 15:36:14", "elapsed": 4335.588448, "delta": 0.002399}}
{"target": -13.75579826004298, "params": {"colsample_bytree": 0.8892170183912604, "eta": 0.08709319944475724, "gamma": 326.0124413474832, "max_depth": 7.0, "min_child_weight": 4777.470867671594, "num_boost_round": 9.0, "subsample": 0.7506279722418493}, "datetime": {"datetime": "2024-01-20 15:36:14", "elapsed": 4335.590777, "delta": 0.002329}}
{"target": -13.758097159404993, "params": {"colsample_bytree": 0.8892170183912604, "eta": 0.08709319944475724, "gamma": 326.0124413474832, "max_depth": 7.0, "min_child_weight": 4777.470867671594, "num_boost_round": 10.0, "subsample": 0.7506279722418493}, "datetime": {"datetime": "2024-01-20 15:36:14", "elapsed": 4335.592992, "delta": 0.002215}}
{"target": -13.760499266637037, "params": {"colsample_bytree": 0.8892170183912604, "eta": 0.08709319944475724, "gamma": 326.0124413474832, "max_depth": 7.0, "min_child_weight": 4777.470867671594, "num_boost_round": 11.0, "subsample": 0.7506279722418493}, "datetime": {"datetime": "2024-01-20 15:36:14", "elapsed": 4335.59526, "delta": 0.002268}}
{"target": -13.762519978522745, "params": {"colsample_bytree": 0.8892170183912604, "eta": 0.08709319944475724, "gamma": 326.0124413474832, "max_depth": 7.0, "min_child_weight": 4777.470867671594, "num_boost_round": 12.0, "subsample": 0.7506279722418493}, "datetime": {"datetime": "2024-01-20 15:36:14", "elapsed": 4335.597461, "delta": 0.002201}}
{"target": -13.731256638054939, "params": {"colsample_bytree": 0.9913823875313593, "eta": 0.019115248669643082, "gamma": 672.9975329378208, "max_depth": 5.0, "min_child_weight": 4866.805731753437, "num_boost_round": 1.0, "subsample": 0.6173861587515531}, "datetime": {"datetime": "2024-01-20 15:36:33", "elapsed": 4354.097218, "delta": 18.499757}}
{"target": -13.731721822868684, "params": {"colsample_bytree": 0.16636489389766002, "eta": 0.08858265418319361, "gamma": 298.53813539599884, "max_depth": 6.0, "min_child_weight": 3826.051714027734, "num_boost_round": 1.0, "subsample": 0.8713332351988471}, "datetime": {"datetime": "2024-01-20 15:36:55", "elapsed": 4376.682559, "delta": 22.585341}}
{"target": -13.732460354877468, "params": {"colsample_bytree": 0.16636489389766002, "eta": 0.08858265418319361, "gamma": 298.53813539599884, "max_depth": 6.0, "min_child_weight": 3826.051714027734, "num_boost_round": 2.0, "subsample": 0.8713332351988471}, "datetime": {"datetime": "2024-01-20 15:36:55", "elapsed": 4376.685881, "delta": 0.003322}}
{"target": -13.733474516044309, "params": {"colsample_bytree": 0.16636489389766002, "eta": 0.08858265418319361, "gamma": 298.53813539599884, "max_depth": 6.0, "min_child_weight": 3826.051714027734, "num_boost_round": 3.0, "subsample": 0.8713332351988471}, "datetime": {"datetime": "2024-01-20 15:36:55", "elapsed": 4376.688159, "delta": 0.002278}}
{"target": -13.734207159930722, "params": {"colsample_bytree": 0.16636489389766002, "eta": 0.08858265418319361, "gamma": 298.53813539599884, "max_depth": 6.0, "min_child_weight": 3826.051714027734, "num_boost_round": 4.0, "subsample": 0.8713332351988471}, "datetime": {"datetime": "2024-01-20 15:36:55", "elapsed": 4376.69046, "delta": 0.002301}}
{"target": -13.73489025864723, "params": {"colsample_bytree": 0.16636489389766002, "eta": 0.08858265418319361, "gamma": 298.53813539599884, "max_depth": 6.0, "min_child_weight": 3826.051714027734, "num_boost_round": 5.0, "subsample": 0.8713332351988471}, "datetime": {"datetime": "2024-01-20 15:36:55", "elapsed": 4376.692731, "delta": 0.002271}}
{"target": -13.73570673932799, "params": {"colsample_bytree": 0.16636489389766002, "eta": 0.08858265418319361, "gamma": 298.53813539599884, "max_depth": 6.0, "min_child_weight": 3826.051714027734, "num_boost_round": 6.0, "subsample": 0.8713332351988471}, "datetime": {"datetime": "2024-01-20 15:36:55", "elapsed": 4376.694924, "delta": 0.002193}}
{"target": -13.731544665059253, "params": {"colsample_bytree": 0.8460103171180839, "eta": 0.04181511082530675, "gamma": 315.2442488393705, "max_depth": 3.0, "min_child_weight": 4658.07079102612, "num_boost_round": 1.0, "subsample": 0.2038008881599006}, "datetime": {"datetime": "2024-01-20 15:37:14", "elapsed": 4395.629643, "delta": 18.934719}}
{"target": -13.732122682600448, "params": {"colsample_bytree": 0.8460103171180839, "eta": 0.04181511082530675, "gamma": 315.2442488393705, "max_depth": 3.0, "min_child_weight": 4658.07079102612, "num_boost_round": 2.0, "subsample": 0.2038008881599006}, "datetime": {"datetime": "2024-01-20 15:37:14", "elapsed": 4395.633873, "delta": 0.00423}}
{"target": -13.73288171805403, "params": {"colsample_bytree": 0.8460103171180839, "eta": 0.04181511082530675, "gamma": 315.2442488393705, "max_depth": 3.0, "min_child_weight": 4658.07079102612, "num_boost_round": 3.0, "subsample": 0.2038008881599006}, "datetime": {"datetime": "2024-01-20 15:37:14", "elapsed": 4395.636223, "delta": 0.00235}}
{"target": -13.73361684327976, "params": {"colsample_bytree": 0.8460103171180839, "eta": 0.04181511082530675, "gamma": 315.2442488393705, "max_depth": 3.0, "min_child_weight": 4658.07079102612, "num_boost_round": 4.0, "subsample": 0.2038008881599006}, "datetime": {"datetime": "2024-01-20 15:37:14", "elapsed": 4395.638458, "delta": 0.002235}}
{"target": -13.734264986756425, "params": {"colsample_bytree": 0.8460103171180839, "eta": 0.04181511082530675, "gamma": 315.2442488393705, "max_depth": 3.0, "min_child_weight": 4658.07079102612, "num_boost_round": 5.0, "subsample": 0.2038008881599006}, "datetime": {"datetime": "2024-01-20 15:37:14", "elapsed": 4395.640677, "delta": 0.002219}}
{"target": -13.734917531864207, "params": {"colsample_bytree": 0.8460103171180839, "eta": 0.04181511082530675, "gamma": 315.2442488393705, "max_depth": 3.0, "min_child_weight": 4658.07079102612, "num_boost_round": 6.0, "subsample": 0.2038008881599006}, "datetime": {"datetime": "2024-01-20 15:37:14", "elapsed": 4395.642931, "delta": 0.002254}}
{"target": -13.73160535433023, "params": {"colsample_bytree": 0.4454076904469707, "eta": 0.05729115386076363, "gamma": 625.0716328470962, "max_depth": 3.0, "min_child_weight": 3703.009459272812, "num_boost_round": 1.0, "subsample": 0.48222184050567807}, "datetime": {"datetime": "2024-01-20 15:37:33", "elapsed": 4414.438286, "delta": 18.795355}}
{"target": -13.732045280621225, "params": {"colsample_bytree": 0.4454076904469707, "eta": 0.05729115386076363, "gamma": 625.0716328470962, "max_depth": 3.0, "min_child_weight": 3703.009459272812, "num_boost_round": 2.0, "subsample": 0.48222184050567807}, "datetime": {"datetime": "2024-01-20 15:37:33", "elapsed": 4414.44317, "delta": 0.004884}}
{"target": -13.731111538355147, "params": {"colsample_bytree": 0.7016917712246723, "eta": 0.007672959617994436, "gamma": 201.4562117009786, "max_depth": 5.0, "min_child_weight": 3694.1763479481465, "num_boost_round": 1.0, "subsample": 0.7430042049042462}, "datetime": {"datetime": "2024-01-20 15:37:53", "elapsed": 4433.979275, "delta": 19.536105}}
{"target": -13.731653078849243, "params": {"colsample_bytree": 0.6748897176872507, "eta": 0.02550570447987, "gamma": 285.1743199379351, "max_depth": 9.0, "min_child_weight": 3380.9290357123664, "num_boost_round": 1.0, "subsample": 0.46425748957147417}, "datetime": {"datetime": "2024-01-20 15:38:13", "elapsed": 4453.980077, "delta": 20.000802}}
{"target": -13.731176608952119, "params": {"colsample_bytree": 0.2953936409062845, "eta": 0.02781462725982845, "gamma": 27.919169896981956, "max_depth": 2.0, "min_child_weight": 3559.339200944349, "num_boost_round": 1.0, "subsample": 0.9645585218895547}, "datetime": {"datetime": "2024-01-20 15:38:32", "elapsed": 4473.49511, "delta": 19.515033}}
{"target": -13.731397490297322, "params": {"colsample_bytree": 0.2953936409062845, "eta": 0.02781462725982845, "gamma": 27.919169896981956, "max_depth": 2.0, "min_child_weight": 3559.339200944349, "num_boost_round": 2.0, "subsample": 0.9645585218895547}, "datetime": {"datetime": "2024-01-20 15:38:32", "elapsed": 4473.498651, "delta": 0.003541}}
{"target": -13.731403847043357, "params": {"colsample_bytree": 0.2953936409062845, "eta": 0.02781462725982845, "gamma": 27.919169896981956, "max_depth": 2.0, "min_child_weight": 3559.339200944349, "num_boost_round": 3.0, "subsample": 0.9645585218895547}, "datetime": {"datetime": "2024-01-20 15:38:32", "elapsed": 4473.501611, "delta": 0.00296}}
{"target": -13.731357724401185, "params": {"colsample_bytree": 0.9160545559883422, "eta": 0.032575871193882604, "gamma": 461.6869740886066, "max_depth": 2.0, "min_child_weight": 3800.4670836525484, "num_boost_round": 1.0, "subsample": 0.10680862789927902}, "datetime": {"datetime": "2024-01-20 15:38:48", "elapsed": 4489.811449, "delta": 16.309838}}
{"target": -13.731805586366107, "params": {"colsample_bytree": 0.9160545559883422, "eta": 0.032575871193882604, "gamma": 461.6869740886066, "max_depth": 2.0, "min_child_weight": 3800.4670836525484, "num_boost_round": 2.0, "subsample": 0.10680862789927902}, "datetime": {"datetime": "2024-01-20 15:38:48", "elapsed": 4489.814862, "delta": 0.003413}}
{"target": -13.732648904027943, "params": {"colsample_bytree": 0.8553554852688843, "eta": 0.08322364431983065, "gamma": 124.42238063949296, "max_depth": 4.0, "min_child_weight": 3850.7294640022833, "num_boost_round": 1.0, "subsample": 0.3956263197833587}, "datetime": {"datetime": "2024-01-20 15:39:06", "elapsed": 4507.753597, "delta": 17.938735}}
{"target": -13.733959508613218, "params": {"colsample_bytree": 0.8553554852688843, "eta": 0.08322364431983065, "gamma": 124.42238063949296, "max_depth": 4.0, "min_child_weight": 3850.7294640022833, "num_boost_round": 2.0, "subsample": 0.3956263197833587}, "datetime": {"datetime": "2024-01-20 15:39:06", "elapsed": 4507.756735, "delta": 0.003138}}
{"target": -13.73103219867526, "params": {"colsample_bytree": 0.12246525745665988, "eta": 0.006265045791866435, "gamma": 657.5621952873826, "max_depth": 7.0, "min_child_weight": 4769.608854249949, "num_boost_round": 1.0, "subsample": 0.5000393506267293}, "datetime": {"datetime": "2024-01-20 15:39:28", "elapsed": 4529.494446, "delta": 21.737711}}
{"target": -13.731079317596357, "params": {"colsample_bytree": 0.12246525745665988, "eta": 0.006265045791866435, "gamma": 657.5621952873826, "max_depth": 7.0, "min_child_weight": 4769.608854249949, "num_boost_round": 2.0, "subsample": 0.5000393506267293}, "datetime": {"datetime": "2024-01-20 15:39:28", "elapsed": 4529.499068, "delta": 0.004622}}
{"target": -13.731095542329658, "params": {"colsample_bytree": 0.12246525745665988, "eta": 0.006265045791866435, "gamma": 657.5621952873826, "max_depth": 7.0, "min_child_weight": 4769.608854249949, "num_boost_round": 3.0, "subsample": 0.5000393506267293}, "datetime": {"datetime": "2024-01-20 15:39:28", "elapsed": 4529.501426, "delta": 0.002358}}
{"target": -13.731119132213546, "params": {"colsample_bytree": 0.12246525745665988, "eta": 0.006265045791866435, "gamma": 657.5621952873826, "max_depth": 7.0, "min_child_weight": 4769.608854249949, "num_boost_round": 4.0, "subsample": 0.5000393506267293}, "datetime": {"datetime": "2024-01-20 15:39:28", "elapsed": 4529.503828, "delta": 0.002402}}
{"target": -13.731024542424283, "params": {"colsample_bytree": 0.48329195281705184, "eta": 0.0011372019404858995, "gamma": 476.17197131370926, "max_depth": 2.0, "min_child_weight": 4686.955730166472, "num_boost_round": 1.0, "subsample": 0.6414027223012237}, "datetime": {"datetime": "2024-01-20 15:39:49", "elapsed": 4550.864622, "delta": 21.360794}}
{"target": -13.73102798758903, "params": {"colsample_bytree": 0.48329195281705184, "eta": 0.0011372019404858995, "gamma": 476.17197131370926, "max_depth": 2.0, "min_child_weight": 4686.955730166472, "num_boost_round": 2.0, "subsample": 0.6414027223012237}, "datetime": {"datetime": "2024-01-20 15:39:49", "elapsed": 4550.867879, "delta": 0.003257}}
{"target": -13.731031654240297, "params": {"colsample_bytree": 0.48329195281705184, "eta": 0.0011372019404858995, "gamma": 476.17197131370926, "max_depth": 2.0, "min_child_weight": 4686.955730166472, "num_boost_round": 3.0, "subsample": 0.6414027223012237}, "datetime": {"datetime": "2024-01-20 15:39:49", "elapsed": 4550.870051, "delta": 0.002172}}
{"target": -13.731045561210093, "params": {"colsample_bytree": 0.48329195281705184, "eta": 0.0011372019404858995, "gamma": 476.17197131370926, "max_depth": 2.0, "min_child_weight": 4686.955730166472, "num_boost_round": 4.0, "subsample": 0.6414027223012237}, "datetime": {"datetime": "2024-01-20 15:39:49", "elapsed": 4550.872218, "delta": 0.002167}}
{"target": -13.731063394990965, "params": {"colsample_bytree": 0.48329195281705184, "eta": 0.0011372019404858995, "gamma": 476.17197131370926, "max_depth": 2.0, "min_child_weight": 4686.955730166472, "num_boost_round": 5.0, "subsample": 0.6414027223012237}, "datetime": {"datetime": "2024-01-20 15:39:49", "elapsed": 4550.874463, "delta": 0.002245}}
{"target": -13.73118403556153, "params": {"colsample_bytree": 0.6691502649799023, "eta": 0.013973787006833159, "gamma": 723.7316017142846, "max_depth": 3.0, "min_child_weight": 4140.751875445449, "num_boost_round": 1.0, "subsample": 0.5752815987093637}, "datetime": {"datetime": "2024-01-20 15:40:10", "elapsed": 4570.913935, "delta": 20.039472}}
{"target": -13.731307056100306, "params": {"colsample_bytree": 0.6691502649799023, "eta": 0.013973787006833159, "gamma": 723.7316017142846, "max_depth": 3.0, "min_child_weight": 4140.751875445449, "num_boost_round": 2.0, "subsample": 0.5752815987093637}, "datetime": {"datetime": "2024-01-20 15:40:10", "elapsed": 4570.917725, "delta": 0.00379}}
{"target": -13.731503311649284, "params": {"colsample_bytree": 0.2238443098261952, "eta": 0.04645314552463053, "gamma": 294.9900470121155, "max_depth": 7.0, "min_child_weight": 4717.297814021418, "num_boost_round": 1.0, "subsample": 0.9670930762772638}, "datetime": {"datetime": "2024-01-20 15:40:35", "elapsed": 4596.208491, "delta": 25.290766}}
{"target": -13.731838894155963, "params": {"colsample_bytree": 0.2238443098261952, "eta": 0.04645314552463053, "gamma": 294.9900470121155, "max_depth": 7.0, "min_child_weight": 4717.297814021418, "num_boost_round": 2.0, "subsample": 0.9670930762772638}, "datetime": {"datetime": "2024-01-20 15:40:35", "elapsed": 4596.211489, "delta": 0.002998}}
{"target": -13.732117609129668, "params": {"colsample_bytree": 0.2238443098261952, "eta": 0.04645314552463053, "gamma": 294.9900470121155, "max_depth": 7.0, "min_child_weight": 4717.297814021418, "num_boost_round": 3.0, "subsample": 0.9670930762772638}, "datetime": {"datetime": "2024-01-20 15:40:35", "elapsed": 4596.214644, "delta": 0.003155}}
{"target": -13.731729006701123, "params": {"colsample_bytree": 0.4222344170362473, "eta": 0.061532904389370306, "gamma": 960.3119798105474, "max_depth": 6.0, "min_child_weight": 4577.708979646317, "num_boost_round": 1.0, "subsample": 0.6075366333459311}, "datetime": {"datetime": "2024-01-20 15:41:00", "elapsed": 4621.195459, "delta": 24.980815}}
{"target": -13.73214075121418, "params": {"colsample_bytree": 0.4222344170362473, "eta": 0.061532904389370306, "gamma": 960.3119798105474, "max_depth": 6.0, "min_child_weight": 4577.708979646317, "num_boost_round": 2.0, "subsample": 0.6075366333459311}, "datetime": {"datetime": "2024-01-20 15:41:00", "elapsed": 4621.198288, "delta": 0.002829}}
{"target": -13.7328791181259, "params": {"colsample_bytree": 0.4222344170362473, "eta": 0.061532904389370306, "gamma": 960.3119798105474, "max_depth": 6.0, "min_child_weight": 4577.708979646317, "num_boost_round": 3.0, "subsample": 0.6075366333459311}, "datetime": {"datetime": "2024-01-20 15:41:00", "elapsed": 4621.201213, "delta": 0.002925}}
{"target": -13.733704829404441, "params": {"colsample_bytree": 0.4222344170362473, "eta": 0.061532904389370306, "gamma": 960.3119798105474, "max_depth": 6.0, "min_child_weight": 4577.708979646317, "num_boost_round": 4.0, "subsample": 0.6075366333459311}, "datetime": {"datetime": "2024-01-20 15:41:00", "elapsed": 4621.203579, "delta": 0.002366}}
