{"target": -15.163899992895931, "params": {"colsample_bytree": 0.588285997664649, "eta": 0.07367924058144561, "gamma": 519.9179413546298, "max_depth": 6.0, "min_child_weight": 4253.772771584516, "num_boost_round": 37.0, "subsample": 0.8846435947106256}, "datetime": {"datetime": "2024-01-20 14:37:09", "elapsed": 786.974352, "delta": 0.001365}}
{"target": -15.164028253684315, "params": {"colsample_bytree": 0.588285997664649, "eta": 0.07367924058144561, "gamma": 519.9179413546298, "max_depth": 6.0, "min_child_weight": 4253.772771584516, "num_boost_round": 38.0, "subsample": 0.8846435947106256}, "datetime": {"datetime": "2024-01-20 14:37:09", "elapsed": 786.97572, "delta": 0.001368}}
{"target": -15.164111183961527, "params": {"colsample_bytree": 0.588285997664649, "eta": 0.07367924058144561, "gamma": 519.9179413546298, "max_depth": 6.0, "min_child_weight": 4253.772771584516, "num_boost_round": 39.0, "subsample": 0.8846435947106256}, "datetime": {"datetime": "2024-01-20 14:37:09", "elapsed": 786.977086, "delta": 0.001366}}
{"target": -15.164069822304626, "params": {"colsample_bytree": 0.588285997664649, "eta": 0.07367924058144561, "gamma": 519.9179413546298, "max_depth": 6.0, "min_child_weight": 4253.772771584516, "num_boost_round": 40.0, "subsample": 0.8846435947106256}, "datetime": {"datetime": "2024-01-20 14:37:09", "elapsed": 786.978459, "delta": 0.001373}}
{"target": -15.165318686454835, "params": {"colsample_bytree": 0.588285997664649, "eta": 0.07367924058144561, "gamma": 519.9179413546298, "max_depth": 6.0, "min_child_weight": 4253.772771584516, "num_boost_round": 41.0, "subsample": 0.8846435947106256}, "datetime": {"datetime": "2024-01-20 14:37:09", "elapsed": 786.979874, "delta": 0.001415}}
{"target": -15.165656813387638, "params": {"colsample_bytree": 0.588285997664649, "eta": 0.07367924058144561, "gamma": 519.9179413546298, "max_depth": 6.0, "min_child_weight": 4253.772771584516, "num_boost_round": 42.0, "subsample": 0.8846435947106256}, "datetime": {"datetime": "2024-01-20 14:37:09", "elapsed": 786.981236, "delta": 0.001362}}
{"target": -15.165817347957883, "params": {"colsample_bytree": 0.588285997664649, "eta": 0.07367924058144561, "gamma": 519.9179413546298, "max_depth": 6.0, "min_child_weight": 4253.772771584516, "num_boost_round": 43.0, "subsample": 0.8846435947106256}, "datetime": {"datetime": "2024-01-20 14:37:09", "elapsed": 786.982655, "delta": 0.001419}}
{"target": -15.166080465149355, "params": {"colsample_bytree": 0.588285997664649, "eta": 0.07367924058144561, "gamma": 519.9179413546298, "max_depth": 6.0, "min_child_weight": 4253.772771584516, "num_boost_round": 44.0, "subsample": 0.8846435947106256}, "datetime": {"datetime": "2024-01-20 14:37:09", "elapsed": 786.984024, "delta": 0.001369}}
{"target": -15.17257140669432, "params": {"colsample_bytree": 0.4927872173966955, "eta": 0.01715043979276766, "gamma": 562.8215489258666, "max_depth": 5.0, "min_child_weight": 4242.267772998672, "num_boost_round": 1.0, "subsample": 0.9320559253012867}, "datetime": {"datetime": "2024-01-20 14:37:45", "elapsed": 823.379174, "delta": 36.39515}}
{"target": -15.172182641562777, "params": {"colsample_bytree": 0.4927872173966955, "eta": 0.01715043979276766, "gamma": 562.8215489258666, "max_depth": 5.0, "min_child_weight": 4242.267772998672, "num_boost_round": 2.0, "subsample": 0.9320559253012867}, "datetime": {"datetime": "2024-01-20 14:37:45", "elapsed": 823.381364, "delta": 0.00219}}
{"target": -15.171540245939937, "params": {"colsample_bytree": 0.4927872173966955, "eta": 0.01715043979276766, "gamma": 562.8215489258666, "max_depth": 5.0, "min_child_weight": 4242.267772998672, "num_boost_round": 3.0, "subsample": 0.9320559253012867}, "datetime": {"datetime": "2024-01-20 14:37:45", "elapsed": 823.38298, "delta": 0.001616}}
{"target": -15.171426275447635, "params": {"colsample_bytree": 0.4927872173966955, "eta": 0.01715043979276766, "gamma": 562.8215489258666, "max_depth": 5.0, "min_child_weight": 4242.267772998672, "num_boost_round": 4.0, "subsample": 0.9320559253012867}, "datetime": {"datetime": "2024-01-20 14:37:45", "elapsed": 823.38496, "delta": 0.00198}}
{"target": -15.170522840912499, "params": {"colsample_bytree": 0.4927872173966955, "eta": 0.01715043979276766, "gamma": 562.8215489258666, "max_depth": 5.0, "min_child_weight": 4242.267772998672, "num_boost_round": 5.0, "subsample": 0.9320559253012867}, "datetime": {"datetime": "2024-01-20 14:37:45", "elapsed": 823.38641, "delta": 0.00145}}
{"target": -15.169933623866331, "params": {"colsample_bytree": 0.4927872173966955, "eta": 0.01715043979276766, "gamma": 562.8215489258666, "max_depth": 5.0, "min_child_weight": 4242.267772998672, "num_boost_round": 6.0, "subsample": 0.9320559253012867}, "datetime": {"datetime": "2024-01-20 14:37:45", "elapsed": 823.387797, "delta": 0.001387}}
{"target": -15.169241717165892, "params": {"colsample_bytree": 0.4927872173966955, "eta": 0.01715043979276766, "gamma": 562.8215489258666, "max_depth": 5.0, "min_child_weight": 4242.267772998672, "num_boost_round": 7.0, "subsample": 0.9320559253012867}, "datetime": {"datetime": "2024-01-20 14:37:45", "elapsed": 823.389178, "delta": 0.001381}}
{"target": -15.168582192305623, "params": {"colsample_bytree": 0.4927872173966955, "eta": 0.01715043979276766, "gamma": 562.8215489258666, "max_depth": 5.0, "min_child_weight": 4242.267772998672, "num_boost_round": 8.0, "subsample": 0.9320559253012867}, "datetime": {"datetime": "2024-01-20 14:37:45", "elapsed": 823.390831, "delta": 0.001653}}
{"target": -15.167999408865434, "params": {"colsample_bytree": 0.4927872173966955, "eta": 0.01715043979276766, "gamma": 562.8215489258666, "max_depth": 5.0, "min_child_weight": 4242.267772998672, "num_boost_round": 9.0, "subsample": 0.9320559253012867}, "datetime": {"datetime": "2024-01-20 14:37:45", "elapsed": 823.392346, "delta": 0.001515}}
{"target": -15.167517057536344, "params": {"colsample_bytree": 0.4927872173966955, "eta": 0.01715043979276766, "gamma": 562.8215489258666, "max_depth": 5.0, "min_child_weight": 4242.267772998672, "num_boost_round": 10.0, "subsample": 0.9320559253012867}, "datetime": {"datetime": "2024-01-20 14:37:45", "elapsed": 823.393821, "delta": 0.001475}}
{"target": -15.167328783144164, "params": {"colsample_bytree": 0.4927872173966955, "eta": 0.01715043979276766, "gamma": 562.8215489258666, "max_depth": 5.0, "min_child_weight": 4242.267772998672, "num_boost_round": 11.0, "subsample": 0.9320559253012867}, "datetime": {"datetime": "2024-01-20 14:37:45", "elapsed": 823.395199, "delta": 0.001378}}
{"target": -15.166693362451028, "params": {"colsample_bytree": 0.4927872173966955, "eta": 0.01715043979276766, "gamma": 562.8215489258666, "max_depth": 5.0, "min_child_weight": 4242.267772998672, "num_boost_round": 12.0, "subsample": 0.9320559253012867}, "datetime": {"datetime": "2024-01-20 14:37:45", "elapsed": 823.39658, "delta": 0.001381}}
{"target": -15.166268105480253, "params": {"colsample_bytree": 0.4927872173966955, "eta": 0.01715043979276766, "gamma": 562.8215489258666, "max_depth": 5.0, "min_child_weight": 4242.267772998672, "num_boost_round": 13.0, "subsample": 0.9320559253012867}, "datetime": {"datetime": "2024-01-20 14:37:45", "elapsed": 823.397953, "delta": 0.001373}}
{"target": -15.165759829456004, "params": {"colsample_bytree": 0.4927872173966955, "eta": 0.01715043979276766, "gamma": 562.8215489258666, "max_depth": 5.0, "min_child_weight": 4242.267772998672, "num_boost_round": 14.0, "subsample": 0.9320559253012867}, "datetime": {"datetime": "2024-01-20 14:37:45", "elapsed": 823.39933, "delta": 0.001377}}
{"target": -15.165177467416163, "params": {"colsample_bytree": 0.4927872173966955, "eta": 0.01715043979276766, "gamma": 562.8215489258666, "max_depth": 5.0, "min_child_weight": 4242.267772998672, "num_boost_round": 15.0, "subsample": 0.9320559253012867}, "datetime": {"datetime": "2024-01-20 14:37:45", "elapsed": 823.400805, "delta": 0.001475}}
{"target": -15.16502487200366, "params": {"colsample_bytree": 0.4927872173966955, "eta": 0.01715043979276766, "gamma": 562.8215489258666, "max_depth": 5.0, "min_child_weight": 4242.267772998672, "num_boost_round": 16.0, "subsample": 0.9320559253012867}, "datetime": {"datetime": "2024-01-20 14:37:45", "elapsed": 823.402247, "delta": 0.001442}}
{"target": -15.164466736068665, "params": {"colsample_bytree": 0.4927872173966955, "eta": 0.01715043979276766, "gamma": 562.8215489258666, "max_depth": 5.0, "min_child_weight": 4242.267772998672, "num_boost_round": 17.0, "subsample": 0.9320559253012867}, "datetime": {"datetime": "2024-01-20 14:37:45", "elapsed": 823.403663, "delta": 0.001416}}
{"target": -15.16407843049536, "params": {"colsample_bytree": 0.4927872173966955, "eta": 0.01715043979276766, "gamma": 562.8215489258666, "max_depth": 5.0, "min_child_weight": 4242.267772998672, "num_boost_round": 18.0, "subsample": 0.9320559253012867}, "datetime": {"datetime": "2024-01-20 14:37:45", "elapsed": 823.405075, "delta": 0.001412}}
{"target": -15.163786635258798, "params": {"colsample_bytree": 0.4927872173966955, "eta": 0.01715043979276766, "gamma": 562.8215489258666, "max_depth": 5.0, "min_child_weight": 4242.267772998672, "num_boost_round": 19.0, "subsample": 0.9320559253012867}, "datetime": {"datetime": "2024-01-20 14:37:45", "elapsed": 823.406508, "delta": 0.001433}}
{"target": -15.163388121493048, "params": {"colsample_bytree": 0.4927872173966955, "eta": 0.01715043979276766, "gamma": 562.8215489258666, "max_depth": 5.0, "min_child_weight": 4242.267772998672, "num_boost_round": 20.0, "subsample": 0.9320559253012867}, "datetime": {"datetime": "2024-01-20 14:37:45", "elapsed": 823.407913, "delta": 0.001405}}
{"target": -15.162853486380726, "params": {"colsample_bytree": 0.4927872173966955, "eta": 0.01715043979276766, "gamma": 562.8215489258666, "max_depth": 5.0, "min_child_weight": 4242.267772998672, "num_boost_round": 21.0, "subsample": 0.9320559253012867}, "datetime": {"datetime": "2024-01-20 14:37:45", "elapsed": 823.409291, "delta": 0.001378}}
{"target": -15.162835090889129, "params": {"colsample_bytree": 0.4927872173966955, "eta": 0.01715043979276766, "gamma": 562.8215489258666, "max_depth": 5.0, "min_child_weight": 4242.267772998672, "num_boost_round": 22.0, "subsample": 0.9320559253012867}, "datetime": {"datetime": "2024-01-20 14:37:45", "elapsed": 823.41085, "delta": 0.001559}}
{"target": -15.162173445058514, "params": {"colsample_bytree": 0.4927872173966955, "eta": 0.01715043979276766, "gamma": 562.8215489258666, "max_depth": 5.0, "min_child_weight": 4242.267772998672, "num_boost_round": 23.0, "subsample": 0.9320559253012867}, "datetime": {"datetime": "2024-01-20 14:37:45", "elapsed": 823.412245, "delta": 0.001395}}
{"target": -15.161728052816077, "params": {"colsample_bytree": 0.4927872173966955, "eta": 0.01715043979276766, "gamma": 562.8215489258666, "max_depth": 5.0, "min_child_weight": 4242.267772998672, "num_boost_round": 24.0, "subsample": 0.9320559253012867}, "datetime": {"datetime": "2024-01-20 14:37:45", "elapsed": 823.413655, "delta": 0.00141}}
{"target": -15.161573529704228, "params": {"colsample_bytree": 0.4927872173966955, "eta": 0.01715043979276766, "gamma": 562.8215489258666, "max_depth": 5.0, "min_child_weight": 4242.267772998672, "num_boost_round": 25.0, "subsample": 0.9320559253012867}, "datetime": {"datetime": "2024-01-20 14:37:45", "elapsed": 823.415058, "delta": 0.001403}}
{"target": -15.1614286521369, "params": {"colsample_bytree": 0.4927872173966955, "eta": 0.01715043979276766, "gamma": 562.8215489258666, "max_depth": 5.0, "min_child_weight": 4242.267772998672, "num_boost_round": 26.0, "subsample": 0.9320559253012867}, "datetime": {"datetime": "2024-01-20 14:37:45", "elapsed": 823.416453, "delta": 0.001395}}
{"target": -15.161080557353618, "params": {"colsample_bytree": 0.4927872173966955, "eta": 0.01715043979276766, "gamma": 562.8215489258666, "max_depth": 5.0, "min_child_weight": 4242.267772998672, "num_boost_round": 27.0, "subsample": 0.9320559253012867}, "datetime": {"datetime": "2024-01-20 14:37:45", "elapsed": 823.417848, "delta": 0.001395}}
{"target": -15.160812178878187, "params": {"colsample_bytree": 0.4927872173966955, "eta": 0.01715043979276766, "gamma": 562.8215489258666, "max_depth": 5.0, "min_child_weight": 4242.267772998672, "num_boost_round": 28.0, "subsample": 0.9320559253012867}, "datetime": {"datetime": "2024-01-20 14:37:45", "elapsed": 823.419231, "delta": 0.001383}}
{"target": -15.160354035483186, "params": {"colsample_bytree": 0.4927872173966955, "eta": 0.01715043979276766, "gamma": 562.8215489258666, "max_depth": 5.0, "min_child_weight": 4242.267772998672, "num_boost_round": 29.0, "subsample": 0.9320559253012867}, "datetime": {"datetime": "2024-01-20 14:37:45", "elapsed": 823.420633, "delta": 0.001402}}
{"target": -15.16002024877572, "params": {"colsample_bytree": 0.4927872173966955, "eta": 0.01715043979276766, "gamma": 562.8215489258666, "max_depth": 5.0, "min_child_weight": 4242.267772998672, "num_boost_round": 30.0, "subsample": 0.9320559253012867}, "datetime": {"datetime": "2024-01-20 14:37:45", "elapsed": 823.422288, "delta": 0.001655}}
{"target": -15.159700816107087, "params": {"colsample_bytree": 0.4927872173966955, "eta": 0.01715043979276766, "gamma": 562.8215489258666, "max_depth": 5.0, "min_child_weight": 4242.267772998672, "num_boost_round": 31.0, "subsample": 0.9320559253012867}, "datetime": {"datetime": "2024-01-20 14:37:45", "elapsed": 823.423839, "delta": 0.001551}}
{"target": -15.159553421508924, "params": {"colsample_bytree": 0.4927872173966955, "eta": 0.01715043979276766, "gamma": 562.8215489258666, "max_depth": 5.0, "min_child_weight": 4242.267772998672, "num_boost_round": 32.0, "subsample": 0.9320559253012867}, "datetime": {"datetime": "2024-01-20 14:37:45", "elapsed": 823.425247, "delta": 0.001408}}
{"target": -15.159463750996041, "params": {"colsample_bytree": 0.4927872173966955, "eta": 0.01715043979276766, "gamma": 562.8215489258666, "max_depth": 5.0, "min_child_weight": 4242.267772998672, "num_boost_round": 33.0, "subsample": 0.9320559253012867}, "datetime": {"datetime": "2024-01-20 14:37:45", "elapsed": 823.42665, "delta": 0.001403}}
{"target": -15.159409769461341, "params": {"colsample_bytree": 0.4927872173966955, "eta": 0.01715043979276766, "gamma": 562.8215489258666, "max_depth": 5.0, "min_child_weight": 4242.267772998672, "num_boost_round": 34.0, "subsample": 0.9320559253012867}, "datetime": {"datetime": "2024-01-20 14:37:45", "elapsed": 823.428066, "delta": 0.001416}}
{"target": -15.159070062183128, "params": {"colsample_bytree": 0.4927872173966955, "eta": 0.01715043979276766, "gamma": 562.8215489258666, "max_depth": 5.0, "min_child_weight": 4242.267772998672, "num_boost_round": 35.0, "subsample": 0.9320559253012867}, "datetime": {"datetime": "2024-01-20 14:37:45", "elapsed": 823.429469, "delta": 0.001403}}
{"target": -15.158638295108677, "params": {"colsample_bytree": 0.4927872173966955, "eta": 0.01715043979276766, "gamma": 562.8215489258666, "max_depth": 5.0, "min_child_weight": 4242.267772998672, "num_boost_round": 36.0, "subsample": 0.9320559253012867}, "datetime": {"datetime": "2024-01-20 14:37:45", "elapsed": 823.430979, "delta": 0.00151}}
{"target": -15.15831434130671, "params": {"colsample_bytree": 0.4927872173966955, "eta": 0.01715043979276766, "gamma": 562.8215489258666, "max_depth": 5.0, "min_child_weight": 4242.267772998672, "num_boost_round": 37.0, "subsample": 0.9320559253012867}, "datetime": {"datetime": "2024-01-20 14:37:45", "elapsed": 823.432437, "delta": 0.001458}}
{"target": -15.158061162484312, "params": {"colsample_bytree": 0.4927872173966955, "eta": 0.01715043979276766, "gamma": 562.8215489258666, "max_depth": 5.0, "min_child_weight": 4242.267772998672, "num_boost_round": 38.0, "subsample": 0.9320559253012867}, "datetime": {"datetime": "2024-01-20 14:37:45", "elapsed": 823.433892, "delta": 0.001455}}
{"target": -15.158127135879152, "params": {"colsample_bytree": 0.4927872173966955, "eta": 0.01715043979276766, "gamma": 562.8215489258666, "max_depth": 5.0, "min_child_weight": 4242.267772998672, "num_boost_round": 39.0, "subsample": 0.9320559253012867}, "datetime": {"datetime": "2024-01-20 14:37:45", "elapsed": 823.435347, "delta": 0.001455}}
{"target": -15.158136918278121, "params": {"colsample_bytree": 0.4927872173966955, "eta": 0.01715043979276766, "gamma": 562.8215489258666, "max_depth": 5.0, "min_child_weight": 4242.267772998672, "num_boost_round": 40.0, "subsample": 0.9320559253012867}, "datetime": {"datetime": "2024-01-20 14:37:45", "elapsed": 823.436806, "delta": 0.001459}}
{"target": -15.157801191411348, "params": {"colsample_bytree": 0.4927872173966955, "eta": 0.01715043979276766, "gamma": 562.8215489258666, "max_depth": 5.0, "min_child_weight": 4242.267772998672, "num_boost_round": 41.0, "subsample": 0.9320559253012867}, "datetime": {"datetime": "2024-01-20 14:37:45", "elapsed": 823.438243, "delta": 0.001437}}
{"target": -15.157450626029402, "params": {"colsample_bytree": 0.4927872173966955, "eta": 0.01715043979276766, "gamma": 562.8215489258666, "max_depth": 5.0, "min_child_weight": 4242.267772998672, "num_boost_round": 42.0, "subsample": 0.9320559253012867}, "datetime": {"datetime": "2024-01-20 14:37:45", "elapsed": 823.439708, "delta": 0.001465}}
{"target": -15.170523669707702, "params": {"colsample_bytree": 0.970428248475239, "eta": 0.03114412873203984, "gamma": 595.5169343290763, "max_depth": 8.0, "min_child_weight": 4154.822656514664, "num_boost_round": 1.0, "subsample": 0.5662410667823582}, "datetime": {"datetime": "2024-01-20 14:38:21", "elapsed": 858.672375, "delta": 35.232667}}
{"target": -15.168158536815564, "params": {"colsample_bytree": 0.970428248475239, "eta": 0.03114412873203984, "gamma": 595.5169343290763, "max_depth": 8.0, "min_child_weight": 4154.822656514664, "num_boost_round": 2.0, "subsample": 0.5662410667823582}, "datetime": {"datetime": "2024-01-20 14:38:21", "elapsed": 858.674404, "delta": 0.002029}}
{"target": -15.166355855014192, "params": {"colsample_bytree": 0.970428248475239, "eta": 0.03114412873203984, "gamma": 595.5169343290763, "max_depth": 8.0, "min_child_weight": 4154.822656514664, "num_boost_round": 3.0, "subsample": 0.5662410667823582}, "datetime": {"datetime": "2024-01-20 14:38:21", "elapsed": 858.675888, "delta": 0.001484}}
{"target": -15.164713935750502, "params": {"colsample_bytree": 0.970428248475239, "eta": 0.03114412873203984, "gamma": 595.5169343290763, "max_depth": 8.0, "min_child_weight": 4154.822656514664, "num_boost_round": 4.0, "subsample": 0.5662410667823582}, "datetime": {"datetime": "2024-01-20 14:38:21", "elapsed": 858.677344, "delta": 0.001456}}
{"target": -15.16308202687566, "params": {"colsample_bytree": 0.970428248475239, "eta": 0.03114412873203984, "gamma": 595.5169343290763, "max_depth": 8.0, "min_child_weight": 4154.822656514664, "num_boost_round": 5.0, "subsample": 0.5662410667823582}, "datetime": {"datetime": "2024-01-20 14:38:21", "elapsed": 858.67883, "delta": 0.001486}}
{"target": -15.161826812932688, "params": {"colsample_bytree": 0.970428248475239, "eta": 0.03114412873203984, "gamma": 595.5169343290763, "max_depth": 8.0, "min_child_weight": 4154.822656514664, "num_boost_round": 6.0, "subsample": 0.5662410667823582}, "datetime": {"datetime": "2024-01-20 14:38:21", "elapsed": 858.680362, "delta": 0.001532}}
{"target": -15.16051975654553, "params": {"colsample_bytree": 0.970428248475239, "eta": 0.03114412873203984, "gamma": 595.5169343290763, "max_depth": 8.0, "min_child_weight": 4154.822656514664, "num_boost_round": 7.0, "subsample": 0.5662410667823582}, "datetime": {"datetime": "2024-01-20 14:38:21", "elapsed": 858.681878, "delta": 0.001516}}
{"target": -15.159574721922557, "params": {"colsample_bytree": 0.970428248475239, "eta": 0.03114412873203984, "gamma": 595.5169343290763, "max_depth": 8.0, "min_child_weight": 4154.822656514664, "num_boost_round": 8.0, "subsample": 0.5662410667823582}, "datetime": {"datetime": "2024-01-20 14:38:21", "elapsed": 858.683334, "delta": 0.001456}}
{"target": -15.158837125847233, "params": {"colsample_bytree": 0.970428248475239, "eta": 0.03114412873203984, "gamma": 595.5169343290763, "max_depth": 8.0, "min_child_weight": 4154.822656514664, "num_boost_round": 9.0, "subsample": 0.5662410667823582}, "datetime": {"datetime": "2024-01-20 14:38:21", "elapsed": 858.68478, "delta": 0.001446}}
{"target": -15.158056648055517, "params": {"colsample_bytree": 0.970428248475239, "eta": 0.03114412873203984, "gamma": 595.5169343290763, "max_depth": 8.0, "min_child_weight": 4154.822656514664, "num_boost_round": 10.0, "subsample": 0.5662410667823582}, "datetime": {"datetime": "2024-01-20 14:38:21", "elapsed": 858.686212, "delta": 0.001432}}
{"target": -15.157389277162132, "params": {"colsample_bytree": 0.970428248475239, "eta": 0.03114412873203984, "gamma": 595.5169343290763, "max_depth": 8.0, "min_child_weight": 4154.822656514664, "num_boost_round": 11.0, "subsample": 0.5662410667823582}, "datetime": {"datetime": "2024-01-20 14:38:21", "elapsed": 858.687658, "delta": 0.001446}}
{"target": -15.156880612179156, "params": {"colsample_bytree": 0.970428248475239, "eta": 0.03114412873203984, "gamma": 595.5169343290763, "max_depth": 8.0, "min_child_weight": 4154.822656514664, "num_boost_round": 12.0, "subsample": 0.5662410667823582}, "datetime": {"datetime": "2024-01-20 14:38:21", "elapsed": 858.689102, "delta": 0.001444}}
{"target": -15.15634965842904, "params": {"colsample_bytree": 0.970428248475239, "eta": 0.03114412873203984, "gamma": 595.5169343290763, "max_depth": 8.0, "min_child_weight": 4154.822656514664, "num_boost_round": 13.0, "subsample": 0.5662410667823582}, "datetime": {"datetime": "2024-01-20 14:38:21", "elapsed": 858.690553, "delta": 0.001451}}
