{"target": -13.754058411865909, "params": {"gamma": 83.4044009405148, "log10_alpha": -0.6780530393470512, "log10_colsample_bytree": -0.9998856251826551, "log10_eta": -2.790669709472641, "log10_lambda": -4.119464655097322, "log10_min_child_weight": 0.461692973843989, "log10_subsample": -0.8137397886223291, "max_depth": 4.0}, "datetime": {"datetime": "2024-01-18 16:24:18", "elapsed": 0.0, "delta": 0.0}}
{"target": -13.758353417060093, "params": {"gamma": 181.7466800215729, "log10_alpha": 0.7110912012165791, "log10_colsample_bytree": -0.08186935351063163, "log10_eta": -2.709161531871132, "log10_lambda": -0.14732335084605452, "log10_min_child_weight": 4.5806005057898656, "log10_subsample": -0.632778788603008, "max_depth": 7.0}, "datetime": {"datetime": "2024-01-18 16:27:44", "elapsed": 206.203702, "delta": 206.203702}}
{"target": -13.756640973782442, "params": {"gamma": 83.24007386290577, "log10_alpha": -0.05245851926740652, "log10_colsample_bytree": -0.45568949910979195, "log10_eta": -1.664275591601692, "log10_lambda": -4.125685053062522, "log10_min_child_weight": 0.5709982347510317, "log10_subsample": -0.9749029655304562, "max_depth": 2.0}, "datetime": {"datetime": "2024-01-18 16:29:24", "elapsed": 306.336645, "delta": 100.132943}}
{"target": -13.755264607089284, "params": {"gamma": 56.573685480047395, "log10_alpha": 0.020619647410235586, "log10_colsample_bytree": -0.9809148454295032, "log10_eta": -3.197448130372771, "log10_lambda": -2.9178609366357495, "log10_min_child_weight": 0.27387158110185106, "log10_subsample": -0.46930873167150466, "max_depth": 5.0}, "datetime": {"datetime": "2024-01-18 16:40:52", "elapsed": 993.657841, "delta": 687.321196}}
{"target": -13.754988653891976, "params": {"gamma": 73.18369195345747, "log10_alpha": -2.1848711607627997, "log10_colsample_bytree": -0.46271423129006517, "log10_eta": -2.9388351638205785, "log10_lambda": 0.9691136152292898, "log10_min_child_weight": 1.1191523546009319, "log10_subsample": -0.7481845211156462, "max_depth": 9.0}, "datetime": {"datetime": "2024-01-18 16:49:02", "elapsed": 1483.718385, "delta": 490.060544}}
{"target": -13.764552592518156, "params": {"gamma": 25.72581138472778, "log10_alpha": -4.875023798704493, "log10_colsample_bytree": -0.11276063216831878, "log10_eta": -0.8023039452805447, "log10_lambda": -0.1841558600473432, "log10_min_child_weight": 2.3566427356690673, "log10_subsample": -0.17384238835060517, "max_depth": 6.0}, "datetime": {"datetime": "2024-01-18 16:50:21", "elapsed": 1562.620282, "delta": 78.901897}}
{"target": -13.755291816174754, "params": {"gamma": 79.24156483415403, "log10_alpha": -0.8911316225870509, "log10_colsample_bytree": -0.7094728152182959, "log10_eta": -3.526953803867746, "log10_lambda": -1.9654689200089193, "log10_min_child_weight": 0.49709775879270224, "log10_subsample": -0.6453954908251002, "max_depth": 6.0}, "datetime": {"datetime": "2024-01-18 17:06:38", "elapsed": 2540.257673, "delta": 977.637391}}
{"target": -13.757157292110858, "params": {"gamma": 85.41816801733894, "log10_alpha": -2.1131889770721854, "log10_colsample_bytree": -1.0, "log10_eta": -4.0, "log10_lambda": -4.901379619823446, "log10_min_child_weight": 0.27775777053220324, "log10_subsample": -0.3405064058942926, "max_depth": 9.0}, "datetime": {"datetime": "2024-01-18 17:36:20", "elapsed": 4322.405057, "delta": 1782.147384}}
{"target": -13.756431309322673, "params": {"gamma": 82.07961214440252, "log10_alpha": -4.764721858660762, "log10_colsample_bytree": -0.6145442268097209, "log10_eta": -2.8785934145606444, "log10_lambda": -4.203986366338689, "log10_min_child_weight": 0.9569504175620341, "log10_subsample": -0.33906504699593676, "max_depth": 4.0}, "datetime": {"datetime": "2024-01-18 17:40:18", "elapsed": 4560.188382, "delta": 237.783325}}
{"target": -13.757604969203316, "params": {"gamma": 84.98208689193798, "log10_alpha": 0.9609715870443205, "log10_colsample_bytree": -0.22282141393982524, "log10_eta": -2.8891581378746216, "log10_lambda": 0.04946696528831307, "log10_min_child_weight": 1.18615611519571, "log10_subsample": -0.5839311726515165, "max_depth": 5.0}, "datetime": {"datetime": "2024-01-18 17:42:49", "elapsed": 4711.18106, "delta": 150.992678}}
{"target": -13.757886531325703, "params": {"gamma": 81.06294741686628, "log10_alpha": 0.8778455324507677, "log10_colsample_bytree": -0.039519363699265675, "log10_eta": -1.6067215711365765, "log10_lambda": -4.962246669480511, "log10_min_child_weight": 1.661021624190362, "log10_subsample": -0.7674988499304708, "max_depth": 5.0}, "datetime": {"datetime": "2024-01-18 17:44:06", "elapsed": 4788.33213, "delta": 77.15107}}
{"target": -13.756978612991205, "params": {"gamma": 86.12380921116427, "log10_alpha": -0.9569029772474007, "log10_colsample_bytree": -0.49529329116024456, "log10_eta": -3.696629090924913, "log10_lambda": -4.8910646837576905, "log10_min_child_weight": 1.2505643974434761, "log10_subsample": -0.466620955662403, "max_depth": 4.0}, "datetime": {"datetime": "2024-01-18 17:56:45", "elapsed": 5546.605287, "delta": 758.273157}}
{"target": -13.755200850850393, "params": {"gamma": 81.35462178652593, "log10_alpha": -0.058390320603325385, "log10_colsample_bytree": -0.8166563961021632, "log10_eta": -3.0446311392400207, "log10_lambda": -2.585203499901364, "log10_min_child_weight": 0.14472667716072862, "log10_subsample": -0.3609637076257616, "max_depth": 5.0}, "datetime": {"datetime": "2024-01-18 18:04:08", "elapsed": 5989.701838, "delta": 443.096551}}
{"target": -13.755401902720996, "params": {"gamma": 76.29527656811817, "log10_alpha": -4.435400620962122, "log10_colsample_bytree": -0.8089275074908621, "log10_eta": -3.4546691657005244, "log10_lambda": 0.6711604447058326, "log10_min_child_weight": 2.494111261026717, "log10_subsample": -0.9037471031851307, "max_depth": 7.0}, "datetime": {"datetime": "2024-01-18 18:21:18", "elapsed": 7020.173519, "delta": 1030.471681}}
{"target": -13.757228511009652, "params": {"gamma": 74.14302658838079, "log10_alpha": -1.2059755009317354, "log10_colsample_bytree": -1.0, "log10_eta": -4.0, "log10_lambda": 0.6366900710267989, "log10_min_child_weight": 0.0, "log10_subsample": -0.5977620244841051, "max_depth": 4.0}, "datetime": {"datetime": "2024-01-18 18:44:25", "elapsed": 8407.260482, "delta": 1387.086963}}
{"target": -13.758305794873454, "params": {"gamma": 75.3189861388385, "log10_alpha": -1.0815428056861665, "log10_colsample_bytree": -0.23586579760639148, "log10_eta": -2.7604078705068447, "log10_lambda": -0.8669155255435488, "log10_min_child_weight": 4.136485958308473, "log10_subsample": -0.8614658407069385, "max_depth": 9.0}, "datetime": {"datetime": "2024-01-18 18:47:23", "elapsed": 8584.67481, "delta": 177.414328}}
{"target": -13.764525190160613, "params": {"gamma": 73.42607959935312, "log10_alpha": -4.741159609840152, "log10_colsample_bytree": -0.6411947512680588, "log10_eta": -0.708871366322056, "log10_lambda": 0.5837980308919706, "log10_min_child_weight": 0.8001550507776095, "log10_subsample": -0.807323620530287, "max_depth": 7.0}, "datetime": {"datetime": "2024-01-18 18:48:42", "elapsed": 8663.98939, "delta": 79.31458}}
{"target": -13.755278664178835, "params": {"gamma": 81.60231656959415, "log10_alpha": -1.9320996804621786, "log10_colsample_bytree": -0.8860342114924132, "log10_eta": -3.426428100682136, "log10_lambda": -3.682940794396243, "log10_min_child_weight": 1.0771491118054988, "log10_subsample": -0.4228125105767059, "max_depth": 4.0}, "datetime": {"datetime": "2024-01-18 19:05:47", "elapsed": 9688.463989, "delta": 1024.474599}}
{"target": -13.757119319296926, "params": {"gamma": 83.47246774531949, "log10_alpha": -2.1820982365705603, "log10_colsample_bytree": -0.342753286557562, "log10_eta": -2.0965006190252513, "log10_lambda": -4.147375920005691, "log10_min_child_weight": 1.561366662267809, "log10_subsample": -0.2012247633277291, "max_depth": 4.0}, "datetime": {"datetime": "2024-01-18 19:07:18", "elapsed": 9779.792747, "delta": 91.328758}}
{"target": -13.755186929517865, "params": {"gamma": 84.40495539175186, "log10_alpha": -0.3574881913866861, "log10_colsample_bytree": -0.6361762934855619, "log10_eta": -2.974255081319816, "log10_lambda": -3.3223423577122677, "log10_min_child_weight": 0.009070614742435756, "log10_subsample": -0.6466675880187804, "max_depth": 5.0}, "datetime": {"datetime": "2024-01-18 19:13:30", "elapsed": 10151.45953, "delta": 371.666783}}
{"target": -13.758091186971146, "params": {"gamma": 77.86392920364749, "log10_alpha": -3.049068190901492, "log10_colsample_bytree": -0.056802894110029145, "log10_eta": -3.5763446972671304, "log10_lambda": 0.13076535401764033, "log10_min_child_weight": 1.9752236402490069, "log10_subsample": -0.353548707788788, "max_depth": 4.0}, "datetime": {"datetime": "2024-01-18 19:19:22", "elapsed": 10504.397529, "delta": 352.937999}}
{"target": -13.75773940602188, "params": {"gamma": 82.89921990201022, "log10_alpha": -1.944488611459943, "log10_colsample_bytree": -0.2642397666770038, "log10_eta": -3.9854447281629843, "log10_lambda": -2.4216031961549866, "log10_min_child_weight": 0.09422617053921001, "log10_subsample": -0.27399501988375885, "max_depth": 6.0}, "datetime": {"datetime": "2024-01-18 19:32:34", "elapsed": 11295.930398, "delta": 791.532869}}
{"target": -13.757650910546868, "params": {"gamma": 82.73249439129886, "log10_alpha": 0.37530208988799496, "log10_colsample_bytree": -1.0, "log10_eta": -4.0, "log10_lambda": -3.5160125011786967, "log10_min_child_weight": 0.0, "log10_subsample": -1.0, "max_depth": 3.0}, "datetime": {"datetime": "2024-01-18 19:51:20", "elapsed": 12421.961434, "delta": 1126.031036}}
{"target": -13.754697431493753, "params": {"gamma": 81.88623155815313, "log10_alpha": -0.880787374389163, "log10_colsample_bytree": -0.9934839360279487, "log10_eta": -1.9343077043426655, "log10_lambda": -2.371958110168245, "log10_min_child_weight": 1.3913073143200467, "log10_subsample": -0.8057120585869109, "max_depth": 5.0}, "datetime": {"datetime": "2024-01-18 19:53:27", "elapsed": 12548.972423, "delta": 127.010989}}
{"target": -13.754134113420713, "params": {"gamma": 82.1014991899906, "log10_alpha": -1.6563250105946843, "log10_colsample_bytree": -1.0, "log10_eta": -1.6246272633046175, "log10_lambda": -3.4951079659553894, "log10_min_child_weight": 0.0, "log10_subsample": -1.0, "max_depth": 5.0}, "datetime": {"datetime": "2024-01-18 19:55:05", "elapsed": 12646.961026, "delta": 97.988603}}
{"target": -13.754902714836826, "params": {"gamma": 80.17824764228814, "log10_alpha": -1.9524465712310688, "log10_colsample_bytree": -0.8391755219914804, "log10_eta": -1.6435093814995745, "log10_lambda": -4.017872068988943, "log10_min_child_weight": 0.24887036580591715, "log10_subsample": -0.41894251337496435, "max_depth": 3.0}, "datetime": {"datetime": "2024-01-18 19:56:57", "elapsed": 12759.205372, "delta": 112.244346}}
{"target": -13.880973338934943, "params": {"gamma": 80.81954775614777, "log10_alpha": 0.3395171012671936, "log10_colsample_bytree": -0.2533560255715671, "log10_eta": -0.1199572485977356, "log10_lambda": -1.316419674575219, "log10_min_child_weight": 0.32940310630267033, "log10_subsample": -0.5860865595888697, "max_depth": 5.0}, "datetime": {"datetime": "2024-01-18 19:58:14", "elapsed": 12835.645069, "delta": 76.439697}}
{"target": -13.75579471596675, "params": {"gamma": 82.09228365547916, "log10_alpha": -0.5633088285848962, "log10_colsample_bytree": -1.0, "log10_eta": -3.47511875171645, "log10_lambda": -3.7073089465691695, "log10_min_child_weight": 2.1112895465202297, "log10_subsample": -1.0, "max_depth": 6.0}, "datetime": {"datetime": "2024-01-18 20:14:33", "elapsed": 13814.824175, "delta": 979.179106}}
{"target": -13.754439554614457, "params": {"gamma": 81.14421318927903, "log10_alpha": -3.2014299463865576, "log10_colsample_bytree": -1.0, "log10_eta": -3.095545015239283, "log10_lambda": -1.9756138054953123, "log10_min_child_weight": 2.499747132872892, "log10_subsample": -1.0, "max_depth": 5.0}, "datetime": {"datetime": "2024-01-18 20:27:50", "elapsed": 14611.753942, "delta": 796.929767}}
{"target": -13.755440069269545, "params": {"gamma": 79.59759293239021, "log10_alpha": -3.8739102879330742, "log10_colsample_bytree": -0.6464197995510894, "log10_eta": -2.846735879456199, "log10_lambda": -4.655594399236756, "log10_min_child_weight": 1.745516438166117, "log10_subsample": -0.7556752348414684, "max_depth": 5.0}, "datetime": {"datetime": "2024-01-18 20:32:30", "elapsed": 14892.008857, "delta": 280.254915}}
{"target": -13.757296819394163, "params": {"gamma": 83.93779429477337, "log10_alpha": -1.308338402705103, "log10_colsample_bytree": -0.3416086698569104, "log10_eta": -3.152174037248069, "log10_lambda": -1.2379081947858732, "log10_min_child_weight": 3.6842453465456537, "log10_subsample": -0.34259722132508985, "max_depth": 3.0}, "datetime": {"datetime": "2024-01-18 20:39:57", "elapsed": 15338.518542, "delta": 446.509685}}
{"target": -13.756906214007818, "params": {"gamma": 78.52833015544003, "log10_alpha": -0.43843398420530644, "log10_colsample_bytree": -0.5002675035295339, "log10_eta": -3.8539082641478197, "log10_lambda": -4.247040656394294, "log10_min_child_weight": 0.9035525146827739, "log10_subsample": -0.7210628423374628, "max_depth": 4.0}, "datetime": {"datetime": "2024-01-18 20:58:07", "elapsed": 16429.179218, "delta": 1090.660676}}
{"target": -13.758210135041985, "params": {"gamma": 76.43670679887042, "log10_alpha": -2.843338047850743, "log10_colsample_bytree": -0.20029875525739083, "log10_eta": -3.9323643352028825, "log10_lambda": -2.3050139484231216, "log10_min_child_weight": 1.8179870065260395, "log10_subsample": -0.11766218670867434, "max_depth": 6.0}, "datetime": {"datetime": "2024-01-18 21:04:18", "elapsed": 16799.61716, "delta": 370.437942}}
{"target": -13.753894348794041, "params": {"gamma": 80.25755981517064, "log10_alpha": -4.242419775438068, "log10_colsample_bytree": -0.9927427563295695, "log10_eta": -1.011701892321466, "log10_lambda": -4.369790457030026, "log10_min_child_weight": 2.4356878876349835, "log10_subsample": -0.9974025409175878, "max_depth": 2.0}, "datetime": {"datetime": "2024-01-18 21:05:47", "elapsed": 16888.819712, "delta": 89.202552}}
{"target": -13.757408104619914, "params": {"gamma": 80.55320399892977, "log10_alpha": -2.043635611743494, "log10_colsample_bytree": -0.8919251753079376, "log10_eta": -1.624166274907299, "log10_lambda": -4.657741236867105, "log10_min_child_weight": 3.7896022742379323, "log10_subsample": -0.459623423029597, "max_depth": 2.0}, "datetime": {"datetime": "2024-01-18 21:07:23", "elapsed": 16985.417584, "delta": 96.597872}}
{"target": -13.758135612539768, "params": {"gamma": 82.57399045349554, "log10_alpha": -4.659869450870565, "log10_colsample_bytree": -0.47978073047829706, "log10_eta": -1.048158381976402, "log10_lambda": -3.3559778024131526, "log10_min_child_weight": 4.330685159053948, "log10_subsample": -0.8898745564983563, "max_depth": 4.0}, "datetime": {"datetime": "2024-01-18 21:08:44", "elapsed": 17066.28341, "delta": 80.865826}}
{"target": -13.757552919917064, "params": {"gamma": 78.73515153501462, "log10_alpha": -3.137566968958824, "log10_colsample_bytree": -0.9147185496478087, "log10_eta": -3.885587333522976, "log10_lambda": -2.875354452895521, "log10_min_child_weight": 0.9621112712405799, "log10_subsample": -0.13999980240832832, "max_depth": 2.0}, "datetime": {"datetime": "2024-01-18 21:29:48", "elapsed": 18329.77362, "delta": 1263.49021}}
{"target": -13.758506611089706, "params": {"gamma": 79.52348452088546, "log10_alpha": -4.502476116784565, "log10_colsample_bytree": -0.9416652324421275, "log10_eta": -3.9385433695103624, "log10_lambda": -2.949676952413758, "log10_min_child_weight": 4.457157498229737, "log10_subsample": -0.407946226498185, "max_depth": 3.0}, "datetime": {"datetime": "2024-01-18 21:33:34", "elapsed": 18556.052329, "delta": 226.278709}}
{"target": -13.758313604404833, "params": {"gamma": 84.31084601132443, "log10_alpha": -2.3566155869134215, "log10_colsample_bytree": -0.5276481947130137, "log10_eta": -2.645312684794339, "log10_lambda": -2.4290894397099057, "log10_min_child_weight": 3.6382273412041286, "log10_subsample": -0.8990447558716477, "max_depth": 6.0}, "datetime": {"datetime": "2024-01-18 21:35:33", "elapsed": 18674.837245, "delta": 118.784916}}
{"target": -13.757563810590572, "params": {"gamma": 80.28431603223814, "log10_alpha": -1.5866679698031474, "log10_colsample_bytree": -1.0, "log10_eta": -3.5461689659967393, "log10_lambda": -4.842035509045128, "log10_min_child_weight": 0.0, "log10_subsample": -1.0, "max_depth": 6.0}, "datetime": {"datetime": "2024-01-18 21:42:12", "elapsed": 19073.837716, "delta": 399.000471}}
