{"target": -17.669366365201036, "params": {"gamma": 15.261657874791435, "log10_alpha": -0.3204872465593125, "log10_colsample_bytree": -0.5615907685591065, "log10_eta": -1.1061392886762351, "log10_lambda": 0.8679370719796164, "log10_min_child_weight": 2.6924793520521684, "log10_subsample": -0.4988795363400621, "max_depth": 2.0}, "datetime": {"datetime": "2024-01-18 16:20:31", "elapsed": 0.0, "delta": 0.0}}
{"target": -17.670020331075733, "params": {"gamma": 168.819810917696, "log10_alpha": -3.199032986016692, "log10_colsample_bytree": -0.2022360244264999, "log10_eta": -1.4470470813452114, "log10_lambda": -4.41915224919835, "log10_min_child_weight": 1.3270757197826655, "log10_subsample": -0.7641350058671815, "max_depth": 3.0}, "datetime": {"datetime": "2024-01-18 16:22:15", "elapsed": 104.826201, "delta": 104.826201}}
{"target": -17.6709774368735, "params": {"gamma": 16.477310885810702, "log10_alpha": 0.12692614443717876, "log10_colsample_bytree": -0.12272768556280045, "log10_eta": -1.1099676151993467, "log10_lambda": 0.7805844020227894, "log10_min_child_weight": 1.8921399249003579, "log10_subsample": -0.40371526368232824, "max_depth": 3.0}, "datetime": {"datetime": "2024-01-18 16:23:33", "elapsed": 181.98139, "delta": 77.155189}}
{"target": -17.67729223347869, "params": {"gamma": 79.93971116586557, "log10_alpha": -3.3155010579032504, "log10_colsample_bytree": -0.6522833669024054, "log10_eta": -0.4503286192245475, "log10_lambda": -2.2124631722340116, "log10_min_child_weight": 4.787400113560423, "log10_subsample": -0.32136921602063606, "max_depth": 6.0}, "datetime": {"datetime": "2024-01-18 16:24:46", "elapsed": 255.441719, "delta": 73.460329}}
{"target": -17.6760770629271, "params": {"gamma": 10.072639132620331, "log10_alpha": -1.050596074349532, "log10_colsample_bytree": -0.3417012753819373, "log10_eta": -1.9760054312819988, "log10_lambda": 0.624926410263086, "log10_min_child_weight": 4.684437982363525, "log10_subsample": -0.36437096045401585, "max_depth": 3.0}, "datetime": {"datetime": "2024-01-18 16:26:28", "elapsed": 357.475924, "delta": 102.034205}}
{"target": -17.6761792690866, "params": {"gamma": 15.992795592998643, "log10_alpha": 0.8576135167432781, "log10_colsample_bytree": -0.3543810348639109, "log10_eta": -1.406893806188462, "log10_lambda": -1.4289614199857885, "log10_min_child_weight": 4.38044770211779, "log10_subsample": -0.6621295828611113, "max_depth": 2.0}, "datetime": {"datetime": "2024-01-18 16:27:45", "elapsed": 434.17582, "delta": 76.699896}}
{"target": -17.675906254513585, "params": {"gamma": 15.181869452918374, "log10_alpha": -1.931082661953746, "log10_colsample_bytree": -0.6002169816996226, "log10_eta": -1.5723571700532823, "log10_lambda": 0.45813650341642465, "log10_min_child_weight": 3.619047559700606, "log10_subsample": -0.6728673001055675, "max_depth": 3.0}, "datetime": {"datetime": "2024-01-18 16:29:12", "elapsed": 520.9815, "delta": 86.80568}}
{"target": -17.670987188088898, "params": {"gamma": 14.494540639973463, "log10_alpha": -0.8729724551730316, "log10_colsample_bytree": -0.20262162491211044, "log10_eta": -2.0825859871563694, "log10_lambda": 0.7569773347122677, "log10_min_child_weight": 1.354400066597223, "log10_subsample": -0.7544201654683924, "max_depth": 2.0}, "datetime": {"datetime": "2024-01-18 16:31:57", "elapsed": 686.826254, "delta": 165.844754}}
{"target": -17.67221230519948, "params": {"gamma": 16.32158607818934, "log10_alpha": -0.08597496554493667, "log10_colsample_bytree": -0.08566636677327255, "log10_eta": -2.0819796141709297, "log10_lambda": -0.1930890119619013, "log10_min_child_weight": 1.196295416677076, "log10_subsample": -0.6814000688079663, "max_depth": 2.0}, "datetime": {"datetime": "2024-01-18 16:34:29", "elapsed": 838.068335, "delta": 151.242081}}
{"target": -17.6735566784732, "params": {"gamma": 14.299129483749763, "log10_alpha": -0.3336816006005332, "log10_colsample_bytree": -0.1479588984866802, "log10_eta": -1.16763437929548, "log10_lambda": 0.7269355921629517, "log10_min_child_weight": 1.6849580498708205, "log10_subsample": -0.2056050718113277, "max_depth": 2.0}, "datetime": {"datetime": "2024-01-18 16:35:48", "elapsed": 917.095505, "delta": 79.02717}}
{"target": -17.669915877986753, "params": {"gamma": 169.55500983943546, "log10_alpha": -3.042877965614627, "log10_colsample_bytree": -0.9082844112597522, "log10_eta": -0.6310289721935702, "log10_lambda": -4.115156010684378, "log10_min_child_weight": 1.5258842798383487, "log10_subsample": -0.9681058382503553, "max_depth": 2.0}, "datetime": {"datetime": "2024-01-18 16:36:59", "elapsed": 988.546328, "delta": 71.450823}}
{"target": -17.670784280990528, "params": {"gamma": 169.521853723734, "log10_alpha": -2.851979573494367, "log10_colsample_bytree": -0.5490929185678142, "log10_eta": -0.8952718272243447, "log10_lambda": -3.5407434564513722, "log10_min_child_weight": 1.039460648551212, "log10_subsample": -0.01807749712054929, "max_depth": 2.0}, "datetime": {"datetime": "2024-01-18 16:38:14", "elapsed": 1063.774246, "delta": 75.227918}}
{"target": -17.671204849576153, "params": {"gamma": 169.84315933555186, "log10_alpha": -2.042384221336597, "log10_colsample_bytree": -0.26952189586477204, "log10_eta": -1.1115168100518056, "log10_lambda": -4.680162175802164, "log10_min_child_weight": 0.770105624489475, "log10_subsample": -0.7043696264368914, "max_depth": 2.0}, "datetime": {"datetime": "2024-01-18 16:39:39", "elapsed": 1147.951226, "delta": 84.17698}}
{"target": -17.674076861522554, "params": {"gamma": 168.71764641442567, "log10_alpha": -1.800567233756401, "log10_colsample_bytree": -0.784229488436006, "log10_eta": -0.5909702876120311, "log10_lambda": -4.706207228992003, "log10_min_child_weight": 1.0825628037071882, "log10_subsample": -0.8533317058360683, "max_depth": 3.0}, "datetime": {"datetime": "2024-01-18 16:40:49", "elapsed": 1218.062546, "delta": 70.11132}}
{"target": -17.670281480501153, "params": {"gamma": 169.35010539792128, "log10_alpha": -4.045386269689352, "log10_colsample_bytree": -0.3764232645102118, "log10_eta": -0.7989484273898135, "log10_lambda": -3.768024218218721, "log10_min_child_weight": 1.1765006572104386, "log10_subsample": -0.6088490258561251, "max_depth": 2.0}, "datetime": {"datetime": "2024-01-18 16:42:01", "elapsed": 1290.604739, "delta": 72.542193}}
{"target": -17.66928877497629, "params": {"gamma": 171.03045859360964, "log10_alpha": -3.051509418968288, "log10_colsample_bytree": -0.7189005251775602, "log10_eta": -0.575180236468535, "log10_lambda": -3.3386310699234603, "log10_min_child_weight": 0.24080566724280494, "log10_subsample": -0.9056329848092067, "max_depth": 2.0}, "datetime": {"datetime": "2024-01-18 16:43:12", "elapsed": 1361.38375, "delta": 70.779011}}
{"target": -17.6886539467642, "params": {"gamma": 170.61957780112692, "log10_alpha": -3.7938838462169446, "log10_colsample_bytree": -0.9901830878312236, "log10_eta": -0.07149887350029704, "log10_lambda": -3.9492219329015215, "log10_min_child_weight": 0.8961564590874022, "log10_subsample": -0.6199725314214731, "max_depth": 2.0}, "datetime": {"datetime": "2024-01-18 16:44:21", "elapsed": 1430.175256, "delta": 68.791506}}
{"target": -17.67247527083523, "params": {"gamma": 75.19253727228086, "log10_alpha": -0.5135719026592813, "log10_colsample_bytree": -0.9465564788796123, "log10_eta": -0.5912691333934235, "log10_lambda": -0.2891167987020111, "log10_min_child_weight": 3.588177097132016, "log10_subsample": -0.059318254685466476, "max_depth": 2.0}, "datetime": {"datetime": "2024-01-18 16:45:34", "elapsed": 1503.211731, "delta": 73.036475}}
{"target": -17.67677657307234, "params": {"gamma": 80.69244601510393, "log10_alpha": -1.6517563238757744, "log10_colsample_bytree": -0.45098336051110377, "log10_eta": -1.6072328542914054, "log10_lambda": -4.753506245978229, "log10_min_child_weight": 4.42622197075517, "log10_subsample": -0.09973857416990894, "max_depth": 5.0}, "datetime": {"datetime": "2024-01-18 16:46:48", "elapsed": 1577.420441, "delta": 74.20871}}
{"target": -17.673610116701774, "params": {"gamma": 36.72259207688502, "log10_alpha": -3.2030010598735306, "log10_colsample_bytree": -0.2189527402738174, "log10_eta": -1.1134416719383884, "log10_lambda": -1.0681128967477829, "log10_min_child_weight": 2.6767871066567306, "log10_subsample": -0.6095478674249378, "max_depth": 6.0}, "datetime": {"datetime": "2024-01-18 16:48:02", "elapsed": 1650.893754, "delta": 73.473313}}
{"target": -17.707793081038705, "params": {"gamma": 116.61761786544037, "log10_alpha": -3.9901620909139583, "log10_colsample_bytree": -0.983690589277775, "log10_eta": -0.45127478755012085, "log10_lambda": -3.4418762486018384, "log10_min_child_weight": 0.462600717066034, "log10_subsample": -0.846574077003372, "max_depth": 7.0}, "datetime": {"datetime": "2024-01-18 16:49:16", "elapsed": 1724.957762, "delta": 74.064008}}
{"target": -17.674108939941647, "params": {"gamma": 170.9636514542211, "log10_alpha": -1.7904572915374901, "log10_colsample_bytree": -0.7476430779424503, "log10_eta": -0.4602857764051351, "log10_lambda": -3.162200030247746, "log10_min_child_weight": 1.4272120602939227, "log10_subsample": -0.7246358761059631, "max_depth": 2.0}, "datetime": {"datetime": "2024-01-18 16:50:25", "elapsed": 1794.65443, "delta": 69.696668}}
{"target": -17.667478323897626, "params": {"gamma": 168.24203750139876, "log10_alpha": -3.8001840987311777, "log10_colsample_bytree": -0.3117655155726917, "log10_eta": -1.6123084293689414, "log10_lambda": -3.1222169322364013, "log10_min_child_weight": 1.2820213862668806, "log10_subsample": -0.8172452387579936, "max_depth": 2.0}, "datetime": {"datetime": "2024-01-18 16:52:32", "elapsed": 1921.452599, "delta": 126.798169}}
{"target": -17.66763491373727, "params": {"gamma": 169.9498219528506, "log10_alpha": -2.8844073927337686, "log10_colsample_bytree": -0.9245992497655152, "log10_eta": -1.8491060518580378, "log10_lambda": -2.5716916438474566, "log10_min_child_weight": 0.08861139733241485, "log10_subsample": -0.5737276523823516, "max_depth": 3.0}, "datetime": {"datetime": "2024-01-18 16:54:42", "elapsed": 2051.458704, "delta": 130.006105}}
{"target": -17.679153326224043, "params": {"gamma": 171.93948497508345, "log10_alpha": -2.849326773572101, "log10_colsample_bytree": -0.09838620496957029, "log10_eta": -0.41952712465300745, "log10_lambda": -2.0702462692367116, "log10_min_child_weight": 0.048883300960419485, "log10_subsample": -0.747700985629188, "max_depth": 2.0}, "datetime": {"datetime": "2024-01-18 16:55:51", "elapsed": 2120.601837, "delta": 69.143133}}
{"target": -17.67349916171066, "params": {"gamma": 170.31237409240575, "log10_alpha": -2.524395699736078, "log10_colsample_bytree": -0.2010050792818262, "log10_eta": -2.8473083076260193, "log10_lambda": -4.399215049320707, "log10_min_child_weight": 0.07931747110917708, "log10_subsample": -0.3558731911366436, "max_depth": 2.0}, "datetime": {"datetime": "2024-01-18 17:01:22", "elapsed": 2451.400468, "delta": 330.798631}}
{"target": -17.67276636496695, "params": {"gamma": 169.1186088172006, "log10_alpha": -1.7490787984281781, "log10_colsample_bytree": -0.13833195031757306, "log10_eta": -1.916323065345002, "log10_lambda": -3.2057789606852674, "log10_min_child_weight": 0.4708512717193153, "log10_subsample": -0.01877383088742013, "max_depth": 3.0}, "datetime": {"datetime": "2024-01-18 17:03:03", "elapsed": 2552.586406, "delta": 101.185938}}
{"target": -17.66717712523657, "params": {"gamma": 168.92012201230574, "log10_alpha": -2.1004740774823167, "log10_colsample_bytree": -0.8509177895935564, "log10_eta": -2.0480166338777446, "log10_lambda": -2.8328104472076943, "log10_min_child_weight": 2.8806612799702256, "log10_subsample": -0.24429271097638194, "max_depth": 2.0}, "datetime": {"datetime": "2024-01-18 17:06:19", "elapsed": 2748.804557, "delta": 196.218151}}
{"target": -17.672132201895582, "params": {"gamma": 168.60917041374995, "log10_alpha": -2.091886439211091, "log10_colsample_bytree": -0.18951679129607701, "log10_eta": -0.7098120912505612, "log10_lambda": -2.730588161807341, "log10_min_child_weight": 1.5805118851909616, "log10_subsample": -0.830919362469964, "max_depth": 2.0}, "datetime": {"datetime": "2024-01-18 17:07:33", "elapsed": 2822.252913, "delta": 73.448356}}
{"target": -17.67263752484361, "params": {"gamma": 169.50481701465642, "log10_alpha": -3.291027165372164, "log10_colsample_bytree": -0.7425243125040762, "log10_eta": -2.1341873213564875, "log10_lambda": -3.964689249571485, "log10_min_child_weight": 2.9047898062132593, "log10_subsample": -0.990637016541372, "max_depth": 3.0}, "datetime": {"datetime": "2024-01-18 17:10:03", "elapsed": 2972.567064, "delta": 150.314151}}
{"target": -17.66553934365344, "params": {"gamma": 168.2930339962577, "log10_alpha": -3.216925877095769, "log10_colsample_bytree": -1.0, "log10_eta": -1.4558601267816882, "log10_lambda": -3.657203069092637, "log10_min_child_weight": 2.337219385253439, "log10_subsample": -0.1623422068411335, "max_depth": 2.0}, "datetime": {"datetime": "2024-01-18 17:11:54", "elapsed": 3083.481538, "delta": 110.914474}}
{"target": -17.672798966396467, "params": {"gamma": 169.63600353054426, "log10_alpha": -4.444129503386607, "log10_colsample_bytree": -0.2646584645816771, "log10_eta": -2.4169427232472693, "log10_lambda": -2.9872055758943348, "log10_min_child_weight": 1.8062847430420543, "log10_subsample": -0.31382875422299705, "max_depth": 2.0}, "datetime": {"datetime": "2024-01-18 17:15:07", "elapsed": 3276.686554, "delta": 193.205016}}
{"target": -17.669574725662965, "params": {"gamma": 167.25494335299013, "log10_alpha": -4.485430942674508, "log10_colsample_bytree": -0.6726931495294768, "log10_eta": -2.818599227454662, "log10_lambda": -3.291777225317728, "log10_min_child_weight": 2.3983371667874125, "log10_subsample": -0.1770540036637055, "max_depth": 2.0}, "datetime": {"datetime": "2024-01-18 17:24:58", "elapsed": 3867.689326, "delta": 591.002772}}
{"target": -17.672456769862645, "params": {"gamma": 167.74591368119565, "log10_alpha": -3.26834284949028, "log10_colsample_bytree": -1.0, "log10_eta": -1.6573656482207026, "log10_lambda": -2.5821794063376915, "log10_min_child_weight": 3.053636438776255, "log10_subsample": -1.0, "max_depth": 2.0}, "datetime": {"datetime": "2024-01-18 17:27:00", "elapsed": 3989.801098, "delta": 122.111772}}
{"target": -17.668280790982045, "params": {"gamma": 168.12869791072794, "log10_alpha": -4.728116264917945, "log10_colsample_bytree": -0.7726145263121217, "log10_eta": -2.661673433600656, "log10_lambda": -4.335068570167494, "log10_min_child_weight": 0.33442135944058815, "log10_subsample": -0.3019369737375711, "max_depth": 2.0}, "datetime": {"datetime": "2024-01-18 17:35:09", "elapsed": 4477.987447, "delta": 488.186349}}
{"target": -17.670180751171145, "params": {"gamma": 166.28052579388398, "log10_alpha": -4.404049353492714, "log10_colsample_bytree": -0.378940485421158, "log10_eta": -2.9357737431204054, "log10_lambda": -4.5047404115865675, "log10_min_child_weight": 1.516698518910372, "log10_subsample": -0.9400533102445965, "max_depth": 3.0}, "datetime": {"datetime": "2024-01-18 17:42:45", "elapsed": 4934.1961, "delta": 456.208653}}
{"target": -17.670323670143553, "params": {"gamma": 166.92898329457145, "log10_alpha": -4.99933714707713, "log10_colsample_bytree": -0.03361091105450453, "log10_eta": -1.168135082898234, "log10_lambda": -3.194945874812161, "log10_min_child_weight": 0.90328581144965, "log10_subsample": -0.8917641081032991, "max_depth": 3.0}, "datetime": {"datetime": "2024-01-18 17:44:02", "elapsed": 5011.191686, "delta": 76.995586}}
{"target": -17.674220338271272, "params": {"gamma": 167.9402095219929, "log10_alpha": -2.088972734633868, "log10_colsample_bytree": -0.2203263285652428, "log10_eta": -2.9748497336655544, "log10_lambda": -3.239123237001078, "log10_min_child_weight": 2.703673347063098, "log10_subsample": -0.7315237575327952, "max_depth": 2.0}, "datetime": {"datetime": "2024-01-18 17:50:13", "elapsed": 5381.96737, "delta": 370.775684}}
{"target": -17.672549163393498, "params": {"gamma": 167.37022414230452, "log10_alpha": -3.5733410451692573, "log10_colsample_bytree": -0.3833401103293822, "log10_eta": -2.0664738857911535, "log10_lambda": -4.120526832158217, "log10_min_child_weight": 1.1386551342019464, "log10_subsample": -0.06504151247693324, "max_depth": 2.0}, "datetime": {"datetime": "2024-01-18 17:52:21", "elapsed": 5510.123264, "delta": 128.155894}}
{"target": -17.67401530690342, "params": {"gamma": 168.91287359299173, "log10_alpha": -4.2215493456139805, "log10_colsample_bytree": -0.643515387534228, "log10_eta": -3.9016888253262354, "log10_lambda": -4.710698069610752, "log10_min_child_weight": 0.4603686013538383, "log10_subsample": -0.9507932927890945, "max_depth": 3.0}, "datetime": {"datetime": "2024-01-18 18:13:21", "elapsed": 6769.984365, "delta": 1259.861101}}
{"target": -17.67262437005466, "params": {"gamma": 168.0321956126725, "log10_alpha": -4.478703119990233, "log10_colsample_bytree": -0.11693837925860517, "log10_eta": -2.020774697595809, "log10_lambda": -1.5515226689399566, "log10_min_child_weight": 2.048526755556472, "log10_subsample": -0.07950554071922411, "max_depth": 3.0}, "datetime": {"datetime": "2024-01-18 18:15:08", "elapsed": 6877.770934, "delta": 107.786569}}
{"target": -17.670090130897883, "params": {"gamma": 169.55765937062628, "log10_alpha": -3.4443768047334062, "log10_colsample_bytree": -0.44424105916398515, "log10_eta": -3.013301788037243, "log10_lambda": -1.9791451160701974, "log10_min_child_weight": 0.7867120509619718, "log10_subsample": -0.1773039805462182, "max_depth": 3.0}, "datetime": {"datetime": "2024-01-18 18:25:13", "elapsed": 7482.179577, "delta": 604.408643}}
{"target": -17.67945181195019, "params": {"gamma": 168.6690692200799, "log10_alpha": -3.666822633779068, "log10_colsample_bytree": -0.7044015082637735, "log10_eta": -0.30002861035732886, "log10_lambda": -2.14104632548507, "log10_min_child_weight": 2.5989588406391375, "log10_subsample": -0.04726588946535215, "max_depth": 2.0}, "datetime": {"datetime": "2024-01-18 18:26:23", "elapsed": 7551.952735, "delta": 69.773158}}
{"target": -17.666038831414525, "params": {"gamma": 168.3571087386251, "log10_alpha": -4.104365132116192, "log10_colsample_bytree": -1.0, "log10_eta": -1.5895657354090476, "log10_lambda": -4.232402883061341, "log10_min_child_weight": 1.8580494271455978, "log10_subsample": -1.0, "max_depth": 2.0}, "datetime": {"datetime": "2024-01-18 18:28:35", "elapsed": 7683.988832, "delta": 132.036097}}
{"target": -17.670994586726174, "params": {"gamma": 169.4790122517416, "log10_alpha": -1.2644975728438181, "log10_colsample_bytree": -0.5781540661320241, "log10_eta": -3.2447676474104528, "log10_lambda": -1.1348121294214293, "log10_min_child_weight": 1.8507327184372606, "log10_subsample": -0.29020817818767863, "max_depth": 2.0}, "datetime": {"datetime": "2024-01-18 18:45:34", "elapsed": 8703.314025, "delta": 1019.325193}}
{"target": -17.670102305883518, "params": {"gamma": 167.35372684308106, "log10_alpha": -4.602272187480186, "log10_colsample_bytree": -0.3164804015393722, "log10_eta": -1.7065988950495443, "log10_lambda": -3.5051493744657902, "log10_min_child_weight": 2.0918761405742456, "log10_subsample": -0.7989532700673609, "max_depth": 3.0}, "datetime": {"datetime": "2024-01-18 18:47:18", "elapsed": 8807.594267, "delta": 104.280242}}
{"target": -17.66775865871065, "params": {"gamma": 168.92661867274398, "log10_alpha": -4.68418394840116, "log10_colsample_bytree": -0.9747442079553589, "log10_eta": -2.431579582543296, "log10_lambda": -3.1454734668236384, "log10_min_child_weight": 0.8662995029437659, "log10_subsample": -0.029844055627921917, "max_depth": 4.0}, "datetime": {"datetime": "2024-01-18 18:52:08", "elapsed": 9097.617007, "delta": 290.02274}}
{"target": -17.666277429967277, "params": {"gamma": 168.3558883636959, "log10_alpha": -4.575997675361201, "log10_colsample_bytree": -0.7192982452172677, "log10_eta": -1.789189883287086, "log10_lambda": -3.641668562691497, "log10_min_child_weight": 0.6546515030874783, "log10_subsample": -0.7470651951591664, "max_depth": 3.0}, "datetime": {"datetime": "2024-01-18 18:53:56", "elapsed": 9205.083002, "delta": 107.465995}}
{"target": -17.66866132506021, "params": {"gamma": 169.03784845042154, "log10_alpha": -4.837340855741626, "log10_colsample_bytree": -0.9003107223471881, "log10_eta": -1.9453669867536236, "log10_lambda": -1.560115553142884, "log10_min_child_weight": 1.1048006885367667, "log10_subsample": -0.46639954561369557, "max_depth": 5.0}, "datetime": {"datetime": "2024-01-18 18:56:12", "elapsed": 9340.999797, "delta": 135.916795}}
{"target": -17.665828534311068, "params": {"gamma": 168.17627026003657, "log10_alpha": -4.056636002743452, "log10_colsample_bytree": -1.0, "log10_eta": -2.1034293113362876, "log10_lambda": -2.1305380591391825, "log10_min_child_weight": 0.0, "log10_subsample": -1.0, "max_depth": 3.0}, "datetime": {"datetime": "2024-01-18 18:59:43", "elapsed": 9551.893256, "delta": 210.893459}}
{"target": -17.672042134288073, "params": {"gamma": 168.2106830275503, "log10_alpha": -3.268960883426659, "log10_colsample_bytree": -0.16515120892049362, "log10_eta": -2.164456762917317, "log10_lambda": -1.6797016452529472, "log10_min_child_weight": 1.1260089847977546, "log10_subsample": -0.06897814290099258, "max_depth": 6.0}, "datetime": {"datetime": "2024-01-18 19:01:31", "elapsed": 9660.641357, "delta": 108.748101}}
{"target": -17.67235695660663, "params": {"gamma": 165.95855976446933, "log10_alpha": -4.55111956907957, "log10_colsample_bytree": -0.269720217513461, "log10_eta": -3.6232779774167776, "log10_lambda": -1.0333990806589863, "log10_min_child_weight": 0.1113389947619503, "log10_subsample": -0.19337025206306557, "max_depth": 4.0}, "datetime": {"datetime": "2024-01-18 19:20:01", "elapsed": 10770.360705, "delta": 1109.719348}}
