{"target": -0.0001545569098024696, "params": {"gamma": 83.39296122061927, "log10_alpha": -2.381933280724455, "log10_colsample_bytree": -0.7996973979384413, "log10_eta": -1.194970387134377, "log10_lambda": -3.4369182003371304, "log10_min_child_weight": 1.1834516763702658, "log10_subsample": -0.22859845742664453, "max_depth": 7.0}, "datetime": {"datetime": "2024-01-18 13:35:53", "elapsed": 14528.131056, "delta": 82.797339}}
{"target": -0.0006504671479673207, "params": {"gamma": 80.87128881080301, "log10_alpha": -2.6699665700038393, "log10_colsample_bytree": -0.7176575231393099, "log10_eta": -2.4129799106938554, "log10_lambda": -4.821666025447012, "log10_min_child_weight": 1.1270700166053178, "log10_subsample": -0.34281295996070715, "max_depth": 9.0}, "datetime": {"datetime": "2024-01-18 13:38:44", "elapsed": 14699.109747, "delta": 170.978691}}
{"target": 3.971565495468343e-05, "params": {"gamma": 83.4595039161844, "log10_alpha": -3.4432096806293186, "log10_colsample_bytree": -0.4754589815239102, "log10_eta": -1.390441762717768, "log10_lambda": -3.330146507348349, "log10_min_child_weight": 1.9012396928510618, "log10_subsample": -0.5943540558528007, "max_depth": 6.0}, "datetime": {"datetime": "2024-01-18 13:40:07", "elapsed": 14782.296857, "delta": 83.18711}}
{"target": -0.0003599250321896369, "params": {"gamma": 81.40591580208329, "log10_alpha": -1.8886021365027208, "log10_colsample_bytree": -0.9633209985508836, "log10_eta": -1.4880263616505998, "log10_lambda": -3.50203397446107, "log10_min_child_weight": 1.576269510436628, "log10_subsample": -0.14897539007227678, "max_depth": 8.0}, "datetime": {"datetime": "2024-01-18 13:41:43", "elapsed": 14877.409811, "delta": 95.112954}}
{"target": -0.0008919611904353864, "params": {"gamma": 23.61087069878466, "log10_alpha": -2.8600507968108513, "log10_colsample_bytree": -0.9300439424142516, "log10_eta": -2.390199394168068, "log10_lambda": -4.762166456808181, "log10_min_child_weight": 3.278078290862563, "log10_subsample": -0.513909084870201, "max_depth": 6.0}, "datetime": {"datetime": "2024-01-18 13:44:19", "elapsed": 15033.815684, "delta": 156.405873}}
{"target": -0.00030659738654942315, "params": {"gamma": 80.46861209713808, "log10_alpha": -2.1161147712744386, "log10_colsample_bytree": -0.30562803484559065, "log10_eta": -2.3639638432109145, "log10_lambda": -3.489679727349028, "log10_min_child_weight": 2.44525828661589, "log10_subsample": -0.20150284875769164, "max_depth": 8.0}, "datetime": {"datetime": "2024-01-18 13:46:53", "elapsed": 15187.959326, "delta": 154.143642}}
{"target": -0.0012445147796675826, "params": {"gamma": 10.95212759687122, "log10_alpha": -0.6654782812814517, "log10_colsample_bytree": -0.8871673638759336, "log10_eta": -3.8109443192363592, "log10_lambda": -0.415018191904287, "log10_min_child_weight": 2.7886401822878075, "log10_subsample": -0.11588618815739182, "max_depth": 4.0}, "datetime": {"datetime": "2024-01-18 13:49:00", "elapsed": 15315.189311, "delta": 127.229985}}
{"target": -0.0009161195517992937, "params": {"gamma": 80.86808981211954, "log10_alpha": -3.243305701605287, "log10_colsample_bytree": -0.5876993765469025, "log10_eta": -2.564105053830496, "log10_lambda": -4.368081330247132, "log10_min_child_weight": 2.260518604128299, "log10_subsample": -0.866741535717959, "max_depth": 8.0}, "datetime": {"datetime": "2024-01-18 13:51:18", "elapsed": 15452.708531, "delta": 137.51922}}
{"target": 6.3573742730832494e-06, "params": {"gamma": 83.5342894712599, "log10_alpha": -0.9128855372864235, "log10_colsample_bytree": -0.11175617727277387, "log10_eta": -1.228183871386621, "log10_lambda": -0.1816848556642663, "log10_min_child_weight": 1.8678444571464714, "log10_subsample": -0.8330638416118632, "max_depth": 4.0}, "datetime": {"datetime": "2024-01-18 13:52:35", "elapsed": 15529.345354, "delta": 76.636823}}
{"target": -0.001138930886199263, "params": {"gamma": 35.68861164273548, "log10_alpha": -0.5980359103973552, "log10_colsample_bytree": -0.8190267204120371, "log10_eta": -2.5679894202707807, "log10_lambda": -3.3959500714495094, "log10_min_child_weight": 3.331619545643714, "log10_subsample": -0.7186774467647077, "max_depth": 8.0}, "datetime": {"datetime": "2024-01-18 13:54:35", "elapsed": 15650.185878, "delta": 120.840524}}
{"target": -0.0005420900660750572, "params": {"gamma": 80.52800231673213, "log10_alpha": -3.835862178937996, "log10_colsample_bytree": -0.0065467152507246995, "log10_eta": -2.1518730953359833, "log10_lambda": -4.32348633584924, "log10_min_child_weight": 1.484972829748662, "log10_subsample": -0.3384443528379213, "max_depth": 9.0}, "datetime": {"datetime": "2024-01-18 13:56:58", "elapsed": 15793.003598, "delta": 142.81772}}
{"target": -0.0011112164333339503, "params": {"gamma": 55.608841470295744, "log10_alpha": -1.1171744852647176, "log10_colsample_bytree": -0.011052642150789493, "log10_eta": -3.434129848766176, "log10_lambda": -1.1375728543364247, "log10_min_child_weight": 4.719446379938204, "log10_subsample": -0.5189402702614336, "max_depth": 5.0}, "datetime": {"datetime": "2024-01-18 14:04:46", "elapsed": 16260.761414, "delta": 467.757816}}
{"target": 0.00017679487076614764, "params": {"gamma": 83.20397896397921, "log10_alpha": -2.4609550986687463, "log10_colsample_bytree": -0.7080432665970998, "log10_eta": -1.210645896020158, "log10_lambda": -3.4453110171304395, "log10_min_child_weight": 1.0251939169973197, "log10_subsample": -0.46426718656335275, "max_depth": 6.0}, "datetime": {"datetime": "2024-01-18 14:06:10", "elapsed": 16344.951003, "delta": 84.189589}}
{"target": 0.0002843602469068812, "params": {"gamma": 81.3587532237506, "log10_alpha": -1.3671032213471208, "log10_colsample_bytree": -0.20114858113575462, "log10_eta": -1.9811212533440443, "log10_lambda": -4.530810960108889, "log10_min_child_weight": 0.8452679668817642, "log10_subsample": -0.09175237486865229, "max_depth": 8.0}, "datetime": {"datetime": "2024-01-18 14:08:34", "elapsed": 16488.59015, "delta": 143.639147}}
{"target": -0.00047468858288129967, "params": {"gamma": 83.99271234513903, "log10_alpha": -2.152728630485866, "log10_colsample_bytree": -0.9648391945391178, "log10_eta": -1.0777750858859667, "log10_lambda": -3.2371055772040416, "log10_min_child_weight": 1.1152627577245173, "log10_subsample": -0.21856294692427525, "max_depth": 5.0}, "datetime": {"datetime": "2024-01-18 14:09:50", "elapsed": 16565.104835, "delta": 76.514685}}
{"target": -6.491900911237414e-05, "params": {"gamma": 83.51436658212414, "log10_alpha": -2.239596245472476, "log10_colsample_bytree": -0.8707524213447052, "log10_eta": -1.709030505043836, "log10_lambda": -2.5453286566925986, "log10_min_child_weight": 0.7853991515194153, "log10_subsample": -0.711862510763948, "max_depth": 6.0}, "datetime": {"datetime": "2024-01-18 14:11:26", "elapsed": 16660.79489, "delta": 95.690055}}
{"target": -0.0002627985501802155, "params": {"gamma": 80.96022419698689, "log10_alpha": -1.4712515502902055, "log10_colsample_bytree": -0.8952031461809725, "log10_eta": -1.6458021919808568, "log10_lambda": -4.8905611783364105, "log10_min_child_weight": 1.7352323139098735, "log10_subsample": -0.10784059586936612, "max_depth": 8.0}, "datetime": {"datetime": "2024-01-18 14:13:03", "elapsed": 16757.390004, "delta": 96.595114}}
{"target": -0.000180860220441309, "params": {"gamma": 81.63823555745286, "log10_alpha": -2.9976628133082146, "log10_colsample_bytree": -0.52231113749737, "log10_eta": -1.7361133566289992, "log10_lambda": -3.2523185214808437, "log10_min_child_weight": 0.9682495426895005, "log10_subsample": -0.7147906403011044, "max_depth": 7.0}, "datetime": {"datetime": "2024-01-18 14:14:46", "elapsed": 16860.36025, "delta": 102.970246}}
{"target": -0.00014820570602815109, "params": {"gamma": 82.91158883564717, "log10_alpha": -3.0648250416499625, "log10_colsample_bytree": -0.5943571454643619, "log10_eta": -1.872527945577958, "log10_lambda": -2.7772866130536107, "log10_min_child_weight": 1.7218310219813038, "log10_subsample": -0.39791801533153703, "max_depth": 7.0}, "datetime": {"datetime": "2024-01-18 14:16:28", "elapsed": 16962.654424, "delta": 102.294174}}
{"target": -0.00023065945051238546, "params": {"gamma": 81.33384413652381, "log10_alpha": -1.1172310223054578, "log10_colsample_bytree": -0.039631427098920646, "log10_eta": -1.375861775488135, "log10_lambda": -3.8987067488073937, "log10_min_child_weight": 0.04278703067360001, "log10_subsample": -0.4184000720553972, "max_depth": 8.0}, "datetime": {"datetime": "2024-01-18 14:18:06", "elapsed": 17061.26675, "delta": 98.612326}}
{"target": -0.0007323002377037646, "params": {"gamma": 81.24227410558115, "log10_alpha": -2.3239373058888257, "log10_colsample_bytree": -0.9457258313303444, "log10_eta": -2.0710719742501844, "log10_lambda": -3.6389112144733593, "log10_min_child_weight": 0.27721312450206204, "log10_subsample": -0.0746792666606485, "max_depth": 7.0}, "datetime": {"datetime": "2024-01-18 14:19:55", "elapsed": 17169.530954, "delta": 108.264204}}
{"target": -0.0006716997091360671, "params": {"gamma": 84.25069830773919, "log10_alpha": -3.0256709055672255, "log10_colsample_bytree": -0.7414340977485079, "log10_eta": -2.1271534743335456, "log10_lambda": -3.805256627210385, "log10_min_child_weight": 1.7258831505649792, "log10_subsample": -0.3735887552929894, "max_depth": 5.0}, "datetime": {"datetime": "2024-01-18 14:21:37", "elapsed": 17271.436919, "delta": 101.905965}}
{"target": 0.0003198218857079216, "params": {"gamma": 81.72999365173223, "log10_alpha": -0.8994028691633451, "log10_colsample_bytree": -0.11915165807440031, "log10_eta": -2.4006685706015523, "log10_lambda": -4.195745980317849, "log10_min_child_weight": 0.7457403213676683, "log10_subsample": -0.17790154529521762, "max_depth": 8.0}, "datetime": {"datetime": "2024-01-18 14:25:24", "elapsed": 17498.583425, "delta": 227.146506}}
{"target": -0.00036035253590320504, "params": {"gamma": 82.06535662462167, "log10_alpha": -3.899233190943513, "log10_colsample_bytree": -0.6624237147456109, "log10_eta": -1.5571581449876386, "log10_lambda": -2.8816397786478785, "log10_min_child_weight": 0.9887342506164598, "log10_subsample": -0.5974269096524643, "max_depth": 8.0}, "datetime": {"datetime": "2024-01-18 14:27:04", "elapsed": 17599.04255, "delta": 100.459125}}
{"target": -2.4523021837682957e-05, "params": {"gamma": 80.49373772358177, "log10_alpha": -2.4330033843540804, "log10_colsample_bytree": -0.5181785978844219, "log10_eta": -1.2661355026636145, "log10_lambda": -4.497950409527789, "log10_min_child_weight": 0.8433035201865535, "log10_subsample": -0.8257716745843574, "max_depth": 7.0}, "datetime": {"datetime": "2024-01-18 14:28:30", "elapsed": 17684.707748, "delta": 85.665198}}
{"target": 0.00012465371440291417, "params": {"gamma": 81.06101543069732, "log10_alpha": -2.170679569357355, "log10_colsample_bytree": -0.29970994629772424, "log10_eta": -1.8413561216788181, "log10_lambda": -4.508534400474368, "log10_min_child_weight": 0.9944004290322376, "log10_subsample": -0.6776297648319446, "max_depth": 7.0}, "datetime": {"datetime": "2024-01-18 14:30:14", "elapsed": 17788.392525, "delta": 103.684777}}
{"target": -0.0010550758388488124, "params": {"gamma": 83.0069799825364, "log10_alpha": -3.045190357269155, "log10_colsample_bytree": -0.4557842587082679, "log10_eta": -2.6282315856309295, "log10_lambda": -3.3324835391155725, "log10_min_child_weight": 2.7946591647712453, "log10_subsample": -0.4024663578131916, "max_depth": 6.0}, "datetime": {"datetime": "2024-01-18 14:32:17", "elapsed": 17911.634385, "delta": 123.24186}}
{"target": -0.0011762727735601386, "params": {"gamma": 27.487923144028336, "log10_alpha": -4.680473387277229, "log10_colsample_bytree": -0.925466866719181, "log10_eta": -3.272219576797804, "log10_lambda": -3.790795020625934, "log10_min_child_weight": 3.8643776361059725, "log10_subsample": -0.6424085594748798, "max_depth": 6.0}, "datetime": {"datetime": "2024-01-18 14:36:44", "elapsed": 18178.524234, "delta": 266.889849}}
{"target": -5.9613658589321994e-05, "params": {"gamma": 21.385079734437017, "log10_alpha": 0.3062276010473175, "log10_colsample_bytree": -0.07483063219568975, "log10_eta": -1.8557208248753794, "log10_lambda": 0.5911021225091382, "log10_min_child_weight": 0.6242816845081306, "log10_subsample": -0.22845137709482877, "max_depth": 7.0}, "datetime": {"datetime": "2024-01-18 14:38:40", "elapsed": 18294.55084, "delta": 116.026606}}
{"target": -0.001068577208827276, "params": {"gamma": 37.717716157752875, "log10_alpha": -3.407723514081046, "log10_colsample_bytree": -0.30823866552274193, "log10_eta": -2.7412501496526724, "log10_lambda": 0.8193915261575935, "log10_min_child_weight": 2.985110045885348, "log10_subsample": -0.5417054782743929, "max_depth": 5.0}, "datetime": {"datetime": "2024-01-18 14:40:42", "elapsed": 18416.856683, "delta": 122.305843}}
{"target": 0.0003574917118067261, "params": {"gamma": 80.16132655021323, "log10_alpha": -2.3465081408999047, "log10_colsample_bytree": -0.08854684570260796, "log10_eta": -1.9723872713539103, "log10_lambda": -3.676579201747808, "log10_min_child_weight": 1.5282042149987562, "log10_subsample": -0.6497736592591362, "max_depth": 7.0}, "datetime": {"datetime": "2024-01-18 14:42:40", "elapsed": 18535.091599, "delta": 118.234916}}
{"target": -0.0003160360986280003, "params": {"gamma": 80.02105377458768, "log10_alpha": -2.09605523770046, "log10_colsample_bytree": -0.02841676428041795, "log10_eta": -1.0655502608233256, "log10_lambda": -4.489832020693155, "log10_min_child_weight": 1.683964537321424, "log10_subsample": -0.7559697387972844, "max_depth": 7.0}, "datetime": {"datetime": "2024-01-18 14:44:00", "elapsed": 18614.906952, "delta": 79.815353}}
{"target": -8.885277619406773e-05, "params": {"gamma": 80.39273885404515, "log10_alpha": -1.5436671963738688, "log10_colsample_bytree": -0.5672547170220651, "log10_eta": -2.367576395471053, "log10_lambda": -4.499565494222043, "log10_min_child_weight": 1.3563938403852434, "log10_subsample": -0.1003442214107918, "max_depth": 7.0}, "datetime": {"datetime": "2024-01-18 14:46:43", "elapsed": 18777.407735, "delta": 162.500783}}
