{"target": -17.67334531563008, "params": {"gamma": 193.40596780273535, "log10_alpha": -1.7166065049456662, "log10_colsample_bytree": -0.027315640035115663, "log10_eta": -1.1407360253025414, "log10_lambda": -0.8136270524163756, "log10_min_child_weight": 1.080447477901882, "log10_subsample": -0.02372554522375825, "max_depth": 2.0}, "datetime": {"datetime": "2024-01-18 16:21:04", "elapsed": 0.0, "delta": 0.0}}
{"target": -17.676041440350815, "params": {"gamma": 17.200947529752895, "log10_alpha": 0.9232992255898909, "log10_colsample_bytree": -0.13956147693394627, "log10_eta": -0.8027768447252339, "log10_lambda": -4.79323032872857, "log10_min_child_weight": 4.556498293109341, "log10_subsample": -0.8643696905741065, "max_depth": 3.0}, "datetime": {"datetime": "2024-01-18 16:23:30", "elapsed": 146.049262, "delta": 146.049262}}
{"target": -17.665457914091384, "params": {"gamma": 192.00924440060035, "log10_alpha": -1.3995549140759826, "log10_colsample_bytree": -0.9982892300525449, "log10_eta": -1.4064687241648723, "log10_lambda": -0.6338710499873708, "log10_min_child_weight": 1.0737830825165458, "log10_subsample": -0.24281117579992328, "max_depth": 2.0}, "datetime": {"datetime": "2024-01-18 16:25:25", "elapsed": 260.951457, "delta": 114.902195}}
{"target": -17.668985691255134, "params": {"gamma": 79.86273211264583, "log10_alpha": -1.0869441464539351, "log10_colsample_bytree": -0.9389281370119387, "log10_eta": -3.082713509577551, "log10_lambda": -3.9439659549240753, "log10_min_child_weight": 0.3555462201477838, "log10_subsample": -0.19064944879665113, "max_depth": 5.0}, "datetime": {"datetime": "2024-01-18 16:36:13", "elapsed": 909.044546, "delta": 648.093089}}
{"target": -17.673881461307175, "params": {"gamma": 168.9114789857922, "log10_alpha": -0.8100912128505744, "log10_colsample_bytree": -0.13749174343435178, "log10_eta": -3.0769275108357625, "log10_lambda": -2.218825442744204, "log10_min_child_weight": 0.9793596441546365, "log10_subsample": -0.17618893803925462, "max_depth": 9.0}, "datetime": {"datetime": "2024-01-18 16:42:56", "elapsed": 1312.08293, "delta": 403.038384}}
{"target": -17.676700803136978, "params": {"gamma": 187.3682153454969, "log10_alpha": 0.1790588973800018, "log10_colsample_bytree": -0.09844470411518658, "log10_eta": -2.9362489945370776, "log10_lambda": -2.937926964669188, "log10_min_child_weight": 4.974934585452392, "log10_subsample": -0.3515589541512141, "max_depth": 4.0}, "datetime": {"datetime": "2024-01-18 16:47:39", "elapsed": 1594.890107, "delta": 282.807177}}
{"target": -17.676848148019182, "params": {"gamma": 45.18803390987605, "log10_alpha": 0.28517252546139815, "log10_colsample_bytree": -0.3111798874378683, "log10_eta": -3.5599004975938078, "log10_lambda": -1.333035025475258, "log10_min_child_weight": 4.7683112585475795, "log10_subsample": -0.32384481684736677, "max_depth": 3.0}, "datetime": {"datetime": "2024-01-18 16:55:42", "elapsed": 2077.206137, "delta": 482.31603}}
{"target": -17.672868518651036, "params": {"gamma": 40.088615016363605, "log10_alpha": -2.7443945942613985, "log10_colsample_bytree": -0.38306712995716496, "log10_eta": -1.1688047361848595, "log10_lambda": -3.7849381742698656, "log10_min_child_weight": 0.005133136005190386, "log10_subsample": -0.5865191090628469, "max_depth": 8.0}, "datetime": {"datetime": "2024-01-18 16:57:05", "elapsed": 2160.186041, "delta": 82.979904}}
{"target": -17.68314831004163, "params": {"gamma": 126.12112992476693, "log10_alpha": -2.3048487512486737, "log10_colsample_bytree": -0.4517322433683685, "log10_eta": -0.3181084184013292, "log10_lambda": -2.8165331643478764, "log10_min_child_weight": 4.015786745507238, "log10_subsample": -0.4055049070506187, "max_depth": 9.0}, "datetime": {"datetime": "2024-01-18 16:58:19", "elapsed": 2234.934604, "delta": 74.748563}}
{"target": -17.66650221534043, "params": {"gamma": 191.54100356061596, "log10_alpha": -0.38030277995769346, "log10_colsample_bytree": -0.911022047847656, "log10_eta": -2.0193273755963435, "log10_lambda": -0.5120305415957738, "log10_min_child_weight": 2.155401786504023, "log10_subsample": -0.28400321157046315, "max_depth": 2.0}, "datetime": {"datetime": "2024-01-18 17:01:33", "elapsed": 2428.411618, "delta": 193.477014}}
{"target": -17.66452658803987, "params": {"gamma": 190.27945784656063, "log10_alpha": -1.337839359456284, "log10_colsample_bytree": -0.9844086236854258, "log10_eta": -1.706025024662678, "log10_lambda": -1.6227737523000503, "log10_min_child_weight": 0.7500363188469755, "log10_subsample": -0.604295000189396, "max_depth": 2.0}, "datetime": {"datetime": "2024-01-18 17:04:09", "elapsed": 2584.756644, "delta": 156.345026}}
{"target": -17.672643438313315, "params": {"gamma": 188.74541447264917, "log10_alpha": -2.2270223896606955, "log10_colsample_bytree": -0.09572399107754992, "log10_eta": -1.8703203241816437, "log10_lambda": -0.27361849948919126, "log10_min_child_weight": 0.1146396047475029, "log10_subsample": -0.12398427577388993, "max_depth": 3.0}, "datetime": {"datetime": "2024-01-18 17:05:48", "elapsed": 2683.418335, "delta": 98.661691}}
{"target": -17.670746519189308, "params": {"gamma": 190.94370756694693, "log10_alpha": 0.15898256253655665, "log10_colsample_bytree": -1.0, "log10_eta": -0.7639225738243139, "log10_lambda": -0.8556882756423655, "log10_min_child_weight": 0.26913207436243886, "log10_subsample": -1.0, "max_depth": 2.0}, "datetime": {"datetime": "2024-01-18 17:07:05", "elapsed": 2760.540195, "delta": 77.12186}}
{"target": -17.670973751339304, "params": {"gamma": 191.19621060367152, "log10_alpha": -1.936348576224352, "log10_colsample_bytree": -0.30045517891289464, "log10_eta": -1.1296621153770383, "log10_lambda": -3.1231827149340425, "log10_min_child_weight": 1.2620261196807014, "log10_subsample": -0.4508763660782624, "max_depth": 2.0}, "datetime": {"datetime": "2024-01-18 17:08:35", "elapsed": 2850.672132, "delta": 90.131937}}
{"target": -17.670237349470632, "params": {"gamma": 190.56486155180824, "log10_alpha": -1.0988456118700194, "log10_colsample_bytree": -0.9668751476574257, "log10_eta": -0.6323786602543184, "log10_lambda": -0.44992032116757574, "log10_min_child_weight": 1.967251173023743, "log10_subsample": -0.06378271042717154, "max_depth": 2.0}, "datetime": {"datetime": "2024-01-18 17:09:49", "elapsed": 2924.810045, "delta": 74.137913}}
{"target": -17.666512243358792, "params": {"gamma": 192.10981049967063, "log10_alpha": -0.6156536457978969, "log10_colsample_bytree": -0.7624493900699748, "log10_eta": -2.172641115032036, "log10_lambda": -0.9973599827754418, "log10_min_child_weight": 0.7233218153962995, "log10_subsample": -0.5806934343404976, "max_depth": 3.0}, "datetime": {"datetime": "2024-01-18 17:13:10", "elapsed": 3125.193789, "delta": 200.383744}}
{"target": -17.668232488546813, "params": {"gamma": 190.44885954734863, "log10_alpha": -1.4735440954349168, "log10_colsample_bytree": -0.7549063628652507, "log10_eta": -2.800943501805748, "log10_lambda": -1.6964243928681721, "log10_min_child_weight": 1.2719461864310633, "log10_subsample": -0.9577996305258146, "max_depth": 4.0}, "datetime": {"datetime": "2024-01-18 17:19:48", "elapsed": 3523.564151, "delta": 398.370362}}
{"target": -17.6730749167039, "params": {"gamma": 191.68310209880954, "log10_alpha": -0.8415086477080997, "log10_colsample_bytree": -0.21296793971675243, "log10_eta": -3.165762244515387, "log10_lambda": 0.7533664150394364, "log10_min_child_weight": 1.4074904014212337, "log10_subsample": -0.43831731638745985, "max_depth": 2.0}, "datetime": {"datetime": "2024-01-18 17:31:37", "elapsed": 4232.863425, "delta": 709.299274}}
{"target": -17.66708122167266, "params": {"gamma": 191.33806227805286, "log10_alpha": -1.4962251365389752, "log10_colsample_bytree": -1.0, "log10_eta": -2.604723094137679, "log10_lambda": -1.51375351328927, "log10_min_child_weight": 1.3238363319148834, "log10_subsample": -1.0, "max_depth": 2.0}, "datetime": {"datetime": "2024-01-18 17:40:01", "elapsed": 4737.138076, "delta": 504.274651}}
{"target": -17.67156245948643, "params": {"gamma": 191.2926362037834, "log10_alpha": -3.286184245863735, "log10_colsample_bytree": -0.8677156144255971, "log10_eta": -3.422653219658608, "log10_lambda": -2.324848239690485, "log10_min_child_weight": 0.04233184110797539, "log10_subsample": -0.0790691233675791, "max_depth": 2.0}, "datetime": {"datetime": "2024-01-18 18:00:14", "elapsed": 5949.863208, "delta": 1212.725132}}
{"target": -17.666549602602306, "params": {"gamma": 190.1393330056895, "log10_alpha": -1.4477625851425397, "log10_colsample_bytree": -0.7559629775398271, "log10_eta": -1.3055169382989127, "log10_lambda": -1.8672804632447604, "log10_min_child_weight": 0.644132303761285, "log10_subsample": -0.23587985138998158, "max_depth": 3.0}, "datetime": {"datetime": "2024-01-18 18:01:45", "elapsed": 6040.395389, "delta": 90.532181}}
{"target": -17.66802041295985, "params": {"gamma": 189.21664569684816, "log10_alpha": 0.2640317320947858, "log10_colsample_bytree": -0.9045328210431325, "log10_eta": -2.992924358972205, "log10_lambda": -3.218176996525619, "log10_min_child_weight": 0.0624789176265772, "log10_subsample": -0.07561354431223621, "max_depth": 2.0}, "datetime": {"datetime": "2024-01-18 18:18:40", "elapsed": 7055.913834, "delta": 1015.518445}}
{"target": -17.668852762021025, "params": {"gamma": 191.435460908846, "log10_alpha": -0.3324553014584204, "log10_colsample_bytree": -0.6944743366171829, "log10_eta": -1.7253462080684496, "log10_lambda": -4.008691543035191, "log10_min_child_weight": 0.5214992359873671, "log10_subsample": -0.03987069565127532, "max_depth": 4.0}, "datetime": {"datetime": "2024-01-18 18:20:20", "elapsed": 7155.803107, "delta": 99.889273}}
{"target": -17.67229354894994, "params": {"gamma": 191.50108871596788, "log10_alpha": 0.5296193112598448, "log10_colsample_bytree": -0.4132571194807154, "log10_eta": -1.1421323431805925, "log10_lambda": -1.5162563718531556, "log10_min_child_weight": 3.061861432443487, "log10_subsample": -0.7105572213955794, "max_depth": 4.0}, "datetime": {"datetime": "2024-01-18 18:21:36", "elapsed": 7231.719755, "delta": 75.916648}}
{"target": -17.66946564838, "params": {"gamma": 189.6534827486195, "log10_alpha": -1.305716542157409, "log10_colsample_bytree": -0.6748383987861847, "log10_eta": -2.8746556060347763, "log10_lambda": -1.6274392702604046, "log10_min_child_weight": 1.9827460404124415, "log10_subsample": -0.20082225311248303, "max_depth": 2.0}, "datetime": {"datetime": "2024-01-18 18:32:29", "elapsed": 7885.099829, "delta": 653.380074}}
{"target": -17.673477068162498, "params": {"gamma": 191.48836298882907, "log10_alpha": -0.025766258584656754, "log10_colsample_bytree": -0.53136043218038, "log10_eta": -3.94394871412157, "log10_lambda": -2.5984043285137695, "log10_min_child_weight": 0.845288360584126, "log10_subsample": -0.6234358317329689, "max_depth": 4.0}, "datetime": {"datetime": "2024-01-18 18:54:11", "elapsed": 9186.342898, "delta": 1301.243069}}
{"target": -17.671652100260776, "params": {"gamma": 189.56725218296958, "log10_alpha": 0.1782644935396469, "log10_colsample_bytree": -0.7021154719966911, "log10_eta": -0.5462758565260706, "log10_lambda": -4.508259007663799, "log10_min_child_weight": 0.6660316776642511, "log10_subsample": -0.577848127392444, "max_depth": 3.0}, "datetime": {"datetime": "2024-01-18 18:55:22", "elapsed": 9258.021386, "delta": 71.678488}}
{"target": -17.667669458513974, "params": {"gamma": 191.7598787300019, "log10_alpha": -3.136551530223966, "log10_colsample_bytree": -0.728062494385593, "log10_eta": -1.5729898160761753, "log10_lambda": -0.5636081828586788, "log10_min_child_weight": 0.6055426210555931, "log10_subsample": -0.6717820617567697, "max_depth": 4.0}, "datetime": {"datetime": "2024-01-18 18:56:52", "elapsed": 9347.217769, "delta": 89.196383}}
{"target": -17.669633104279363, "params": {"gamma": 192.16846677594197, "log10_alpha": -0.8906697741169634, "log10_colsample_bytree": -0.8817825475144272, "log10_eta": -0.9701874718880732, "log10_lambda": -1.5700648754389404, "log10_min_child_weight": 0.4283789456896525, "log10_subsample": -0.22613863940829493, "max_depth": 4.0}, "datetime": {"datetime": "2024-01-18 18:58:10", "elapsed": 9425.739473, "delta": 78.521704}}
{"target": -17.66878611173838, "params": {"gamma": 191.78475613127227, "log10_alpha": -3.208959673182677, "log10_colsample_bytree": -0.7725786891491121, "log10_eta": -1.7528652477431241, "log10_lambda": -0.8480276142900811, "log10_min_child_weight": 2.5801451648613516, "log10_subsample": -0.19633216840960344, "max_depth": 6.0}, "datetime": {"datetime": "2024-01-18 18:59:58", "elapsed": 9533.501705, "delta": 107.762232}}
{"target": -17.67090252951049, "params": {"gamma": 190.21181989903346, "log10_alpha": -4.663945368155026, "log10_colsample_bytree": -0.23922963238688866, "log10_eta": -2.153223475488634, "log10_lambda": -1.104898627580754, "log10_min_child_weight": 0.0415914361358527, "log10_subsample": -0.7610886942673306, "max_depth": 5.0}, "datetime": {"datetime": "2024-01-18 19:01:57", "elapsed": 9652.631795, "delta": 119.13009}}
{"target": -17.66529957748643, "params": {"gamma": 191.10622844801355, "log10_alpha": -1.8530783419296977, "log10_colsample_bytree": -1.0, "log10_eta": -1.6999293901507058, "log10_lambda": -0.9746273482530863, "log10_min_child_weight": 0.0, "log10_subsample": -1.0, "max_depth": 2.0}, "datetime": {"datetime": "2024-01-18 19:04:32", "elapsed": 9807.406731, "delta": 154.774936}}
{"target": -17.67118672208291, "params": {"gamma": 191.21803758550917, "log10_alpha": -2.180632026894045, "log10_colsample_bytree": -1.0, "log10_eta": -1.1498831493611907, "log10_lambda": -4.764005202187101, "log10_min_child_weight": 0.0, "log10_subsample": 0.0, "max_depth": 6.0}, "datetime": {"datetime": "2024-01-18 19:05:52", "elapsed": 9887.977727, "delta": 80.570996}}
{"target": -17.6704045293609, "params": {"gamma": 192.77931590069724, "log10_alpha": -4.04264326983755, "log10_colsample_bytree": -0.5729258978208027, "log10_eta": -2.1453297298300313, "log10_lambda": 0.09608859241094425, "log10_min_child_weight": 0.8905199681076614, "log10_subsample": -0.7735881363399912, "max_depth": 7.0}, "datetime": {"datetime": "2024-01-18 19:08:24", "elapsed": 10039.868523, "delta": 151.890796}}
{"target": -17.670860196539962, "params": {"gamma": 76.9370649446701, "log10_alpha": -0.39372195970692303, "log10_colsample_bytree": -0.34900718142512843, "log10_eta": -2.7180762810751062, "log10_lambda": -4.0951846533502065, "log10_min_child_weight": 1.2370156745682315, "log10_subsample": -0.917906975605066, "max_depth": 5.0}, "datetime": {"datetime": "2024-01-18 19:12:20", "elapsed": 10275.974884, "delta": 236.106361}}
{"target": -17.667160996196326, "params": {"gamma": 81.34870332143875, "log10_alpha": -3.087999446488189, "log10_colsample_bytree": -0.7892387497051161, "log10_eta": -2.158067779887678, "log10_lambda": -3.2502315898981786, "log10_min_child_weight": 2.0216249508399438, "log10_subsample": -0.130649001357667, "max_depth": 5.0}, "datetime": {"datetime": "2024-01-18 19:15:14", "elapsed": 10450.0341, "delta": 174.059216}}
{"target": -17.66815392475111, "params": {"gamma": 82.43121436100904, "log10_alpha": -1.3437819656298426, "log10_colsample_bytree": -0.6850103095044419, "log10_eta": -1.5031843097572581, "log10_lambda": -2.606210540044837, "log10_min_child_weight": 0.9387021040055149, "log10_subsample": -0.09727620484248056, "max_depth": 5.0}, "datetime": {"datetime": "2024-01-18 19:16:42", "elapsed": 10537.269087, "delta": 87.234987}}
{"target": -17.668775482701786, "params": {"gamma": 82.04249024852795, "log10_alpha": -2.224008514237587, "log10_colsample_bytree": -0.5690308923620816, "log10_eta": -2.8993472426952938, "log10_lambda": -3.93152106970339, "log10_min_child_weight": 1.5681849187682086, "log10_subsample": -0.2708863424883437, "max_depth": 3.0}, "datetime": {"datetime": "2024-01-18 19:25:04", "elapsed": 11039.245106, "delta": 501.976019}}
{"target": -17.673401452917055, "params": {"gamma": 82.38496966094007, "log10_alpha": -2.0540361574530164, "log10_colsample_bytree": -0.15923418233738718, "log10_eta": -3.1809762117411324, "log10_lambda": -4.68275168738054, "log10_min_child_weight": 2.488342832699658, "log10_subsample": -0.7115583759918371, "max_depth": 5.0}, "datetime": {"datetime": "2024-01-18 19:31:16", "elapsed": 11411.27087, "delta": 372.025764}}
{"target": -17.68192721407297, "params": {"gamma": 82.08386632747715, "log10_alpha": -3.1903018100336134, "log10_colsample_bytree": -0.753067900452839, "log10_eta": -0.47034325033486946, "log10_lambda": -1.5476146187098458, "log10_min_child_weight": 1.1807594959667185, "log10_subsample": -0.8508477356931462, "max_depth": 4.0}, "datetime": {"datetime": "2024-01-18 19:32:28", "elapsed": 11483.176212, "delta": 71.905342}}
{"target": -17.669731661292616, "params": {"gamma": 81.30868203714327, "log10_alpha": -3.307332421976085, "log10_colsample_bytree": -0.7973514997314171, "log10_eta": -1.9536529851857711, "log10_lambda": -3.015159776928723, "log10_min_child_weight": 1.407448615604992, "log10_subsample": -0.33440889588630507, "max_depth": 7.0}, "datetime": {"datetime": "2024-01-18 19:34:25", "elapsed": 11600.94063, "delta": 117.764418}}
{"target": -17.6684559876287, "params": {"gamma": 191.29730506792342, "log10_alpha": -1.3218532223795116, "log10_colsample_bytree": -0.7463960103534958, "log10_eta": -1.5064659837780243, "log10_lambda": -0.12875144074519262, "log10_min_child_weight": 0.43992691369451165, "log10_subsample": -0.07861044267414918, "max_depth": 2.0}, "datetime": {"datetime": "2024-01-18 19:36:11", "elapsed": 11707.109415, "delta": 106.168785}}
{"target": -17.67010414620969, "params": {"gamma": 79.86448230314127, "log10_alpha": -3.6456287612364924, "log10_colsample_bytree": -0.4318666624342853, "log10_eta": -2.5545302169262336, "log10_lambda": -4.659173775601255, "log10_min_child_weight": 1.8704081197898992, "log10_subsample": -0.1518411542443473, "max_depth": 4.0}, "datetime": {"datetime": "2024-01-18 19:39:37", "elapsed": 11912.408622, "delta": 205.299207}}
{"target": -17.668889049905527, "params": {"gamma": 191.0668672824721, "log10_alpha": -2.641219030545025, "log10_colsample_bytree": -0.7990328737078098, "log10_eta": -0.9232157711491733, "log10_lambda": -1.24822840240431, "log10_min_child_weight": 1.2302489896959572, "log10_subsample": -0.800182705346152, "max_depth": 3.0}, "datetime": {"datetime": "2024-01-18 19:40:52", "elapsed": 11987.966786, "delta": 75.558164}}
{"target": -17.671686697700814, "params": {"gamma": 80.32600601824925, "log10_alpha": -2.0691943100577124, "log10_colsample_bytree": -0.5027377821758517, "log10_eta": -3.7165706840914976, "log10_lambda": -1.498889671753607, "log10_min_child_weight": 1.261392850025747, "log10_subsample": -0.6326682573897903, "max_depth": 4.0}, "datetime": {"datetime": "2024-01-18 20:02:37", "elapsed": 13293.11928, "delta": 1305.152494}}
{"target": -17.668059411777605, "params": {"gamma": 80.14326073075924, "log10_alpha": -2.209905277773453, "log10_colsample_bytree": -0.705158478016986, "log10_eta": -1.6961252511700367, "log10_lambda": -3.3915914004123584, "log10_min_child_weight": 2.133647222563233, "log10_subsample": -0.1286451096573913, "max_depth": 5.0}, "datetime": {"datetime": "2024-01-18 20:04:22", "elapsed": 13397.243631, "delta": 104.124351}}
{"target": -17.665378019189095, "params": {"gamma": 190.96254960541305, "log10_alpha": -1.2041408947649184, "log10_colsample_bytree": -1.0, "log10_eta": -1.7872878623357402, "log10_lambda": -1.0023901980090577, "log10_min_child_weight": 0.8696965697930786, "log10_subsample": -1.0, "max_depth": 2.0}, "datetime": {"datetime": "2024-01-18 20:06:59", "elapsed": 13554.558325, "delta": 157.314694}}
{"target": -17.734605607936324, "params": {"gamma": 80.15952278624023, "log10_alpha": 0.051799103763542576, "log10_colsample_bytree": -0.5538365158871714, "log10_eta": -0.21658204851486484, "log10_lambda": -4.623126989711945, "log10_min_child_weight": 0.8950100122993349, "log10_subsample": -0.25135045274950296, "max_depth": 5.0}, "datetime": {"datetime": "2024-01-18 20:08:11", "elapsed": 13626.925991, "delta": 72.367666}}
{"target": -17.67212187921723, "params": {"gamma": 83.84894069367974, "log10_alpha": -0.3883757741749001, "log10_colsample_bytree": -0.42262342177331014, "log10_eta": -3.718938201287515, "log10_lambda": -0.9703119575003836, "log10_min_child_weight": 0.26476118983664254, "log10_subsample": -0.003043897650359506, "max_depth": 6.0}, "datetime": {"datetime": "2024-01-18 20:29:43", "elapsed": 14918.60365, "delta": 1291.677659}}
{"target": -17.673760273563612, "params": {"gamma": 78.64331017520321, "log10_alpha": -3.2672056001845373, "log10_colsample_bytree": -0.610529660159386, "log10_eta": -3.637250187451694, "log10_lambda": -1.5510996322745925, "log10_min_child_weight": 3.50662953737179, "log10_subsample": -0.2272737566003723, "max_depth": 6.0}, "datetime": {"datetime": "2024-01-18 20:47:26", "elapsed": 15981.606521, "delta": 1063.002871}}
{"target": -17.67101681557042, "params": {"gamma": 76.96945222811662, "log10_alpha": -4.0846121431454, "log10_colsample_bytree": -0.932462485707575, "log10_eta": -3.4987066228370742, "log10_lambda": -4.426865742617823, "log10_min_child_weight": 0.28759988300091466, "log10_subsample": -0.37992502929606786, "max_depth": 6.0}, "datetime": {"datetime": "2024-01-18 21:06:21", "elapsed": 17116.781317, "delta": 1135.174796}}
{"target": -17.675545674811623, "params": {"gamma": 85.57172476064883, "log10_alpha": -2.01981942538029, "log10_colsample_bytree": -1.0, "log10_eta": -4.0, "log10_lambda": -3.6198073064575556, "log10_min_child_weight": 0.0, "log10_subsample": 0.0, "max_depth": 2.0}, "datetime": {"datetime": "2024-01-18 21:26:18", "elapsed": 18313.354544, "delta": 1196.573227}}
