{"target": -17.675978504644732, "params": {"gamma": 178.57203028720033, "log10_alpha": -3.008121168192937, "log10_colsample_bytree": -0.1787708769421682, "log10_eta": -3.8332134970990004, "log10_lambda": -4.354059920384192, "log10_min_child_weight": 2.975260321031201, "log10_subsample": -0.4701826378071784, "max_depth": 5.0}, "datetime": {"datetime": "2024-01-18 16:30:52", "elapsed": 0.0, "delta": 0.0}}
{"target": -17.67463257673851, "params": {"gamma": 81.78384164587014, "log10_alpha": -4.40574805686458, "log10_colsample_bytree": -0.19398523907005905, "log10_eta": -1.408373395870648, "log10_lambda": -2.6718097516323516, "log10_min_child_weight": 1.5585001321821867, "log10_subsample": -0.2654006260635119, "max_depth": 8.0}, "datetime": {"datetime": "2024-01-18 16:35:11", "elapsed": 259.090378, "delta": 259.090378}}
{"target": -17.669520236515602, "params": {"gamma": 82.09075584190195, "log10_alpha": -3.5694696306092095, "log10_colsample_bytree": -0.8231687969951116, "log10_eta": -1.9334510632608062, "log10_lambda": -3.0342706309531797, "log10_min_child_weight": 0.48341474076633584, "log10_subsample": -0.10658195230889722, "max_depth": 8.0}, "datetime": {"datetime": "2024-01-18 16:37:20", "elapsed": 387.874704, "delta": 128.784326}}
{"target": -17.67058182743584, "params": {"gamma": 32.217824220121315, "log10_alpha": -1.211865246844848, "log10_colsample_bytree": -0.28586784900129225, "log10_eta": -1.7597366795594382, "log10_lambda": -1.9369606759990097, "log10_min_child_weight": 4.2091701336132195, "log10_subsample": -0.020903841882288776, "max_depth": 9.0}, "datetime": {"datetime": "2024-01-18 16:39:05", "elapsed": 492.865219, "delta": 104.990515}}
{"target": -17.675659013502425, "params": {"gamma": 178.57203028720033, "log10_alpha": -3.008121168192937, "log10_colsample_bytree": -0.1787708769421682, "log10_eta": -3.8332134970990004, "log10_lambda": -4.354059920384192, "log10_min_child_weight": 2.975260321031201, "log10_subsample": -0.4701826378071784, "max_depth": 5.0}, "datetime": {"datetime": "2024-01-18 16:42:02", "elapsed": 0.0, "delta": 0.0}}
{"target": -17.673044526659478, "params": {"gamma": 81.78384164587014, "log10_alpha": -4.40574805686458, "log10_colsample_bytree": -0.19398523907005905, "log10_eta": -1.408373395870648, "log10_lambda": -2.6718097516323516, "log10_min_child_weight": 1.5585001321821867, "log10_subsample": -0.2654006260635119, "max_depth": 8.0}, "datetime": {"datetime": "2024-01-18 16:43:57", "elapsed": 114.564285, "delta": 114.564285}}
{"target": -17.67032648074487, "params": {"gamma": 82.09075584190195, "log10_alpha": -3.5694696306092095, "log10_colsample_bytree": -0.8231687969951116, "log10_eta": -1.9334510632608062, "log10_lambda": -3.0342706309531797, "log10_min_child_weight": 0.48341474076633584, "log10_subsample": -0.10658195230889722, "max_depth": 8.0}, "datetime": {"datetime": "2024-01-18 16:47:35", "elapsed": 332.423196, "delta": 217.858911}}
{"target": -17.672429776378802, "params": {"gamma": 32.217824220121315, "log10_alpha": -1.211865246844848, "log10_colsample_bytree": -0.28586784900129225, "log10_eta": -1.7597366795594382, "log10_lambda": -1.9369606759990097, "log10_min_child_weight": 4.2091701336132195, "log10_subsample": -0.020903841882288776, "max_depth": 9.0}, "datetime": {"datetime": "2024-01-18 16:50:04", "elapsed": 481.442819, "delta": 149.019623}}
{"target": -17.673167856595597, "params": {"gamma": 106.58865319967197, "log10_alpha": -2.233773065010473, "log10_colsample_bytree": -0.31033853689280977, "log10_eta": -3.685323555519957, "log10_lambda": -0.8623404544850954, "log10_min_child_weight": 0.3661189904539841, "log10_subsample": -0.8980286270968789, "max_depth": 6.0}, "datetime": {"datetime": "2024-01-18 16:55:19", "elapsed": 1466.843449, "delta": 973.97823}}
{"target": -17.676339494462212, "params": {"gamma": 140.87069340109605, "log10_alpha": 0.6217740401507399, "log10_colsample_bytree": -0.8930466824509168, "log10_eta": -3.4915455128298034, "log10_lambda": -0.8719517624432562, "log10_min_child_weight": 4.852990031928567, "log10_subsample": -0.32980106373644436, "max_depth": 8.0}, "datetime": {"datetime": "2024-01-18 17:13:43", "elapsed": 2571.549757, "delta": 1104.706308}}
{"target": -17.67598580365874, "params": {"gamma": 21.447979145796015, "log10_alpha": -4.286199786557813, "log10_colsample_bytree": -0.21801437507235422, "log10_eta": -1.4416028634690887, "log10_lambda": -1.776861313505429, "log10_min_child_weight": 3.522647205057907, "log10_subsample": -0.8898533092782754, "max_depth": 7.0}, "datetime": {"datetime": "2024-01-18 17:15:05", "elapsed": 2653.108435, "delta": 81.558678}}
{"target": -17.67328271871339, "params": {"gamma": 137.477700702976, "log10_alpha": -3.3688763331791245, "log10_colsample_bytree": -0.7625341780534218, "log10_eta": -0.9376760582965447, "log10_lambda": -4.202656419680356, "log10_min_child_weight": 4.146240910460569, "log10_subsample": -0.04852594074371386, "max_depth": 9.0}, "datetime": {"datetime": "2024-01-18 17:16:21", "elapsed": 2729.458285, "delta": 76.34985}}
{"target": -17.672239631201155, "params": {"gamma": 106.58865319967197, "log10_alpha": -2.233773065010473, "log10_colsample_bytree": -0.31033853689280977, "log10_eta": -3.685323555519957, "log10_lambda": -0.8623404544850954, "log10_min_child_weight": 0.3661189904539841, "log10_subsample": -0.8980286270968789, "max_depth": 6.0}, "datetime": {"datetime": "2024-01-18 17:22:51", "elapsed": 2449.257401, "delta": 1967.814582}}
{"target": -17.67357571050858, "params": {"gamma": 132.5061115345861, "log10_alpha": -4.648224700594648, "log10_colsample_bytree": -0.7339191524408143, "log10_eta": -3.3069403972951457, "log10_lambda": 0.8115370376445199, "log10_min_child_weight": 3.2213084287036797, "log10_subsample": -0.6931015434978461, "max_depth": 3.0}, "datetime": {"datetime": "2024-01-18 17:32:11", "elapsed": 3678.947518, "delta": 949.489233}}
{"target": -17.6732419839082, "params": {"gamma": 69.48783226282349, "log10_alpha": -2.5491476650649103, "log10_colsample_bytree": -0.06570208798502464, "log10_eta": -3.1110825019855963, "log10_lambda": -4.006504038065409, "log10_min_child_weight": 0.03804499480183521, "log10_subsample": -0.3327582398855704, "max_depth": 3.0}, "datetime": {"datetime": "2024-01-18 17:39:38", "elapsed": 4125.764569, "delta": 446.817051}}
{"target": -17.689778732284474, "params": {"gamma": 106.96906051452957, "log10_alpha": 0.7539292034139642, "log10_colsample_bytree": -0.2740564514878946, "log10_eta": -0.22395306489793132, "log10_lambda": -0.7746905690156192, "log10_min_child_weight": 0.41278567988279613, "log10_subsample": -0.3647616875677946, "max_depth": 2.0}, "datetime": {"datetime": "2024-01-18 17:40:48", "elapsed": 4195.798931, "delta": 70.034362}}
{"target": -17.68170190695105, "params": {"gamma": 82.03417172369755, "log10_alpha": -2.4168849665731513, "log10_colsample_bytree": -0.17323988209939523, "log10_eta": -0.8635903392652677, "log10_lambda": -3.396963259056225, "log10_min_child_weight": 0.4013214642020402, "log10_subsample": -0.43435285871872265, "max_depth": 8.0}, "datetime": {"datetime": "2024-01-18 17:42:10", "elapsed": 4277.758806, "delta": 81.959875}}
{"target": -17.677111260518885, "params": {"gamma": 120.63655592033216, "log10_alpha": -3.9272484545087547, "log10_colsample_bytree": -0.010416265424009752, "log10_eta": -0.8171696412910427, "log10_lambda": -4.164036221334858, "log10_min_child_weight": 0.00199525998957395, "log10_subsample": -0.7860802141317529, "max_depth": 6.0}, "datetime": {"datetime": "2024-01-18 17:43:23", "elapsed": 4351.212993, "delta": 73.454187}}
{"target": -17.676363880660755, "params": {"gamma": 140.87069340109605, "log10_alpha": 0.6217740401507399, "log10_colsample_bytree": -0.8930466824509168, "log10_eta": -3.4915455128298034, "log10_lambda": -0.8719517624432562, "log10_min_child_weight": 4.852990031928567, "log10_subsample": -0.32980106373644436, "max_depth": 8.0}, "datetime": {"datetime": "2024-01-18 17:54:19", "elapsed": 4336.844392, "delta": 1887.586991}}
{"target": -17.675597622857136, "params": {"gamma": 110.73771752579118, "log10_alpha": -1.368666677980074, "log10_colsample_bytree": -0.13917017035918777, "log10_eta": -3.976165532119128, "log10_lambda": -0.8474287886098768, "log10_min_child_weight": 1.9657379564114068, "log10_subsample": -0.580021766406937, "max_depth": 7.0}, "datetime": {"datetime": "2024-01-18 17:58:24", "elapsed": 5251.940885, "delta": 900.727892}}
{"target": -17.67028829570719, "params": {"gamma": 49.62412028198664, "log10_alpha": 0.34668403497688693, "log10_colsample_bytree": -0.8873956343386853, "log10_eta": -1.3644519119729899, "log10_lambda": -4.9785466740699125, "log10_min_child_weight": 3.593600892306663, "log10_subsample": -0.02260684829868187, "max_depth": 8.0}, "datetime": {"datetime": "2024-01-18 17:59:55", "elapsed": 5343.169517, "delta": 91.228632}}
{"target": -17.671981756849103, "params": {"gamma": 81.99393572719384, "log10_alpha": -3.3349363613671468, "log10_colsample_bytree": -0.4566936619113957, "log10_eta": -2.7392094775287346, "log10_lambda": -3.424949269551361, "log10_min_child_weight": 1.1811164017855051, "log10_subsample": -0.33898482893084037, "max_depth": 7.0}, "datetime": {"datetime": "2024-01-18 18:01:04", "elapsed": 4742.129134, "delta": 405.284742}}
{"target": -17.67202813427155, "params": {"gamma": 186.97502260792646, "log10_alpha": -0.14907198608020522, "log10_colsample_bytree": -0.2507590096789952, "log10_eta": -1.8265068479834312, "log10_lambda": -3.403784637871216, "log10_min_child_weight": 0.6357585651815567, "log10_subsample": -0.4173474168328787, "max_depth": 7.0}, "datetime": {"datetime": "2024-01-18 18:01:31", "elapsed": 5439.307644, "delta": 96.138127}}
{"target": -17.68150352502735, "params": {"gamma": 141.4616246468557, "log10_alpha": -3.9817114997407286, "log10_colsample_bytree": -0.7986607709429168, "log10_eta": -0.47631978576434486, "log10_lambda": -4.52142430947414, "log10_min_child_weight": 4.53865503317557, "log10_subsample": -0.25605160640632074, "max_depth": 8.0}, "datetime": {"datetime": "2024-01-18 18:03:48", "elapsed": 5575.937896, "delta": 136.630252}}
{"target": -17.66960338625294, "params": {"gamma": 142.1209878118529, "log10_alpha": -2.8569437509005837, "log10_colsample_bytree": -0.5666101503976883, "log10_eta": -1.9249123927447611, "log10_lambda": 0.2890293993980855, "log10_min_child_weight": 2.4794307869234467, "log10_subsample": -0.7018069943909925, "max_depth": 4.0}, "datetime": {"datetime": "2024-01-18 18:05:46", "elapsed": 5694.549725, "delta": 118.611829}}
{"target": -17.68847072631196, "params": {"gamma": 123.83636586581028, "log10_alpha": -3.8911665418526358, "log10_colsample_bytree": -0.060123298529001334, "log10_eta": -0.7619740635794532, "log10_lambda": -2.714557914372379, "log10_min_child_weight": 1.4314429109001918, "log10_subsample": -0.7325204629905228, "max_depth": 8.0}, "datetime": {"datetime": "2024-01-18 18:07:05", "elapsed": 5773.01157, "delta": 78.461845}}
{"target": -17.6767790244972, "params": {"gamma": 20.207372894326525, "log10_alpha": -0.22451363745935993, "log10_colsample_bytree": -0.16074066906668882, "log10_eta": -1.9468459319442002, "log10_lambda": -2.0565144337749865, "log10_min_child_weight": 4.424142297331775, "log10_subsample": -0.9708815892404576, "max_depth": 2.0}, "datetime": {"datetime": "2024-01-18 18:08:32", "elapsed": 5860.194292, "delta": 87.182722}}
{"target": -17.670668885873603, "params": {"gamma": 16.615412975234833, "log10_alpha": -0.7665166139023336, "log10_colsample_bytree": -0.5668150826383774, "log10_eta": -2.3009709306178534, "log10_lambda": 0.7645836562459927, "log10_min_child_weight": 1.172168783891168, "log10_subsample": -0.44401413484808894, "max_depth": 5.0}, "datetime": {"datetime": "2024-01-18 18:11:15", "elapsed": 6022.854493, "delta": 162.660201}}
{"target": -17.676967644230547, "params": {"gamma": 87.71221307647492, "log10_alpha": -2.0152551088962847, "log10_colsample_bytree": -0.4444114905008535, "log10_eta": -3.2270164459939767, "log10_lambda": -3.7692715144302538, "log10_min_child_weight": 3.9244037039191264, "log10_subsample": -0.5138393343865242, "max_depth": 7.0}, "datetime": {"datetime": "2024-01-18 18:13:59", "elapsed": 6186.946054, "delta": 164.091561}}
{"target": -17.681785836153423, "params": {"gamma": 120.00850251650354, "log10_alpha": 0.35004925977607915, "log10_colsample_bytree": -0.22977702990579985, "log10_eta": -0.7790561490214993, "log10_lambda": 0.40261905779564255, "log10_min_child_weight": 1.403839597851485, "log10_subsample": -0.7385964807901123, "max_depth": 7.0}, "datetime": {"datetime": "2024-01-18 18:15:13", "elapsed": 6261.526823, "delta": 74.580769}}
{"target": -17.67690659475838, "params": {"gamma": 160.85900992134785, "log10_alpha": -2.26316827964435, "log10_colsample_bytree": -0.4902618273745858, "log10_eta": -1.2208915693474287, "log10_lambda": -0.14514344336544838, "log10_min_child_weight": 4.604533943145142, "log10_subsample": -0.17031088016029605, "max_depth": 5.0}, "datetime": {"datetime": "2024-01-18 18:16:28", "elapsed": 6335.59898, "delta": 74.072157}}
{"target": -17.677158318228955, "params": {"gamma": 121.43071499025291, "log10_alpha": -0.6440608081481107, "log10_colsample_bytree": -0.6295643824949403, "log10_eta": -3.806165210049291, "log10_lambda": -4.8739821708337425, "log10_min_child_weight": 3.411683224261563, "log10_subsample": -0.8790726230387239, "max_depth": 2.0}, "datetime": {"datetime": "2024-01-18 18:19:39", "elapsed": 6527.493223, "delta": 191.894243}}
{"target": -17.67304147282899, "params": {"gamma": 146.68853428507006, "log10_alpha": -1.1949006372603517, "log10_colsample_bytree": -0.5713860618528108, "log10_eta": -1.476770371082806, "log10_lambda": -1.6982501735279385, "log10_min_child_weight": 3.4094699199155754, "log10_subsample": -0.9121948696882801, "max_depth": 8.0}, "datetime": {"datetime": "2024-01-18 18:21:12", "elapsed": 6620.515797, "delta": 93.022574}}
{"target": -17.670250645305416, "params": {"gamma": 80.94451719811524, "log10_alpha": -3.144266643908602, "log10_colsample_bytree": -0.7510155884458615, "log10_eta": -3.224009067706515, "log10_lambda": -2.4415667721503036, "log10_min_child_weight": 0.3294369885441256, "log10_subsample": -0.40696621146375056, "max_depth": 7.0}, "datetime": {"datetime": "2024-01-18 18:22:18", "elapsed": 6015.463062, "delta": 1273.333928}}
{"target": -17.670815814388362, "params": {"gamma": 80.54456799089643, "log10_alpha": -2.21257668090493, "log10_colsample_bytree": -0.5223264121702791, "log10_eta": -2.8400158584428015, "log10_lambda": -0.6307544774067644, "log10_min_child_weight": 0.05388645158279248, "log10_subsample": -0.041867858720073925, "max_depth": 8.0}, "datetime": {"datetime": "2024-01-18 18:32:50", "elapsed": 6647.5861, "delta": 632.123038}}
{"target": -17.673455038201784, "params": {"gamma": 83.21107349697436, "log10_alpha": -0.4196728904693865, "log10_colsample_bytree": -0.3265600217392337, "log10_eta": -2.5627979280399407, "log10_lambda": -2.75347278454673, "log10_min_child_weight": 0.12098731108239169, "log10_subsample": -0.08880034037449847, "max_depth": 9.0}, "datetime": {"datetime": "2024-01-18 18:37:37", "elapsed": 6934.707874, "delta": 287.121774}}
{"target": -17.67600626823644, "params": {"gamma": 195.92475155550332, "log10_alpha": -4.934504203281137, "log10_colsample_bytree": -0.006692820394784249, "log10_eta": -3.867750992237792, "log10_lambda": -4.773651937466575, "log10_min_child_weight": 0.057177732976713136, "log10_subsample": -0.08180368814718741, "max_depth": 9.0}, "datetime": {"datetime": "2024-01-18 18:42:26", "elapsed": 7894.197272, "delta": 1273.681475}}
{"target": -17.67327432808234, "params": {"gamma": 135.80913487655957, "log10_alpha": -0.6691651135696306, "log10_colsample_bytree": -0.744619984243796, "log10_eta": -3.6920718201600953, "log10_lambda": 0.1835891867579953, "log10_min_child_weight": 0.2946655934447928, "log10_subsample": -0.9600569714597829, "max_depth": 7.0}, "datetime": {"datetime": "2024-01-18 19:02:04", "elapsed": 9072.192352, "delta": 1177.99508}}
{"target": -17.67685128030273, "params": {"gamma": 154.14386707628387, "log10_alpha": -3.859005971628699, "log10_colsample_bytree": -0.28822322108031717, "log10_eta": -3.194036555706991, "log10_lambda": -3.527047496835483, "log10_min_child_weight": 3.6397769810911083, "log10_subsample": -0.6022479043445105, "max_depth": 2.0}, "datetime": {"datetime": "2024-01-18 19:05:33", "elapsed": 9281.227891, "delta": 209.035539}}
{"target": -17.674052721643807, "params": {"gamma": 78.58256216582409, "log10_alpha": -2.437948089205321, "log10_colsample_bytree": -0.2444201886608427, "log10_eta": -3.729653701755058, "log10_lambda": -2.6779715130723885, "log10_min_child_weight": 0.9236856814548478, "log10_subsample": -0.4085605266098582, "max_depth": 8.0}, "datetime": {"datetime": "2024-01-18 19:06:03", "elapsed": 8641.000577, "delta": 1706.292703}}
{"target": -17.670714039342172, "params": {"gamma": 81.47164893195391, "log10_alpha": -2.1080770318609723, "log10_colsample_bytree": -0.9510072424498194, "log10_eta": -1.920620830049331, "log10_lambda": -1.279288010307293, "log10_min_child_weight": 0.6325533710775305, "log10_subsample": -0.7915359599410403, "max_depth": 8.0}, "datetime": {"datetime": "2024-01-18 19:09:01", "elapsed": 8819.280787, "delta": 178.28021}}
{"target": -17.672817096342367, "params": {"gamma": 69.64113261027032, "log10_alpha": -2.6245260630372433, "log10_colsample_bytree": -0.8913703006913852, "log10_eta": -3.5547098723113972, "log10_lambda": -3.850820857033489, "log10_min_child_weight": 0.9432524818175353, "log10_subsample": -0.5066868718136605, "max_depth": 2.0}, "datetime": {"datetime": "2024-01-18 19:26:11", "elapsed": 10518.995916, "delta": 1237.768025}}
{"target": -17.674046116232525, "params": {"gamma": 49.83604368684189, "log10_alpha": -0.39678929605276636, "log10_colsample_bytree": -0.5360913519204946, "log10_eta": -1.141582132329714, "log10_lambda": -4.272979716587928, "log10_min_child_weight": 3.3109159941166637, "log10_subsample": -0.9450038139088236, "max_depth": 7.0}, "datetime": {"datetime": "2024-01-18 19:27:42", "elapsed": 10610.25355, "delta": 91.257634}}
{"target": -17.673538755390673, "params": {"gamma": 31.72578214314894, "log10_alpha": -0.6268810747900355, "log10_colsample_bytree": -0.7515638969395039, "log10_eta": -1.2359894236069695, "log10_lambda": -2.3263982635945197, "log10_min_child_weight": 3.4672823387125824, "log10_subsample": -0.36215417459389976, "max_depth": 9.0}, "datetime": {"datetime": "2024-01-18 19:29:17", "elapsed": 10704.896159, "delta": 94.642609}}
{"target": -17.673550372632228, "params": {"gamma": 69.78668273673931, "log10_alpha": -2.5848296050262816, "log10_colsample_bytree": -0.29965708843307615, "log10_eta": -3.1354315155823707, "log10_lambda": -4.417160462327359, "log10_min_child_weight": 1.1186706481118107, "log10_subsample": -0.14072741357643315, "max_depth": 2.0}, "datetime": {"datetime": "2024-01-18 19:39:08", "elapsed": 11295.744387, "delta": 590.848228}}
{"target": -17.67492539896616, "params": {"gamma": 49.91020285753434, "log10_alpha": 0.001097072166302837, "log10_colsample_bytree": -0.9238044190940746, "log10_eta": -0.9989771567229138, "log10_lambda": -4.709106200119949, "log10_min_child_weight": 3.3527178212157933, "log10_subsample": -0.35900657479376974, "max_depth": 8.0}, "datetime": {"datetime": "2024-01-18 19:40:21", "elapsed": 11369.13594, "delta": 73.391553}}
{"target": -17.67172556241723, "params": {"gamma": 141.63985300921738, "log10_alpha": -2.2485604182020453, "log10_colsample_bytree": -0.4557058419813992, "log10_eta": -1.1051368609294352, "log10_lambda": -0.40310403661613936, "log10_min_child_weight": 2.81167897274055, "log10_subsample": -0.8776349916415221, "max_depth": 3.0}, "datetime": {"datetime": "2024-01-18 19:41:34", "elapsed": 11441.745693, "delta": 72.609753}}
{"target": -17.66966658919121, "params": {"gamma": 142.7954337432924, "log10_alpha": -2.829154125012776, "log10_colsample_bytree": -0.7904262389393225, "log10_eta": -2.2645852241827757, "log10_lambda": 0.16012264173502366, "log10_min_child_weight": 2.8483761029789694, "log10_subsample": -0.4197499799812082, "max_depth": 2.0}, "datetime": {"datetime": "2024-01-18 19:45:08", "elapsed": 11655.823092, "delta": 214.077399}}
{"target": -17.67166537711063, "params": {"gamma": 81.00738891548936, "log10_alpha": -2.8423855042705584, "log10_colsample_bytree": -0.4610919004059373, "log10_eta": -3.689231373580097, "log10_lambda": -0.9638361328414584, "log10_min_child_weight": 1.1624467547285016, "log10_subsample": -0.23110477283779307, "max_depth": 5.0}, "datetime": {"datetime": "2024-01-18 19:46:01", "elapsed": 11038.741937, "delta": 2219.46115}}
{"target": -17.676487223229593, "params": {"gamma": 142.4107611586742, "log10_alpha": -2.190065115378337, "log10_colsample_bytree": -0.7309417580389775, "log10_eta": -2.727551051298004, "log10_lambda": 0.22039320743039337, "log10_min_child_weight": 3.9475036265257706, "log10_subsample": -0.3477012527655159, "max_depth": 3.0}, "datetime": {"datetime": "2024-01-18 19:47:54", "elapsed": 11822.149977, "delta": 166.326885}}
{"target": -17.66912662875955, "params": {"gamma": 143.43862510001247, "log10_alpha": -3.2310181302575356, "log10_colsample_bytree": -0.6738838225726683, "log10_eta": -2.1870152307995028, "log10_lambda": -0.6423865339984474, "log10_min_child_weight": 1.2180009871338364, "log10_subsample": -0.5336119883761187, "max_depth": 2.0}, "datetime": {"datetime": "2024-01-18 19:52:05", "elapsed": 12073.182205, "delta": 251.032228}}
{"target": -17.671021594918134, "params": {"gamma": 142.62386470306575, "log10_alpha": -3.0207896658997853, "log10_colsample_bytree": -0.8059164241302104, "log10_eta": -0.6335766137548617, "log10_lambda": 0.694397695750558, "log10_min_child_weight": 1.8355731500390382, "log10_subsample": -0.9738692084859739, "max_depth": 2.0}, "datetime": {"datetime": "2024-01-18 19:53:21", "elapsed": 12148.594107, "delta": 75.411902}}
