{"target": -17.671215474802732, "params": {"gamma": 141.293762649059, "log10_alpha": -2.486098265517311, "log10_colsample_bytree": -0.26649321480327304, "log10_eta": -2.6177277654582634, "log10_lambda": -0.08329684101138746, "log10_min_child_weight": 1.5153960257321946, "log10_subsample": -0.5331396949086152, "max_depth": 3.0}, "datetime": {"datetime": "2024-01-18 19:57:24", "elapsed": 12391.66434, "delta": 243.070233}}
{"target": -17.671773728924734, "params": {"gamma": 142.68710754947352, "log10_alpha": -3.051412614046529, "log10_colsample_bytree": -0.0802518573615788, "log10_eta": -1.4914846339996024, "log10_lambda": -0.9159688438819682, "log10_min_child_weight": 0.6401425437405661, "log10_subsample": -0.6322083137886966, "max_depth": 2.0}, "datetime": {"datetime": "2024-01-18 19:59:09", "elapsed": 12496.661613, "delta": 104.997273}}
{"target": -17.67446312995226, "params": {"gamma": 82.05061529670328, "log10_alpha": -2.749248501841807, "log10_colsample_bytree": -0.06615365819071406, "log10_eta": -3.499564644582744, "log10_lambda": -0.34053485007594464, "log10_min_child_weight": 0.5454857234375299, "log10_subsample": -0.6551442021547104, "max_depth": 8.0}, "datetime": {"datetime": "2024-01-18 20:01:29", "elapsed": 11966.921953, "delta": 928.180016}}
{"target": -17.66587736874215, "params": {"gamma": 142.56658709696515, "log10_alpha": -3.8911182556438124, "log10_colsample_bytree": -0.9963662587023465, "log10_eta": -2.0114144631689626, "log10_lambda": -0.08517213073448036, "log10_min_child_weight": 1.8856074750213885, "log10_subsample": -0.6825478501821641, "max_depth": 2.0}, "datetime": {"datetime": "2024-01-18 20:02:41", "elapsed": 12709.168786, "delta": 212.507173}}
{"target": -17.674850863979053, "params": {"gamma": 48.718197416730895, "log10_alpha": 1.0, "log10_colsample_bytree": -0.6804170726232673, "log10_eta": -2.5302241423401712, "log10_lambda": -5.0, "log10_min_child_weight": 4.30934165430428, "log10_subsample": 0.0, "max_depth": 7.0}, "datetime": {"datetime": "2024-01-18 20:05:50", "elapsed": 12898.407113, "delta": 189.238327}}
{"target": -17.668497985042595, "params": {"gamma": 142.2398142577847, "log10_alpha": -3.5035088863530834, "log10_colsample_bytree": -0.9116405867875718, "log10_eta": -1.5600088328805737, "log10_lambda": 0.503866221421065, "log10_min_child_weight": 0.5957488402874694, "log10_subsample": -0.5679765806476027, "max_depth": 4.0}, "datetime": {"datetime": "2024-01-18 20:07:29", "elapsed": 12997.475351, "delta": 99.068238}}
{"target": -17.675725504511615, "params": {"gamma": 142.56316199173756, "log10_alpha": -4.872315095603721, "log10_colsample_bytree": -0.07367665316007974, "log10_eta": -0.6771611300806127, "log10_lambda": 0.7525711002166815, "log10_min_child_weight": 0.33284733658022375, "log10_subsample": -0.5665680237384628, "max_depth": 3.0}, "datetime": {"datetime": "2024-01-18 20:08:40", "elapsed": 13067.80318, "delta": 70.327829}}
{"target": -17.669214870675393, "params": {"gamma": 81.491897955735, "log10_alpha": -2.338295756238926, "log10_colsample_bytree": -0.6812514873086406, "log10_eta": -2.583385382632646, "log10_lambda": -2.4348582419508187, "log10_min_child_weight": 1.6429971222514212, "log10_subsample": -0.6692636762726178, "max_depth": 7.0}, "datetime": {"datetime": "2024-01-18 20:08:55", "elapsed": 12412.857793, "delta": 445.93584}}
{"target": -17.670828048011888, "params": {"gamma": 143.58974955738756, "log10_alpha": -3.936481308092583, "log10_colsample_bytree": -0.30505963840692585, "log10_eta": -2.377795764132117, "log10_lambda": 0.8587799450718752, "log10_min_child_weight": 1.3671796875821092, "log10_subsample": -0.31019779021861693, "max_depth": 3.0}, "datetime": {"datetime": "2024-01-18 20:11:49", "elapsed": 13257.272326, "delta": 189.469146}}
{"target": -17.668053710676855, "params": {"gamma": 80.59125209352888, "log10_alpha": -2.5457763018719373, "log10_colsample_bytree": -0.8792512665669098, "log10_eta": -2.1679871052921262, "log10_lambda": -1.8320583496181149, "log10_min_child_weight": 0.2564886608445238, "log10_subsample": -0.18186577279309313, "max_depth": 7.0}, "datetime": {"datetime": "2024-01-18 20:13:01", "elapsed": 12658.597603, "delta": 245.73981}}
{"target": -17.671226593565805, "params": {"gamma": 141.98017578393222, "log10_alpha": -4.349031390257788, "log10_colsample_bytree": -0.4818810883329926, "log10_eta": -2.0546881908287555, "log10_lambda": 0.6124757649567387, "log10_min_child_weight": 2.336294579442482, "log10_subsample": -0.30808816468198663, "max_depth": 2.0}, "datetime": {"datetime": "2024-01-18 20:14:18", "elapsed": 13406.019664, "delta": 148.747338}}
{"target": -17.670494897656774, "params": {"gamma": 80.1128153196274, "log10_alpha": -3.5397015238663294, "log10_colsample_bytree": -0.5470095717799636, "log10_eta": -1.6442008089616915, "log10_lambda": -1.6060064135431977, "log10_min_child_weight": 0.8257725345071887, "log10_subsample": -0.04444527032541401, "max_depth": 5.0}, "datetime": {"datetime": "2024-01-18 20:15:06", "elapsed": 12783.646544, "delta": 125.048941}}
{"target": -17.671404380811303, "params": {"gamma": 81.57564679367171, "log10_alpha": -1.0310270913172621, "log10_colsample_bytree": -0.13932403337057242, "log10_eta": -1.8402375690115758, "log10_lambda": -2.6790655689831944, "log10_min_child_weight": 0.9401465916363333, "log10_subsample": -0.12915620317134913, "max_depth": 5.0}, "datetime": {"datetime": "2024-01-18 20:17:11", "elapsed": 12908.628094, "delta": 124.98155}}
{"target": -17.668660643891343, "params": {"gamma": 80.61992169166183, "log10_alpha": -2.1796189937367245, "log10_colsample_bytree": -1.0, "log10_eta": -1.355099220656018, "log10_lambda": -2.574666418799966, "log10_min_child_weight": 0.8463115872690355, "log10_subsample": -0.4376218985435074, "max_depth": 6.0}, "datetime": {"datetime": "2024-01-18 20:19:21", "elapsed": 13038.382168, "delta": 129.754074}}
{"target": -17.69421129135828, "params": {"gamma": 80.43926604557655, "log10_alpha": -2.620399302642529, "log10_colsample_bytree": -0.3455738245449167, "log10_eta": -0.4692265128423432, "log10_lambda": -2.4232329175390124, "log10_min_child_weight": 0.23287033299749405, "log10_subsample": -0.5523901318132196, "max_depth": 6.0}, "datetime": {"datetime": "2024-01-18 20:20:56", "elapsed": 13133.716226, "delta": 95.334058}}
{"target": -17.670233316234608, "params": {"gamma": 16.615412975234833, "log10_alpha": -0.7665166139023336, "log10_colsample_bytree": -0.5668150826383774, "log10_eta": -2.3009709306178534, "log10_lambda": 0.7645836562459927, "log10_min_child_weight": 1.172168783891168, "log10_subsample": -0.44401413484808894, "max_depth": 5.0}, "datetime": {"datetime": "2024-01-18 20:25:03", "elapsed": 13380.615134, "delta": 246.898908}}
{"target": -17.676918025102893, "params": {"gamma": 87.71221307647492, "log10_alpha": -2.0152551088962847, "log10_colsample_bytree": -0.4444114905008535, "log10_eta": -3.2270164459939767, "log10_lambda": -3.7692715144302538, "log10_min_child_weight": 3.9244037039191264, "log10_subsample": -0.5138393343865242, "max_depth": 7.0}, "datetime": {"datetime": "2024-01-18 20:29:35", "elapsed": 13653.270221, "delta": 272.655087}}
{"target": -17.67740216594062, "params": {"gamma": 120.00850251650354, "log10_alpha": 0.35004925977607915, "log10_colsample_bytree": -0.22977702990579985, "log10_eta": -0.7790561490214993, "log10_lambda": 0.40261905779564255, "log10_min_child_weight": 1.403839597851485, "log10_subsample": -0.7385964807901123, "max_depth": 7.0}, "datetime": {"datetime": "2024-01-18 20:31:09", "elapsed": 13746.582361, "delta": 93.31214}}
{"target": -17.676527451562656, "params": {"gamma": 160.85900992134785, "log10_alpha": -2.26316827964435, "log10_colsample_bytree": -0.4902618273745858, "log10_eta": -1.2208915693474287, "log10_lambda": -0.14514344336544838, "log10_min_child_weight": 4.604533943145142, "log10_subsample": -0.17031088016029605, "max_depth": 5.0}, "datetime": {"datetime": "2024-01-18 20:32:41", "elapsed": 13838.837794, "delta": 92.255433}}
{"target": -17.677195473982003, "params": {"gamma": 121.43071499025291, "log10_alpha": -0.6440608081481107, "log10_colsample_bytree": -0.6295643824949403, "log10_eta": -3.806165210049291, "log10_lambda": -4.8739821708337425, "log10_min_child_weight": 3.411683224261563, "log10_subsample": -0.8790726230387239, "max_depth": 2.0}, "datetime": {"datetime": "2024-01-18 20:35:33", "elapsed": 14010.406576, "delta": 171.568782}}
{"target": -17.67242432542647, "params": {"gamma": 141.77575442201123, "log10_alpha": -4.670367860091571, "log10_colsample_bytree": -0.5943244454007931, "log10_eta": -3.6891221034762807, "log10_lambda": 0.10182031607465802, "log10_min_child_weight": 0.8118400810121584, "log10_subsample": -0.6715841591804848, "max_depth": 3.0}, "datetime": {"datetime": "2024-01-18 20:36:42", "elapsed": 14749.780851, "delta": 1343.761187}}
{"target": -17.674235989678685, "params": {"gamma": 146.68853428507006, "log10_alpha": -1.1949006372603517, "log10_colsample_bytree": -0.5713860618528108, "log10_eta": -1.476770371082806, "log10_lambda": -1.6982501735279385, "log10_min_child_weight": 3.4094699199155754, "log10_subsample": -0.9121948696882801, "max_depth": 8.0}, "datetime": {"datetime": "2024-01-18 20:37:43", "elapsed": 14141.113494, "delta": 130.706918}}
{"target": -17.673306886931346, "params": {"gamma": 143.08404827642573, "log10_alpha": -3.3664683207304273, "log10_colsample_bytree": -0.4456376126892211, "log10_eta": -1.0879002857096842, "log10_lambda": -0.589902450358605, "log10_min_child_weight": 2.3479251242203785, "log10_subsample": -0.9411221816169775, "max_depth": 4.0}, "datetime": {"datetime": "2024-01-18 20:37:54", "elapsed": 14822.459222, "delta": 72.678371}}
{"target": -17.676898821721327, "params": {"gamma": 195.92475155550332, "log10_alpha": -4.934504203281137, "log10_colsample_bytree": -0.006692820394784249, "log10_eta": -3.867750992237792, "log10_lambda": -4.773651937466575, "log10_min_child_weight": 0.057177732976713136, "log10_subsample": -0.08180368814718741, "max_depth": 9.0}, "datetime": {"datetime": "2024-01-18 20:48:03", "elapsed": 14761.34868, "delta": 620.235186}}
{"target": -17.670083470591052, "params": {"gamma": 143.0577251649079, "log10_alpha": -2.8322286304668123, "log10_colsample_bytree": -0.8833480281640931, "log10_eta": -3.488872290577286, "log10_lambda": -0.009844607929007765, "log10_min_child_weight": 1.656475951615396, "log10_subsample": -0.3297733254169143, "max_depth": 4.0}, "datetime": {"datetime": "2024-01-18 21:01:21", "elapsed": 16229.430804, "delta": 1406.971582}}
{"target": -17.66949439226088, "params": {"gamma": 142.0008846282778, "log10_alpha": -4.3592289858293505, "log10_colsample_bytree": -0.7659089529287824, "log10_eta": -2.529749302785783, "log10_lambda": -1.7444592020155083, "log10_min_child_weight": 2.6924055072828805, "log10_subsample": -0.9599502109703085, "max_depth": 2.0}, "datetime": {"datetime": "2024-01-18 21:07:12", "elapsed": 16579.986195, "delta": 350.555391}}
{"target": -17.6721458408817, "params": {"gamma": 141.21620220924936, "log10_alpha": -3.483849963217895, "log10_colsample_bytree": -0.14964188059368355, "log10_eta": -1.402495877593089, "log10_lambda": 0.06151087986521908, "log10_min_child_weight": 1.6392751719672431, "log10_subsample": -0.3716627983222788, "max_depth": 5.0}, "datetime": {"datetime": "2024-01-18 21:08:28", "elapsed": 16655.991977, "delta": 76.005782}}
{"target": -17.66978142544617, "params": {"gamma": 143.41860670444154, "log10_alpha": -1.4526401801537236, "log10_colsample_bytree": -0.49175297641225924, "log10_eta": -2.1937671355242605, "log10_lambda": 0.2426593724832733, "log10_min_child_weight": 0.5968321908833291, "log10_subsample": -0.4365239810789594, "max_depth": 4.0}, "datetime": {"datetime": "2024-01-18 21:11:09", "elapsed": 16817.398985, "delta": 161.407008}}
{"target": -17.67363642576025, "params": {"gamma": 135.80913487655957, "log10_alpha": -0.6691651135696306, "log10_colsample_bytree": -0.744619984243796, "log10_eta": -3.6920718201600953, "log10_lambda": 0.1835891867579953, "log10_min_child_weight": 0.2946655934447928, "log10_subsample": -0.9600569714597829, "max_depth": 7.0}, "datetime": {"datetime": "2024-01-18 21:14:59", "elapsed": 16377.141326, "delta": 1615.792646}}
{"target": -17.672283811805837, "params": {"gamma": 82.50618809356101, "log10_alpha": -3.653086245024424, "log10_colsample_bytree": -0.43668640231120703, "log10_eta": -2.7690915473162336, "log10_lambda": -1.3354671417046964, "log10_min_child_weight": 0.43981656799549296, "log10_subsample": -0.07323793834410874, "max_depth": 8.0}, "datetime": {"datetime": "2024-01-18 21:15:32", "elapsed": 17079.832556, "delta": 262.433571}}
{"target": -17.672717120100856, "params": {"gamma": 49.14411064291343, "log10_alpha": 1.0, "log10_colsample_bytree": -0.7789041717837845, "log10_eta": -1.988770546483007, "log10_lambda": -5.0, "log10_min_child_weight": 4.0249664841380355, "log10_subsample": 0.0, "max_depth": 9.0}, "datetime": {"datetime": "2024-01-18 21:17:27", "elapsed": 17195.27114, "delta": 115.438584}}
{"target": -17.667750969687518, "params": {"gamma": 142.01741957659598, "log10_alpha": -3.372772490313695, "log10_colsample_bytree": -0.7928165847265346, "log10_eta": -1.8476367081375584, "log10_lambda": -0.26642047031749794, "log10_min_child_weight": 1.1900721506284662, "log10_subsample": -0.9730588998123716, "max_depth": 2.0}, "datetime": {"datetime": "2024-01-18 21:19:49", "elapsed": 17336.881167, "delta": 141.610027}}
{"target": -17.676871661605045, "params": {"gamma": 154.14386707628387, "log10_alpha": -3.859005971628699, "log10_colsample_bytree": -0.28822322108031717, "log10_eta": -3.194036555706991, "log10_lambda": -3.527047496835483, "log10_min_child_weight": 3.6397769810911083, "log10_subsample": -0.6022479043445105, "max_depth": 2.0}, "datetime": {"datetime": "2024-01-18 21:20:37", "elapsed": 16715.304742, "delta": 338.163416}}
{"target": -17.67097130509299, "params": {"gamma": 82.54868510380776, "log10_alpha": -4.103884576796367, "log10_colsample_bytree": -0.8702412894945126, "log10_eta": -2.6761456777164074, "log10_lambda": -2.8937200602566073, "log10_min_child_weight": 1.2276379797741805, "log10_subsample": -0.0704880524625715, "max_depth": 9.0}, "datetime": {"datetime": "2024-01-18 21:25:46", "elapsed": 17694.555661, "delta": 357.674494}}
{"target": -17.669401446604255, "params": {"gamma": 142.7623000516908, "log10_alpha": -3.0927076231972803, "log10_colsample_bytree": -1.0, "log10_eta": -2.844564792021899, "log10_lambda": 0.7058103070324179, "log10_min_child_weight": 1.3646435630709572, "log10_subsample": -1.0, "max_depth": 2.0}, "datetime": {"datetime": "2024-01-18 21:37:00", "elapsed": 18368.302858, "delta": 673.747197}}
{"target": -17.671038344085687, "params": {"gamma": 141.54709134884703, "log10_alpha": -0.30498869284122065, "log10_colsample_bytree": -0.6404884016148974, "log10_eta": -0.6952242296925064, "log10_lambda": 0.3671497087480171, "log10_min_child_weight": 0.02374519562617583, "log10_subsample": -0.5591759015863127, "max_depth": 4.0}, "datetime": {"datetime": "2024-01-18 21:38:14", "elapsed": 18441.849517, "delta": 73.546659}}
{"target": -17.66799627022581, "params": {"gamma": 142.0604077934921, "log10_alpha": -2.171557049657477, "log10_colsample_bytree": -1.0, "log10_eta": -2.379812697314598, "log10_lambda": 1.0, "log10_min_child_weight": 0.6351667994530672, "log10_subsample": -1.0, "max_depth": 4.0}, "datetime": {"datetime": "2024-01-18 21:42:41", "elapsed": 18709.399846, "delta": 267.550329}}
{"target": -17.669049821861734, "params": {"gamma": 1.4524430176714231, "log10_alpha": 0.10657223227325474, "log10_colsample_bytree": -0.7696944447876279, "log10_eta": -3.2342581065597966, "log10_lambda": 0.777867379407235, "log10_min_child_weight": 1.9952490132067269, "log10_subsample": -0.24795986132012948, "max_depth": 6.0}, "datetime": {"datetime": "2024-01-18 21:44:24", "elapsed": 18141.727157, "delta": 1426.422415}}
{"target": -17.67357078004059, "params": {"gamma": 142.07391450729776, "log10_alpha": -2.437141785444556, "log10_colsample_bytree": -0.029864576900148765, "log10_eta": -3.4097741955664733, "log10_lambda": 0.9267289253734798, "log10_min_child_weight": 0.997757446343, "log10_subsample": -0.6940074798256728, "max_depth": 6.0}, "datetime": {"datetime": "2024-01-18 21:52:39", "elapsed": 19307.570166, "delta": 598.17032}}
{"target": -17.6755608576891, "params": {"gamma": 892.8601514360016, "log10_alpha": -3.008121168192937, "log10_colsample_bytree": -0.1787708769421682, "log10_eta": -3.8332134970990004, "log10_lambda": -4.354059920384192, "log10_min_child_weight": 2.975260321031201, "log10_subsample": -0.4701826378071784, "max_depth": 5.0}, "datetime": {"datetime": "2024-01-18 23:04:12", "elapsed": 0.0, "delta": 0.0}}
{"target": -17.67478861773587, "params": {"gamma": 408.91920822935066, "log10_alpha": -4.40574805686458, "log10_colsample_bytree": -0.19398523907005905, "log10_eta": -1.408373395870648, "log10_lambda": -2.6718097516323516, "log10_min_child_weight": 1.5585001321821867, "log10_subsample": -0.2654006260635119, "max_depth": 8.0}, "datetime": {"datetime": "2024-01-18 23:05:40", "elapsed": 87.379811, "delta": 87.379811}}
{"target": -17.668059873521592, "params": {"gamma": 410.4537792095098, "log10_alpha": -3.5694696306092095, "log10_colsample_bytree": -0.8231687969951116, "log10_eta": -1.9334510632608062, "log10_lambda": -3.0342706309531797, "log10_min_child_weight": 0.48341474076633584, "log10_subsample": -0.10658195230889722, "max_depth": 8.0}, "datetime": {"datetime": "2024-01-18 23:08:32", "elapsed": 259.814113, "delta": 172.434302}}
{"target": -17.672553414516372, "params": {"gamma": 161.08912110060658, "log10_alpha": -1.211865246844848, "log10_colsample_bytree": -0.28586784900129225, "log10_eta": -1.7597366795594382, "log10_lambda": -1.9369606759990097, "log10_min_child_weight": 4.2091701336132195, "log10_subsample": -0.020903841882288776, "max_depth": 9.0}, "datetime": {"datetime": "2024-01-18 23:10:27", "elapsed": 374.916968, "delta": 115.102855}}
{"target": -17.67269151112605, "params": {"gamma": 532.9432659983598, "log10_alpha": -2.233773065010473, "log10_colsample_bytree": -0.31033853689280977, "log10_eta": -3.685323555519957, "log10_lambda": -0.8623404544850954, "log10_min_child_weight": 0.3661189904539841, "log10_subsample": -0.8980286270968789, "max_depth": 6.0}, "datetime": {"datetime": "2024-01-18 23:28:09", "elapsed": 1436.649537, "delta": 1061.732569}}
