{"target": -13.758240374897147, "params": {"gamma": 193.40596780273535, "log10_alpha": -1.7166065049456662, "log10_colsample_bytree": -0.027315640035115663, "log10_eta": -1.1407360253025414, "log10_lambda": -0.8136270524163756, "log10_min_child_weight": 1.080447477901882, "log10_subsample": -0.02372554522375825, "max_depth": 2.0}, "datetime": {"datetime": "2024-01-18 16:18:58", "elapsed": 0.0, "delta": 0.0}}
{"target": -13.757922923800344, "params": {"gamma": 17.200947529752895, "log10_alpha": 0.9232992255898909, "log10_colsample_bytree": -0.13956147693394627, "log10_eta": -0.8027768447252339, "log10_lambda": -4.79323032872857, "log10_min_child_weight": 4.556498293109341, "log10_subsample": -0.8643696905741065, "max_depth": 3.0}, "datetime": {"datetime": "2024-01-18 16:20:18", "elapsed": 80.202929, "delta": 80.202929}}
{"target": -13.758270114136831, "params": {"gamma": 18.522952219351563, "log10_alpha": 0.6959130221713004, "log10_colsample_bytree": -0.21320909104191588, "log10_eta": -2.1151530438579846, "log10_lambda": -4.874858827506145, "log10_min_child_weight": 3.492933255477038, "log10_subsample": -0.10497559573346449, "max_depth": 3.0}, "datetime": {"datetime": "2024-01-18 16:21:42", "elapsed": 163.809823, "delta": 83.606894}}
{"target": -13.754621615004712, "params": {"gamma": 79.86273211264583, "log10_alpha": -1.0869441464539351, "log10_colsample_bytree": -0.9389281370119387, "log10_eta": -3.082713509577551, "log10_lambda": -3.9439659549240753, "log10_min_child_weight": 0.3555462201477838, "log10_subsample": -0.19064944879665113, "max_depth": 5.0}, "datetime": {"datetime": "2024-01-18 16:31:13", "elapsed": 735.061601, "delta": 571.251778}}
{"target": -13.754641361768044, "params": {"gamma": 91.19864549180076, "log10_alpha": 0.3689117052718709, "log10_colsample_bytree": -0.9296487481456581, "log10_eta": -2.1525879414688434, "log10_lambda": -0.984225858998669, "log10_min_child_weight": 0.7489888118126897, "log10_subsample": -0.7540499829157445, "max_depth": 4.0}, "datetime": {"datetime": "2024-01-18 16:33:47", "elapsed": 888.941842, "delta": 153.880241}}
{"target": -13.758295908568538, "params": {"gamma": 116.0583423275161, "log10_alpha": -3.9057977009356533, "log10_colsample_bytree": -0.7645280665880249, "log10_eta": -3.066483577211339, "log10_lambda": -4.552767919596615, "log10_min_child_weight": 4.7108819522304675, "log10_subsample": -0.4538470133235345, "max_depth": 7.0}, "datetime": {"datetime": "2024-01-18 16:38:06", "elapsed": 1148.602625, "delta": 259.660783}}
{"target": -13.758536243460647, "params": {"gamma": 65.96125423363542, "log10_alpha": -4.334396689450616, "log10_colsample_bytree": -1.0, "log10_eta": 0.0, "log10_lambda": 1.0, "log10_min_child_weight": 5.0, "log10_subsample": -1.0, "max_depth": 10.0}, "datetime": {"datetime": "2024-01-18 16:39:36", "elapsed": 1238.014517, "delta": 89.411892}}
{"target": -13.758400771526087, "params": {"gamma": 86.70819637779248, "log10_alpha": -5.0, "log10_colsample_bytree": 0.0, "log10_eta": -4.0, "log10_lambda": -5.0, "log10_min_child_weight": 5.0, "log10_subsample": 0.0, "max_depth": 2.0}, "datetime": {"datetime": "2024-01-18 17:00:39", "elapsed": 2501.561142, "delta": 1263.546625}}
{"target": -13.757740309777208, "params": {"gamma": 85.66755175196121, "log10_alpha": 0.6662045565275232, "log10_colsample_bytree": -0.05772753680429665, "log10_eta": -2.9661789356954125, "log10_lambda": -1.1442908788563901, "log10_min_child_weight": 1.085836176082395, "log10_subsample": -0.8101777927718099, "max_depth": 6.0}, "datetime": {"datetime": "2024-01-18 17:03:11", "elapsed": 2653.439206, "delta": 151.878064}}
{"target": -13.755593437237835, "params": {"gamma": 78.20845606666917, "log10_alpha": -2.3227653364040015, "log10_colsample_bytree": -0.6544502889258924, "log10_eta": -2.40672624974569, "log10_lambda": -3.3044995786861997, "log10_min_child_weight": 0.019376264242753627, "log10_subsample": -0.587558014846409, "max_depth": 4.0}, "datetime": {"datetime": "2024-01-18 17:05:50", "elapsed": 2812.043476, "delta": 158.60427}}
{"target": -13.755076401184885, "params": {"gamma": 94.11764466167376, "log10_alpha": -0.7006747277094432, "log10_colsample_bytree": -0.9327556060896003, "log10_eta": -2.840538300665261, "log10_lambda": -0.7816969309437818, "log10_min_child_weight": 0.09446775510958294, "log10_subsample": -0.20134290139740585, "max_depth": 3.0}, "datetime": {"datetime": "2024-01-18 17:13:44", "elapsed": 3286.654147, "delta": 474.610671}}
{"target": -13.75410311433657, "params": {"gamma": 92.62823583032467, "log10_alpha": 0.9217932873392876, "log10_colsample_bytree": -0.8083715603836807, "log10_eta": -1.0062596654927303, "log10_lambda": -3.2809701892496568, "log10_min_child_weight": 2.288183742845504, "log10_subsample": -0.9520780763053959, "max_depth": 2.0}, "datetime": {"datetime": "2024-01-18 17:15:10", "elapsed": 3372.267832, "delta": 85.613685}}
{"target": -13.764657637967032, "params": {"gamma": 95.31002199650001, "log10_alpha": 0.5567005996502914, "log10_colsample_bytree": -0.4166984967091184, "log10_eta": -0.5004101799725551, "log10_lambda": -3.6650982896259, "log10_min_child_weight": 3.149507788987631, "log10_subsample": -0.7656661706204018, "max_depth": 5.0}, "datetime": {"datetime": "2024-01-18 17:16:26", "elapsed": 3448.576121, "delta": 76.308289}}
{"target": -13.755384689614472, "params": {"gamma": 93.1045777565013, "log10_alpha": 0.9412750859987318, "log10_colsample_bytree": -0.8695304783468466, "log10_eta": -1.1647080102658696, "log10_lambda": -0.8812818814996186, "log10_min_child_weight": 0.8860623093030856, "log10_subsample": -0.9150832635866499, "max_depth": 2.0}, "datetime": {"datetime": "2024-01-18 17:17:52", "elapsed": 3534.041939, "delta": 85.465818}}
{"target": -13.757661350142282, "params": {"gamma": 90.5722024409435, "log10_alpha": -1.3470139757083532, "log10_colsample_bytree": -0.38158396928886196, "log10_eta": -3.1569285819461186, "log10_lambda": -1.5145071401679324, "log10_min_child_weight": 0.003064898095296309, "log10_subsample": -0.46526796452752883, "max_depth": 2.0}, "datetime": {"datetime": "2024-01-18 17:23:37", "elapsed": 3879.136628, "delta": 345.094689}}
{"target": -13.75503000344514, "params": {"gamma": 91.02229087845889, "log10_alpha": 1.0, "log10_colsample_bytree": -1.0, "log10_eta": -1.665674735501762, "log10_lambda": -2.1485641044409896, "log10_min_child_weight": 2.296383957703544, "log10_subsample": -1.0, "max_depth": 2.0}, "datetime": {"datetime": "2024-01-18 17:25:26", "elapsed": 3988.423192, "delta": 109.286564}}
{"target": -13.763099660073191, "params": {"gamma": 90.9628459796866, "log10_alpha": -0.5938784015548153, "log10_colsample_bytree": -0.6891900804955883, "log10_eta": -0.3069646979864755, "log10_lambda": -3.982605601312187, "log10_min_child_weight": 1.6312306715398495, "log10_subsample": -0.17542705587502228, "max_depth": 2.0}, "datetime": {"datetime": "2024-01-18 17:26:42", "elapsed": 4064.063864, "delta": 75.640672}}
{"target": -13.756660242598297, "params": {"gamma": 92.77803711046798, "log10_alpha": 0.46663511596967666, "log10_colsample_bytree": -0.6522583814108304, "log10_eta": -1.7950714242553105, "log10_lambda": -2.200330266728333, "log10_min_child_weight": 0.39416273413336034, "log10_subsample": -0.589468069998126, "max_depth": 2.0}, "datetime": {"datetime": "2024-01-18 17:28:23", "elapsed": 4165.607653, "delta": 101.543789}}
{"target": -13.755359452557578, "params": {"gamma": 92.54345804349451, "log10_alpha": -0.07377022452608184, "log10_colsample_bytree": -0.7999449444397618, "log10_eta": -1.4580429493793723, "log10_lambda": -1.612098965938543, "log10_min_child_weight": 0.6229181027442099, "log10_subsample": -0.6272507099986596, "max_depth": 3.0}, "datetime": {"datetime": "2024-01-18 17:29:51", "elapsed": 4253.271377, "delta": 87.663724}}
{"target": -13.75742589657767, "params": {"gamma": 93.28450007138132, "log10_alpha": 0.2187667020803037, "log10_colsample_bytree": -0.8950175059217039, "log10_eta": -3.9242138677749274, "log10_lambda": -0.43758469438442305, "log10_min_child_weight": 1.811039882142746, "log10_subsample": -0.7585352701247093, "max_depth": 4.0}, "datetime": {"datetime": "2024-01-18 17:46:07", "elapsed": 5229.575195, "delta": 976.303818}}
{"target": -13.754823754879592, "params": {"gamma": 92.04314623878372, "log10_alpha": -1.1482826937142288, "log10_colsample_bytree": -0.7213622748119916, "log10_eta": -1.6408929734607156, "log10_lambda": 0.17510855715930163, "log10_min_child_weight": 0.6450621514814037, "log10_subsample": -0.023335298131932136, "max_depth": 4.0}, "datetime": {"datetime": "2024-01-18 17:47:43", "elapsed": 5324.767641, "delta": 95.192446}}
{"target": -13.754086082884811, "params": {"gamma": 92.54340803667552, "log10_alpha": 0.5214702228263106, "log10_colsample_bytree": -1.0, "log10_eta": -1.4772360717179283, "log10_lambda": 0.39968142726201217, "log10_min_child_weight": 0.0, "log10_subsample": -1.0, "max_depth": 3.0}, "datetime": {"datetime": "2024-01-18 17:49:22", "elapsed": 5424.548281, "delta": 99.78064}}
{"target": -13.755026665661498, "params": {"gamma": 78.46490056562074, "log10_alpha": -1.0632117906492091, "log10_colsample_bytree": -0.7086992416792195, "log10_eta": -3.1508504802798205, "log10_lambda": -3.2715916104285836, "log10_min_child_weight": 0.7752504736820348, "log10_subsample": -0.8939240133325267, "max_depth": 6.0}, "datetime": {"datetime": "2024-01-18 17:57:29", "elapsed": 5911.02577, "delta": 486.477489}}
{"target": -13.757375004002817, "params": {"gamma": 92.91581969658364, "log10_alpha": -1.1780273251939941, "log10_colsample_bytree": -0.07736917827518863, "log10_eta": -1.1653458107257788, "log10_lambda": 0.9983668359692119, "log10_min_child_weight": 1.5128406761756596, "log10_subsample": -0.7645189394354137, "max_depth": 2.0}, "datetime": {"datetime": "2024-01-18 17:58:46", "elapsed": 5988.379411, "delta": 77.353641}}
{"target": -13.756078474415876, "params": {"gamma": 92.24820544286516, "log10_alpha": 1.0, "log10_colsample_bytree": -1.0, "log10_eta": -0.8697700056829745, "log10_lambda": 0.06823985870220037, "log10_min_child_weight": 0.0, "log10_subsample": 0.0, "max_depth": 4.0}, "datetime": {"datetime": "2024-01-18 18:00:04", "elapsed": 6066.205763, "delta": 77.826352}}
{"target": -13.753788242060292, "params": {"gamma": 80.5293026732841, "log10_alpha": -1.7465244104282318, "log10_colsample_bytree": -0.7465535011974487, "log10_eta": -2.220341119963844, "log10_lambda": -2.9469146468978833, "log10_min_child_weight": 1.5725212575410463, "log10_subsample": -0.5439996015655537, "max_depth": 5.0}, "datetime": {"datetime": "2024-01-18 18:03:00", "elapsed": 6241.84182, "delta": 175.636057}}
{"target": -13.764251989652706, "params": {"gamma": 80.70390247396864, "log10_alpha": -1.19896332060785, "log10_colsample_bytree": -0.128531712678707, "log10_eta": -0.755872461245636, "log10_lambda": -4.258164410663711, "log10_min_child_weight": 0.6663131254124693, "log10_subsample": -0.9149711984215393, "max_depth": 5.0}, "datetime": {"datetime": "2024-01-18 18:04:15", "elapsed": 6317.401393, "delta": 75.559573}}
{"target": -13.754715670437658, "params": {"gamma": 78.86269755608998, "log10_alpha": -1.5802101824025963, "log10_colsample_bytree": -0.9776948837611259, "log10_eta": -3.1781466302732264, "log10_lambda": -4.027640831811267, "log10_min_child_weight": 1.729868363581325, "log10_subsample": -0.15934245643839973, "max_depth": 4.0}, "datetime": {"datetime": "2024-01-18 18:17:37", "elapsed": 7118.748486, "delta": 801.347093}}
{"target": -13.756815174579248, "params": {"gamma": 80.49416796595604, "log10_alpha": -1.4199606656493633, "log10_colsample_bytree": -0.8234585942413941, "log10_eta": -3.977799872812945, "log10_lambda": -2.6795422209120696, "log10_min_child_weight": 2.2915369555796588, "log10_subsample": -0.3323805930595114, "max_depth": 5.0}, "datetime": {"datetime": "2024-01-18 18:41:20", "elapsed": 8542.254795, "delta": 1423.506309}}
{"target": -13.757157849675187, "params": {"gamma": 79.22187733385684, "log10_alpha": -3.6046470165198583, "log10_colsample_bytree": -0.44883745287777665, "log10_eta": -2.7812035859889224, "log10_lambda": -3.5079124506499344, "log10_min_child_weight": 2.491009619458189, "log10_subsample": -0.6149533594311327, "max_depth": 4.0}, "datetime": {"datetime": "2024-01-18 18:44:27", "elapsed": 8728.860339, "delta": 186.605544}}
{"target": -13.756300581074278, "params": {"gamma": 92.11451055981792, "log10_alpha": 0.8001046811753607, "log10_colsample_bytree": -0.6929915332952207, "log10_eta": -1.4954592713223076, "log10_lambda": 0.9512728254247591, "log10_min_child_weight": 1.0876905599252322, "log10_subsample": -0.026103066788936702, "max_depth": 2.0}, "datetime": {"datetime": "2024-01-18 18:45:57", "elapsed": 8819.059967, "delta": 90.199628}}
{"target": -13.756236558836955, "params": {"gamma": 78.20783496917349, "log10_alpha": -1.7979972361447398, "log10_colsample_bytree": -0.6056077105820047, "log10_eta": -3.5887016253867112, "log10_lambda": -4.469059852067937, "log10_min_child_weight": 1.8937597176034977, "log10_subsample": -0.2841208008533975, "max_depth": 5.0}, "datetime": {"datetime": "2024-01-18 18:59:26", "elapsed": 9628.008034, "delta": 808.948067}}
{"target": -13.75567884399429, "params": {"gamma": 78.29045871053563, "log10_alpha": 0.20278133144635113, "log10_colsample_bytree": -0.6684679948152624, "log10_eta": -3.2888502661085646, "log10_lambda": -3.6174038560791093, "log10_min_child_weight": 1.78640038069258, "log10_subsample": -0.18133622243944658, "max_depth": 4.0}, "datetime": {"datetime": "2024-01-18 19:10:20", "elapsed": 10282.408937, "delta": 654.400903}}
{"target": -13.75820285345436, "params": {"gamma": 78.69835502683758, "log10_alpha": -1.2194906095500935, "log10_colsample_bytree": -0.0822148746862763, "log10_eta": -2.705880259273101, "log10_lambda": -2.694332309890976, "log10_min_child_weight": 0.9025742654191382, "log10_subsample": -0.23432527197697617, "max_depth": 4.0}, "datetime": {"datetime": "2024-01-18 19:12:11", "elapsed": 10392.846812, "delta": 110.437875}}
{"target": -13.75545431832123, "params": {"gamma": 90.80606551894483, "log10_alpha": -0.7983139874143976, "log10_colsample_bytree": -0.4730394993593211, "log10_eta": -1.232040850909288, "log10_lambda": 0.1848306324308977, "log10_min_child_weight": 1.4553877929408554, "log10_subsample": -0.7462317511239022, "max_depth": 3.0}, "datetime": {"datetime": "2024-01-18 19:13:31", "elapsed": 10472.69646, "delta": 79.849648}}
{"target": -13.755657994639513, "params": {"gamma": 91.992334203962, "log10_alpha": 0.7583611857688695, "log10_colsample_bytree": -0.7849299360222743, "log10_eta": -1.9966885013604943, "log10_lambda": -1.0199931881740643, "log10_min_child_weight": 2.038896094912226, "log10_subsample": -0.8100230411850697, "max_depth": 3.0}, "datetime": {"datetime": "2024-01-18 19:15:32", "elapsed": 10594.483521, "delta": 121.787061}}
{"target": -13.75630337606083, "params": {"gamma": 92.29187466091633, "log10_alpha": -0.25297288076380736, "log10_colsample_bytree": -0.47892046358479895, "log10_eta": -2.375107465308258, "log10_lambda": -0.16236125037718316, "log10_min_child_weight": 0.0, "log10_subsample": -1.0, "max_depth": 3.0}, "datetime": {"datetime": "2024-01-18 19:18:04", "elapsed": 10745.979761, "delta": 151.49624}}
{"target": -13.756629133035581, "params": {"gamma": 79.5345652418376, "log10_alpha": -0.34061129680080704, "log10_colsample_bytree": -0.5141800948260526, "log10_eta": -3.7937695646963996, "log10_lambda": -4.047626155731866, "log10_min_child_weight": 1.4034073336639215, "log10_subsample": -0.4572800211640139, "max_depth": 5.0}, "datetime": {"datetime": "2024-01-18 19:34:38", "elapsed": 11740.175556, "delta": 994.195795}}
{"target": -13.75714152469751, "params": {"gamma": 92.18314450777541, "log10_alpha": -0.2071559213990588, "log10_colsample_bytree": -1.0, "log10_eta": -0.628273176635678, "log10_lambda": 0.1672627281463336, "log10_min_child_weight": 1.2437359459432835, "log10_subsample": -0.7295409289328332, "max_depth": 3.0}, "datetime": {"datetime": "2024-01-18 19:35:54", "elapsed": 11816.184581, "delta": 76.009025}}
{"target": -13.757566329750166, "params": {"gamma": 90.72910791333688, "log10_alpha": -1.334828811869734, "log10_colsample_bytree": -0.2471893802116354, "log10_eta": -2.4157336981071187, "log10_lambda": 0.13420738065274662, "log10_min_child_weight": 1.167384444106217, "log10_subsample": -0.5810785692524335, "max_depth": 4.0}, "datetime": {"datetime": "2024-01-18 19:37:42", "elapsed": 11924.468115, "delta": 108.283534}}
{"target": -13.75460727115874, "params": {"gamma": 79.62715749861343, "log10_alpha": -1.5199833796315465, "log10_colsample_bytree": -0.9502017672444654, "log10_eta": -2.2863925062045496, "log10_lambda": -3.2134099348587366, "log10_min_child_weight": 2.421872524873053, "log10_subsample": -0.8545489106954935, "max_depth": 4.0}, "datetime": {"datetime": "2024-01-18 19:40:59", "elapsed": 12120.699295, "delta": 196.23118}}
{"target": -13.756013672155053, "params": {"gamma": 80.63198909074497, "log10_alpha": -1.6872651341829257, "log10_colsample_bytree": -0.6320451285730603, "log10_eta": -2.4577135365508997, "log10_lambda": -3.122298248721848, "log10_min_child_weight": 3.069906370647566, "log10_subsample": -0.13187721119465046, "max_depth": 5.0}, "datetime": {"datetime": "2024-01-18 19:43:41", "elapsed": 12283.16466, "delta": 162.465365}}
{"target": -13.760197221727534, "params": {"gamma": 93.6723911248749, "log10_alpha": 0.8059208888262486, "log10_colsample_bytree": -0.2815375277112724, "log10_eta": -0.4872894098992031, "log10_lambda": 0.104246371660075, "log10_min_child_weight": 0.28796106251703646, "log10_subsample": -0.7500532368844589, "max_depth": 2.0}, "datetime": {"datetime": "2024-01-18 19:44:55", "elapsed": 12357.472586, "delta": 74.307926}}
{"target": -13.756531615703674, "params": {"gamma": 79.35493367140438, "log10_alpha": -0.39212131186521404, "log10_colsample_bytree": -0.7821635097612042, "log10_eta": -3.3216902850595034, "log10_lambda": -3.799810917615587, "log10_min_child_weight": 2.614824432472249, "log10_subsample": -0.5177809869962513, "max_depth": 3.0}, "datetime": {"datetime": "2024-01-18 19:56:24", "elapsed": 13046.078846, "delta": 688.60626}}
{"target": -13.768385587740202, "params": {"gamma": 92.61624666652347, "log10_alpha": 0.7058906569375143, "log10_colsample_bytree": -0.24774231955287984, "log10_eta": -0.3267626369608263, "log10_lambda": -2.443600048929201, "log10_min_child_weight": 2.1506582163273116, "log10_subsample": -0.9842532836498137, "max_depth": 2.0}, "datetime": {"datetime": "2024-01-18 19:57:38", "elapsed": 13120.64234, "delta": 74.563494}}
{"target": -13.754865287913498, "params": {"gamma": 2.0005655998962535, "log10_alpha": 0.016964790752511227, "log10_colsample_bytree": -0.8323821264608028, "log10_eta": -2.024229611650992, "log10_lambda": -2.517035638571741, "log10_min_child_weight": 3.376063130431107, "log10_subsample": -0.3102870759381313, "max_depth": 5.0}, "datetime": {"datetime": "2024-01-18 19:59:56", "elapsed": 13258.31676, "delta": 137.67442}}
{"target": -13.757847469589722, "params": {"gamma": 105.75835141221319, "log10_alpha": -3.7355509526918405, "log10_colsample_bytree": -0.8165843292355751, "log10_eta": -3.039315932438651, "log10_lambda": -4.4906661382920685, "log10_min_child_weight": 4.516899952381676, "log10_subsample": -0.9883154825044097, "max_depth": 6.0}, "datetime": {"datetime": "2024-01-18 20:10:35", "elapsed": 13897.574185, "delta": 639.257425}}
{"target": -13.757042136475242, "params": {"gamma": 160.65633882848346, "log10_alpha": -2.9380769513453284, "log10_colsample_bytree": -0.29973030340856166, "log10_eta": -2.5219728814590994, "log10_lambda": -4.5237374604501115, "log10_min_child_weight": 1.5097586799525198, "log10_subsample": -0.09874926906781889, "max_depth": 8.0}, "datetime": {"datetime": "2024-01-18 20:12:41", "elapsed": 14023.162321, "delta": 125.588136}}
{"target": -13.758509307532997, "params": {"gamma": 100.69843027407188, "log10_alpha": -1.767340251836341, "log10_colsample_bytree": -0.45882721148981065, "log10_eta": -3.7500725319396944, "log10_lambda": -3.6052983705774766, "log10_min_child_weight": 4.018898247552777, "log10_subsample": -0.836692591410475, "max_depth": 5.0}, "datetime": {"datetime": "2024-01-18 20:15:11", "elapsed": 14173.597769, "delta": 150.435448}}
{"target": -13.757132520370575, "params": {"gamma": 126.16170896946511, "log10_alpha": -1.8014945910686997, "log10_colsample_bytree": -0.5244386444277658, "log10_eta": -3.449119864685154, "log10_lambda": -0.017357547910913596, "log10_min_child_weight": 3.900056491711668, "log10_subsample": -0.19782148858604476, "max_depth": 3.0}, "datetime": {"datetime": "2024-01-18 20:30:19", "elapsed": 15081.509573, "delta": 907.911804}}
{"target": -13.758495959169405, "params": {"gamma": 117.16011526819372, "log10_alpha": -4.1452466783302055, "log10_colsample_bytree": -0.08373048587417786, "log10_eta": -2.343005866312241, "log10_lambda": -1.9920793302767308, "log10_min_child_weight": 4.866014816500817, "log10_subsample": -0.2285654395298954, "max_depth": 6.0}, "datetime": {"datetime": "2024-01-18 20:31:51", "elapsed": 15173.350207, "delta": 91.840634}}
{"target": -13.756943610361496, "params": {"gamma": 100.64599536799939, "log10_alpha": 0.18643239484738405, "log10_colsample_bytree": -0.5144308505749082, "log10_eta": -1.3553565423579643, "log10_lambda": -1.6234935696833768, "log10_min_child_weight": 3.0170972496017345, "log10_subsample": -0.20164480590728295, "max_depth": 5.0}, "datetime": {"datetime": "2024-01-18 20:33:13", "elapsed": 15255.367743, "delta": 82.017536}}
