{"target": -0.00010846495862079641, "params": {"gamma": 80.93957435558514, "log10_alpha": -3.747193649963874, "log10_colsample_bytree": -0.548155840700822, "log10_eta": -2.213620612922768, "log10_lambda": -3.0263082734116433, "log10_min_child_weight": 0.9334770362035155, "log10_subsample": -0.6150716729873592, "max_depth": 8.0}, "datetime": {"datetime": "2024-01-18 11:50:24", "elapsed": 8199.154157, "delta": 157.660735}}
{"target": -0.00011265292105409885, "params": {"gamma": 81.73139934805182, "log10_alpha": -2.6823997347205832, "log10_colsample_bytree": -0.1492992925951654, "log10_eta": -1.1032175949221994, "log10_lambda": -3.160616404217297, "log10_min_child_weight": 1.8917151109665153, "log10_subsample": -0.6675177263454334, "max_depth": 7.0}, "datetime": {"datetime": "2024-01-18 11:51:41", "elapsed": 8276.217918, "delta": 77.063761}}
{"target": -0.00014669280030295273, "params": {"gamma": 81.02572606236404, "log10_alpha": -1.888711080181464, "log10_colsample_bytree": -0.2626286655287532, "log10_eta": -1.529238492246546, "log10_lambda": -3.823733804246836, "log10_min_child_weight": 1.2035514801025038, "log10_subsample": -0.7503369394836423, "max_depth": 9.0}, "datetime": {"datetime": "2024-01-18 11:53:24", "elapsed": 8378.498604, "delta": 102.280686}}
{"target": -0.0005721544242303644, "params": {"gamma": 82.59329678742951, "log10_alpha": -2.810544536239817, "log10_colsample_bytree": -0.933598288849244, "log10_eta": -2.158823545650869, "log10_lambda": -2.102885328351268, "log10_min_child_weight": 0.8839432341126341, "log10_subsample": -0.5181801168059916, "max_depth": 8.0}, "datetime": {"datetime": "2024-01-18 11:55:43", "elapsed": 8517.498594, "delta": 138.99999}}
{"target": -0.00043994461394697426, "params": {"gamma": 80.88101918112378, "log10_alpha": -2.681363297036774, "log10_colsample_bytree": -0.8246193332551652, "log10_eta": -1.0863141349923522, "log10_lambda": -3.339668426192196, "log10_min_child_weight": 0.6699920183858032, "log10_subsample": -0.47567754318037936, "max_depth": 8.0}, "datetime": {"datetime": "2024-01-18 11:57:10", "elapsed": 8604.815328, "delta": 87.316734}}
{"target": 0.000580871135645214, "params": {"gamma": 82.59522659943154, "log10_alpha": -2.5412771594916603, "log10_colsample_bytree": -0.6089265450433726, "log10_eta": -1.522172464127919, "log10_lambda": -2.9378827483559657, "log10_min_child_weight": 2.20529846418964, "log10_subsample": -0.044447101900320085, "max_depth": 7.0}, "datetime": {"datetime": "2024-01-18 11:58:44", "elapsed": 8699.126183, "delta": 94.310855}}
{"target": -0.0005328386552549275, "params": {"gamma": 82.87430164858263, "log10_alpha": -1.44638788518935, "log10_colsample_bytree": -0.9050410417406601, "log10_eta": -1.567041513841172, "log10_lambda": -2.4141214294762703, "log10_min_child_weight": 2.64173299850645, "log10_subsample": -0.3087588393168623, "max_depth": 6.0}, "datetime": {"datetime": "2024-01-18 12:00:12", "elapsed": 8787.115935, "delta": 87.989752}}
{"target": -0.00035769253457605676, "params": {"gamma": 82.23663701147963, "log10_alpha": -1.916371047577961, "log10_colsample_bytree": -0.7388857380902478, "log10_eta": -1.3433946626453839, "log10_lambda": -4.433632220298185, "log10_min_child_weight": 1.1283639499461673, "log10_subsample": -0.03932195471320932, "max_depth": 8.0}, "datetime": {"datetime": "2024-01-18 12:01:53", "elapsed": 8887.653935, "delta": 100.538}}
{"target": 0.000477974376043383, "params": {"gamma": 83.5090613677075, "log10_alpha": -2.456534160633506, "log10_colsample_bytree": -0.3801996732469324, "log10_eta": -1.5594806703555943, "log10_lambda": -3.232564221179417, "log10_min_child_weight": 1.5858225203029608, "log10_subsample": -0.0718793510640987, "max_depth": 6.0}, "datetime": {"datetime": "2024-01-18 12:03:24", "elapsed": 8978.594704, "delta": 90.940769}}
{"target": -0.00020827796208967853, "params": {"gamma": 82.75837942083486, "log10_alpha": -2.394084534974537, "log10_colsample_bytree": -0.7555668225714086, "log10_eta": -1.5206761251847887, "log10_lambda": -3.1713086486406796, "log10_min_child_weight": 2.334459191406463, "log10_subsample": -0.23346610468162987, "max_depth": 6.0}, "datetime": {"datetime": "2024-01-18 12:04:52", "elapsed": 9066.861724, "delta": 88.26702}}
{"target": 1.0400227782453308e-06, "params": {"gamma": 82.39599422943576, "log10_alpha": -2.661709022677491, "log10_colsample_bytree": -0.41813636037189417, "log10_eta": -1.6345000773785139, "log10_lambda": -4.329241726651114, "log10_min_child_weight": 1.130707375731741, "log10_subsample": -0.561641816769352, "max_depth": 8.0}, "datetime": {"datetime": "2024-01-18 12:06:37", "elapsed": 9171.580867, "delta": 104.719143}}
{"target": -0.00010906243471846266, "params": {"gamma": 81.40011917286542, "log10_alpha": -1.7824060900154297, "log10_colsample_bytree": -0.08896660341490759, "log10_eta": -2.3253528079126102, "log10_lambda": -3.854706554473754, "log10_min_child_weight": 1.1371206450236508, "log10_subsample": -0.062462801824014536, "max_depth": 8.0}, "datetime": {"datetime": "2024-01-18 12:09:27", "elapsed": 9341.577146, "delta": 169.996279}}
{"target": -0.0006411235172347762, "params": {"gamma": 81.93428596789438, "log10_alpha": -2.1106295600164753, "log10_colsample_bytree": -0.3755300728150186, "log10_eta": -1.4736430815618586, "log10_lambda": -3.7475088131680643, "log10_min_child_weight": 2.7889199428417695, "log10_subsample": -0.3877045238354898, "max_depth": 7.0}, "datetime": {"datetime": "2024-01-18 12:10:49", "elapsed": 9423.567838, "delta": 81.990692}}
{"target": -0.0007647404270772484, "params": {"gamma": 81.56053147064117, "log10_alpha": -2.496133851302551, "log10_colsample_bytree": -0.5676608301363947, "log10_eta": -2.451806853310201, "log10_lambda": -3.28343646664747, "log10_min_child_weight": 1.2565474259869247, "log10_subsample": -0.9163962185183352, "max_depth": 9.0}, "datetime": {"datetime": "2024-01-18 12:12:55", "elapsed": 9549.550765, "delta": 125.982927}}
{"target": -0.0015466052017162057, "params": {"gamma": 82.24122974423027, "log10_alpha": -3.0488257733300865, "log10_colsample_bytree": -0.3217205064912285, "log10_eta": -1.07634543888246, "log10_lambda": -2.540839104542993, "log10_min_child_weight": 2.5469608377537534, "log10_subsample": -0.5255858129959954, "max_depth": 7.0}, "datetime": {"datetime": "2024-01-18 12:14:08", "elapsed": 9622.920509, "delta": 73.369744}}
{"target": -0.00013669592113341178, "params": {"gamma": 83.42773814839434, "log10_alpha": -2.4534886599804038, "log10_colsample_bytree": -0.7367467737363845, "log10_eta": -1.6202903570693472, "log10_lambda": -3.6662034957991123, "log10_min_child_weight": 1.4621156659711891, "log10_subsample": -0.5649983365318545, "max_depth": 5.0}, "datetime": {"datetime": "2024-01-18 12:15:39", "elapsed": 9714.153574, "delta": 91.233065}}
{"target": -0.000641078405258122, "params": {"gamma": 81.7158583401416, "log10_alpha": -2.8530530078847782, "log10_colsample_bytree": -0.49435104491402604, "log10_eta": -1.077285060183864, "log10_lambda": -3.8350880787907, "log10_min_child_weight": 0.9598381149298735, "log10_subsample": -0.23334147111311754, "max_depth": 7.0}, "datetime": {"datetime": "2024-01-18 12:16:57", "elapsed": 9791.955931, "delta": 77.802357}}
{"target": -0.0006011393141841237, "params": {"gamma": 82.5691437733716, "log10_alpha": -2.829077633256966, "log10_colsample_bytree": -0.18496250733444153, "log10_eta": -2.417842295308176, "log10_lambda": -4.039171188034391, "log10_min_child_weight": 2.0940740429397016, "log10_subsample": -0.6979721064417297, "max_depth": 8.0}, "datetime": {"datetime": "2024-01-18 12:19:15", "elapsed": 9930.294524, "delta": 138.338593}}
{"target": -0.0003709150034852948, "params": {"gamma": 80.83238845639075, "log10_alpha": -3.8659744790280763, "log10_colsample_bytree": -0.005151486178749165, "log10_eta": -2.7044033015384117, "log10_lambda": -3.320675478169998, "log10_min_child_weight": 1.5909688184039905, "log10_subsample": -0.4246143364131527, "max_depth": 8.0}, "datetime": {"datetime": "2024-01-18 12:22:49", "elapsed": 10144.079972, "delta": 213.785448}}
{"target": -0.0010280364496090266, "params": {"gamma": 53.9254899610483, "log10_alpha": -1.745857445805727, "log10_colsample_bytree": -0.4928832095686887, "log10_eta": -3.2281498963222672, "log10_lambda": -1.2674592551783515, "log10_min_child_weight": 0.7799332817139115, "log10_subsample": -0.41861362953685965, "max_depth": 5.0}, "datetime": {"datetime": "2024-01-18 12:25:38", "elapsed": 10312.668407, "delta": 168.588435}}
{"target": -3.509114578086059e-05, "params": {"gamma": 46.87444459730485, "log10_alpha": -3.7947291100088223, "log10_colsample_bytree": -0.21849882568648904, "log10_eta": -1.1792845866184014, "log10_lambda": 0.9315278745888671, "log10_min_child_weight": 2.156524071113772, "log10_subsample": -0.42420096115403516, "max_depth": 6.0}, "datetime": {"datetime": "2024-01-18 12:26:50", "elapsed": 10384.347735, "delta": 71.679328}}
{"target": -2.0417740810574347e-06, "params": {"gamma": 81.03534978668738, "log10_alpha": -2.1880075379570845, "log10_colsample_bytree": -0.25834483441012535, "log10_eta": -1.8414105517639823, "log10_lambda": -4.606077337375446, "log10_min_child_weight": 1.9207852981488656, "log10_subsample": -0.8225968098305235, "max_depth": 7.0}, "datetime": {"datetime": "2024-01-18 12:28:35", "elapsed": 10489.911946, "delta": 105.564211}}
{"target": -0.000898827962636628, "params": {"gamma": 13.563964193607724, "log10_alpha": -4.003815272427713, "log10_colsample_bytree": -0.933324669132081, "log10_eta": -2.8737111420684167, "log10_lambda": 0.7369808632130121, "log10_min_child_weight": 0.5619415280460488, "log10_subsample": -0.4472819988523318, "max_depth": 6.0}, "datetime": {"datetime": "2024-01-18 12:31:35", "elapsed": 10670.308915, "delta": 180.396969}}
{"target": -0.0006398707667029657, "params": {"gamma": 80.82969409624732, "log10_alpha": -2.0985631662138347, "log10_colsample_bytree": -0.344485821617849, "log10_eta": -1.3432132852564163, "log10_lambda": -4.818912753006264, "log10_min_child_weight": 2.211317989562506, "log10_subsample": -0.7302425268145708, "max_depth": 6.0}, "datetime": {"datetime": "2024-01-18 12:32:54", "elapsed": 10748.567984, "delta": 78.259069}}
{"target": 4.2135841478926905e-05, "params": {"gamma": 81.30268783490371, "log10_alpha": -1.652735421423305, "log10_colsample_bytree": -0.31399314356322006, "log10_eta": -1.6062712289501748, "log10_lambda": -4.006593108578068, "log10_min_child_weight": 1.593972401836809, "log10_subsample": -0.9240342415041902, "max_depth": 8.0}, "datetime": {"datetime": "2024-01-18 12:34:24", "elapsed": 10838.625312, "delta": 90.057328}}
{"target": -0.0006128024791372672, "params": {"gamma": 96.413901166749, "log10_alpha": -0.14429168204455856, "log10_colsample_bytree": -0.7226411729939202, "log10_eta": -2.143422785201048, "log10_lambda": -3.94702891665255, "log10_min_child_weight": 4.981681570159997, "log10_subsample": -0.29119778519486794, "max_depth": 8.0}, "datetime": {"datetime": "2024-01-18 12:39:41", "elapsed": 11155.462368, "delta": 316.837056}}
{"target": -0.0007280685063835585, "params": {"gamma": 83.01748577961239, "log10_alpha": -2.4599962070544703, "log10_colsample_bytree": -0.6097230762833655, "log10_eta": -1.5017487660591886, "log10_lambda": -2.6535282245243437, "log10_min_child_weight": 2.217770487873954, "log10_subsample": -0.4011806178604901, "max_depth": 6.0}, "datetime": {"datetime": "2024-01-18 12:40:59", "elapsed": 11234.110692, "delta": 78.648324}}
{"target": -0.0012472903615592112, "params": {"gamma": 41.69355316076675, "log10_alpha": -1.9011413948810558, "log10_colsample_bytree": -0.8941145945086654, "log10_eta": -3.9547395957242815, "log10_lambda": 0.9375430190577418, "log10_min_child_weight": 2.7748387917280737, "log10_subsample": -0.216576130589891, "max_depth": 8.0}, "datetime": {"datetime": "2024-01-18 12:43:15", "elapsed": 11369.571033, "delta": 135.460341}}
{"target": -0.001007953670304651, "params": {"gamma": 89.20859468723063, "log10_alpha": -4.469890814851574, "log10_colsample_bytree": -0.0014604250536887076, "log10_eta": -1.901684200844076, "log10_lambda": -3.1035841208669286, "log10_min_child_weight": 2.7400127747702525, "log10_subsample": -0.16224314920175664, "max_depth": 3.0}, "datetime": {"datetime": "2024-01-18 12:44:39", "elapsed": 11453.316915, "delta": 83.745882}}
{"target": -0.0011444773750309833, "params": {"gamma": 88.99422640640056, "log10_alpha": -4.576910468264765, "log10_colsample_bytree": -0.7167753773581891, "log10_eta": -2.604187304214396, "log10_lambda": -4.785685024932922, "log10_min_child_weight": 2.5715838191570177, "log10_subsample": -0.9025777720526794, "max_depth": 5.0}, "datetime": {"datetime": "2024-01-18 12:46:20", "elapsed": 11554.597657, "delta": 101.280742}}
{"target": -0.000946632628041788, "params": {"gamma": 45.112839301476036, "log10_alpha": -0.272971469125701, "log10_colsample_bytree": -0.048846121270741616, "log10_eta": -3.3834051527774287, "log10_lambda": -4.805149502797468, "log10_min_child_weight": 2.647847140562116, "log10_subsample": -0.5734421803279851, "max_depth": 4.0}, "datetime": {"datetime": "2024-01-18 12:52:19", "elapsed": 11913.4411, "delta": 358.843443}}
{"target": -0.0004936852364876981, "params": {"gamma": 81.19987651853273, "log10_alpha": -3.0577549735948617, "log10_colsample_bytree": -0.1978107234981038, "log10_eta": -1.6682531903493616, "log10_lambda": -4.083820376475239, "log10_min_child_weight": 2.0257035026746886, "log10_subsample": -0.9715024189163018, "max_depth": 8.0}, "datetime": {"datetime": "2024-01-18 12:53:47", "elapsed": 12001.78725, "delta": 88.34615}}
{"target": -0.0012512681695645567, "params": {"gamma": 57.21187074367713, "log10_alpha": 0.3357292341351483, "log10_colsample_bytree": -0.37418942171972525, "log10_eta": -3.2879704815171076, "log10_lambda": -2.578345766958475, "log10_min_child_weight": 3.4710781801085067, "log10_subsample": -0.3252138402194297, "max_depth": 8.0}, "datetime": {"datetime": "2024-01-18 12:55:16", "elapsed": 12091.279888, "delta": 89.492638}}
{"target": 0.000325109757817979, "params": {"gamma": 80.62835048519908, "log10_alpha": -2.223992473466846, "log10_colsample_bytree": -0.6209745930513919, "log10_eta": -1.8554631400124055, "log10_lambda": -4.098470965314674, "log10_min_child_weight": 1.8359760524751656, "log10_subsample": -0.16504612390846396, "max_depth": 8.0}, "datetime": {"datetime": "2024-01-18 12:57:19", "elapsed": 12214.269503, "delta": 122.989615}}
{"target": -0.0003490641307038328, "params": {"gamma": 80.63644195676864, "log10_alpha": -3.1355476927882435, "log10_colsample_bytree": -0.3689020743467427, "log10_eta": -2.7325331771452506, "log10_lambda": -3.51322077916387, "log10_min_child_weight": 1.8500875626042919, "log10_subsample": -0.7560662063968834, "max_depth": 8.0}, "datetime": {"datetime": "2024-01-18 13:00:56", "elapsed": 12430.822887, "delta": 216.553384}}
{"target": -5.7831998311108634e-05, "params": {"gamma": 80.96472265645532, "log10_alpha": -2.6763398170102946, "log10_colsample_bytree": -0.3499936413858542, "log10_eta": -1.4830221606800875, "log10_lambda": -2.870472596857191, "log10_min_child_weight": 0.8555983059862149, "log10_subsample": -0.5900432123078985, "max_depth": 8.0}, "datetime": {"datetime": "2024-01-18 13:02:29", "elapsed": 12523.430086, "delta": 92.607199}}
{"target": -0.0002467254967685045, "params": {"gamma": 80.50264248082485, "log10_alpha": -1.9725357319904009, "log10_colsample_bytree": -0.885399437003353, "log10_eta": -1.9410675046060684, "log10_lambda": -3.7633084234366305, "log10_min_child_weight": 1.678044333635889, "log10_subsample": -0.5809529028587944, "max_depth": 8.0}, "datetime": {"datetime": "2024-01-18 13:04:13", "elapsed": 12627.727651, "delta": 104.297565}}
{"target": -0.0005608083190603436, "params": {"gamma": 81.01233333562666, "log10_alpha": -3.1754713334237583, "log10_colsample_bytree": -0.6651178653535794, "log10_eta": -1.246599381197532, "log10_lambda": -2.8594849025189206, "log10_min_child_weight": 1.3157684110044072, "log10_subsample": -0.5064797096743687, "max_depth": 9.0}, "datetime": {"datetime": "2024-01-18 13:05:43", "elapsed": 12717.627628, "delta": 89.899977}}
{"target": 0.00011296296477190937, "params": {"gamma": 82.91458537698055, "log10_alpha": -3.335816943123794, "log10_colsample_bytree": -0.896545779572215, "log10_eta": -1.2604964260166671, "log10_lambda": -3.3751870136804127, "log10_min_child_weight": 1.263849804801707, "log10_subsample": -0.2388106096350514, "max_depth": 7.0}, "datetime": {"datetime": "2024-01-18 13:07:04", "elapsed": 12798.567198, "delta": 80.93957}}
{"target": 0.00013915254971673396, "params": {"gamma": 80.77114638904872, "log10_alpha": -1.6396310339233362, "log10_colsample_bytree": -0.2930671524991576, "log10_eta": -2.435214048561681, "log10_lambda": -4.112432193983663, "log10_min_child_weight": 0.9376735932524105, "log10_subsample": -0.7794157116961179, "max_depth": 7.0}, "datetime": {"datetime": "2024-01-18 13:09:52", "elapsed": 12966.942025, "delta": 168.374827}}
{"target": -0.0007901123796266174, "params": {"gamma": 82.10378418950339, "log10_alpha": -2.3633510377398004, "log10_colsample_bytree": -0.9888107404730585, "log10_eta": -2.2380577544740183, "log10_lambda": -4.254131535089632, "log10_min_child_weight": 1.5920066337751475, "log10_subsample": -0.4066991944084164, "max_depth": 9.0}, "datetime": {"datetime": "2024-01-18 13:12:09", "elapsed": 13104.007324, "delta": 137.065299}}
{"target": -6.250459763747218e-05, "params": {"gamma": 81.24635371352984, "log10_alpha": -2.4951729662673414, "log10_colsample_bytree": -0.25588190578834674, "log10_eta": -1.7396474546688236, "log10_lambda": -4.156486452849634, "log10_min_child_weight": 1.619542752466804, "log10_subsample": -0.24024988006306688, "max_depth": 8.0}, "datetime": {"datetime": "2024-01-18 13:13:48", "elapsed": 13202.552882, "delta": 98.545558}}
{"target": 0.00012548443974420842, "params": {"gamma": 83.6918254413499, "log10_alpha": -2.772786041749921, "log10_colsample_bytree": -0.49019205532465016, "log10_eta": -1.6486394149524815, "log10_lambda": -3.6436425063218287, "log10_min_child_weight": 0.9595935431265457, "log10_subsample": -0.3872583553385611, "max_depth": 6.0}, "datetime": {"datetime": "2024-01-18 13:15:17", "elapsed": 13292.1295, "delta": 89.576618}}
{"target": -0.0010965656240645438, "params": {"gamma": 35.14208625245624, "log10_alpha": -0.6909183325403738, "log10_colsample_bytree": -0.8958997635454046, "log10_eta": -3.096724294063154, "log10_lambda": -0.5957382751011222, "log10_min_child_weight": 0.5927086620988481, "log10_subsample": -0.714117300950942, "max_depth": 6.0}, "datetime": {"datetime": "2024-01-18 13:17:40", "elapsed": 13434.742799, "delta": 142.613299}}
{"target": -0.0010982615806908458, "params": {"gamma": 73.87603042753334, "log10_alpha": -1.8253729097435412, "log10_colsample_bytree": -0.7863359520132007, "log10_eta": -3.1559753511220143, "log10_lambda": 0.7840863439257699, "log10_min_child_weight": 4.465237270605355, "log10_subsample": -0.03571173309401532, "max_depth": 3.0}, "datetime": {"datetime": "2024-01-18 13:22:48", "elapsed": 13742.527661, "delta": 307.784862}}
{"target": -6.715164513093619e-05, "params": {"gamma": 80.54419824684712, "log10_alpha": -1.6401282172136273, "log10_colsample_bytree": -0.4456680356146968, "log10_eta": -1.988092913340445, "log10_lambda": -4.234686607713529, "log10_min_child_weight": 0.7359937196449723, "log10_subsample": -0.5756908278751467, "max_depth": 7.0}, "datetime": {"datetime": "2024-01-18 13:24:39", "elapsed": 13854.304629, "delta": 111.776968}}
{"target": -0.0002901801593681447, "params": {"gamma": 82.52538553198559, "log10_alpha": -3.0353776603799396, "log10_colsample_bytree": -0.7198874612553324, "log10_eta": -2.074752674464734, "log10_lambda": -3.435916383064071, "log10_min_child_weight": 1.2922415793366366, "log10_subsample": -0.13688481138321107, "max_depth": 6.0}, "datetime": {"datetime": "2024-01-18 13:26:28", "elapsed": 13963.169915, "delta": 108.865286}}
{"target": -2.0084579318624396e-05, "params": {"gamma": 82.06098800875249, "log10_alpha": -2.761609668861696, "log10_colsample_bytree": -0.4316142490691556, "log10_eta": -1.930104586365255, "log10_lambda": -3.4639862201082696, "log10_min_child_weight": 2.0885232433672867, "log10_subsample": -0.45886780827841966, "max_depth": 9.0}, "datetime": {"datetime": "2024-01-18 13:28:26", "elapsed": 14080.348409, "delta": 117.178494}}
{"target": 0.0005106417525503754, "params": {"gamma": 82.69792493304301, "log10_alpha": -3.113763489004743, "log10_colsample_bytree": -0.3107275281063665, "log10_eta": -2.0064275385089405, "log10_lambda": -3.138213133262848, "log10_min_child_weight": 2.3013519886079408, "log10_subsample": -0.06466798401134499, "max_depth": 6.0}, "datetime": {"datetime": "2024-01-18 13:30:30", "elapsed": 14204.441138, "delta": 124.092729}}
{"target": -0.0006551928855960121, "params": {"gamma": 82.34664760570608, "log10_alpha": -2.9764569005337833, "log10_colsample_bytree": -0.08055788991491941, "log10_eta": -1.2482466204251796, "log10_lambda": -4.704803215341366, "log10_min_child_weight": 1.1062213727643755, "log10_subsample": -0.08455652915333256, "max_depth": 8.0}, "datetime": {"datetime": "2024-01-18 13:31:58", "elapsed": 14293.030597, "delta": 88.589459}}
{"target": 0.00012023743649265672, "params": {"gamma": 83.37173640043808, "log10_alpha": -2.6058492594490956, "log10_colsample_bytree": -0.5496298386227089, "log10_eta": -2.3106459143425266, "log10_lambda": -3.1332502148471093, "log10_min_child_weight": 2.3282772947613877, "log10_subsample": -0.015895955336275414, "max_depth": 6.0}, "datetime": {"datetime": "2024-01-18 13:34:31", "elapsed": 14445.333717, "delta": 152.30312}}
