{"target": -17.67232291569092, "params": {"gamma": 174.68588055836324, "log10_alpha": 0.8112439769255921, "log10_colsample_bytree": -0.13080545978608005, "log10_eta": -1.876577233777604, "log10_lambda": -3.6036300321362558, "log10_min_child_weight": 0.056994021387149485, "log10_subsample": -0.5695311817075095, "max_depth": 5.0}, "datetime": {"datetime": "2024-01-18 16:20:54", "elapsed": 0.0, "delta": 0.0}}
{"target": -17.677201804262445, "params": {"gamma": 150.09669917292686, "log10_alpha": -1.304423916076824, "log10_colsample_bytree": -0.6661536202580816, "log10_eta": -3.8940530125997723, "log10_lambda": -1.7556185426483415, "log10_min_child_weight": 4.231938996351134, "log10_subsample": -0.2024512847681621, "max_depth": 7.0}, "datetime": {"datetime": "2024-01-18 16:22:58", "elapsed": 123.770373, "delta": 123.770373}}
{"target": -17.674901278248722, "params": {"gamma": 175.73503958200348, "log10_alpha": -0.5976385453542186, "log10_colsample_bytree": -0.5823898098711693, "log10_eta": -0.8518018011679072, "log10_lambda": -3.0394716280960705, "log10_min_child_weight": 0.15127312169548213, "log10_subsample": -0.884248317950981, "max_depth": 5.0}, "datetime": {"datetime": "2024-01-18 16:24:11", "elapsed": 197.23278, "delta": 73.462407}}
{"target": -17.675409808605828, "params": {"gamma": 102.85842887793662, "log10_alpha": -4.765230175325071, "log10_colsample_bytree": -0.4601675799460184, "log10_eta": -0.8801651755005286, "log10_lambda": -3.6163320659099307, "log10_min_child_weight": 1.4990170386261155, "log10_subsample": -0.257118046550035, "max_depth": 6.0}, "datetime": {"datetime": "2024-01-18 16:25:27", "elapsed": 272.789423, "delta": 75.556643}}
{"target": -17.67324298936475, "params": {"gamma": 173.9126674322344, "log10_alpha": 0.23925657239946396, "log10_colsample_bytree": -0.5657498794708161, "log10_eta": -1.154981864507974, "log10_lambda": -3.7122619765378877, "log10_min_child_weight": 0.6679364592657072, "log10_subsample": -0.09142658974281903, "max_depth": 6.0}, "datetime": {"datetime": "2024-01-18 16:26:46", "elapsed": 352.149307, "delta": 79.359884}}
{"target": -17.67032285293837, "params": {"gamma": 174.49785833658024, "log10_alpha": 0.918117603392858, "log10_colsample_bytree": -0.7881609545603429, "log10_eta": -3.4281947731638107, "log10_lambda": -2.7602510486928926, "log10_min_child_weight": 0.4135617564210631, "log10_subsample": -0.6096189239095178, "max_depth": 5.0}, "datetime": {"datetime": "2024-01-18 16:44:58", "elapsed": 1443.593845, "delta": 1091.444538}}
{"target": -17.67510659701343, "params": {"gamma": 173.90337976389137, "log10_alpha": 0.08404321954999094, "log10_colsample_bytree": -0.5817257801045982, "log10_eta": -3.9337887361109702, "log10_lambda": -2.50441924280336, "log10_min_child_weight": 1.0317265430840323, "log10_subsample": -0.07704739603222654, "max_depth": 2.0}, "datetime": {"datetime": "2024-01-18 17:05:36", "elapsed": 2681.761663, "delta": 1238.167818}}
{"target": -17.673175667917075, "params": {"gamma": 172.41060890986088, "log10_alpha": 0.847612462678768, "log10_colsample_bytree": -0.3005079789086935, "log10_eta": -3.5834053446099765, "log10_lambda": -1.7708273405053063, "log10_min_child_weight": 0.1560916963715836, "log10_subsample": -0.3318041546623849, "max_depth": 6.0}, "datetime": {"datetime": "2024-01-18 17:19:45", "elapsed": 3530.973504, "delta": 849.211841}}
{"target": -17.673523643897763, "params": {"gamma": 175.9990822116391, "log10_alpha": -0.0666200111689017, "log10_colsample_bytree": -0.20160428947581466, "log10_eta": -3.577057862403926, "log10_lambda": -2.058999268073386, "log10_min_child_weight": 0.15620511412962224, "log10_subsample": -0.4600395670421614, "max_depth": 6.0}, "datetime": {"datetime": "2024-01-18 17:33:24", "elapsed": 4349.64557, "delta": 818.672066}}
{"target": -17.66766292569581, "params": {"gamma": 173.8808303443467, "log10_alpha": 0.3419637869574288, "log10_colsample_bytree": -0.8692833242334516, "log10_eta": -2.942301560869859, "log10_lambda": -3.3291794581352647, "log10_min_child_weight": 0.19137377956952806, "log10_subsample": -0.5764382076399261, "max_depth": 3.0}, "datetime": {"datetime": "2024-01-18 17:46:29", "elapsed": 5134.99931, "delta": 785.35374}}
{"target": -17.671373825118593, "params": {"gamma": 112.95690661385535, "log10_alpha": -3.2066659542657505, "log10_colsample_bytree": -0.5083311419505849, "log10_eta": -2.3368352224900937, "log10_lambda": -1.193987362328289, "log10_min_child_weight": 2.0481325006124766, "log10_subsample": -0.27099035970220253, "max_depth": 2.0}, "datetime": {"datetime": "2024-01-18 17:50:12", "elapsed": 5357.609244, "delta": 222.609934}}
{"target": -17.906406525450343, "params": {"gamma": 29.09501474127174, "log10_alpha": -3.088336511830909, "log10_colsample_bytree": -0.3364695378781094, "log10_eta": -0.019466940557011814, "log10_lambda": -2.366123841547407, "log10_min_child_weight": 2.696113671350373, "log10_subsample": -0.27018978408803396, "max_depth": 6.0}, "datetime": {"datetime": "2024-01-18 17:51:28", "elapsed": 5433.575907, "delta": 75.966663}}
{"target": -17.67579252941583, "params": {"gamma": 200.0, "log10_alpha": -5.0, "log10_colsample_bytree": -1.0, "log10_eta": -4.0, "log10_lambda": -5.0, "log10_min_child_weight": 0.0, "log10_subsample": -1.0, "max_depth": 10.0}, "datetime": {"datetime": "2024-01-18 18:16:06", "elapsed": 6911.72671, "delta": 1478.150803}}
{"target": -18.49773983592864, "params": {"gamma": 130.02905641322474, "log10_alpha": -5.0, "log10_colsample_bytree": -1.0, "log10_eta": 0.0, "log10_lambda": -5.0, "log10_min_child_weight": 0.0, "log10_subsample": -1.0, "max_depth": 10.0}, "datetime": {"datetime": "2024-01-18 18:17:33", "elapsed": 6998.485556, "delta": 86.758846}}
{"target": -17.677137949947813, "params": {"gamma": 77.1142490790362, "log10_alpha": 1.0, "log10_colsample_bytree": 0.0, "log10_eta": -4.0, "log10_lambda": 1.0, "log10_min_child_weight": 5.0, "log10_subsample": 0.0, "max_depth": 2.0}, "datetime": {"datetime": "2024-01-18 18:21:18", "elapsed": 7223.882272, "delta": 225.396716}}
{"target": -17.677232961919334, "params": {"gamma": 0.0, "log10_alpha": 1.0, "log10_colsample_bytree": -1.0, "log10_eta": -4.0, "log10_lambda": 1.0, "log10_min_child_weight": 5.0, "log10_subsample": -1.0, "max_depth": 2.0}, "datetime": {"datetime": "2024-01-18 18:22:32", "elapsed": 7297.759611, "delta": 73.877339}}
{"target": -17.675910157778056, "params": {"gamma": 60.55525968751277, "log10_alpha": -5.0, "log10_colsample_bytree": -1.0, "log10_eta": -4.0, "log10_lambda": -5.0, "log10_min_child_weight": 0.0, "log10_subsample": -1.0, "max_depth": 10.0}, "datetime": {"datetime": "2024-01-18 18:46:22", "elapsed": 8727.692444, "delta": 1429.932833}}
{"target": -17.67588675222831, "params": {"gamma": 86.80926347898347, "log10_alpha": 1.0, "log10_colsample_bytree": -1.0, "log10_eta": -4.0, "log10_lambda": -5.0, "log10_min_child_weight": 0.0, "log10_subsample": -1.0, "max_depth": 10.0}, "datetime": {"datetime": "2024-01-18 19:09:43", "elapsed": 10129.043596, "delta": 1401.351152}}
{"target": -17.677137949947813, "params": {"gamma": 99.31686887906558, "log10_alpha": 1.0, "log10_colsample_bytree": 0.0, "log10_eta": -4.0, "log10_lambda": 1.0, "log10_min_child_weight": 5.0, "log10_subsample": 0.0, "max_depth": 2.0}, "datetime": {"datetime": "2024-01-18 19:13:27", "elapsed": 10353.2939, "delta": 224.250304}}
{"target": -17.685666421640498, "params": {"gamma": 200.0, "log10_alpha": 1.0, "log10_colsample_bytree": 0.0, "log10_eta": 0.0, "log10_lambda": 1.0, "log10_min_child_weight": 5.0, "log10_subsample": 0.0, "max_depth": 2.0}, "datetime": {"datetime": "2024-01-18 19:14:39", "elapsed": 10424.817677, "delta": 71.523777}}
{"target": -17.677122444684283, "params": {"gamma": 159.58256890671538, "log10_alpha": -5.0, "log10_colsample_bytree": 0.0, "log10_eta": 0.0, "log10_lambda": -5.0, "log10_min_child_weight": 5.0, "log10_subsample": -1.0, "max_depth": 2.0}, "datetime": {"datetime": "2024-01-18 19:15:53", "elapsed": 10498.469291, "delta": 73.651614}}
{"target": -17.67248657362907, "params": {"gamma": 52.63747450167444, "log10_alpha": 0.17513439455327706, "log10_colsample_bytree": -0.8525746177381989, "log10_eta": -0.9068981393495537, "log10_lambda": 0.6289726839924006, "log10_min_child_weight": 3.4786221506252173, "log10_subsample": -0.557744781180865, "max_depth": 2.0}, "datetime": {"datetime": "2024-01-18 19:17:14", "elapsed": 10580.023191, "delta": 81.5539}}
{"target": -18.499609344194443, "params": {"gamma": 0.0, "log10_alpha": -5.0, "log10_colsample_bytree": -1.0, "log10_eta": 0.0, "log10_lambda": -5.0, "log10_min_child_weight": 0.0, "log10_subsample": -1.0, "max_depth": 10.0}, "datetime": {"datetime": "2024-01-18 19:18:43", "elapsed": 10669.169441, "delta": 89.14625}}
{"target": -17.705937062270728, "params": {"gamma": 87.22922474338576, "log10_alpha": -5.0, "log10_colsample_bytree": -1.0, "log10_eta": 0.0, "log10_lambda": 1.0, "log10_min_child_weight": 0.0, "log10_subsample": -1.0, "max_depth": 2.0}, "datetime": {"datetime": "2024-01-18 19:19:56", "elapsed": 10741.998243, "delta": 72.828802}}
{"target": -17.696202645827498, "params": {"gamma": 70.97501652409997, "log10_alpha": -5.0, "log10_colsample_bytree": -1.0, "log10_eta": 0.0, "log10_lambda": 1.0, "log10_min_child_weight": 5.0, "log10_subsample": 0.0, "max_depth": 10.0}, "datetime": {"datetime": "2024-01-18 19:21:15", "elapsed": 10821.314093, "delta": 79.31585}}
{"target": -17.67688858543395, "params": {"gamma": 187.8284263585116, "log10_alpha": -5.0, "log10_colsample_bytree": -1.0, "log10_eta": -4.0, "log10_lambda": -5.0, "log10_min_child_weight": 5.0, "log10_subsample": 0.0, "max_depth": 10.0}, "datetime": {"datetime": "2024-01-18 19:40:56", "elapsed": 12001.58979, "delta": 1180.275697}}
{"target": -17.73121884446942, "params": {"gamma": 66.76787425979467, "log10_alpha": 1.0, "log10_colsample_bytree": 0.0, "log10_eta": 0.0, "log10_lambda": -5.0, "log10_min_child_weight": 0.0, "log10_subsample": 0.0, "max_depth": 2.0}, "datetime": {"datetime": "2024-01-18 19:42:07", "elapsed": 12073.353485, "delta": 71.763695}}
{"target": -17.675656738482957, "params": {"gamma": 160.18707907178958, "log10_alpha": -5.0, "log10_colsample_bytree": -1.0, "log10_eta": -4.0, "log10_lambda": -5.0, "log10_min_child_weight": 0.0, "log10_subsample": -1.0, "max_depth": 10.0}, "datetime": {"datetime": "2024-01-18 20:09:09", "elapsed": 13694.453367, "delta": 1621.099882}}
{"target": -17.67616006715147, "params": {"gamma": 46.548862775801375, "log10_alpha": 1.0, "log10_colsample_bytree": 0.0, "log10_eta": -4.0, "log10_lambda": -5.0, "log10_min_child_weight": 5.0, "log10_subsample": 0.0, "max_depth": 10.0}, "datetime": {"datetime": "2024-01-18 20:40:16", "elapsed": 15561.911131, "delta": 1867.457764}}
{"target": -17.705781955025934, "params": {"gamma": 156.9065623226035, "log10_alpha": 1.0, "log10_colsample_bytree": -1.0, "log10_eta": 0.0, "log10_lambda": 1.0, "log10_min_child_weight": 0.0, "log10_subsample": -1.0, "max_depth": 2.0}, "datetime": {"datetime": "2024-01-18 20:41:29", "elapsed": 15634.527597, "delta": 72.616466}}
{"target": -17.715929354424624, "params": {"gamma": 190.84202065953062, "log10_alpha": 1.0, "log10_colsample_bytree": -1.0, "log10_eta": 0.0, "log10_lambda": -5.0, "log10_min_child_weight": 0.0, "log10_subsample": -1.0, "max_depth": 2.0}, "datetime": {"datetime": "2024-01-18 20:42:40", "elapsed": 15706.35391, "delta": 71.826313}}
{"target": -18.112378176232106, "params": {"gamma": 48.23299253662127, "log10_alpha": -5.0, "log10_colsample_bytree": -1.0, "log10_eta": 0.0, "log10_lambda": 1.0, "log10_min_child_weight": 0.0, "log10_subsample": 0.0, "max_depth": 10.0}, "datetime": {"datetime": "2024-01-18 20:44:26", "elapsed": 15811.584412, "delta": 105.230502}}
{"target": -17.677232961919334, "params": {"gamma": 45.116994193742656, "log10_alpha": 1.0, "log10_colsample_bytree": 0.0, "log10_eta": -4.0, "log10_lambda": -5.0, "log10_min_child_weight": 5.0, "log10_subsample": -1.0, "max_depth": 2.0}, "datetime": {"datetime": "2024-01-18 20:45:39", "elapsed": 15885.358839, "delta": 73.774427}}
{"target": -17.677138001334356, "params": {"gamma": 57.7809258711946, "log10_alpha": 1.0, "log10_colsample_bytree": 0.0, "log10_eta": -4.0, "log10_lambda": -5.0, "log10_min_child_weight": 5.0, "log10_subsample": 0.0, "max_depth": 2.0}, "datetime": {"datetime": "2024-01-18 20:49:23", "elapsed": 16108.449339, "delta": 223.0905}}
{"target": -17.677232944138982, "params": {"gamma": 79.19061689459872, "log10_alpha": -5.0, "log10_colsample_bytree": 0.0, "log10_eta": -4.0, "log10_lambda": -5.0, "log10_min_child_weight": 5.0, "log10_subsample": -1.0, "max_depth": 10.0}, "datetime": {"datetime": "2024-01-18 20:50:45", "elapsed": 16190.958378, "delta": 82.509039}}
{"target": -17.676160570723482, "params": {"gamma": 159.91887092033699, "log10_alpha": 1.0, "log10_colsample_bytree": 0.0, "log10_eta": -4.0, "log10_lambda": 1.0, "log10_min_child_weight": 5.0, "log10_subsample": 0.0, "max_depth": 10.0}, "datetime": {"datetime": "2024-01-18 21:21:49", "elapsed": 18055.222793, "delta": 1864.264415}}
{"target": -17.6762513807035, "params": {"gamma": 107.43526431556691, "log10_alpha": 0.8984016990220125, "log10_colsample_bytree": -0.6515116927382525, "log10_eta": -2.2415683577758596, "log10_lambda": 0.8726238924908492, "log10_min_child_weight": 4.192637776876632, "log10_subsample": -0.5995767163324115, "max_depth": 9.0}, "datetime": {"datetime": "2024-01-18 21:24:05", "elapsed": 18190.734154, "delta": 135.511361}}
{"target": -17.677218557999076, "params": {"gamma": 192.37410080855935, "log10_alpha": 1.0, "log10_colsample_bytree": 0.0, "log10_eta": -4.0, "log10_lambda": 1.0, "log10_min_child_weight": 0.0, "log10_subsample": 0.0, "max_depth": 10.0}, "datetime": {"datetime": "2024-01-18 21:29:39", "elapsed": 18524.708366, "delta": 333.974212}}
{"target": -17.67723294414683, "params": {"gamma": 93.06000465555452, "log10_alpha": -5.0, "log10_colsample_bytree": 0.0, "log10_eta": -4.0, "log10_lambda": 1.0, "log10_min_child_weight": 5.0, "log10_subsample": -1.0, "max_depth": 10.0}, "datetime": {"datetime": "2024-01-18 21:31:02", "elapsed": 18607.779447, "delta": 83.071081}}
{"target": -17.677204074274464, "params": {"gamma": 190.28591427662363, "log10_alpha": -5.0, "log10_colsample_bytree": -1.0, "log10_eta": -4.0, "log10_lambda": 1.0, "log10_min_child_weight": 5.0, "log10_subsample": 0.0, "max_depth": 2.0}, "datetime": {"datetime": "2024-01-18 21:33:48", "elapsed": 18773.973818, "delta": 166.194371}}
{"target": -17.677137949947813, "params": {"gamma": 13.86623697412362, "log10_alpha": 1.0, "log10_colsample_bytree": 0.0, "log10_eta": -4.0, "log10_lambda": 1.0, "log10_min_child_weight": 5.0, "log10_subsample": 0.0, "max_depth": 2.0}, "datetime": {"datetime": "2024-01-18 21:37:34", "elapsed": 18999.517126, "delta": 225.543308}}
