{"target": -0.0011233692844536403, "params": {"gamma": 54.88135039273247, "log10_alpha": -0.7088638017654834, "log10_colsample_bytree": -0.3972366239283561, "log10_eta": -2.3653504510093093, "log10_lambda": -2.458071203966572, "log10_min_child_weight": 3.2294705653332807, "log10_subsample": -0.5624127887373075, "max_depth": 9.0}, "datetime": {"datetime": "2024-01-18 09:33:45", "elapsed": 0.0, "delta": 0.0}}
{"target": -0.0006779698099174114, "params": {"gamma": 82.89828680176875, "log10_alpha": -3.341213859493285, "log10_colsample_bytree": -0.11030946156904309, "log10_eta": -3.148043802907474, "log10_lambda": 0.8696290528577046, "log10_min_child_weight": 0.15144495209802822, "log10_subsample": -0.9336903982958807, "max_depth": 8.0}, "datetime": {"datetime": "2024-01-18 09:40:30", "elapsed": 404.665036, "delta": 404.665036}}
{"target": -0.001207212421918985, "params": {"gamma": 83.82743171742037, "log10_alpha": -3.1449203002682493, "log10_colsample_bytree": -0.9403355043070011, "log10_eta": -3.825364797704292, "log10_lambda": 0.7403492351907754, "log10_min_child_weight": 0.9328636924304506, "log10_subsample": -0.7172640226844682, "max_depth": 7.0}, "datetime": {"datetime": "2024-01-18 09:44:27", "elapsed": 642.053274, "delta": 237.388238}}
{"target": -0.0010622448038754562, "params": {"gamma": 36.430642886490006, "log10_alpha": -1.8921664468269892, "log10_colsample_bytree": -0.3670145726591363, "log10_eta": -2.3800010846619375, "log10_lambda": 0.5811890867742955, "log10_min_child_weight": 3.813425028899184, "log10_subsample": -0.6657276523308633, "max_depth": 4.0}, "datetime": {"datetime": "2024-01-18 09:46:27", "elapsed": 762.105476, "delta": 120.052202}}
{"target": -0.0013684724754852162, "params": {"gamma": 60.593391002618844, "log10_alpha": -2.9731505398097093, "log10_colsample_bytree": -0.26814574982121364, "log10_eta": -1.0114986945371904, "log10_lambda": -3.077424830182618, "log10_min_child_weight": 3.2035073946445403, "log10_subsample": -0.752768710342544, "max_depth": 5.0}, "datetime": {"datetime": "2024-01-18 09:47:40", "elapsed": 834.417573, "delta": 72.312097}}
{"target": -0.0012352100992129855, "params": {"gamma": 58.771507354014965, "log10_alpha": -4.210090996720359, "log10_colsample_bytree": -0.8598625769445734, "log10_eta": -3.7970149696636173, "log10_lambda": 0.8513291412635322, "log10_min_child_weight": 4.044561373960319, "log10_subsample": -0.3911874130942161, "max_depth": 3.0}, "datetime": {"datetime": "2024-01-18 09:51:57", "elapsed": 1091.59823, "delta": 257.180657}}
{"target": -0.00037033625833639283, "params": {"gamma": 86.12737484097896, "log10_alpha": -2.389334449331101, "log10_colsample_bytree": -0.6014293492698648, "log10_eta": -2.2625424168946546, "log10_lambda": -1.397214697726544, "log10_min_child_weight": 1.9637994851163287, "log10_subsample": -0.649866533252191, "max_depth": 9.0}, "datetime": {"datetime": "2024-01-18 09:54:24", "elapsed": 1238.859957, "delta": 147.261727}}
{"target": -0.000718677787174854, "params": {"gamma": 58.597108259044795, "log10_alpha": 0.5844927257664541, "log10_colsample_bytree": -0.477553064194269, "log10_eta": -3.088452698570963, "log10_lambda": 0.3101129938047329, "log10_min_child_weight": 0.9854595285010953, "log10_subsample": -0.3173725341722039, "max_depth": 5.0}, "datetime": {"datetime": "2024-01-18 09:58:43", "elapsed": 1498.109314, "delta": 259.249357}}
{"target": -0.00023111500366604365, "params": {"gamma": 78.99303067963473, "log10_alpha": -4.9565132022724026, "log10_colsample_bytree": -0.7209721303367826, "log10_eta": -2.1963173978715282, "log10_lambda": -3.82136511056335, "log10_min_child_weight": 1.4634245076025802, "log10_subsample": -0.29540619864078477, "max_depth": 9.0}, "datetime": {"datetime": "2024-01-18 10:01:38", "elapsed": 1673.060653, "delta": 174.951339}}
{"target": -0.0010138689666824574, "params": {"gamma": 31.083008401466962, "log10_alpha": 0.04150206678139057, "log10_colsample_bytree": -0.08762700838122339, "log10_eta": -1.3413665324702304, "log10_lambda": -1.4182777275999232, "log10_min_child_weight": 3.116863781486092, "log10_subsample": -0.5515837785936596, "max_depth": 8.0}, "datetime": {"datetime": "2024-01-18 10:02:56", "elapsed": 1751.313954, "delta": 78.253301}}
{"target": -0.000763477822280742, "params": {"gamma": 93.38661799260174, "log10_alpha": -3.5468009316642193, "log10_colsample_bytree": -0.6579384910320293, "log10_eta": -1.949567664848872, "log10_lambda": -3.101015940688659, "log10_min_child_weight": 4.184851090403198, "log10_subsample": -0.7787752723828307, "max_depth": 4.0}, "datetime": {"datetime": "2024-01-18 10:05:36", "elapsed": 1910.977052, "delta": 159.663098}}
{"target": -0.000944666637184427, "params": {"gamma": 38.96790724486604, "log10_alpha": -4.170293140617882, "log10_colsample_bytree": -0.9748925494140906, "log10_eta": -2.2645567724657996, "log10_lambda": -0.6025100482458461, "log10_min_child_weight": 3.3558829029361696, "log10_subsample": -0.6496711324608972, "max_depth": 9.0}, "datetime": {"datetime": "2024-01-18 10:08:13", "elapsed": 2068.27758, "delta": 157.300528}}
{"target": -0.0010383765885595975, "params": {"gamma": 94.70634124083038, "log10_alpha": -0.7766184793053332, "log10_colsample_bytree": -0.620561251951083, "log10_eta": -2.750063992251998, "log10_lambda": -1.8861863377933066, "log10_min_child_weight": 2.191833157261562, "log10_subsample": -0.7603013847717639, "max_depth": 5.0}, "datetime": {"datetime": "2024-01-18 10:10:15", "elapsed": 2189.449273, "delta": 121.171693}}
{"target": -0.0012149030486180712, "params": {"gamma": 52.91894379153229, "log10_alpha": -1.5111660999783343, "log10_colsample_bytree": -0.6790938319835595, "log10_eta": -3.5216512815419967, "log10_lambda": -3.6588568712710363, "log10_min_child_weight": 2.2849501992977967, "log10_subsample": -0.2241473733206787, "max_depth": 3.0}, "datetime": {"datetime": "2024-01-18 10:12:40", "elapsed": 2335.036149, "delta": 145.586876}}
{"target": -0.0006983260958841608, "params": {"gamma": 83.00663118403006, "log10_alpha": -2.999325999384525, "log10_colsample_bytree": -0.3683058405962497, "log10_eta": -3.204707148576321, "log10_lambda": 0.6254393677711079, "log10_min_child_weight": 0.07113334663961968, "log10_subsample": -0.4556758319529878, "max_depth": 8.0}, "datetime": {"datetime": "2024-01-18 10:19:33", "elapsed": 2747.449011, "delta": 412.412862}}
{"target": -0.0010403003184450976, "params": {"gamma": 78.67404832322885, "log10_alpha": -4.575061953539813, "log10_colsample_bytree": -0.9530078105066304, "log10_eta": -2.9544522833167908, "log10_lambda": -3.8251484686385178, "log10_min_child_weight": 0.3347429289353371, "log10_subsample": -0.3072800180313715, "max_depth": 9.0}, "datetime": {"datetime": "2024-01-18 10:23:26", "elapsed": 2980.816745, "delta": 233.367734}}
{"target": -0.0007185327881059911, "params": {"gamma": 79.29603086017953, "log10_alpha": -4.945440750261757, "log10_colsample_bytree": -0.48939656347023497, "log10_eta": -2.745114343550394, "log10_lambda": -3.95843375386304, "log10_min_child_weight": 1.5170125908927319, "log10_subsample": -0.48098902281291145, "max_depth": 8.0}, "datetime": {"datetime": "2024-01-18 10:26:32", "elapsed": 3167.13467, "delta": 186.317925}}
{"target": -0.000742070014223245, "params": {"gamma": 86.7300074122218, "log10_alpha": -2.671974055899395, "log10_colsample_bytree": -0.6993833893274227, "log10_eta": -2.6016116768562214, "log10_lambda": -1.962664105290986, "log10_min_child_weight": 1.8733726653947025, "log10_subsample": -0.6745227567262256, "max_depth": 7.0}, "datetime": {"datetime": "2024-01-18 10:29:09", "elapsed": 3323.483009, "delta": 156.348339}}
{"target": -0.0006391308171196514, "params": {"gamma": 86.88528380748957, "log10_alpha": -3.039512878194671, "log10_colsample_bytree": -0.9488448488118348, "log10_eta": -2.051129999384385, "log10_lambda": -1.6070650013756373, "log10_min_child_weight": 1.5823594537145418, "log10_subsample": -0.8336834158387926, "max_depth": 9.0}, "datetime": {"datetime": "2024-01-18 10:31:14", "elapsed": 3448.702841, "delta": 125.219832}}
{"target": -6.166963358801569e-05, "params": {"gamma": 79.23239064543839, "log10_alpha": -4.753668746075597, "log10_colsample_bytree": -0.4520959227647673, "log10_eta": -1.759993999321245, "log10_lambda": -3.100747427684803, "log10_min_child_weight": 1.434581142055531, "log10_subsample": -0.5563887776420601, "max_depth": 9.0}, "datetime": {"datetime": "2024-01-18 10:33:15", "elapsed": 3569.775798, "delta": 121.072957}}
{"target": -0.00023935543852830754, "params": {"gamma": 79.62381957737871, "log10_alpha": -3.423828091796562, "log10_colsample_bytree": -0.09688907542170844, "log10_eta": -1.4644531682216542, "log10_lambda": -3.18264457620391, "log10_min_child_weight": 1.0533321365275534, "log10_subsample": -0.6157224361936172, "max_depth": 8.0}, "datetime": {"datetime": "2024-01-18 10:34:57", "elapsed": 3672.259758, "delta": 102.48396}}
{"target": 0.0003825038878873116, "params": {"gamma": 80.57284561194402, "log10_alpha": -3.5702267701086736, "log10_colsample_bytree": -0.2068050501722134, "log10_eta": -1.9585977443615676, "log10_lambda": -2.810069320064364, "log10_min_child_weight": 1.3496167126799845, "log10_subsample": -0.770656623751062, "max_depth": 9.0}, "datetime": {"datetime": "2024-01-18 10:37:24", "elapsed": 3818.956415, "delta": 146.696657}}
{"target": -3.575790529132539e-05, "params": {"gamma": 80.63631158611274, "log10_alpha": -2.724044174090441, "log10_colsample_bytree": -0.35748070421683953, "log10_eta": -1.422295656441329, "log10_lambda": -3.3029658826289348, "log10_min_child_weight": 1.6763970145461022, "log10_subsample": -0.4945525540909498, "max_depth": 9.0}, "datetime": {"datetime": "2024-01-18 10:39:00", "elapsed": 3914.340893, "delta": 95.384478}}
{"target": -0.0007264983518268792, "params": {"gamma": 81.42430825458773, "log10_alpha": -3.9886852313180006, "log10_colsample_bytree": -0.21248743207841014, "log10_eta": -1.1463111424285954, "log10_lambda": -1.87072845921096, "log10_min_child_weight": 0.2657645150915977, "log10_subsample": -0.11757229054591434, "max_depth": 9.0}, "datetime": {"datetime": "2024-01-18 10:40:46", "elapsed": 4021.02321, "delta": 106.682317}}
{"target": -0.00010725132134187243, "params": {"gamma": 80.81480275056788, "log10_alpha": -3.8413352785225134, "log10_colsample_bytree": -0.9027075660289834, "log10_eta": -2.2120284646940784, "log10_lambda": -3.6515575092039683, "log10_min_child_weight": 2.0931806398070933, "log10_subsample": -0.060509778175109386, "max_depth": 8.0}, "datetime": {"datetime": "2024-01-18 10:43:41", "elapsed": 4195.583744, "delta": 174.560534}}
{"target": -0.000114764154711261, "params": {"gamma": 81.05009494833176, "log10_alpha": -4.949305559400071, "log10_colsample_bytree": -0.8313936348859257, "log10_eta": -1.8671008700420466, "log10_lambda": -4.200547884366488, "log10_min_child_weight": 1.8689388285966069, "log10_subsample": -0.12065982006307374, "max_depth": 9.0}, "datetime": {"datetime": "2024-01-18 10:45:46", "elapsed": 4320.614537, "delta": 125.030793}}
{"target": -0.0010443705196908903, "params": {"gamma": 79.83843427632712, "log10_alpha": -3.0441059806765076, "log10_colsample_bytree": -0.1784027772541551, "log10_eta": -1.4839918038517714, "log10_lambda": -2.553878068389661, "log10_min_child_weight": 2.5015110627597363, "log10_subsample": -0.9627216854513296, "max_depth": 9.0}, "datetime": {"datetime": "2024-01-18 10:47:07", "elapsed": 4401.528966, "delta": 80.914429}}
{"target": -0.0004174820341875385, "params": {"gamma": 81.6471820999256, "log10_alpha": -4.078298905051035, "log10_colsample_bytree": -0.45486694902794444, "log10_eta": -1.693916465904127, "log10_lambda": -3.565995657363099, "log10_min_child_weight": 0.6766900363354489, "log10_subsample": -0.47220316228997683, "max_depth": 9.0}, "datetime": {"datetime": "2024-01-18 10:49:04", "elapsed": 4519.080136, "delta": 117.55117}}
{"target": -0.0007945598822924338, "params": {"gamma": 81.31673747156918, "log10_alpha": -3.900284699873051, "log10_colsample_bytree": -0.8203184907536156, "log10_eta": -1.9291529504034068, "log10_lambda": -3.8966563812690476, "log10_min_child_weight": 2.5912866713465874, "log10_subsample": -0.5308353969655024, "max_depth": 8.0}, "datetime": {"datetime": "2024-01-18 10:50:39", "elapsed": 4614.190856, "delta": 95.11072}}
{"target": -0.0009201274348534516, "params": {"gamma": 80.5788170435472, "log10_alpha": -4.17236908372557, "log10_colsample_bytree": -0.5821936976754749, "log10_eta": -3.3282053900143413, "log10_lambda": -2.3925419114369704, "log10_min_child_weight": 1.438140263606974, "log10_subsample": -0.49493419517155235, "max_depth": 7.0}, "datetime": {"datetime": "2024-01-18 10:55:22", "elapsed": 4896.650936, "delta": 282.46008}}
{"target": -0.0003028978107447039, "params": {"gamma": 80.2088839444618, "log10_alpha": -2.788915256529977, "log10_colsample_bytree": -0.7385275007122624, "log10_eta": -2.0151121333030746, "log10_lambda": -4.634386454411461, "log10_min_child_weight": 0.4685612055097227, "log10_subsample": -0.59493318582797, "max_depth": 9.0}, "datetime": {"datetime": "2024-01-18 10:57:53", "elapsed": 5047.697696, "delta": 151.04676}}
{"target": 0.0003890022681455746, "params": {"gamma": 80.95672757312889, "log10_alpha": -2.921464639791948, "log10_colsample_bytree": -0.42580423666739387, "log10_eta": -2.036174580377444, "log10_lambda": -3.7398886164612914, "log10_min_child_weight": 2.048662217920362, "log10_subsample": -0.32112942328248195, "max_depth": 9.0}, "datetime": {"datetime": "2024-01-18 11:00:15", "elapsed": 5189.37418, "delta": 141.676484}}
{"target": -0.0002349305055429074, "params": {"gamma": 79.8852555139778, "log10_alpha": -3.630817666523291, "log10_colsample_bytree": -0.4641208852387083, "log10_eta": -1.7046378205427941, "log10_lambda": -4.479960459693137, "log10_min_child_weight": 1.3174885989615037, "log10_subsample": -0.45439227783802316, "max_depth": 8.0}, "datetime": {"datetime": "2024-01-18 11:01:57", "elapsed": 5291.584238, "delta": 102.210058}}
{"target": 0.00038390346884364934, "params": {"gamma": 81.9532053893128, "log10_alpha": -3.0633367849194775, "log10_colsample_bytree": -0.5362964418602205, "log10_eta": -1.6864408749091586, "log10_lambda": -2.887106016728325, "log10_min_child_weight": 1.2907467374460602, "log10_subsample": -0.527508005711379, "max_depth": 8.0}, "datetime": {"datetime": "2024-01-18 11:03:56", "elapsed": 5410.558149, "delta": 118.973911}}
{"target": -0.0007295509915841991, "params": {"gamma": 81.85419543336134, "log10_alpha": -3.3032015181911207, "log10_colsample_bytree": -0.9027531250526527, "log10_eta": -2.369188500671804, "log10_lambda": -3.162478550847892, "log10_min_child_weight": 2.550600854213549, "log10_subsample": -0.05660081125067984, "max_depth": 9.0}, "datetime": {"datetime": "2024-01-18 11:06:14", "elapsed": 5549.163148, "delta": 138.604999}}
{"target": -0.000145201280658952, "params": {"gamma": 82.31504265338997, "log10_alpha": -2.616063982323971, "log10_colsample_bytree": -0.017739992283627104, "log10_eta": -1.9386266484238464, "log10_lambda": -3.634097948937814, "log10_min_child_weight": 0.7321528600185179, "log10_subsample": -0.17936006911002655, "max_depth": 7.0}, "datetime": {"datetime": "2024-01-18 11:08:11", "elapsed": 5665.762937, "delta": 116.599789}}
{"target": 5.42304084283074e-05, "params": {"gamma": 81.93566303435999, "log10_alpha": -3.1379363767852997, "log10_colsample_bytree": -0.37258212332498664, "log10_eta": -1.924468595211175, "log10_lambda": -3.6912064024267983, "log10_min_child_weight": 1.3107303557111178, "log10_subsample": -0.5842101336479925, "max_depth": 7.0}, "datetime": {"datetime": "2024-01-18 11:10:02", "elapsed": 5777.007164, "delta": 111.244227}}
{"target": 3.372210736166115e-05, "params": {"gamma": 80.92431155361028, "log10_alpha": -2.991326805915193, "log10_colsample_bytree": -0.3520459676242065, "log10_eta": -2.540488380926768, "log10_lambda": -4.181354225422932, "log10_min_child_weight": 1.629022676421215, "log10_subsample": -0.8378204800450216, "max_depth": 8.0}, "datetime": {"datetime": "2024-01-18 11:13:35", "elapsed": 5989.757995, "delta": 212.750831}}
{"target": 0.0003635456668627801, "params": {"gamma": 81.35528766303491, "log10_alpha": -2.636125835737608, "log10_colsample_bytree": -0.5299312024694398, "log10_eta": -1.7358472598761372, "log10_lambda": -3.840981360675973, "log10_min_child_weight": 1.0116211404518745, "log10_subsample": -0.4756377463429914, "max_depth": 8.0}, "datetime": {"datetime": "2024-01-18 11:15:38", "elapsed": 6112.969518, "delta": 123.211523}}
{"target": 0.0004581860304074675, "params": {"gamma": 81.87491282376335, "log10_alpha": -2.4788495932806067, "log10_colsample_bytree": -0.24706696535937378, "log10_eta": -1.9665499152844022, "log10_lambda": -3.8086365935679365, "log10_min_child_weight": 1.7122011178916674, "log10_subsample": -0.4121339447215404, "max_depth": 9.0}, "datetime": {"datetime": "2024-01-18 11:18:08", "elapsed": 6263.093833, "delta": 150.124315}}
{"target": -3.532657371944914e-05, "params": {"gamma": 83.0417603642577, "log10_alpha": -2.376157396822963, "log10_colsample_bytree": -0.15423943427084985, "log10_eta": -1.3727796449316023, "log10_lambda": -4.151214576297943, "log10_min_child_weight": 0.6577856211288313, "log10_subsample": -0.4749975135074529, "max_depth": 8.0}, "datetime": {"datetime": "2024-01-18 11:19:47", "elapsed": 6362.021671, "delta": 98.927838}}
{"target": -0.00012083647892789651, "params": {"gamma": 82.51777940832622, "log10_alpha": -1.4810802744878906, "log10_colsample_bytree": -0.7661993245295093, "log10_eta": -1.4973827533217134, "log10_lambda": -2.730799919740162, "log10_min_child_weight": 2.0056606271388726, "log10_subsample": -0.3258178496982719, "max_depth": 8.0}, "datetime": {"datetime": "2024-01-18 11:21:22", "elapsed": 6456.916051, "delta": 94.89438}}
{"target": 3.7030569588106244e-05, "params": {"gamma": 81.393672967549, "log10_alpha": -2.3993562662468095, "log10_colsample_bytree": -0.5836198638707731, "log10_eta": -2.6612131458416117, "log10_lambda": -2.7126739137545917, "log10_min_child_weight": 0.9647634464921762, "log10_subsample": -0.5746656179022966, "max_depth": 9.0}, "datetime": {"datetime": "2024-01-18 11:27:46", "elapsed": 6841.119117, "delta": 384.203066}}
{"target": -0.0005894305274981582, "params": {"gamma": 81.17690884823188, "log10_alpha": -2.936163080142629, "log10_colsample_bytree": 0.0, "log10_eta": -2.2530488097159362, "log10_lambda": -3.4559229393687327, "log10_min_child_weight": 1.3469289430676683, "log10_subsample": 0.0, "max_depth": 8.0}, "datetime": {"datetime": "2024-01-18 11:29:51", "elapsed": 6965.609072, "delta": 124.489955}}
{"target": -0.0003704132736761928, "params": {"gamma": 81.92127752093444, "log10_alpha": -2.2654958807279333, "log10_colsample_bytree": -0.730466155525238, "log10_eta": -2.3147638838757723, "log10_lambda": -4.002705894138648, "log10_min_child_weight": 1.518324933520705, "log10_subsample": -0.3010384531377608, "max_depth": 7.0}, "datetime": {"datetime": "2024-01-18 11:32:22", "elapsed": 7116.929486, "delta": 151.320414}}
{"target": 0.00012155319177821478, "params": {"gamma": 80.824539690616, "log10_alpha": -2.9755195131882513, "log10_colsample_bytree": -0.17314017658217773, "log10_eta": -2.1706560371636097, "log10_lambda": -4.806000778473004, "log10_min_child_weight": 1.4091055402502932, "log10_subsample": -0.8827805109006109, "max_depth": 9.0}, "datetime": {"datetime": "2024-01-18 11:35:01", "elapsed": 7275.397277, "delta": 158.467791}}
{"target": -0.000335837859571933, "params": {"gamma": 81.64196579857354, "log10_alpha": -2.6337760562095194, "log10_colsample_bytree": -0.8027571619134635, "log10_eta": -1.8319528780759697, "log10_lambda": -3.6108591198892754, "log10_min_child_weight": 1.3194259143310876, "log10_subsample": -1.0, "max_depth": 8.0}, "datetime": {"datetime": "2024-01-18 11:36:44", "elapsed": 7378.575276, "delta": 103.177999}}
{"target": -0.00022796187015708402, "params": {"gamma": 80.99296298970962, "log10_alpha": -3.3655417071972087, "log10_colsample_bytree": -0.02755010745298625, "log10_eta": -2.7269635477654566, "log10_lambda": -4.260465367546705, "log10_min_child_weight": 1.009939902056682, "log10_subsample": -0.901143255728265, "max_depth": 9.0}, "datetime": {"datetime": "2024-01-18 11:41:44", "elapsed": 7678.985639, "delta": 300.410363}}
{"target": 0.00027063286425088595, "params": {"gamma": 81.48759489248445, "log10_alpha": -2.0170969483317234, "log10_colsample_bytree": -0.33825486890856793, "log10_eta": -1.4044502086081287, "log10_lambda": -4.722404132165219, "log10_min_child_weight": 1.4266375127625723, "log10_subsample": -0.267985910032396, "max_depth": 8.0}, "datetime": {"datetime": "2024-01-18 11:43:18", "elapsed": 7772.835304, "delta": 93.849665}}
{"target": 5.419193650169074e-05, "params": {"gamma": 81.51740838917321, "log10_alpha": -2.9353481910467645, "log10_colsample_bytree": -0.7170781231887421, "log10_eta": -1.6206093688132386, "log10_lambda": -4.461486666191528, "log10_min_child_weight": 0.8378284802540553, "log10_subsample": -0.04612420368768744, "max_depth": 8.0}, "datetime": {"datetime": "2024-01-18 11:45:15", "elapsed": 7889.809069, "delta": 116.973765}}
{"target": 2.3286286305046477e-05, "params": {"gamma": 80.75459047086592, "log10_alpha": -3.872152474690102, "log10_colsample_bytree": -0.5110748013467064, "log10_eta": -2.0955486432983204, "log10_lambda": -3.4705059030399448, "log10_min_child_weight": 1.7848422437164664, "log10_subsample": -0.10198445580402948, "max_depth": 9.0}, "datetime": {"datetime": "2024-01-18 11:47:47", "elapsed": 8041.493422, "delta": 151.684353}}
