{"target": -13.75480637780598, "params": {"gamma": 172.94036919340024, "log10_alpha": -1.122998275304699, "log10_colsample_bytree": -0.9450473857355371, "log10_eta": -2.9203313764109655, "log10_lambda": -2.649465544402206, "log10_min_child_weight": 1.2506451700564085, "log10_subsample": -0.5371509617432115, "max_depth": 7.0}, "datetime": {"datetime": "2024-01-18 20:39:31", "elapsed": 15632.793646, "delta": 377.425903}}
{"target": -13.75808482128935, "params": {"gamma": 169.00968764980882, "log10_alpha": -1.2986961248556144, "log10_colsample_bytree": -0.9260294478983594, "log10_eta": -0.8104654495634729, "log10_lambda": -3.9931921749358184, "log10_min_child_weight": 3.357156891145538, "log10_subsample": -0.61412391294483, "max_depth": 9.0}, "datetime": {"datetime": "2024-01-18 20:40:51", "elapsed": 15713.608562, "delta": 80.814916}}
{"target": -13.75847265624569, "params": {"gamma": 167.46159472526787, "log10_alpha": -2.092352520345565, "log10_colsample_bytree": -0.018351975597958314, "log10_eta": -2.915752253141112, "log10_lambda": -1.3010536806369752, "log10_min_child_weight": 1.5399376200523518, "log10_subsample": -0.005238421543439231, "max_depth": 7.0}, "datetime": {"datetime": "2024-01-18 20:42:27", "elapsed": 15809.296597, "delta": 95.688035}}
{"target": -13.755295224305502, "params": {"gamma": 26.15437667197915, "log10_alpha": -1.5693223759435178, "log10_colsample_bytree": -0.36510396558923486, "log10_eta": -1.5565209645562348, "log10_lambda": 0.0748627383658853, "log10_min_child_weight": 1.6766870473736946, "log10_subsample": -0.7348849685462642, "max_depth": 7.0}, "datetime": {"datetime": "2024-01-18 20:43:52", "elapsed": 15894.295113, "delta": 84.998516}}
{"target": -13.757398834142613, "params": {"gamma": 114.2738750150569, "log10_alpha": 0.8625819922999973, "log10_colsample_bytree": -0.009013593026718891, "log10_eta": -2.735440282591369, "log10_lambda": -2.964824409230739, "log10_min_child_weight": 3.526297476733234, "log10_subsample": -0.4222134494121792, "max_depth": 5.0}, "datetime": {"datetime": "2024-01-18 20:47:05", "elapsed": 16086.85335, "delta": 192.558237}}
{"target": -13.882351512454056, "params": {"gamma": 192.07397447403727, "log10_alpha": 0.21596481494135134, "log10_colsample_bytree": -0.7034230497338573, "log10_eta": -0.1039126712884606, "log10_lambda": -4.862117999609827, "log10_min_child_weight": 1.8584264588034638, "log10_subsample": -0.5357897316935152, "max_depth": 7.0}, "datetime": {"datetime": "2024-01-18 20:48:24", "elapsed": 16166.128462, "delta": 79.275112}}
{"target": -13.758089850181333, "params": {"gamma": 197.72511311979648, "log10_alpha": -5.0, "log10_colsample_bytree": 0.0, "log10_eta": -4.0, "log10_lambda": 1.0, "log10_min_child_weight": 0.0, "log10_subsample": 0.0, "max_depth": 2.0}, "datetime": {"datetime": "2024-01-18 21:05:32", "elapsed": 17193.785584, "delta": 1027.657122}}
{"target": -13.758222164988014, "params": {"gamma": 10.136123818271901, "log10_alpha": -5.0, "log10_colsample_bytree": -1.0, "log10_eta": -3.1335271843441723, "log10_lambda": 1.0, "log10_min_child_weight": 5.0, "log10_subsample": -0.08464233706794283, "max_depth": 10.0}, "datetime": {"datetime": "2024-01-18 21:11:41", "elapsed": 17562.824123, "delta": 369.038539}}
{"target": -13.758622880494007, "params": {"gamma": 37.29695154942896, "log10_alpha": -1.1476024963759586, "log10_colsample_bytree": -0.41612568004532047, "log10_eta": -0.7171422775291503, "log10_lambda": -2.710658920149774, "log10_min_child_weight": 3.9998568240367103, "log10_subsample": -0.9398676425727428, "max_depth": 9.0}, "datetime": {"datetime": "2024-01-18 21:13:04", "elapsed": 17645.86907, "delta": 83.044947}}
{"target": -13.757831102146323, "params": {"gamma": 65.75653889315399, "log10_alpha": 1.0, "log10_colsample_bytree": -1.0, "log10_eta": -4.0, "log10_lambda": -5.0, "log10_min_child_weight": 0.0, "log10_subsample": 0.0, "max_depth": 2.0}, "datetime": {"datetime": "2024-01-18 21:33:44", "elapsed": 18886.617036, "delta": 1240.747966}}
{"target": -13.755848033001948, "params": {"gamma": 147.31125433407993, "log10_alpha": -2.8855212690865466, "log10_colsample_bytree": -0.3594432962142591, "log10_eta": -1.540499103030342, "log10_lambda": -4.0954363363599775, "log10_min_child_weight": 0.2859953129268422, "log10_subsample": -0.8966757716820326, "max_depth": 6.0}, "datetime": {"datetime": "2024-01-18 21:35:09", "elapsed": 18971.556452, "delta": 84.939416}}
{"target": -14.128628257275587, "params": {"gamma": 135.64057719922107, "log10_alpha": -0.12309647543676594, "log10_colsample_bytree": -0.9902335265939597, "log10_eta": -0.12332938043498612, "log10_lambda": -5.0, "log10_min_child_weight": 0.0, "log10_subsample": -1.0, "max_depth": 10.0}, "datetime": {"datetime": "2024-01-18 21:36:40", "elapsed": 19061.743029, "delta": 90.186577}}
