{"target": -0.0015945843346498734, "params": {"gamma": 54.88135039273247, "log10_eta": -1.8544319008827417, "max_depth": 7.0}, "datetime": {"datetime": "2024-01-18 15:02:55", "elapsed": 0.0, "delta": 0.0}}
{"target": 0.00023651092123816442, "params": {"gamma": 66.91687718951812, "log10_eta": -1.8689288738494225, "max_depth": 8.0}, "datetime": {"datetime": "2024-01-18 15:03:50", "elapsed": 54.552304, "delta": 54.552304}}
{"target": 0.012552273926558333, "params": {"gamma": 23.02888490684475, "log10_eta": -1.127447669206815, "max_depth": 5.0}, "datetime": {"datetime": "2024-01-18 15:03:58", "elapsed": 62.137763, "delta": 7.585459}}
{"target": 0.019349112977361582, "params": {"gamma": 7.594550314197635, "log10_eta": -1.5241178218806524, "max_depth": 3.0}, "datetime": {"datetime": "2024-01-18 15:04:09", "elapsed": 73.134945, "delta": 10.997182}}
{"target": -0.01189593134910838, "params": {"gamma": 0.0, "log10_eta": -4.0, "max_depth": 10.0}, "datetime": {"datetime": "2024-01-18 15:06:35", "elapsed": 219.071102, "delta": 145.936157}}
{"target": -0.010780455441150694, "params": {"gamma": 37.20470245787787, "log10_eta": -3.6535636816466317, "max_depth": 9.0}, "datetime": {"datetime": "2024-01-18 15:08:07", "elapsed": 311.130493, "delta": 92.059391}}
{"target": 0.01870318311850494, "params": {"gamma": 90.66328300167734, "log10_eta": -1.8771475170412244, "max_depth": 4.0}, "datetime": {"datetime": "2024-01-18 15:08:19", "elapsed": 323.579438, "delta": 12.448945}}
{"target": -0.005478671438402916, "params": {"gamma": 98.31463374715041, "log10_eta": -2.0696121326875074, "max_depth": 9.0}, "datetime": {"datetime": "2024-01-18 15:08:45", "elapsed": 349.416774, "delta": 25.837336}}
{"target": -0.010096461725845385, "params": {"gamma": 20.60403285033243, "log10_eta": -3.4568114557814265, "max_depth": 3.0}, "datetime": {"datetime": "2024-01-18 15:09:01", "elapsed": 365.496039, "delta": 16.079265}}
{"target": -0.010551873412683932, "params": {"gamma": 82.20509068383124, "log10_eta": -3.6377954391741834, "max_depth": 5.0}, "datetime": {"datetime": "2024-01-18 15:09:25", "elapsed": 389.35712, "delta": 23.861081}}
{"target": 0.02081724594023915, "params": {"gamma": 22.672682746610885, "log10_eta": -1.1265129346154117, "max_depth": 4.0}, "datetime": {"datetime": "2024-01-18 15:09:32", "elapsed": 396.774084, "delta": 7.416964}}
{"target": 0.021831823624217928, "params": {"gamma": 23.7836804508323, "log10_eta": -1.0, "max_depth": 3.0}, "datetime": {"datetime": "2024-01-18 15:09:39", "elapsed": 404.018215, "delta": 7.244131}}
{"target": -0.003913155294197057, "params": {"gamma": 9.471939630164384, "log10_eta": -2.5818536121721345, "max_depth": 3.0}, "datetime": {"datetime": "2024-01-18 15:09:54", "elapsed": 419.016497, "delta": 14.998282}}
{"target": 0.021831823624217928, "params": {"gamma": 6.03617098319183, "log10_eta": -1.0, "max_depth": 3.0}, "datetime": {"datetime": "2024-01-18 15:10:01", "elapsed": 425.952334, "delta": 6.935837}}
{"target": 0.028784555125242806, "params": {"gamma": 6.607209800852906, "log10_eta": -1.0, "max_depth": 4.0}, "datetime": {"datetime": "2024-01-18 15:10:08", "elapsed": 432.698404, "delta": 6.74607}}
{"target": 0.003871295670630326, "params": {"gamma": 5.764288722667724, "log10_eta": -2.445891180973116, "max_depth": 5.0}, "datetime": {"datetime": "2024-01-18 15:10:28", "elapsed": 452.592223, "delta": 19.893819}}
{"target": -0.011783258513010542, "params": {"gamma": 90.87927673222036, "log10_eta": -3.9409816772577972, "max_depth": 3.0}, "datetime": {"datetime": "2024-01-18 15:10:47", "elapsed": 471.594364, "delta": 19.002141}}
{"target": 0.0213531512661026, "params": {"gamma": 8.018811176614804, "log10_eta": -1.0932056966538597, "max_depth": 4.0}, "datetime": {"datetime": "2024-01-18 15:10:54", "elapsed": 478.80106, "delta": 7.206696}}
{"target": 0.007575001277722315, "params": {"gamma": 90.29593580792093, "log10_eta": -1.0, "max_depth": 5.0}, "datetime": {"datetime": "2024-01-18 15:11:01", "elapsed": 485.835996, "delta": 7.034936}}
{"target": -0.004239661480046286, "params": {"gamma": 24.327532174535598, "log10_eta": -2.6597110085305022, "max_depth": 3.0}, "datetime": {"datetime": "2024-01-18 15:11:16", "elapsed": 500.595386, "delta": 14.75939}}
{"target": 0.007575001277722315, "params": {"gamma": 7.260972470840725, "log10_eta": -1.0, "max_depth": 5.0}, "datetime": {"datetime": "2024-01-18 15:11:23", "elapsed": 507.717845, "delta": 7.122459}}
{"target": -0.0024806966441572875, "params": {"gamma": 6.691483968687151, "log10_eta": -1.8011731909985307, "max_depth": 3.0}, "datetime": {"datetime": "2024-01-18 15:11:30", "elapsed": 514.867262, "delta": 7.149417}}
{"target": 0.018947962694332576, "params": {"gamma": 6.158239635263751, "log10_eta": -1.14573101769045, "max_depth": 3.0}, "datetime": {"datetime": "2024-01-18 15:11:38", "elapsed": 522.885435, "delta": 8.018173}}
{"target": 0.021831823624217928, "params": {"gamma": 22.792703461532156, "log10_eta": -1.0, "max_depth": 3.0}, "datetime": {"datetime": "2024-01-18 15:11:45", "elapsed": 529.747156, "delta": 6.861721}}
{"target": 0.0192710903728327, "params": {"gamma": 5.2854637776142965, "log10_eta": -1.203266695116787, "max_depth": 3.0}, "datetime": {"datetime": "2024-01-18 15:11:53", "elapsed": 537.954314, "delta": 8.207158}}
{"target": 0.027138413356295077, "params": {"gamma": 5.71366076595835, "log10_eta": -1.1439805694890781, "max_depth": 4.0}, "datetime": {"datetime": "2024-01-18 15:12:01", "elapsed": 545.779418, "delta": 7.825104}}
{"target": 0.028780649690927196, "params": {"gamma": 4.220976184258573, "log10_eta": -1.0002019979131003, "max_depth": 4.0}, "datetime": {"datetime": "2024-01-18 15:12:08", "elapsed": 552.372321, "delta": 6.592903}}
{"target": 0.021831823624217928, "params": {"gamma": 3.2468528810406547, "log10_eta": -1.0, "max_depth": 3.0}, "datetime": {"datetime": "2024-01-18 15:12:15", "elapsed": 559.727459, "delta": 7.355138}}
{"target": 0.028784569873939625, "params": {"gamma": 3.061614965390373, "log10_eta": -1.0, "max_depth": 4.0}, "datetime": {"datetime": "2024-01-18 15:12:22", "elapsed": 566.647118, "delta": 6.919659}}
{"target": 0.007575001277722315, "params": {"gamma": 3.5643184413816686, "log10_eta": -1.0, "max_depth": 5.0}, "datetime": {"datetime": "2024-01-18 15:12:29", "elapsed": 573.602916, "delta": 6.955798}}
{"target": -0.0025861053993547767, "params": {"gamma": 3.540407884694167, "log10_eta": -2.0021643673881138, "max_depth": 3.0}, "datetime": {"datetime": "2024-01-18 15:12:39", "elapsed": 583.553641, "delta": 9.950725}}
{"target": 0.019973765752509975, "params": {"gamma": 1.7413733308524693, "log10_eta": -1.3419336020659918, "max_depth": 3.0}, "datetime": {"datetime": "2024-01-18 15:12:47", "elapsed": 591.654177, "delta": 8.100536}}
{"target": 0.028784569873939625, "params": {"gamma": 1.927455729830504, "log10_eta": -1.0, "max_depth": 4.0}, "datetime": {"datetime": "2024-01-18 15:12:54", "elapsed": 598.100664, "delta": 6.446487}}
{"target": 0.018602792804219725, "params": {"gamma": 0.7285976226252489, "log10_eta": -1.0707685312665935, "max_depth": 4.0}, "datetime": {"datetime": "2024-01-18 15:13:00", "elapsed": 604.744421, "delta": 6.643757}}
{"target": 0.003546988504354809, "params": {"gamma": 1.9198741481455173, "log10_eta": -1.8641051099358856, "max_depth": 4.0}, "datetime": {"datetime": "2024-01-18 15:13:09", "elapsed": 613.528681, "delta": 8.78426}}
{"target": 0.021170639834517502, "params": {"gamma": 91.9128312087129, "log10_eta": -1.0124155352168929, "max_depth": 3.0}, "datetime": {"datetime": "2024-01-18 15:13:16", "elapsed": 620.425745, "delta": 6.897064}}
{"target": 0.0228112524415075, "params": {"gamma": 92.72813523916187, "log10_eta": -1.2971299110038013, "max_depth": 4.0}, "datetime": {"datetime": "2024-01-18 15:13:24", "elapsed": 628.652131, "delta": 8.226386}}
{"target": -0.002440211320800967, "params": {"gamma": 93.75164342597738, "log10_eta": -1.92130553399834, "max_depth": 3.0}, "datetime": {"datetime": "2024-01-18 15:13:33", "elapsed": 637.994647, "delta": 9.342516}}
{"target": 0.02564567787986982, "params": {"gamma": 92.08656996157976, "log10_eta": -1.0155198825836664, "max_depth": 4.0}, "datetime": {"datetime": "2024-01-18 15:13:41", "elapsed": 645.442754, "delta": 7.448107}}
{"target": 0.012409185496444264, "params": {"gamma": 92.25900914675734, "log10_eta": -1.8185205025144175, "max_depth": 5.0}, "datetime": {"datetime": "2024-01-18 15:13:53", "elapsed": 657.723479, "delta": 12.280725}}
{"target": 0.005504482720399162, "params": {"gamma": 0.7137713363871812, "log10_eta": -1.1104638124607282, "max_depth": 5.0}, "datetime": {"datetime": "2024-01-18 15:14:01", "elapsed": 665.075438, "delta": 7.351959}}
{"target": 0.019046564762848495, "params": {"gamma": 88.21926350458746, "log10_eta": -1.3723563666205614, "max_depth": 3.0}, "datetime": {"datetime": "2024-01-18 15:14:10", "elapsed": 674.579674, "delta": 9.504236}}
{"target": -0.0028196109635322264, "params": {"gamma": 86.72405970982959, "log10_eta": -1.8193560469858445, "max_depth": 3.0}, "datetime": {"datetime": "2024-01-18 15:14:19", "elapsed": 683.261137, "delta": 8.681463}}
{"target": 0.02194692675939164, "params": {"gamma": 89.39426075820236, "log10_eta": -1.2653520546622228, "max_depth": 3.0}, "datetime": {"datetime": "2024-01-18 15:14:27", "elapsed": 691.285731, "delta": 8.024594}}
{"target": -0.003854536916711171, "params": {"gamma": 88.85610062542085, "log10_eta": -2.3658953041564237, "max_depth": 3.0}, "datetime": {"datetime": "2024-01-18 15:14:37", "elapsed": 701.356864, "delta": 10.071133}}
{"target": 0.021831823624217928, "params": {"gamma": 88.73288147538933, "log10_eta": -1.0, "max_depth": 3.0}, "datetime": {"datetime": "2024-01-18 15:14:44", "elapsed": 708.827625, "delta": 7.470761}}
{"target": 0.025629108024244007, "params": {"gamma": 88.07330867625859, "log10_eta": -1.0138700333658224, "max_depth": 4.0}, "datetime": {"datetime": "2024-01-18 15:14:52", "elapsed": 716.201786, "delta": 7.374161}}
{"target": 0.007575001277722315, "params": {"gamma": 87.75100773569939, "log10_eta": -1.0, "max_depth": 5.0}, "datetime": {"datetime": "2024-01-18 15:14:58", "elapsed": 722.937445, "delta": 6.735659}}
{"target": 0.007277631149533337, "params": {"gamma": 90.80294551634273, "log10_eta": -1.0224085339986768, "max_depth": 3.0}, "datetime": {"datetime": "2024-01-18 15:15:04", "elapsed": 728.996329, "delta": 6.058884}}
{"target": 0.021831823624217928, "params": {"gamma": 89.0498239365943, "log10_eta": -1.0, "max_depth": 3.0}, "datetime": {"datetime": "2024-01-18 15:15:12", "elapsed": 736.273184, "delta": 7.276855}}
