{"target": -17.67010292867449, "params": {"gamma": 2.074830777139991, "log10_alpha": -1.9887524471075677, "log10_colsample_bytree": -0.5042267068658539, "log10_eta": -3.4646818841628937, "log10_lambda": -4.1473334872727685, "log10_min_child_weight": 1.0927933781303911, "log10_subsample": -0.5814918194895475, "max_depth": 3.0}, "datetime": {"datetime": "2024-01-18 16:40:29", "elapsed": 0.0, "delta": 0.0}}
{"target": -17.751120467559176, "params": {"gamma": 161.53585821774433, "log10_alpha": -2.504647242004377, "log10_colsample_bytree": -0.29440301473751374, "log10_eta": -0.32200457877416344, "log10_lambda": -4.005023880321886, "log10_min_child_weight": 2.596853119028219, "log10_subsample": -0.42227675177170876, "max_depth": 8.0}, "datetime": {"datetime": "2024-01-18 16:44:04", "elapsed": 215.125822, "delta": 215.125822}}
{"target": -17.67117984216715, "params": {"gamma": 3.720022439140136, "log10_alpha": -2.116498428039662, "log10_colsample_bytree": -0.4457765219374705, "log10_eta": -2.5770581821609224, "log10_lambda": -3.246070517412239, "log10_min_child_weight": 1.126297763922239, "log10_subsample": -0.376089210597663, "max_depth": 2.0}, "datetime": {"datetime": "2024-01-18 16:49:05", "elapsed": 516.368123, "delta": 301.242301}}
{"target": -17.677232885328728, "params": {"gamma": 43.33657137851193, "log10_alpha": 1.0, "log10_colsample_bytree": -1.0, "log10_eta": -4.0, "log10_lambda": -5.0, "log10_min_child_weight": 5.0, "log10_subsample": -1.0, "max_depth": 10.0}, "datetime": {"datetime": "2024-01-18 16:50:32", "elapsed": 603.452816, "delta": 87.084693}}
{"target": -17.677232885294405, "params": {"gamma": 0.0, "log10_alpha": -5.0, "log10_colsample_bytree": -1.0, "log10_eta": -4.0, "log10_lambda": 1.0, "log10_min_child_weight": 5.0, "log10_subsample": -1.0, "max_depth": 10.0}, "datetime": {"datetime": "2024-01-18 16:51:59", "elapsed": 690.774028, "delta": 87.321212}}
{"target": -17.675323476808877, "params": {"gamma": 80.97355746627531, "log10_alpha": -5.0, "log10_colsample_bytree": 0.0, "log10_eta": -4.0, "log10_lambda": -5.0, "log10_min_child_weight": 0.0, "log10_subsample": 0.0, "max_depth": 2.0}, "datetime": {"datetime": "2024-01-18 17:12:46", "elapsed": 1937.229852, "delta": 1246.455824}}
{"target": -17.675590425362977, "params": {"gamma": 61.73963388105071, "log10_alpha": 1.0, "log10_colsample_bytree": -1.0, "log10_eta": -4.0, "log10_lambda": 1.0, "log10_min_child_weight": 0.0, "log10_subsample": -1.0, "max_depth": 2.0}, "datetime": {"datetime": "2024-01-18 17:33:32", "elapsed": 3183.453757, "delta": 1246.223905}}
{"target": -18.78550521478156, "params": {"gamma": 0.0, "log10_alpha": 1.0, "log10_colsample_bytree": 0.0, "log10_eta": 0.0, "log10_lambda": -5.0, "log10_min_child_weight": 0.0, "log10_subsample": -1.0, "max_depth": 10.0}, "datetime": {"datetime": "2024-01-18 17:35:03", "elapsed": 3274.836357, "delta": 91.3826}}
{"target": -17.677011642112486, "params": {"gamma": 0.5932138118004849, "log10_alpha": -5.0, "log10_colsample_bytree": -1.0, "log10_eta": -4.0, "log10_lambda": 0.5441159015577931, "log10_min_child_weight": 5.0, "log10_subsample": -0.6917658975051127, "max_depth": 2.0}, "datetime": {"datetime": "2024-01-18 17:53:41", "elapsed": 4391.942293, "delta": 1117.105936}}
{"target": -17.675232710277374, "params": {"gamma": 72.20327697975807, "log10_alpha": -2.268488240586751, "log10_colsample_bytree": -0.4562235005108324, "log10_eta": -4.0, "log10_lambda": -2.2695300028584366, "log10_min_child_weight": 0.0011391462347284755, "log10_subsample": -0.4546100524268699, "max_depth": 2.0}, "datetime": {"datetime": "2024-01-18 18:15:54", "elapsed": 5725.30061, "delta": 1333.358317}}
{"target": -17.674318983412633, "params": {"gamma": 64.3178836788201, "log10_alpha": -4.476883910665336, "log10_colsample_bytree": 0.0, "log10_eta": -4.0, "log10_lambda": -5.0, "log10_min_child_weight": 0.15655959405388006, "log10_subsample": -1.0, "max_depth": 3.0}, "datetime": {"datetime": "2024-01-18 18:37:19", "elapsed": 7010.792516, "delta": 1285.491906}}
{"target": -18.04920439024238, "params": {"gamma": 66.95281336187448, "log10_alpha": -0.3054125837892942, "log10_colsample_bytree": -0.24596505526221438, "log10_eta": -0.0428968744190827, "log10_lambda": -0.821936007382731, "log10_min_child_weight": 0.9498866090422188, "log10_subsample": -0.9974884266894666, "max_depth": 7.0}, "datetime": {"datetime": "2024-01-18 18:38:37", "elapsed": 7088.144041, "delta": 77.351525}}
{"target": -17.675520382336806, "params": {"gamma": 57.214631627019024, "log10_alpha": -3.2022221843368897, "log10_colsample_bytree": -1.0, "log10_eta": -4.0, "log10_lambda": -3.217924126223589, "log10_min_child_weight": 0.0, "log10_subsample": -0.903524158606426, "max_depth": 2.0}, "datetime": {"datetime": "2024-01-18 18:59:27", "elapsed": 8338.377537, "delta": 1250.233496}}
{"target": -17.67719828135785, "params": {"gamma": 77.5341715329521, "log10_alpha": -0.14351866947086753, "log10_colsample_bytree": -1.0, "log10_eta": -4.0, "log10_lambda": -5.0, "log10_min_child_weight": 5.0, "log10_subsample": 0.0, "max_depth": 2.0}, "datetime": {"datetime": "2024-01-18 19:02:35", "elapsed": 8526.477929, "delta": 188.100392}}
{"target": -17.675586537219484, "params": {"gamma": 79.87119033804079, "log10_alpha": 0.3364091350121854, "log10_colsample_bytree": -1.0, "log10_eta": -4.0, "log10_lambda": 1.0, "log10_min_child_weight": 0.0, "log10_subsample": -1.0, "max_depth": 2.0}, "datetime": {"datetime": "2024-01-18 19:23:28", "elapsed": 9779.084721, "delta": 1252.606792}}
{"target": -17.676506870446097, "params": {"gamma": 80.38124256430133, "log10_alpha": -4.670581656586339, "log10_colsample_bytree": -0.5646883795300529, "log10_eta": -3.65153897274313, "log10_lambda": 0.5193894553599954, "log10_min_child_weight": 4.724393399513196, "log10_subsample": -0.292380098612138, "max_depth": 7.0}, "datetime": {"datetime": "2024-01-18 19:41:02", "elapsed": 10833.594837, "delta": 1054.510116}}
{"target": -17.67536978321941, "params": {"gamma": 86.5084913787853, "log10_alpha": -0.4110707102790386, "log10_colsample_bytree": -0.695062034956113, "log10_eta": -2.186180818533093, "log10_lambda": -2.5637716627643634, "log10_min_child_weight": 4.915528839548085, "log10_subsample": -0.6357744099447242, "max_depth": 2.0}, "datetime": {"datetime": "2024-01-18 19:44:43", "elapsed": 11054.078483, "delta": 220.483646}}
{"target": -17.674588139334617, "params": {"gamma": 82.95170807502433, "log10_alpha": 1.0, "log10_colsample_bytree": -1.0, "log10_eta": -4.0, "log10_lambda": -4.945379716588873, "log10_min_child_weight": 0.577836990319077, "log10_subsample": 0.0, "max_depth": 8.0}, "datetime": {"datetime": "2024-01-18 20:13:48", "elapsed": 12799.69418, "delta": 1745.615697}}
{"target": -18.002768328238687, "params": {"gamma": 87.40186350052971, "log10_alpha": -4.183603910204981, "log10_colsample_bytree": -0.46457051071561495, "log10_eta": -0.10622899925667051, "log10_lambda": -0.28521001406137536, "log10_min_child_weight": 0.2712754208749213, "log10_subsample": -0.8209623921034173, "max_depth": 8.0}, "datetime": {"datetime": "2024-01-18 20:15:10", "elapsed": 12880.884035, "delta": 81.189855}}
{"target": -17.676162046471255, "params": {"gamma": 50.6383549007575, "log10_alpha": 1.0, "log10_colsample_bytree": -1.0, "log10_eta": -4.0, "log10_lambda": -2.094385420121079, "log10_min_child_weight": 2.9192564759613955, "log10_subsample": -1.0, "max_depth": 5.0}, "datetime": {"datetime": "2024-01-18 20:34:10", "elapsed": 14021.61851, "delta": 1140.734475}}
{"target": -17.67510771661635, "params": {"gamma": 76.37009172338212, "log10_alpha": -5.0, "log10_colsample_bytree": -1.0, "log10_eta": -4.0, "log10_lambda": -5.0, "log10_min_child_weight": 0.7986294281159007, "log10_subsample": 0.0, "max_depth": 8.0}, "datetime": {"datetime": "2024-01-18 20:57:14", "elapsed": 15404.923243, "delta": 1383.304733}}
{"target": -17.673463364321183, "params": {"gamma": 49.018528501854725, "log10_alpha": -5.0, "log10_colsample_bytree": -0.49902600357477434, "log10_eta": -4.0, "log10_lambda": -5.0, "log10_min_child_weight": 0.0, "log10_subsample": -0.6735570329136435, "max_depth": 9.0}, "datetime": {"datetime": "2024-01-18 21:39:14", "elapsed": 17925.306403, "delta": 2520.38316}}
{"target": -17.677151850255676, "params": {"gamma": 45.06539331351426, "log10_alpha": -4.873699807232393, "log10_colsample_bytree": -0.9873294663904562, "log10_eta": -4.0, "log10_lambda": -5.0, "log10_min_child_weight": 5.0, "log10_subsample": -0.04598957258375173, "max_depth": 2.0}, "datetime": {"datetime": "2024-01-18 21:45:19", "elapsed": 18290.434244, "delta": 365.127841}}
{"target": -17.73094630493358, "params": {"gamma": 43.497249138523465, "log10_alpha": -3.4378734397362445, "log10_colsample_bytree": -0.3364352318097875, "log10_eta": -0.356805316027756, "log10_lambda": 0.6895254355211335, "log10_min_child_weight": 2.2130309840145452, "log10_subsample": -0.5250918079525828, "max_depth": 7.0}, "datetime": {"datetime": "2024-01-18 21:46:34", "elapsed": 18365.68051, "delta": 75.246266}}
{"target": -17.670499609929408, "params": {"gamma": 10.374153885699954, "log10_alpha": -1.9887524471075677, "log10_colsample_bytree": -0.5042267068658539, "log10_eta": -3.4646818841628937, "log10_lambda": -4.1473334872727685, "log10_min_child_weight": 1.0927933781303911, "log10_subsample": -0.5814918194895475, "max_depth": 3.0}, "datetime": {"datetime": "2024-01-18 23:24:17", "elapsed": 0.0, "delta": 0.0}}
{"target": -17.75591000209161, "params": {"gamma": 807.6792910887216, "log10_alpha": -2.504647242004377, "log10_colsample_bytree": -0.29440301473751374, "log10_eta": -0.32200457877416344, "log10_lambda": -4.005023880321886, "log10_min_child_weight": 2.596853119028219, "log10_subsample": -0.42227675177170876, "max_depth": 8.0}, "datetime": {"datetime": "2024-01-18 23:25:50", "elapsed": 93.725901, "delta": 93.725901}}
{"target": -17.667622089195433, "params": {"gamma": 9.413268153706467, "log10_alpha": -0.781504183380699, "log10_colsample_bytree": -0.8205747046918552, "log10_eta": -1.4913401779204873, "log10_lambda": -2.8557507284733603, "log10_min_child_weight": 1.3524948825467158, "log10_subsample": -0.8454834275278004, "max_depth": 2.0}, "datetime": {"datetime": "2024-01-18 23:28:12", "elapsed": 234.936017, "delta": 141.210116}}
{"target": -17.677094079930786, "params": {"gamma": 66.94264558744909, "log10_alpha": 1.0, "log10_colsample_bytree": -1.0, "log10_eta": 0.0, "log10_lambda": 1.0, "log10_min_child_weight": 5.0, "log10_subsample": -1.0, "max_depth": 2.0}, "datetime": {"datetime": "2024-01-18 23:29:52", "elapsed": 335.493651, "delta": 100.557634}}
{"target": -17.675236824331407, "params": {"gamma": 165.46363822269782, "log10_alpha": 0.3691459721400223, "log10_colsample_bytree": -0.6436803396104184, "log10_eta": -0.6183366369739063, "log10_lambda": 0.6981723150626555, "log10_min_child_weight": 4.969291134889479, "log10_subsample": -0.20416177919785783, "max_depth": 4.0}, "datetime": {"datetime": "2024-01-18 23:31:24", "elapsed": 426.995103, "delta": 91.501452}}
{"target": -17.66963011108621, "params": {"gamma": 246.5133601940418, "log10_alpha": 0.7853630680933943, "log10_colsample_bytree": -0.5404622064909517, "log10_eta": -2.155916648868707, "log10_lambda": -0.10966712524394673, "log10_min_child_weight": 1.494099780495517, "log10_subsample": -0.8064665880969739, "max_depth": 4.0}, "datetime": {"datetime": "2024-01-18 23:34:48", "elapsed": 631.117758, "delta": 204.122655}}
{"target": -17.67712963525129, "params": {"gamma": 318.6713148380009, "log10_alpha": -3.8342827933346975, "log10_colsample_bytree": -0.04523225266010189, "log10_eta": -3.3969813396273003, "log10_lambda": -2.5581392748176985, "log10_min_child_weight": 4.664433804311655, "log10_subsample": -0.4008483169282202, "max_depth": 2.0}, "datetime": {"datetime": "2024-01-18 23:38:12", "elapsed": 835.000897, "delta": 203.883139}}
{"target": -17.71253401392779, "params": {"gamma": 445.9546889531979, "log10_alpha": -0.8981835406950305, "log10_colsample_bytree": -0.5336311865080162, "log10_eta": -0.5609569821323399, "log10_lambda": -3.9374682403503414, "log10_min_child_weight": 1.6951317554012368, "log10_subsample": -0.1429415408496112, "max_depth": 9.0}, "datetime": {"datetime": "2024-01-18 23:39:55", "elapsed": 938.007229, "delta": 103.006332}}
{"target": -17.677094079930786, "params": {"gamma": 0.0, "log10_alpha": 1.0, "log10_colsample_bytree": -1.0, "log10_eta": 0.0, "log10_lambda": 1.0, "log10_min_child_weight": 5.0, "log10_subsample": -1.0, "max_depth": 2.0}, "datetime": {"datetime": "2024-01-18 23:41:37", "elapsed": 1040.564332, "delta": 102.557103}}
{"target": -17.689937033992326, "params": {"gamma": 28.655505600090116, "log10_alpha": 0.6652750049199891, "log10_colsample_bytree": -0.8403577178894127, "log10_eta": -0.3104355252759228, "log10_lambda": -1.4754089774583306, "log10_min_child_weight": 2.051673324637289, "log10_subsample": -0.5703433881674685, "max_depth": 3.0}, "datetime": {"datetime": "2024-01-18 23:43:02", "elapsed": 1125.906239, "delta": 85.341907}}
