{"target": -13.756616708903039, "params": {"gamma": 15.261657874791435, "log10_alpha": -0.3204872465593125, "log10_colsample_bytree": -0.5615907685591065, "log10_eta": -1.1061392886762351, "log10_lambda": 0.8679370719796164, "log10_min_child_weight": 2.6924793520521684, "log10_subsample": -0.4988795363400621, "max_depth": 2.0}, "datetime": {"datetime": "2024-01-18 16:17:14", "elapsed": 0.0, "delta": 0.0}}
{"target": -13.757225328964967, "params": {"gamma": 168.819810917696, "log10_alpha": -3.199032986016692, "log10_colsample_bytree": -0.2022360244264999, "log10_eta": -1.4470470813452114, "log10_lambda": -4.41915224919835, "log10_min_child_weight": 1.3270757197826655, "log10_subsample": -0.7641350058671815, "max_depth": 3.0}, "datetime": {"datetime": "2024-01-18 16:19:00", "elapsed": 105.416798, "delta": 105.416798}}
{"target": -13.758599735225207, "params": {"gamma": 16.477310885810702, "log10_alpha": 0.12692614443717876, "log10_colsample_bytree": -0.12272768556280045, "log10_eta": -1.1099676151993467, "log10_lambda": 0.7805844020227894, "log10_min_child_weight": 1.8921399249003579, "log10_subsample": -0.40371526368232824, "max_depth": 3.0}, "datetime": {"datetime": "2024-01-18 16:20:15", "elapsed": 180.503709, "delta": 75.086911}}
{"target": -13.759564772399653, "params": {"gamma": 79.93971116586557, "log10_alpha": -3.3155010579032504, "log10_colsample_bytree": -0.6522833669024054, "log10_eta": -0.4503286192245475, "log10_lambda": -2.2124631722340116, "log10_min_child_weight": 4.787400113560423, "log10_subsample": -0.32136921602063606, "max_depth": 6.0}, "datetime": {"datetime": "2024-01-18 16:21:33", "elapsed": 258.725263, "delta": 78.221554}}
{"target": -13.75718407181613, "params": {"gamma": 132.8983264763978, "log10_alpha": 0.6129129768842194, "log10_colsample_bytree": -0.2246057180808353, "log10_eta": -1.80614265973432, "log10_lambda": -3.81409051307311, "log10_min_child_weight": 3.5922816225770164, "log10_subsample": -0.5474561232715995, "max_depth": 3.0}, "datetime": {"datetime": "2024-01-18 16:23:09", "elapsed": 354.699783, "delta": 95.97452}}
{"target": -13.757479749945908, "params": {"gamma": 126.81804568122494, "log10_alpha": -0.4236423306257784, "log10_colsample_bytree": -0.8798660144765288, "log10_eta": -0.6710817670950844, "log10_lambda": 0.7474713553841514, "log10_min_child_weight": 4.828025433218542, "log10_subsample": -0.8793414827548756, "max_depth": 8.0}, "datetime": {"datetime": "2024-01-18 16:24:29", "elapsed": 435.077629, "delta": 80.377846}}
{"target": -13.756706017177207, "params": {"gamma": 161.41178561661388, "log10_alpha": -4.744863212507091, "log10_colsample_bytree": -0.33419011666833587, "log10_eta": -3.411884340723053, "log10_lambda": -0.737061955476511, "log10_min_child_weight": 0.22690545849136878, "log10_subsample": -0.9122712218166771, "max_depth": 5.0}, "datetime": {"datetime": "2024-01-18 16:31:40", "elapsed": 865.279772, "delta": 430.202143}}
{"target": -13.758339365093443, "params": {"gamma": 198.789106961725, "log10_alpha": -2.8590463471578174, "log10_colsample_bytree": -0.40238839239791446, "log10_eta": -3.7231902178991882, "log10_lambda": -3.558770649785404, "log10_min_child_weight": 4.972936351727465, "log10_subsample": -0.21992641775421717, "max_depth": 4.0}, "datetime": {"datetime": "2024-01-18 16:44:18", "elapsed": 1623.363128, "delta": 758.083356}}
{"target": -13.756318099118626, "params": {"gamma": 132.8308301527993, "log10_alpha": -3.9366552583726295, "log10_colsample_bytree": -0.5737455601558354, "log10_eta": -1.1583562717024734, "log10_lambda": -0.6960222160985214, "log10_min_child_weight": 3.2734359720699207, "log10_subsample": -0.8944892098161719, "max_depth": 9.0}, "datetime": {"datetime": "2024-01-18 16:45:44", "elapsed": 1709.166145, "delta": 85.803017}}
{"target": -13.758147369638822, "params": {"gamma": 122.6158680644832, "log10_alpha": -2.4390223482031064, "log10_colsample_bytree": -0.10324886570478486, "log10_eta": -2.47038792196376, "log10_lambda": -0.41016292395057974, "log10_min_child_weight": 4.3204705929042735, "log10_subsample": -0.8163465129049667, "max_depth": 3.0}, "datetime": {"datetime": "2024-01-18 16:48:16", "elapsed": 1861.383744, "delta": 152.217599}}
{"target": -13.758533162038738, "params": {"gamma": 195.31392557535702, "log10_alpha": 0.3957886544721507, "log10_colsample_bytree": -0.30483298478701437, "log10_eta": -3.7241047910531635, "log10_lambda": -2.920611558080469, "log10_min_child_weight": 4.030120885975875, "log10_subsample": -0.5044943942418628, "max_depth": 4.0}, "datetime": {"datetime": "2024-01-18 16:49:47", "elapsed": 1953.024536, "delta": 91.640792}}
{"target": -13.756269020253344, "params": {"gamma": 185.45753487736803, "log10_alpha": -1.0049363288423683, "log10_colsample_bytree": -0.5260177325829238, "log10_eta": -2.068337391799472, "log10_lambda": -0.9071701512377963, "log10_min_child_weight": 2.5402350688342623, "log10_subsample": -0.7377012002525666, "max_depth": 5.0}, "datetime": {"datetime": "2024-01-18 16:51:39", "elapsed": 2064.150129, "delta": 111.125593}}
{"target": -13.768417465729026, "params": {"gamma": 81.05595491486876, "log10_alpha": 0.9024591435169018, "log10_colsample_bytree": -0.5809754038942057, "log10_eta": -0.5706903710392521, "log10_lambda": -1.0886252603737745, "log10_min_child_weight": 0.2719818877457614, "log10_subsample": -0.9013838282357248, "max_depth": 5.0}, "datetime": {"datetime": "2024-01-18 16:52:55", "elapsed": 2140.129293, "delta": 75.979164}}
{"target": -13.75760732262934, "params": {"gamma": 11.107778971889148, "log10_alpha": -0.6148977506835367, "log10_colsample_bytree": -0.8408323589394103, "log10_eta": -1.8928544392868667, "log10_lambda": -1.634268000944838, "log10_min_child_weight": 4.86058580926472, "log10_subsample": -0.8317921445761146, "max_depth": 2.0}, "datetime": {"datetime": "2024-01-18 16:55:47", "elapsed": 2312.794537, "delta": 172.665244}}
{"target": -13.87826573940861, "params": {"gamma": 130.11000864960002, "log10_alpha": -3.675780715161207, "log10_colsample_bytree": -0.8169763000809711, "log10_eta": -0.09043178876177693, "log10_lambda": -4.135562772033562, "log10_min_child_weight": 0.8421887639603864, "log10_subsample": -0.49380417390031695, "max_depth": 6.0}, "datetime": {"datetime": "2024-01-18 16:57:05", "elapsed": 2390.750988, "delta": 77.956451}}
{"target": -13.757789593004517, "params": {"gamma": 14.30006823099082, "log10_alpha": -1.922404383648767, "log10_colsample_bytree": -0.20600639301797288, "log10_eta": -1.4150944389152524, "log10_lambda": -3.171804722304972, "log10_min_child_weight": 2.208935050124986, "log10_subsample": -0.7083354608314313, "max_depth": 3.0}, "datetime": {"datetime": "2024-01-18 16:58:23", "elapsed": 2468.59438, "delta": 77.843392}}
{"target": -13.757247746003427, "params": {"gamma": 11.615863499353196, "log10_alpha": -1.096166169563257, "log10_colsample_bytree": -0.5775108285948471, "log10_eta": -3.9533567902185007, "log10_lambda": -0.20190665971197053, "log10_min_child_weight": 1.0347118123568748, "log10_subsample": -0.7872494538354838, "max_depth": 3.0}, "datetime": {"datetime": "2024-01-18 17:21:05", "elapsed": 3830.709799, "delta": 1362.115419}}
{"target": -13.759335507054223, "params": {"gamma": 136.81644237547994, "log10_alpha": -2.4536122978659245, "log10_colsample_bytree": -0.06388545149973157, "log10_eta": -0.521073839027351, "log10_lambda": 0.19715241837208275, "log10_min_child_weight": 4.568010434570958, "log10_subsample": -0.7584861863787123, "max_depth": 8.0}, "datetime": {"datetime": "2024-01-18 17:22:25", "elapsed": 3910.407536, "delta": 79.697737}}
{"target": -13.758091335552443, "params": {"gamma": 13.255592766299507, "log10_alpha": -2.411640419390889, "log10_colsample_bytree": -0.872287158945386, "log10_eta": -3.4145485544032725, "log10_lambda": 0.4198044130549716, "log10_min_child_weight": 4.955899145410782, "log10_subsample": -0.723529044960933, "max_depth": 6.0}, "datetime": {"datetime": "2024-01-18 17:40:34", "elapsed": 4999.925237, "delta": 1089.517701}}
{"target": -13.782369282754821, "params": {"gamma": 11.332844550437592, "log10_alpha": -3.8759802906853933, "log10_colsample_bytree": -0.34832656740005974, "log10_eta": -0.14530017215775803, "log10_lambda": 0.5373893254719881, "log10_min_child_weight": 2.311108781839633, "log10_subsample": -0.1347314020374385, "max_depth": 2.0}, "datetime": {"datetime": "2024-01-18 17:41:50", "elapsed": 5075.536921, "delta": 75.611684}}
{"target": -13.758493854412812, "params": {"gamma": 16.318644316052143, "log10_alpha": 0.1576335957589885, "log10_colsample_bytree": -0.965964455933147, "log10_eta": -3.9427317388284444, "log10_lambda": -1.8555773262364226, "log10_min_child_weight": 4.698006776886122, "log10_subsample": -0.3098384739164537, "max_depth": 3.0}, "datetime": {"datetime": "2024-01-18 17:46:51", "elapsed": 5376.678864, "delta": 301.141943}}
{"target": -13.758288632342296, "params": {"gamma": 12.69564607534388, "log10_alpha": 0.5599962406774761, "log10_colsample_bytree": -0.46845705249847913, "log10_eta": -2.6598322672342354, "log10_lambda": -3.2713144530960045, "log10_min_child_weight": 4.864902745383138, "log10_subsample": -0.22246810580863297, "max_depth": 7.0}, "datetime": {"datetime": "2024-01-18 17:49:32", "elapsed": 5537.965758, "delta": 161.286894}}
{"target": -13.757929582815503, "params": {"gamma": 11.623548153133111, "log10_alpha": 1.0, "log10_colsample_bytree": -1.0, "log10_eta": -4.0, "log10_lambda": -5.0, "log10_min_child_weight": 1.9789973627571675, "log10_subsample": -1.0, "max_depth": 2.0}, "datetime": {"datetime": "2024-01-18 18:08:19", "elapsed": 6665.068591, "delta": 1127.102833}}
{"target": -13.758538310758743, "params": {"gamma": 133.0344474577782, "log10_alpha": -1.717564882857593, "log10_colsample_bytree": -0.180220199534884, "log10_eta": -4.0, "log10_lambda": 1.0, "log10_min_child_weight": 5.0, "log10_subsample": -1.0, "max_depth": 10.0}, "datetime": {"datetime": "2024-01-18 18:09:37", "elapsed": 6742.819143, "delta": 77.750552}}
{"target": -13.757482714117963, "params": {"gamma": 14.576910816291136, "log10_alpha": 1.0, "log10_colsample_bytree": -1.0, "log10_eta": -4.0, "log10_lambda": -2.09152991002194, "log10_min_child_weight": 0.0, "log10_subsample": -1.0, "max_depth": 6.0}, "datetime": {"datetime": "2024-01-18 18:28:42", "elapsed": 7887.253998, "delta": 1144.434855}}
{"target": -13.75852959584293, "params": {"gamma": 136.58275749770795, "log10_alpha": 1.0, "log10_colsample_bytree": 0.0, "log10_eta": -4.0, "log10_lambda": -1.6801710723953005, "log10_min_child_weight": 5.0, "log10_subsample": -0.8463862944252706, "max_depth": 2.0}, "datetime": {"datetime": "2024-01-18 18:38:18", "elapsed": 8463.561748, "delta": 576.30775}}
{"target": -13.756817239733383, "params": {"gamma": 164.27394098968364, "log10_alpha": 0.31846148207172753, "log10_colsample_bytree": -0.29067321302733884, "log10_eta": -2.720574327972286, "log10_lambda": -2.079887710026918, "log10_min_child_weight": 1.826638206538091, "log10_subsample": -0.75513132870291, "max_depth": 4.0}, "datetime": {"datetime": "2024-01-18 18:41:37", "elapsed": 8662.118802, "delta": 198.557054}}
{"target": -13.756635499904503, "params": {"gamma": 136.2116519052239, "log10_alpha": -5.0, "log10_colsample_bytree": -1.0, "log10_eta": -3.874172692847568, "log10_lambda": 1.0, "log10_min_child_weight": 1.8653243663845702, "log10_subsample": -1.0, "max_depth": 10.0}, "datetime": {"datetime": "2024-01-18 19:12:29", "elapsed": 10514.371394, "delta": 1852.252592}}
{"target": -13.779915033177083, "params": {"gamma": 165.85277240979866, "log10_alpha": -3.5114553256914665, "log10_colsample_bytree": -0.025764148460283604, "log10_eta": -0.6348442156987149, "log10_lambda": -1.9499111320755849, "log10_min_child_weight": 0.03210743738959494, "log10_subsample": -0.48457373756958333, "max_depth": 7.0}, "datetime": {"datetime": "2024-01-18 19:13:52", "elapsed": 10597.921717, "delta": 83.550323}}
{"target": -13.758169572831351, "params": {"gamma": 159.52766595552083, "log10_alpha": -1.2871610419481558, "log10_colsample_bytree": -0.9019214013960619, "log10_eta": -4.0, "log10_lambda": -0.9573771618660039, "log10_min_child_weight": 2.8194991788618418, "log10_subsample": -1.0, "max_depth": 2.0}, "datetime": {"datetime": "2024-01-18 19:27:25", "elapsed": 11411.054473, "delta": 813.132756}}
{"target": -13.758535777292998, "params": {"gamma": 163.6888737191142, "log10_alpha": -3.502410883414598, "log10_colsample_bytree": -0.7228506264004183, "log10_eta": -4.0, "log10_lambda": -5.0, "log10_min_child_weight": 3.796226869739495, "log10_subsample": -1.0, "max_depth": 2.0}, "datetime": {"datetime": "2024-01-18 19:28:55", "elapsed": 11500.651603, "delta": 89.59713}}
{"target": -13.75850195892049, "params": {"gamma": 169.0529758463483, "log10_alpha": 0.2975834400867985, "log10_colsample_bytree": -0.6425511327043913, "log10_eta": -3.875829453471046, "log10_lambda": -4.2149703240071394, "log10_min_child_weight": 4.453196530313123, "log10_subsample": -0.5840164919216596, "max_depth": 2.0}, "datetime": {"datetime": "2024-01-18 19:33:11", "elapsed": 11756.785368, "delta": 256.133765}}
{"target": -13.758538307741484, "params": {"gamma": 121.56478452039055, "log10_alpha": 1.0, "log10_colsample_bytree": -0.35160280710564673, "log10_eta": -2.9317302266547203, "log10_lambda": 1.0, "log10_min_child_weight": 5.0, "log10_subsample": -1.0, "max_depth": 7.0}, "datetime": {"datetime": "2024-01-18 19:34:28", "elapsed": 11833.558033, "delta": 76.772665}}
{"target": -13.758538310758743, "params": {"gamma": 165.12238415087486, "log10_alpha": -2.4258453807586307, "log10_colsample_bytree": -1.0, "log10_eta": -4.0, "log10_lambda": 1.0, "log10_min_child_weight": 5.0, "log10_subsample": -1.0, "max_depth": 2.0}, "datetime": {"datetime": "2024-01-18 19:35:44", "elapsed": 11909.281631, "delta": 75.723598}}
{"target": -13.757136113510434, "params": {"gamma": 190.66672123709668, "log10_alpha": -3.3912683798335026, "log10_colsample_bytree": -0.7009360889433714, "log10_eta": -1.0097130881008844, "log10_lambda": -1.4717049504412025, "log10_min_child_weight": 3.6680274527278773, "log10_subsample": -0.6319072699533653, "max_depth": 3.0}, "datetime": {"datetime": "2024-01-18 19:37:03", "elapsed": 11988.794734, "delta": 79.513103}}
{"target": -13.758110828447805, "params": {"gamma": 189.7308672791775, "log10_alpha": -0.04587683053573244, "log10_colsample_bytree": -0.3551026105466406, "log10_eta": -2.2886058099365925, "log10_lambda": -1.8715047088726493, "log10_min_child_weight": 4.554301383505798, "log10_subsample": -0.5050300217691707, "max_depth": 8.0}, "datetime": {"datetime": "2024-01-18 19:39:17", "elapsed": 12122.538454, "delta": 133.74372}}
{"target": -13.758067420254216, "params": {"gamma": 190.3040681528555, "log10_alpha": -0.009194150971023135, "log10_colsample_bytree": -0.20004543830809127, "log10_eta": -4.0, "log10_lambda": 0.19333302458888982, "log10_min_child_weight": 0.0, "log10_subsample": -0.29831736791088603, "max_depth": 4.0}, "datetime": {"datetime": "2024-01-18 19:50:12", "elapsed": 12777.978227, "delta": 655.439773}}
{"target": -13.755142974437392, "params": {"gamma": 188.96014598662785, "log10_alpha": -1.5453376515378718, "log10_colsample_bytree": -0.370737679009109, "log10_eta": -0.7371966975321685, "log10_lambda": -5.0, "log10_min_child_weight": 0.0, "log10_subsample": -0.6623985784402467, "max_depth": 5.0}, "datetime": {"datetime": "2024-01-18 19:51:32", "elapsed": 12857.877581, "delta": 79.899354}}
{"target": -13.753602876154714, "params": {"gamma": 189.25612715460886, "log10_alpha": -4.192041802812411, "log10_colsample_bytree": -0.8123260522674929, "log10_eta": -3.08994816655586, "log10_lambda": -1.110458909808389, "log10_min_child_weight": 0.1962275482494269, "log10_subsample": -0.4546585083134407, "max_depth": 7.0}, "datetime": {"datetime": "2024-01-18 20:04:42", "elapsed": 13648.065119, "delta": 790.187538}}
{"target": -13.763929811457789, "params": {"gamma": 194.02436151171423, "log10_alpha": -3.3777958778191777, "log10_colsample_bytree": -0.02599765679318841, "log10_eta": -0.9803576090233462, "log10_lambda": -2.981387753400813, "log10_min_child_weight": 0.021698124188037918, "log10_subsample": -0.824196186598383, "max_depth": 7.0}, "datetime": {"datetime": "2024-01-18 20:06:07", "elapsed": 13732.110502, "delta": 84.045383}}
{"target": -13.81150546837442, "params": {"gamma": 186.2233613542581, "log10_alpha": -5.0, "log10_colsample_bytree": -1.0, "log10_eta": 0.0, "log10_lambda": -1.874631341930322, "log10_min_child_weight": 0.0, "log10_subsample": -1.0, "max_depth": 3.0}, "datetime": {"datetime": "2024-01-18 20:07:23", "elapsed": 13808.234676, "delta": 76.124174}}
{"target": -13.758368223053928, "params": {"gamma": 190.3298610373817, "log10_alpha": -0.8565843180447823, "log10_colsample_bytree": -0.04585304973566029, "log10_eta": -3.9931298767563645, "log10_lambda": -4.917495515657411, "log10_min_child_weight": 1.565445815031814, "log10_subsample": -0.42507520335946547, "max_depth": 6.0}, "datetime": {"datetime": "2024-01-18 20:12:45", "elapsed": 14130.235321, "delta": 322.000645}}
{"target": -13.755982980087802, "params": {"gamma": 187.47211558861954, "log10_alpha": -0.2054783682256211, "log10_colsample_bytree": -0.5215570513161726, "log10_eta": -3.3872215081332078, "log10_lambda": -1.5079864355841248, "log10_min_child_weight": 0.0, "log10_subsample": -0.05156000184228146, "max_depth": 8.0}, "datetime": {"datetime": "2024-01-18 20:24:17", "elapsed": 14822.377132, "delta": 692.141811}}
{"target": -13.758225685970674, "params": {"gamma": 191.05938534436993, "log10_alpha": -3.5976907700413725, "log10_colsample_bytree": 0.0, "log10_eta": -4.0, "log10_lambda": 1.0, "log10_min_child_weight": 3.8199800918485245, "log10_subsample": 0.0, "max_depth": 6.0}, "datetime": {"datetime": "2024-01-18 20:34:17", "elapsed": 15422.177105, "delta": 599.799973}}
{"target": -13.758537377913187, "params": {"gamma": 187.7469420659757, "log10_alpha": 0.11339505508261816, "log10_colsample_bytree": -0.15519625816100457, "log10_eta": -3.3216663671187225, "log10_lambda": -2.1793501302244884, "log10_min_child_weight": 4.663744752991124, "log10_subsample": -0.12722732420242078, "max_depth": 2.0}, "datetime": {"datetime": "2024-01-18 20:35:33", "elapsed": 15498.201362, "delta": 76.024257}}
{"target": -13.757173102801437, "params": {"gamma": 184.45567763827435, "log10_alpha": -0.1917051654248274, "log10_colsample_bytree": -0.6100760396658114, "log10_eta": -3.8213124864618107, "log10_lambda": -3.8834219780734953, "log10_min_child_weight": 3.5633586831318897, "log10_subsample": -0.4995155905743798, "max_depth": 8.0}, "datetime": {"datetime": "2024-01-18 20:59:47", "elapsed": 16952.659606, "delta": 1454.458244}}
{"target": -13.758530042295789, "params": {"gamma": 188.0442668825882, "log10_alpha": -4.75569335098241, "log10_colsample_bytree": -0.0015539299631285308, "log10_eta": -2.9550091108412992, "log10_lambda": -4.124845641133447, "log10_min_child_weight": 4.849549474337334, "log10_subsample": -0.9976588168999333, "max_depth": 9.0}, "datetime": {"datetime": "2024-01-18 21:01:48", "elapsed": 17073.519899, "delta": 120.860293}}
{"target": -13.755276601018542, "params": {"gamma": 186.9110679321154, "log10_alpha": -3.1431944514445354, "log10_colsample_bytree": -0.8368293912469709, "log10_eta": -2.8452431510036664, "log10_lambda": 0.8159264405724063, "log10_min_child_weight": 3.145562105078237, "log10_subsample": -0.5377320771368121, "max_depth": 9.0}, "datetime": {"datetime": "2024-01-18 21:08:48", "elapsed": 17493.762878, "delta": 420.242979}}
{"target": -13.75853415336253, "params": {"gamma": 184.18169309407355, "log10_alpha": 1.0, "log10_colsample_bytree": 0.0, "log10_eta": -4.0, "log10_lambda": 1.0, "log10_min_child_weight": 5.0, "log10_subsample": 0.0, "max_depth": 6.0}, "datetime": {"datetime": "2024-01-18 21:13:08", "elapsed": 17753.393179, "delta": 259.630301}}
{"target": -13.760061173928769, "params": {"gamma": 195.7095851225243, "log10_alpha": -2.5260094635362202, "log10_colsample_bytree": -0.36653300315099346, "log10_eta": -0.7028974738994842, "log10_lambda": 0.9817528844910672, "log10_min_child_weight": 4.017109620026175, "log10_subsample": -0.6928185528204142, "max_depth": 2.0}, "datetime": {"datetime": "2024-01-18 21:14:24", "elapsed": 17829.475462, "delta": 76.082283}}
{"target": -13.756077714991353, "params": {"gamma": 156.55284122338614, "log10_alpha": -3.18551898247406, "log10_colsample_bytree": -0.6155605946975308, "log10_eta": -3.8585588431673856, "log10_lambda": -4.340722047158891, "log10_min_child_weight": 0.6074476398493361, "log10_subsample": -0.1802557828395922, "max_depth": 6.0}, "datetime": {"datetime": "2024-01-18 21:38:24", "elapsed": 19269.714583, "delta": 1440.239121}}
{"target": -13.758387259329126, "params": {"gamma": 157.77972672575862, "log10_alpha": -3.7279658781735745, "log10_colsample_bytree": -0.704322180814226, "log10_eta": -3.4993662906082896, "log10_lambda": -0.162814491574939, "log10_min_child_weight": 4.3750753864963645, "log10_subsample": -0.5220465501814519, "max_depth": 7.0}, "datetime": {"datetime": "2024-01-18 21:43:59", "elapsed": 19604.42774, "delta": 334.713157}}
{"target": -13.781961662215688, "params": {"gamma": 156.49449505839144, "log10_alpha": -0.6060559087948337, "log10_colsample_bytree": 0.0, "log10_eta": -0.6246536608091882, "log10_lambda": -0.024716937649286994, "log10_min_child_weight": 0.0, "log10_subsample": 0.0, "max_depth": 5.0}, "datetime": {"datetime": "2024-01-18 21:45:17", "elapsed": 19682.312326, "delta": 77.884586}}
{"target": -13.75853831076465, "params": {"gamma": 160.02262729463573, "log10_alpha": -1.4387004166163386, "log10_colsample_bytree": -1.0, "log10_eta": -4.0, "log10_lambda": -5.0, "log10_min_child_weight": 5.0, "log10_subsample": -1.0, "max_depth": 6.0}, "datetime": {"datetime": "2024-01-18 21:46:32", "elapsed": 19758.009338, "delta": 75.697012}}
