{"target": -13.75629119498773, "params": {"gamma": 87.19898042840074, "log10_alpha": -4.844442609032652, "log10_colsample_bytree": -0.45033752212129086, "log10_eta": -2.2587104295268925, "log10_lambda": -2.477793187475066, "log10_min_child_weight": 1.6516741050193706, "log10_subsample": -0.7953513659621575, "max_depth": 6.0}, "datetime": {"datetime": "2024-01-18 16:18:18", "elapsed": 0.0, "delta": 0.0}}
{"target": -13.758237749843062, "params": {"gamma": 150.2859608264103, "log10_alpha": -4.368181250515076, "log10_colsample_bytree": -0.27311177306248047, "log10_eta": -2.7677936086617545, "log10_lambda": -4.015147486496522, "log10_min_child_weight": 4.445922906725494, "log10_subsample": -0.769165088810726, "max_depth": 7.0}, "datetime": {"datetime": "2024-01-18 16:23:08", "elapsed": 290.401711, "delta": 290.401711}}
{"target": -13.756022273546584, "params": {"gamma": 88.01799770596206, "log10_alpha": -3.564738579496513, "log10_colsample_bytree": -0.2914226195373939, "log10_eta": -1.7771462934225424, "log10_lambda": -1.2168151766046842, "log10_min_child_weight": 2.049608712558244, "log10_subsample": -0.9071332118934693, "max_depth": 6.0}, "datetime": {"datetime": "2024-01-18 16:24:48", "elapsed": 390.319636, "delta": 99.917925}}
{"target": -13.758184857970612, "params": {"gamma": 99.48583848948664, "log10_alpha": 0.16140486643878038, "log10_colsample_bytree": -0.15732194138306899, "log10_eta": -1.0290233962405075, "log10_lambda": 0.8979404652850187, "log10_min_child_weight": 4.331415668564956, "log10_subsample": -0.9116377015305136, "max_depth": 4.0}, "datetime": {"datetime": "2024-01-18 16:26:25", "elapsed": 486.802152, "delta": 96.482516}}
{"target": -13.772396229529756, "params": {"gamma": 83.63179953197164, "log10_alpha": 0.4538941570659407, "log10_colsample_bytree": -0.6630409863091611, "log10_eta": -0.1601394356464425, "log10_lambda": 0.6687230256618291, "log10_min_child_weight": 3.816712392484331, "log10_subsample": -0.1340842474160473, "max_depth": 4.0}, "datetime": {"datetime": "2024-01-18 16:27:52", "elapsed": 573.762379, "delta": 86.960227}}
{"target": -13.756137582238562, "params": {"gamma": 91.82215549797755, "log10_alpha": -4.140742430806344, "log10_colsample_bytree": -0.2966986189048133, "log10_eta": -1.6040472793949951, "log10_lambda": -3.5873988085474324, "log10_min_child_weight": 2.0852777614432543, "log10_subsample": -0.6001318863911108, "max_depth": 8.0}, "datetime": {"datetime": "2024-01-18 16:29:38", "elapsed": 680.231977, "delta": 106.469598}}
{"target": -13.757497911294465, "params": {"gamma": 92.71436669303392, "log10_alpha": -4.465233645420449, "log10_colsample_bytree": -0.1839886852841599, "log10_eta": -1.9071359098418879, "log10_lambda": -1.1350208972296292, "log10_min_child_weight": 0.7801662326788206, "log10_subsample": -0.8063013026299807, "max_depth": 2.0}, "datetime": {"datetime": "2024-01-18 16:31:30", "elapsed": 791.758976, "delta": 111.526999}}
{"target": -13.758330161530226, "params": {"gamma": 94.39334158911336, "log10_alpha": -3.6199084924527227, "log10_colsample_bytree": -0.8640293790429691, "log10_eta": -3.8574013213301788, "log10_lambda": 0.8493364486866524, "log10_min_child_weight": 4.198792029938326, "log10_subsample": -0.1947144409787862, "max_depth": 9.0}, "datetime": {"datetime": "2024-01-18 16:46:24", "elapsed": 1685.924626, "delta": 894.16565}}
{"target": -13.762716716089765, "params": {"gamma": 97.14649524006238, "log10_alpha": -0.24056614375173346, "log10_colsample_bytree": -0.9284388275860375, "log10_eta": -0.8657009082022897, "log10_lambda": -4.592963201927841, "log10_min_child_weight": 0.06697918128263924, "log10_subsample": -0.6195988539297962, "max_depth": 9.0}, "datetime": {"datetime": "2024-01-18 16:48:10", "elapsed": 1792.099796, "delta": 106.17517}}
{"target": -13.75561899536547, "params": {"gamma": 87.54958843345145, "log10_alpha": -1.8092626096919067, "log10_colsample_bytree": -0.8426031128534601, "log10_eta": -3.7206204476935247, "log10_lambda": -4.795590994246735, "log10_min_child_weight": 0.21217545354532852, "log10_subsample": -0.24142335107011204, "max_depth": 9.0}, "datetime": {"datetime": "2024-01-18 17:31:36", "elapsed": 4397.968641, "delta": 2605.868845}}
{"target": -13.782757233069123, "params": {"gamma": 141.0632568139182, "log10_alpha": -4.622448151515316, "log10_colsample_bytree": -0.16287093721251256, "log10_eta": -0.6503425952233881, "log10_lambda": -4.867052336020872, "log10_min_child_weight": 1.5409826546504657, "log10_subsample": -0.23573649499400318, "max_depth": 8.0}, "datetime": {"datetime": "2024-01-18 17:33:14", "elapsed": 4496.032194, "delta": 98.063553}}
{"target": -13.758538311092646, "params": {"gamma": 159.70734729140008, "log10_alpha": -3.795385164552405, "log10_colsample_bytree": -0.4456483058541981, "log10_eta": -4.0, "log10_lambda": -3.234715495333162, "log10_min_child_weight": 5.0, "log10_subsample": -1.0, "max_depth": 5.0}, "datetime": {"datetime": "2024-01-18 17:34:52", "elapsed": 4593.831904, "delta": 97.79971}}
{"target": -13.758538311056013, "params": {"gamma": 153.36471898668728, "log10_alpha": 1.0, "log10_colsample_bytree": -1.0, "log10_eta": -4.0, "log10_lambda": 1.0, "log10_min_child_weight": 5.0, "log10_subsample": -1.0, "max_depth": 2.0}, "datetime": {"datetime": "2024-01-18 17:36:31", "elapsed": 4693.404847, "delta": 99.572943}}
{"target": -13.758528039670267, "params": {"gamma": 110.75542938879826, "log10_alpha": -5.0, "log10_colsample_bytree": 0.0, "log10_eta": -4.0, "log10_lambda": 1.0, "log10_min_child_weight": 5.0, "log10_subsample": -0.7946148369670825, "max_depth": 2.0}, "datetime": {"datetime": "2024-01-18 17:49:18", "elapsed": 5460.506366, "delta": 767.101519}}
{"target": -14.056315975702066, "params": {"gamma": 171.61127957561223, "log10_alpha": -0.4925613665022315, "log10_colsample_bytree": -0.5464730324621151, "log10_eta": -0.061969678328020805, "log10_lambda": 0.1203052708368384, "log10_min_child_weight": 1.3213981325435142, "log10_subsample": -0.4052455802259197, "max_depth": 9.0}, "datetime": {"datetime": "2024-01-18 17:51:02", "elapsed": 5564.255087, "delta": 103.748721}}
{"target": -13.757172099437666, "params": {"gamma": 0.4217670623472003, "log10_alpha": -4.807828575172916, "log10_colsample_bytree": -0.2544261112402286, "log10_eta": -2.0954603430835683, "log10_lambda": -4.869437627167244, "log10_min_child_weight": 0.24733916705970693, "log10_subsample": -0.3504539562600917, "max_depth": 9.0}, "datetime": {"datetime": "2024-01-18 17:53:31", "elapsed": 5713.595542, "delta": 149.340455}}
{"target": -13.75830972705454, "params": {"gamma": 29.665762120969, "log10_alpha": -5.0, "log10_colsample_bytree": 0.0, "log10_eta": -3.7294677934177685, "log10_lambda": -5.0, "log10_min_child_weight": 0.0, "log10_subsample": -0.9400744613225585, "max_depth": 10.0}, "datetime": {"datetime": "2024-01-18 18:01:17", "elapsed": 6178.826986, "delta": 465.231444}}
{"target": -13.758538311092646, "params": {"gamma": 54.33665188399049, "log10_alpha": -5.0, "log10_colsample_bytree": 0.0, "log10_eta": -4.0, "log10_lambda": -5.0, "log10_min_child_weight": 5.0, "log10_subsample": -1.0, "max_depth": 10.0}, "datetime": {"datetime": "2024-01-18 18:02:53", "elapsed": 6275.182784, "delta": 96.355798}}
{"target": -13.76874485475863, "params": {"gamma": 15.629942150704053, "log10_alpha": 1.0, "log10_colsample_bytree": 0.0, "log10_eta": 0.0, "log10_lambda": 1.0, "log10_min_child_weight": 5.0, "log10_subsample": 0.0, "max_depth": 2.0}, "datetime": {"datetime": "2024-01-18 18:04:14", "elapsed": 6355.940699, "delta": 80.757915}}
{"target": -13.779302854139802, "params": {"gamma": 42.99138074805901, "log10_alpha": 1.0, "log10_colsample_bytree": -1.0, "log10_eta": 0.0, "log10_lambda": 1.0, "log10_min_child_weight": 0.0, "log10_subsample": 0.0, "max_depth": 2.0}, "datetime": {"datetime": "2024-01-18 18:05:37", "elapsed": 6439.589494, "delta": 83.648795}}
{"target": -13.758455843207852, "params": {"gamma": 123.78888338940511, "log10_alpha": 1.0, "log10_colsample_bytree": -1.0, "log10_eta": -4.0, "log10_lambda": 1.0, "log10_min_child_weight": 5.0, "log10_subsample": 0.0, "max_depth": 10.0}, "datetime": {"datetime": "2024-01-18 18:19:34", "elapsed": 7275.717054, "delta": 836.12756}}
{"target": -13.758417316744906, "params": {"gamma": 68.15807786540364, "log10_alpha": -5.0, "log10_colsample_bytree": 0.0, "log10_eta": -4.0, "log10_lambda": 1.0, "log10_min_child_weight": 0.0, "log10_subsample": -1.0, "max_depth": 10.0}, "datetime": {"datetime": "2024-01-18 18:25:40", "elapsed": 7642.121237, "delta": 366.404183}}
{"target": -13.792906465894971, "params": {"gamma": 63.03164378923808, "log10_alpha": 1.0, "log10_colsample_bytree": -1.0, "log10_eta": 0.0, "log10_lambda": -5.0, "log10_min_child_weight": 0.0, "log10_subsample": -1.0, "max_depth": 2.0}, "datetime": {"datetime": "2024-01-18 18:27:06", "elapsed": 7727.839284, "delta": 85.718047}}
{"target": -13.779748659202962, "params": {"gamma": 120.19895957267144, "log10_alpha": 1.0, "log10_colsample_bytree": -1.0, "log10_eta": 0.0, "log10_lambda": -5.0, "log10_min_child_weight": 0.0, "log10_subsample": 0.0, "max_depth": 2.0}, "datetime": {"datetime": "2024-01-18 18:28:27", "elapsed": 7809.282415, "delta": 81.443131}}
{"target": -13.758538311092646, "params": {"gamma": 200.0, "log10_alpha": -5.0, "log10_colsample_bytree": 0.0, "log10_eta": -4.0, "log10_lambda": -5.0, "log10_min_child_weight": 5.0, "log10_subsample": -1.0, "max_depth": 2.0}, "datetime": {"datetime": "2024-01-18 18:30:05", "elapsed": 7906.870565, "delta": 97.58815}}
{"target": -13.75669862622388, "params": {"gamma": 15.328380875374314, "log10_alpha": -4.655448068621223, "log10_colsample_bytree": -0.7492704025030897, "log10_eta": -0.9978291494859017, "log10_lambda": -4.848959986064513, "log10_min_child_weight": 2.426139009761252, "log10_subsample": -0.12401398924754314, "max_depth": 9.0}, "datetime": {"datetime": "2024-01-18 18:31:41", "elapsed": 8003.60212, "delta": 96.731555}}
{"target": -13.775317764908047, "params": {"gamma": 0.0, "log10_alpha": 1.0, "log10_colsample_bytree": -1.0, "log10_eta": 0.0, "log10_lambda": 1.0, "log10_min_child_weight": 5.0, "log10_subsample": 0.0, "max_depth": 10.0}, "datetime": {"datetime": "2024-01-18 18:33:18", "elapsed": 8100.035289, "delta": 96.433169}}
{"target": -13.758538311056013, "params": {"gamma": 29.024361305818807, "log10_alpha": 1.0, "log10_colsample_bytree": 0.0, "log10_eta": -4.0, "log10_lambda": -5.0, "log10_min_child_weight": 5.0, "log10_subsample": -1.0, "max_depth": 2.0}, "datetime": {"datetime": "2024-01-18 18:34:55", "elapsed": 8196.751609, "delta": 96.71632}}
{"target": -14.442156182045462, "params": {"gamma": 200.0, "log10_alpha": 1.0, "log10_colsample_bytree": 0.0, "log10_eta": 0.0, "log10_lambda": 1.0, "log10_min_child_weight": 0.0, "log10_subsample": 0.0, "max_depth": 10.0}, "datetime": {"datetime": "2024-01-18 18:37:19", "elapsed": 8340.83674, "delta": 144.085131}}
{"target": -13.758538311092646, "params": {"gamma": 0.0, "log10_alpha": -5.0, "log10_colsample_bytree": -1.0, "log10_eta": -4.0, "log10_lambda": 1.0, "log10_min_child_weight": 5.0, "log10_subsample": -1.0, "max_depth": 2.0}, "datetime": {"datetime": "2024-01-18 18:39:00", "elapsed": 8441.688939, "delta": 100.852199}}
{"target": -13.758538412863594, "params": {"gamma": 41.0735401322438, "log10_alpha": 1.0, "log10_colsample_bytree": 0.0, "log10_eta": -4.0, "log10_lambda": -5.0, "log10_min_child_weight": 5.0, "log10_subsample": 0.0, "max_depth": 10.0}, "datetime": {"datetime": "2024-01-18 18:40:38", "elapsed": 8539.938695, "delta": 98.249756}}
{"target": -14.279882544962632, "params": {"gamma": 112.79912856632147, "log10_alpha": -5.0, "log10_colsample_bytree": 0.0, "log10_eta": 0.0, "log10_lambda": 1.0, "log10_min_child_weight": 0.0, "log10_subsample": -1.0, "max_depth": 10.0}, "datetime": {"datetime": "2024-01-18 18:42:41", "elapsed": 8662.840663, "delta": 122.901968}}
{"target": -13.758531846337915, "params": {"gamma": 132.33256937955568, "log10_alpha": 1.0, "log10_colsample_bytree": -1.0, "log10_eta": -4.0, "log10_lambda": 1.0, "log10_min_child_weight": 5.0, "log10_subsample": 0.0, "max_depth": 2.0}, "datetime": {"datetime": "2024-01-18 18:45:13", "elapsed": 8814.840036, "delta": 151.999373}}
{"target": -13.775317764908047, "params": {"gamma": 26.890978687610176, "log10_alpha": 1.0, "log10_colsample_bytree": -1.0, "log10_eta": 0.0, "log10_lambda": 1.0, "log10_min_child_weight": 5.0, "log10_subsample": 0.0, "max_depth": 10.0}, "datetime": {"datetime": "2024-01-18 18:46:47", "elapsed": 8908.712878, "delta": 93.872842}}
{"target": -13.758231326685625, "params": {"gamma": 74.82711339914144, "log10_alpha": -4.894398111381738, "log10_colsample_bytree": -0.9603989298982974, "log10_eta": -3.896199637849426, "log10_lambda": -4.386678508852173, "log10_min_child_weight": 4.875061581944953, "log10_subsample": -0.5562366133189521, "max_depth": 2.0}, "datetime": {"datetime": "2024-01-18 19:17:32", "elapsed": 10754.498191, "delta": 1845.785313}}
{"target": -13.758531846561151, "params": {"gamma": 105.75002605531304, "log10_alpha": 1.0, "log10_colsample_bytree": -1.0, "log10_eta": -4.0, "log10_lambda": -5.0, "log10_min_child_weight": 5.0, "log10_subsample": 0.0, "max_depth": 2.0}, "datetime": {"datetime": "2024-01-18 19:20:06", "elapsed": 10908.552075, "delta": 154.053884}}
{"target": -13.758531846085628, "params": {"gamma": 126.32956570513393, "log10_alpha": -5.0, "log10_colsample_bytree": -1.0, "log10_eta": -4.0, "log10_lambda": -5.0, "log10_min_child_weight": 5.0, "log10_subsample": 0.0, "max_depth": 2.0}, "datetime": {"datetime": "2024-01-18 19:22:51", "elapsed": 11073.136244, "delta": 164.584169}}
{"target": -13.75839737372751, "params": {"gamma": 55.29785739938678, "log10_alpha": -5.0, "log10_colsample_bytree": 0.0, "log10_eta": -4.0, "log10_lambda": 1.0, "log10_min_child_weight": 5.0, "log10_subsample": 0.0, "max_depth": 2.0}, "datetime": {"datetime": "2024-01-18 19:49:31", "elapsed": 12673.446486, "delta": 1600.310242}}
{"target": -13.812493577481769, "params": {"gamma": 25.459270726043886, "log10_alpha": -5.0, "log10_colsample_bytree": 0.0, "log10_eta": 0.0, "log10_lambda": 1.0, "log10_min_child_weight": 0.0, "log10_subsample": 0.0, "max_depth": 2.0}, "datetime": {"datetime": "2024-01-18 19:50:58", "elapsed": 12759.995155, "delta": 86.548669}}
{"target": -13.775317764908047, "params": {"gamma": 58.822801318953104, "log10_alpha": 1.0, "log10_colsample_bytree": -1.0, "log10_eta": 0.0, "log10_lambda": 1.0, "log10_min_child_weight": 5.0, "log10_subsample": 0.0, "max_depth": 10.0}, "datetime": {"datetime": "2024-01-18 19:52:33", "elapsed": 12855.55666, "delta": 95.561505}}
{"target": -13.7581252161853, "params": {"gamma": 7.227792537010837, "log10_alpha": 1.0, "log10_colsample_bytree": 0.0, "log10_eta": -4.0, "log10_lambda": -5.0, "log10_min_child_weight": 0.0, "log10_subsample": -1.0, "max_depth": 2.0}, "datetime": {"datetime": "2024-01-18 20:14:40", "elapsed": 14181.998297, "delta": 1326.441637}}
{"target": -13.758536114913454, "params": {"gamma": 131.53459583833356, "log10_alpha": 1.0, "log10_colsample_bytree": -1.0, "log10_eta": 0.0, "log10_lambda": -5.0, "log10_min_child_weight": 5.0, "log10_subsample": -1.0, "max_depth": 10.0}, "datetime": {"datetime": "2024-01-18 20:16:17", "elapsed": 14279.099352, "delta": 97.101055}}
{"target": -14.271731363029659, "params": {"gamma": 74.81583980465332, "log10_alpha": 1.0, "log10_colsample_bytree": -1.0, "log10_eta": 0.0, "log10_lambda": -5.0, "log10_min_child_weight": 0.0, "log10_subsample": 0.0, "max_depth": 10.0}, "datetime": {"datetime": "2024-01-18 20:18:24", "elapsed": 14405.62993, "delta": 126.530578}}
{"target": -14.339917285755025, "params": {"gamma": 45.366187793856625, "log10_alpha": -5.0, "log10_colsample_bytree": -1.0, "log10_eta": 0.0, "log10_lambda": -5.0, "log10_min_child_weight": 0.0, "log10_subsample": -1.0, "max_depth": 10.0}, "datetime": {"datetime": "2024-01-18 20:20:05", "elapsed": 14506.936949, "delta": 101.307019}}
{"target": -13.758538311092646, "params": {"gamma": 8.338069454276857, "log10_alpha": -5.0, "log10_colsample_bytree": 0.0, "log10_eta": -4.0, "log10_lambda": 1.0, "log10_min_child_weight": 5.0, "log10_subsample": -1.0, "max_depth": 8.0}, "datetime": {"datetime": "2024-01-18 20:21:45", "elapsed": 14607.192497, "delta": 100.255548}}
{"target": -13.758538311092646, "params": {"gamma": 62.48273248980275, "log10_alpha": -5.0, "log10_colsample_bytree": 0.0, "log10_eta": -4.0, "log10_lambda": -3.941488359240948, "log10_min_child_weight": 5.0, "log10_subsample": -1.0, "max_depth": 5.0}, "datetime": {"datetime": "2024-01-18 20:23:23", "elapsed": 14704.779493, "delta": 97.586996}}
{"target": -13.758388513361187, "params": {"gamma": 35.98381429743519, "log10_alpha": 1.0, "log10_colsample_bytree": 0.0, "log10_eta": -4.0, "log10_lambda": 1.0, "log10_min_child_weight": 5.0, "log10_subsample": 0.0, "max_depth": 4.0}, "datetime": {"datetime": "2024-01-18 20:57:48", "elapsed": 16770.500707, "delta": 2065.721214}}
{"target": -13.758531846561151, "params": {"gamma": 91.60929486328844, "log10_alpha": 1.0, "log10_colsample_bytree": -1.0, "log10_eta": -4.0, "log10_lambda": -5.0, "log10_min_child_weight": 5.0, "log10_subsample": 0.0, "max_depth": 2.0}, "datetime": {"datetime": "2024-01-18 21:00:29", "elapsed": 16931.094848, "delta": 160.594141}}
{"target": -13.76980882237131, "params": {"gamma": 7.429337187087559, "log10_alpha": -5.0, "log10_colsample_bytree": -1.0, "log10_eta": 0.0, "log10_lambda": -5.0, "log10_min_child_weight": 5.0, "log10_subsample": 0.0, "max_depth": 2.0}, "datetime": {"datetime": "2024-01-18 21:01:57", "elapsed": 17019.412826, "delta": 88.317978}}
