{"target": -13.756903599549274, "params": {"gamma": 612.8897914404786, "log10_alpha": -2.744115803831636, "log10_colsample_bytree": -0.9755547206090581, "log10_eta": -2.128343050546087, "log10_lambda": -3.7119749006238116, "log10_min_child_weight": 3.8203951671376184, "log10_subsample": -0.4064414994401192, "max_depth": 2.0}, "datetime": {"datetime": "2024-01-18 23:04:50", "elapsed": 1353.468492, "delta": 165.606659}}
{"target": -13.75846573269041, "params": {"gamma": 616.7236963952394, "log10_alpha": -3.3065028284747378, "log10_colsample_bytree": -0.307289775576709, "log10_eta": -3.4453231701160156, "log10_lambda": 0.8203295247165006, "log10_min_child_weight": 4.935480577030299, "log10_subsample": -0.07610271143066838, "max_depth": 3.0}, "datetime": {"datetime": "2024-01-18 23:08:13", "elapsed": 1556.63872, "delta": 203.170228}}
{"target": -13.758311315039547, "params": {"gamma": 614.6689083510914, "log10_alpha": -1.6675464357505074, "log10_colsample_bytree": -0.0893711179707597, "log10_eta": -3.7948051566160728, "log10_lambda": -2.519353788884226, "log10_min_child_weight": 2.0163360431267865, "log10_subsample": -0.12904012018034894, "max_depth": 4.0}, "datetime": {"datetime": "2024-01-18 23:12:51", "elapsed": 1834.778928, "delta": 278.140208}}
{"target": -13.758247582786097, "params": {"gamma": 612.9864922910555, "log10_alpha": -2.5886059225221785, "log10_colsample_bytree": -0.4091330656877996, "log10_eta": -3.3767385975191386, "log10_lambda": -1.841532323396419, "log10_min_child_weight": 4.848180821969428, "log10_subsample": -0.5332782014175205, "max_depth": 7.0}, "datetime": {"datetime": "2024-01-18 23:21:45", "elapsed": 2368.581475, "delta": 533.802547}}
{"target": -13.758529222917184, "params": {"gamma": 612.7539338563106, "log10_alpha": -4.7961049574453956, "log10_colsample_bytree": -0.7603185060723026, "log10_eta": -3.946135786514417, "log10_lambda": -0.4689457925969016, "log10_min_child_weight": 4.342195691768494, "log10_subsample": -0.31931327276676935, "max_depth": 3.0}, "datetime": {"datetime": "2024-01-18 23:23:44", "elapsed": 2487.549969, "delta": 118.968494}}
{"target": -13.768150913531846, "params": {"gamma": 615.8712143298493, "log10_alpha": -4.619150165838926, "log10_colsample_bytree": -1.0, "log10_eta": -0.04273827322894083, "log10_lambda": -2.193079826895123, "log10_min_child_weight": 5.0, "log10_subsample": 0.0, "max_depth": 4.0}, "datetime": {"datetime": "2024-01-18 23:24:56", "elapsed": 2560.420154, "delta": 72.870185}}
{"target": -13.755766199820833, "params": {"gamma": 615.0320839741289, "log10_alpha": -4.681521626939766, "log10_colsample_bytree": -0.5194228781506403, "log10_eta": -2.269466919042425, "log10_lambda": 0.46177697893799863, "log10_min_child_weight": 2.433543115836904, "log10_subsample": -0.3554838530306137, "max_depth": 7.0}, "datetime": {"datetime": "2024-01-18 23:26:56", "elapsed": 2680.109582, "delta": 119.689428}}
{"target": -13.758569653775076, "params": {"gamma": 617.3963369654346, "log10_alpha": -1.0197073553526934, "log10_colsample_bytree": -0.00370631011505429, "log10_eta": -2.6121296868727364, "log10_lambda": -0.39003536927971005, "log10_min_child_weight": 3.3026110865837968, "log10_subsample": -0.0678863933674344, "max_depth": 9.0}, "datetime": {"datetime": "2024-01-18 23:28:13", "elapsed": 2756.642177, "delta": 76.532595}}
{"target": -13.75535144685505, "params": {"gamma": 612.4602358603594, "log10_alpha": 0.28791209021954955, "log10_colsample_bytree": -0.5618424513135485, "log10_eta": -3.37023322292355, "log10_lambda": -1.3398834596012228, "log10_min_child_weight": 0.3088701739335481, "log10_subsample": -0.4249482417129129, "max_depth": 7.0}, "datetime": {"datetime": "2024-01-18 23:39:23", "elapsed": 3427.255983, "delta": 670.613806}}
{"target": -13.754876887844144, "params": {"gamma": 615.1392071718998, "log10_alpha": -3.7733648364765275, "log10_colsample_bytree": -1.0, "log10_eta": -1.8904963027805253, "log10_lambda": 1.0, "log10_min_child_weight": 0.0, "log10_subsample": 0.0, "max_depth": 2.0}, "datetime": {"datetime": "2024-01-18 23:41:57", "elapsed": 3581.436527, "delta": 154.180544}}
{"target": -13.757297139438567, "params": {"gamma": 616.7738495352555, "log10_alpha": -1.5731463312020706, "log10_colsample_bytree": -0.20538511904673684, "log10_eta": -3.048309239453983, "log10_lambda": -4.672053291358671, "log10_min_child_weight": 0.5871599367316876, "log10_subsample": -0.5301665701531162, "max_depth": 8.0}, "datetime": {"datetime": "2024-01-18 23:46:03", "elapsed": 3826.629519, "delta": 245.192992}}
{"target": -13.75411054483644, "params": {"gamma": 620.1355096017085, "log10_alpha": -0.41468813118782677, "log10_colsample_bytree": -0.7503183451922204, "log10_eta": -1.6980061685092123, "log10_lambda": -0.23657754191950264, "log10_min_child_weight": 0.13294339679363665, "log10_subsample": -0.31892913798783085, "max_depth": 6.0}, "datetime": {"datetime": "2024-01-18 23:47:36", "elapsed": 3920.025671, "delta": 93.396152}}
