{"target": -17.667957081166197, "params": {"gamma": 83.4044009405148, "log10_alpha": -0.6780530393470512, "log10_colsample_bytree": -0.9998856251826551, "log10_eta": -2.790669709472641, "log10_lambda": -4.119464655097322, "log10_min_child_weight": 0.461692973843989, "log10_subsample": -0.8137397886223291, "max_depth": 4.0}, "datetime": {"datetime": "2024-01-18 16:33:13", "elapsed": 0.0, "delta": 0.0}}
{"target": -17.676337616826878, "params": {"gamma": 181.7466800215729, "log10_alpha": 0.7110912012165791, "log10_colsample_bytree": -0.08186935351063163, "log10_eta": -2.709161531871132, "log10_lambda": -0.14732335084605452, "log10_min_child_weight": 4.5806005057898656, "log10_subsample": -0.632778788603008, "max_depth": 7.0}, "datetime": {"datetime": "2024-01-18 16:39:07", "elapsed": 354.294816, "delta": 354.294816}}
{"target": -17.66845069719221, "params": {"gamma": 83.24007386290577, "log10_alpha": -0.05245851926740652, "log10_colsample_bytree": -0.45568949910979195, "log10_eta": -1.664275591601692, "log10_lambda": -4.125685053062522, "log10_min_child_weight": 0.5709982347510317, "log10_subsample": -0.9749029655304562, "max_depth": 2.0}, "datetime": {"datetime": "2024-01-18 16:42:03", "elapsed": 530.497094, "delta": 176.202278}}
{"target": -17.67557952010384, "params": {"gamma": 53.1991633441025, "log10_alpha": -4.902011861475594, "log10_colsample_bytree": -1.0, "log10_eta": -4.0, "log10_lambda": -5.0, "log10_min_child_weight": 2.86620993717084, "log10_subsample": 0.0, "max_depth": 10.0}, "datetime": {"datetime": "2024-01-18 17:14:20", "elapsed": 2466.94341, "delta": 1936.446316}}
{"target": -17.6758456838662, "params": {"gamma": 100.83464972839009, "log10_alpha": -2.295324247000595, "log10_colsample_bytree": -1.0, "log10_eta": -4.0, "log10_lambda": -2.329224508337482, "log10_min_child_weight": 0.9744537351535478, "log10_subsample": 0.0, "max_depth": 10.0}, "datetime": {"datetime": "2024-01-18 17:50:00", "elapsed": 4607.241104, "delta": 2140.297694}}
{"target": -17.67499411865677, "params": {"gamma": 75.66434573835221, "log10_alpha": 1.0, "log10_colsample_bytree": -0.006106062351119601, "log10_eta": -4.0, "log10_lambda": 1.0, "log10_min_child_weight": 0.0, "log10_subsample": -0.9993585797471688, "max_depth": 6.0}, "datetime": {"datetime": "2024-01-18 18:22:33", "elapsed": 6560.13169, "delta": 1952.890586}}
{"target": -17.667621328902538, "params": {"gamma": 85.65632464780518, "log10_alpha": -5.0, "log10_colsample_bytree": -1.0, "log10_eta": -1.2899645777368032, "log10_lambda": -5.0, "log10_min_child_weight": 3.7023548351982187, "log10_subsample": 0.0, "max_depth": 3.0}, "datetime": {"datetime": "2024-01-18 18:24:36", "elapsed": 6682.941272, "delta": 122.809582}}
{"target": -17.67709595075315, "params": {"gamma": 86.71802696211552, "log10_alpha": 1.0, "log10_colsample_bytree": 0.0, "log10_eta": 0.0, "log10_lambda": -5.0, "log10_min_child_weight": 5.0, "log10_subsample": -1.0, "max_depth": 8.0}, "datetime": {"datetime": "2024-01-18 18:26:16", "elapsed": 6783.143238, "delta": 100.201966}}
{"target": -17.675558164079384, "params": {"gamma": 84.18179057310823, "log10_alpha": -5.0, "log10_colsample_bytree": -1.0, "log10_eta": -4.0, "log10_lambda": -4.57326520276227, "log10_min_child_weight": 0.0, "log10_subsample": -0.20262912209801656, "max_depth": 2.0}, "datetime": {"datetime": "2024-01-18 18:59:38", "elapsed": 8785.402605, "delta": 2002.259367}}
{"target": -17.668950126494146, "params": {"gamma": 84.49531467369265, "log10_alpha": -1.4856436179071788, "log10_colsample_bytree": -0.5625114896225937, "log10_eta": -1.2747252815303476, "log10_lambda": -4.9997119686139655, "log10_min_child_weight": 2.1962622289259897, "log10_subsample": -0.3422303116391727, "max_depth": 2.0}, "datetime": {"datetime": "2024-01-18 19:01:26", "elapsed": 8892.776414, "delta": 107.373809}}
{"target": -17.677523119272696, "params": {"gamma": 83.46053969707816, "log10_alpha": -3.3472813212900703, "log10_colsample_bytree": -1.0, "log10_eta": -0.5254564574950328, "log10_lambda": -3.332481060927012, "log10_min_child_weight": 3.322192370439516, "log10_subsample": -0.7040851260721288, "max_depth": 4.0}, "datetime": {"datetime": "2024-01-18 19:02:55", "elapsed": 8982.318641, "delta": 89.542227}}
{"target": -17.667645789126986, "params": {"gamma": 84.47276153971973, "log10_alpha": -1.0787489769780287, "log10_colsample_bytree": -0.6213646395405463, "log10_eta": -1.236102504308286, "log10_lambda": -3.959983073668119, "log10_min_child_weight": 0.6995946016536758, "log10_subsample": -0.6909311452360778, "max_depth": 2.0}, "datetime": {"datetime": "2024-01-18 19:04:44", "elapsed": 9090.97636, "delta": 108.657719}}
{"target": -17.666646892572153, "params": {"gamma": 85.20561616057228, "log10_alpha": -1.4663750044273711, "log10_colsample_bytree": -0.7902868307876436, "log10_eta": -2.0162181051704215, "log10_lambda": -4.9557066320817595, "log10_min_child_weight": 0.1451368890083804, "log10_subsample": -0.7641752143804733, "max_depth": 3.0}, "datetime": {"datetime": "2024-01-18 19:08:57", "elapsed": 9343.686342, "delta": 252.709982}}
{"target": -17.66787144859245, "params": {"gamma": 85.7181546901009, "log10_alpha": 0.7049970852403702, "log10_colsample_bytree": -1.0, "log10_eta": -2.77291836606821, "log10_lambda": -4.565506416985893, "log10_min_child_weight": 0.4956223210050587, "log10_subsample": 0.0, "max_depth": 2.0}, "datetime": {"datetime": "2024-01-18 19:27:00", "elapsed": 10427.106518, "delta": 1083.420176}}
{"target": -17.673937107757155, "params": {"gamma": 85.47619492630275, "log10_alpha": 0.7166188702421877, "log10_colsample_bytree": 0.0, "log10_eta": -0.7820333895022127, "log10_lambda": -5.0, "log10_min_child_weight": 0.0, "log10_subsample": -1.0, "max_depth": 3.0}, "datetime": {"datetime": "2024-01-18 19:28:30", "elapsed": 10516.700175, "delta": 89.593657}}
{"target": -17.673238038461953, "params": {"gamma": 84.77096784995457, "log10_alpha": -0.9129370536027913, "log10_colsample_bytree": -1.0, "log10_eta": -3.5851317006952317, "log10_lambda": -4.41181096883215, "log10_min_child_weight": 0.9846751771483562, "log10_subsample": -1.0, "max_depth": 2.0}, "datetime": {"datetime": "2024-01-18 20:01:52", "elapsed": 12518.673068, "delta": 2001.972893}}
{"target": -17.675058952276544, "params": {"gamma": 83.57436855202486, "log10_alpha": -1.121340259206292, "log10_colsample_bytree": -0.4808634147165741, "log10_eta": -0.5972922932757729, "log10_lambda": -3.877821556282608, "log10_min_child_weight": 0.10297026724330749, "log10_subsample": -0.2719088751951868, "max_depth": 4.0}, "datetime": {"datetime": "2024-01-18 20:03:22", "elapsed": 12608.857266, "delta": 90.184198}}
{"target": -17.67373676465462, "params": {"gamma": 84.74891429377645, "log10_alpha": -1.862057029314887, "log10_colsample_bytree": -0.06061063234689823, "log10_eta": -2.1377756534797707, "log10_lambda": -4.609451948845793, "log10_min_child_weight": 0.7721905473541185, "log10_subsample": -0.43546759772785326, "max_depth": 2.0}, "datetime": {"datetime": "2024-01-18 20:06:40", "elapsed": 12806.728104, "delta": 197.870838}}
{"target": -17.674010405206555, "params": {"gamma": 86.12856308666031, "log10_alpha": -1.3734954667839219, "log10_colsample_bytree": -0.2589242703187541, "log10_eta": -2.562115005715385, "log10_lambda": -3.636155964566579, "log10_min_child_weight": 0.23109166427984773, "log10_subsample": -0.01605402317882243, "max_depth": 2.0}, "datetime": {"datetime": "2024-01-18 20:11:20", "elapsed": 13087.069638, "delta": 280.341534}}
{"target": -17.669066967119388, "params": {"gamma": 83.77174469332851, "log10_alpha": 0.17057198355306014, "log10_colsample_bytree": -0.5041129008238648, "log10_eta": -3.093259799041176, "log10_lambda": -3.3883078632230363, "log10_min_child_weight": 0.5250890807182113, "log10_subsample": -0.7849943737381855, "max_depth": 3.0}, "datetime": {"datetime": "2024-01-18 20:31:14", "elapsed": 14281.192614, "delta": 1194.122976}}
{"target": -17.683750781466443, "params": {"gamma": 84.08346055267684, "log10_alpha": -0.12179733435896267, "log10_colsample_bytree": -0.5873601001845257, "log10_eta": -0.2280928002362721, "log10_lambda": -3.2021274901948273, "log10_min_child_weight": 0.40695505687710465, "log10_subsample": -0.04098613612709179, "max_depth": 2.0}, "datetime": {"datetime": "2024-01-18 20:32:38", "elapsed": 14365.435218, "delta": 84.242604}}
{"target": -17.671700555069275, "params": {"gamma": 81.50545443401076, "log10_alpha": -1.215386280505955, "log10_colsample_bytree": -0.34630719844672275, "log10_eta": -2.8290734387305223, "log10_lambda": -4.466282693367452, "log10_min_child_weight": 0.8744243639540655, "log10_subsample": -0.41101615175947204, "max_depth": 4.0}, "datetime": {"datetime": "2024-01-18 20:39:42", "elapsed": 14788.739958, "delta": 423.30474}}
{"target": -17.888271295872624, "params": {"gamma": 153.67129020702862, "log10_alpha": -3.813307634017106, "log10_colsample_bytree": -0.23817407706389293, "log10_eta": -0.11741729343319607, "log10_lambda": -1.838255084791137, "log10_min_child_weight": 1.9514375913193904, "log10_subsample": -0.7880370633288437, "max_depth": 7.0}, "datetime": {"datetime": "2024-01-18 20:41:15", "elapsed": 14882.029157, "delta": 93.289199}}
{"target": -17.67719780816052, "params": {"gamma": 200.0, "log10_alpha": 1.0, "log10_colsample_bytree": -1.0, "log10_eta": -4.0, "log10_lambda": -5.0, "log10_min_child_weight": 5.0, "log10_subsample": 0.0, "max_depth": 2.0}, "datetime": {"datetime": "2024-01-18 20:45:48", "elapsed": 15155.105229, "delta": 273.076072}}
{"target": -17.677157619562937, "params": {"gamma": 32.964757269627555, "log10_alpha": -0.04923248848165773, "log10_colsample_bytree": -0.8988148022333652, "log10_eta": -3.934396227971455, "log10_lambda": 0.02129887505334782, "log10_min_child_weight": 4.544518119978352, "log10_subsample": -0.20642784520908897, "max_depth": 4.0}, "datetime": {"datetime": "2024-01-18 20:52:21", "elapsed": 15548.31878, "delta": 393.213551}}
{"target": -17.672453280645307, "params": {"gamma": 11.461605017616861, "log10_alpha": -3.730215943572726, "log10_colsample_bytree": -0.5324668902723396, "log10_eta": -3.3814295272746455, "log10_lambda": -4.553660076577205, "log10_min_child_weight": 1.0910917343137876, "log10_subsample": -0.5102917422816464, "max_depth": 9.0}, "datetime": {"datetime": "2024-01-18 21:14:26", "elapsed": 16872.805461, "delta": 1324.486681}}
{"target": -17.667559271358215, "params": {"gamma": 116.95258790839169, "log10_alpha": 1.0, "log10_colsample_bytree": -1.0, "log10_eta": -2.6089113009354734, "log10_lambda": 1.0, "log10_min_child_weight": 0.0, "log10_subsample": -0.12764683841048197, "max_depth": 2.0}, "datetime": {"datetime": "2024-01-18 21:28:06", "elapsed": 17693.223831, "delta": 820.41837}}
{"target": -17.667388084780896, "params": {"gamma": 0.04029244230880913, "log10_alpha": 0.3324328735031603, "log10_colsample_bytree": -0.8118214251196485, "log10_eta": -1.625673972236719, "log10_lambda": 0.18094931798967195, "log10_min_child_weight": 0.5497449958706707, "log10_subsample": -0.21297944573483252, "max_depth": 2.0}, "datetime": {"datetime": "2024-01-18 21:30:54", "elapsed": 17861.206949, "delta": 167.983118}}
{"target": -17.677095938954903, "params": {"gamma": 118.98389858441973, "log10_alpha": -5.0, "log10_colsample_bytree": 0.0, "log10_eta": 0.0, "log10_lambda": -5.0, "log10_min_child_weight": 5.0, "log10_subsample": -1.0, "max_depth": 10.0}, "datetime": {"datetime": "2024-01-18 21:32:31", "elapsed": 17958.007442, "delta": 96.800493}}
{"target": -18.336685071537314, "params": {"gamma": 195.23396291086283, "log10_alpha": -5.0, "log10_colsample_bytree": 0.0, "log10_eta": 0.0, "log10_lambda": 1.0, "log10_min_child_weight": 0.0, "log10_subsample": -1.0, "max_depth": 10.0}, "datetime": {"datetime": "2024-01-18 21:34:37", "elapsed": 18084.084502, "delta": 126.07706}}
{"target": -17.669063628997076, "params": {"gamma": 417.022004702574, "log10_alpha": -0.6780530393470512, "log10_colsample_bytree": -0.9998856251826551, "log10_eta": -2.790669709472641, "log10_lambda": -4.119464655097322, "log10_min_child_weight": 0.461692973843989, "log10_subsample": -0.8137397886223291, "max_depth": 4.0}, "datetime": {"datetime": "2024-01-18 22:51:32", "elapsed": 0.0, "delta": 0.0}}
{"target": -17.676319863168473, "params": {"gamma": 908.7334001078646, "log10_alpha": 0.7110912012165791, "log10_colsample_bytree": -0.08186935351063163, "log10_eta": -2.709161531871132, "log10_lambda": -0.14732335084605452, "log10_min_child_weight": 4.5806005057898656, "log10_subsample": -0.632778788603008, "max_depth": 7.0}, "datetime": {"datetime": "2024-01-18 22:57:39", "elapsed": 366.130415, "delta": 366.130415}}
{"target": -17.666513958764213, "params": {"gamma": 416.20036931452887, "log10_alpha": -0.05245851926740652, "log10_colsample_bytree": -0.45568949910979195, "log10_eta": -1.664275591601692, "log10_lambda": -4.125685053062522, "log10_min_child_weight": 0.5709982347510317, "log10_subsample": -0.9749029655304562, "max_depth": 2.0}, "datetime": {"datetime": "2024-01-18 23:00:35", "elapsed": 542.057807, "delta": 175.927392}}
{"target": -17.676135514293705, "params": {"gamma": 416.07503694516214, "log10_alpha": -0.28919866512418757, "log10_colsample_bytree": -0.681773123743401, "log10_eta": -1.8215563932367678, "log10_lambda": -1.778104524340665, "log10_min_child_weight": 3.5401714167999065, "log10_subsample": -0.7437116558851784, "max_depth": 2.0}, "datetime": {"datetime": "2024-01-18 23:02:24", "elapsed": 651.40883, "delta": 109.351023}}
{"target": -17.670913890120257, "params": {"gamma": 416.174448981529, "log10_alpha": 0.3645738357465609, "log10_colsample_bytree": -0.2813407958154087, "log10_eta": -1.9864671702079688, "log10_lambda": -4.2253940167999104, "log10_min_child_weight": 2.3216703741666795, "log10_subsample": -0.11439795847058876, "max_depth": 2.0}, "datetime": {"datetime": "2024-01-18 23:05:49", "elapsed": 856.399717, "delta": 204.990887}}
{"target": -17.665216213904547, "params": {"gamma": 415.49548678090696, "log10_alpha": -0.33109264521524207, "log10_colsample_bytree": -0.7265680975701577, "log10_eta": -1.3821151114954433, "log10_lambda": -4.565991731869329, "log10_min_child_weight": 0.9462725430769892, "log10_subsample": -0.33921266762842794, "max_depth": 3.0}, "datetime": {"datetime": "2024-01-18 23:08:08", "elapsed": 995.366131, "delta": 138.966414}}
{"target": -17.674339315562126, "params": {"gamma": 412.6884531142614, "log10_alpha": -0.4665900414646602, "log10_colsample_bytree": -0.7095502638947191, "log10_eta": -0.8665785708737976, "log10_lambda": -4.651832969562075, "log10_min_child_weight": 0.49671435650330775, "log10_subsample": -0.9377175084044774, "max_depth": 4.0}, "datetime": {"datetime": "2024-01-18 23:09:36", "elapsed": 1083.377406, "delta": 88.011275}}
{"target": -17.670515331439645, "params": {"gamma": 416.51601862183105, "log10_alpha": 0.5168014108455132, "log10_colsample_bytree": -0.7638191547287106, "log10_eta": -0.6885281491400232, "log10_lambda": -3.731995087145176, "log10_min_child_weight": 0.3847589237116905, "log10_subsample": -0.2169362959990282, "max_depth": 2.0}, "datetime": {"datetime": "2024-01-18 23:11:08", "elapsed": 1175.251038, "delta": 91.873632}}
{"target": -17.668661008402346, "params": {"gamma": 416.9218418215656, "log10_alpha": -1.3320582291095215, "log10_colsample_bytree": -0.8195681793869141, "log10_eta": -1.3160577678988803, "log10_lambda": -2.2775119446079186, "log10_min_child_weight": 0.25172804364256285, "log10_subsample": -0.44792294055840554, "max_depth": 4.0}, "datetime": {"datetime": "2024-01-18 23:12:57", "elapsed": 1284.037318, "delta": 108.78628}}
{"target": -17.674552343673476, "params": {"gamma": 416.8182234984934, "log10_alpha": -1.1352743999788233, "log10_colsample_bytree": -0.5567879827479103, "log10_eta": -0.5689827720505787, "log10_lambda": -4.3517531801664875, "log10_min_child_weight": 1.5262408679104773, "log10_subsample": -0.42616033942847986, "max_depth": 4.0}, "datetime": {"datetime": "2024-01-18 23:14:24", "elapsed": 1371.006899, "delta": 86.969581}}
{"target": -17.66903427233147, "params": {"gamma": 415.9754099136309, "log10_alpha": 0.7048533271755506, "log10_colsample_bytree": -0.6910484929748161, "log10_eta": -1.9178961516629598, "log10_lambda": -3.5402762837327657, "log10_min_child_weight": 0.7067383728981003, "log10_subsample": -0.26024650461106225, "max_depth": 6.0}, "datetime": {"datetime": "2024-01-18 23:17:02", "elapsed": 1529.131438, "delta": 158.124539}}
{"target": -17.6724922940326, "params": {"gamma": 416.9168562644595, "log10_alpha": 0.4344592176310238, "log10_colsample_bytree": -0.48248571886061975, "log10_eta": -2.244076298959927, "log10_lambda": -4.588010023753064, "log10_min_child_weight": 2.8340690359735525, "log10_subsample": -0.6765810851129435, "max_depth": 5.0}, "datetime": {"datetime": "2024-01-18 23:19:49", "elapsed": 1696.525927, "delta": 167.394489}}
{"target": -17.668803235031085, "params": {"gamma": 414.68775058372233, "log10_alpha": 0.30734032754126517, "log10_colsample_bytree": -0.5990397360673642, "log10_eta": -2.94688583280261, "log10_lambda": -4.87997281122698, "log10_min_child_weight": 2.3199914266318835, "log10_subsample": -0.5554981859099353, "max_depth": 3.0}, "datetime": {"datetime": "2024-01-18 23:33:47", "elapsed": 2534.470609, "delta": 837.944682}}
{"target": -17.66913278870218, "params": {"gamma": 416.6875261035903, "log10_alpha": 0.04018574739834513, "log10_colsample_bytree": -0.292490807642411, "log10_eta": -1.9763859533317047, "log10_lambda": -1.8130887835184564, "log10_min_child_weight": 1.2969953375774634, "log10_subsample": -0.4418414600911409, "max_depth": 3.0}, "datetime": {"datetime": "2024-01-18 23:36:57", "elapsed": 2724.026198, "delta": 189.555589}}
{"target": -17.66916884763652, "params": {"gamma": 416.0878781585875, "log10_alpha": -2.70737126087278, "log10_colsample_bytree": -0.5414619122668798, "log10_eta": -2.9220247126248697, "log10_lambda": -1.9451181729142522, "log10_min_child_weight": 1.4879869711711669, "log10_subsample": -0.8664597171621448, "max_depth": 4.0}, "datetime": {"datetime": "2024-01-18 23:47:46", "elapsed": 3373.226034, "delta": 649.199836}}
{"target": -17.672177690303194, "params": {"gamma": 415.54522590811985, "log10_alpha": 0.8289947586983786, "log10_colsample_bytree": -0.10159684973968519, "log10_eta": -2.608032683219742, "log10_lambda": -2.961900029939563, "log10_min_child_weight": 0.6014171911872035, "log10_subsample": -0.018462524395595592, "max_depth": 4.0}, "datetime": {"datetime": "2024-01-18 23:51:50", "elapsed": 3617.334292, "delta": 244.108258}}
