{"target": -13.758292557562271, "params": {"gamma": 174.68588055836324, "log10_alpha": 0.8112439769255921, "log10_colsample_bytree": -0.13080545978608005, "log10_eta": -1.876577233777604, "log10_lambda": -3.6036300321362558, "log10_min_child_weight": 0.056994021387149485, "log10_subsample": -0.5695311817075095, "max_depth": 5.0}, "datetime": {"datetime": "2024-01-18 16:16:54", "elapsed": 0.0, "delta": 0.0}}
{"target": -13.758480517239196, "params": {"gamma": 150.09669917292686, "log10_alpha": -1.304423916076824, "log10_colsample_bytree": -0.6661536202580816, "log10_eta": -3.8940530125997723, "log10_lambda": -1.7556185426483415, "log10_min_child_weight": 4.231938996351134, "log10_subsample": -0.2024512847681621, "max_depth": 7.0}, "datetime": {"datetime": "2024-01-18 16:20:46", "elapsed": 231.813146, "delta": 231.813146}}
{"target": -13.757552733645262, "params": {"gamma": 175.73503958200348, "log10_alpha": -0.5976385453542186, "log10_colsample_bytree": -0.5823898098711693, "log10_eta": -0.8518018011679072, "log10_lambda": -3.0394716280960705, "log10_min_child_weight": 0.15127312169548213, "log10_subsample": -0.884248317950981, "max_depth": 5.0}, "datetime": {"datetime": "2024-01-18 16:22:05", "elapsed": 310.585471, "delta": 78.772325}}
{"target": -13.759697323563955, "params": {"gamma": 102.85842887793662, "log10_alpha": -4.765230175325071, "log10_colsample_bytree": -0.4601675799460184, "log10_eta": -0.8801651755005286, "log10_lambda": -3.6163320659099307, "log10_min_child_weight": 1.4990170386261155, "log10_subsample": -0.257118046550035, "max_depth": 6.0}, "datetime": {"datetime": "2024-01-18 16:23:23", "elapsed": 388.886875, "delta": 78.301404}}
{"target": -13.757059288441255, "params": {"gamma": 177.26628878568553, "log10_alpha": -1.4969491077790127, "log10_colsample_bytree": -0.4455515169290677, "log10_eta": -1.5827958549486802, "log10_lambda": -2.492150373572746, "log10_min_child_weight": 1.0710027655285965, "log10_subsample": -0.0200920432433217, "max_depth": 5.0}, "datetime": {"datetime": "2024-01-18 16:24:44", "elapsed": 469.508358, "delta": 80.621483}}
{"target": -13.819474287311474, "params": {"gamma": 176.8568051993342, "log10_alpha": -4.067760236914959, "log10_colsample_bytree": -0.40817761605819847, "log10_eta": -0.15930942513112, "log10_lambda": 0.7895280091229449, "log10_min_child_weight": 1.4941977629914305, "log10_subsample": -0.9674693965336612, "max_depth": 4.0}, "datetime": {"datetime": "2024-01-18 16:26:00", "elapsed": 545.897895, "delta": 76.389537}}
{"target": -13.754980823075195, "params": {"gamma": 178.87714377079232, "log10_alpha": 0.6504005933284621, "log10_colsample_bytree": -1.0, "log10_eta": -2.351768939663838, "log10_lambda": -5.0, "log10_min_child_weight": 0.47172088909749604, "log10_subsample": 0.0, "max_depth": 6.0}, "datetime": {"datetime": "2024-01-18 16:29:02", "elapsed": 728.448984, "delta": 182.551089}}
{"target": -13.758557899655681, "params": {"gamma": 176.15131416556517, "log10_alpha": -1.1384852207966736, "log10_colsample_bytree": 0.0, "log10_eta": -3.092610570882666, "log10_lambda": -5.0, "log10_min_child_weight": 3.0395351297738444, "log10_subsample": 0.0, "max_depth": 8.0}, "datetime": {"datetime": "2024-01-18 16:30:23", "elapsed": 808.776346, "delta": 80.327362}}
{"target": -13.758538431126226, "params": {"gamma": 178.20469214732194, "log10_alpha": 1.0, "log10_colsample_bytree": 0.0, "log10_eta": -4.0, "log10_lambda": -1.5405680335768284, "log10_min_child_weight": 0.0, "log10_subsample": 0.0, "max_depth": 9.0}, "datetime": {"datetime": "2024-01-18 16:32:02", "elapsed": 907.629001, "delta": 98.852655}}
{"target": -13.762275641756172, "params": {"gamma": 182.4567299125218, "log10_alpha": 0.8435529839318257, "log10_colsample_bytree": -0.2573564853746235, "log10_eta": -0.5753947387655787, "log10_lambda": -4.372870700262065, "log10_min_child_weight": 3.802205869942683, "log10_subsample": -0.5993959622272514, "max_depth": 9.0}, "datetime": {"datetime": "2024-01-18 16:33:24", "elapsed": 989.622383, "delta": 81.993382}}
{"target": -13.757966300404949, "params": {"gamma": 177.821341415116, "log10_alpha": 0.6610888260292077, "log10_colsample_bytree": 0.0, "log10_eta": -4.0, "log10_lambda": -5.0, "log10_min_child_weight": 3.368250238257845, "log10_subsample": 0.0, "max_depth": 2.0}, "datetime": {"datetime": "2024-01-18 16:54:05", "elapsed": 2230.787948, "delta": 1241.165565}}
{"target": -13.75670181707697, "params": {"gamma": 182.946353693287, "log10_alpha": -2.3276344475542317, "log10_colsample_bytree": -0.75194790472676, "log10_eta": -3.837721426392982, "log10_lambda": -4.770703915749287, "log10_min_child_weight": 2.2650365228850164, "log10_subsample": -0.49477929301835, "max_depth": 5.0}, "datetime": {"datetime": "2024-01-18 17:14:45", "elapsed": 3471.13177, "delta": 1240.343822}}
{"target": -13.757349726523138, "params": {"gamma": 181.42264424248856, "log10_alpha": 0.831748732342775, "log10_colsample_bytree": -0.5312545452875777, "log10_eta": -3.8939435381105976, "log10_lambda": -1.0864145850387468, "log10_min_child_weight": 0.14104993542554345, "log10_subsample": -0.008612605883818403, "max_depth": 3.0}, "datetime": {"datetime": "2024-01-18 17:37:10", "elapsed": 4816.257835, "delta": 1345.126065}}
{"target": -13.757815402284388, "params": {"gamma": 185.30458331686725, "log10_alpha": 1.0, "log10_colsample_bytree": -1.0, "log10_eta": -3.9894609260885243, "log10_lambda": -5.0, "log10_min_child_weight": 0.0, "log10_subsample": 0.0, "max_depth": 2.0}, "datetime": {"datetime": "2024-01-18 17:59:49", "elapsed": 6175.419017, "delta": 1359.161182}}
{"target": -13.757723067746515, "params": {"gamma": 188.17195903021323, "log10_alpha": -0.22879987872495722, "log10_colsample_bytree": -0.3995578964947283, "log10_eta": -3.575047290343807, "log10_lambda": -2.3049809660217435, "log10_min_child_weight": 3.122334194596962, "log10_subsample": -0.07311876791285876, "max_depth": 5.0}, "datetime": {"datetime": "2024-01-18 18:07:31", "elapsed": 6637.234956, "delta": 461.815939}}
{"target": -13.797156600462156, "params": {"gamma": 180.38249886293772, "log10_alpha": 1.0, "log10_colsample_bytree": 0.0, "log10_eta": -0.06747193408223724, "log10_lambda": -5.0, "log10_min_child_weight": 0.0, "log10_subsample": 0.0, "max_depth": 2.0}, "datetime": {"datetime": "2024-01-18 18:08:47", "elapsed": 6712.702695, "delta": 75.467739}}
{"target": -13.757101358033008, "params": {"gamma": 177.07158455421958, "log10_alpha": -1.648563804955017, "log10_colsample_bytree": -1.0, "log10_eta": -4.0, "log10_lambda": -4.396133416799102, "log10_min_child_weight": 0.0, "log10_subsample": 0.0, "max_depth": 6.0}, "datetime": {"datetime": "2024-01-18 18:31:56", "elapsed": 8101.662325, "delta": 1388.95963}}
{"target": -13.75822452721704, "params": {"gamma": 179.5670251186175, "log10_alpha": -0.2144621203802446, "log10_colsample_bytree": -0.5621754926566103, "log10_eta": -2.5085788413021506, "log10_lambda": -4.094073311369904, "log10_min_child_weight": 4.380574159858831, "log10_subsample": -0.950796367802161, "max_depth": 5.0}, "datetime": {"datetime": "2024-01-18 18:34:49", "elapsed": 8275.114978, "delta": 173.452653}}
{"target": -13.758464535418886, "params": {"gamma": 183.7539020202099, "log10_alpha": 0.560278817538034, "log10_colsample_bytree": -0.848866534704391, "log10_eta": -3.9725138209657644, "log10_lambda": -1.9073657474465922, "log10_min_child_weight": 4.464432216484109, "log10_subsample": -0.6600883842804288, "max_depth": 3.0}, "datetime": {"datetime": "2024-01-18 18:43:15", "elapsed": 8781.161614, "delta": 506.046636}}
{"target": -13.757152735768884, "params": {"gamma": 183.673768573524, "log10_alpha": 0.6954014737171245, "log10_colsample_bytree": -1.0, "log10_eta": -4.0, "log10_lambda": -2.148061677757533, "log10_min_child_weight": 0.36786740223486186, "log10_subsample": 0.0, "max_depth": 7.0}, "datetime": {"datetime": "2024-01-18 19:06:58", "elapsed": 10203.588035, "delta": 1422.426421}}
{"target": -13.75575731366316, "params": {"gamma": 186.73863760610342, "log10_alpha": -4.006093283749814, "log10_colsample_bytree": -0.6985189182582375, "log10_eta": -3.461495312917242, "log10_lambda": -4.13408107032864, "log10_min_child_weight": 0.03349238558440992, "log10_subsample": -0.9990319596726741, "max_depth": 5.0}, "datetime": {"datetime": "2024-01-18 19:21:07", "elapsed": 11053.163443, "delta": 849.575408}}
{"target": -13.757643674606548, "params": {"gamma": 186.68626031403053, "log10_alpha": -3.6653932492777765, "log10_colsample_bytree": -0.42876968803533466, "log10_eta": -3.7520597620166627, "log10_lambda": 0.27946791710954955, "log10_min_child_weight": 1.2261160840141416, "log10_subsample": -0.7047222657573686, "max_depth": 2.0}, "datetime": {"datetime": "2024-01-18 19:39:02", "elapsed": 12127.84468, "delta": 1074.681237}}
{"target": -13.758529233373475, "params": {"gamma": 187.91254873467952, "log10_alpha": -4.478777950502583, "log10_colsample_bytree": -0.11873249350271198, "log10_eta": -3.4790242962435043, "log10_lambda": -4.481510641303547, "log10_min_child_weight": 4.040705953282685, "log10_subsample": -0.9124100323177987, "max_depth": 2.0}, "datetime": {"datetime": "2024-01-18 19:40:45", "elapsed": 12230.946476, "delta": 103.101796}}
{"target": -14.159843848325183, "params": {"gamma": 176.76830838923803, "log10_alpha": 0.5880145404255704, "log10_colsample_bytree": -1.0, "log10_eta": 0.0, "log10_lambda": -4.601520377355165, "log10_min_child_weight": 0.0, "log10_subsample": 0.0, "max_depth": 9.0}, "datetime": {"datetime": "2024-01-18 19:42:21", "elapsed": 12326.905793, "delta": 95.959317}}
{"target": -13.756907274875367, "params": {"gamma": 177.04449577478098, "log10_alpha": 0.5820203504964754, "log10_colsample_bytree": -0.5010264703183946, "log10_eta": -3.1862080040829532, "log10_lambda": -4.595024736701226, "log10_min_child_weight": 2.615733612976203, "log10_subsample": -0.32675842848505976, "max_depth": 5.0}, "datetime": {"datetime": "2024-01-18 19:48:27", "elapsed": 12692.861716, "delta": 365.955923}}
{"target": -13.758517105814322, "params": {"gamma": 180.1676384734681, "log10_alpha": -0.29556857709556006, "log10_colsample_bytree": 0.0, "log10_eta": -4.0, "log10_lambda": -3.1534955375238325, "log10_min_child_weight": 1.264772516683095, "log10_subsample": 0.0, "max_depth": 5.0}, "datetime": {"datetime": "2024-01-18 19:50:53", "elapsed": 12839.289963, "delta": 146.428247}}
{"target": -13.757368632615737, "params": {"gamma": 177.03493971486049, "log10_alpha": 0.4195254548057471, "log10_colsample_bytree": -1.0, "log10_eta": -3.7175134187521404, "log10_lambda": -2.7805084812315326, "log10_min_child_weight": 0.0, "log10_subsample": -1.0, "max_depth": 2.0}, "datetime": {"datetime": "2024-01-18 20:10:55", "elapsed": 14041.444872, "delta": 1202.154909}}
{"target": -13.75461954431583, "params": {"gamma": 185.06686159071427, "log10_alpha": -1.1296526942338512, "log10_colsample_bytree": -1.0, "log10_eta": -2.3298865179350225, "log10_lambda": -2.0562947801022204, "log10_min_child_weight": 0.9382270927654256, "log10_subsample": -1.0, "max_depth": 3.0}, "datetime": {"datetime": "2024-01-18 20:15:07", "elapsed": 14292.628868, "delta": 251.183996}}
{"target": -13.758522544861744, "params": {"gamma": 184.90567762581927, "log10_alpha": -2.924740122555257, "log10_colsample_bytree": 0.0, "log10_eta": -4.0, "log10_lambda": -0.9483448286461926, "log10_min_child_weight": 2.8009773076242666, "log10_subsample": -0.4842338542645624, "max_depth": 5.0}, "datetime": {"datetime": "2024-01-18 20:17:10", "elapsed": 14415.707542, "delta": 123.078674}}
{"target": -13.757955006907691, "params": {"gamma": 173.8520935914505, "log10_alpha": -1.971711444124752, "log10_colsample_bytree": -0.1545074432300373, "log10_eta": -2.7620642984156953, "log10_lambda": -4.123966098627344, "log10_min_child_weight": 0.9873451301880098, "log10_subsample": -0.635077118209925, "max_depth": 2.0}, "datetime": {"datetime": "2024-01-18 20:20:04", "elapsed": 14589.507353, "delta": 173.799811}}
{"target": -13.757819591108253, "params": {"gamma": 176.32322422775422, "log10_alpha": -3.4835231663604307, "log10_colsample_bytree": 0.0, "log10_eta": -4.0, "log10_lambda": -5.0, "log10_min_child_weight": 3.8234622741256077, "log10_subsample": -0.28253384467881726, "max_depth": 4.0}, "datetime": {"datetime": "2024-01-18 20:45:25", "elapsed": 16110.648298, "delta": 1521.140945}}
{"target": -13.758538750937623, "params": {"gamma": 179.14196082995502, "log10_alpha": -3.3199487970125103, "log10_colsample_bytree": 0.0, "log10_eta": -4.0, "log10_lambda": -5.0, "log10_min_child_weight": 4.759435994468427, "log10_subsample": 0.0, "max_depth": 7.0}, "datetime": {"datetime": "2024-01-18 20:46:47", "elapsed": 16193.353696, "delta": 82.705398}}
{"target": -13.78199781015594, "params": {"gamma": 187.2061892448742, "log10_alpha": -3.0336787573425643, "log10_colsample_bytree": -0.5398624112987421, "log10_eta": -0.06238568124891675, "log10_lambda": -3.9535803063664554, "log10_min_child_weight": 4.062436152085423, "log10_subsample": -0.08206094315842027, "max_depth": 5.0}, "datetime": {"datetime": "2024-01-18 20:48:05", "elapsed": 16270.908161, "delta": 77.554465}}
{"target": -13.75799115835389, "params": {"gamma": 174.2292202143354, "log10_alpha": -1.0981239852428308, "log10_colsample_bytree": 0.0, "log10_eta": -4.0, "log10_lambda": -1.9656241449232696, "log10_min_child_weight": 2.557004466307033, "log10_subsample": -1.0, "max_depth": 5.0}, "datetime": {"datetime": "2024-01-18 21:02:15", "elapsed": 17120.586755, "delta": 849.678594}}
{"target": -13.758250617469505, "params": {"gamma": 191.04032806198, "log10_alpha": -3.7752836183570655, "log10_colsample_bytree": -0.08598720916065017, "log10_eta": -3.9560017097143976, "log10_lambda": -1.6510862470971186, "log10_min_child_weight": 1.57767092029302, "log10_subsample": -0.11046787408267811, "max_depth": 4.0}, "datetime": {"datetime": "2024-01-18 21:11:58", "elapsed": 17704.434694, "delta": 583.847939}}
{"target": -13.757314123213755, "params": {"gamma": 180.6393852215123, "log10_alpha": 1.0, "log10_colsample_bytree": 0.0, "log10_eta": -4.0, "log10_lambda": 0.492012231349217, "log10_min_child_weight": 2.858683761256275, "log10_subsample": -0.8819282888982369, "max_depth": 7.0}, "datetime": {"datetime": "2024-01-18 21:38:45", "elapsed": 19310.86252, "delta": 1606.427826}}
{"target": -13.758538406202359, "params": {"gamma": 173.69764160089187, "log10_alpha": -3.467134890124097, "log10_colsample_bytree": 0.0, "log10_eta": -4.0, "log10_lambda": -5.0, "log10_min_child_weight": 5.0, "log10_subsample": 0.0, "max_depth": 7.0}, "datetime": {"datetime": "2024-01-18 21:40:08", "elapsed": 19394.134712, "delta": 83.272192}}
{"target": -13.757878165148764, "params": {"gamma": 172.93038268860755, "log10_alpha": 0.6016793186180616, "log10_colsample_bytree": -0.39654678386231135, "log10_eta": -0.7112133017396429, "log10_lambda": -1.2125519517994312, "log10_min_child_weight": 1.4726668833009648, "log10_subsample": -0.6926910982038316, "max_depth": 2.0}, "datetime": {"datetime": "2024-01-18 21:41:26", "elapsed": 19472.122077, "delta": 77.987365}}
{"target": -13.75844931692, "params": {"gamma": 186.04806619447734, "log10_alpha": 1.0, "log10_colsample_bytree": 0.0, "log10_eta": -4.0, "log10_lambda": 1.0, "log10_min_child_weight": 0.5666341484308661, "log10_subsample": 0.0, "max_depth": 3.0}, "datetime": {"datetime": "2024-01-18 21:49:41", "elapsed": 19967.184828, "delta": 495.062751}}
