{"target": -17.671172007342143, "params": {"gamma": 169.74755230734598, "log10_alpha": -4.962788387411968, "log10_colsample_bytree": -0.8722082786099785, "log10_eta": -3.391653456734235, "log10_lambda": -0.6006970556050302, "log10_min_child_weight": 0.15317197167036223, "log10_subsample": -0.5450927226714891, "max_depth": 2.0}, "datetime": {"datetime": "2024-01-18 19:39:00", "elapsed": 11909.59419, "delta": 1139.233485}}
{"target": -17.66890645857589, "params": {"gamma": 167.6258260874795, "log10_alpha": -4.793227347638424, "log10_colsample_bytree": -0.7761172972144188, "log10_eta": -1.8781941505843927, "log10_lambda": -3.975018886525672, "log10_min_child_weight": 1.0071971213095376, "log10_subsample": -0.45018429341545596, "max_depth": 6.0}, "datetime": {"datetime": "2024-01-18 19:40:57", "elapsed": 12026.320133, "delta": 116.725943}}
{"target": -17.667051358581876, "params": {"gamma": 168.37960187705798, "log10_alpha": -4.113185131081999, "log10_colsample_bytree": -1.0, "log10_eta": -1.32570288917195, "log10_lambda": -2.7906825215373816, "log10_min_child_weight": 0.0, "log10_subsample": -1.0, "max_depth": 4.0}, "datetime": {"datetime": "2024-01-18 19:42:22", "elapsed": 12111.8255, "delta": 85.505367}}
{"target": -17.669409140664516, "params": {"gamma": 168.84598510056082, "log10_alpha": -4.815309986144677, "log10_colsample_bytree": -0.9695742916578663, "log10_eta": -2.56267299460558, "log10_lambda": -2.955964531453463, "log10_min_child_weight": 2.4090349475101656, "log10_subsample": -0.38606404870594657, "max_depth": 6.0}, "datetime": {"datetime": "2024-01-18 19:46:39", "elapsed": 12367.947271, "delta": 256.121771}}
{"target": -17.670813665527774, "params": {"gamma": 165.2685364793697, "log10_alpha": -3.900610385602116, "log10_colsample_bytree": -0.6097124280328226, "log10_eta": -1.8183558565649336, "log10_lambda": -4.1246855116844845, "log10_min_child_weight": 0.11968421016343656, "log10_subsample": -0.23777629089176588, "max_depth": 5.0}, "datetime": {"datetime": "2024-01-18 19:48:10", "elapsed": 12459.291263, "delta": 91.343992}}
{"target": -17.67112532731756, "params": {"gamma": 169.19106818895992, "log10_alpha": -4.494073089366258, "log10_colsample_bytree": -0.4621308348865114, "log10_eta": -2.342939772024668, "log10_lambda": -3.4393166014266128, "log10_min_child_weight": 0.016849774544462903, "log10_subsample": -0.7773761442702851, "max_depth": 7.0}, "datetime": {"datetime": "2024-01-18 19:50:55", "elapsed": 12624.504387, "delta": 165.213124}}
{"target": -17.668958560813145, "params": {"gamma": 166.55934562414507, "log10_alpha": -4.649322376362928, "log10_colsample_bytree": -0.6615425715521964, "log10_eta": -2.6165916999342045, "log10_lambda": -3.2099019539328033, "log10_min_child_weight": 2.150645936524567, "log10_subsample": -0.23610228609060235, "max_depth": 5.0}, "datetime": {"datetime": "2024-01-18 19:55:01", "elapsed": 12870.307372, "delta": 245.802985}}
{"target": -17.67609646196214, "params": {"gamma": 166.6308551128247, "log10_alpha": -4.212182948884669, "log10_colsample_bytree": -0.9551500271198036, "log10_eta": -2.558781164386229, "log10_lambda": -2.541120114354475, "log10_min_child_weight": 3.6171443965788397, "log10_subsample": -0.793123028658198, "max_depth": 7.0}, "datetime": {"datetime": "2024-01-18 19:57:55", "elapsed": 13043.976576, "delta": 173.669204}}
{"target": -17.672857758285513, "params": {"gamma": 169.78828404094511, "log10_alpha": -4.29379294197643, "log10_colsample_bytree": -0.08725729688763662, "log10_eta": -3.8862592984834765, "log10_lambda": -1.651410492528548, "log10_min_child_weight": 0.15122025596428612, "log10_subsample": -0.525399588472629, "max_depth": 5.0}, "datetime": {"datetime": "2024-01-18 20:20:38", "elapsed": 14407.035111, "delta": 1363.058535}}
{"target": -17.6674553915302, "params": {"gamma": 166.977802732558, "log10_alpha": -4.936536703624438, "log10_colsample_bytree": -0.9305409031525209, "log10_eta": -1.4957365714968267, "log10_lambda": -2.734318639042769, "log10_min_child_weight": 0.6188096324422221, "log10_subsample": -0.31092506121421437, "max_depth": 4.0}, "datetime": {"datetime": "2024-01-18 20:22:12", "elapsed": 14501.219478, "delta": 94.184367}}
{"target": -17.671905893773058, "params": {"gamma": 167.5326932476868, "log10_alpha": -4.676357695016665, "log10_colsample_bytree": -0.07267213033098696, "log10_eta": -3.7226727196143368, "log10_lambda": -3.7282481116913226, "log10_min_child_weight": 0.6804526627292096, "log10_subsample": -0.013469644986136786, "max_depth": 6.0}, "datetime": {"datetime": "2024-01-18 20:41:29", "elapsed": 15658.043995, "delta": 1156.824517}}
{"target": -17.672896785310346, "params": {"gamma": 163.08610944921637, "log10_alpha": -4.044174801429988, "log10_colsample_bytree": -0.5725339015102044, "log10_eta": -3.7230756399327105, "log10_lambda": -4.798046012942823, "log10_min_child_weight": 2.1880971703957948, "log10_subsample": -0.9458201539943919, "max_depth": 3.0}, "datetime": {"datetime": "2024-01-18 21:01:04", "elapsed": 16833.308365, "delta": 1175.26437}}
{"target": -17.739702696249804, "params": {"gamma": 166.820522129868, "log10_alpha": -3.990638087483244, "log10_colsample_bytree": -0.5616349076971177, "log10_eta": -0.26491171279740566, "log10_lambda": -2.9396283197500215, "log10_min_child_weight": 1.032703659633466, "log10_subsample": -0.3565270576606422, "max_depth": 5.0}, "datetime": {"datetime": "2024-01-18 21:02:15", "elapsed": 16904.126817, "delta": 70.818452}}
{"target": -17.671385436586128, "params": {"gamma": 167.48809398410546, "log10_alpha": -4.940416522064938, "log10_colsample_bytree": -0.6453385205618936, "log10_eta": -3.661285897300593, "log10_lambda": -1.5597297170882118, "log10_min_child_weight": 1.8343543533573703, "log10_subsample": -0.6077452928616701, "max_depth": 4.0}, "datetime": {"datetime": "2024-01-18 21:22:46", "elapsed": 18135.021922, "delta": 1230.895105}}
{"target": -17.66786294287446, "params": {"gamma": 166.86161370422099, "log10_alpha": -4.760809087158069, "log10_colsample_bytree": -0.7297652474916198, "log10_eta": -2.934661815397417, "log10_lambda": -1.951513676619955, "log10_min_child_weight": 0.7305705455580686, "log10_subsample": -0.12796965662146254, "max_depth": 3.0}, "datetime": {"datetime": "2024-01-18 21:33:36", "elapsed": 18785.006754, "delta": 649.984832}}
{"target": -17.67125817401381, "params": {"gamma": 168.3741109808776, "log10_alpha": -3.3740483076830956, "log10_colsample_bytree": -0.6305220913321401, "log10_eta": -3.6281422258994653, "log10_lambda": -3.4180360786134605, "log10_min_child_weight": 1.3209201462403486, "log10_subsample": -0.2078195512657468, "max_depth": 4.0}, "datetime": {"datetime": "2024-01-18 21:54:12", "elapsed": 20021.283735, "delta": 1236.276981}}
{"target": -17.668843258060036, "params": {"gamma": 76.30828937395717, "log10_alpha": -0.3204872465593125, "log10_colsample_bytree": -0.5615907685591065, "log10_eta": -1.1061392886762351, "log10_lambda": 0.8679370719796164, "log10_min_child_weight": 2.6924793520521684, "log10_subsample": -0.4988795363400621, "max_depth": 2.0}, "datetime": {"datetime": "2024-01-18 22:50:12", "elapsed": 0.0, "delta": 0.0}}
{"target": -17.669102613725038, "params": {"gamma": 844.09905458848, "log10_alpha": -3.199032986016692, "log10_colsample_bytree": -0.2022360244264999, "log10_eta": -1.4470470813452114, "log10_lambda": -4.41915224919835, "log10_min_child_weight": 1.3270757197826655, "log10_subsample": -0.7641350058671815, "max_depth": 3.0}, "datetime": {"datetime": "2024-01-18 22:51:47", "elapsed": 94.384944, "delta": 94.384944}}
{"target": -17.67704785420728, "params": {"gamma": 75.20913744296998, "log10_alpha": 0.9061053274619466, "log10_colsample_bytree": -0.07174155955731354, "log10_eta": -1.444682310695704, "log10_lambda": 0.4814377664362972, "log10_min_child_weight": 4.256463800973115, "log10_subsample": -0.22250960931857533, "max_depth": 3.0}, "datetime": {"datetime": "2024-01-18 22:53:02", "elapsed": 169.515019, "delta": 75.130075}}
{"target": -17.676442647170575, "params": {"gamma": 399.6985558293279, "log10_alpha": -3.3155010579032504, "log10_colsample_bytree": -0.6522833669024054, "log10_eta": -0.4503286192245475, "log10_lambda": -2.2124631722340116, "log10_min_child_weight": 4.787400113560423, "log10_subsample": -0.32136921602063606, "max_depth": 6.0}, "datetime": {"datetime": "2024-01-18 22:54:19", "elapsed": 246.645173, "delta": 77.130154}}
{"target": -17.673921563421636, "params": {"gamma": 664.491632381989, "log10_alpha": 0.6129129768842194, "log10_colsample_bytree": -0.2246057180808353, "log10_eta": -1.80614265973432, "log10_lambda": -3.81409051307311, "log10_min_child_weight": 3.5922816225770164, "log10_subsample": -0.5474561232715995, "max_depth": 3.0}, "datetime": {"datetime": "2024-01-18 22:55:59", "elapsed": 346.955141, "delta": 100.309968}}
{"target": -17.67506406406989, "params": {"gamma": 634.0902284061248, "log10_alpha": -0.4236423306257784, "log10_colsample_bytree": -0.8798660144765288, "log10_eta": -0.6710817670950844, "log10_lambda": 0.7474713553841514, "log10_min_child_weight": 4.828025433218542, "log10_subsample": -0.8793414827548756, "max_depth": 8.0}, "datetime": {"datetime": "2024-01-18 22:57:20", "elapsed": 427.326956, "delta": 80.371815}}
{"target": -17.670462875363405, "params": {"gamma": 807.0589280830694, "log10_alpha": -4.744863212507091, "log10_colsample_bytree": -0.33419011666833587, "log10_eta": -3.411884340723053, "log10_lambda": -0.737061955476511, "log10_min_child_weight": 0.22690545849136878, "log10_subsample": -0.9122712218166771, "max_depth": 5.0}, "datetime": {"datetime": "2024-01-18 23:13:00", "elapsed": 1367.831859, "delta": 940.504903}}
{"target": -17.67666615789097, "params": {"gamma": 993.945534808625, "log10_alpha": -2.8590463471578174, "log10_colsample_bytree": -0.40238839239791446, "log10_eta": -3.7231902178991882, "log10_lambda": -3.558770649785404, "log10_min_child_weight": 4.972936351727465, "log10_subsample": -0.21992641775421717, "max_depth": 4.0}, "datetime": {"datetime": "2024-01-18 23:29:57", "elapsed": 2384.387207, "delta": 1016.555348}}
{"target": -17.670802404373063, "params": {"gamma": 664.1541507639965, "log10_alpha": -3.9366552583726295, "log10_colsample_bytree": -0.5737455601558354, "log10_eta": -1.1583562717024734, "log10_lambda": -0.6960222160985214, "log10_min_child_weight": 3.2734359720699207, "log10_subsample": -0.8944892098161719, "max_depth": 9.0}, "datetime": {"datetime": "2024-01-18 23:31:21", "elapsed": 2468.208566, "delta": 83.821359}}
{"target": -17.676384626783904, "params": {"gamma": 613.079340322416, "log10_alpha": -2.4390223482031064, "log10_colsample_bytree": -0.10324886570478486, "log10_eta": -2.47038792196376, "log10_lambda": -0.41016292395057974, "log10_min_child_weight": 4.3204705929042735, "log10_subsample": -0.8163465129049667, "max_depth": 3.0}, "datetime": {"datetime": "2024-01-18 23:34:00", "elapsed": 2627.768761, "delta": 159.560195}}
{"target": -17.67722826631768, "params": {"gamma": 976.569627876785, "log10_alpha": 0.3957886544721507, "log10_colsample_bytree": -0.30483298478701437, "log10_eta": -3.7241047910531635, "log10_lambda": -2.920611558080469, "log10_min_child_weight": 4.030120885975875, "log10_subsample": -0.5044943942418628, "max_depth": 4.0}, "datetime": {"datetime": "2024-01-18 23:35:27", "elapsed": 2715.009701, "delta": 87.24094}}
{"target": -17.67115014584222, "params": {"gamma": 927.2876743868402, "log10_alpha": -1.0049363288423683, "log10_colsample_bytree": -0.5260177325829238, "log10_eta": -2.068337391799472, "log10_lambda": -0.9071701512377963, "log10_min_child_weight": 2.5402350688342623, "log10_subsample": -0.7377012002525666, "max_depth": 5.0}, "datetime": {"datetime": "2024-01-18 23:37:23", "elapsed": 2830.459566, "delta": 115.449865}}
{"target": -17.678173833572693, "params": {"gamma": 405.27977457434383, "log10_alpha": 0.9024591435169018, "log10_colsample_bytree": -0.5809754038942057, "log10_eta": -0.5706903710392521, "log10_lambda": -1.0886252603737745, "log10_min_child_weight": 0.2719818877457614, "log10_subsample": -0.9013838282357248, "max_depth": 5.0}, "datetime": {"datetime": "2024-01-18 23:38:37", "elapsed": 2904.259229, "delta": 73.799663}}
