{"target": -12.846519612980206, "params": {"gamma": 109.76270078546494, "log10_alpha": -0.7088638017654834, "log10_colsample_bytree": -0.3972366239283561, "log10_eta": -1.8204672680124125, "log10_lambda": -2.458071203966572, "log10_min_child_weight": 3.2294705653332807, "log10_subsample": -0.5624127887373075, "max_depth": 9.0}, "datetime": {"datetime": "2024-01-18 16:00:58", "elapsed": 0.0, "delta": 0.0}}
{"target": -13.756594834013656, "params": {"gamma": 109.76270078546494, "log10_alpha": -0.7088638017654834, "log10_colsample_bytree": -0.3972366239283561, "log10_eta": -1.8204672680124125, "log10_lambda": -2.458071203966572, "log10_min_child_weight": 3.2294705653332807, "log10_subsample": -0.5624127887373075, "max_depth": 9.0}, "datetime": {"datetime": "2024-01-18 16:19:00", "elapsed": 0.0, "delta": 0.0}}
{"target": -13.758930217434814, "params": {"gamma": 122.87497249895706, "log10_alpha": -0.09550754465475109, "log10_colsample_bytree": -0.2904993646160332, "log10_eta": -1.0118174132332816, "log10_lambda": -0.34448356952063364, "log10_min_child_weight": 3.518457494436385, "log10_subsample": -0.8835961377245698, "max_depth": 4.0}, "datetime": {"datetime": "2024-01-18 16:20:34", "elapsed": 94.094862, "delta": 94.094862}}
{"target": -13.758225347255657, "params": {"gamma": 153.17238700517336, "log10_alpha": -1.0887290649928616, "log10_colsample_bytree": -0.29768132603044484, "log10_eta": -1.5008711412815052, "log10_lambda": -0.765463340486475, "log10_min_child_weight": 4.055750103672224, "log10_subsample": -0.2915963867092325, "max_depth": 8.0}, "datetime": {"datetime": "2024-01-18 16:22:20", "elapsed": 199.432809, "delta": 105.337947}}
{"target": -13.758468533553065, "params": {"gamma": 72.86128577298001, "log10_alpha": -1.8921664468269892, "log10_colsample_bytree": -0.3670145726591363, "log10_eta": -1.8400014462159167, "log10_lambda": 0.5811890867742955, "log10_min_child_weight": 3.813425028899184, "log10_subsample": -0.6657276523308633, "max_depth": 3.0}, "datetime": {"datetime": "2024-01-18 16:24:00", "elapsed": 299.689081, "delta": 100.256272}}
{"target": -13.80631059191412, "params": {"gamma": 121.18678200523769, "log10_alpha": -2.9731505398097093, "log10_colsample_bytree": -0.26814574982121364, "log10_eta": -0.015331592716254061, "log10_lambda": -3.077424830182618, "log10_min_child_weight": 3.2035073946445403, "log10_subsample": -0.752768710342544, "max_depth": 4.0}, "datetime": {"datetime": "2024-01-18 16:25:35", "elapsed": 394.575552, "delta": 94.886471}}
{"target": -13.758530473464026, "params": {"gamma": 117.54301470802993, "log10_alpha": -4.210090996720359, "log10_colsample_bytree": -0.8598625769445734, "log10_eta": -3.729353292884823, "log10_lambda": 0.8513291412635322, "log10_min_child_weight": 4.044561373960319, "log10_subsample": -0.3911874130942161, "max_depth": 2.0}, "datetime": {"datetime": "2024-01-18 16:27:40", "elapsed": 519.79156, "delta": 125.216008}}
{"target": -13.755122231084709, "params": {"gamma": 172.25474968195792, "log10_alpha": -2.389334449331101, "log10_colsample_bytree": -0.6014293492698648, "log10_eta": -1.6833898891928731, "log10_lambda": -1.397214697726544, "log10_min_child_weight": 1.9637994851163287, "log10_subsample": -0.649866533252191, "max_depth": 8.0}, "datetime": {"datetime": "2024-01-18 16:29:56", "elapsed": 655.686295, "delta": 135.894735}}
{"target": -13.756897956935045, "params": {"gamma": 117.19421651808959, "log10_alpha": 0.5844927257664541, "log10_colsample_bytree": -0.477553064194269, "log10_eta": -2.7846035980946175, "log10_lambda": 0.3101129938047329, "log10_min_child_weight": 0.9854595285010953, "log10_subsample": -0.3173725341722039, "max_depth": 4.0}, "datetime": {"datetime": "2024-01-18 16:34:56", "elapsed": 955.686353, "delta": 300.000058}}
{"target": -13.753764611339244, "params": {"gamma": 157.98606135926946, "log10_alpha": -4.9565132022724026, "log10_colsample_bytree": -0.7209721303367826, "log10_eta": -1.5950898638287043, "log10_lambda": -3.82136511056335, "log10_min_child_weight": 1.4634245076025802, "log10_subsample": -0.29540619864078477, "max_depth": 9.0}, "datetime": {"datetime": "2024-01-18 16:37:19", "elapsed": 1098.36396, "delta": 142.677607}}
{"target": -13.774289543675316, "params": {"gamma": 62.166016802933925, "log10_alpha": 0.04150206678139057, "log10_colsample_bytree": -0.08762700838122339, "log10_eta": -0.45515537662697403, "log10_lambda": -1.4182777275999232, "log10_min_child_weight": 3.116863781486092, "log10_subsample": -0.5515837785936596, "max_depth": 8.0}, "datetime": {"datetime": "2024-01-18 16:38:58", "elapsed": 1197.43063, "delta": 99.06667}}
{"target": -13.75796396627669, "params": {"gamma": 186.77323598520348, "log10_alpha": -3.5468009316642193, "log10_colsample_bytree": -0.6579384910320293, "log10_eta": -1.266090219798496, "log10_lambda": -3.101015940688659, "log10_min_child_weight": 4.184851090403198, "log10_subsample": -0.7787752723828307, "max_depth": 3.0}, "datetime": {"datetime": "2024-01-18 16:40:43", "elapsed": 1302.807012, "delta": 105.376382}}
{"target": -13.755844527457985, "params": {"gamma": 77.93581448973208, "log10_alpha": -4.170293140617882, "log10_colsample_bytree": -0.9748925494140906, "log10_eta": -1.686075696621066, "log10_lambda": -0.6025100482458461, "log10_min_child_weight": 3.3558829029361696, "log10_subsample": -0.6496711324608972, "max_depth": 9.0}, "datetime": {"datetime": "2024-01-18 16:43:47", "elapsed": 1486.540406, "delta": 183.733394}}
{"target": -13.755631104761378, "params": {"gamma": 189.41268248166077, "log10_alpha": -0.7766184793053332, "log10_colsample_bytree": -0.620561251951083, "log10_eta": -2.333418656335997, "log10_lambda": -1.8861863377933066, "log10_min_child_weight": 2.191833157261562, "log10_subsample": -0.7603013847717639, "max_depth": 4.0}, "datetime": {"datetime": "2024-01-18 16:48:14", "elapsed": 1753.393464, "delta": 266.853058}}
{"target": -13.757768812424874, "params": {"gamma": 186.8953801464989, "log10_alpha": -3.3636466230554287, "log10_colsample_bytree": -0.8256087576599668, "log10_eta": -0.9377963970246941, "log10_lambda": -3.0815483281459377, "log10_min_child_weight": 4.39184513157433, "log10_subsample": -0.23116579389620062, "max_depth": 3.0}, "datetime": {"datetime": "2024-01-18 16:49:59", "elapsed": 1858.939024, "delta": 105.54556}}
{"target": -13.77959229104611, "params": {"gamma": 155.61086343067103, "log10_alpha": -3.9175777488256416, "log10_colsample_bytree": -0.03554529129923223, "log10_eta": -0.5706270212458082, "log10_lambda": -2.9106999519736987, "log10_min_child_weight": 2.717249753099172, "log10_subsample": -0.5432523739439036, "max_depth": 8.0}, "datetime": {"datetime": "2024-01-18 16:51:39", "elapsed": 1958.765041, "delta": 99.826017}}
{"target": -13.7589697945483, "params": {"gamma": 188.32405384764874, "log10_alpha": -2.032797923354015, "log10_colsample_bytree": -0.8142689053071189, "log10_eta": -0.5385149374766245, "log10_lambda": -2.5921504225550764, "log10_min_child_weight": 2.4570851293807676, "log10_subsample": -0.6418805165222319, "max_depth": 5.0}, "datetime": {"datetime": "2024-01-18 16:53:12", "elapsed": 2051.964875, "delta": 93.199834}}
{"target": -13.75523741637959, "params": {"gamma": 160.67237409416887, "log10_alpha": -4.25325391554175, "log10_colsample_bytree": -0.873796914500736, "log10_eta": -1.2465972610179614, "log10_lambda": -2.885606453444036, "log10_min_child_weight": 0.27146835991219365, "log10_subsample": -0.10416448261157685, "max_depth": 8.0}, "datetime": {"datetime": "2024-01-18 16:55:12", "elapsed": 2171.821723, "delta": 119.856848}}
{"target": -13.754645741154388, "params": {"gamma": 161.391238947981, "log10_alpha": -4.974276672692849, "log10_colsample_bytree": -0.4949438800133056, "log10_eta": -2.1448370471491756, "log10_lambda": -4.2185208414659385, "log10_min_child_weight": 2.2015708536526875, "log10_subsample": -0.8982462063746031, "max_depth": 8.0}, "datetime": {"datetime": "2024-01-18 16:58:36", "elapsed": 2375.857074, "delta": 204.035351}}
{"target": -13.755976391817866, "params": {"gamma": 158.75965342346333, "log10_alpha": -3.3491676956962984, "log10_colsample_bytree": -0.5034269772446205, "log10_eta": -3.0279801263215678, "log10_lambda": -4.676053776540098, "log10_min_child_weight": 0.4341970186520888, "log10_subsample": -0.09555736437699025, "max_depth": 8.0}, "datetime": {"datetime": "2024-01-18 17:08:11", "elapsed": 2950.330858, "delta": 574.473784}}
{"target": -13.757144364965278, "params": {"gamma": 159.86106292171587, "log10_alpha": -5.0, "log10_colsample_bytree": -1.0, "log10_eta": -3.9667968297976794, "log10_lambda": -2.969266866523239, "log10_min_child_weight": 1.2287297143491216, "log10_subsample": 0.0, "max_depth": 10.0}, "datetime": {"datetime": "2024-01-18 17:58:08", "elapsed": 5947.816067, "delta": 2997.485209}}
{"target": -13.78048598410614, "params": {"gamma": 159.94247748987942, "log10_alpha": -5.0, "log10_colsample_bytree": -1.0, "log10_eta": -0.6851621565765702, "log10_lambda": -5.0, "log10_min_child_weight": 0.0, "log10_subsample": -1.0, "max_depth": 10.0}, "datetime": {"datetime": "2024-01-18 18:00:08", "elapsed": 6067.276665, "delta": 119.460598}}
{"target": -13.758537896050543, "params": {"gamma": 159.8718482993471, "log10_alpha": -3.5502520046627106, "log10_colsample_bytree": -0.03711563714302146, "log10_eta": -3.573246399107635, "log10_lambda": -2.860993508583004, "log10_min_child_weight": 2.957357944034448, "log10_subsample": -0.24135724362007238, "max_depth": 8.0}, "datetime": {"datetime": "2024-01-18 18:01:50", "elapsed": 6170.00735, "delta": 102.730685}}
{"target": -13.75436591381699, "params": {"gamma": 160.87046099092782, "log10_alpha": -3.3882694145369308, "log10_colsample_bytree": -0.7528811248025632, "log10_eta": -2.3310630419736214, "log10_lambda": -3.6168755211650234, "log10_min_child_weight": 0.4778676092757622, "log10_subsample": -0.9250875971808546, "max_depth": 5.0}, "datetime": {"datetime": "2024-01-18 18:06:39", "elapsed": 6458.475027, "delta": 288.467677}}
{"target": -13.761058517791358, "params": {"gamma": 160.96653966838988, "log10_alpha": -3.3006646489951663, "log10_colsample_bytree": -0.6979799983654728, "log10_eta": -0.6534418023920163, "log10_lambda": -4.024584257685653, "log10_min_child_weight": 2.5443694193278605, "log10_subsample": -0.7085909171541324, "max_depth": 5.0}, "datetime": {"datetime": "2024-01-18 18:08:08", "elapsed": 6547.937978, "delta": 89.462951}}
{"target": -13.755361357851374, "params": {"gamma": 161.88911878462417, "log10_alpha": -2.0896050032571853, "log10_colsample_bytree": -0.884375992721504, "log10_eta": -3.4380224903855057, "log10_lambda": -3.6332917344578006, "log10_min_child_weight": 1.0627242219532889, "log10_subsample": -0.7304710634455472, "max_depth": 6.0}, "datetime": {"datetime": "2024-01-18 18:32:14", "elapsed": 7993.340961, "delta": 1445.402983}}
{"target": -13.756052122792205, "params": {"gamma": 159.6562071694801, "log10_alpha": -5.0, "log10_colsample_bytree": -1.0, "log10_eta": -3.3250638865328055, "log10_lambda": -2.8695012981035504, "log10_min_child_weight": 0.6975222538832466, "log10_subsample": 0.0, "max_depth": 6.0}, "datetime": {"datetime": "2024-01-18 18:49:10", "elapsed": 9009.703183, "delta": 1016.362222}}
{"target": -13.75838815700764, "params": {"gamma": 162.81796260663214, "log10_alpha": -4.729944896800768, "log10_colsample_bytree": 0.0, "log10_eta": -2.9039682705028116, "log10_lambda": -2.225400490327167, "log10_min_child_weight": 0.6490289701668697, "log10_subsample": -0.5285640574844952, "max_depth": 6.0}, "datetime": {"datetime": "2024-01-18 18:51:25", "elapsed": 9145.066979, "delta": 135.363796}}
{"target": -13.755277004035397, "params": {"gamma": 160.83190703251017, "log10_alpha": -3.1751267667010517, "log10_colsample_bytree": -0.9981902890169333, "log10_eta": -3.3312901358748945, "log10_lambda": -0.34922369801485154, "log10_min_child_weight": 0.8766036485642947, "log10_subsample": -0.2262943576188179, "max_depth": 7.0}, "datetime": {"datetime": "2024-01-18 19:15:20", "elapsed": 10579.823274, "delta": 1434.756295}}
{"target": -13.770725489254097, "params": {"gamma": 160.14853086114647, "log10_alpha": -0.9904928248784861, "log10_colsample_bytree": -0.46227302754425226, "log10_eta": -0.6294649156054155, "log10_lambda": -0.9189185128709232, "log10_min_child_weight": 0.23273248977503103, "log10_subsample": -0.06574490400625466, "max_depth": 7.0}, "datetime": {"datetime": "2024-01-18 19:16:56", "elapsed": 10675.351258, "delta": 95.527984}}
{"target": -13.757078200587666, "params": {"gamma": 161.7100349873795, "log10_alpha": -3.5858489810456966, "log10_colsample_bytree": -1.0, "log10_eta": -4.0, "log10_lambda": -3.068975139955161, "log10_min_child_weight": 0.0, "log10_subsample": 0.0, "max_depth": 8.0}, "datetime": {"datetime": "2024-01-18 19:58:55", "elapsed": 13194.567493, "delta": 2519.216235}}
{"target": -13.756954762555486, "params": {"gamma": 163.05597668990058, "log10_alpha": -4.794707490213225, "log10_colsample_bytree": -0.34893920922223487, "log10_eta": -3.516780947002483, "log10_lambda": 0.09014817924244412, "log10_min_child_weight": 1.1671040887099549, "log10_subsample": -0.25871228616459274, "max_depth": 9.0}, "datetime": {"datetime": "2024-01-18 20:17:12", "elapsed": 14291.541403, "delta": 1096.97391}}
{"target": -13.753303277495169, "params": {"gamma": 160.90076328758937, "log10_alpha": -5.0, "log10_colsample_bytree": -1.0, "log10_eta": -1.6771663771422372, "log10_lambda": -0.9843000517538367, "log10_min_child_weight": 2.5832682729670227, "log10_subsample": -1.0, "max_depth": 8.0}, "datetime": {"datetime": "2024-01-18 20:19:57", "elapsed": 14456.85883, "delta": 165.317427}}
{"target": -13.752879221738729, "params": {"gamma": 169.2632380894265, "log10_alpha": -4.411292417393465, "log10_colsample_bytree": -0.8265851878470647, "log10_eta": -2.2248505964399197, "log10_lambda": -0.023728190240985825, "log10_min_child_weight": 1.6766930439454804, "log10_subsample": -0.5574708651024102, "max_depth": 8.0}, "datetime": {"datetime": "2024-01-18 20:25:21", "elapsed": 14780.352269, "delta": 323.493439}}
{"target": -13.754900909398408, "params": {"gamma": 168.5135230864304, "log10_alpha": -2.2478165742043026, "log10_colsample_bytree": -1.0, "log10_eta": -2.592240365955008, "log10_lambda": -2.2396411395280533, "log10_min_child_weight": 2.575920008276154, "log10_subsample": -0.781496198182427, "max_depth": 7.0}, "datetime": {"datetime": "2024-01-18 20:32:18", "elapsed": 15197.821394, "delta": 417.469125}}
{"target": -13.75589732052449, "params": {"gamma": 169.3535367694153, "log10_alpha": -4.342015882897431, "log10_colsample_bytree": -0.76205026213745, "log10_eta": -1.730109467603702, "log10_lambda": -2.6666696509307233, "log10_min_child_weight": 3.5555872118508103, "log10_subsample": -0.1903179953942662, "max_depth": 9.0}, "datetime": {"datetime": "2024-01-18 20:34:39", "elapsed": 15338.560421, "delta": 140.739027}}
{"target": -13.763128692711867, "params": {"gamma": 169.32344953148305, "log10_alpha": -1.5531947968120763, "log10_colsample_bytree": -0.05949838894802273, "log10_eta": -1.0349969070994525, "log10_lambda": 0.3978964600356436, "log10_min_child_weight": 0.9113310150784715, "log10_subsample": -0.5415080921703818, "max_depth": 9.0}, "datetime": {"datetime": "2024-01-18 20:36:37", "elapsed": 15456.956077, "delta": 118.395656}}
{"target": -13.757111487215836, "params": {"gamma": 171.14700156511043, "log10_alpha": -4.205718173651323, "log10_colsample_bytree": -0.13651519983774185, "log10_eta": -2.9566681146784153, "log10_lambda": -1.7763546117112874, "log10_min_child_weight": 3.1132936431073457, "log10_subsample": -0.9808975240361653, "max_depth": 5.0}, "datetime": {"datetime": "2024-01-18 20:44:51", "elapsed": 15950.763515, "delta": 493.807438}}
{"target": -13.75708811989796, "params": {"gamma": 170.40091247134535, "log10_alpha": -4.567994303431896, "log10_colsample_bytree": -1.0, "log10_eta": -4.0, "log10_lambda": -2.3269251220677623, "log10_min_child_weight": 0.7117676768674862, "log10_subsample": -0.3305430459441579, "max_depth": 7.0}, "datetime": {"datetime": "2024-01-18 21:20:17", "elapsed": 18076.665529, "delta": 2125.902014}}
{"target": -13.772095477791291, "params": {"gamma": 169.5741372518152, "log10_alpha": -4.37305378799347, "log10_colsample_bytree": -0.7170134743984525, "log10_eta": -0.21095383013978397, "log10_lambda": -0.3999502618043138, "log10_min_child_weight": 4.370924590902597, "log10_subsample": -0.3028022537984023, "max_depth": 6.0}, "datetime": {"datetime": "2024-01-18 21:21:54", "elapsed": 18173.445317, "delta": 96.779788}}
{"target": -13.755922482127316, "params": {"gamma": 548.8135039273247, "log10_alpha": -0.7088638017654834, "log10_colsample_bytree": -0.3972366239283561, "log10_eta": -1.8204672680124125, "log10_lambda": -2.458071203966572, "log10_min_child_weight": 3.2294705653332807, "log10_subsample": -0.5624127887373075, "max_depth": 9.0}, "datetime": {"datetime": "2024-01-18 22:42:16", "elapsed": 0.0, "delta": 0.0}}
{"target": -13.759133180681113, "params": {"gamma": 614.3748624947854, "log10_alpha": -0.09550754465475109, "log10_colsample_bytree": -0.2904993646160332, "log10_eta": -1.0118174132332816, "log10_lambda": -0.34448356952063364, "log10_min_child_weight": 3.518457494436385, "log10_subsample": -0.8835961377245698, "max_depth": 4.0}, "datetime": {"datetime": "2024-01-18 22:43:30", "elapsed": 73.866308, "delta": 73.866308}}
{"target": -13.758400865940379, "params": {"gamma": 549.008637902753, "log10_alpha": -0.8505355208125733, "log10_colsample_bytree": -0.3062880077852079, "log10_eta": -2.990254201104045, "log10_lambda": -2.8608769101120526, "log10_min_child_weight": 4.075527641258296, "log10_subsample": -0.5199844951120293, "max_depth": 9.0}, "datetime": {"datetime": "2024-01-18 22:46:07", "elapsed": 230.675547, "delta": 156.809239}}
{"target": -13.758448032867967, "params": {"gamma": 364.30642886490006, "log10_alpha": -1.8921664468269892, "log10_colsample_bytree": -0.3670145726591363, "log10_eta": -1.8400014462159167, "log10_lambda": 0.5811890867742955, "log10_min_child_weight": 3.813425028899184, "log10_subsample": -0.6657276523308633, "max_depth": 3.0}, "datetime": {"datetime": "2024-01-18 22:47:20", "elapsed": 303.680874, "delta": 73.005327}}
{"target": -13.791027510602438, "params": {"gamma": 605.9339100261884, "log10_alpha": -2.9731505398097093, "log10_colsample_bytree": -0.26814574982121364, "log10_eta": -0.015331592716254061, "log10_lambda": -3.077424830182618, "log10_min_child_weight": 3.2035073946445403, "log10_subsample": -0.752768710342544, "max_depth": 4.0}, "datetime": {"datetime": "2024-01-18 22:48:31", "elapsed": 374.441115, "delta": 70.760241}}
{"target": -14.398338699498666, "params": {"gamma": 545.3442070116056, "log10_alpha": 0.6530254862943234, "log10_colsample_bytree": -0.02994391637753424, "log10_eta": -0.04221722225955338, "log10_lambda": -0.8766306131944912, "log10_min_child_weight": 1.4081114703147097, "log10_subsample": -0.15505798299834206, "max_depth": 9.0}, "datetime": {"datetime": "2024-01-18 22:50:02", "elapsed": 465.857024, "delta": 91.415909}}
{"target": -13.757101543139573, "params": {"gamma": 550.8623812466421, "log10_alpha": -1.4368575305439026, "log10_colsample_bytree": -0.7428349426128814, "log10_eta": -1.633943186435243, "log10_lambda": -3.029550901350077, "log10_min_child_weight": 3.4454796475417013, "log10_subsample": -0.877627982058679, "max_depth": 9.0}, "datetime": {"datetime": "2024-01-18 22:51:40", "elapsed": 564.114204, "delta": 98.25718}}
{"target": -13.759503473822171, "params": {"gamma": 610.9182641840374, "log10_alpha": 0.31183697829293067, "log10_colsample_bytree": -0.2757315444116769, "log10_eta": -0.6942019500193912, "log10_lambda": -2.1054299476505105, "log10_min_child_weight": 4.5458035034121105, "log10_subsample": -0.3160400702258451, "max_depth": 3.0}, "datetime": {"datetime": "2024-01-18 22:52:52", "elapsed": 635.722524, "delta": 71.60832}}
{"target": -13.756497150128325, "params": {"gamma": 610.615847635515, "log10_alpha": -0.9097920476235046, "log10_colsample_bytree": -0.7694129556701113, "log10_eta": -2.8378909304742015, "log10_lambda": -0.7641503387752149, "log10_min_child_weight": 2.1905287836647824, "log10_subsample": -0.6439717229026234, "max_depth": 2.0}, "datetime": {"datetime": "2024-01-18 22:58:12", "elapsed": 955.655596, "delta": 319.933072}}
{"target": -13.761578895172992, "params": {"gamma": 611.1915551277974, "log10_alpha": -2.2365022019788996, "log10_colsample_bytree": -0.259788686108022, "log10_eta": -0.605292323761919, "log10_lambda": -0.9467933595203547, "log10_min_child_weight": 2.5802324439081272, "log10_subsample": -1.0, "max_depth": 4.0}, "datetime": {"datetime": "2024-01-18 22:59:25", "elapsed": 1028.705015, "delta": 73.049419}}
{"target": -13.758520812068056, "params": {"gamma": 610.0745806557109, "log10_alpha": -0.4135380030472957, "log10_colsample_bytree": -0.5888492542115792, "log10_eta": -3.3245591723688634, "log10_lambda": 0.5219563443182667, "log10_min_child_weight": 4.540088782351871, "log10_subsample": -0.091032516847527, "max_depth": 4.0}, "datetime": {"datetime": "2024-01-18 23:00:53", "elapsed": 1117.379213, "delta": 88.674198}}
{"target": -13.759621902315303, "params": {"gamma": 611.9851476974433, "log10_alpha": -3.1330073117879316, "log10_colsample_bytree": -0.11493243715017243, "log10_eta": -0.7248246428094629, "log10_lambda": 0.9173386645560342, "log10_min_child_weight": 4.915917954433541, "log10_subsample": -0.024589866196553345, "max_depth": 2.0}, "datetime": {"datetime": "2024-01-18 23:02:04", "elapsed": 1187.861833, "delta": 70.48262}}
