{"target": -13.75694778114355, "params": {"gamma": 2.074830777139991, "log10_alpha": -1.9887524471075677, "log10_colsample_bytree": -0.5042267068658539, "log10_eta": -3.4646818841628937, "log10_lambda": -4.1473334872727685, "log10_min_child_weight": 1.0927933781303911, "log10_subsample": -0.5814918194895475, "max_depth": 3.0}, "datetime": {"datetime": "2024-01-18 16:26:37", "elapsed": 0.0, "delta": 0.0}}
{"target": -13.808573593850973, "params": {"gamma": 161.53585821774433, "log10_alpha": -2.504647242004377, "log10_colsample_bytree": -0.29440301473751374, "log10_eta": -0.32200457877416344, "log10_lambda": -4.005023880321886, "log10_min_child_weight": 2.596853119028219, "log10_subsample": -0.42227675177170876, "max_depth": 8.0}, "datetime": {"datetime": "2024-01-18 16:28:04", "elapsed": 86.947585, "delta": 86.947585}}
{"target": -13.757302707729064, "params": {"gamma": 3.720022439140136, "log10_alpha": -2.116498428039662, "log10_colsample_bytree": -0.4457765219374705, "log10_eta": -2.5770581821609224, "log10_lambda": -3.246070517412239, "log10_min_child_weight": 1.126297763922239, "log10_subsample": -0.376089210597663, "max_depth": 2.0}, "datetime": {"datetime": "2024-01-18 16:31:14", "elapsed": 277.388138, "delta": 190.440553}}
{"target": -13.758538308654284, "params": {"gamma": 41.46849235305828, "log10_alpha": 1.0, "log10_colsample_bytree": -1.0, "log10_eta": -4.0, "log10_lambda": -5.0, "log10_min_child_weight": 5.0, "log10_subsample": -1.0, "max_depth": 10.0}, "datetime": {"datetime": "2024-01-18 16:32:39", "elapsed": 361.780553, "delta": 84.392415}}
{"target": -13.758538308998027, "params": {"gamma": 0.0, "log10_alpha": 1.0, "log10_colsample_bytree": -1.0, "log10_eta": -4.0, "log10_lambda": 1.0, "log10_min_child_weight": 5.0, "log10_subsample": -1.0, "max_depth": 10.0}, "datetime": {"datetime": "2024-01-18 16:34:03", "elapsed": 446.446177, "delta": 84.665624}}
{"target": -13.75529044045893, "params": {"gamma": 18.29533439055, "log10_alpha": -2.8728004870476673, "log10_colsample_bytree": -0.6641101264711239, "log10_eta": -3.508224802473495, "log10_lambda": -4.6262602932587225, "log10_min_child_weight": 0.25753959082769784, "log10_subsample": -0.6974125167102723, "max_depth": 9.0}, "datetime": {"datetime": "2024-01-18 16:52:40", "elapsed": 1563.254249, "delta": 1116.808072}}
{"target": -14.699280850102285, "params": {"gamma": 0.0, "log10_alpha": -5.0, "log10_colsample_bytree": 0.0, "log10_eta": 0.0, "log10_lambda": -5.0, "log10_min_child_weight": 0.0, "log10_subsample": 0.0, "max_depth": 10.0}, "datetime": {"datetime": "2024-01-18 16:54:45", "elapsed": 1688.550714, "delta": 125.296465}}
{"target": -13.757661562984566, "params": {"gamma": 4.192898477194595, "log10_alpha": 0.8013894888633448, "log10_colsample_bytree": -0.0866609524848847, "log10_eta": -3.613993127464851, "log10_lambda": 0.8324061454517766, "log10_min_child_weight": 4.11673403675055, "log10_subsample": -0.10548439853120184, "max_depth": 3.0}, "datetime": {"datetime": "2024-01-18 17:08:26", "elapsed": 2509.229496, "delta": 820.678782}}
{"target": -13.75851255459069, "params": {"gamma": 12.699794054935577, "log10_alpha": 0.19116715330486045, "log10_colsample_bytree": -0.21797031517478982, "log10_eta": -3.944944513325506, "log10_lambda": -4.633910266300445, "log10_min_child_weight": 3.65998633677541, "log10_subsample": -0.5925834149214451, "max_depth": 2.0}, "datetime": {"datetime": "2024-01-18 17:11:24", "elapsed": 2687.087617, "delta": 177.858121}}
{"target": -13.758538308998027, "params": {"gamma": 12.740608972974478, "log10_alpha": 1.0, "log10_colsample_bytree": -1.0, "log10_eta": -4.0, "log10_lambda": 1.0, "log10_min_child_weight": 5.0, "log10_subsample": -1.0, "max_depth": 8.0}, "datetime": {"datetime": "2024-01-18 17:12:48", "elapsed": 2770.845353, "delta": 83.757736}}
{"target": -13.757813925431888, "params": {"gamma": 19.460502511526688, "log10_alpha": 1.0, "log10_colsample_bytree": -1.0, "log10_eta": -4.0, "log10_lambda": 1.0, "log10_min_child_weight": 0.0, "log10_subsample": -1.0, "max_depth": 2.0}, "datetime": {"datetime": "2024-01-18 17:34:05", "elapsed": 4048.302518, "delta": 1277.457165}}
{"target": -13.774719361785598, "params": {"gamma": 21.91677468191673, "log10_alpha": 1.0, "log10_colsample_bytree": 0.0, "log10_eta": 0.0, "log10_lambda": -5.0, "log10_min_child_weight": 5.0, "log10_subsample": 0.0, "max_depth": 4.0}, "datetime": {"datetime": "2024-01-18 17:35:19", "elapsed": 4121.908447, "delta": 73.605929}}
{"target": -13.758538308998027, "params": {"gamma": 23.33551306278206, "log10_alpha": 1.0, "log10_colsample_bytree": -1.0, "log10_eta": -4.0, "log10_lambda": 1.0, "log10_min_child_weight": 5.0, "log10_subsample": -1.0, "max_depth": 10.0}, "datetime": {"datetime": "2024-01-18 17:36:43", "elapsed": 4206.2789, "delta": 84.370453}}
{"target": -13.758527220286922, "params": {"gamma": 31.11478706106514, "log10_alpha": -1.3335933932475275, "log10_colsample_bytree": -0.09905747701643841, "log10_eta": -3.72428073306882, "log10_lambda": -3.8203777507625083, "log10_min_child_weight": 2.6770435305197946, "log10_subsample": -0.386901668276145, "max_depth": 8.0}, "datetime": {"datetime": "2024-01-18 17:38:11", "elapsed": 4294.329359, "delta": 88.050459}}
{"target": -13.774719058286701, "params": {"gamma": 17.871294938572863, "log10_alpha": -5.0, "log10_colsample_bytree": 0.0, "log10_eta": 0.0, "log10_lambda": 1.0, "log10_min_child_weight": 5.0, "log10_subsample": 0.0, "max_depth": 4.0}, "datetime": {"datetime": "2024-01-18 17:39:25", "elapsed": 4368.037674, "delta": 73.708315}}
{"target": -13.821747171810637, "params": {"gamma": 27.252925563695563, "log10_alpha": -5.0, "log10_colsample_bytree": -1.0, "log10_eta": 0.0, "log10_lambda": 1.0, "log10_min_child_weight": 0.0, "log10_subsample": -1.0, "max_depth": 3.0}, "datetime": {"datetime": "2024-01-18 17:40:37", "elapsed": 4440.390041, "delta": 72.352367}}
{"target": -13.75839762484334, "params": {"gamma": 37.86402462090748, "log10_alpha": 1.0, "log10_colsample_bytree": 0.0, "log10_eta": -4.0, "log10_lambda": 1.0, "log10_min_child_weight": 5.0, "log10_subsample": 0.0, "max_depth": 2.0}, "datetime": {"datetime": "2024-01-18 18:01:39", "elapsed": 5702.114557, "delta": 1261.724516}}
{"target": -13.758540541350397, "params": {"gamma": 39.530359636442455, "log10_alpha": -4.855605025140892, "log10_colsample_bytree": 0.0, "log10_eta": -4.0, "log10_lambda": 1.0, "log10_min_child_weight": 0.04683305359573775, "log10_subsample": 0.0, "max_depth": 8.0}, "datetime": {"datetime": "2024-01-18 18:03:03", "elapsed": 5786.48046, "delta": 84.365903}}
{"target": -13.758536028630035, "params": {"gamma": 39.36234927630981, "log10_alpha": -5.0, "log10_colsample_bytree": 0.0, "log10_eta": 0.0, "log10_lambda": -5.0, "log10_min_child_weight": 5.0, "log10_subsample": -1.0, "max_depth": 3.0}, "datetime": {"datetime": "2024-01-18 18:04:19", "elapsed": 5862.491309, "delta": 76.010849}}
{"target": -13.7581274371243, "params": {"gamma": 46.09373977133229, "log10_alpha": 0.5456127434130974, "log10_colsample_bytree": 0.0, "log10_eta": -1.7496716574544147, "log10_lambda": -2.519389782089113, "log10_min_child_weight": 0.0, "log10_subsample": 0.0, "max_depth": 2.0}, "datetime": {"datetime": "2024-01-18 18:05:34", "elapsed": 5937.612024, "delta": 75.120715}}
{"target": -13.758536042981415, "params": {"gamma": 47.19003402142813, "log10_alpha": -4.137555291518955, "log10_colsample_bytree": -1.0, "log10_eta": 0.0, "log10_lambda": 1.0, "log10_min_child_weight": 5.0, "log10_subsample": -1.0, "max_depth": 7.0}, "datetime": {"datetime": "2024-01-18 18:06:50", "elapsed": 6013.352045, "delta": 75.740021}}
{"target": -13.758486145757946, "params": {"gamma": 48.42790269305625, "log10_alpha": -5.0, "log10_colsample_bytree": 0.0, "log10_eta": -4.0, "log10_lambda": -5.0, "log10_min_child_weight": 0.0, "log10_subsample": 0.0, "max_depth": 10.0}, "datetime": {"datetime": "2024-01-18 18:15:20", "elapsed": 6523.606816, "delta": 510.254771}}
{"target": -13.758538308929737, "params": {"gamma": 52.53795363983307, "log10_alpha": -5.0, "log10_colsample_bytree": -1.0, "log10_eta": -4.0, "log10_lambda": -5.0, "log10_min_child_weight": 5.0, "log10_subsample": -1.0, "max_depth": 2.0}, "datetime": {"datetime": "2024-01-18 18:16:45", "elapsed": 6607.977318, "delta": 84.370502}}
{"target": -13.756953832859333, "params": {"gamma": 54.62076071748834, "log10_alpha": 1.0, "log10_colsample_bytree": -1.0, "log10_eta": -4.0, "log10_lambda": 0.6445975448011046, "log10_min_child_weight": 1.0464945144899045, "log10_subsample": -1.0, "max_depth": 7.0}, "datetime": {"datetime": "2024-01-18 18:43:58", "elapsed": 8240.938025, "delta": 1632.960707}}
{"target": -14.507385981960773, "params": {"gamma": 58.555601121037085, "log10_alpha": -5.0, "log10_colsample_bytree": 0.0, "log10_eta": 0.0, "log10_lambda": -5.0, "log10_min_child_weight": 0.0, "log10_subsample": 0.0, "max_depth": 8.0}, "datetime": {"datetime": "2024-01-18 18:45:27", "elapsed": 8329.780309, "delta": 88.842284}}
{"target": -13.757144970370195, "params": {"gamma": 46.3471585949805, "log10_alpha": 1.0, "log10_colsample_bytree": -1.0, "log10_eta": -4.0, "log10_lambda": 1.0, "log10_min_child_weight": 0.0, "log10_subsample": -1.0, "max_depth": 10.0}, "datetime": {"datetime": "2024-01-18 19:20:35", "elapsed": 10437.875519, "delta": 2108.09521}}
{"target": -13.777387830563232, "params": {"gamma": 36.0509511592454, "log10_alpha": 1.0, "log10_colsample_bytree": -1.0, "log10_eta": 0.0, "log10_lambda": 1.0, "log10_min_child_weight": 5.0, "log10_subsample": 0.0, "max_depth": 10.0}, "datetime": {"datetime": "2024-01-18 19:21:53", "elapsed": 10516.144705, "delta": 78.269186}}
{"target": -14.274084190862526, "params": {"gamma": 40.676279896672874, "log10_alpha": -5.0, "log10_colsample_bytree": -1.0, "log10_eta": 0.0, "log10_lambda": -5.0, "log10_min_child_weight": 0.0, "log10_subsample": 0.0, "max_depth": 10.0}, "datetime": {"datetime": "2024-01-18 19:23:35", "elapsed": 10618.364887, "delta": 102.220182}}
{"target": -13.75833810410871, "params": {"gamma": 43.761783594500805, "log10_alpha": -0.4230699660608898, "log10_colsample_bytree": 0.0, "log10_eta": -4.0, "log10_lambda": -0.03821087674743819, "log10_min_child_weight": 4.692930864246917, "log10_subsample": -1.0, "max_depth": 5.0}, "datetime": {"datetime": "2024-01-18 19:47:08", "elapsed": 12031.144614, "delta": 1412.779727}}
{"target": -13.75831729733465, "params": {"gamma": 50.5904421177639, "log10_alpha": -0.3770354389663437, "log10_colsample_bytree": -1.0, "log10_eta": -4.0, "log10_lambda": 1.0, "log10_min_child_weight": 4.5678747185237825, "log10_subsample": -1.0, "max_depth": 2.0}, "datetime": {"datetime": "2024-01-18 20:10:20", "elapsed": 13422.833726, "delta": 1391.689112}}
{"target": -13.758538308934789, "params": {"gamma": 34.51642778094391, "log10_alpha": -5.0, "log10_colsample_bytree": 0.0, "log10_eta": -4.0, "log10_lambda": 1.0, "log10_min_child_weight": 5.0, "log10_subsample": -1.0, "max_depth": 4.0}, "datetime": {"datetime": "2024-01-18 20:11:44", "elapsed": 13506.704319, "delta": 83.870593}}
{"target": -13.758538308654284, "params": {"gamma": 49.14467408137864, "log10_alpha": 1.0, "log10_colsample_bytree": -1.0, "log10_eta": -4.0, "log10_lambda": -5.0, "log10_min_child_weight": 5.0, "log10_subsample": -1.0, "max_depth": 7.0}, "datetime": {"datetime": "2024-01-18 20:13:08", "elapsed": 13590.989725, "delta": 84.285406}}
{"target": -13.758128994812626, "params": {"gamma": 20.91350566436952, "log10_alpha": -5.0, "log10_colsample_bytree": 0.0, "log10_eta": -4.0, "log10_lambda": -5.0, "log10_min_child_weight": 0.0, "log10_subsample": 0.0, "max_depth": 2.0}, "datetime": {"datetime": "2024-01-18 20:30:15", "elapsed": 14618.45022, "delta": 1027.460495}}
{"target": -13.758536028543498, "params": {"gamma": 32.58957410560733, "log10_alpha": 1.0, "log10_colsample_bytree": 0.0, "log10_eta": 0.0, "log10_lambda": -5.0, "log10_min_child_weight": 5.0, "log10_subsample": -1.0, "max_depth": 2.0}, "datetime": {"datetime": "2024-01-18 20:31:31", "elapsed": 14693.762478, "delta": 75.312258}}
{"target": -13.758532033064956, "params": {"gamma": 27.660657749791447, "log10_alpha": 1.0, "log10_colsample_bytree": -1.0, "log10_eta": -4.0, "log10_lambda": 1.0, "log10_min_child_weight": 5.0, "log10_subsample": 0.0, "max_depth": 2.0}, "datetime": {"datetime": "2024-01-18 20:33:34", "elapsed": 14817.556205, "delta": 123.793727}}
{"target": -13.758397589661756, "params": {"gamma": 45.50577426183536, "log10_alpha": -5.0, "log10_colsample_bytree": 0.0, "log10_eta": -4.0, "log10_lambda": -5.0, "log10_min_child_weight": 5.0, "log10_subsample": 0.0, "max_depth": 2.0}, "datetime": {"datetime": "2024-01-18 20:54:26", "elapsed": 16069.028366, "delta": 1251.472161}}
{"target": -13.756722191159884, "params": {"gamma": 148.20593243987497, "log10_alpha": -0.4399970181478592, "log10_colsample_bytree": -0.8328645217279406, "log10_eta": -3.211183260332956, "log10_lambda": -0.17314180224351272, "log10_min_child_weight": 0.7729741181960748, "log10_subsample": -0.5411928725655435, "max_depth": 3.0}, "datetime": {"datetime": "2024-01-18 21:01:29", "elapsed": 16492.165596, "delta": 423.13723}}
{"target": -13.757172402614229, "params": {"gamma": 141.52335157296264, "log10_alpha": -1.521725413121553, "log10_colsample_bytree": -0.4415753841406359, "log10_eta": -3.2959994885519444, "log10_lambda": -3.340100324959468, "log10_min_child_weight": 2.9043166870397785, "log10_subsample": -0.23478604868609665, "max_depth": 9.0}, "datetime": {"datetime": "2024-01-18 21:07:21", "elapsed": 16844.669969, "delta": 352.504373}}
{"target": -14.373712425657743, "params": {"gamma": 149.44297910859308, "log10_alpha": -5.0, "log10_colsample_bytree": -1.0, "log10_eta": 0.0, "log10_lambda": -5.0, "log10_min_child_weight": 0.0, "log10_subsample": -1.0, "max_depth": 10.0}, "datetime": {"datetime": "2024-01-18 21:08:46", "elapsed": 16928.950134, "delta": 84.280165}}
{"target": -13.75781769975619, "params": {"gamma": 140.01524230910746, "log10_alpha": 1.0, "log10_colsample_bytree": -0.2502156492744941, "log10_eta": -4.0, "log10_lambda": 1.0, "log10_min_child_weight": 3.802573558558856, "log10_subsample": 0.0, "max_depth": 2.0}, "datetime": {"datetime": "2024-01-18 21:29:44", "elapsed": 18187.593338, "delta": 1258.643204}}
{"target": -13.758074721015454, "params": {"gamma": 133.75470012643217, "log10_alpha": 0.8010421204891722, "log10_colsample_bytree": -0.7602071962671023, "log10_eta": -2.22656152154424, "log10_lambda": -1.0222071404739097, "log10_min_child_weight": 4.545396046153693, "log10_subsample": -0.6085195610406783, "max_depth": 9.0}, "datetime": {"datetime": "2024-01-18 21:31:53", "elapsed": 18316.099585, "delta": 128.506247}}
{"target": -13.759507994815486, "params": {"gamma": 133.8063140769671, "log10_alpha": -4.0791445023099016, "log10_colsample_bytree": -0.18790025377214448, "log10_eta": -0.8637563431365209, "log10_lambda": -4.383125613144498, "log10_min_child_weight": 4.031786950274462, "log10_subsample": -0.3963171738080262, "max_depth": 2.0}, "datetime": {"datetime": "2024-01-18 21:33:05", "elapsed": 18388.524676, "delta": 72.425091}}
{"target": -13.756753716971014, "params": {"gamma": 10.374153885699954, "log10_alpha": -1.9887524471075677, "log10_colsample_bytree": -0.5042267068658539, "log10_eta": -3.4646818841628937, "log10_lambda": -4.1473334872727685, "log10_min_child_weight": 1.0927933781303911, "log10_subsample": -0.5814918194895475, "max_depth": 3.0}, "datetime": {"datetime": "2024-01-18 23:04:49", "elapsed": 0.0, "delta": 0.0}}
{"target": -13.818155965165442, "params": {"gamma": 807.6792910887216, "log10_alpha": -2.504647242004377, "log10_colsample_bytree": -0.29440301473751374, "log10_eta": -0.32200457877416344, "log10_lambda": -4.005023880321886, "log10_min_child_weight": 2.596853119028219, "log10_subsample": -0.42227675177170876, "max_depth": 8.0}, "datetime": {"datetime": "2024-01-18 23:06:11", "elapsed": 81.77171, "delta": 81.77171}}
{"target": -13.754627069833615, "params": {"gamma": 9.413268153706467, "log10_alpha": -0.781504183380699, "log10_colsample_bytree": -0.8205747046918552, "log10_eta": -1.4913401779204873, "log10_lambda": -2.8557507284733603, "log10_min_child_weight": 1.3524948825467158, "log10_subsample": -0.8454834275278004, "max_depth": 2.0}, "datetime": {"datetime": "2024-01-18 23:07:55", "elapsed": 186.714395, "delta": 104.942685}}
{"target": -13.758536372059941, "params": {"gamma": 63.404904698775624, "log10_alpha": 1.0, "log10_colsample_bytree": -1.0, "log10_eta": 0.0, "log10_lambda": 1.0, "log10_min_child_weight": 5.0, "log10_subsample": -1.0, "max_depth": 2.0}, "datetime": {"datetime": "2024-01-18 23:09:24", "elapsed": 274.881477, "delta": 88.167082}}
{"target": -13.761377112909056, "params": {"gamma": 152.12538330752034, "log10_alpha": -1.7444970883156747, "log10_colsample_bytree": -0.37962986797830967, "log10_eta": -0.4659335977441934, "log10_lambda": 0.7115585653685219, "log10_min_child_weight": 4.405693884276418, "log10_subsample": -0.28510749600337515, "max_depth": 4.0}, "datetime": {"datetime": "2024-01-18 23:10:41", "elapsed": 352.083083, "delta": 77.201606}}
{"target": -13.756361778249724, "params": {"gamma": 246.5133601940418, "log10_alpha": 0.7853630680933943, "log10_colsample_bytree": -0.5404622064909517, "log10_eta": -2.155916648868707, "log10_lambda": -0.10966712524394673, "log10_min_child_weight": 1.494099780495517, "log10_subsample": -0.8064665880969739, "max_depth": 4.0}, "datetime": {"datetime": "2024-01-18 23:12:35", "elapsed": 466.24619, "delta": 114.163107}}
{"target": -13.758393019877573, "params": {"gamma": 314.9659858302205, "log10_alpha": -2.0603368352634686, "log10_colsample_bytree": -0.3047634964233109, "log10_eta": -2.5871342673361375, "log10_lambda": -2.6380383227079407, "log10_min_child_weight": 4.153821469975611, "log10_subsample": -0.4246536439309806, "max_depth": 9.0}, "datetime": {"datetime": "2024-01-18 23:14:37", "elapsed": 588.205162, "delta": 121.958972}}
{"target": -13.757443321294586, "params": {"gamma": 410.9746510416662, "log10_alpha": -0.9993685407313713, "log10_colsample_bytree": -0.3035197777873371, "log10_eta": -2.116012564766819, "log10_lambda": 0.1986691918048269, "log10_min_child_weight": 0.7568754740303474, "log10_subsample": -0.39647767273520385, "max_depth": 3.0}, "datetime": {"datetime": "2024-01-18 23:16:21", "elapsed": 692.07813, "delta": 103.872968}}
{"target": -13.822480778631997, "params": {"gamma": 489.1965515438877, "log10_alpha": -1.09901058129685, "log10_colsample_bytree": -0.2941847240023253, "log10_eta": -0.3823071262280129, "log10_lambda": -4.439027068469027, "log10_min_child_weight": 2.457928150461309, "log10_subsample": -0.024164321364268937, "max_depth": 8.0}, "datetime": {"datetime": "2024-01-18 23:17:43", "elapsed": 774.547427, "delta": 82.469297}}
{"target": -13.757719997446952, "params": {"gamma": 372.029351114754, "log10_alpha": -0.9290183743787761, "log10_colsample_bytree": -0.37542859201897705, "log10_eta": -3.346368503383181, "log10_lambda": -1.8634684093255256, "log10_min_child_weight": 0.7275537459207221, "log10_subsample": -0.1036889155121209, "max_depth": 2.0}, "datetime": {"datetime": "2024-01-18 23:25:43", "elapsed": 1254.445023, "delta": 479.897596}}
{"target": -13.757129363908296, "params": {"gamma": 999.8972486372671, "log10_alpha": 0.3934200798849572, "log10_colsample_bytree": -0.43944891310374157, "log10_eta": -1.4643379782754793, "log10_lambda": -3.576374812493131, "log10_min_child_weight": 0.19222643928809957, "log10_subsample": -0.09022604585122351, "max_depth": 3.0}, "datetime": {"datetime": "2024-01-18 23:27:06", "elapsed": 1337.085505, "delta": 82.640482}}
{"target": -13.764534642980927, "params": {"gamma": 951.3757092217152, "log10_alpha": -4.69908571976656, "log10_colsample_bytree": -0.4114113298855022, "log10_eta": -0.7767750145922983, "log10_lambda": 0.5294925429340935, "log10_min_child_weight": 2.7034208197099123, "log10_subsample": -0.6518421637560707, "max_depth": 8.0}, "datetime": {"datetime": "2024-01-18 23:28:24", "elapsed": 1415.458459, "delta": 78.372954}}
{"target": -13.758467473488237, "params": {"gamma": 205.877748013664, "log10_alpha": -3.624069238862357, "log10_colsample_bytree": -0.20487378051074723, "log10_eta": -0.7403659763134125, "log10_lambda": -2.4412679573438103, "log10_min_child_weight": 4.846906693476646, "log10_subsample": -0.5205458283026649, "max_depth": 9.0}, "datetime": {"datetime": "2024-01-18 23:29:44", "elapsed": 1495.541255, "delta": 80.082796}}
{"target": -13.758536372059941, "params": {"gamma": 0.0, "log10_alpha": 1.0, "log10_colsample_bytree": -1.0, "log10_eta": 0.0, "log10_lambda": 1.0, "log10_min_child_weight": 5.0, "log10_subsample": -1.0, "max_depth": 2.0}, "datetime": {"datetime": "2024-01-18 23:31:13", "elapsed": 1584.413188, "delta": 88.871933}}
{"target": -13.782427533316186, "params": {"gamma": 27.28467283496525, "log10_alpha": 1.0, "log10_colsample_bytree": -1.0, "log10_eta": 0.0, "log10_lambda": 1.0, "log10_min_child_weight": 0.0, "log10_subsample": -1.0, "max_depth": 2.0}, "datetime": {"datetime": "2024-01-18 23:32:28", "elapsed": 1659.26072, "delta": 74.847532}}
{"target": -13.757898325050725, "params": {"gamma": 226.83002879672864, "log10_alpha": -0.37274912358915824, "log10_colsample_bytree": -0.30852884302783024, "log10_eta": -3.446304669067925, "log10_lambda": -4.711217831878108, "log10_min_child_weight": 1.9189746136640013, "log10_subsample": -0.479715144973358, "max_depth": 2.0}, "datetime": {"datetime": "2024-01-18 23:39:42", "elapsed": 2092.981572, "delta": 433.720852}}
{"target": -13.758015019040995, "params": {"gamma": 87.3927875920224, "log10_alpha": 0.2962926928605949, "log10_colsample_bytree": -0.7434815337232147, "log10_eta": -1.826468926704731, "log10_lambda": 0.6077402264519689, "log10_min_child_weight": 4.944633134454258, "log10_subsample": -0.22119047184566853, "max_depth": 3.0}, "datetime": {"datetime": "2024-01-18 23:41:14", "elapsed": 2185.438742, "delta": 92.45717}}
