{"target": -17.670729200125933, "params": {"gamma": 87.19898042840074, "log10_alpha": -4.844442609032652, "log10_colsample_bytree": -0.45033752212129086, "log10_eta": -2.2587104295268925, "log10_lambda": -2.477793187475066, "log10_min_child_weight": 1.6516741050193706, "log10_subsample": -0.7953513659621575, "max_depth": 6.0}, "datetime": {"datetime": "2024-01-18 16:21:52", "elapsed": 0.0, "delta": 0.0}}
{"target": -17.676009954340895, "params": {"gamma": 150.2859608264103, "log10_alpha": -4.368181250515076, "log10_colsample_bytree": -0.27311177306248047, "log10_eta": -2.7677936086617545, "log10_lambda": -4.015147486496522, "log10_min_child_weight": 4.445922906725494, "log10_subsample": -0.769165088810726, "max_depth": 7.0}, "datetime": {"datetime": "2024-01-18 16:28:00", "elapsed": 368.115398, "delta": 368.115398}}
{"target": -17.672862206913507, "params": {"gamma": 88.01799770596206, "log10_alpha": -3.564738579496513, "log10_colsample_bytree": -0.2914226195373939, "log10_eta": -1.7771462934225424, "log10_lambda": -1.2168151766046842, "log10_min_child_weight": 2.049608712558244, "log10_subsample": -0.9071332118934693, "max_depth": 6.0}, "datetime": {"datetime": "2024-01-18 16:29:30", "elapsed": 458.177839, "delta": 90.062441}}
{"target": -17.671250496039725, "params": {"gamma": 84.63995733514564, "log10_alpha": -4.608960159303907, "log10_colsample_bytree": -0.44624629345427336, "log10_eta": -2.5588539534877643, "log10_lambda": -2.926283692609727, "log10_min_child_weight": 1.8886310769079766, "log10_subsample": -0.7355601099693225, "max_depth": 6.0}, "datetime": {"datetime": "2024-01-18 16:32:54", "elapsed": 662.275559, "delta": 204.09772}}
{"target": -17.671526757787188, "params": {"gamma": 87.27378628113738, "log10_alpha": -5.0, "log10_colsample_bytree": -1.0, "log10_eta": -3.6017064610011515, "log10_lambda": -5.0, "log10_min_child_weight": 0.0, "log10_subsample": 0.0, "max_depth": 5.0}, "datetime": {"datetime": "2024-01-18 16:54:42", "elapsed": 1970.073143, "delta": 1307.797584}}
{"target": -17.675442740210276, "params": {"gamma": 86.91713334003677, "log10_alpha": -4.915225549966122, "log10_colsample_bytree": -0.13223368510119204, "log10_eta": -3.266882731028957, "log10_lambda": -3.800857918603417, "log10_min_child_weight": 2.856924151701942, "log10_subsample": -0.6341158222750337, "max_depth": 2.0}, "datetime": {"datetime": "2024-01-18 17:01:54", "elapsed": 2402.053782, "delta": 431.980639}}
{"target": -17.673301786832408, "params": {"gamma": 87.45447955921423, "log10_alpha": -4.525346398227898, "log10_colsample_bytree": -0.6402498853472881, "log10_eta": -3.938907505111847, "log10_lambda": -3.414555848704355, "log10_min_child_weight": 0.812785350310059, "log10_subsample": -0.24647905181404473, "max_depth": 7.0}, "datetime": {"datetime": "2024-01-18 17:28:46", "elapsed": 4014.364064, "delta": 1612.310282}}
{"target": -17.67068205222399, "params": {"gamma": 85.99542697938406, "log10_alpha": -3.9215565620157085, "log10_colsample_bytree": -0.34881890508185165, "log10_eta": -2.0308952922364627, "log10_lambda": -3.3403138921264883, "log10_min_child_weight": 0.5543735928890436, "log10_subsample": -0.8165715667303983, "max_depth": 6.0}, "datetime": {"datetime": "2024-01-18 17:30:35", "elapsed": 4123.133192, "delta": 108.769128}}
{"target": -17.67070999919705, "params": {"gamma": 86.43555345894825, "log10_alpha": -4.1700306246255, "log10_colsample_bytree": -0.42027374407952667, "log10_eta": -1.4908673651494504, "log10_lambda": -4.216687604205337, "log10_min_child_weight": 2.145850511964509, "log10_subsample": -0.29631131118141385, "max_depth": 6.0}, "datetime": {"datetime": "2024-01-18 17:31:58", "elapsed": 4205.531789, "delta": 82.398597}}
{"target": -17.795084803429578, "params": {"gamma": 87.66472510922907, "log10_alpha": -4.5425823093237545, "log10_colsample_bytree": -0.995931608543819, "log10_eta": -0.14049254040957004, "log10_lambda": -4.503606057310387, "log10_min_child_weight": 1.7818566043408963, "log10_subsample": -0.6021053154341622, "max_depth": 7.0}, "datetime": {"datetime": "2024-01-18 17:33:13", "elapsed": 4280.605143, "delta": 75.073354}}
{"target": -17.6731102492136, "params": {"gamma": 87.60442722517668, "log10_alpha": -4.4098106499322265, "log10_colsample_bytree": -0.08592967306699384, "log10_eta": -3.9083355111663383, "log10_lambda": -4.41698587172912, "log10_min_child_weight": 0.3867379375090946, "log10_subsample": -0.21225673389387278, "max_depth": 5.0}, "datetime": {"datetime": "2024-01-18 17:57:41", "elapsed": 5749.417881, "delta": 1468.812738}}
{"target": -17.66928766169823, "params": {"gamma": 86.49793192906397, "log10_alpha": -2.8137341622686467, "log10_colsample_bytree": -0.88499461274862, "log10_eta": -2.986100505519449, "log10_lambda": -2.681271235308477, "log10_min_child_weight": 0.98388439401013, "log10_subsample": -0.9992571981950555, "max_depth": 5.0}, "datetime": {"datetime": "2024-01-18 18:07:31", "elapsed": 6339.3405, "delta": 589.922619}}
{"target": -17.669035963401207, "params": {"gamma": 85.92496555162477, "log10_alpha": -3.793532172371069, "log10_colsample_bytree": -0.7407714644085326, "log10_eta": -2.7586055308740036, "log10_lambda": -3.608332658338427, "log10_min_child_weight": 2.4576041422850614, "log10_subsample": -0.5130160817750693, "max_depth": 4.0}, "datetime": {"datetime": "2024-01-18 18:14:12", "elapsed": 6739.840282, "delta": 400.499782}}
{"target": -17.671552178712368, "params": {"gamma": 87.48181515750471, "log10_alpha": -3.436279081806966, "log10_colsample_bytree": -0.5959831519250844, "log10_eta": -3.606342963552863, "log10_lambda": -4.496784031091734, "log10_min_child_weight": 2.5774587028387463, "log10_subsample": -0.5531626901835218, "max_depth": 5.0}, "datetime": {"datetime": "2024-01-18 18:35:04", "elapsed": 7992.452669, "delta": 1252.612387}}
{"target": -17.674308238688646, "params": {"gamma": 85.63142880434604, "log10_alpha": -3.2299020398327123, "log10_colsample_bytree": -0.13958292064700317, "log10_eta": -2.447760779118841, "log10_lambda": -3.5590989349666207, "log10_min_child_weight": 2.877577020514082, "log10_subsample": -0.34824644829929086, "max_depth": 5.0}, "datetime": {"datetime": "2024-01-18 18:37:19", "elapsed": 8126.719953, "delta": 134.267284}}
{"target": -17.673103028481453, "params": {"gamma": 85.49601307000556, "log10_alpha": -5.0, "log10_colsample_bytree": 0.0, "log10_eta": -3.0925435772771137, "log10_lambda": -5.0, "log10_min_child_weight": 1.887001456183129, "log10_subsample": 0.0, "max_depth": 5.0}, "datetime": {"datetime": "2024-01-18 18:42:36", "elapsed": 8443.645429, "delta": 316.925476}}
{"target": -17.6699613076358, "params": {"gamma": 85.40087907757939, "log10_alpha": -4.899276390925513, "log10_colsample_bytree": -0.5276520274170409, "log10_eta": -3.0799281392821474, "log10_lambda": -2.493651019698631, "log10_min_child_weight": 0.26852428195658196, "log10_subsample": -0.022047111415064324, "max_depth": 3.0}, "datetime": {"datetime": "2024-01-18 18:54:32", "elapsed": 9159.635805, "delta": 715.990376}}
{"target": -17.671271826757657, "params": {"gamma": 86.05074897055623, "log10_alpha": -4.352986086830148, "log10_colsample_bytree": -0.46015392434690094, "log10_eta": -3.1127764432106684, "log10_lambda": 0.032371365007767494, "log10_min_child_weight": 1.81282700712371, "log10_subsample": -0.19918007642828928, "max_depth": 4.0}, "datetime": {"datetime": "2024-01-18 19:02:42", "elapsed": 9650.434006, "delta": 490.798201}}
{"target": -17.67195391655786, "params": {"gamma": 87.79110701614177, "log10_alpha": -4.84655406176129, "log10_colsample_bytree": -0.14987611189679573, "log10_eta": -2.679529790787479, "log10_lambda": -1.2233695948469885, "log10_min_child_weight": 0.19085089809902478, "log10_subsample": -0.5770002063545874, "max_depth": 4.0}, "datetime": {"datetime": "2024-01-18 19:06:20", "elapsed": 9867.77087, "delta": 217.336864}}
{"target": -17.673639191883154, "params": {"gamma": 85.47125672690458, "log10_alpha": -2.7187688169560524, "log10_colsample_bytree": -0.38490903673223753, "log10_eta": -3.6814031833286833, "log10_lambda": -4.945562933931598, "log10_min_child_weight": 0.1859485764829344, "log10_subsample": -0.8986758082752202, "max_depth": 2.0}, "datetime": {"datetime": "2024-01-18 19:26:38", "elapsed": 11086.406259, "delta": 1218.635389}}
{"target": -17.671965333567904, "params": {"gamma": 85.41327246550348, "log10_alpha": -3.663524242249969, "log10_colsample_bytree": -0.953490142260112, "log10_eta": -0.6283670989720673, "log10_lambda": -4.155223260296801, "log10_min_child_weight": 0.8661001150284031, "log10_subsample": -0.5220837082500935, "max_depth": 2.0}, "datetime": {"datetime": "2024-01-18 19:27:52", "elapsed": 11159.94385, "delta": 73.537591}}
{"target": -17.67415453758964, "params": {"gamma": 85.67870006224241, "log10_alpha": -4.744081690152136, "log10_colsample_bytree": -0.973238957631869, "log10_eta": -3.9125772987980576, "log10_lambda": -1.0322072095929493, "log10_min_child_weight": 0.45539595224846463, "log10_subsample": -0.7323023380497824, "max_depth": 6.0}, "datetime": {"datetime": "2024-01-18 19:50:52", "elapsed": 12539.930106, "delta": 1379.986256}}
{"target": -17.666871187044944, "params": {"gamma": 85.24553717247699, "log10_alpha": -3.9966124639877094, "log10_colsample_bytree": -0.5035765610520181, "log10_eta": -1.2155129547678136, "log10_lambda": -1.7210132685754989, "log10_min_child_weight": 1.0741828733835235, "log10_subsample": -0.3235922267275586, "max_depth": 4.0}, "datetime": {"datetime": "2024-01-18 19:52:09", "elapsed": 12617.261422, "delta": 77.331316}}
{"target": -17.673661992150304, "params": {"gamma": 86.74383358714665, "log10_alpha": -1.782108953798276, "log10_colsample_bytree": -0.2249431261797865, "log10_eta": -1.4468120426537077, "log10_lambda": -1.2111601430449705, "log10_min_child_weight": 1.342581055185566, "log10_subsample": -0.05510989867818594, "max_depth": 2.0}, "datetime": {"datetime": "2024-01-18 19:53:41", "elapsed": 12708.616391, "delta": 91.354969}}
{"target": -17.674413079890854, "params": {"gamma": 88.00002726441217, "log10_alpha": -2.9090816217623745, "log10_colsample_bytree": -0.20273425289917724, "log10_eta": -3.662016505341562, "log10_lambda": -1.860112338249401, "log10_min_child_weight": 3.111391551699355, "log10_subsample": -0.5126492790474052, "max_depth": 4.0}, "datetime": {"datetime": "2024-01-18 20:10:06", "elapsed": 13693.991714, "delta": 985.375323}}
{"target": -17.66760249112328, "params": {"gamma": 84.01181811547976, "log10_alpha": -2.4848449532293295, "log10_colsample_bytree": -0.9542706416850635, "log10_eta": -1.9404438433554194, "log10_lambda": -1.6103975297324018, "log10_min_child_weight": 0.3332332224077089, "log10_subsample": -0.7757238816124404, "max_depth": 4.0}, "datetime": {"datetime": "2024-01-18 20:12:33", "elapsed": 13840.497924, "delta": 146.50621}}
{"target": -17.675100137996303, "params": {"gamma": 85.94852159951606, "log10_alpha": -2.6298682202378174, "log10_colsample_bytree": 0.0, "log10_eta": -2.150392132602911, "log10_lambda": -0.7864461482738009, "log10_min_child_weight": 0.0, "log10_subsample": 0.0, "max_depth": 4.0}, "datetime": {"datetime": "2024-01-18 20:14:19", "elapsed": 13947.056968, "delta": 106.559044}}
{"target": -17.666956706639326, "params": {"gamma": 82.44585639765059, "log10_alpha": -4.444391288048045, "log10_colsample_bytree": -0.8350712705860885, "log10_eta": -1.479658021314985, "log10_lambda": -1.6737136725669606, "log10_min_child_weight": 1.3457481107521396, "log10_subsample": -0.9142709493772501, "max_depth": 2.0}, "datetime": {"datetime": "2024-01-18 20:16:17", "elapsed": 14064.995124, "delta": 117.938156}}
{"target": -17.66975523887733, "params": {"gamma": 82.79080262151331, "log10_alpha": -3.508407019836918, "log10_colsample_bytree": -0.6877745366180388, "log10_eta": -1.8496174433381722, "log10_lambda": -2.014866007073109, "log10_min_child_weight": 2.8773796225513006, "log10_subsample": -0.4986309639334118, "max_depth": 3.0}, "datetime": {"datetime": "2024-01-18 20:18:23", "elapsed": 14191.032252, "delta": 126.037128}}
{"target": -17.675148843745127, "params": {"gamma": 84.27166332766222, "log10_alpha": -3.8577082639503617, "log10_colsample_bytree": -0.45693951021130463, "log10_eta": -3.977627106028109, "log10_lambda": -0.9983428055449073, "log10_min_child_weight": 1.7158565979991414, "log10_subsample": -0.8500697263662537, "max_depth": 2.0}, "datetime": {"datetime": "2024-01-18 20:38:35", "elapsed": 15402.572365, "delta": 1211.540113}}
{"target": -17.681154736830095, "params": {"gamma": 82.92003178643148, "log10_alpha": -3.9058293752746485, "log10_colsample_bytree": -0.7093281665434317, "log10_eta": -0.5941265803915603, "log10_lambda": -2.0656572358852854, "log10_min_child_weight": 0.7915765283644932, "log10_subsample": -0.9991919360114707, "max_depth": 4.0}, "datetime": {"datetime": "2024-01-18 20:39:47", "elapsed": 15474.696929, "delta": 72.124564}}
{"target": -17.67033302074428, "params": {"gamma": 84.00585462355113, "log10_alpha": -4.033564126817817, "log10_colsample_bytree": -0.28042101504431405, "log10_eta": -2.6106565252977116, "log10_lambda": -3.4977708580080886, "log10_min_child_weight": 1.356872507257953, "log10_subsample": -0.9853413269653697, "max_depth": 3.0}, "datetime": {"datetime": "2024-01-18 20:44:25", "elapsed": 15752.688766, "delta": 277.991837}}
{"target": -17.667942804312872, "params": {"gamma": 83.58152382873271, "log10_alpha": -1.5571027174382919, "log10_colsample_bytree": -0.787301727088656, "log10_eta": -2.6488206066063706, "log10_lambda": -2.7351133612232106, "log10_min_child_weight": 0.20605851986334744, "log10_subsample": -0.9984098042491637, "max_depth": 2.0}, "datetime": {"datetime": "2024-01-18 20:52:43", "elapsed": 16251.252241, "delta": 498.563475}}
{"target": -17.671710443610316, "params": {"gamma": 83.84882162312172, "log10_alpha": -1.4419939235150476, "log10_colsample_bytree": -0.9031968006934825, "log10_eta": -3.6455307906129755, "log10_lambda": -0.736844248409847, "log10_min_child_weight": 1.7408822187620236, "log10_subsample": -0.31571980179272163, "max_depth": 4.0}, "datetime": {"datetime": "2024-01-18 21:14:37", "elapsed": 17564.93448, "delta": 1313.682239}}
{"target": -17.67038243266085, "params": {"gamma": 84.83404033900493, "log10_alpha": -4.742304326621924, "log10_colsample_bytree": -0.7427319791315342, "log10_eta": -1.2667048005871462, "log10_lambda": -1.7772755033509062, "log10_min_child_weight": 3.5609952533070777, "log10_subsample": -0.054925882459448294, "max_depth": 2.0}, "datetime": {"datetime": "2024-01-18 21:16:03", "elapsed": 17650.748707, "delta": 85.814227}}
{"target": -17.66963716527598, "params": {"gamma": 82.68712601063302, "log10_alpha": -0.9479592796994041, "log10_colsample_bytree": -0.6111675151433389, "log10_eta": -1.2300477515595603, "log10_lambda": -0.9001459420466427, "log10_min_child_weight": 1.4355032238448135, "log10_subsample": -0.9081660268764746, "max_depth": 2.0}, "datetime": {"datetime": "2024-01-18 21:17:28", "elapsed": 17736.180598, "delta": 85.431891}}
{"target": -17.666035646966165, "params": {"gamma": 84.49205735696597, "log10_alpha": -2.8558945596499994, "log10_colsample_bytree": -1.0, "log10_eta": -1.4972383303204602, "log10_lambda": -1.7984357948025118, "log10_min_child_weight": 1.5618335300181778, "log10_subsample": -1.0, "max_depth": 2.0}, "datetime": {"datetime": "2024-01-18 21:19:31", "elapsed": 17859.046222, "delta": 122.865624}}
{"target": -17.665827618906945, "params": {"gamma": 84.41366524650256, "log10_alpha": -1.3119097485122582, "log10_colsample_bytree": -1.0, "log10_eta": -1.5812174182446048, "log10_lambda": -2.990879322478746, "log10_min_child_weight": 1.7744832506066717, "log10_subsample": 0.0, "max_depth": 3.0}, "datetime": {"datetime": "2024-01-18 21:21:26", "elapsed": 17974.142452, "delta": 115.09623}}
{"target": -17.671178692721718, "params": {"gamma": 84.11679674956858, "log10_alpha": 0.9596460070392787, "log10_colsample_bytree": -0.18537654517155056, "log10_eta": -2.2420325987963987, "log10_lambda": -2.5041703495529264, "log10_min_child_weight": 1.5451650374255932, "log10_subsample": -0.6291160338524521, "max_depth": 3.0}, "datetime": {"datetime": "2024-01-18 21:23:57", "elapsed": 18125.268005, "delta": 151.125553}}
{"target": -17.667104546391396, "params": {"gamma": 83.30748487587607, "log10_alpha": -1.4381992977744869, "log10_colsample_bytree": -0.8314832700866808, "log10_eta": -1.7599615428649455, "log10_lambda": -4.33431854240181, "log10_min_child_weight": 0.11485471669374914, "log10_subsample": -0.243456269436373, "max_depth": 3.0}, "datetime": {"datetime": "2024-01-18 21:26:01", "elapsed": 18248.960401, "delta": 123.692396}}
{"target": -17.671372903135325, "params": {"gamma": 84.60201909726291, "log10_alpha": -2.0156275385174944, "log10_colsample_bytree": -1.0, "log10_eta": -0.7301951844514941, "log10_lambda": -0.7254573415751753, "log10_min_child_weight": 2.8365121026780655, "log10_subsample": 0.0, "max_depth": 3.0}, "datetime": {"datetime": "2024-01-18 21:27:14", "elapsed": 18321.95006, "delta": 72.989659}}
{"target": -17.708837713269663, "params": {"gamma": 82.56831438387562, "log10_alpha": 0.271294825050278, "log10_colsample_bytree": -0.7587788443762719, "log10_eta": -0.029928165813966068, "log10_lambda": -3.5292148071345544, "log10_min_child_weight": 1.637077393042277, "log10_subsample": -0.17601957819798297, "max_depth": 2.0}, "datetime": {"datetime": "2024-01-18 21:28:24", "elapsed": 18392.023856, "delta": 70.073796}}
{"target": -17.666835974470132, "params": {"gamma": 83.06248629084595, "log10_alpha": -2.8176874343738416, "log10_colsample_bytree": -1.0, "log10_eta": -2.112835617320294, "log10_lambda": -0.5396395962298695, "log10_min_child_weight": 0.1868829879890481, "log10_subsample": 0.0, "max_depth": 2.0}, "datetime": {"datetime": "2024-01-18 21:32:04", "elapsed": 18612.402983, "delta": 220.379127}}
{"target": -17.67416980670822, "params": {"gamma": 84.91514751382428, "log10_alpha": -0.8624796865407802, "log10_colsample_bytree": -0.8119741854785599, "log10_eta": -3.9763936305932566, "log10_lambda": -3.2594450256040397, "log10_min_child_weight": 1.7202113457907582, "log10_subsample": -0.39121750370141006, "max_depth": 4.0}, "datetime": {"datetime": "2024-01-18 21:54:03", "elapsed": 19931.295116, "delta": 1318.892133}}
{"target": -17.67176450409825, "params": {"gamma": 435.99490214200375, "log10_alpha": -4.844442609032652, "log10_colsample_bytree": -0.45033752212129086, "log10_eta": -2.2587104295268925, "log10_lambda": -2.477793187475066, "log10_min_child_weight": 1.6516741050193706, "log10_subsample": -0.7953513659621575, "max_depth": 6.0}, "datetime": {"datetime": "2024-01-18 22:43:58", "elapsed": 0.0, "delta": 0.0}}
{"target": -17.675925939609606, "params": {"gamma": 751.4298041320515, "log10_alpha": -4.368181250515076, "log10_colsample_bytree": -0.27311177306248047, "log10_eta": -2.7677936086617545, "log10_lambda": -4.015147486496522, "log10_min_child_weight": 4.445922906725494, "log10_subsample": -0.769165088810726, "max_depth": 7.0}, "datetime": {"datetime": "2024-01-18 22:53:08", "elapsed": 549.895611, "delta": 549.895611}}
{"target": -17.91896405073378, "params": {"gamma": 434.6669413279102, "log10_alpha": -4.097191966284132, "log10_colsample_bytree": -0.29392549879405516, "log10_eta": -0.10165014331541933, "log10_lambda": -1.4926474806403798, "log10_min_child_weight": 0.8751346093417223, "log10_subsample": -0.8513591306215388, "max_depth": 6.0}, "datetime": {"datetime": "2024-01-18 22:54:33", "elapsed": 634.045386, "delta": 84.149775}}
{"target": -17.676817171364164, "params": {"gamma": 274.21750013076706, "log10_alpha": -4.412309894982162, "log10_colsample_bytree": -0.9060597204907612, "log10_eta": -3.9912129724299787, "log10_lambda": -0.874419562248022, "log10_min_child_weight": 4.524701003891761, "log10_subsample": -0.3772201584735069, "max_depth": 7.0}, "datetime": {"datetime": "2024-01-18 23:28:17", "elapsed": 2658.792517, "delta": 2024.747131}}
{"target": -17.795966324701865, "params": {"gamma": 914.1610321547641, "log10_alpha": -1.2036308869223067, "log10_colsample_bytree": -0.2967564029190435, "log10_eta": -0.12278536954719943, "log10_lambda": -0.3567107769937854, "log10_min_child_weight": 1.399679522723802, "log10_subsample": -0.11959758281898869, "max_depth": 5.0}, "datetime": {"datetime": "2024-01-18 23:29:46", "elapsed": 2747.714093, "delta": 88.921576}}
{"target": -17.676187949162287, "params": {"gamma": 516.8759816633112, "log10_alpha": -1.7882828651762743, "log10_colsample_bytree": -0.001587231458918259, "log10_eta": -3.3079123001356616, "log10_lambda": -2.2226688576375935, "log10_min_child_weight": 2.4151895824118945, "log10_subsample": -0.8849108138794559, "max_depth": 9.0}, "datetime": {"datetime": "2024-01-18 23:35:14", "elapsed": 3075.465471, "delta": 327.751378}}
{"target": -17.674770963838604, "params": {"gamma": 268.21260010228764, "log10_alpha": 0.5072992314448399, "log10_colsample_bytree": -0.2051766227626084, "log10_eta": -2.85558481450046, "log10_lambda": -2.629277641383715, "log10_min_child_weight": 2.962931694633273, "log10_subsample": -0.05408147252091544, "max_depth": 7.0}, "datetime": {"datetime": "2024-01-18 23:39:31", "elapsed": 3332.056829, "delta": 256.591358}}
