{"target": -13.758171828116236, "params": {"gamma": 110.1595805149151, "log10_alpha": -0.7511130642913706, "log10_colsample_bytree": -0.7090952610870557, "log10_eta": -1.956689579209348, "log10_lambda": 0.35768172608592863, "log10_min_child_weight": 4.48146544466719, "log10_subsample": -0.8744146895361637, "max_depth": 3.0}, "datetime": {"datetime": "2024-01-18 16:18:15", "elapsed": 0.0, "delta": 0.0}}
{"target": -13.758189809895025, "params": {"gamma": 33.045788178908175, "log10_alpha": -2.181039653491493, "log10_colsample_bytree": -0.3149022613727138, "log10_eta": -2.7530120223870056, "log10_lambda": -3.056815676655216, "log10_min_child_weight": 4.00354693724354, "log10_subsample": -0.9915101194571793, "max_depth": 9.0}, "datetime": {"datetime": "2024-01-18 16:23:55", "elapsed": 340.020238, "delta": 340.020238}}
{"target": -13.758458127271217, "params": {"gamma": 111.03802578685682, "log10_alpha": 0.3357184781261031, "log10_colsample_bytree": -0.5379117630799646, "log10_eta": -2.4483528451552403, "log10_lambda": 0.9887939361106968, "log10_min_child_weight": 4.9017324537210145, "log10_subsample": -0.045718190616307, "max_depth": 2.0}, "datetime": {"datetime": "2024-01-18 16:25:53", "elapsed": 457.826128, "delta": 117.80589}}
{"target": -13.75456403491533, "params": {"gamma": 186.13037401345608, "log10_alpha": -4.434503771055766, "log10_colsample_bytree": -0.7198588476128756, "log10_eta": -1.6603885997063026, "log10_lambda": -2.8355379873427453, "log10_min_child_weight": 0.013555833413003149, "log10_subsample": -0.0038680663749421917, "max_depth": 7.0}, "datetime": {"datetime": "2024-01-18 16:28:06", "elapsed": 591.086123, "delta": 133.259995}}
{"target": -13.753732176704776, "params": {"gamma": 200.0, "log10_alpha": -2.6247158820599568, "log10_colsample_bytree": -1.0, "log10_eta": -1.7684154962215781, "log10_lambda": -5.0, "log10_min_child_weight": 0.0, "log10_subsample": 0.0, "max_depth": 5.0}, "datetime": {"datetime": "2024-01-18 16:30:45", "elapsed": 750.281272, "delta": 159.195149}}
{"target": -14.492048119967665, "params": {"gamma": 155.17118393525274, "log10_alpha": -5.0, "log10_colsample_bytree": -0.10328552895100798, "log10_eta": 0.0, "log10_lambda": -5.0, "log10_min_child_weight": 0.0, "log10_subsample": -1.0, "max_depth": 10.0}, "datetime": {"datetime": "2024-01-18 16:32:35", "elapsed": 860.291163, "delta": 110.009891}}
{"target": -13.758396184379121, "params": {"gamma": 73.20070170559104, "log10_alpha": 1.0, "log10_colsample_bytree": 0.0, "log10_eta": -4.0, "log10_lambda": 1.0, "log10_min_child_weight": 5.0, "log10_subsample": 0.0, "max_depth": 2.0}, "datetime": {"datetime": "2024-01-18 17:07:56", "elapsed": 2981.312836, "delta": 2121.021673}}
{"target": -13.815308253015768, "params": {"gamma": 0.0, "log10_alpha": 1.0, "log10_colsample_bytree": 0.0, "log10_eta": 0.0, "log10_lambda": 1.0, "log10_min_child_weight": 0.0, "log10_subsample": -0.39930581280971655, "max_depth": 2.0}, "datetime": {"datetime": "2024-01-18 17:09:20", "elapsed": 3065.408206, "delta": 84.09537}}
{"target": -13.813174845007055, "params": {"gamma": 52.643056743216945, "log10_alpha": -5.0, "log10_colsample_bytree": 0.0, "log10_eta": 0.0, "log10_lambda": 1.0, "log10_min_child_weight": 0.0, "log10_subsample": 0.0, "max_depth": 2.0}, "datetime": {"datetime": "2024-01-18 17:10:47", "elapsed": 3152.082558, "delta": 86.674352}}
{"target": -13.758540617599046, "params": {"gamma": 91.15013993723433, "log10_alpha": 1.0, "log10_colsample_bytree": 0.0, "log10_eta": -4.0, "log10_lambda": 1.0, "log10_min_child_weight": 0.0, "log10_subsample": 0.0, "max_depth": 10.0}, "datetime": {"datetime": "2024-01-18 17:13:07", "elapsed": 3292.58748, "delta": 140.504922}}
{"target": -13.758426424861801, "params": {"gamma": 14.034889826879526, "log10_alpha": -4.950056205957308, "log10_colsample_bytree": -0.23456096987116126, "log10_eta": -3.331710015161446, "log10_lambda": -4.906541196777647, "log10_min_child_weight": 3.4206992055756973, "log10_subsample": -0.9659086112929636, "max_depth": 8.0}, "datetime": {"datetime": "2024-01-18 17:17:07", "elapsed": 3532.559315, "delta": 239.971835}}
{"target": -13.768732706354278, "params": {"gamma": 91.36103604597832, "log10_alpha": -5.0, "log10_colsample_bytree": 0.0, "log10_eta": 0.0, "log10_lambda": 1.0, "log10_min_child_weight": 5.0, "log10_subsample": 0.0, "max_depth": 2.0}, "datetime": {"datetime": "2024-01-18 17:18:37", "elapsed": 3621.659138, "delta": 89.099823}}
{"target": -13.757343195372082, "params": {"gamma": 70.44294822335458, "log10_alpha": -5.0, "log10_colsample_bytree": -1.0, "log10_eta": -4.0, "log10_lambda": -5.0, "log10_min_child_weight": 0.0, "log10_subsample": -1.0, "max_depth": 10.0}, "datetime": {"datetime": "2024-01-18 18:06:35", "elapsed": 6499.643873, "delta": 2877.984735}}
{"target": -13.758538308086825, "params": {"gamma": 54.021509948666925, "log10_alpha": 1.0, "log10_colsample_bytree": -1.0, "log10_eta": -4.0, "log10_lambda": -5.0, "log10_min_child_weight": 5.0, "log10_subsample": -1.0, "max_depth": 10.0}, "datetime": {"datetime": "2024-01-18 18:08:11", "elapsed": 6596.070289, "delta": 96.426416}}
{"target": -13.758538308086825, "params": {"gamma": 192.42833120596714, "log10_alpha": 1.0, "log10_colsample_bytree": 0.0, "log10_eta": -4.0, "log10_lambda": 1.0, "log10_min_child_weight": 5.0, "log10_subsample": -1.0, "max_depth": 2.0}, "datetime": {"datetime": "2024-01-18 18:09:47", "elapsed": 6692.101998, "delta": 96.031709}}
{"target": -13.771468924540518, "params": {"gamma": 21.93813443559336, "log10_alpha": 1.0, "log10_colsample_bytree": -1.0, "log10_eta": 0.0, "log10_lambda": 1.0, "log10_min_child_weight": 5.0, "log10_subsample": 0.0, "max_depth": 2.0}, "datetime": {"datetime": "2024-01-18 18:11:18", "elapsed": 6782.739542, "delta": 90.637544}}
{"target": -13.813271633518278, "params": {"gamma": 99.28920982043314, "log10_alpha": 1.0, "log10_colsample_bytree": 0.0, "log10_eta": 0.0, "log10_lambda": -5.0, "log10_min_child_weight": 0.0, "log10_subsample": 0.0, "max_depth": 2.0}, "datetime": {"datetime": "2024-01-18 18:12:48", "elapsed": 6873.199229, "delta": 90.459687}}
{"target": -13.756971399084126, "params": {"gamma": 196.27482839697328, "log10_alpha": 1.0, "log10_colsample_bytree": -1.0, "log10_eta": -4.0, "log10_lambda": 1.0, "log10_min_child_weight": 0.0, "log10_subsample": 0.0, "max_depth": 10.0}, "datetime": {"datetime": "2024-01-18 19:20:20", "elapsed": 10925.533845, "delta": 4052.334616}}
{"target": -13.758536132351171, "params": {"gamma": 77.54050932341775, "log10_alpha": -5.0, "log10_colsample_bytree": -1.0, "log10_eta": 0.0, "log10_lambda": 1.0, "log10_min_child_weight": 5.0, "log10_subsample": -1.0, "max_depth": 10.0}, "datetime": {"datetime": "2024-01-18 19:22:01", "elapsed": 11026.578007, "delta": 101.044162}}
{"target": -13.758529546013776, "params": {"gamma": 100.37402945090516, "log10_alpha": -5.0, "log10_colsample_bytree": 0.0, "log10_eta": -4.0, "log10_lambda": -5.0, "log10_min_child_weight": 5.0, "log10_subsample": 0.0, "max_depth": 10.0}, "datetime": {"datetime": "2024-01-18 19:34:03", "elapsed": 11748.093495, "delta": 721.515488}}
{"target": -13.758441074216726, "params": {"gamma": 194.10683024083488, "log10_alpha": -5.0, "log10_colsample_bytree": -1.0, "log10_eta": -4.0, "log10_lambda": -5.0, "log10_min_child_weight": 5.0, "log10_subsample": 0.0, "max_depth": 10.0}, "datetime": {"datetime": "2024-01-18 19:53:24", "elapsed": 12908.979522, "delta": 1160.886027}}
{"target": -14.422860812424437, "params": {"gamma": 21.969925081805762, "log10_alpha": -5.0, "log10_colsample_bytree": 0.0, "log10_eta": 0.0, "log10_lambda": 1.0, "log10_min_child_weight": 0.0, "log10_subsample": 0.0, "max_depth": 10.0}, "datetime": {"datetime": "2024-01-18 19:56:01", "elapsed": 13065.735857, "delta": 156.756335}}
{"target": -13.758538308086825, "params": {"gamma": 42.19687838079038, "log10_alpha": 1.0, "log10_colsample_bytree": -1.0, "log10_eta": -4.0, "log10_lambda": -5.0, "log10_min_child_weight": 5.0, "log10_subsample": -1.0, "max_depth": 6.0}, "datetime": {"datetime": "2024-01-18 19:57:34", "elapsed": 13159.533122, "delta": 93.797265}}
{"target": -13.757509933686856, "params": {"gamma": 82.12292896995247, "log10_alpha": -2.267583862713764, "log10_colsample_bytree": -1.0, "log10_eta": -4.0, "log10_lambda": -5.0, "log10_min_child_weight": 0.0, "log10_subsample": -1.0, "max_depth": 3.0}, "datetime": {"datetime": "2024-01-18 20:33:18", "elapsed": 15302.885989, "delta": 2143.352867}}
{"target": -13.758536130023908, "params": {"gamma": 64.53332948823163, "log10_alpha": 1.0, "log10_colsample_bytree": -1.0, "log10_eta": 0.0, "log10_lambda": 1.0, "log10_min_child_weight": 5.0, "log10_subsample": -1.0, "max_depth": 10.0}, "datetime": {"datetime": "2024-01-18 20:34:56", "elapsed": 15401.038525, "delta": 98.152536}}
{"target": -13.758538308105598, "params": {"gamma": 6.855301013792656, "log10_alpha": -5.0, "log10_colsample_bytree": -1.0, "log10_eta": -4.0, "log10_lambda": -5.0, "log10_min_child_weight": 5.0, "log10_subsample": -1.0, "max_depth": 2.0}, "datetime": {"datetime": "2024-01-18 20:36:28", "elapsed": 15492.639669, "delta": 91.601144}}
{"target": -13.758539489278279, "params": {"gamma": 119.03117935863257, "log10_alpha": -5.0, "log10_colsample_bytree": 0.0, "log10_eta": -4.0, "log10_lambda": -5.0, "log10_min_child_weight": 0.0, "log10_subsample": 0.0, "max_depth": 10.0}, "datetime": {"datetime": "2024-01-18 20:38:58", "elapsed": 15643.393059, "delta": 150.75339}}
{"target": -13.758536132351171, "params": {"gamma": 124.42810369804306, "log10_alpha": -5.0, "log10_colsample_bytree": -1.0, "log10_eta": 0.0, "log10_lambda": 1.0, "log10_min_child_weight": 5.0, "log10_subsample": -1.0, "max_depth": 2.0}, "datetime": {"datetime": "2024-01-18 20:40:39", "elapsed": 15744.2045, "delta": 100.811441}}
{"target": -13.758538308105598, "params": {"gamma": 63.418095327643314, "log10_alpha": -5.0, "log10_colsample_bytree": 0.0, "log10_eta": -4.0, "log10_lambda": -5.0, "log10_min_child_weight": 5.0, "log10_subsample": -1.0, "max_depth": 2.0}, "datetime": {"datetime": "2024-01-18 20:42:13", "elapsed": 15838.016422, "delta": 93.811922}}
{"target": -13.756973950014459, "params": {"gamma": 128.98613346431415, "log10_alpha": 1.0, "log10_colsample_bytree": -1.0, "log10_eta": -4.0, "log10_lambda": 1.0, "log10_min_child_weight": 0.0, "log10_subsample": 0.0, "max_depth": 10.0}, "datetime": {"datetime": "2024-01-18 21:50:12", "elapsed": 19917.223357, "delta": 4079.206935}}
{"target": -13.758538308086825, "params": {"gamma": 6.1068870616651365, "log10_alpha": 1.0, "log10_colsample_bytree": -1.0, "log10_eta": -4.0, "log10_lambda": -5.0, "log10_min_child_weight": 5.0, "log10_subsample": -1.0, "max_depth": 10.0}, "datetime": {"datetime": "2024-01-18 21:51:44", "elapsed": 20009.062022, "delta": 91.838665}}
{"target": -13.758538308086825, "params": {"gamma": 178.03553532458804, "log10_alpha": 1.0, "log10_colsample_bytree": -1.0, "log10_eta": -4.0, "log10_lambda": 1.0, "log10_min_child_weight": 5.0, "log10_subsample": -1.0, "max_depth": 2.0}, "datetime": {"datetime": "2024-01-18 21:53:16", "elapsed": 20101.579433, "delta": 92.517411}}
{"target": -13.793876513808279, "params": {"gamma": 120.30034789698618, "log10_alpha": 1.0, "log10_colsample_bytree": -1.0, "log10_eta": 0.0, "log10_lambda": -5.0, "log10_min_child_weight": 0.0, "log10_subsample": -1.0, "max_depth": 2.0}, "datetime": {"datetime": "2024-01-18 21:54:44", "elapsed": 20189.518343, "delta": 87.93891}}
{"target": -13.757865477841516, "params": {"gamma": 550.7979025745755, "log10_alpha": -0.7511130642913706, "log10_colsample_bytree": -0.7090952610870557, "log10_eta": -1.956689579209348, "log10_lambda": 0.35768172608592863, "log10_min_child_weight": 4.48146544466719, "log10_subsample": -0.8744146895361637, "max_depth": 3.0}, "datetime": {"datetime": "2024-01-18 22:42:58", "elapsed": 0.0, "delta": 0.0}}
{"target": -13.758128940948211, "params": {"gamma": 165.22894089454087, "log10_alpha": -2.181039653491493, "log10_colsample_bytree": -0.3149022613727138, "log10_eta": -2.7530120223870056, "log10_lambda": -3.056815676655216, "log10_min_child_weight": 4.00354693724354, "log10_subsample": -0.9915101194571793, "max_depth": 9.0}, "datetime": {"datetime": "2024-01-18 22:46:54", "elapsed": 235.416175, "delta": 235.416175}}
{"target": -13.76281500585484, "params": {"gamma": 552.4807231199168, "log10_alpha": 0.680387083591655, "log10_colsample_bytree": -0.7841381383197288, "log10_eta": -0.13988317245054338, "log10_lambda": 0.9380591663892801, "log10_min_child_weight": 4.305780899414437, "log10_subsample": -0.912594492030049, "max_depth": 3.0}, "datetime": {"datetime": "2024-01-18 22:48:14", "elapsed": 316.145788, "delta": 80.729613}}
{"target": -13.754080229362934, "params": {"gamma": 930.6518700672805, "log10_alpha": -4.434503771055766, "log10_colsample_bytree": -0.7198588476128756, "log10_eta": -1.6603885997063026, "log10_lambda": -2.8355379873427453, "log10_min_child_weight": 0.013555833413003149, "log10_subsample": -0.0038680663749421917, "max_depth": 7.0}, "datetime": {"datetime": "2024-01-18 22:50:02", "elapsed": 423.632454, "delta": 107.486666}}
{"target": -13.75673178465601, "params": {"gamma": 110.3190613747791, "log10_alpha": -0.36679106749515356, "log10_colsample_bytree": -0.5249240300242978, "log10_eta": -1.9985222228463306, "log10_lambda": -2.2594264951134537, "log10_min_child_weight": 2.6260313589978863, "log10_subsample": -0.643332585648034, "max_depth": 2.0}, "datetime": {"datetime": "2024-01-18 22:52:03", "elapsed": 544.686235, "delta": 121.053781}}
{"target": -13.758516997911743, "params": {"gamma": 163.66588097202484, "log10_alpha": -0.5000579532588381, "log10_colsample_bytree": -0.060415734862560244, "log10_eta": -3.1912319218122653, "log10_lambda": -3.356187558679589, "log10_min_child_weight": 4.1000146513716915, "log10_subsample": -0.6687107944823469, "max_depth": 3.0}, "datetime": {"datetime": "2024-01-18 22:53:58", "elapsed": 659.191818, "delta": 114.505583}}
{"target": -13.757642908922492, "params": {"gamma": 883.1329166669922, "log10_alpha": -3.9809951886103017, "log10_colsample_bytree": -0.8945136880390229, "log10_eta": -2.3990699459120384, "log10_lambda": -2.349877582918819, "log10_min_child_weight": 3.9022127532167827, "log10_subsample": -0.39789137451176204, "max_depth": 5.0}, "datetime": {"datetime": "2024-01-18 22:56:27", "elapsed": 808.946154, "delta": 149.754336}}
{"target": -13.758149577696475, "params": {"gamma": 188.34654662146232, "log10_alpha": -2.250678295141846, "log10_colsample_bytree": -0.06900490452899177, "log10_eta": -3.7675328148187543, "log10_lambda": 0.33642484482762214, "log10_min_child_weight": 1.5348114224997227, "log10_subsample": -0.6087738264135036, "max_depth": 3.0}, "datetime": {"datetime": "2024-01-18 23:05:08", "elapsed": 1329.798936, "delta": 520.852782}}
{"target": -13.764020422411813, "params": {"gamma": 896.1581339590559, "log10_alpha": -3.84862419235614, "log10_colsample_bytree": -0.1433463973114396, "log10_eta": -0.7592915805745806, "log10_lambda": 0.09497450807296026, "log10_min_child_weight": 2.2832536096134253, "log10_subsample": -0.8318271201078856, "max_depth": 7.0}, "datetime": {"datetime": "2024-01-18 23:06:31", "elapsed": 1412.22328, "delta": 82.424344}}
{"target": -13.753901888380264, "params": {"gamma": 99.00987961042884, "log10_alpha": -0.9099234172835056, "log10_colsample_bytree": -0.8775336090381418, "log10_eta": -2.865236109711674, "log10_lambda": -4.017941368784371, "log10_min_child_weight": 1.2695428674089855, "log10_subsample": -0.6395744522098497, "max_depth": 6.0}, "datetime": {"datetime": "2024-01-18 23:14:28", "elapsed": 1889.391955, "delta": 477.168675}}
{"target": -13.758396911403905, "params": {"gamma": 962.5525097340604, "log10_alpha": -4.251345182315237, "log10_colsample_bytree": -0.5058303771837436, "log10_eta": -3.446381196658348, "log10_lambda": -4.93910716132255, "log10_min_child_weight": 4.254904943154481, "log10_subsample": -0.6936895609416155, "max_depth": 5.0}, "datetime": {"datetime": "2024-01-18 23:19:47", "elapsed": 2208.626078, "delta": 319.234123}}
{"target": -13.800641388019162, "params": {"gamma": 491.86624928364955, "log10_alpha": -2.937924686315756, "log10_colsample_bytree": -0.3834980605173539, "log10_eta": -0.08859389290171116, "log10_lambda": 0.07038752834883333, "log10_min_child_weight": 4.019189103693876, "log10_subsample": -0.47447963706108, "max_depth": 8.0}, "datetime": {"datetime": "2024-01-18 23:21:09", "elapsed": 2290.540242, "delta": 81.914164}}
{"target": -13.758336709891502, "params": {"gamma": 200.73134479547582, "log10_alpha": -0.782695516397963, "log10_colsample_bytree": -0.6919249313968506, "log10_eta": -2.954779670065539, "log10_lambda": -3.979504573339737, "log10_min_child_weight": 4.044299718122224, "log10_subsample": -0.8061332219124021, "max_depth": 6.0}, "datetime": {"datetime": "2024-01-18 23:24:11", "elapsed": 2472.512969, "delta": 181.972727}}
{"target": -13.758272812490738, "params": {"gamma": 541.8881980260146, "log10_alpha": -5.0, "log10_colsample_bytree": -0.12510546934295302, "log10_eta": -4.0, "log10_lambda": -4.218486291632626, "log10_min_child_weight": 5.0, "log10_subsample": -0.5985508418637966, "max_depth": 2.0}, "datetime": {"datetime": "2024-01-18 23:48:57", "elapsed": 3958.374518, "delta": 1485.861549}}
{"target": -13.755525012641161, "params": {"gamma": 941.463614053303, "log10_alpha": 1.0, "log10_colsample_bytree": -1.0, "log10_eta": -2.237173109023107, "log10_lambda": -5.0, "log10_min_child_weight": 0.472459577653761, "log10_subsample": 0.0, "max_depth": 2.0}, "datetime": {"datetime": "2024-01-18 23:52:43", "elapsed": 4184.388223, "delta": 226.013705}}
