{"target": -17.69759714001684, "params": {"gamma": 44.398634217947894, "log10_alpha": 0.22439383706425886, "log10_colsample_bytree": -0.7932808446605736, "log10_eta": -0.3255563682483138, "log10_lambda": -2.0695328672310254, "log10_min_child_weight": 3.0587193145132288, "log10_subsample": -0.23409214351968444, "max_depth": 6.0}, "datetime": {"datetime": "2024-01-18 16:21:29", "elapsed": 0.0, "delta": 0.0}}
{"target": -17.676391125889342, "params": {"gamma": 57.56114916161663, "log10_alpha": -2.4997607673332727, "log10_colsample_bytree": -0.9900463500356615, "log10_eta": -3.4062597235586756, "log10_lambda": 0.6551865956862812, "log10_min_child_weight": 4.9677728064701885, "log10_subsample": -0.3095207614973413, "max_depth": 6.0}, "datetime": {"datetime": "2024-01-18 16:36:32", "elapsed": 902.88577, "delta": 902.88577}}
{"target": -17.673481724015765, "params": {"gamma": 152.93048027138485, "log10_alpha": -4.094799593402507, "log10_colsample_bytree": -0.4014888000574217, "log10_eta": -3.5066535309684403, "log10_lambda": -3.9877860028881567, "log10_min_child_weight": 1.9013528822424468, "log10_subsample": -0.8546021549332841, "max_depth": 8.0}, "datetime": {"datetime": "2024-01-18 16:48:00", "elapsed": 1590.819522, "delta": 687.933752}}
{"target": -17.676130556724758, "params": {"gamma": 96.34217591452823, "log10_alpha": -1.6388353183518722, "log10_colsample_bytree": -0.8072574280220864, "log10_eta": -2.572836581857335, "log10_lambda": 0.8793676170297662, "log10_min_child_weight": 3.793842279985842, "log10_subsample": -0.665950950374419, "max_depth": 7.0}, "datetime": {"datetime": "2024-01-18 16:51:02", "elapsed": 1773.217917, "delta": 182.398395}}
{"target": -17.673539869976935, "params": {"gamma": 135.42408940638668, "log10_alpha": 0.9677531870008682, "log10_colsample_bytree": -0.030150044379960494, "log10_eta": -0.8220508548198087, "log10_lambda": -4.801838269352415, "log10_min_child_weight": 0.5226094953165483, "log10_subsample": -0.13816809538054653, "max_depth": 2.0}, "datetime": {"datetime": "2024-01-18 16:52:15", "elapsed": 1846.0483, "delta": 72.830383}}
{"target": -17.672254495979423, "params": {"gamma": 26.91841856513344, "log10_alpha": -0.1284126936691523, "log10_colsample_bytree": -0.6703362998792369, "log10_eta": -3.850537752256972, "log10_lambda": -0.44446376085518224, "log10_min_child_weight": 0.37484316284656094, "log10_subsample": -0.20162955901482038, "max_depth": 8.0}, "datetime": {"datetime": "2024-01-18 17:25:57", "elapsed": 3868.452492, "delta": 2022.404192}}
{"target": -17.671041804067194, "params": {"gamma": 85.348538277491, "log10_alpha": -3.586366380840778, "log10_colsample_bytree": -0.9852249014695015, "log10_eta": -2.8005340662334666, "log10_lambda": 0.7876094778783687, "log10_min_child_weight": 1.8801527106004268, "log10_subsample": -0.9682018331652461, "max_depth": 8.0}, "datetime": {"datetime": "2024-01-18 17:32:18", "elapsed": 4249.548176, "delta": 381.095684}}
{"target": -17.668692189386412, "params": {"gamma": 89.18463770981442, "log10_alpha": -1.8421851594978609, "log10_colsample_bytree": -0.6900699965605835, "log10_eta": -1.9347484017304963, "log10_lambda": 0.28511557754550587, "log10_min_child_weight": 0.33546566607834505, "log10_subsample": -0.1977005258459299, "max_depth": 6.0}, "datetime": {"datetime": "2024-01-18 17:34:15", "elapsed": 4366.53567, "delta": 116.987494}}
{"target": -17.67131157275876, "params": {"gamma": 83.48500099507056, "log10_alpha": 0.7889270345131045, "log10_colsample_bytree": -0.046145459443439285, "log10_eta": -2.4325774234982545, "log10_lambda": -3.908840542791997, "log10_min_child_weight": 1.4247265185146196, "log10_subsample": -0.9598173995976962, "max_depth": 2.0}, "datetime": {"datetime": "2024-01-18 17:38:30", "elapsed": 4620.688957, "delta": 254.153287}}
{"target": -17.674517926677083, "params": {"gamma": 13.750624380749766, "log10_alpha": -2.565993078179175, "log10_colsample_bytree": -0.18152753047611236, "log10_eta": -3.2251875588456294, "log10_lambda": 0.3562062790722367, "log10_min_child_weight": 1.8439537772178465, "log10_subsample": -0.8391926014632315, "max_depth": 7.0}, "datetime": {"datetime": "2024-01-18 17:44:05", "elapsed": 4955.626616, "delta": 334.937659}}
{"target": -17.73848403337148, "params": {"gamma": 90.4143828056168, "log10_alpha": -5.0, "log10_colsample_bytree": 0.0, "log10_eta": 0.0, "log10_lambda": -5.0, "log10_min_child_weight": 0.0, "log10_subsample": -1.0, "max_depth": 2.0}, "datetime": {"datetime": "2024-01-18 17:45:15", "elapsed": 5026.149414, "delta": 70.522798}}
{"target": -17.672305751838195, "params": {"gamma": 88.96665498933409, "log10_alpha": -3.502312499885864, "log10_colsample_bytree": -0.9759308056415484, "log10_eta": -2.9593097327272297, "log10_lambda": 0.3193645505050071, "log10_min_child_weight": 1.1506107051071797, "log10_subsample": -0.9703848860045433, "max_depth": 8.0}, "datetime": {"datetime": "2024-01-18 17:52:05", "elapsed": 5436.437974, "delta": 410.28856}}
{"target": -17.67694095457139, "params": {"gamma": 85.09784344008891, "log10_alpha": 0.8934631105142978, "log10_colsample_bytree": -0.6068353383783154, "log10_eta": -3.066970172629793, "log10_lambda": -0.5303523124839353, "log10_min_child_weight": 3.7483465204693585, "log10_subsample": -0.6371739494477956, "max_depth": 4.0}, "datetime": {"datetime": "2024-01-18 17:54:39", "elapsed": 5589.58722, "delta": 153.149246}}
{"target": -17.678558270174804, "params": {"gamma": 80.19476818621425, "log10_alpha": -0.8142671405804043, "log10_colsample_bytree": -0.21149306900250142, "log10_eta": -1.0654736703897605, "log10_lambda": -3.2203274603384093, "log10_min_child_weight": 0.5225756883965788, "log10_subsample": -0.8792123331220015, "max_depth": 7.0}, "datetime": {"datetime": "2024-01-18 17:55:57", "elapsed": 5668.283116, "delta": 78.695896}}
{"target": -17.66913420427046, "params": {"gamma": 87.3194249583516, "log10_alpha": 0.9665951176100682, "log10_colsample_bytree": -0.975307175488174, "log10_eta": -2.4610290063545825, "log10_lambda": -1.728249224139784, "log10_min_child_weight": 0.9236073880144413, "log10_subsample": -0.654921972430478, "max_depth": 9.0}, "datetime": {"datetime": "2024-01-18 18:00:52", "elapsed": 5962.664813, "delta": 294.381697}}
{"target": -17.677021671502366, "params": {"gamma": 91.88008432103146, "log10_alpha": 1.0, "log10_colsample_bytree": 0.0, "log10_eta": -4.0, "log10_lambda": 1.0, "log10_min_child_weight": 0.0, "log10_subsample": 0.0, "max_depth": 10.0}, "datetime": {"datetime": "2024-01-18 18:13:47", "elapsed": 6738.151715, "delta": 775.486902}}
{"target": -17.67610995232743, "params": {"gamma": 21.361129583752966, "log10_alpha": -0.7487815312558788, "log10_colsample_bytree": -0.04217016898628061, "log10_eta": -3.510768637214025, "log10_lambda": -1.0625840642577704, "log10_min_child_weight": 4.7356507701529935, "log10_subsample": -0.30885838108003755, "max_depth": 5.0}, "datetime": {"datetime": "2024-01-18 18:30:33", "elapsed": 7744.430785, "delta": 1006.27907}}
{"target": -17.670765128950613, "params": {"gamma": 21.76642352128121, "log10_alpha": -5.0, "log10_colsample_bytree": -1.0, "log10_eta": -2.1368287723011985, "log10_lambda": 1.0, "log10_min_child_weight": 0.0, "log10_subsample": -1.0, "max_depth": 10.0}, "datetime": {"datetime": "2024-01-18 18:34:11", "elapsed": 7961.8471, "delta": 217.416315}}
{"target": -17.692410424036545, "params": {"gamma": 25.28691020406944, "log10_alpha": -5.0, "log10_colsample_bytree": -1.0, "log10_eta": -0.7275835128862503, "log10_lambda": -5.0, "log10_min_child_weight": 0.0, "log10_subsample": -1.0, "max_depth": 9.0}, "datetime": {"datetime": "2024-01-18 18:35:35", "elapsed": 8045.820777, "delta": 83.973677}}
{"target": -17.676057551168974, "params": {"gamma": 19.270756546130173, "log10_alpha": 0.6586058946074171, "log10_colsample_bytree": -0.07429797484792322, "log10_eta": -1.795270230820726, "log10_lambda": -0.1343715224417803, "log10_min_child_weight": 1.5140326053345938, "log10_subsample": -0.6226800193676808, "max_depth": 9.0}, "datetime": {"datetime": "2024-01-18 18:37:03", "elapsed": 8134.331667, "delta": 88.51089}}
{"target": -17.69792843668249, "params": {"gamma": 88.58942791997174, "log10_alpha": 0.09249041508082043, "log10_colsample_bytree": -1.0, "log10_eta": 0.0, "log10_lambda": 1.0, "log10_min_child_weight": 4.788563591454057, "log10_subsample": 0.0, "max_depth": 9.0}, "datetime": {"datetime": "2024-01-18 18:38:21", "elapsed": 8212.246258, "delta": 77.914591}}
{"target": -17.67468652410147, "params": {"gamma": 23.563527332849194, "log10_alpha": -2.1549960112649753, "log10_colsample_bytree": -1.0, "log10_eta": -4.0, "log10_lambda": 1.0, "log10_min_child_weight": 3.126995550179461, "log10_subsample": 0.0, "max_depth": 10.0}, "datetime": {"datetime": "2024-01-18 19:08:23", "elapsed": 10013.931208, "delta": 1801.68495}}
{"target": -17.673283325993257, "params": {"gamma": 84.22697029732575, "log10_alpha": 0.7968662997810059, "log10_colsample_bytree": -0.9905466529571944, "log10_eta": -3.664527290859137, "log10_lambda": -2.558847634749953, "log10_min_child_weight": 0.008632560741224093, "log10_subsample": -0.1007402259582375, "max_depth": 7.0}, "datetime": {"datetime": "2024-01-18 19:27:26", "elapsed": 11157.332389, "delta": 1143.401181}}
{"target": -17.670019796348193, "params": {"gamma": 18.15576047676508, "log10_alpha": -4.971457349513067, "log10_colsample_bytree": -0.5696028635804631, "log10_eta": -2.4013057641620086, "log10_lambda": 0.8982213495265627, "log10_min_child_weight": 0.4523548024497742, "log10_subsample": -0.6356742397706693, "max_depth": 2.0}, "datetime": {"datetime": "2024-01-18 19:31:59", "elapsed": 11430.397936, "delta": 273.065547}}
{"target": -17.675078526855096, "params": {"gamma": 23.40037252097971, "log10_alpha": -4.447869837435625, "log10_colsample_bytree": -1.0, "log10_eta": -4.0, "log10_lambda": 1.0, "log10_min_child_weight": 0.0, "log10_subsample": 0.0, "max_depth": 3.0}, "datetime": {"datetime": "2024-01-18 19:52:51", "elapsed": 12682.511428, "delta": 1252.113492}}
{"target": -17.699688564524447, "params": {"gamma": 16.988942830036315, "log10_alpha": 0.4454599662288984, "log10_colsample_bytree": -1.0, "log10_eta": 0.0, "log10_lambda": 1.0, "log10_min_child_weight": 0.0, "log10_subsample": 0.0, "max_depth": 2.0}, "datetime": {"datetime": "2024-01-18 19:54:02", "elapsed": 12753.532131, "delta": 71.020703}}
{"target": -17.673958352472095, "params": {"gamma": 18.241177669635267, "log10_alpha": -4.862651919213314, "log10_colsample_bytree": -0.781932347905403, "log10_eta": -3.8132387740146103, "log10_lambda": -0.49452433811077157, "log10_min_child_weight": 2.7217784514976966, "log10_subsample": -0.9699292017636145, "max_depth": 8.0}, "datetime": {"datetime": "2024-01-18 20:19:20", "elapsed": 14271.114292, "delta": 1517.582161}}
{"target": -17.67689388607438, "params": {"gamma": 28.92767084993075, "log10_alpha": 1.0, "log10_colsample_bytree": 0.0, "log10_eta": -4.0, "log10_lambda": 1.0, "log10_min_child_weight": 4.907206825486601, "log10_subsample": -0.020458487086524486, "max_depth": 4.0}, "datetime": {"datetime": "2024-01-18 20:42:31", "elapsed": 15662.175008, "delta": 1391.060716}}
{"target": -17.67256002409139, "params": {"gamma": 147.62400178901157, "log10_alpha": -0.5418926573062093, "log10_colsample_bytree": -0.29321808600219545, "log10_eta": -3.5112353619376706, "log10_lambda": -4.134462758146419, "log10_min_child_weight": 1.7424815988215365, "log10_subsample": -0.6790737359767357, "max_depth": 5.0}, "datetime": {"datetime": "2024-01-18 20:55:20", "elapsed": 16430.703144, "delta": 768.528136}}
{"target": -17.6750552622817, "params": {"gamma": 87.6105841919309, "log10_alpha": 1.0, "log10_colsample_bytree": -1.0, "log10_eta": -4.0, "log10_lambda": 1.0, "log10_min_child_weight": 0.0, "log10_subsample": -1.0, "max_depth": 5.0}, "datetime": {"datetime": "2024-01-18 21:16:14", "elapsed": 17684.871604, "delta": 1254.16846}}
{"target": -17.666180482039653, "params": {"gamma": 141.29036991844305, "log10_alpha": -1.1325945573250622, "log10_colsample_bytree": -0.9473840355590174, "log10_eta": -1.513774087882433, "log10_lambda": -4.60161132350233, "log10_min_child_weight": 2.0761109997865916, "log10_subsample": -0.9589056377123645, "max_depth": 3.0}, "datetime": {"datetime": "2024-01-18 21:18:00", "elapsed": 17790.81981, "delta": 105.948206}}
{"target": -17.67224972197543, "params": {"gamma": 140.680190133323, "log10_alpha": 1.0, "log10_colsample_bytree": 0.0, "log10_eta": -3.86880365305206, "log10_lambda": -4.869396724387843, "log10_min_child_weight": 1.9596924252005925, "log10_subsample": 0.0, "max_depth": 6.0}, "datetime": {"datetime": "2024-01-18 21:45:36", "elapsed": 19446.844556, "delta": 1656.024746}}
{"target": -17.820814548713603, "params": {"gamma": 142.16785118738892, "log10_alpha": -1.5762661729859733, "log10_colsample_bytree": -0.13810489765028858, "log10_eta": -0.0011366763762054588, "log10_lambda": -0.6834266778610757, "log10_min_child_weight": 0.0, "log10_subsample": -1.0, "max_depth": 4.0}, "datetime": {"datetime": "2024-01-18 21:46:48", "elapsed": 19519.416048, "delta": 72.571492}}
