{"target": -17.673537364269777, "params": {"gamma": 73.64321354016855, "log10_alpha": -0.5745128374941597, "log10_colsample_bytree": -0.112910707326352, "log10_eta": -3.8503390386588077, "log10_lambda": -4.154264747498637, "log10_min_child_weight": 1.1028273554044676, "log10_subsample": -0.045540062896402556, "max_depth": 4.0}, "datetime": {"datetime": "2024-01-18 21:49:00", "elapsed": 19675.873266, "delta": 1362.518722}}
{"target": -17.726570832616584, "params": {"gamma": 194.1947903153724, "log10_alpha": -3.848563284933123, "log10_colsample_bytree": -0.5250145071473213, "log10_eta": -0.15746372326724467, "log10_lambda": -2.3454877612730503, "log10_min_child_weight": 3.8890829977238033, "log10_subsample": -0.0676197072308935, "max_depth": 9.0}, "datetime": {"datetime": "2024-01-18 21:50:14", "elapsed": 19749.459758, "delta": 73.586492}}
