{"target": -17.672332400331495, "params": {"gamma": 154.2641286533492, "log10_alpha": -4.875488303843591, "log10_colsample_bytree": -0.3663517650737246, "log10_eta": -1.0047844698455526, "log10_lambda": -2.0089579261844577, "log10_min_child_weight": 1.1239832276542383, "log10_subsample": -0.801937135240376, "max_depth": 8.0}, "datetime": {"datetime": "2024-01-18 16:21:05", "elapsed": 0.0, "delta": 0.0}}
{"target": -17.67568707417884, "params": {"gamma": 37.32174974509195, "log10_alpha": -3.3843011714833, "log10_colsample_bytree": -0.8887629008172274, "log10_eta": -0.8909610482729513, "log10_lambda": -4.770547303346184, "log10_min_child_weight": 3.9490084194201747, "log10_subsample": -0.7918521089062949, "max_depth": 5.0}, "datetime": {"datetime": "2024-01-18 16:23:04", "elapsed": 118.435331, "delta": 118.435331}}
{"target": -17.672126268076223, "params": {"gamma": 153.8967431532896, "log10_alpha": -4.8600731940942525, "log10_colsample_bytree": -0.876287517812771, "log10_eta": -1.7340736854150642, "log10_lambda": -1.9464781843323067, "log10_min_child_weight": 2.904201254250158, "log10_subsample": -0.8368508969088865, "max_depth": 8.0}, "datetime": {"datetime": "2024-01-18 16:25:15", "elapsed": 249.567185, "delta": 131.131854}}
{"target": -17.67707384133857, "params": {"gamma": 127.04472897315988, "log10_alpha": -3.671645150064011, "log10_colsample_bytree": -0.6983551110064293, "log10_eta": -3.8839800404871223, "log10_lambda": -2.4715641700493824, "log10_min_child_weight": 4.879590766113942, "log10_subsample": -0.0531698123504909, "max_depth": 4.0}, "datetime": {"datetime": "2024-01-18 16:36:47", "elapsed": 941.625648, "delta": 692.058463}}
{"target": -17.67723289587589, "params": {"gamma": 167.1205671531163, "log10_alpha": 1.0, "log10_colsample_bytree": -1.0, "log10_eta": -4.0, "log10_lambda": 1.0, "log10_min_child_weight": 5.0, "log10_subsample": -1.0, "max_depth": 2.0}, "datetime": {"datetime": "2024-01-18 16:38:29", "elapsed": 1043.563749, "delta": 101.938101}}
{"target": -17.68592096866669, "params": {"gamma": 147.85863600219176, "log10_alpha": 0.6106310767197557, "log10_colsample_bytree": -0.9830903080728439, "log10_eta": 0.0, "log10_lambda": -5.0, "log10_min_child_weight": 4.374809183419399, "log10_subsample": -1.0, "max_depth": 10.0}, "datetime": {"datetime": "2024-01-18 16:40:04", "elapsed": 1138.304901, "delta": 94.741152}}
{"target": -17.67185598286241, "params": {"gamma": 157.48820171901517, "log10_alpha": -5.0, "log10_colsample_bytree": -0.5363279478044594, "log10_eta": -3.703719703348314, "log10_lambda": 0.7572984401899, "log10_min_child_weight": 2.200959285383404, "log10_subsample": -0.5649970523711239, "max_depth": 6.0}, "datetime": {"datetime": "2024-01-18 17:14:26", "elapsed": 3200.401773, "delta": 2062.096872}}
{"target": -17.675508593263928, "params": {"gamma": 152.28000869307715, "log10_alpha": -5.0, "log10_colsample_bytree": -1.0, "log10_eta": -4.0, "log10_lambda": 1.0, "log10_min_child_weight": 0.18728777831064386, "log10_subsample": 0.0, "max_depth": 2.0}, "datetime": {"datetime": "2024-01-18 17:46:00", "elapsed": 5094.479035, "delta": 1894.077262}}
{"target": -17.673044473605415, "params": {"gamma": 160.17325901150207, "log10_alpha": -5.0, "log10_colsample_bytree": -1.0, "log10_eta": -2.5385550287300283, "log10_lambda": -3.7256523107163377, "log10_min_child_weight": 3.492449098751782, "log10_subsample": -0.2645876708739369, "max_depth": 10.0}, "datetime": {"datetime": "2024-01-18 17:52:22", "elapsed": 5477.155225, "delta": 382.67619}}
{"target": -17.671498345155776, "params": {"gamma": 158.2772770715258, "log10_alpha": -4.887507685360887, "log10_colsample_bytree": -0.9465765086361667, "log10_eta": -0.5037019329227719, "log10_lambda": -4.859991297458844, "log10_min_child_weight": 1.8420969985604818, "log10_subsample": -0.6898760604259072, "max_depth": 2.0}, "datetime": {"datetime": "2024-01-18 17:53:44", "elapsed": 5558.92404, "delta": 81.768815}}
{"target": -17.67442049296367, "params": {"gamma": 80.67729255448461, "log10_alpha": -0.8205240753569978, "log10_colsample_bytree": -0.2890316049965256, "log10_eta": -3.7666779184425696, "log10_lambda": -1.134376799141449, "log10_min_child_weight": 1.1133962350649362, "log10_subsample": -0.7415200025649994, "max_depth": 9.0}, "datetime": {"datetime": "2024-01-18 18:22:11", "elapsed": 7265.569261, "delta": 1706.645221}}
{"target": -17.760812570058174, "params": {"gamma": 164.90467500660083, "log10_alpha": -5.0, "log10_colsample_bytree": 0.0, "log10_eta": 0.0, "log10_lambda": -5.0, "log10_min_child_weight": 0.0, "log10_subsample": 0.0, "max_depth": 3.0}, "datetime": {"datetime": "2024-01-18 18:23:38", "elapsed": 7352.351856, "delta": 86.782595}}
{"target": -17.67667559313896, "params": {"gamma": 155.56527623669584, "log10_alpha": -3.8684724374670787, "log10_colsample_bytree": -0.9735657775180907, "log10_eta": -2.0879168585737755, "log10_lambda": -2.3429440558992827, "log10_min_child_weight": 4.642870202177451, "log10_subsample": -0.026958741441578615, "max_depth": 2.0}, "datetime": {"datetime": "2024-01-18 18:25:47", "elapsed": 7481.625217, "delta": 129.273361}}
{"target": -17.67506148181632, "params": {"gamma": 154.48608147877803, "log10_alpha": -5.0, "log10_colsample_bytree": -1.0, "log10_eta": -4.0, "log10_lambda": -5.0, "log10_min_child_weight": 0.0, "log10_subsample": -1.0, "max_depth": 3.0}, "datetime": {"datetime": "2024-01-18 19:01:14", "elapsed": 9608.946862, "delta": 2127.321645}}
{"target": -17.676965539000044, "params": {"gamma": 157.38912276695265, "log10_alpha": 0.46929054924215363, "log10_colsample_bytree": -1.0, "log10_eta": -4.0, "log10_lambda": -0.25304424768953154, "log10_min_child_weight": 3.4898237575427804, "log10_subsample": -1.0, "max_depth": 10.0}, "datetime": {"datetime": "2024-01-18 19:20:56", "elapsed": 10791.225928, "delta": 1182.279066}}
{"target": -17.675632733743047, "params": {"gamma": 82.62982534709988, "log10_alpha": -2.512452433348792, "log10_colsample_bytree": -0.9746572184174797, "log10_eta": -2.4210960783695787, "log10_lambda": -0.935398267489731, "log10_min_child_weight": 4.321009615260982, "log10_subsample": -0.937683295531912, "max_depth": 2.0}, "datetime": {"datetime": "2024-01-18 19:26:22", "elapsed": 11117.077257, "delta": 325.851329}}
{"target": -17.667578454922705, "params": {"gamma": 75.41817652171964, "log10_alpha": -1.6958220250465965, "log10_colsample_bytree": -0.9075447685756322, "log10_eta": -2.158684113747496, "log10_lambda": -3.8046318270644566, "log10_min_child_weight": 2.41127238110929, "log10_subsample": -0.47534760971764856, "max_depth": 4.0}, "datetime": {"datetime": "2024-01-18 19:30:56", "elapsed": 11391.221537, "delta": 274.14428}}
{"target": -17.69573901333989, "params": {"gamma": 78.07772873695744, "log10_alpha": -4.909496240915837, "log10_colsample_bytree": -0.9155516948497826, "log10_eta": 0.0, "log10_lambda": -5.0, "log10_min_child_weight": 4.370845391696982, "log10_subsample": -0.6987596743842227, "max_depth": 7.0}, "datetime": {"datetime": "2024-01-18 19:32:30", "elapsed": 11485.253219, "delta": 94.031682}}
{"target": -17.675239208842065, "params": {"gamma": 77.08187278631246, "log10_alpha": 1.0, "log10_colsample_bytree": -0.6605084927740664, "log10_eta": -4.0, "log10_lambda": -0.9253948218719587, "log10_min_child_weight": 0.42355873780860803, "log10_subsample": -0.41820469986805436, "max_depth": 2.0}, "datetime": {"datetime": "2024-01-18 20:04:56", "elapsed": 13430.918124, "delta": 1945.664905}}
{"target": -17.669717600055854, "params": {"gamma": 70.90012361318945, "log10_alpha": -0.4499299414818836, "log10_colsample_bytree": -0.4783568268740199, "log10_eta": -2.4012695524168945, "log10_lambda": -3.9070178147412173, "log10_min_child_weight": 1.2252569476039021, "log10_subsample": -0.4777132076896887, "max_depth": 2.0}, "datetime": {"datetime": "2024-01-18 20:12:17", "elapsed": 13871.545966, "delta": 440.627842}}
{"target": -17.66851503491428, "params": {"gamma": 71.46450037748795, "log10_alpha": -0.0656369464161326, "log10_colsample_bytree": -0.7524590383753513, "log10_eta": -2.064785785843786, "log10_lambda": -1.3251358665462192, "log10_min_child_weight": 0.857836366696853, "log10_subsample": -0.28837005331016863, "max_depth": 7.0}, "datetime": {"datetime": "2024-01-18 20:15:38", "elapsed": 14073.10086, "delta": 201.554894}}
{"target": -17.676952495875422, "params": {"gamma": 72.73612994400094, "log10_alpha": -1.3334924263410102, "log10_colsample_bytree": -0.0646479306627401, "log10_eta": -1.5128735625051393, "log10_lambda": 0.6505230092186434, "log10_min_child_weight": 4.779135902082814, "log10_subsample": -0.5558186085643623, "max_depth": 2.0}, "datetime": {"datetime": "2024-01-18 20:17:18", "elapsed": 14173.032212, "delta": 99.931352}}
{"target": -17.67723289587457, "params": {"gamma": 71.93068601405844, "log10_alpha": 1.0, "log10_colsample_bytree": 0.0, "log10_eta": -4.0, "log10_lambda": -5.0, "log10_min_child_weight": 4.887229788115598, "log10_subsample": -1.0, "max_depth": 6.0}, "datetime": {"datetime": "2024-01-18 20:19:03", "elapsed": 14277.410801, "delta": 104.378589}}
{"target": -17.668070800346705, "params": {"gamma": 67.00872890608072, "log10_alpha": -4.626126264742636, "log10_colsample_bytree": -0.9659059613457271, "log10_eta": -2.3538536031664496, "log10_lambda": -0.6161043991069244, "log10_min_child_weight": 0.7788932441316626, "log10_subsample": -0.9053930188492861, "max_depth": 4.0}, "datetime": {"datetime": "2024-01-18 20:25:01", "elapsed": 14636.009664, "delta": 358.598863}}
{"target": -17.674632345188385, "params": {"gamma": 65.11287312510973, "log10_alpha": 1.0, "log10_colsample_bytree": -1.0, "log10_eta": -4.0, "log10_lambda": -0.7662012393541136, "log10_min_child_weight": 0.0, "log10_subsample": -0.79387597634173, "max_depth": 5.0}, "datetime": {"datetime": "2024-01-18 21:04:00", "elapsed": 16974.622462, "delta": 2338.612798}}
{"target": -17.672926374998212, "params": {"gamma": 67.58382608162974, "log10_alpha": -4.532545292534689, "log10_colsample_bytree": -0.323548976184592, "log10_eta": -2.4759914026985403, "log10_lambda": -1.6685107053200157, "log10_min_child_weight": 0.5587248920247323, "log10_subsample": -0.6290305346999802, "max_depth": 9.0}, "datetime": {"datetime": "2024-01-18 21:08:34", "elapsed": 17248.512155, "delta": 273.889693}}
{"target": -17.69390151023351, "params": {"gamma": 72.26855904778188, "log10_alpha": -5.0, "log10_colsample_bytree": -1.0, "log10_eta": 0.0, "log10_lambda": -1.6038395375319736, "log10_min_child_weight": 0.0, "log10_subsample": 0.0, "max_depth": 2.0}, "datetime": {"datetime": "2024-01-18 21:09:54", "elapsed": 17329.251029, "delta": 80.738874}}
{"target": -17.677007792884037, "params": {"gamma": 65.30208652980524, "log10_alpha": -3.5648535596144253, "log10_colsample_bytree": -1.0, "log10_eta": -4.0, "log10_lambda": -4.366891493474594, "log10_min_child_weight": 4.00053935647299, "log10_subsample": -1.0, "max_depth": 3.0}, "datetime": {"datetime": "2024-01-18 21:28:55", "elapsed": 18469.634071, "delta": 1140.383042}}
{"target": -17.693395748559546, "params": {"gamma": 66.37903261820834, "log10_alpha": -1.5007818707356824, "log10_colsample_bytree": -1.0, "log10_eta": 0.0, "log10_lambda": 1.0, "log10_min_child_weight": 4.033221669225759, "log10_subsample": -1.0, "max_depth": 6.0}, "datetime": {"datetime": "2024-01-18 21:30:29", "elapsed": 18563.639076, "delta": 94.005005}}
{"target": -17.670206427408942, "params": {"gamma": 75.61230040052426, "log10_alpha": 0.38393993897371104, "log10_colsample_bytree": -0.5706068656520862, "log10_eta": -1.728052999374376, "log10_lambda": -3.995547163499289, "log10_min_child_weight": 0.023913696645368465, "log10_subsample": -0.8811747725273993, "max_depth": 7.0}, "datetime": {"datetime": "2024-01-18 21:32:34", "elapsed": 18688.446259, "delta": 124.807183}}
{"target": -17.731765559018154, "params": {"gamma": 75.39053462388495, "log10_alpha": 1.0, "log10_colsample_bytree": 0.0, "log10_eta": 0.0, "log10_lambda": -5.0, "log10_min_child_weight": 2.699522001389541, "log10_subsample": 0.0, "max_depth": 2.0}, "datetime": {"datetime": "2024-01-18 21:33:59", "elapsed": 18773.835779, "delta": 85.38952}}
{"target": -17.667816861569616, "params": {"gamma": 73.95083782010892, "log10_alpha": -0.8816091553409615, "log10_colsample_bytree": -0.8474680392683137, "log10_eta": -2.3867147627185066, "log10_lambda": -2.9347362126159804, "log10_min_child_weight": 1.3134671461521685, "log10_subsample": -0.5768985402086169, "max_depth": 5.0}, "datetime": {"datetime": "2024-01-18 21:39:59", "elapsed": 19133.610906, "delta": 359.775127}}
{"target": -17.678411391100706, "params": {"gamma": 771.320643266746, "log10_alpha": -4.875488303843591, "log10_colsample_bytree": -0.3663517650737246, "log10_eta": -1.0047844698455526, "log10_lambda": -2.0089579261844577, "log10_min_child_weight": 1.1239832276542383, "log10_subsample": -0.801937135240376, "max_depth": 8.0}, "datetime": {"datetime": "2024-01-18 22:54:14", "elapsed": 0.0, "delta": 0.0}}
{"target": -17.675457212623414, "params": {"gamma": 186.60874872545975, "log10_alpha": -3.3843011714833, "log10_colsample_bytree": -0.8887629008172274, "log10_eta": -0.8909610482729513, "log10_lambda": -4.770547303346184, "log10_min_child_weight": 3.9490084194201747, "log10_subsample": -0.7918521089062949, "max_depth": 5.0}, "datetime": {"datetime": "2024-01-18 22:55:32", "elapsed": 78.007947, "delta": 78.007947}}
{"target": -17.672993133727278, "params": {"gamma": 184.62725724271357, "log10_alpha": -3.117681670780999, "log10_colsample_bytree": -0.41506497619431826, "log10_eta": -2.01014290203328, "log10_lambda": -4.660335464850238, "log10_min_child_weight": 3.4445393720842676, "log10_subsample": -0.5640634289281518, "max_depth": 4.0}, "datetime": {"datetime": "2024-01-18 22:57:32", "elapsed": 198.227995, "delta": 120.220048}}
{"target": -17.668185701596634, "params": {"gamma": 183.5968664107177, "log10_alpha": -2.3290656681387785, "log10_colsample_bytree": -0.9401677944500154, "log10_eta": -2.846951381086607, "log10_lambda": -3.8108716205206408, "log10_min_child_weight": 2.6298708594858846, "log10_subsample": -0.16996244536619243, "max_depth": 4.0}, "datetime": {"datetime": "2024-01-18 23:06:19", "elapsed": 725.211564, "delta": 526.983569}}
{"target": -17.67341878656331, "params": {"gamma": 183.540921109848, "log10_alpha": -2.815933007142445, "log10_colsample_bytree": -0.3983283197131354, "log10_eta": -3.5982293479511838, "log10_lambda": -1.8977853308069563, "log10_min_child_weight": 1.288537418062562, "log10_subsample": -0.09598221657336947, "max_depth": 2.0}, "datetime": {"datetime": "2024-01-18 23:26:42", "elapsed": 1948.598897, "delta": 1223.387333}}
{"target": -17.67050769244402, "params": {"gamma": 184.52241379295165, "log10_alpha": -2.4503221149958305, "log10_colsample_bytree": -0.41592499629278057, "log10_eta": -2.9285380244504746, "log10_lambda": -4.567730497697713, "log10_min_child_weight": 1.8248639582632065, "log10_subsample": -0.9318223091626221, "max_depth": 3.0}, "datetime": {"datetime": "2024-01-18 23:34:24", "elapsed": 2410.45589, "delta": 461.856993}}
{"target": -17.670758399144564, "params": {"gamma": 184.79754515888092, "log10_alpha": -1.57851538379298, "log10_colsample_bytree": -0.45224202214530074, "log10_eta": -3.016868116613903, "log10_lambda": -2.795689515994845, "log10_min_child_weight": 0.5595485160573538, "log10_subsample": -0.6819422240474352, "max_depth": 5.0}, "datetime": {"datetime": "2024-01-18 23:41:26", "elapsed": 2832.555874, "delta": 422.099984}}
{"target": -17.67272028230545, "params": {"gamma": 181.81864580606543, "log10_alpha": -2.806169347997676, "log10_colsample_bytree": -0.544006079522751, "log10_eta": -3.196486535134425, "log10_lambda": -3.56495139698277, "log10_min_child_weight": 2.8238103639330787, "log10_subsample": -0.6135008256439802, "max_depth": 5.0}, "datetime": {"datetime": "2024-01-18 23:49:16", "elapsed": 3302.470102, "delta": 469.914228}}
{"target": -17.668274487443256, "params": {"gamma": 182.81390113933293, "log10_alpha": -2.5906802149515293, "log10_colsample_bytree": -0.9052191292557872, "log10_eta": -1.8691868057950076, "log10_lambda": -2.6984931943184747, "log10_min_child_weight": 2.810164415745187, "log10_subsample": -0.6003583697521456, "max_depth": 3.0}, "datetime": {"datetime": "2024-01-18 23:51:32", "elapsed": 3438.433119, "delta": 135.963017}}
{"target": -17.672714054359403, "params": {"gamma": 182.9746578650885, "log10_alpha": -1.3776839475143325, "log10_colsample_bytree": -0.8595242888494683, "log10_eta": -0.5813084695666983, "log10_lambda": -1.9771624748774626, "log10_min_child_weight": 3.788108876760151, "log10_subsample": -0.05321844464902592, "max_depth": 2.0}, "datetime": {"datetime": "2024-01-18 23:52:49", "elapsed": 3515.126117, "delta": 76.692998}}
