{"target": -13.77785602096096, "params": {"gamma": 44.398634217947894, "log10_alpha": 0.22439383706425886, "log10_colsample_bytree": -0.7932808446605736, "log10_eta": -0.3255563682483138, "log10_lambda": -2.0695328672310254, "log10_min_child_weight": 3.0587193145132288, "log10_subsample": -0.23409214351968444, "max_depth": 6.0}, "datetime": {"datetime": "2024-01-18 16:21:37", "elapsed": 0.0, "delta": 0.0}}
{"target": -13.758393230084732, "params": {"gamma": 57.56114916161663, "log10_alpha": -2.4997607673332727, "log10_colsample_bytree": -0.9900463500356615, "log10_eta": -3.4062597235586756, "log10_lambda": 0.6551865956862812, "log10_min_child_weight": 4.9677728064701885, "log10_subsample": -0.3095207614973413, "max_depth": 6.0}, "datetime": {"datetime": "2024-01-18 16:27:51", "elapsed": 373.403052, "delta": 373.403052}}
{"target": -13.756096523259838, "params": {"gamma": 152.93048027138485, "log10_alpha": -4.094799593402507, "log10_colsample_bytree": -0.4014888000574217, "log10_eta": -3.5066535309684403, "log10_lambda": -3.9877860028881567, "log10_min_child_weight": 1.9013528822424468, "log10_subsample": -0.8546021549332841, "max_depth": 8.0}, "datetime": {"datetime": "2024-01-18 16:41:31", "elapsed": 1193.670519, "delta": 820.267467}}
{"target": -13.758008143343028, "params": {"gamma": 96.34217591452823, "log10_alpha": -1.6388353183518722, "log10_colsample_bytree": -0.8072574280220864, "log10_eta": -2.572836581857335, "log10_lambda": 0.8793676170297662, "log10_min_child_weight": 3.793842279985842, "log10_subsample": -0.665950950374419, "max_depth": 7.0}, "datetime": {"datetime": "2024-01-18 16:43:59", "elapsed": 1341.218459, "delta": 147.54794}}
{"target": -13.758707849027644, "params": {"gamma": 135.42408940638668, "log10_alpha": 0.9677531870008682, "log10_colsample_bytree": -0.030150044379960494, "log10_eta": -0.8220508548198087, "log10_lambda": -4.801838269352415, "log10_min_child_weight": 0.5226094953165483, "log10_subsample": -0.13816809538054653, "max_depth": 2.0}, "datetime": {"datetime": "2024-01-18 16:45:12", "elapsed": 1414.552277, "delta": 73.333818}}
{"target": -13.75652850449298, "params": {"gamma": 26.91841856513344, "log10_alpha": -0.1284126936691523, "log10_colsample_bytree": -0.6703362998792369, "log10_eta": -3.850537752256972, "log10_lambda": -0.44446376085518224, "log10_min_child_weight": 0.37484316284656094, "log10_subsample": -0.20162955901482038, "max_depth": 8.0}, "datetime": {"datetime": "2024-01-18 17:07:05", "elapsed": 2727.626432, "delta": 1313.074155}}
{"target": -13.754680197207437, "params": {"gamma": 85.348538277491, "log10_alpha": -3.586366380840778, "log10_colsample_bytree": -0.9852249014695015, "log10_eta": -2.8005340662334666, "log10_lambda": 0.7876094778783687, "log10_min_child_weight": 1.8801527106004268, "log10_subsample": -0.9682018331652461, "max_depth": 8.0}, "datetime": {"datetime": "2024-01-18 17:13:51", "elapsed": 3133.2404, "delta": 405.613968}}
{"target": -13.753032590479554, "params": {"gamma": 89.91632412671449, "log10_alpha": -4.563513142363531, "log10_colsample_bytree": -0.9124966256783211, "log10_eta": -2.5728562497535674, "log10_lambda": -0.9854097729934468, "log10_min_child_weight": 1.7750067095662274, "log10_subsample": -0.12877646768469064, "max_depth": 8.0}, "datetime": {"datetime": "2024-01-18 17:19:53", "elapsed": 3495.144925, "delta": 361.904525}}
{"target": -13.758544586624769, "params": {"gamma": 88.25680164110388, "log10_alpha": -0.5190736969667178, "log10_colsample_bytree": -0.8487407494800592, "log10_eta": -0.4159721352244947, "log10_lambda": -4.495083103519198, "log10_min_child_weight": 4.923801378923548, "log10_subsample": -0.8255897572782845, "max_depth": 2.0}, "datetime": {"datetime": "2024-01-18 17:21:09", "elapsed": 3571.919139, "delta": 76.774214}}
{"target": -13.757475008361734, "params": {"gamma": 13.750624380749766, "log10_alpha": -2.565993078179175, "log10_colsample_bytree": -0.18152753047611236, "log10_eta": -3.2251875588456294, "log10_lambda": 0.3562062790722367, "log10_min_child_weight": 1.8439537772178465, "log10_subsample": -0.8391926014632315, "max_depth": 7.0}, "datetime": {"datetime": "2024-01-18 17:25:18", "elapsed": 3821.046817, "delta": 249.127678}}
{"target": -13.758279785071277, "params": {"gamma": 70.62458248535887, "log10_alpha": -5.0, "log10_colsample_bytree": 0.0, "log10_eta": -4.0, "log10_lambda": 0.976999182645837, "log10_min_child_weight": 0.09209737431364129, "log10_subsample": -0.830443371648443, "max_depth": 10.0}, "datetime": {"datetime": "2024-01-18 17:37:18", "elapsed": 4540.970722, "delta": 719.923905}}
{"target": -13.757689889447922, "params": {"gamma": 163.72639861321733, "log10_alpha": 0.7829906168129268, "log10_colsample_bytree": -0.40077780208599323, "log10_eta": -0.9395416851388112, "log10_lambda": 0.49109327639085354, "log10_min_child_weight": 2.514164737297832, "log10_subsample": -0.04610954445277515, "max_depth": 3.0}, "datetime": {"datetime": "2024-01-18 17:38:34", "elapsed": 4616.787124, "delta": 75.816402}}
{"target": -13.756129956849149, "params": {"gamma": 177.91329495632434, "log10_alpha": -4.323997657944288, "log10_colsample_bytree": -0.7616152483249815, "log10_eta": -1.3280147739922117, "log10_lambda": -4.369505560711661, "log10_min_child_weight": 3.13961230760126, "log10_subsample": -0.22804570309729777, "max_depth": 9.0}, "datetime": {"datetime": "2024-01-18 17:39:59", "elapsed": 4701.19307, "delta": 84.405946}}
{"target": -13.757590310032116, "params": {"gamma": 187.04273519332872, "log10_alpha": 0.7727224521782361, "log10_colsample_bytree": -0.8641073075612157, "log10_eta": -3.9082694798332587, "log10_lambda": 0.7812643974043425, "log10_min_child_weight": 0.7385664131084047, "log10_subsample": -0.05252776583931307, "max_depth": 2.0}, "datetime": {"datetime": "2024-01-18 18:01:43", "elapsed": 6005.446439, "delta": 1304.253369}}
{"target": -13.76089286237902, "params": {"gamma": 197.00381031386846, "log10_alpha": -4.828381336956295, "log10_colsample_bytree": -0.6277474476238597, "log10_eta": -0.4345512971055112, "log10_lambda": -4.186425776016378, "log10_min_child_weight": 4.312512407962222, "log10_subsample": -0.554019406576779, "max_depth": 9.0}, "datetime": {"datetime": "2024-01-18 18:03:54", "elapsed": 6136.575753, "delta": 131.129314}}
{"target": -13.757084262430102, "params": {"gamma": 88.56208815908526, "log10_alpha": 1.0, "log10_colsample_bytree": -1.0, "log10_eta": -4.0, "log10_lambda": -5.0, "log10_min_child_weight": 0.0, "log10_subsample": 0.0, "max_depth": 10.0}, "datetime": {"datetime": "2024-01-18 18:46:35", "elapsed": 8697.417682, "delta": 2560.841929}}
{"target": -13.776647654823243, "params": {"gamma": 165.86854781398492, "log10_alpha": -5.0, "log10_colsample_bytree": -1.0, "log10_eta": 0.0, "log10_lambda": -5.0, "log10_min_child_weight": 5.0, "log10_subsample": -0.014622738324743322, "max_depth": 10.0}, "datetime": {"datetime": "2024-01-18 18:47:54", "elapsed": 8776.405515, "delta": 78.987833}}
{"target": -13.761858723239417, "params": {"gamma": 87.31467439380059, "log10_alpha": -5.0, "log10_colsample_bytree": -0.9368916593033428, "log10_eta": 0.0, "log10_lambda": -4.053997331897987, "log10_min_child_weight": 5.0, "log10_subsample": -0.7794820994196622, "max_depth": 10.0}, "datetime": {"datetime": "2024-01-18 18:49:09", "elapsed": 8851.729364, "delta": 75.323849}}
{"target": -13.758030621064915, "params": {"gamma": 89.13745492070288, "log10_alpha": -3.006545592149239, "log10_colsample_bytree": -0.2479236574486834, "log10_eta": -3.95587831741681, "log10_lambda": -0.8010154899396182, "log10_min_child_weight": 0.6516433268929195, "log10_subsample": -0.4767313018338486, "max_depth": 3.0}, "datetime": {"datetime": "2024-01-18 19:01:20", "elapsed": 9582.995367, "delta": 731.266003}}
{"target": -13.756904975087686, "params": {"gamma": 90.09127235347542, "log10_alpha": -1.3828533189247982, "log10_colsample_bytree": -1.0, "log10_eta": -4.0, "log10_lambda": 1.0, "log10_min_child_weight": 0.0, "log10_subsample": 0.0, "max_depth": 10.0}, "datetime": {"datetime": "2024-01-18 19:48:24", "elapsed": 12406.181135, "delta": 2823.185768}}
{"target": -13.75720190362717, "params": {"gamma": 94.22170645304719, "log10_alpha": -5.0, "log10_colsample_bytree": -1.0, "log10_eta": -4.0, "log10_lambda": -4.879732291210848, "log10_min_child_weight": 0.0, "log10_subsample": 0.0, "max_depth": 8.0}, "datetime": {"datetime": "2024-01-18 20:14:35", "elapsed": 13977.694382, "delta": 1571.513247}}
{"target": -13.760114184210973, "params": {"gamma": 183.85700196462423, "log10_alpha": -4.992223078250583, "log10_colsample_bytree": -0.8700226225372893, "log10_eta": -0.8503006449409671, "log10_lambda": -0.2848983855310614, "log10_min_child_weight": 0.36321253698149814, "log10_subsample": -0.9427790177272973, "max_depth": 8.0}, "datetime": {"datetime": "2024-01-18 20:15:56", "elapsed": 14058.843153, "delta": 81.148771}}
{"target": -13.757480568224127, "params": {"gamma": 151.9339698270435, "log10_alpha": 0.03670455180946597, "log10_colsample_bytree": -0.6446785795292415, "log10_eta": -3.801110208627131, "log10_lambda": 0.4895234188490205, "log10_min_child_weight": 0.4503694705353317, "log10_subsample": -0.09702692035180738, "max_depth": 2.0}, "datetime": {"datetime": "2024-01-18 20:36:22", "elapsed": 15284.200296, "delta": 1225.357143}}
{"target": -13.753883065470955, "params": {"gamma": 146.19285788312996, "log10_alpha": -0.626603430271502, "log10_colsample_bytree": -0.41493415429930913, "log10_eta": -1.615736729454687, "log10_lambda": -4.077781838240841, "log10_min_child_weight": 1.644018527748223, "log10_subsample": -1.0, "max_depth": 8.0}, "datetime": {"datetime": "2024-01-18 20:37:50", "elapsed": 15372.761068, "delta": 88.560772}}
{"target": -13.75850557936258, "params": {"gamma": 146.17787217915514, "log10_alpha": -4.988437842480717, "log10_colsample_bytree": -0.7917282311320576, "log10_eta": -3.742700427295854, "log10_lambda": -2.878381187702143, "log10_min_child_weight": 4.520293861107997, "log10_subsample": -0.24834420639424126, "max_depth": 4.0}, "datetime": {"datetime": "2024-01-18 20:41:01", "elapsed": 15563.125081, "delta": 190.364013}}
{"target": -13.78179021233682, "params": {"gamma": 150.25227193171733, "log10_alpha": -0.677633126816815, "log10_colsample_bytree": -0.5392225791330759, "log10_eta": -0.3643634171152672, "log10_lambda": 0.6678865146677753, "log10_min_child_weight": 3.213288602156197, "log10_subsample": -0.16057283059780914, "max_depth": 9.0}, "datetime": {"datetime": "2024-01-18 20:42:17", "elapsed": 15640.067494, "delta": 76.942413}}
{"target": -13.755678165469588, "params": {"gamma": 87.6550383400787, "log10_alpha": -4.195044123074494, "log10_colsample_bytree": -0.4834034804431281, "log10_eta": -2.478590513873272, "log10_lambda": -1.152244965635182, "log10_min_child_weight": 0.19945777685158927, "log10_subsample": -0.13762326232028377, "max_depth": 7.0}, "datetime": {"datetime": "2024-01-18 20:45:24", "elapsed": 15826.533239, "delta": 186.465745}}
{"target": -13.758472239558142, "params": {"gamma": 88.84464840154226, "log10_alpha": -2.3611497980681073, "log10_colsample_bytree": -0.8056127156702965, "log10_eta": -4.0, "log10_lambda": 0.037541641204023125, "log10_min_child_weight": 3.6954353310068133, "log10_subsample": -1.0, "max_depth": 7.0}, "datetime": {"datetime": "2024-01-18 20:52:09", "elapsed": 16231.770758, "delta": 405.237519}}
{"target": -13.755827242843234, "params": {"gamma": 143.91060014289872, "log10_alpha": -1.2236704770184796, "log10_colsample_bytree": -0.47956209857279664, "log10_eta": -3.1654571543452055, "log10_lambda": -5.0, "log10_min_child_weight": 0.3570434916121459, "log10_subsample": -1.0, "max_depth": 6.0}, "datetime": {"datetime": "2024-01-18 20:58:45", "elapsed": 16627.610213, "delta": 395.839455}}
{"target": -13.779721389388563, "params": {"gamma": 92.09637699024728, "log10_alpha": -5.0, "log10_colsample_bytree": -1.0, "log10_eta": -0.45988401612383767, "log10_lambda": 0.9235294725500971, "log10_min_child_weight": 0.0, "log10_subsample": -0.006835774305761191, "max_depth": 7.0}, "datetime": {"datetime": "2024-01-18 21:00:04", "elapsed": 16706.087953, "delta": 78.47774}}
{"target": -13.7561074051908, "params": {"gamma": 88.83501382416912, "log10_alpha": -4.097141040104194, "log10_colsample_bytree": -0.5323131322809685, "log10_eta": -3.9598307825778294, "log10_lambda": -0.13980223490952515, "log10_min_child_weight": 1.743325833879682, "log10_subsample": -0.9072659930745257, "max_depth": 8.0}, "datetime": {"datetime": "2024-01-18 21:28:34", "elapsed": 18416.183339, "delta": 1710.095386}}
{"target": -13.75458219655545, "params": {"gamma": 88.75721706520233, "log10_alpha": -4.613289255324537, "log10_colsample_bytree": -0.9712548115955649, "log10_eta": -3.1914250943896625, "log10_lambda": -2.2784921133053992, "log10_min_child_weight": 2.1213056219941517, "log10_subsample": -0.6741469803329585, "max_depth": 9.0}, "datetime": {"datetime": "2024-01-18 21:41:56", "elapsed": 19218.994054, "delta": 802.810715}}
{"target": -13.757589479283087, "params": {"gamma": 89.73090839962848, "log10_alpha": -4.935117403942763, "log10_colsample_bytree": -0.2868999925051917, "log10_eta": -3.596171994299649, "log10_lambda": -3.3625979540345448, "log10_min_child_weight": 1.3036475472684623, "log10_subsample": -0.7339010786229206, "max_depth": 6.0}, "datetime": {"datetime": "2024-01-18 21:47:45", "elapsed": 19567.99335, "delta": 348.999296}}
{"target": -13.775551942640345, "params": {"gamma": 221.9931710897395, "log10_alpha": 0.22439383706425886, "log10_colsample_bytree": -0.7932808446605736, "log10_eta": -0.3255563682483138, "log10_lambda": -2.0695328672310254, "log10_min_child_weight": 3.0587193145132288, "log10_subsample": -0.23409214351968444, "max_depth": 6.0}, "datetime": {"datetime": "2024-01-18 22:49:03", "elapsed": 0.0, "delta": 0.0}}
{"target": -13.758330894613078, "params": {"gamma": 287.80574580808315, "log10_alpha": -2.4997607673332727, "log10_colsample_bytree": -0.9900463500356615, "log10_eta": -3.4062597235586756, "log10_lambda": 0.6551865956862812, "log10_min_child_weight": 4.9677728064701885, "log10_subsample": -0.3095207614973413, "max_depth": 6.0}, "datetime": {"datetime": "2024-01-18 22:57:19", "elapsed": 496.406581, "delta": 496.406581}}
{"target": -13.758483296339545, "params": {"gamma": 286.4780767457111, "log10_alpha": -2.806217229960455, "log10_colsample_bytree": -0.5901340870331961, "log10_eta": -2.815909727121495, "log10_lambda": -0.14572080439373103, "log10_min_child_weight": 4.206373896045651, "log10_subsample": -0.3593670346194965, "max_depth": 4.0}, "datetime": {"datetime": "2024-01-18 22:58:58", "elapsed": 595.863065, "delta": 99.456484}}
{"target": -13.757706192218011, "params": {"gamma": 320.7546329301982, "log10_alpha": -1.5785824117724419, "log10_colsample_bytree": -0.588577101133284, "log10_eta": -0.6611002310470311, "log10_lambda": -1.9580516198028262, "log10_min_child_weight": 0.8787842972694382, "log10_subsample": -0.04120763928023763, "max_depth": 2.0}, "datetime": {"datetime": "2024-01-18 23:00:10", "elapsed": 666.985684, "delta": 71.122619}}
{"target": -13.757315517617915, "params": {"gamma": 397.3442397305353, "log10_alpha": -2.5858154366250017, "log10_colsample_bytree": -0.6549101277930844, "log10_eta": -2.7904021701650072, "log10_lambda": 0.3495984260184821, "log10_min_child_weight": 3.8631685635367496, "log10_subsample": -0.40050325065960557, "max_depth": 7.0}, "datetime": {"datetime": "2024-01-18 23:04:39", "elapsed": 936.311823, "delta": 269.326139}}
{"target": -13.756234043162829, "params": {"gamma": 452.88914891980613, "log10_alpha": -0.6530360672222013, "log10_colsample_bytree": -0.8177937953984525, "log10_eta": -1.7226383133631287, "log10_lambda": -4.871744271776986, "log10_min_child_weight": 3.4801005882721943, "log10_subsample": -0.5905447552122907, "max_depth": 2.0}, "datetime": {"datetime": "2024-01-18 23:06:29", "elapsed": 1046.623676, "delta": 110.311853}}
{"target": -13.756904496132755, "params": {"gamma": 509.83044060817883, "log10_alpha": -4.553594468792401, "log10_colsample_bytree": -0.07677274519869348, "log10_eta": -2.1031993617666402, "log10_lambda": 0.5375272586022266, "log10_min_child_weight": 1.041033479484178, "log10_subsample": -0.835847013903874, "max_depth": 9.0}, "datetime": {"datetime": "2024-01-18 23:08:07", "elapsed": 1144.126626, "delta": 97.50295}}
{"target": -13.75822894176939, "params": {"gamma": 585.9921231619289, "log10_alpha": 0.7082501722355357, "log10_colsample_bytree": -0.9565663914881012, "log10_eta": -3.1968005571453664, "log10_lambda": -4.139804722674748, "log10_min_child_weight": 4.77532911795358, "log10_subsample": -0.5927762020214399, "max_depth": 5.0}, "datetime": {"datetime": "2024-01-18 23:14:47", "elapsed": 1544.469684, "delta": 400.343058}}
{"target": -13.76005564328873, "params": {"gamma": 685.1291452920481, "log10_alpha": -4.938262885020372, "log10_colsample_bytree": -0.15862164495086228, "log10_eta": -0.888727572767039, "log10_lambda": 0.773293066157863, "log10_min_child_weight": 0.8664031713497117, "log10_subsample": -0.7094207030342955, "max_depth": 4.0}, "datetime": {"datetime": "2024-01-18 23:15:59", "elapsed": 1616.185782, "delta": 71.716098}}
{"target": -13.75743411096709, "params": {"gamma": 999.8815600943087, "log10_alpha": -3.0862731182847902, "log10_colsample_bytree": -0.08622531266856082, "log10_eta": -2.8958324174647645, "log10_lambda": -3.3263733081011804, "log10_min_child_weight": 3.563843359383292, "log10_subsample": -0.2597045813065946, "max_depth": 3.0}, "datetime": {"datetime": "2024-01-18 23:19:45", "elapsed": 1842.8039, "delta": 226.618118}}
{"target": -13.758432886072665, "params": {"gamma": 934.1992755037815, "log10_alpha": -2.7838901476773943, "log10_colsample_bytree": -0.6776555824142492, "log10_eta": -0.7728271787932472, "log10_lambda": -1.8053014718487281, "log10_min_child_weight": 2.818218567494706, "log10_subsample": -0.9406923951717729, "max_depth": 9.0}, "datetime": {"datetime": "2024-01-18 23:21:01", "elapsed": 1918.195682, "delta": 75.391782}}
{"target": -13.75848340579688, "params": {"gamma": 836.7188520124921, "log10_alpha": -4.60733405027234, "log10_colsample_bytree": -0.894558783726456, "log10_eta": -2.689784766919597, "log10_lambda": 0.7471585897420656, "log10_min_child_weight": 4.032060169054225, "log10_subsample": -0.7327812011388292, "max_depth": 2.0}, "datetime": {"datetime": "2024-01-18 23:22:22", "elapsed": 1999.455723, "delta": 81.260041}}
{"target": -13.756372929563197, "params": {"gamma": 0.00392679506910909, "log10_alpha": 0.2537473942767967, "log10_colsample_bytree": -0.37289138084645823, "log10_eta": -2.792403412272424, "log10_lambda": -2.1359986057424756, "log10_min_child_weight": 3.5916562778859307, "log10_subsample": -0.5156462298928501, "max_depth": 9.0}, "datetime": {"datetime": "2024-01-18 23:27:09", "elapsed": 2286.407313, "delta": 286.95159}}
{"target": -13.758539566726695, "params": {"gamma": 44.1095642897541, "log10_alpha": -1.852357358369563, "log10_colsample_bytree": -0.07012513576562329, "log10_eta": -2.83140395642175, "log10_lambda": 0.4930295461181924, "log10_min_child_weight": 4.407232462670678, "log10_subsample": -0.47840436685600307, "max_depth": 2.0}, "datetime": {"datetime": "2024-01-18 23:28:21", "elapsed": 2358.24918, "delta": 71.841867}}
{"target": -13.758523729036488, "params": {"gamma": 474.8797363692378, "log10_alpha": 0.5139903828455683, "log10_colsample_bytree": -0.15394017754139244, "log10_eta": -3.5211859652776956, "log10_lambda": 0.4294856399738869, "log10_min_child_weight": 4.606534938343573, "log10_subsample": -0.14219842549698636, "max_depth": 9.0}, "datetime": {"datetime": "2024-01-18 23:30:28", "elapsed": 2485.233689, "delta": 126.984509}}
{"target": -13.756599646672353, "params": {"gamma": 426.6340288840259, "log10_alpha": -4.44578027780333, "log10_colsample_bytree": -0.6200305180868428, "log10_eta": -3.034117855058162, "log10_lambda": -4.866581767499282, "log10_min_child_weight": 0.38696068034380915, "log10_subsample": -0.6564952707691896, "max_depth": 2.0}, "datetime": {"datetime": "2024-01-18 23:38:19", "elapsed": 2956.853511, "delta": 471.619822}}
{"target": -13.757942521710628, "params": {"gamma": 539.6851949027036, "log10_alpha": -0.26422294890791687, "log10_colsample_bytree": -0.14163667171754768, "log10_eta": -1.746862984046333, "log10_lambda": -4.776423318855739, "log10_min_child_weight": 2.912564792065426, "log10_subsample": -0.039568289232080556, "max_depth": 2.0}, "datetime": {"datetime": "2024-01-18 23:39:36", "elapsed": 3033.142236, "delta": 76.288725}}
{"target": -13.770879560944199, "params": {"gamma": 771.1816687390902, "log10_alpha": -4.000988850082603, "log10_colsample_bytree": -0.6873416302313657, "log10_eta": -0.6664349416943316, "log10_lambda": -4.384588048120706, "log10_min_child_weight": 1.4074351969638283, "log10_subsample": -0.043910331277145165, "max_depth": 9.0}, "datetime": {"datetime": "2024-01-18 23:41:00", "elapsed": 3117.500604, "delta": 84.358368}}
